enabling storing illegal instruction bits in mtval.
PMP count: 16
PMP grain: 0
using /home/user/Work/New_Repo/riscv-arch-test-PR/riscof-plugins/rv32/riscof_work/src/mul-01.S/Reference-sail_c_simulator.signature for test-signature output.
tohost located at 0x80004000
Running file ref.elf.
ELF Entry @ 0x80000000
begin_signature: 0x80006110
end_signature: 0x80006ab0
CSR mstatus <- 0x00000000 (input: 0x00000000)
mem[X,0x00001000] -> 0x0297
mem[X,0x00001002] -> 0x0000
[0] [M]: 0x00001000 (0x00000297) auipc t0, 0x0
x5 <- 0x00001000

mem[X,0x00001004] -> 0x8593
mem[X,0x00001006] -> 0x0202
[1] [M]: 0x00001004 (0x02028593) addi a1, t0, 0x20
x11 <- 0x00001020

mem[X,0x00001008] -> 0x2573
mem[X,0x0000100A] -> 0xF140
[2] [M]: 0x00001008 (0xF1402573) csrrs a0, mhartid, zero
CSR mhartid -> 0x00000000
x10 <- 0x00000000

mem[X,0x0000100C] -> 0xA283
mem[X,0x0000100E] -> 0x0182
[3] [M]: 0x0000100C (0x0182A283) lw t0, 0x18(t0)
mem[R,0x00001018] -> 0x80000000
x5 <- 0x80000000

mem[X,0x00001010] -> 0x8067
mem[X,0x00001012] -> 0x0002
[4] [M]: 0x00001010 (0x00028067) jalr zero, 0x0(t0)

mem[X,0x80000000] -> 0x0837
mem[X,0x80000002] -> 0x7D5C
[5] [M]: 0x80000000 (0x7D5C0837) lui a6, 0x7d5c0
x16 <- 0x7D5C0000

mem[X,0x80000004] -> 0x0813
mem[X,0x80000006] -> 0xDDB8
[6] [M]: 0x80000004 (0xDDB80813) addi a6, a6, -0x225
x16 <- 0x7D5BFDDB

mem[X,0x80000008] -> 0x5893
mem[X,0x8000000A] -> 0x0078
[7] [M]: 0x80000008 (0x00785893) srli a7, a6, 0x7
x17 <- 0x00FAB7FB

mem[X,0x8000000C] -> 0x5793
mem[X,0x8000000E] -> 0x0198
[8] [M]: 0x8000000C (0x01985793) srli a5, a6, 0x19
x15 <- 0x0000003E

mem[X,0x80000010] -> 0xE8B3
mem[X,0x80000012] -> 0x00F8
[9] [M]: 0x80000010 (0x00F8E8B3) or a7, a7, a5
x17 <- 0x00FAB7FF

mem[X,0x80000014] -> 0xD913
mem[X,0x80000016] -> 0x0078
[10] [M]: 0x80000014 (0x0078D913) srli s2, a7, 0x7
x18 <- 0x0001F56F

mem[X,0x80000018] -> 0xD793
mem[X,0x8000001A] -> 0x0198
[11] [M]: 0x80000018 (0x0198D793) srli a5, a7, 0x19
x15 <- 0x00000000

mem[X,0x8000001C] -> 0x6933
mem[X,0x8000001E] -> 0x00F9
[12] [M]: 0x8000001C (0x00F96933) or s2, s2, a5
x18 <- 0x0001F56F

mem[X,0x80000020] -> 0x5993
mem[X,0x80000022] -> 0x0079
[13] [M]: 0x80000020 (0x00795993) srli s3, s2, 0x7
x19 <- 0x000003EA

mem[X,0x80000024] -> 0x5793
mem[X,0x80000026] -> 0x0199
[14] [M]: 0x80000024 (0x01995793) srli a5, s2, 0x19
x15 <- 0x00000000

mem[X,0x80000028] -> 0xE9B3
mem[X,0x8000002A] -> 0x00F9
[15] [M]: 0x80000028 (0x00F9E9B3) or s3, s3, a5
x19 <- 0x000003EA

mem[X,0x8000002C] -> 0xDA13
mem[X,0x8000002E] -> 0x0079
[16] [M]: 0x8000002C (0x0079DA13) srli s4, s3, 0x7
x20 <- 0x00000007

mem[X,0x80000030] -> 0xD793
mem[X,0x80000032] -> 0x0199
[17] [M]: 0x80000030 (0x0199D793) srli a5, s3, 0x19
x15 <- 0x00000000

mem[X,0x80000034] -> 0x6A33
mem[X,0x80000036] -> 0x00FA
[18] [M]: 0x80000034 (0x00FA6A33) or s4, s4, a5
x20 <- 0x00000007

mem[X,0x80000038] -> 0x5A93
mem[X,0x8000003A] -> 0x007A
[19] [M]: 0x80000038 (0x007A5A93) srli s5, s4, 0x7
x21 <- 0x00000000

mem[X,0x8000003C] -> 0x5793
mem[X,0x8000003E] -> 0x019A
[20] [M]: 0x8000003C (0x019A5793) srli a5, s4, 0x19
x15 <- 0x00000000

mem[X,0x80000040] -> 0xEAB3
mem[X,0x80000042] -> 0x00FA
[21] [M]: 0x80000040 (0x00FAEAB3) or s5, s5, a5
x21 <- 0x00000000

mem[X,0x80000044] -> 0xDB13
mem[X,0x80000046] -> 0x007A
[22] [M]: 0x80000044 (0x007ADB13) srli s6, s5, 0x7
x22 <- 0x00000000

mem[X,0x80000048] -> 0xD793
mem[X,0x8000004A] -> 0x019A
[23] [M]: 0x80000048 (0x019AD793) srli a5, s5, 0x19
x15 <- 0x00000000

mem[X,0x8000004C] -> 0x6B33
mem[X,0x8000004E] -> 0x00FB
[24] [M]: 0x8000004C (0x00FB6B33) or s6, s6, a5
x22 <- 0x00000000

mem[X,0x80000050] -> 0x5B93
mem[X,0x80000052] -> 0x007B
[25] [M]: 0x80000050 (0x007B5B93) srli s7, s6, 0x7
x23 <- 0x00000000

mem[X,0x80000054] -> 0x5793
mem[X,0x80000056] -> 0x019B
[26] [M]: 0x80000054 (0x019B5793) srli a5, s6, 0x19
x15 <- 0x00000000

mem[X,0x80000058] -> 0xEBB3
mem[X,0x8000005A] -> 0x00FB
[27] [M]: 0x80000058 (0x00FBEBB3) or s7, s7, a5
x23 <- 0x00000000

mem[X,0x8000005C] -> 0xDC13
mem[X,0x8000005E] -> 0x007B
[28] [M]: 0x8000005C (0x007BDC13) srli s8, s7, 0x7
x24 <- 0x00000000

mem[X,0x80000060] -> 0xD793
mem[X,0x80000062] -> 0x019B
[29] [M]: 0x80000060 (0x019BD793) srli a5, s7, 0x19
x15 <- 0x00000000

mem[X,0x80000064] -> 0x6C33
mem[X,0x80000066] -> 0x00FC
[30] [M]: 0x80000064 (0x00FC6C33) or s8, s8, a5
x24 <- 0x00000000

mem[X,0x80000068] -> 0x5C93
mem[X,0x8000006A] -> 0x007C
[31] [M]: 0x80000068 (0x007C5C93) srli s9, s8, 0x7
x25 <- 0x00000000

mem[X,0x8000006C] -> 0x5793
mem[X,0x8000006E] -> 0x019C
[32] [M]: 0x8000006C (0x019C5793) srli a5, s8, 0x19
x15 <- 0x00000000

mem[X,0x80000070] -> 0xECB3
mem[X,0x80000072] -> 0x00FC
[33] [M]: 0x80000070 (0x00FCECB3) or s9, s9, a5
x25 <- 0x00000000

mem[X,0x80000074] -> 0xDD13
mem[X,0x80000076] -> 0x007C
[34] [M]: 0x80000074 (0x007CDD13) srli s10, s9, 0x7
x26 <- 0x00000000

mem[X,0x80000078] -> 0xD793
mem[X,0x8000007A] -> 0x019C
[35] [M]: 0x80000078 (0x019CD793) srli a5, s9, 0x19
x15 <- 0x00000000

mem[X,0x8000007C] -> 0x6D33
mem[X,0x8000007E] -> 0x00FD
[36] [M]: 0x8000007C (0x00FD6D33) or s10, s10, a5
x26 <- 0x00000000

mem[X,0x80000080] -> 0x5D93
mem[X,0x80000082] -> 0x007D
[37] [M]: 0x80000080 (0x007D5D93) srli s11, s10, 0x7
x27 <- 0x00000000

mem[X,0x80000084] -> 0x5793
mem[X,0x80000086] -> 0x019D
[38] [M]: 0x80000084 (0x019D5793) srli a5, s10, 0x19
x15 <- 0x00000000

mem[X,0x80000088] -> 0xEDB3
mem[X,0x8000008A] -> 0x00FD
[39] [M]: 0x80000088 (0x00FDEDB3) or s11, s11, a5
x27 <- 0x00000000

mem[X,0x8000008C] -> 0xDE13
mem[X,0x8000008E] -> 0x007D
[40] [M]: 0x8000008C (0x007DDE13) srli t3, s11, 0x7
x28 <- 0x00000000

mem[X,0x80000090] -> 0xD793
mem[X,0x80000092] -> 0x019D
[41] [M]: 0x80000090 (0x019DD793) srli a5, s11, 0x19
x15 <- 0x00000000

mem[X,0x80000094] -> 0x6E33
mem[X,0x80000096] -> 0x00FE
[42] [M]: 0x80000094 (0x00FE6E33) or t3, t3, a5
x28 <- 0x00000000

mem[X,0x80000098] -> 0x5E93
mem[X,0x8000009A] -> 0x007E
[43] [M]: 0x80000098 (0x007E5E93) srli t4, t3, 0x7
x29 <- 0x00000000

mem[X,0x8000009C] -> 0x5793
mem[X,0x8000009E] -> 0x019E
[44] [M]: 0x8000009C (0x019E5793) srli a5, t3, 0x19
x15 <- 0x00000000

mem[X,0x800000A0] -> 0xEEB3
mem[X,0x800000A2] -> 0x00FE
[45] [M]: 0x800000A0 (0x00FEEEB3) or t4, t4, a5
x29 <- 0x00000000

mem[X,0x800000A4] -> 0xDF13
mem[X,0x800000A6] -> 0x007E
[46] [M]: 0x800000A4 (0x007EDF13) srli t5, t4, 0x7
x30 <- 0x00000000

mem[X,0x800000A8] -> 0xD793
mem[X,0x800000AA] -> 0x019E
[47] [M]: 0x800000A8 (0x019ED793) srli a5, t4, 0x19
x15 <- 0x00000000

mem[X,0x800000AC] -> 0x6F33
mem[X,0x800000AE] -> 0x00FF
[48] [M]: 0x800000AC (0x00FF6F33) or t5, t5, a5
x30 <- 0x00000000

mem[X,0x800000B0] -> 0xC0B7
mem[X,0x800000B2] -> 0xFEED
[49] [M]: 0x800000B0 (0xFEEDC0B7) lui ra, -0x1124
x1 <- 0xFEEDC000

mem[X,0x800000B4] -> 0x8093
mem[X,0x800000B6] -> 0xEAD0
[50] [M]: 0x800000B4 (0xEAD08093) addi ra, ra, -0x153
x1 <- 0xFEEDBEAD

mem[X,0x800000B8] -> 0xD113
mem[X,0x800000BA] -> 0x0070
[51] [M]: 0x800000B8 (0x0070D113) srli sp, ra, 0x7
x2 <- 0x01FDDB7D

mem[X,0x800000BC] -> 0xD793
mem[X,0x800000BE] -> 0x0190
[52] [M]: 0x800000BC (0x0190D793) srli a5, ra, 0x19
x15 <- 0x0000007F

mem[X,0x800000C0] -> 0x6133
mem[X,0x800000C2] -> 0x00F1
[53] [M]: 0x800000C0 (0x00F16133) or sp, sp, a5
x2 <- 0x01FDDB7F

mem[X,0x800000C4] -> 0x5193
mem[X,0x800000C6] -> 0x0071
[54] [M]: 0x800000C4 (0x00715193) srli gp, sp, 0x7
x3 <- 0x0003FBB6

mem[X,0x800000C8] -> 0x5793
mem[X,0x800000CA] -> 0x0191
[55] [M]: 0x800000C8 (0x01915793) srli a5, sp, 0x19
x15 <- 0x00000000

mem[X,0x800000CC] -> 0xE1B3
mem[X,0x800000CE] -> 0x00F1
[56] [M]: 0x800000CC (0x00F1E1B3) or gp, gp, a5
x3 <- 0x0003FBB6

mem[X,0x800000D0] -> 0xD213
mem[X,0x800000D2] -> 0x0071
[57] [M]: 0x800000D0 (0x0071D213) srli tp, gp, 0x7
x4 <- 0x000007F7

mem[X,0x800000D4] -> 0xD793
mem[X,0x800000D6] -> 0x0191
[58] [M]: 0x800000D4 (0x0191D793) srli a5, gp, 0x19
x15 <- 0x00000000

mem[X,0x800000D8] -> 0x6233
mem[X,0x800000DA] -> 0x00F2
[59] [M]: 0x800000D8 (0x00F26233) or tp, tp, a5
x4 <- 0x000007F7

mem[X,0x800000DC] -> 0x5293
mem[X,0x800000DE] -> 0x0072
[60] [M]: 0x800000DC (0x00725293) srli t0, tp, 0x7
x5 <- 0x0000000F

mem[X,0x800000E0] -> 0x5793
mem[X,0x800000E2] -> 0x0192
[61] [M]: 0x800000E0 (0x01925793) srli a5, tp, 0x19
x15 <- 0x00000000

mem[X,0x800000E4] -> 0xE2B3
mem[X,0x800000E6] -> 0x00F2
[62] [M]: 0x800000E4 (0x00F2E2B3) or t0, t0, a5
x5 <- 0x0000000F

mem[X,0x800000E8] -> 0xD313
mem[X,0x800000EA] -> 0x0072
[63] [M]: 0x800000E8 (0x0072D313) srli t1, t0, 0x7
x6 <- 0x00000000

mem[X,0x800000EC] -> 0xD793
mem[X,0x800000EE] -> 0x0192
[64] [M]: 0x800000EC (0x0192D793) srli a5, t0, 0x19
x15 <- 0x00000000

mem[X,0x800000F0] -> 0x6333
mem[X,0x800000F2] -> 0x00F3
[65] [M]: 0x800000F0 (0x00F36333) or t1, t1, a5
x6 <- 0x00000000

mem[X,0x800000F4] -> 0x5393
mem[X,0x800000F6] -> 0x0073
[66] [M]: 0x800000F4 (0x00735393) srli t2, t1, 0x7
x7 <- 0x00000000

mem[X,0x800000F8] -> 0x5793
mem[X,0x800000FA] -> 0x0193
[67] [M]: 0x800000F8 (0x01935793) srli a5, t1, 0x19
x15 <- 0x00000000

mem[X,0x800000FC] -> 0xE3B3
mem[X,0x800000FE] -> 0x00F3
[68] [M]: 0x800000FC (0x00F3E3B3) or t2, t2, a5
x7 <- 0x00000000

mem[X,0x80000100] -> 0xD413
mem[X,0x80000102] -> 0x0073
[69] [M]: 0x80000100 (0x0073D413) srli fp, t2, 0x7
x8 <- 0x00000000

mem[X,0x80000104] -> 0xD793
mem[X,0x80000106] -> 0x0193
[70] [M]: 0x80000104 (0x0193D793) srli a5, t2, 0x19
x15 <- 0x00000000

mem[X,0x80000108] -> 0x6433
mem[X,0x8000010A] -> 0x00F4
[71] [M]: 0x80000108 (0x00F46433) or fp, fp, a5
x8 <- 0x00000000

mem[X,0x8000010C] -> 0x5493
mem[X,0x8000010E] -> 0x0074
[72] [M]: 0x8000010C (0x00745493) srli s1, fp, 0x7
x9 <- 0x00000000

mem[X,0x80000110] -> 0x5793
mem[X,0x80000112] -> 0x0194
[73] [M]: 0x80000110 (0x01945793) srli a5, fp, 0x19
x15 <- 0x00000000

mem[X,0x80000114] -> 0xE4B3
mem[X,0x80000116] -> 0x00F4
[74] [M]: 0x80000114 (0x00F4E4B3) or s1, s1, a5
x9 <- 0x00000000

mem[X,0x80000118] -> 0xD513
mem[X,0x8000011A] -> 0x0074
[75] [M]: 0x80000118 (0x0074D513) srli a0, s1, 0x7
x10 <- 0x00000000

mem[X,0x8000011C] -> 0xD793
mem[X,0x8000011E] -> 0x0194
[76] [M]: 0x8000011C (0x0194D793) srli a5, s1, 0x19
x15 <- 0x00000000

mem[X,0x80000120] -> 0x6533
mem[X,0x80000122] -> 0x00F5
[77] [M]: 0x80000120 (0x00F56533) or a0, a0, a5
x10 <- 0x00000000

mem[X,0x80000124] -> 0x5593
mem[X,0x80000126] -> 0x0075
[78] [M]: 0x80000124 (0x00755593) srli a1, a0, 0x7
x11 <- 0x00000000

mem[X,0x80000128] -> 0x5793
mem[X,0x8000012A] -> 0x0195
[79] [M]: 0x80000128 (0x01955793) srli a5, a0, 0x19
x15 <- 0x00000000

mem[X,0x8000012C] -> 0xE5B3
mem[X,0x8000012E] -> 0x00F5
[80] [M]: 0x8000012C (0x00F5E5B3) or a1, a1, a5
x11 <- 0x00000000

mem[X,0x80000130] -> 0xD613
mem[X,0x80000132] -> 0x0075
[81] [M]: 0x80000130 (0x0075D613) srli a2, a1, 0x7
x12 <- 0x00000000

mem[X,0x80000134] -> 0xD793
mem[X,0x80000136] -> 0x0195
[82] [M]: 0x80000134 (0x0195D793) srli a5, a1, 0x19
x15 <- 0x00000000

mem[X,0x80000138] -> 0x6633
mem[X,0x8000013A] -> 0x00F6
[83] [M]: 0x80000138 (0x00F66633) or a2, a2, a5
x12 <- 0x00000000

mem[X,0x8000013C] -> 0x5693
mem[X,0x8000013E] -> 0x0076
[84] [M]: 0x8000013C (0x00765693) srli a3, a2, 0x7
x13 <- 0x00000000

mem[X,0x80000140] -> 0x5793
mem[X,0x80000142] -> 0x0196
[85] [M]: 0x80000140 (0x01965793) srli a5, a2, 0x19
x15 <- 0x00000000

mem[X,0x80000144] -> 0xE6B3
mem[X,0x80000146] -> 0x00F6
[86] [M]: 0x80000144 (0x00F6E6B3) or a3, a3, a5
x13 <- 0x00000000

mem[X,0x80000148] -> 0x0013
mem[X,0x8000014A] -> 0x0000
[87] [M]: 0x80000148 (0x00000013) addi zero, zero, 0x0

mem[X,0x8000014C] -> 0x0013
mem[X,0x8000014E] -> 0x0000
[88] [M]: 0x8000014C (0x00000013) addi zero, zero, 0x0

mem[X,0x80000150] -> 0x0013
mem[X,0x80000152] -> 0x0000
[89] [M]: 0x80000150 (0x00000013) addi zero, zero, 0x0

mem[X,0x80000154] -> 0x0013
mem[X,0x80000156] -> 0x0000
[90] [M]: 0x80000154 (0x00000013) addi zero, zero, 0x0

mem[X,0x80000158] -> 0x0013
mem[X,0x8000015A] -> 0x0000
[91] [M]: 0x80000158 (0x00000013) addi zero, zero, 0x0

mem[X,0x8000015C] -> 0x0013
mem[X,0x8000015E] -> 0x0000
[92] [M]: 0x8000015C (0x00000013) addi zero, zero, 0x0

mem[X,0x80000160] -> 0x6097
mem[X,0x80000162] -> 0x0000
[93] [M]: 0x80000160 (0x00006097) auipc ra, 0x6
x1 <- 0x80006160

mem[X,0x80000164] -> 0x8093
mem[X,0x80000166] -> 0xFB40
[94] [M]: 0x80000164 (0xFB408093) addi ra, ra, -0x4c
x1 <- 0x80006114

mem[X,0x80000168] -> 0x0013
mem[X,0x8000016A] -> 0x0000
[95] [M]: 0x80000168 (0x00000013) addi zero, zero, 0x0

mem[X,0x8000016C] -> 0x0013
mem[X,0x8000016E] -> 0x0000
[96] [M]: 0x8000016C (0x00000013) addi zero, zero, 0x0

mem[X,0x80000170] -> 0x0013
mem[X,0x80000172] -> 0x0000
[97] [M]: 0x80000170 (0x00000013) addi zero, zero, 0x0

mem[X,0x80000174] -> 0x0013
mem[X,0x80000176] -> 0x0000
[98] [M]: 0x80000174 (0x00000013) addi zero, zero, 0x0

mem[X,0x80000178] -> 0x0013
mem[X,0x8000017A] -> 0x0000
[99] [M]: 0x80000178 (0x00000013) addi zero, zero, 0x0

clint::tick mtime <- 0x0000000000000001
 clint timer pending at mtime 0x0000000000000001
htif::tick 0x0000000000000000
mem[X,0x8000017C] -> 0x0013
mem[X,0x8000017E] -> 0x0000
[100] [M]: 0x8000017C (0x00000013) addi zero, zero, 0x0

mem[X,0x80000180] -> 0xBFB7
mem[X,0x80000182] -> 0x0000
[101] [M]: 0x80000180 (0x0000BFB7) lui t6, 0xb
x31 <- 0x0000B000

mem[X,0x80000184] -> 0x8F93
mem[X,0x80000186] -> 0x505F
[102] [M]: 0x80000184 (0x505F8F93) addi t6, t6, 0x505
x31 <- 0x0000B505

mem[X,0x80000188] -> 0xBFB7
mem[X,0x8000018A] -> 0x0000
[103] [M]: 0x80000188 (0x0000BFB7) lui t6, 0xb
x31 <- 0x0000B000

mem[X,0x8000018C] -> 0x8F93
mem[X,0x8000018E] -> 0x505F
[104] [M]: 0x8000018C (0x505F8F93) addi t6, t6, 0x505
x31 <- 0x0000B505

mem[X,0x80000190] -> 0x8FB3
mem[X,0x80000192] -> 0x03FF
[105] [M]: 0x80000190 (0x03FF8FB3) mul t6, t6, t6
x31 <- 0x80001219

mem[X,0x80000194] -> 0xA023
mem[X,0x80000196] -> 0x01F0
[106] [M]: 0x80000194 (0x01F0A023) sw t6, 0x0(ra)
mem[0x80006114] <- 0x80001219

mem[X,0x80000198] -> 0x5F37
mem[X,0x8000019A] -> 0xFFFF
[107] [M]: 0x80000198 (0xFFFF5F37) lui t5, -0xb
x30 <- 0xFFFF5000

mem[X,0x8000019C] -> 0x0F13
mem[X,0x8000019E] -> 0xAFDF
[108] [M]: 0x8000019C (0xAFDF0F13) addi t5, t5, -0x503
x30 <- 0xFFFF4AFD

mem[X,0x800001A0] -> 0x5EB7
mem[X,0x800001A2] -> 0xFFFF
[109] [M]: 0x800001A0 (0xFFFF5EB7) lui t4, -0xb
x29 <- 0xFFFF5000

mem[X,0x800001A4] -> 0x8E93
mem[X,0x800001A6] -> 0xAFDE
[110] [M]: 0x800001A4 (0xAFDE8E93) addi t4, t4, -0x503
x29 <- 0xFFFF4AFD

mem[X,0x800001A8] -> 0x0F33
mem[X,0x800001AA] -> 0x03DF
[111] [M]: 0x800001A8 (0x03DF0F33) mul t5, t5, t4
x30 <- 0x7FFD3E09

mem[X,0x800001AC] -> 0xA223
mem[X,0x800001AE] -> 0x01E0
[112] [M]: 0x800001AC (0x01E0A223) sw t5, 0x4(ra)
mem[0x80006118] <- 0x7FFD3E09

mem[X,0x800001B0] -> 0x5EB7
mem[X,0x800001B2] -> 0xFFFF
[113] [M]: 0x800001B0 (0xFFFF5EB7) lui t4, -0xb
x29 <- 0xFFFF5000

mem[X,0x800001B4] -> 0x8E93
mem[X,0x800001B6] -> 0xAFDE
[114] [M]: 0x800001B4 (0xAFDE8E93) addi t4, t4, -0x503
x29 <- 0xFFFF4AFD

mem[X,0x800001B8] -> 0xBE37
mem[X,0x800001BA] -> 0x0000
[115] [M]: 0x800001B8 (0x0000BE37) lui t3, 0xb
x28 <- 0x0000B000

mem[X,0x800001BC] -> 0x0E13
mem[X,0x800001BE] -> 0x505E
[116] [M]: 0x800001BC (0x505E0E13) addi t3, t3, 0x505
x28 <- 0x0000B505

mem[X,0x800001C0] -> 0x8E33
mem[X,0x800001C2] -> 0x03CE
[117] [M]: 0x800001C0 (0x03CE8E33) mul t3, t4, t3
x28 <- 0x800157F1

mem[X,0x800001C4] -> 0xA423
mem[X,0x800001C6] -> 0x01C0
[118] [M]: 0x800001C4 (0x01C0A423) sw t3, 0x8(ra)
mem[0x8000611C] <- 0x800157F1

mem[X,0x800001C8] -> 0x0E37
mem[X,0x800001CA] -> 0x8000
[119] [M]: 0x800001C8 (0x80000E37) lui t3, -0x80000
x28 <- 0x80000000

mem[X,0x800001CC] -> 0xBF37
mem[X,0x800001CE] -> 0x0000
[120] [M]: 0x800001CC (0x0000BF37) lui t5, 0xb
x30 <- 0x0000B000

mem[X,0x800001D0] -> 0x0F13
mem[X,0x800001D2] -> 0x505F
[121] [M]: 0x800001D0 (0x505F0F13) addi t5, t5, 0x505
x30 <- 0x0000B505

mem[X,0x800001D4] -> 0x0EB3
mem[X,0x800001D6] -> 0x03EE
[122] [M]: 0x800001D4 (0x03EE0EB3) mul t4, t3, t5
x29 <- 0x80000000

mem[X,0x800001D8] -> 0xA623
mem[X,0x800001DA] -> 0x01D0
[123] [M]: 0x800001D8 (0x01D0A623) sw t4, 0xc(ra)
mem[0x80006120] <- 0x80000000

mem[X,0x800001DC] -> 0x0D37
mem[X,0x800001DE] -> 0x8000
[124] [M]: 0x800001DC (0x80000D37) lui s10, -0x80000
x26 <- 0x80000000

mem[X,0x800001E0] -> 0x0D13
mem[X,0x800001E2] -> 0xFFFD
[125] [M]: 0x800001E0 (0xFFFD0D13) addi s10, s10, -0x1
x26 <- 0x7FFFFFFF

mem[X,0x800001E4] -> 0x0D37
mem[X,0x800001E6] -> 0x8000
[126] [M]: 0x800001E4 (0x80000D37) lui s10, -0x80000
x26 <- 0x80000000

mem[X,0x800001E8] -> 0x0D13
mem[X,0x800001EA] -> 0xFFFD
[127] [M]: 0x800001E8 (0xFFFD0D13) addi s10, s10, -0x1
x26 <- 0x7FFFFFFF

mem[X,0x800001EC] -> 0x0DB3
mem[X,0x800001EE] -> 0x03AD
[128] [M]: 0x800001EC (0x03AD0DB3) mul s11, s10, s10
x27 <- 0x00000001

mem[X,0x800001F0] -> 0xA823
mem[X,0x800001F2] -> 0x01B0
[129] [M]: 0x800001F0 (0x01B0A823) sw s11, 0x10(ra)
mem[0x80006124] <- 0x00000001

mem[X,0x800001F4] -> 0x0DB7
mem[X,0x800001F6] -> 0x8000
[130] [M]: 0x800001F4 (0x80000DB7) lui s11, -0x80000
x27 <- 0x80000000

mem[X,0x800001F8] -> 0x0C93
mem[X,0x800001FA] -> 0xFFF0
[131] [M]: 0x800001F8 (0xFFF00C93) addi s9, zero, -0x1
x25 <- 0xFFFFFFFF

mem[X,0x800001FC] -> 0x8D33
mem[X,0x800001FE] -> 0x039D
[132] [M]: 0x800001FC (0x039D8D33) mul s10, s11, s9
x26 <- 0x80000000

mem[X,0x80000200] -> 0xAA23
mem[X,0x80000202] -> 0x01A0
[133] [M]: 0x80000200 (0x01A0AA23) sw s10, 0x14(ra)
mem[0x80006128] <- 0x80000000

mem[X,0x80000204] -> 0xBC37
mem[X,0x80000206] -> 0x0000
[134] [M]: 0x80000204 (0x0000BC37) lui s8, 0xb
x24 <- 0x0000B000

mem[X,0x80000208] -> 0x0C13
mem[X,0x8000020A] -> 0x505C
[135] [M]: 0x80000208 (0x505C0C13) addi s8, s8, 0x505
x24 <- 0x0000B505

mem[X,0x8000020C] -> 0x0D93
mem[X,0x8000020E] -> 0xFFE0
[136] [M]: 0x8000020C (0xFFE00D93) addi s11, zero, -0x2
x27 <- 0xFFFFFFFE

mem[X,0x80000210] -> 0x0CB3
mem[X,0x80000212] -> 0x03BC
[137] [M]: 0x80000210 (0x03BC0CB3) mul s9, s8, s11
x25 <- 0xFFFE95F6

mem[X,0x80000214] -> 0xAC23
mem[X,0x80000216] -> 0x0190
[138] [M]: 0x80000214 (0x0190AC23) sw s9, 0x18(ra)
mem[0x8000612C] <- 0xFFFE95F6

mem[X,0x80000218] -> 0xBCB7
mem[X,0x8000021A] -> 0x0000
[139] [M]: 0x80000218 (0x0000BCB7) lui s9, 0xb
x25 <- 0x0000B000

mem[X,0x8000021C] -> 0x8C93
mem[X,0x8000021E] -> 0x505C
[140] [M]: 0x8000021C (0x505C8C93) addi s9, s9, 0x505
x25 <- 0x0000B505

mem[X,0x80000220] -> 0x0B93
mem[X,0x80000222] -> 0xFFD0
[141] [M]: 0x80000220 (0xFFD00B93) addi s7, zero, -0x3
x23 <- 0xFFFFFFFD

mem[X,0x80000224] -> 0x8C33
mem[X,0x80000226] -> 0x037C
[142] [M]: 0x80000224 (0x037C8C33) mul s8, s9, s7
x24 <- 0xFFFDE0F1

mem[X,0x80000228] -> 0xAE23
mem[X,0x8000022A] -> 0x0180
[143] [M]: 0x80000228 (0x0180AE23) sw s8, 0x1c(ra)
mem[0x80006130] <- 0xFFFDE0F1

mem[X,0x8000022C] -> 0xBB37
mem[X,0x8000022E] -> 0x0000
[144] [M]: 0x8000022C (0x0000BB37) lui s6, 0xb
x22 <- 0x0000B000

mem[X,0x80000230] -> 0x0B13
mem[X,0x80000232] -> 0x505B
[145] [M]: 0x80000230 (0x505B0B13) addi s6, s6, 0x505
x22 <- 0x0000B505

mem[X,0x80000234] -> 0x0C13
mem[X,0x80000236] -> 0xFFB0
[146] [M]: 0x80000234 (0xFFB00C13) addi s8, zero, -0x5
x24 <- 0xFFFFFFFB

mem[X,0x80000238] -> 0x0BB3
mem[X,0x8000023A] -> 0x038B
[147] [M]: 0x80000238 (0x038B0BB3) mul s7, s6, s8
x23 <- 0xFFFC76E7

mem[X,0x8000023C] -> 0xA023
mem[X,0x8000023E] -> 0x0370
[148] [M]: 0x8000023C (0x0370A023) sw s7, 0x20(ra)
mem[0x80006134] <- 0xFFFC76E7

mem[X,0x80000240] -> 0xBBB7
mem[X,0x80000242] -> 0x0000
[149] [M]: 0x80000240 (0x0000BBB7) lui s7, 0xb
x23 <- 0x0000B000

mem[X,0x80000244] -> 0x8B93
mem[X,0x80000246] -> 0x505B
[150] [M]: 0x80000244 (0x505B8B93) addi s7, s7, 0x505
x23 <- 0x0000B505

mem[X,0x80000248] -> 0x0A93
mem[X,0x8000024A] -> 0xFF70
[151] [M]: 0x80000248 (0xFF700A93) addi s5, zero, -0x9
x21 <- 0xFFFFFFF7

mem[X,0x8000024C] -> 0x8B33
mem[X,0x8000024E] -> 0x035B
[152] [M]: 0x8000024C (0x035B8B33) mul s6, s7, s5
x22 <- 0xFFF9A2D3

mem[X,0x80000250] -> 0xA223
mem[X,0x80000252] -> 0x0360
[153] [M]: 0x80000250 (0x0360A223) sw s6, 0x24(ra)
mem[0x80006138] <- 0xFFF9A2D3

mem[X,0x80000254] -> 0xBA37
mem[X,0x80000256] -> 0x0000
[154] [M]: 0x80000254 (0x0000BA37) lui s4, 0xb
x20 <- 0x0000B000

mem[X,0x80000258] -> 0x0A13
mem[X,0x8000025A] -> 0x505A
[155] [M]: 0x80000258 (0x505A0A13) addi s4, s4, 0x505
x20 <- 0x0000B505

mem[X,0x8000025C] -> 0x0B13
mem[X,0x8000025E] -> 0xFEF0
[156] [M]: 0x8000025C (0xFEF00B13) addi s6, zero, -0x11
x22 <- 0xFFFFFFEF

mem[X,0x80000260] -> 0x0AB3
mem[X,0x80000262] -> 0x036A
[157] [M]: 0x80000260 (0x036A0AB3) mul s5, s4, s6
x21 <- 0xFFF3FAAB

mem[X,0x80000264] -> 0xA423
mem[X,0x80000266] -> 0x0350
[158] [M]: 0x80000264 (0x0350A423) sw s5, 0x28(ra)
mem[0x8000613C] <- 0xFFF3FAAB

mem[X,0x80000268] -> 0xBAB7
mem[X,0x8000026A] -> 0x0000
[159] [M]: 0x80000268 (0x0000BAB7) lui s5, 0xb
x21 <- 0x0000B000

mem[X,0x8000026C] -> 0x8A93
mem[X,0x8000026E] -> 0x505A
[160] [M]: 0x8000026C (0x505A8A93) addi s5, s5, 0x505
x21 <- 0x0000B505

mem[X,0x80000270] -> 0x0993
mem[X,0x80000272] -> 0xFDF0
[161] [M]: 0x80000270 (0xFDF00993) addi s3, zero, -0x21
x19 <- 0xFFFFFFDF

mem[X,0x80000274] -> 0x8A33
mem[X,0x80000276] -> 0x033A
[162] [M]: 0x80000274 (0x033A8A33) mul s4, s5, s3
x20 <- 0xFFE8AA5B

mem[X,0x80000278] -> 0xA623
mem[X,0x8000027A] -> 0x0340
[163] [M]: 0x80000278 (0x0340A623) sw s4, 0x2c(ra)
mem[0x80006140] <- 0xFFE8AA5B

mem[X,0x8000027C] -> 0xB937
mem[X,0x8000027E] -> 0x0000
[164] [M]: 0x8000027C (0x0000B937) lui s2, 0xb
x18 <- 0x0000B000

mem[X,0x80000280] -> 0x0913
mem[X,0x80000282] -> 0x5059
[165] [M]: 0x80000280 (0x50590913) addi s2, s2, 0x505
x18 <- 0x0000B505

mem[X,0x80000284] -> 0x0A13
mem[X,0x80000286] -> 0xFBF0
[166] [M]: 0x80000284 (0xFBF00A13) addi s4, zero, -0x41
x20 <- 0xFFFFFFBF

mem[X,0x80000288] -> 0x09B3
mem[X,0x8000028A] -> 0x0349
[167] [M]: 0x80000288 (0x034909B3) mul s3, s2, s4
x19 <- 0xFFD209BB

mem[X,0x8000028C] -> 0xA823
mem[X,0x8000028E] -> 0x0330
[168] [M]: 0x8000028C (0x0330A823) sw s3, 0x30(ra)
mem[0x80006144] <- 0xFFD209BB

mem[X,0x80000290] -> 0xB9B7
mem[X,0x80000292] -> 0x0000
[169] [M]: 0x80000290 (0x0000B9B7) lui s3, 0xb
x19 <- 0x0000B000

mem[X,0x80000294] -> 0x8993
mem[X,0x80000296] -> 0x5059
[170] [M]: 0x80000294 (0x50598993) addi s3, s3, 0x505
x19 <- 0x0000B505

mem[X,0x80000298] -> 0x0893
mem[X,0x8000029A] -> 0xF7F0
[171] [M]: 0x80000298 (0xF7F00893) addi a7, zero, -0x81
x17 <- 0xFFFFFF7F

mem[X,0x8000029C] -> 0x8933
mem[X,0x8000029E] -> 0x0319
[172] [M]: 0x8000029C (0x03198933) mul s2, s3, a7
x18 <- 0xFFA4C87B

mem[X,0x800002A0] -> 0xAA23
mem[X,0x800002A2] -> 0x0320
[173] [M]: 0x800002A0 (0x0320AA23) sw s2, 0x34(ra)
mem[0x80006148] <- 0xFFA4C87B

mem[X,0x800002A4] -> 0xB837
mem[X,0x800002A6] -> 0x0000
[174] [M]: 0x800002A4 (0x0000B837) lui a6, 0xb
x16 <- 0x0000B000

mem[X,0x800002A8] -> 0x0813
mem[X,0x800002AA] -> 0x5058
[175] [M]: 0x800002A8 (0x50580813) addi a6, a6, 0x505
x16 <- 0x0000B505

mem[X,0x800002AC] -> 0x0913
mem[X,0x800002AE] -> 0xEFF0
[176] [M]: 0x800002AC (0xEFF00913) addi s2, zero, -0x101
x18 <- 0xFFFFFEFF

mem[X,0x800002B0] -> 0x08B3
mem[X,0x800002B2] -> 0x0328
[177] [M]: 0x800002B0 (0x032808B3) mul a7, a6, s2
x17 <- 0xFF4A45FB

mem[X,0x800002B4] -> 0xAC23
mem[X,0x800002B6] -> 0x0310
[178] [M]: 0x800002B4 (0x0310AC23) sw a7, 0x38(ra)
mem[0x8000614C] <- 0xFF4A45FB

mem[X,0x800002B8] -> 0xB8B7
mem[X,0x800002BA] -> 0x0000
[179] [M]: 0x800002B8 (0x0000B8B7) lui a7, 0xb
x17 <- 0x0000B000

mem[X,0x800002BC] -> 0x8893
mem[X,0x800002BE] -> 0x5058
[180] [M]: 0x800002BC (0x50588893) addi a7, a7, 0x505
x17 <- 0x0000B505

mem[X,0x800002C0] -> 0x0793
mem[X,0x800002C2] -> 0xDFF0
[181] [M]: 0x800002C0 (0xDFF00793) addi a5, zero, -0x201
x15 <- 0xFFFFFDFF

mem[X,0x800002C4] -> 0x8833
mem[X,0x800002C6] -> 0x02F8
[182] [M]: 0x800002C4 (0x02F88833) mul a6, a7, a5
x16 <- 0xFE9540FB

mem[X,0x800002C8] -> 0xAE23
mem[X,0x800002CA] -> 0x0300
[183] [M]: 0x800002C8 (0x0300AE23) sw a6, 0x3c(ra)
mem[0x80006150] <- 0xFE9540FB

mem[X,0x800002CC] -> 0xB737
mem[X,0x800002CE] -> 0x0000
[184] [M]: 0x800002CC (0x0000B737) lui a4, 0xb
x14 <- 0x0000B000

mem[X,0x800002D0] -> 0x0713
mem[X,0x800002D2] -> 0x5057
[185] [M]: 0x800002D0 (0x50570713) addi a4, a4, 0x505
x14 <- 0x0000B505

mem[X,0x800002D4] -> 0x0813
mem[X,0x800002D6] -> 0xBFF0
[186] [M]: 0x800002D4 (0xBFF00813) addi a6, zero, -0x401
x16 <- 0xFFFFFBFF

mem[X,0x800002D8] -> 0x07B3
mem[X,0x800002DA] -> 0x0307
[187] [M]: 0x800002D8 (0x030707B3) mul a5, a4, a6
x15 <- 0xFD2B36FB

mem[X,0x800002DC] -> 0xA023
mem[X,0x800002DE] -> 0x04F0
[188] [M]: 0x800002DC (0x04F0A023) sw a5, 0x40(ra)
mem[0x80006154] <- 0xFD2B36FB

mem[X,0x800002E0] -> 0xB7B7
mem[X,0x800002E2] -> 0x0000
[189] [M]: 0x800002E0 (0x0000B7B7) lui a5, 0xb
x15 <- 0x0000B000

mem[X,0x800002E4] -> 0x8793
mem[X,0x800002E6] -> 0x5057
[190] [M]: 0x800002E4 (0x50578793) addi a5, a5, 0x505
x15 <- 0x0000B505

mem[X,0x800002E8] -> 0xF6B7
mem[X,0x800002EA] -> 0xFFFF
[191] [M]: 0x800002E8 (0xFFFFF6B7) lui a3, -0x1
x13 <- 0xFFFFF000

mem[X,0x800002EC] -> 0x8693
mem[X,0x800002EE] -> 0x7FF6
[192] [M]: 0x800002EC (0x7FF68693) addi a3, a3, 0x7ff
x13 <- 0xFFFFF7FF

mem[X,0x800002F0] -> 0x8733
mem[X,0x800002F2] -> 0x02D7
[193] [M]: 0x800002F0 (0x02D78733) mul a4, a5, a3
x14 <- 0xFA5722FB

mem[X,0x800002F4] -> 0xA223
mem[X,0x800002F6] -> 0x04E0
[194] [M]: 0x800002F4 (0x04E0A223) sw a4, 0x44(ra)
mem[0x80006158] <- 0xFA5722FB

mem[X,0x800002F8] -> 0xB637
mem[X,0x800002FA] -> 0x0000
[195] [M]: 0x800002F8 (0x0000B637) lui a2, 0xb
x12 <- 0x0000B000

mem[X,0x800002FC] -> 0x0613
mem[X,0x800002FE] -> 0x5056
[196] [M]: 0x800002FC (0x50560613) addi a2, a2, 0x505
x12 <- 0x0000B505

mem[X,0x80000300] -> 0xF737
mem[X,0x80000302] -> 0xFFFF
[197] [M]: 0x80000300 (0xFFFFF737) lui a4, -0x1
x14 <- 0xFFFFF000

mem[X,0x80000304] -> 0x0713
mem[X,0x80000306] -> 0xFFF7
[198] [M]: 0x80000304 (0xFFF70713) addi a4, a4, -0x1
x14 <- 0xFFFFEFFF

mem[X,0x80000308] -> 0x06B3
mem[X,0x8000030A] -> 0x02E6
[199] [M]: 0x80000308 (0x02E606B3) mul a3, a2, a4
x13 <- 0xF4AEFAFB

clint::tick mtime <- 0x0000000000000002
 clint timer pending at mtime 0x0000000000000002
htif::tick 0x0000000000000000
mem[X,0x8000030C] -> 0xA423
mem[X,0x8000030E] -> 0x04D0
[200] [M]: 0x8000030C (0x04D0A423) sw a3, 0x48(ra)
mem[0x8000615C] <- 0xF4AEFAFB

mem[X,0x80000310] -> 0xB6B7
mem[X,0x80000312] -> 0x0000
[201] [M]: 0x80000310 (0x0000B6B7) lui a3, 0xb
x13 <- 0x0000B000

mem[X,0x80000314] -> 0x8693
mem[X,0x80000316] -> 0x5056
[202] [M]: 0x80000314 (0x50568693) addi a3, a3, 0x505
x13 <- 0x0000B505

mem[X,0x80000318] -> 0xE5B7
mem[X,0x8000031A] -> 0xFFFF
[203] [M]: 0x80000318 (0xFFFFE5B7) lui a1, -0x2
x11 <- 0xFFFFE000

mem[X,0x8000031C] -> 0x8593
mem[X,0x8000031E] -> 0xFFF5
[204] [M]: 0x8000031C (0xFFF58593) addi a1, a1, -0x1
x11 <- 0xFFFFDFFF

mem[X,0x80000320] -> 0x8633
mem[X,0x80000322] -> 0x02B6
[205] [M]: 0x80000320 (0x02B68633) mul a2, a3, a1
x12 <- 0xE95EAAFB

mem[X,0x80000324] -> 0xA623
mem[X,0x80000326] -> 0x04C0
[206] [M]: 0x80000324 (0x04C0A623) sw a2, 0x4c(ra)
mem[0x80006160] <- 0xE95EAAFB

mem[X,0x80000328] -> 0xB537
mem[X,0x8000032A] -> 0x0000
[207] [M]: 0x80000328 (0x0000B537) lui a0, 0xb
x10 <- 0x0000B000

mem[X,0x8000032C] -> 0x0513
mem[X,0x8000032E] -> 0x5055
[208] [M]: 0x8000032C (0x50550513) addi a0, a0, 0x505
x10 <- 0x0000B505

mem[X,0x80000330] -> 0xC637
mem[X,0x80000332] -> 0xFFFF
[209] [M]: 0x80000330 (0xFFFFC637) lui a2, -0x4
x12 <- 0xFFFFC000

mem[X,0x80000334] -> 0x0613
mem[X,0x80000336] -> 0xFFF6
[210] [M]: 0x80000334 (0xFFF60613) addi a2, a2, -0x1
x12 <- 0xFFFFBFFF

mem[X,0x80000338] -> 0x05B3
mem[X,0x8000033A] -> 0x02C5
[211] [M]: 0x80000338 (0x02C505B3) mul a1, a0, a2
x11 <- 0xD2BE0AFB

mem[X,0x8000033C] -> 0xA823
mem[X,0x8000033E] -> 0x04B0
[212] [M]: 0x8000033C (0x04B0A823) sw a1, 0x50(ra)
mem[0x80006164] <- 0xD2BE0AFB

mem[X,0x80000340] -> 0xB5B7
mem[X,0x80000342] -> 0x0000
[213] [M]: 0x80000340 (0x0000B5B7) lui a1, 0xb
x11 <- 0x0000B000

mem[X,0x80000344] -> 0x8593
mem[X,0x80000346] -> 0x5055
[214] [M]: 0x80000344 (0x50558593) addi a1, a1, 0x505
x11 <- 0x0000B505

mem[X,0x80000348] -> 0x84B7
mem[X,0x8000034A] -> 0xFFFF
[215] [M]: 0x80000348 (0xFFFF84B7) lui s1, -0x8
x9 <- 0xFFFF8000

mem[X,0x8000034C] -> 0x8493
mem[X,0x8000034E] -> 0xFFF4
[216] [M]: 0x8000034C (0xFFF48493) addi s1, s1, -0x1
x9 <- 0xFFFF7FFF

mem[X,0x80000350] -> 0x8533
mem[X,0x80000352] -> 0x0295
[217] [M]: 0x80000350 (0x02958533) mul a0, a1, s1
x10 <- 0xA57CCAFB

mem[X,0x80000354] -> 0xAA23
mem[X,0x80000356] -> 0x04A0
[218] [M]: 0x80000354 (0x04A0AA23) sw a0, 0x54(ra)
mem[0x80006168] <- 0xA57CCAFB

mem[X,0x80000358] -> 0xB437
mem[X,0x8000035A] -> 0x0000
[219] [M]: 0x80000358 (0x0000B437) lui fp, 0xb
x8 <- 0x0000B000

mem[X,0x8000035C] -> 0x0413
mem[X,0x8000035E] -> 0x5054
[220] [M]: 0x8000035C (0x50540413) addi fp, fp, 0x505
x8 <- 0x0000B505

mem[X,0x80000360] -> 0x0537
mem[X,0x80000362] -> 0xFFFF
[221] [M]: 0x80000360 (0xFFFF0537) lui a0, -0x10
x10 <- 0xFFFF0000

mem[X,0x80000364] -> 0x0513
mem[X,0x80000366] -> 0xFFF5
[222] [M]: 0x80000364 (0xFFF50513) addi a0, a0, -0x1
x10 <- 0xFFFEFFFF

mem[X,0x80000368] -> 0x04B3
mem[X,0x8000036A] -> 0x02A4
[223] [M]: 0x80000368 (0x02A404B3) mul s1, fp, a0
x9 <- 0x4AFA4AFB

mem[X,0x8000036C] -> 0xAC23
mem[X,0x8000036E] -> 0x0490
[224] [M]: 0x8000036C (0x0490AC23) sw s1, 0x58(ra)
mem[0x8000616C] <- 0x4AFA4AFB

mem[X,0x80000370] -> 0xB4B7
mem[X,0x80000372] -> 0x0000
[225] [M]: 0x80000370 (0x0000B4B7) lui s1, 0xb
x9 <- 0x0000B000

mem[X,0x80000374] -> 0x8493
mem[X,0x80000376] -> 0x5054
[226] [M]: 0x80000374 (0x50548493) addi s1, s1, 0x505
x9 <- 0x0000B505

mem[X,0x80000378] -> 0x03B7
mem[X,0x8000037A] -> 0xFFFE
[227] [M]: 0x80000378 (0xFFFE03B7) lui t2, -0x20
x7 <- 0xFFFE0000

mem[X,0x8000037C] -> 0x8393
mem[X,0x8000037E] -> 0xFFF3
[228] [M]: 0x8000037C (0xFFF38393) addi t2, t2, -0x1
x7 <- 0xFFFDFFFF

mem[X,0x80000380] -> 0x8433
mem[X,0x80000382] -> 0x0274
[229] [M]: 0x80000380 (0x02748433) mul fp, s1, t2
x8 <- 0x95F54AFB

mem[X,0x80000384] -> 0xAE23
mem[X,0x80000386] -> 0x0480
[230] [M]: 0x80000384 (0x0480AE23) sw fp, 0x5c(ra)
mem[0x80006170] <- 0x95F54AFB

mem[X,0x80000388] -> 0xB337
mem[X,0x8000038A] -> 0x0000
[231] [M]: 0x80000388 (0x0000B337) lui t1, 0xb
x6 <- 0x0000B000

mem[X,0x8000038C] -> 0x0313
mem[X,0x8000038E] -> 0x5053
[232] [M]: 0x8000038C (0x50530313) addi t1, t1, 0x505
x6 <- 0x0000B505

mem[X,0x80000390] -> 0x0437
mem[X,0x80000392] -> 0xFFFC
[233] [M]: 0x80000390 (0xFFFC0437) lui fp, -0x40
x8 <- 0xFFFC0000

mem[X,0x80000394] -> 0x0413
mem[X,0x80000396] -> 0xFFF4
[234] [M]: 0x80000394 (0xFFF40413) addi fp, fp, -0x1
x8 <- 0xFFFBFFFF

mem[X,0x80000398] -> 0x03B3
mem[X,0x8000039A] -> 0x0283
[235] [M]: 0x80000398 (0x028303B3) mul t2, t1, fp
x7 <- 0x2BEB4AFB

mem[X,0x8000039C] -> 0xA023
mem[X,0x8000039E] -> 0x0670
[236] [M]: 0x8000039C (0x0670A023) sw t2, 0x60(ra)
mem[0x80006174] <- 0x2BEB4AFB

mem[X,0x800003A0] -> 0x6417
mem[X,0x800003A2] -> 0x0000
[237] [M]: 0x800003A0 (0x00006417) auipc fp, 0x6
x8 <- 0x800063A0

mem[X,0x800003A4] -> 0x0413
mem[X,0x800003A6] -> 0xDD84
[238] [M]: 0x800003A4 (0xDD840413) addi fp, fp, -0x228
x8 <- 0x80006178

mem[X,0x800003A8] -> 0x0013
mem[X,0x800003AA] -> 0x0000
[239] [M]: 0x800003A8 (0x00000013) addi zero, zero, 0x0

mem[X,0x800003AC] -> 0x0013
mem[X,0x800003AE] -> 0x0000
[240] [M]: 0x800003AC (0x00000013) addi zero, zero, 0x0

mem[X,0x800003B0] -> 0x0013
mem[X,0x800003B2] -> 0x0000
[241] [M]: 0x800003B0 (0x00000013) addi zero, zero, 0x0

mem[X,0x800003B4] -> 0x0013
mem[X,0x800003B6] -> 0x0000
[242] [M]: 0x800003B4 (0x00000013) addi zero, zero, 0x0

mem[X,0x800003B8] -> 0x0013
mem[X,0x800003BA] -> 0x0000
[243] [M]: 0x800003B8 (0x00000013) addi zero, zero, 0x0

mem[X,0x800003BC] -> 0x0013
mem[X,0x800003BE] -> 0x0000
[244] [M]: 0x800003BC (0x00000013) addi zero, zero, 0x0

mem[X,0x800003C0] -> 0xB3B7
mem[X,0x800003C2] -> 0x0000
[245] [M]: 0x800003C0 (0x0000B3B7) lui t2, 0xb
x7 <- 0x0000B000

mem[X,0x800003C4] -> 0x8393
mem[X,0x800003C6] -> 0x5053
[246] [M]: 0x800003C4 (0x50538393) addi t2, t2, 0x505
x7 <- 0x0000B505

mem[X,0x800003C8] -> 0x02B7
mem[X,0x800003CA] -> 0xFFF8
[247] [M]: 0x800003C8 (0xFFF802B7) lui t0, -0x80
x5 <- 0xFFF80000

mem[X,0x800003CC] -> 0x8293
mem[X,0x800003CE] -> 0xFFF2
[248] [M]: 0x800003CC (0xFFF28293) addi t0, t0, -0x1
x5 <- 0xFFF7FFFF

mem[X,0x800003D0] -> 0x8333
mem[X,0x800003D2] -> 0x0253
[249] [M]: 0x800003D0 (0x02538333) mul t1, t2, t0
x6 <- 0x57D74AFB

mem[X,0x800003D4] -> 0x2023
mem[X,0x800003D6] -> 0x0064
[250] [M]: 0x800003D4 (0x00642023) sw t1, 0x0(fp)
mem[0x80006178] <- 0x57D74AFB

mem[X,0x800003D8] -> 0xB237
mem[X,0x800003DA] -> 0x0000
[251] [M]: 0x800003D8 (0x0000B237) lui tp, 0xb
x4 <- 0x0000B000

mem[X,0x800003DC] -> 0x0213
mem[X,0x800003DE] -> 0x5052
[252] [M]: 0x800003DC (0x50520213) addi tp, tp, 0x505
x4 <- 0x0000B505

mem[X,0x800003E0] -> 0x0337
mem[X,0x800003E2] -> 0xFFF0
[253] [M]: 0x800003E0 (0xFFF00337) lui t1, -0x100
x6 <- 0xFFF00000

mem[X,0x800003E4] -> 0x0313
mem[X,0x800003E6] -> 0xFFF3
[254] [M]: 0x800003E4 (0xFFF30313) addi t1, t1, -0x1
x6 <- 0xFFEFFFFF

mem[X,0x800003E8] -> 0x02B3
mem[X,0x800003EA] -> 0x0262
[255] [M]: 0x800003E8 (0x026202B3) mul t0, tp, t1
x5 <- 0xAFAF4AFB

mem[X,0x800003EC] -> 0x2223
mem[X,0x800003EE] -> 0x0054
[256] [M]: 0x800003EC (0x00542223) sw t0, 0x4(fp)
mem[0x8000617C] <- 0xAFAF4AFB

mem[X,0x800003F0] -> 0xB2B7
mem[X,0x800003F2] -> 0x0000
[257] [M]: 0x800003F0 (0x0000B2B7) lui t0, 0xb
x5 <- 0x0000B000

mem[X,0x800003F4] -> 0x8293
mem[X,0x800003F6] -> 0x5052
[258] [M]: 0x800003F4 (0x50528293) addi t0, t0, 0x505
x5 <- 0x0000B505

mem[X,0x800003F8] -> 0x01B7
mem[X,0x800003FA] -> 0xFFE0
[259] [M]: 0x800003F8 (0xFFE001B7) lui gp, -0x200
x3 <- 0xFFE00000

mem[X,0x800003FC] -> 0x8193
mem[X,0x800003FE] -> 0xFFF1
[260] [M]: 0x800003FC (0xFFF18193) addi gp, gp, -0x1
x3 <- 0xFFDFFFFF

mem[X,0x80000400] -> 0x8233
mem[X,0x80000402] -> 0x0232
[261] [M]: 0x80000400 (0x02328233) mul tp, t0, gp
x4 <- 0x5F5F4AFB

mem[X,0x80000404] -> 0x2423
mem[X,0x80000406] -> 0x0044
[262] [M]: 0x80000404 (0x00442423) sw tp, 0x8(fp)
mem[0x80006180] <- 0x5F5F4AFB

mem[X,0x80000408] -> 0xB137
mem[X,0x8000040A] -> 0x0000
[263] [M]: 0x80000408 (0x0000B137) lui sp, 0xb
x2 <- 0x0000B000

mem[X,0x8000040C] -> 0x0113
mem[X,0x8000040E] -> 0x5051
[264] [M]: 0x8000040C (0x50510113) addi sp, sp, 0x505
x2 <- 0x0000B505

mem[X,0x80000410] -> 0x0237
mem[X,0x80000412] -> 0xFFC0
[265] [M]: 0x80000410 (0xFFC00237) lui tp, -0x400
x4 <- 0xFFC00000

mem[X,0x80000414] -> 0x0213
mem[X,0x80000416] -> 0xFFF2
[266] [M]: 0x80000414 (0xFFF20213) addi tp, tp, -0x1
x4 <- 0xFFBFFFFF

mem[X,0x80000418] -> 0x01B3
mem[X,0x8000041A] -> 0x0241
[267] [M]: 0x80000418 (0x024101B3) mul gp, sp, tp
x3 <- 0xBEBF4AFB

mem[X,0x8000041C] -> 0x2623
mem[X,0x8000041E] -> 0x0034
[268] [M]: 0x8000041C (0x00342623) sw gp, 0xc(fp)
mem[0x80006184] <- 0xBEBF4AFB

mem[X,0x80000420] -> 0xB1B7
mem[X,0x80000422] -> 0x0000
[269] [M]: 0x80000420 (0x0000B1B7) lui gp, 0xb
x3 <- 0x0000B000

mem[X,0x80000424] -> 0x8193
mem[X,0x80000426] -> 0x5051
[270] [M]: 0x80000424 (0x50518193) addi gp, gp, 0x505
x3 <- 0x0000B505

mem[X,0x80000428] -> 0x00B7
mem[X,0x8000042A] -> 0xFF80
[271] [M]: 0x80000428 (0xFF8000B7) lui ra, -0x800
x1 <- 0xFF800000

mem[X,0x8000042C] -> 0x8093
mem[X,0x8000042E] -> 0xFFF0
[272] [M]: 0x8000042C (0xFFF08093) addi ra, ra, -0x1
x1 <- 0xFF7FFFFF

mem[X,0x80000430] -> 0x8133
mem[X,0x80000432] -> 0x0211
[273] [M]: 0x80000430 (0x02118133) mul sp, gp, ra
x2 <- 0x7D7F4AFB

mem[X,0x80000434] -> 0x2823
mem[X,0x80000436] -> 0x0024
[274] [M]: 0x80000434 (0x00242823) sw sp, 0x10(fp)
mem[0x80006188] <- 0x7D7F4AFB

mem[X,0x80000438] -> 0x0013
mem[X,0x8000043A] -> 0x0000
[275] [M]: 0x80000438 (0x00000013) addi zero, zero, 0x0

mem[X,0x8000043C] -> 0x0137
mem[X,0x8000043E] -> 0xFF00
[276] [M]: 0x8000043C (0xFF000137) lui sp, -0x1000
x2 <- 0xFF000000

mem[X,0x80000440] -> 0x0113
mem[X,0x80000442] -> 0xFFF1
[277] [M]: 0x80000440 (0xFFF10113) addi sp, sp, -0x1
x2 <- 0xFEFFFFFF

mem[X,0x80000444] -> 0x00B3
mem[X,0x80000446] -> 0x0220
[278] [M]: 0x80000444 (0x022000B3) mul ra, zero, sp
x1 <- 0x00000000

mem[X,0x80000448] -> 0x2A23
mem[X,0x8000044A] -> 0x0014
[279] [M]: 0x80000448 (0x00142A23) sw ra, 0x14(fp)
mem[0x8000618C] <- 0x00000000

mem[X,0x8000044C] -> 0xB0B7
mem[X,0x8000044E] -> 0x0000
[280] [M]: 0x8000044C (0x0000B0B7) lui ra, 0xb
x1 <- 0x0000B000

mem[X,0x80000450] -> 0x8093
mem[X,0x80000452] -> 0x5050
[281] [M]: 0x80000450 (0x50508093) addi ra, ra, 0x505
x1 <- 0x0000B505

mem[X,0x80000454] -> 0x0F37
mem[X,0x80000456] -> 0xFE00
[282] [M]: 0x80000454 (0xFE000F37) lui t5, -0x2000
x30 <- 0xFE000000

mem[X,0x80000458] -> 0x0F13
mem[X,0x8000045A] -> 0xFFFF
[283] [M]: 0x80000458 (0xFFFF0F13) addi t5, t5, -0x1
x30 <- 0xFDFFFFFF

mem[X,0x8000045C] -> 0x8FB3
mem[X,0x8000045E] -> 0x03E0
[284] [M]: 0x8000045C (0x03E08FB3) mul t6, ra, t5
x31 <- 0xF5FF4AFB

mem[X,0x80000460] -> 0x2C23
mem[X,0x80000462] -> 0x01F4
[285] [M]: 0x80000460 (0x01F42C23) sw t6, 0x18(fp)
mem[0x80006190] <- 0xF5FF4AFB

mem[X,0x80000464] -> 0xBF37
mem[X,0x80000466] -> 0x0000
[286] [M]: 0x80000464 (0x0000BF37) lui t5, 0xb
x30 <- 0x0000B000

mem[X,0x80000468] -> 0x0F13
mem[X,0x8000046A] -> 0x505F
[287] [M]: 0x80000468 (0x505F0F13) addi t5, t5, 0x505
x30 <- 0x0000B505

mem[X,0x8000046C] -> 0x0013
mem[X,0x8000046E] -> 0x0000
[288] [M]: 0x8000046C (0x00000013) addi zero, zero, 0x0

mem[X,0x80000470] -> 0x0FB3
mem[X,0x80000472] -> 0x020F
[289] [M]: 0x80000470 (0x020F0FB3) mul t6, t5, zero
x31 <- 0x00000000

mem[X,0x80000474] -> 0x2E23
mem[X,0x80000476] -> 0x01F4
[290] [M]: 0x80000474 (0x01F42E23) sw t6, 0x1c(fp)
mem[0x80006194] <- 0x00000000

mem[X,0x80000478] -> 0xBFB7
mem[X,0x8000047A] -> 0x0000
[291] [M]: 0x80000478 (0x0000BFB7) lui t6, 0xb
x31 <- 0x0000B000

mem[X,0x8000047C] -> 0x8F93
mem[X,0x8000047E] -> 0x505F
[292] [M]: 0x8000047C (0x505F8F93) addi t6, t6, 0x505
x31 <- 0x0000B505

mem[X,0x80000480] -> 0x0F37
mem[X,0x80000482] -> 0xF800
[293] [M]: 0x80000480 (0xF8000F37) lui t5, -0x8000
x30 <- 0xF8000000

mem[X,0x80000484] -> 0x0F13
mem[X,0x80000486] -> 0xFFFF
[294] [M]: 0x80000484 (0xFFFF0F13) addi t5, t5, -0x1
x30 <- 0xF7FFFFFF

mem[X,0x80000488] -> 0x8033
mem[X,0x8000048A] -> 0x03EF
[295] [M]: 0x80000488 (0x03EF8033) mul zero, t6, t5

mem[X,0x8000048C] -> 0x2023
mem[X,0x8000048E] -> 0x0204
[296] [M]: 0x8000048C (0x02042023) sw zero, 0x20(fp)
mem[0x80006198] <- 0x00000000

mem[X,0x80000490] -> 0xBF37
mem[X,0x80000492] -> 0x0000
[297] [M]: 0x80000490 (0x0000BF37) lui t5, 0xb
x30 <- 0x0000B000

mem[X,0x80000494] -> 0x0F13
mem[X,0x80000496] -> 0x505F
[298] [M]: 0x80000494 (0x505F0F13) addi t5, t5, 0x505
x30 <- 0x0000B505

mem[X,0x80000498] -> 0x0EB7
mem[X,0x8000049A] -> 0xF000
[299] [M]: 0x80000498 (0xF0000EB7) lui t4, -0x10000
x29 <- 0xF0000000

clint::tick mtime <- 0x0000000000000003
 clint timer pending at mtime 0x0000000000000003
htif::tick 0x0000000000000000
mem[X,0x8000049C] -> 0x8E93
mem[X,0x8000049E] -> 0xFFFE
[300] [M]: 0x8000049C (0xFFFE8E93) addi t4, t4, -0x1
x29 <- 0xEFFFFFFF

mem[X,0x800004A0] -> 0x0FB3
mem[X,0x800004A2] -> 0x03DF
[301] [M]: 0x800004A0 (0x03DF0FB3) mul t6, t5, t4
x31 <- 0xAFFF4AFB

mem[X,0x800004A4] -> 0x2223
mem[X,0x800004A6] -> 0x03F4
[302] [M]: 0x800004A4 (0x03F42223) sw t6, 0x24(fp)
mem[0x8000619C] <- 0xAFFF4AFB

mem[X,0x800004A8] -> 0xBF37
mem[X,0x800004AA] -> 0x0000
[303] [M]: 0x800004A8 (0x0000BF37) lui t5, 0xb
x30 <- 0x0000B000

mem[X,0x800004AC] -> 0x0F13
mem[X,0x800004AE] -> 0x505F
[304] [M]: 0x800004AC (0x505F0F13) addi t5, t5, 0x505
x30 <- 0x0000B505

mem[X,0x800004B0] -> 0x0EB7
mem[X,0x800004B2] -> 0xE000
[305] [M]: 0x800004B0 (0xE0000EB7) lui t4, -0x20000
x29 <- 0xE0000000

mem[X,0x800004B4] -> 0x8E93
mem[X,0x800004B6] -> 0xFFFE
[306] [M]: 0x800004B4 (0xFFFE8E93) addi t4, t4, -0x1
x29 <- 0xDFFFFFFF

mem[X,0x800004B8] -> 0x0FB3
mem[X,0x800004BA] -> 0x03DF
[307] [M]: 0x800004B8 (0x03DF0FB3) mul t6, t5, t4
x31 <- 0x5FFF4AFB

mem[X,0x800004BC] -> 0x2423
mem[X,0x800004BE] -> 0x03F4
[308] [M]: 0x800004BC (0x03F42423) sw t6, 0x28(fp)
mem[0x800061A0] <- 0x5FFF4AFB

mem[X,0x800004C0] -> 0xBF37
mem[X,0x800004C2] -> 0x0000
[309] [M]: 0x800004C0 (0x0000BF37) lui t5, 0xb
x30 <- 0x0000B000

mem[X,0x800004C4] -> 0x0F13
mem[X,0x800004C6] -> 0x505F
[310] [M]: 0x800004C4 (0x505F0F13) addi t5, t5, 0x505
x30 <- 0x0000B505

mem[X,0x800004C8] -> 0x0EB7
mem[X,0x800004CA] -> 0xC000
[311] [M]: 0x800004C8 (0xC0000EB7) lui t4, -0x40000
x29 <- 0xC0000000

mem[X,0x800004CC] -> 0x8E93
mem[X,0x800004CE] -> 0xFFFE
[312] [M]: 0x800004CC (0xFFFE8E93) addi t4, t4, -0x1
x29 <- 0xBFFFFFFF

mem[X,0x800004D0] -> 0x0FB3
mem[X,0x800004D2] -> 0x03DF
[313] [M]: 0x800004D0 (0x03DF0FB3) mul t6, t5, t4
x31 <- 0xBFFF4AFB

mem[X,0x800004D4] -> 0x2623
mem[X,0x800004D6] -> 0x03F4
[314] [M]: 0x800004D4 (0x03F42623) sw t6, 0x2c(fp)
mem[0x800061A4] <- 0xBFFF4AFB

mem[X,0x800004D8] -> 0xBF37
mem[X,0x800004DA] -> 0x0000
[315] [M]: 0x800004D8 (0x0000BF37) lui t5, 0xb
x30 <- 0x0000B000

mem[X,0x800004DC] -> 0x0F13
mem[X,0x800004DE] -> 0x505F
[316] [M]: 0x800004DC (0x505F0F13) addi t5, t5, 0x505
x30 <- 0x0000B505

mem[X,0x800004E0] -> 0x0EB7
mem[X,0x800004E2] -> 0x8000
[317] [M]: 0x800004E0 (0x80000EB7) lui t4, -0x80000
x29 <- 0x80000000

mem[X,0x800004E4] -> 0x8E93
mem[X,0x800004E6] -> 0xFFFE
[318] [M]: 0x800004E4 (0xFFFE8E93) addi t4, t4, -0x1
x29 <- 0x7FFFFFFF

mem[X,0x800004E8] -> 0x0FB3
mem[X,0x800004EA] -> 0x03DF
[319] [M]: 0x800004E8 (0x03DF0FB3) mul t6, t5, t4
x31 <- 0x7FFF4AFB

mem[X,0x800004EC] -> 0x2823
mem[X,0x800004EE] -> 0x03F4
[320] [M]: 0x800004EC (0x03F42823) sw t6, 0x30(fp)
mem[0x800061A8] <- 0x7FFF4AFB

mem[X,0x800004F0] -> 0x0F13
mem[X,0x800004F2] -> 0xFFE0
[321] [M]: 0x800004F0 (0xFFE00F13) addi t5, zero, -0x2
x30 <- 0xFFFFFFFE

mem[X,0x800004F4] -> 0xBEB7
mem[X,0x800004F6] -> 0x0000
[322] [M]: 0x800004F4 (0x0000BEB7) lui t4, 0xb
x29 <- 0x0000B000

mem[X,0x800004F8] -> 0x8E93
mem[X,0x800004FA] -> 0x505E
[323] [M]: 0x800004F8 (0x505E8E93) addi t4, t4, 0x505
x29 <- 0x0000B505

mem[X,0x800004FC] -> 0x0FB3
mem[X,0x800004FE] -> 0x03DF
[324] [M]: 0x800004FC (0x03DF0FB3) mul t6, t5, t4
x31 <- 0xFFFE95F6

mem[X,0x80000500] -> 0x2A23
mem[X,0x80000502] -> 0x03F4
[325] [M]: 0x80000500 (0x03F42A23) sw t6, 0x34(fp)
mem[0x800061AC] <- 0xFFFE95F6

mem[X,0x80000504] -> 0x0F13
mem[X,0x80000506] -> 0xFFD0
[326] [M]: 0x80000504 (0xFFD00F13) addi t5, zero, -0x3
x30 <- 0xFFFFFFFD

mem[X,0x80000508] -> 0xBEB7
mem[X,0x8000050A] -> 0x0000
[327] [M]: 0x80000508 (0x0000BEB7) lui t4, 0xb
x29 <- 0x0000B000

mem[X,0x8000050C] -> 0x8E93
mem[X,0x8000050E] -> 0x505E
[328] [M]: 0x8000050C (0x505E8E93) addi t4, t4, 0x505
x29 <- 0x0000B505

mem[X,0x80000510] -> 0x0FB3
mem[X,0x80000512] -> 0x03DF
[329] [M]: 0x80000510 (0x03DF0FB3) mul t6, t5, t4
x31 <- 0xFFFDE0F1

mem[X,0x80000514] -> 0x2C23
mem[X,0x80000516] -> 0x03F4
[330] [M]: 0x80000514 (0x03F42C23) sw t6, 0x38(fp)
mem[0x800061B0] <- 0xFFFDE0F1

mem[X,0x80000518] -> 0x0F13
mem[X,0x8000051A] -> 0xFFB0
[331] [M]: 0x80000518 (0xFFB00F13) addi t5, zero, -0x5
x30 <- 0xFFFFFFFB

mem[X,0x8000051C] -> 0xBEB7
mem[X,0x8000051E] -> 0x0000
[332] [M]: 0x8000051C (0x0000BEB7) lui t4, 0xb
x29 <- 0x0000B000

mem[X,0x80000520] -> 0x8E93
mem[X,0x80000522] -> 0x505E
[333] [M]: 0x80000520 (0x505E8E93) addi t4, t4, 0x505
x29 <- 0x0000B505

mem[X,0x80000524] -> 0x0FB3
mem[X,0x80000526] -> 0x03DF
[334] [M]: 0x80000524 (0x03DF0FB3) mul t6, t5, t4
x31 <- 0xFFFC76E7

mem[X,0x80000528] -> 0x2E23
mem[X,0x8000052A] -> 0x03F4
[335] [M]: 0x80000528 (0x03F42E23) sw t6, 0x3c(fp)
mem[0x800061B4] <- 0xFFFC76E7

mem[X,0x8000052C] -> 0x0F13
mem[X,0x8000052E] -> 0xFF70
[336] [M]: 0x8000052C (0xFF700F13) addi t5, zero, -0x9
x30 <- 0xFFFFFFF7

mem[X,0x80000530] -> 0xBEB7
mem[X,0x80000532] -> 0x0000
[337] [M]: 0x80000530 (0x0000BEB7) lui t4, 0xb
x29 <- 0x0000B000

mem[X,0x80000534] -> 0x8E93
mem[X,0x80000536] -> 0x505E
[338] [M]: 0x80000534 (0x505E8E93) addi t4, t4, 0x505
x29 <- 0x0000B505

mem[X,0x80000538] -> 0x0FB3
mem[X,0x8000053A] -> 0x03DF
[339] [M]: 0x80000538 (0x03DF0FB3) mul t6, t5, t4
x31 <- 0xFFF9A2D3

mem[X,0x8000053C] -> 0x2023
mem[X,0x8000053E] -> 0x05F4
[340] [M]: 0x8000053C (0x05F42023) sw t6, 0x40(fp)
mem[0x800061B8] <- 0xFFF9A2D3

mem[X,0x80000540] -> 0x0F13
mem[X,0x80000542] -> 0xFEF0
[341] [M]: 0x80000540 (0xFEF00F13) addi t5, zero, -0x11
x30 <- 0xFFFFFFEF

mem[X,0x80000544] -> 0xBEB7
mem[X,0x80000546] -> 0x0000
[342] [M]: 0x80000544 (0x0000BEB7) lui t4, 0xb
x29 <- 0x0000B000

mem[X,0x80000548] -> 0x8E93
mem[X,0x8000054A] -> 0x505E
[343] [M]: 0x80000548 (0x505E8E93) addi t4, t4, 0x505
x29 <- 0x0000B505

mem[X,0x8000054C] -> 0x0FB3
mem[X,0x8000054E] -> 0x03DF
[344] [M]: 0x8000054C (0x03DF0FB3) mul t6, t5, t4
x31 <- 0xFFF3FAAB

mem[X,0x80000550] -> 0x2223
mem[X,0x80000552] -> 0x05F4
[345] [M]: 0x80000550 (0x05F42223) sw t6, 0x44(fp)
mem[0x800061BC] <- 0xFFF3FAAB

mem[X,0x80000554] -> 0x0F13
mem[X,0x80000556] -> 0xFDF0
[346] [M]: 0x80000554 (0xFDF00F13) addi t5, zero, -0x21
x30 <- 0xFFFFFFDF

mem[X,0x80000558] -> 0xBEB7
mem[X,0x8000055A] -> 0x0000
[347] [M]: 0x80000558 (0x0000BEB7) lui t4, 0xb
x29 <- 0x0000B000

mem[X,0x8000055C] -> 0x8E93
mem[X,0x8000055E] -> 0x505E
[348] [M]: 0x8000055C (0x505E8E93) addi t4, t4, 0x505
x29 <- 0x0000B505

mem[X,0x80000560] -> 0x0FB3
mem[X,0x80000562] -> 0x03DF
[349] [M]: 0x80000560 (0x03DF0FB3) mul t6, t5, t4
x31 <- 0xFFE8AA5B

mem[X,0x80000564] -> 0x2423
mem[X,0x80000566] -> 0x05F4
[350] [M]: 0x80000564 (0x05F42423) sw t6, 0x48(fp)
mem[0x800061C0] <- 0xFFE8AA5B

mem[X,0x80000568] -> 0x0F13
mem[X,0x8000056A] -> 0xFBF0
[351] [M]: 0x80000568 (0xFBF00F13) addi t5, zero, -0x41
x30 <- 0xFFFFFFBF

mem[X,0x8000056C] -> 0xBEB7
mem[X,0x8000056E] -> 0x0000
[352] [M]: 0x8000056C (0x0000BEB7) lui t4, 0xb
x29 <- 0x0000B000

mem[X,0x80000570] -> 0x8E93
mem[X,0x80000572] -> 0x505E
[353] [M]: 0x80000570 (0x505E8E93) addi t4, t4, 0x505
x29 <- 0x0000B505

mem[X,0x80000574] -> 0x0FB3
mem[X,0x80000576] -> 0x03DF
[354] [M]: 0x80000574 (0x03DF0FB3) mul t6, t5, t4
x31 <- 0xFFD209BB

mem[X,0x80000578] -> 0x2623
mem[X,0x8000057A] -> 0x05F4
[355] [M]: 0x80000578 (0x05F42623) sw t6, 0x4c(fp)
mem[0x800061C4] <- 0xFFD209BB

mem[X,0x8000057C] -> 0x0F13
mem[X,0x8000057E] -> 0xF7F0
[356] [M]: 0x8000057C (0xF7F00F13) addi t5, zero, -0x81
x30 <- 0xFFFFFF7F

mem[X,0x80000580] -> 0xBEB7
mem[X,0x80000582] -> 0x0000
[357] [M]: 0x80000580 (0x0000BEB7) lui t4, 0xb
x29 <- 0x0000B000

mem[X,0x80000584] -> 0x8E93
mem[X,0x80000586] -> 0x505E
[358] [M]: 0x80000584 (0x505E8E93) addi t4, t4, 0x505
x29 <- 0x0000B505

mem[X,0x80000588] -> 0x0FB3
mem[X,0x8000058A] -> 0x03DF
[359] [M]: 0x80000588 (0x03DF0FB3) mul t6, t5, t4
x31 <- 0xFFA4C87B

mem[X,0x8000058C] -> 0x2823
mem[X,0x8000058E] -> 0x05F4
[360] [M]: 0x8000058C (0x05F42823) sw t6, 0x50(fp)
mem[0x800061C8] <- 0xFFA4C87B

mem[X,0x80000590] -> 0x0F13
mem[X,0x80000592] -> 0xEFF0
[361] [M]: 0x80000590 (0xEFF00F13) addi t5, zero, -0x101
x30 <- 0xFFFFFEFF

mem[X,0x80000594] -> 0xBEB7
mem[X,0x80000596] -> 0x0000
[362] [M]: 0x80000594 (0x0000BEB7) lui t4, 0xb
x29 <- 0x0000B000

mem[X,0x80000598] -> 0x8E93
mem[X,0x8000059A] -> 0x505E
[363] [M]: 0x80000598 (0x505E8E93) addi t4, t4, 0x505
x29 <- 0x0000B505

mem[X,0x8000059C] -> 0x0FB3
mem[X,0x8000059E] -> 0x03DF
[364] [M]: 0x8000059C (0x03DF0FB3) mul t6, t5, t4
x31 <- 0xFF4A45FB

mem[X,0x800005A0] -> 0x2A23
mem[X,0x800005A2] -> 0x05F4
[365] [M]: 0x800005A0 (0x05F42A23) sw t6, 0x54(fp)
mem[0x800061CC] <- 0xFF4A45FB

mem[X,0x800005A4] -> 0x0F13
mem[X,0x800005A6] -> 0xDFF0
[366] [M]: 0x800005A4 (0xDFF00F13) addi t5, zero, -0x201
x30 <- 0xFFFFFDFF

mem[X,0x800005A8] -> 0xBEB7
mem[X,0x800005AA] -> 0x0000
[367] [M]: 0x800005A8 (0x0000BEB7) lui t4, 0xb
x29 <- 0x0000B000

mem[X,0x800005AC] -> 0x8E93
mem[X,0x800005AE] -> 0x505E
[368] [M]: 0x800005AC (0x505E8E93) addi t4, t4, 0x505
x29 <- 0x0000B505

mem[X,0x800005B0] -> 0x0FB3
mem[X,0x800005B2] -> 0x03DF
[369] [M]: 0x800005B0 (0x03DF0FB3) mul t6, t5, t4
x31 <- 0xFE9540FB

mem[X,0x800005B4] -> 0x2C23
mem[X,0x800005B6] -> 0x05F4
[370] [M]: 0x800005B4 (0x05F42C23) sw t6, 0x58(fp)
mem[0x800061D0] <- 0xFE9540FB

mem[X,0x800005B8] -> 0x0F13
mem[X,0x800005BA] -> 0xBFF0
[371] [M]: 0x800005B8 (0xBFF00F13) addi t5, zero, -0x401
x30 <- 0xFFFFFBFF

mem[X,0x800005BC] -> 0xBEB7
mem[X,0x800005BE] -> 0x0000
[372] [M]: 0x800005BC (0x0000BEB7) lui t4, 0xb
x29 <- 0x0000B000

mem[X,0x800005C0] -> 0x8E93
mem[X,0x800005C2] -> 0x505E
[373] [M]: 0x800005C0 (0x505E8E93) addi t4, t4, 0x505
x29 <- 0x0000B505

mem[X,0x800005C4] -> 0x0FB3
mem[X,0x800005C6] -> 0x03DF
[374] [M]: 0x800005C4 (0x03DF0FB3) mul t6, t5, t4
x31 <- 0xFD2B36FB

mem[X,0x800005C8] -> 0x2E23
mem[X,0x800005CA] -> 0x05F4
[375] [M]: 0x800005C8 (0x05F42E23) sw t6, 0x5c(fp)
mem[0x800061D4] <- 0xFD2B36FB

mem[X,0x800005CC] -> 0xFF37
mem[X,0x800005CE] -> 0xFFFF
[376] [M]: 0x800005CC (0xFFFFFF37) lui t5, -0x1
x30 <- 0xFFFFF000

mem[X,0x800005D0] -> 0x0F13
mem[X,0x800005D2] -> 0x7FFF
[377] [M]: 0x800005D0 (0x7FFF0F13) addi t5, t5, 0x7ff
x30 <- 0xFFFFF7FF

mem[X,0x800005D4] -> 0xBEB7
mem[X,0x800005D6] -> 0x0000
[378] [M]: 0x800005D4 (0x0000BEB7) lui t4, 0xb
x29 <- 0x0000B000

mem[X,0x800005D8] -> 0x8E93
mem[X,0x800005DA] -> 0x505E
[379] [M]: 0x800005D8 (0x505E8E93) addi t4, t4, 0x505
x29 <- 0x0000B505

mem[X,0x800005DC] -> 0x0FB3
mem[X,0x800005DE] -> 0x03DF
[380] [M]: 0x800005DC (0x03DF0FB3) mul t6, t5, t4
x31 <- 0xFA5722FB

mem[X,0x800005E0] -> 0x2023
mem[X,0x800005E2] -> 0x07F4
[381] [M]: 0x800005E0 (0x07F42023) sw t6, 0x60(fp)
mem[0x800061D8] <- 0xFA5722FB

mem[X,0x800005E4] -> 0xFF37
mem[X,0x800005E6] -> 0xFFFF
[382] [M]: 0x800005E4 (0xFFFFFF37) lui t5, -0x1
x30 <- 0xFFFFF000

mem[X,0x800005E8] -> 0x0F13
mem[X,0x800005EA] -> 0xFFFF
[383] [M]: 0x800005E8 (0xFFFF0F13) addi t5, t5, -0x1
x30 <- 0xFFFFEFFF

mem[X,0x800005EC] -> 0xBEB7
mem[X,0x800005EE] -> 0x0000
[384] [M]: 0x800005EC (0x0000BEB7) lui t4, 0xb
x29 <- 0x0000B000

mem[X,0x800005F0] -> 0x8E93
mem[X,0x800005F2] -> 0x505E
[385] [M]: 0x800005F0 (0x505E8E93) addi t4, t4, 0x505
x29 <- 0x0000B505

mem[X,0x800005F4] -> 0x0FB3
mem[X,0x800005F6] -> 0x03DF
[386] [M]: 0x800005F4 (0x03DF0FB3) mul t6, t5, t4
x31 <- 0xF4AEFAFB

mem[X,0x800005F8] -> 0x2223
mem[X,0x800005FA] -> 0x07F4
[387] [M]: 0x800005F8 (0x07F42223) sw t6, 0x64(fp)
mem[0x800061DC] <- 0xF4AEFAFB

mem[X,0x800005FC] -> 0xEF37
mem[X,0x800005FE] -> 0xFFFF
[388] [M]: 0x800005FC (0xFFFFEF37) lui t5, -0x2
x30 <- 0xFFFFE000

mem[X,0x80000600] -> 0x0F13
mem[X,0x80000602] -> 0xFFFF
[389] [M]: 0x80000600 (0xFFFF0F13) addi t5, t5, -0x1
x30 <- 0xFFFFDFFF

mem[X,0x80000604] -> 0xBEB7
mem[X,0x80000606] -> 0x0000
[390] [M]: 0x80000604 (0x0000BEB7) lui t4, 0xb
x29 <- 0x0000B000

mem[X,0x80000608] -> 0x8E93
mem[X,0x8000060A] -> 0x505E
[391] [M]: 0x80000608 (0x505E8E93) addi t4, t4, 0x505
x29 <- 0x0000B505

mem[X,0x8000060C] -> 0x0FB3
mem[X,0x8000060E] -> 0x03DF
[392] [M]: 0x8000060C (0x03DF0FB3) mul t6, t5, t4
x31 <- 0xE95EAAFB

mem[X,0x80000610] -> 0x2423
mem[X,0x80000612] -> 0x07F4
[393] [M]: 0x80000610 (0x07F42423) sw t6, 0x68(fp)
mem[0x800061E0] <- 0xE95EAAFB

mem[X,0x80000614] -> 0xCF37
mem[X,0x80000616] -> 0xFFFF
[394] [M]: 0x80000614 (0xFFFFCF37) lui t5, -0x4
x30 <- 0xFFFFC000

mem[X,0x80000618] -> 0x0F13
mem[X,0x8000061A] -> 0xFFFF
[395] [M]: 0x80000618 (0xFFFF0F13) addi t5, t5, -0x1
x30 <- 0xFFFFBFFF

mem[X,0x8000061C] -> 0xBEB7
mem[X,0x8000061E] -> 0x0000
[396] [M]: 0x8000061C (0x0000BEB7) lui t4, 0xb
x29 <- 0x0000B000

mem[X,0x80000620] -> 0x8E93
mem[X,0x80000622] -> 0x505E
[397] [M]: 0x80000620 (0x505E8E93) addi t4, t4, 0x505
x29 <- 0x0000B505

mem[X,0x80000624] -> 0x0FB3
mem[X,0x80000626] -> 0x03DF
[398] [M]: 0x80000624 (0x03DF0FB3) mul t6, t5, t4
x31 <- 0xD2BE0AFB

mem[X,0x80000628] -> 0x2623
mem[X,0x8000062A] -> 0x07F4
[399] [M]: 0x80000628 (0x07F42623) sw t6, 0x6c(fp)
mem[0x800061E4] <- 0xD2BE0AFB

clint::tick mtime <- 0x0000000000000004
 clint timer pending at mtime 0x0000000000000004
htif::tick 0x0000000000000000
mem[X,0x8000062C] -> 0x8F37
mem[X,0x8000062E] -> 0xFFFF
[400] [M]: 0x8000062C (0xFFFF8F37) lui t5, -0x8
x30 <- 0xFFFF8000

mem[X,0x80000630] -> 0x0F13
mem[X,0x80000632] -> 0xFFFF
[401] [M]: 0x80000630 (0xFFFF0F13) addi t5, t5, -0x1
x30 <- 0xFFFF7FFF

mem[X,0x80000634] -> 0xBEB7
mem[X,0x80000636] -> 0x0000
[402] [M]: 0x80000634 (0x0000BEB7) lui t4, 0xb
x29 <- 0x0000B000

mem[X,0x80000638] -> 0x8E93
mem[X,0x8000063A] -> 0x505E
[403] [M]: 0x80000638 (0x505E8E93) addi t4, t4, 0x505
x29 <- 0x0000B505

mem[X,0x8000063C] -> 0x0FB3
mem[X,0x8000063E] -> 0x03DF
[404] [M]: 0x8000063C (0x03DF0FB3) mul t6, t5, t4
x31 <- 0xA57CCAFB

mem[X,0x80000640] -> 0x2823
mem[X,0x80000642] -> 0x07F4
[405] [M]: 0x80000640 (0x07F42823) sw t6, 0x70(fp)
mem[0x800061E8] <- 0xA57CCAFB

mem[X,0x80000644] -> 0x0F37
mem[X,0x80000646] -> 0xFFFF
[406] [M]: 0x80000644 (0xFFFF0F37) lui t5, -0x10
x30 <- 0xFFFF0000

mem[X,0x80000648] -> 0x0F13
mem[X,0x8000064A] -> 0xFFFF
[407] [M]: 0x80000648 (0xFFFF0F13) addi t5, t5, -0x1
x30 <- 0xFFFEFFFF

mem[X,0x8000064C] -> 0xBEB7
mem[X,0x8000064E] -> 0x0000
[408] [M]: 0x8000064C (0x0000BEB7) lui t4, 0xb
x29 <- 0x0000B000

mem[X,0x80000650] -> 0x8E93
mem[X,0x80000652] -> 0x505E
[409] [M]: 0x80000650 (0x505E8E93) addi t4, t4, 0x505
x29 <- 0x0000B505

mem[X,0x80000654] -> 0x0FB3
mem[X,0x80000656] -> 0x03DF
[410] [M]: 0x80000654 (0x03DF0FB3) mul t6, t5, t4
x31 <- 0x4AFA4AFB

mem[X,0x80000658] -> 0x2A23
mem[X,0x8000065A] -> 0x07F4
[411] [M]: 0x80000658 (0x07F42A23) sw t6, 0x74(fp)
mem[0x800061EC] <- 0x4AFA4AFB

mem[X,0x8000065C] -> 0x0F37
mem[X,0x8000065E] -> 0xFFFE
[412] [M]: 0x8000065C (0xFFFE0F37) lui t5, -0x20
x30 <- 0xFFFE0000

mem[X,0x80000660] -> 0x0F13
mem[X,0x80000662] -> 0xFFFF
[413] [M]: 0x80000660 (0xFFFF0F13) addi t5, t5, -0x1
x30 <- 0xFFFDFFFF

mem[X,0x80000664] -> 0xBEB7
mem[X,0x80000666] -> 0x0000
[414] [M]: 0x80000664 (0x0000BEB7) lui t4, 0xb
x29 <- 0x0000B000

mem[X,0x80000668] -> 0x8E93
mem[X,0x8000066A] -> 0x505E
[415] [M]: 0x80000668 (0x505E8E93) addi t4, t4, 0x505
x29 <- 0x0000B505

mem[X,0x8000066C] -> 0x0FB3
mem[X,0x8000066E] -> 0x03DF
[416] [M]: 0x8000066C (0x03DF0FB3) mul t6, t5, t4
x31 <- 0x95F54AFB

mem[X,0x80000670] -> 0x2C23
mem[X,0x80000672] -> 0x07F4
[417] [M]: 0x80000670 (0x07F42C23) sw t6, 0x78(fp)
mem[0x800061F0] <- 0x95F54AFB

mem[X,0x80000674] -> 0x0F37
mem[X,0x80000676] -> 0xFFFC
[418] [M]: 0x80000674 (0xFFFC0F37) lui t5, -0x40
x30 <- 0xFFFC0000

mem[X,0x80000678] -> 0x0F13
mem[X,0x8000067A] -> 0xFFFF
[419] [M]: 0x80000678 (0xFFFF0F13) addi t5, t5, -0x1
x30 <- 0xFFFBFFFF

mem[X,0x8000067C] -> 0xBEB7
mem[X,0x8000067E] -> 0x0000
[420] [M]: 0x8000067C (0x0000BEB7) lui t4, 0xb
x29 <- 0x0000B000

mem[X,0x80000680] -> 0x8E93
mem[X,0x80000682] -> 0x505E
[421] [M]: 0x80000680 (0x505E8E93) addi t4, t4, 0x505
x29 <- 0x0000B505

mem[X,0x80000684] -> 0x0FB3
mem[X,0x80000686] -> 0x03DF
[422] [M]: 0x80000684 (0x03DF0FB3) mul t6, t5, t4
x31 <- 0x2BEB4AFB

mem[X,0x80000688] -> 0x2E23
mem[X,0x8000068A] -> 0x07F4
[423] [M]: 0x80000688 (0x07F42E23) sw t6, 0x7c(fp)
mem[0x800061F4] <- 0x2BEB4AFB

mem[X,0x8000068C] -> 0x0F37
mem[X,0x8000068E] -> 0xFFF8
[424] [M]: 0x8000068C (0xFFF80F37) lui t5, -0x80
x30 <- 0xFFF80000

mem[X,0x80000690] -> 0x0F13
mem[X,0x80000692] -> 0xFFFF
[425] [M]: 0x80000690 (0xFFFF0F13) addi t5, t5, -0x1
x30 <- 0xFFF7FFFF

mem[X,0x80000694] -> 0xBEB7
mem[X,0x80000696] -> 0x0000
[426] [M]: 0x80000694 (0x0000BEB7) lui t4, 0xb
x29 <- 0x0000B000

mem[X,0x80000698] -> 0x8E93
mem[X,0x8000069A] -> 0x505E
[427] [M]: 0x80000698 (0x505E8E93) addi t4, t4, 0x505
x29 <- 0x0000B505

mem[X,0x8000069C] -> 0x0FB3
mem[X,0x8000069E] -> 0x03DF
[428] [M]: 0x8000069C (0x03DF0FB3) mul t6, t5, t4
x31 <- 0x57D74AFB

mem[X,0x800006A0] -> 0x2023
mem[X,0x800006A2] -> 0x09F4
[429] [M]: 0x800006A0 (0x09F42023) sw t6, 0x80(fp)
mem[0x800061F8] <- 0x57D74AFB

mem[X,0x800006A4] -> 0x0F37
mem[X,0x800006A6] -> 0xFFF0
[430] [M]: 0x800006A4 (0xFFF00F37) lui t5, -0x100
x30 <- 0xFFF00000

mem[X,0x800006A8] -> 0x0F13
mem[X,0x800006AA] -> 0xFFFF
[431] [M]: 0x800006A8 (0xFFFF0F13) addi t5, t5, -0x1
x30 <- 0xFFEFFFFF

mem[X,0x800006AC] -> 0xBEB7
mem[X,0x800006AE] -> 0x0000
[432] [M]: 0x800006AC (0x0000BEB7) lui t4, 0xb
x29 <- 0x0000B000

mem[X,0x800006B0] -> 0x8E93
mem[X,0x800006B2] -> 0x505E
[433] [M]: 0x800006B0 (0x505E8E93) addi t4, t4, 0x505
x29 <- 0x0000B505

mem[X,0x800006B4] -> 0x0FB3
mem[X,0x800006B6] -> 0x03DF
[434] [M]: 0x800006B4 (0x03DF0FB3) mul t6, t5, t4
x31 <- 0xAFAF4AFB

mem[X,0x800006B8] -> 0x2223
mem[X,0x800006BA] -> 0x09F4
[435] [M]: 0x800006B8 (0x09F42223) sw t6, 0x84(fp)
mem[0x800061FC] <- 0xAFAF4AFB

mem[X,0x800006BC] -> 0x0F37
mem[X,0x800006BE] -> 0xFFE0
[436] [M]: 0x800006BC (0xFFE00F37) lui t5, -0x200
x30 <- 0xFFE00000

mem[X,0x800006C0] -> 0x0F13
mem[X,0x800006C2] -> 0xFFFF
[437] [M]: 0x800006C0 (0xFFFF0F13) addi t5, t5, -0x1
x30 <- 0xFFDFFFFF

mem[X,0x800006C4] -> 0xBEB7
mem[X,0x800006C6] -> 0x0000
[438] [M]: 0x800006C4 (0x0000BEB7) lui t4, 0xb
x29 <- 0x0000B000

mem[X,0x800006C8] -> 0x8E93
mem[X,0x800006CA] -> 0x505E
[439] [M]: 0x800006C8 (0x505E8E93) addi t4, t4, 0x505
x29 <- 0x0000B505

mem[X,0x800006CC] -> 0x0FB3
mem[X,0x800006CE] -> 0x03DF
[440] [M]: 0x800006CC (0x03DF0FB3) mul t6, t5, t4
x31 <- 0x5F5F4AFB

mem[X,0x800006D0] -> 0x2423
mem[X,0x800006D2] -> 0x09F4
[441] [M]: 0x800006D0 (0x09F42423) sw t6, 0x88(fp)
mem[0x80006200] <- 0x5F5F4AFB

mem[X,0x800006D4] -> 0x0F37
mem[X,0x800006D6] -> 0xFFC0
[442] [M]: 0x800006D4 (0xFFC00F37) lui t5, -0x400
x30 <- 0xFFC00000

mem[X,0x800006D8] -> 0x0F13
mem[X,0x800006DA] -> 0xFFFF
[443] [M]: 0x800006D8 (0xFFFF0F13) addi t5, t5, -0x1
x30 <- 0xFFBFFFFF

mem[X,0x800006DC] -> 0xBEB7
mem[X,0x800006DE] -> 0x0000
[444] [M]: 0x800006DC (0x0000BEB7) lui t4, 0xb
x29 <- 0x0000B000

mem[X,0x800006E0] -> 0x8E93
mem[X,0x800006E2] -> 0x505E
[445] [M]: 0x800006E0 (0x505E8E93) addi t4, t4, 0x505
x29 <- 0x0000B505

mem[X,0x800006E4] -> 0x0FB3
mem[X,0x800006E6] -> 0x03DF
[446] [M]: 0x800006E4 (0x03DF0FB3) mul t6, t5, t4
x31 <- 0xBEBF4AFB

mem[X,0x800006E8] -> 0x2623
mem[X,0x800006EA] -> 0x09F4
[447] [M]: 0x800006E8 (0x09F42623) sw t6, 0x8c(fp)
mem[0x80006204] <- 0xBEBF4AFB

mem[X,0x800006EC] -> 0x0F37
mem[X,0x800006EE] -> 0xFF80
[448] [M]: 0x800006EC (0xFF800F37) lui t5, -0x800
x30 <- 0xFF800000

mem[X,0x800006F0] -> 0x0F13
mem[X,0x800006F2] -> 0xFFFF
[449] [M]: 0x800006F0 (0xFFFF0F13) addi t5, t5, -0x1
x30 <- 0xFF7FFFFF

mem[X,0x800006F4] -> 0xBEB7
mem[X,0x800006F6] -> 0x0000
[450] [M]: 0x800006F4 (0x0000BEB7) lui t4, 0xb
x29 <- 0x0000B000

mem[X,0x800006F8] -> 0x8E93
mem[X,0x800006FA] -> 0x505E
[451] [M]: 0x800006F8 (0x505E8E93) addi t4, t4, 0x505
x29 <- 0x0000B505

mem[X,0x800006FC] -> 0x0FB3
mem[X,0x800006FE] -> 0x03DF
[452] [M]: 0x800006FC (0x03DF0FB3) mul t6, t5, t4
x31 <- 0x7D7F4AFB

mem[X,0x80000700] -> 0x2823
mem[X,0x80000702] -> 0x09F4
[453] [M]: 0x80000700 (0x09F42823) sw t6, 0x90(fp)
mem[0x80006208] <- 0x7D7F4AFB

mem[X,0x80000704] -> 0x0F37
mem[X,0x80000706] -> 0xFF00
[454] [M]: 0x80000704 (0xFF000F37) lui t5, -0x1000
x30 <- 0xFF000000

mem[X,0x80000708] -> 0x0F13
mem[X,0x8000070A] -> 0xFFFF
[455] [M]: 0x80000708 (0xFFFF0F13) addi t5, t5, -0x1
x30 <- 0xFEFFFFFF

mem[X,0x8000070C] -> 0xBEB7
mem[X,0x8000070E] -> 0x0000
[456] [M]: 0x8000070C (0x0000BEB7) lui t4, 0xb
x29 <- 0x0000B000

mem[X,0x80000710] -> 0x8E93
mem[X,0x80000712] -> 0x505E
[457] [M]: 0x80000710 (0x505E8E93) addi t4, t4, 0x505
x29 <- 0x0000B505

mem[X,0x80000714] -> 0x0FB3
mem[X,0x80000716] -> 0x03DF
[458] [M]: 0x80000714 (0x03DF0FB3) mul t6, t5, t4
x31 <- 0xFAFF4AFB

mem[X,0x80000718] -> 0x2A23
mem[X,0x8000071A] -> 0x09F4
[459] [M]: 0x80000718 (0x09F42A23) sw t6, 0x94(fp)
mem[0x8000620C] <- 0xFAFF4AFB

mem[X,0x8000071C] -> 0x0F37
mem[X,0x8000071E] -> 0xFE00
[460] [M]: 0x8000071C (0xFE000F37) lui t5, -0x2000
x30 <- 0xFE000000

mem[X,0x80000720] -> 0x0F13
mem[X,0x80000722] -> 0xFFFF
[461] [M]: 0x80000720 (0xFFFF0F13) addi t5, t5, -0x1
x30 <- 0xFDFFFFFF

mem[X,0x80000724] -> 0xBEB7
mem[X,0x80000726] -> 0x0000
[462] [M]: 0x80000724 (0x0000BEB7) lui t4, 0xb
x29 <- 0x0000B000

mem[X,0x80000728] -> 0x8E93
mem[X,0x8000072A] -> 0x505E
[463] [M]: 0x80000728 (0x505E8E93) addi t4, t4, 0x505
x29 <- 0x0000B505

mem[X,0x8000072C] -> 0x0FB3
mem[X,0x8000072E] -> 0x03DF
[464] [M]: 0x8000072C (0x03DF0FB3) mul t6, t5, t4
x31 <- 0xF5FF4AFB

mem[X,0x80000730] -> 0x2C23
mem[X,0x80000732] -> 0x09F4
[465] [M]: 0x80000730 (0x09F42C23) sw t6, 0x98(fp)
mem[0x80006210] <- 0xF5FF4AFB

mem[X,0x80000734] -> 0x0F37
mem[X,0x80000736] -> 0xFC00
[466] [M]: 0x80000734 (0xFC000F37) lui t5, -0x4000
x30 <- 0xFC000000

mem[X,0x80000738] -> 0x0F13
mem[X,0x8000073A] -> 0xFFFF
[467] [M]: 0x80000738 (0xFFFF0F13) addi t5, t5, -0x1
x30 <- 0xFBFFFFFF

mem[X,0x8000073C] -> 0xBEB7
mem[X,0x8000073E] -> 0x0000
[468] [M]: 0x8000073C (0x0000BEB7) lui t4, 0xb
x29 <- 0x0000B000

mem[X,0x80000740] -> 0x8E93
mem[X,0x80000742] -> 0x505E
[469] [M]: 0x80000740 (0x505E8E93) addi t4, t4, 0x505
x29 <- 0x0000B505

mem[X,0x80000744] -> 0x0FB3
mem[X,0x80000746] -> 0x03DF
[470] [M]: 0x80000744 (0x03DF0FB3) mul t6, t5, t4
x31 <- 0xEBFF4AFB

mem[X,0x80000748] -> 0x2E23
mem[X,0x8000074A] -> 0x09F4
[471] [M]: 0x80000748 (0x09F42E23) sw t6, 0x9c(fp)
mem[0x80006214] <- 0xEBFF4AFB

mem[X,0x8000074C] -> 0x0F37
mem[X,0x8000074E] -> 0xF800
[472] [M]: 0x8000074C (0xF8000F37) lui t5, -0x8000
x30 <- 0xF8000000

mem[X,0x80000750] -> 0x0F13
mem[X,0x80000752] -> 0xFFFF
[473] [M]: 0x80000750 (0xFFFF0F13) addi t5, t5, -0x1
x30 <- 0xF7FFFFFF

mem[X,0x80000754] -> 0xBEB7
mem[X,0x80000756] -> 0x0000
[474] [M]: 0x80000754 (0x0000BEB7) lui t4, 0xb
x29 <- 0x0000B000

mem[X,0x80000758] -> 0x8E93
mem[X,0x8000075A] -> 0x505E
[475] [M]: 0x80000758 (0x505E8E93) addi t4, t4, 0x505
x29 <- 0x0000B505

mem[X,0x8000075C] -> 0x0FB3
mem[X,0x8000075E] -> 0x03DF
[476] [M]: 0x8000075C (0x03DF0FB3) mul t6, t5, t4
x31 <- 0xD7FF4AFB

mem[X,0x80000760] -> 0x2023
mem[X,0x80000762] -> 0x0BF4
[477] [M]: 0x80000760 (0x0BF42023) sw t6, 0xa0(fp)
mem[0x80006218] <- 0xD7FF4AFB

mem[X,0x80000764] -> 0x0F37
mem[X,0x80000766] -> 0xF000
[478] [M]: 0x80000764 (0xF0000F37) lui t5, -0x10000
x30 <- 0xF0000000

mem[X,0x80000768] -> 0x0F13
mem[X,0x8000076A] -> 0xFFFF
[479] [M]: 0x80000768 (0xFFFF0F13) addi t5, t5, -0x1
x30 <- 0xEFFFFFFF

mem[X,0x8000076C] -> 0xBEB7
mem[X,0x8000076E] -> 0x0000
[480] [M]: 0x8000076C (0x0000BEB7) lui t4, 0xb
x29 <- 0x0000B000

mem[X,0x80000770] -> 0x8E93
mem[X,0x80000772] -> 0x505E
[481] [M]: 0x80000770 (0x505E8E93) addi t4, t4, 0x505
x29 <- 0x0000B505

mem[X,0x80000774] -> 0x0FB3
mem[X,0x80000776] -> 0x03DF
[482] [M]: 0x80000774 (0x03DF0FB3) mul t6, t5, t4
x31 <- 0xAFFF4AFB

mem[X,0x80000778] -> 0x2223
mem[X,0x8000077A] -> 0x0BF4
[483] [M]: 0x80000778 (0x0BF42223) sw t6, 0xa4(fp)
mem[0x8000621C] <- 0xAFFF4AFB

mem[X,0x8000077C] -> 0x0F37
mem[X,0x8000077E] -> 0xE000
[484] [M]: 0x8000077C (0xE0000F37) lui t5, -0x20000
x30 <- 0xE0000000

mem[X,0x80000780] -> 0x0F13
mem[X,0x80000782] -> 0xFFFF
[485] [M]: 0x80000780 (0xFFFF0F13) addi t5, t5, -0x1
x30 <- 0xDFFFFFFF

mem[X,0x80000784] -> 0xBEB7
mem[X,0x80000786] -> 0x0000
[486] [M]: 0x80000784 (0x0000BEB7) lui t4, 0xb
x29 <- 0x0000B000

mem[X,0x80000788] -> 0x8E93
mem[X,0x8000078A] -> 0x505E
[487] [M]: 0x80000788 (0x505E8E93) addi t4, t4, 0x505
x29 <- 0x0000B505

mem[X,0x8000078C] -> 0x0FB3
mem[X,0x8000078E] -> 0x03DF
[488] [M]: 0x8000078C (0x03DF0FB3) mul t6, t5, t4
x31 <- 0x5FFF4AFB

mem[X,0x80000790] -> 0x2423
mem[X,0x80000792] -> 0x0BF4
[489] [M]: 0x80000790 (0x0BF42423) sw t6, 0xa8(fp)
mem[0x80006220] <- 0x5FFF4AFB

mem[X,0x80000794] -> 0x0F37
mem[X,0x80000796] -> 0xC000
[490] [M]: 0x80000794 (0xC0000F37) lui t5, -0x40000
x30 <- 0xC0000000

mem[X,0x80000798] -> 0x0F13
mem[X,0x8000079A] -> 0xFFFF
[491] [M]: 0x80000798 (0xFFFF0F13) addi t5, t5, -0x1
x30 <- 0xBFFFFFFF

mem[X,0x8000079C] -> 0xBEB7
mem[X,0x8000079E] -> 0x0000
[492] [M]: 0x8000079C (0x0000BEB7) lui t4, 0xb
x29 <- 0x0000B000

mem[X,0x800007A0] -> 0x8E93
mem[X,0x800007A2] -> 0x505E
[493] [M]: 0x800007A0 (0x505E8E93) addi t4, t4, 0x505
x29 <- 0x0000B505

mem[X,0x800007A4] -> 0x0FB3
mem[X,0x800007A6] -> 0x03DF
[494] [M]: 0x800007A4 (0x03DF0FB3) mul t6, t5, t4
x31 <- 0xBFFF4AFB

mem[X,0x800007A8] -> 0x2623
mem[X,0x800007AA] -> 0x0BF4
[495] [M]: 0x800007A8 (0x0BF42623) sw t6, 0xac(fp)
mem[0x80006224] <- 0xBFFF4AFB

mem[X,0x800007AC] -> 0xBF37
mem[X,0x800007AE] -> 0x0000
[496] [M]: 0x800007AC (0x0000BF37) lui t5, 0xb
x30 <- 0x0000B000

mem[X,0x800007B0] -> 0x0F13
mem[X,0x800007B2] -> 0x505F
[497] [M]: 0x800007B0 (0x505F0F13) addi t5, t5, 0x505
x30 <- 0x0000B505

mem[X,0x800007B4] -> 0x0E93
mem[X,0x800007B6] -> 0x0010
[498] [M]: 0x800007B4 (0x00100E93) addi t4, zero, 0x1
x29 <- 0x00000001

mem[X,0x800007B8] -> 0x0FB3
mem[X,0x800007BA] -> 0x03DF
[499] [M]: 0x800007B8 (0x03DF0FB3) mul t6, t5, t4
x31 <- 0x0000B505

clint::tick mtime <- 0x0000000000000005
 clint timer pending at mtime 0x0000000000000005
htif::tick 0x0000000000000000
mem[X,0x800007BC] -> 0x2823
mem[X,0x800007BE] -> 0x0BF4
[500] [M]: 0x800007BC (0x0BF42823) sw t6, 0xb0(fp)
mem[0x80006228] <- 0x0000B505

mem[X,0x800007C0] -> 0xBF37
mem[X,0x800007C2] -> 0x0000
[501] [M]: 0x800007C0 (0x0000BF37) lui t5, 0xb
x30 <- 0x0000B000

mem[X,0x800007C4] -> 0x0F13
mem[X,0x800007C6] -> 0x505F
[502] [M]: 0x800007C4 (0x505F0F13) addi t5, t5, 0x505
x30 <- 0x0000B505

mem[X,0x800007C8] -> 0x0E93
mem[X,0x800007CA] -> 0x0020
[503] [M]: 0x800007C8 (0x00200E93) addi t4, zero, 0x2
x29 <- 0x00000002

mem[X,0x800007CC] -> 0x0FB3
mem[X,0x800007CE] -> 0x03DF
[504] [M]: 0x800007CC (0x03DF0FB3) mul t6, t5, t4
x31 <- 0x00016A0A

mem[X,0x800007D0] -> 0x2A23
mem[X,0x800007D2] -> 0x0BF4
[505] [M]: 0x800007D0 (0x0BF42A23) sw t6, 0xb4(fp)
mem[0x8000622C] <- 0x00016A0A

mem[X,0x800007D4] -> 0xBF37
mem[X,0x800007D6] -> 0x0000
[506] [M]: 0x800007D4 (0x0000BF37) lui t5, 0xb
x30 <- 0x0000B000

mem[X,0x800007D8] -> 0x0F13
mem[X,0x800007DA] -> 0x505F
[507] [M]: 0x800007D8 (0x505F0F13) addi t5, t5, 0x505
x30 <- 0x0000B505

mem[X,0x800007DC] -> 0x0E93
mem[X,0x800007DE] -> 0x0040
[508] [M]: 0x800007DC (0x00400E93) addi t4, zero, 0x4
x29 <- 0x00000004

mem[X,0x800007E0] -> 0x0FB3
mem[X,0x800007E2] -> 0x03DF
[509] [M]: 0x800007E0 (0x03DF0FB3) mul t6, t5, t4
x31 <- 0x0002D414

mem[X,0x800007E4] -> 0x2C23
mem[X,0x800007E6] -> 0x0BF4
[510] [M]: 0x800007E4 (0x0BF42C23) sw t6, 0xb8(fp)
mem[0x80006230] <- 0x0002D414

mem[X,0x800007E8] -> 0xBF37
mem[X,0x800007EA] -> 0x0000
[511] [M]: 0x800007E8 (0x0000BF37) lui t5, 0xb
x30 <- 0x0000B000

mem[X,0x800007EC] -> 0x0F13
mem[X,0x800007EE] -> 0x505F
[512] [M]: 0x800007EC (0x505F0F13) addi t5, t5, 0x505
x30 <- 0x0000B505

mem[X,0x800007F0] -> 0x0E93
mem[X,0x800007F2] -> 0x0080
[513] [M]: 0x800007F0 (0x00800E93) addi t4, zero, 0x8
x29 <- 0x00000008

mem[X,0x800007F4] -> 0x0FB3
mem[X,0x800007F6] -> 0x03DF
[514] [M]: 0x800007F4 (0x03DF0FB3) mul t6, t5, t4
x31 <- 0x0005A828

mem[X,0x800007F8] -> 0x2E23
mem[X,0x800007FA] -> 0x0BF4
[515] [M]: 0x800007F8 (0x0BF42E23) sw t6, 0xbc(fp)
mem[0x80006234] <- 0x0005A828

mem[X,0x800007FC] -> 0xBF37
mem[X,0x800007FE] -> 0x0000
[516] [M]: 0x800007FC (0x0000BF37) lui t5, 0xb
x30 <- 0x0000B000

mem[X,0x80000800] -> 0x0F13
mem[X,0x80000802] -> 0x505F
[517] [M]: 0x80000800 (0x505F0F13) addi t5, t5, 0x505
x30 <- 0x0000B505

mem[X,0x80000804] -> 0x0E93
mem[X,0x80000806] -> 0x0100
[518] [M]: 0x80000804 (0x01000E93) addi t4, zero, 0x10
x29 <- 0x00000010

mem[X,0x80000808] -> 0x0FB3
mem[X,0x8000080A] -> 0x03DF
[519] [M]: 0x80000808 (0x03DF0FB3) mul t6, t5, t4
x31 <- 0x000B5050

mem[X,0x8000080C] -> 0x2023
mem[X,0x8000080E] -> 0x0DF4
[520] [M]: 0x8000080C (0x0DF42023) sw t6, 0xc0(fp)
mem[0x80006238] <- 0x000B5050

mem[X,0x80000810] -> 0xBF37
mem[X,0x80000812] -> 0x0000
[521] [M]: 0x80000810 (0x0000BF37) lui t5, 0xb
x30 <- 0x0000B000

mem[X,0x80000814] -> 0x0F13
mem[X,0x80000816] -> 0x505F
[522] [M]: 0x80000814 (0x505F0F13) addi t5, t5, 0x505
x30 <- 0x0000B505

mem[X,0x80000818] -> 0x0E93
mem[X,0x8000081A] -> 0x0200
[523] [M]: 0x80000818 (0x02000E93) addi t4, zero, 0x20
x29 <- 0x00000020

mem[X,0x8000081C] -> 0x0FB3
mem[X,0x8000081E] -> 0x03DF
[524] [M]: 0x8000081C (0x03DF0FB3) mul t6, t5, t4
x31 <- 0x0016A0A0

mem[X,0x80000820] -> 0x2223
mem[X,0x80000822] -> 0x0DF4
[525] [M]: 0x80000820 (0x0DF42223) sw t6, 0xc4(fp)
mem[0x8000623C] <- 0x0016A0A0

mem[X,0x80000824] -> 0xBF37
mem[X,0x80000826] -> 0x0000
[526] [M]: 0x80000824 (0x0000BF37) lui t5, 0xb
x30 <- 0x0000B000

mem[X,0x80000828] -> 0x0F13
mem[X,0x8000082A] -> 0x505F
[527] [M]: 0x80000828 (0x505F0F13) addi t5, t5, 0x505
x30 <- 0x0000B505

mem[X,0x8000082C] -> 0x0E93
mem[X,0x8000082E] -> 0x0400
[528] [M]: 0x8000082C (0x04000E93) addi t4, zero, 0x40
x29 <- 0x00000040

mem[X,0x80000830] -> 0x0FB3
mem[X,0x80000832] -> 0x03DF
[529] [M]: 0x80000830 (0x03DF0FB3) mul t6, t5, t4
x31 <- 0x002D4140

mem[X,0x80000834] -> 0x2423
mem[X,0x80000836] -> 0x0DF4
[530] [M]: 0x80000834 (0x0DF42423) sw t6, 0xc8(fp)
mem[0x80006240] <- 0x002D4140

mem[X,0x80000838] -> 0xBF37
mem[X,0x8000083A] -> 0x0000
[531] [M]: 0x80000838 (0x0000BF37) lui t5, 0xb
x30 <- 0x0000B000

mem[X,0x8000083C] -> 0x0F13
mem[X,0x8000083E] -> 0x505F
[532] [M]: 0x8000083C (0x505F0F13) addi t5, t5, 0x505
x30 <- 0x0000B505

mem[X,0x80000840] -> 0x0E93
mem[X,0x80000842] -> 0x0800
[533] [M]: 0x80000840 (0x08000E93) addi t4, zero, 0x80
x29 <- 0x00000080

mem[X,0x80000844] -> 0x0FB3
mem[X,0x80000846] -> 0x03DF
[534] [M]: 0x80000844 (0x03DF0FB3) mul t6, t5, t4
x31 <- 0x005A8280

mem[X,0x80000848] -> 0x2623
mem[X,0x8000084A] -> 0x0DF4
[535] [M]: 0x80000848 (0x0DF42623) sw t6, 0xcc(fp)
mem[0x80006244] <- 0x005A8280

mem[X,0x8000084C] -> 0xBF37
mem[X,0x8000084E] -> 0x0000
[536] [M]: 0x8000084C (0x0000BF37) lui t5, 0xb
x30 <- 0x0000B000

mem[X,0x80000850] -> 0x0F13
mem[X,0x80000852] -> 0x505F
[537] [M]: 0x80000850 (0x505F0F13) addi t5, t5, 0x505
x30 <- 0x0000B505

mem[X,0x80000854] -> 0x0E93
mem[X,0x80000856] -> 0x1000
[538] [M]: 0x80000854 (0x10000E93) addi t4, zero, 0x100
x29 <- 0x00000100

mem[X,0x80000858] -> 0x0FB3
mem[X,0x8000085A] -> 0x03DF
[539] [M]: 0x80000858 (0x03DF0FB3) mul t6, t5, t4
x31 <- 0x00B50500

mem[X,0x8000085C] -> 0x2823
mem[X,0x8000085E] -> 0x0DF4
[540] [M]: 0x8000085C (0x0DF42823) sw t6, 0xd0(fp)
mem[0x80006248] <- 0x00B50500

mem[X,0x80000860] -> 0xBF37
mem[X,0x80000862] -> 0x0000
[541] [M]: 0x80000860 (0x0000BF37) lui t5, 0xb
x30 <- 0x0000B000

mem[X,0x80000864] -> 0x0F13
mem[X,0x80000866] -> 0x505F
[542] [M]: 0x80000864 (0x505F0F13) addi t5, t5, 0x505
x30 <- 0x0000B505

mem[X,0x80000868] -> 0x0E93
mem[X,0x8000086A] -> 0x2000
[543] [M]: 0x80000868 (0x20000E93) addi t4, zero, 0x200
x29 <- 0x00000200

mem[X,0x8000086C] -> 0x0FB3
mem[X,0x8000086E] -> 0x03DF
[544] [M]: 0x8000086C (0x03DF0FB3) mul t6, t5, t4
x31 <- 0x016A0A00

mem[X,0x80000870] -> 0x2A23
mem[X,0x80000872] -> 0x0DF4
[545] [M]: 0x80000870 (0x0DF42A23) sw t6, 0xd4(fp)
mem[0x8000624C] <- 0x016A0A00

mem[X,0x80000874] -> 0xBF37
mem[X,0x80000876] -> 0x0000
[546] [M]: 0x80000874 (0x0000BF37) lui t5, 0xb
x30 <- 0x0000B000

mem[X,0x80000878] -> 0x0F13
mem[X,0x8000087A] -> 0x505F
[547] [M]: 0x80000878 (0x505F0F13) addi t5, t5, 0x505
x30 <- 0x0000B505

mem[X,0x8000087C] -> 0x0E93
mem[X,0x8000087E] -> 0x4000
[548] [M]: 0x8000087C (0x40000E93) addi t4, zero, 0x400
x29 <- 0x00000400

mem[X,0x80000880] -> 0x0FB3
mem[X,0x80000882] -> 0x03DF
[549] [M]: 0x80000880 (0x03DF0FB3) mul t6, t5, t4
x31 <- 0x02D41400

mem[X,0x80000884] -> 0x2C23
mem[X,0x80000886] -> 0x0DF4
[550] [M]: 0x80000884 (0x0DF42C23) sw t6, 0xd8(fp)
mem[0x80006250] <- 0x02D41400

mem[X,0x80000888] -> 0xBF37
mem[X,0x8000088A] -> 0x0000
[551] [M]: 0x80000888 (0x0000BF37) lui t5, 0xb
x30 <- 0x0000B000

mem[X,0x8000088C] -> 0x0F13
mem[X,0x8000088E] -> 0x505F
[552] [M]: 0x8000088C (0x505F0F13) addi t5, t5, 0x505
x30 <- 0x0000B505

mem[X,0x80000890] -> 0x1EB7
mem[X,0x80000892] -> 0x0000
[553] [M]: 0x80000890 (0x00001EB7) lui t4, 0x1
x29 <- 0x00001000

mem[X,0x80000894] -> 0x8E93
mem[X,0x80000896] -> 0x800E
[554] [M]: 0x80000894 (0x800E8E93) addi t4, t4, -0x800
x29 <- 0x00000800

mem[X,0x80000898] -> 0x0FB3
mem[X,0x8000089A] -> 0x03DF
[555] [M]: 0x80000898 (0x03DF0FB3) mul t6, t5, t4
x31 <- 0x05A82800

mem[X,0x8000089C] -> 0x2E23
mem[X,0x8000089E] -> 0x0DF4
[556] [M]: 0x8000089C (0x0DF42E23) sw t6, 0xdc(fp)
mem[0x80006254] <- 0x05A82800

mem[X,0x800008A0] -> 0xBF37
mem[X,0x800008A2] -> 0x0000
[557] [M]: 0x800008A0 (0x0000BF37) lui t5, 0xb
x30 <- 0x0000B000

mem[X,0x800008A4] -> 0x0F13
mem[X,0x800008A6] -> 0x505F
[558] [M]: 0x800008A4 (0x505F0F13) addi t5, t5, 0x505
x30 <- 0x0000B505

mem[X,0x800008A8] -> 0x1EB7
mem[X,0x800008AA] -> 0x0000
[559] [M]: 0x800008A8 (0x00001EB7) lui t4, 0x1
x29 <- 0x00001000

mem[X,0x800008AC] -> 0x0FB3
mem[X,0x800008AE] -> 0x03DF
[560] [M]: 0x800008AC (0x03DF0FB3) mul t6, t5, t4
x31 <- 0x0B505000

mem[X,0x800008B0] -> 0x2023
mem[X,0x800008B2] -> 0x0FF4
[561] [M]: 0x800008B0 (0x0FF42023) sw t6, 0xe0(fp)
mem[0x80006258] <- 0x0B505000

mem[X,0x800008B4] -> 0xBF37
mem[X,0x800008B6] -> 0x0000
[562] [M]: 0x800008B4 (0x0000BF37) lui t5, 0xb
x30 <- 0x0000B000

mem[X,0x800008B8] -> 0x0F13
mem[X,0x800008BA] -> 0x505F
[563] [M]: 0x800008B8 (0x505F0F13) addi t5, t5, 0x505
x30 <- 0x0000B505

mem[X,0x800008BC] -> 0x2EB7
mem[X,0x800008BE] -> 0x0000
[564] [M]: 0x800008BC (0x00002EB7) lui t4, 0x2
x29 <- 0x00002000

mem[X,0x800008C0] -> 0x0FB3
mem[X,0x800008C2] -> 0x03DF
[565] [M]: 0x800008C0 (0x03DF0FB3) mul t6, t5, t4
x31 <- 0x16A0A000

mem[X,0x800008C4] -> 0x2223
mem[X,0x800008C6] -> 0x0FF4
[566] [M]: 0x800008C4 (0x0FF42223) sw t6, 0xe4(fp)
mem[0x8000625C] <- 0x16A0A000

mem[X,0x800008C8] -> 0xBF37
mem[X,0x800008CA] -> 0x0000
[567] [M]: 0x800008C8 (0x0000BF37) lui t5, 0xb
x30 <- 0x0000B000

mem[X,0x800008CC] -> 0x0F13
mem[X,0x800008CE] -> 0x505F
[568] [M]: 0x800008CC (0x505F0F13) addi t5, t5, 0x505
x30 <- 0x0000B505

mem[X,0x800008D0] -> 0x4EB7
mem[X,0x800008D2] -> 0x0000
[569] [M]: 0x800008D0 (0x00004EB7) lui t4, 0x4
x29 <- 0x00004000

mem[X,0x800008D4] -> 0x0FB3
mem[X,0x800008D6] -> 0x03DF
[570] [M]: 0x800008D4 (0x03DF0FB3) mul t6, t5, t4
x31 <- 0x2D414000

mem[X,0x800008D8] -> 0x2423
mem[X,0x800008DA] -> 0x0FF4
[571] [M]: 0x800008D8 (0x0FF42423) sw t6, 0xe8(fp)
mem[0x80006260] <- 0x2D414000

mem[X,0x800008DC] -> 0xBF37
mem[X,0x800008DE] -> 0x0000
[572] [M]: 0x800008DC (0x0000BF37) lui t5, 0xb
x30 <- 0x0000B000

mem[X,0x800008E0] -> 0x0F13
mem[X,0x800008E2] -> 0x505F
[573] [M]: 0x800008E0 (0x505F0F13) addi t5, t5, 0x505
x30 <- 0x0000B505

mem[X,0x800008E4] -> 0x8EB7
mem[X,0x800008E6] -> 0x0000
[574] [M]: 0x800008E4 (0x00008EB7) lui t4, 0x8
x29 <- 0x00008000

mem[X,0x800008E8] -> 0x0FB3
mem[X,0x800008EA] -> 0x03DF
[575] [M]: 0x800008E8 (0x03DF0FB3) mul t6, t5, t4
x31 <- 0x5A828000

mem[X,0x800008EC] -> 0x2623
mem[X,0x800008EE] -> 0x0FF4
[576] [M]: 0x800008EC (0x0FF42623) sw t6, 0xec(fp)
mem[0x80006264] <- 0x5A828000

mem[X,0x800008F0] -> 0xBF37
mem[X,0x800008F2] -> 0x0000
[577] [M]: 0x800008F0 (0x0000BF37) lui t5, 0xb
x30 <- 0x0000B000

mem[X,0x800008F4] -> 0x0F13
mem[X,0x800008F6] -> 0x505F
[578] [M]: 0x800008F4 (0x505F0F13) addi t5, t5, 0x505
x30 <- 0x0000B505

mem[X,0x800008F8] -> 0x0EB7
mem[X,0x800008FA] -> 0x0001
[579] [M]: 0x800008F8 (0x00010EB7) lui t4, 0x10
x29 <- 0x00010000

mem[X,0x800008FC] -> 0x0FB3
mem[X,0x800008FE] -> 0x03DF
[580] [M]: 0x800008FC (0x03DF0FB3) mul t6, t5, t4
x31 <- 0xB5050000

mem[X,0x80000900] -> 0x2823
mem[X,0x80000902] -> 0x0FF4
[581] [M]: 0x80000900 (0x0FF42823) sw t6, 0xf0(fp)
mem[0x80006268] <- 0xB5050000

mem[X,0x80000904] -> 0xBF37
mem[X,0x80000906] -> 0x0000
[582] [M]: 0x80000904 (0x0000BF37) lui t5, 0xb
x30 <- 0x0000B000

mem[X,0x80000908] -> 0x0F13
mem[X,0x8000090A] -> 0x505F
[583] [M]: 0x80000908 (0x505F0F13) addi t5, t5, 0x505
x30 <- 0x0000B505

mem[X,0x8000090C] -> 0x0EB7
mem[X,0x8000090E] -> 0x0002
[584] [M]: 0x8000090C (0x00020EB7) lui t4, 0x20
x29 <- 0x00020000

mem[X,0x80000910] -> 0x0FB3
mem[X,0x80000912] -> 0x03DF
[585] [M]: 0x80000910 (0x03DF0FB3) mul t6, t5, t4
x31 <- 0x6A0A0000

mem[X,0x80000914] -> 0x2A23
mem[X,0x80000916] -> 0x0FF4
[586] [M]: 0x80000914 (0x0FF42A23) sw t6, 0xf4(fp)
mem[0x8000626C] <- 0x6A0A0000

mem[X,0x80000918] -> 0xBF37
mem[X,0x8000091A] -> 0x0000
[587] [M]: 0x80000918 (0x0000BF37) lui t5, 0xb
x30 <- 0x0000B000

mem[X,0x8000091C] -> 0x0F13
mem[X,0x8000091E] -> 0x505F
[588] [M]: 0x8000091C (0x505F0F13) addi t5, t5, 0x505
x30 <- 0x0000B505

mem[X,0x80000920] -> 0x0EB7
mem[X,0x80000922] -> 0x0004
[589] [M]: 0x80000920 (0x00040EB7) lui t4, 0x40
x29 <- 0x00040000

mem[X,0x80000924] -> 0x0FB3
mem[X,0x80000926] -> 0x03DF
[590] [M]: 0x80000924 (0x03DF0FB3) mul t6, t5, t4
x31 <- 0xD4140000

mem[X,0x80000928] -> 0x2C23
mem[X,0x8000092A] -> 0x0FF4
[591] [M]: 0x80000928 (0x0FF42C23) sw t6, 0xf8(fp)
mem[0x80006270] <- 0xD4140000

mem[X,0x8000092C] -> 0xBF37
mem[X,0x8000092E] -> 0x0000
[592] [M]: 0x8000092C (0x0000BF37) lui t5, 0xb
x30 <- 0x0000B000

mem[X,0x80000930] -> 0x0F13
mem[X,0x80000932] -> 0x505F
[593] [M]: 0x80000930 (0x505F0F13) addi t5, t5, 0x505
x30 <- 0x0000B505

mem[X,0x80000934] -> 0x0EB7
mem[X,0x80000936] -> 0x0008
[594] [M]: 0x80000934 (0x00080EB7) lui t4, 0x80
x29 <- 0x00080000

mem[X,0x80000938] -> 0x0FB3
mem[X,0x8000093A] -> 0x03DF
[595] [M]: 0x80000938 (0x03DF0FB3) mul t6, t5, t4
x31 <- 0xA8280000

mem[X,0x8000093C] -> 0x2E23
mem[X,0x8000093E] -> 0x0FF4
[596] [M]: 0x8000093C (0x0FF42E23) sw t6, 0xfc(fp)
mem[0x80006274] <- 0xA8280000

mem[X,0x80000940] -> 0xBF37
mem[X,0x80000942] -> 0x0000
[597] [M]: 0x80000940 (0x0000BF37) lui t5, 0xb
x30 <- 0x0000B000

mem[X,0x80000944] -> 0x0F13
mem[X,0x80000946] -> 0x505F
[598] [M]: 0x80000944 (0x505F0F13) addi t5, t5, 0x505
x30 <- 0x0000B505

mem[X,0x80000948] -> 0x0EB7
mem[X,0x8000094A] -> 0x0010
[599] [M]: 0x80000948 (0x00100EB7) lui t4, 0x100
x29 <- 0x00100000

clint::tick mtime <- 0x0000000000000006
 clint timer pending at mtime 0x0000000000000006
htif::tick 0x0000000000000000
mem[X,0x8000094C] -> 0x0FB3
mem[X,0x8000094E] -> 0x03DF
[600] [M]: 0x8000094C (0x03DF0FB3) mul t6, t5, t4
x31 <- 0x50500000

mem[X,0x80000950] -> 0x2023
mem[X,0x80000952] -> 0x11F4
[601] [M]: 0x80000950 (0x11F42023) sw t6, 0x100(fp)
mem[0x80006278] <- 0x50500000

mem[X,0x80000954] -> 0xBF37
mem[X,0x80000956] -> 0x0000
[602] [M]: 0x80000954 (0x0000BF37) lui t5, 0xb
x30 <- 0x0000B000

mem[X,0x80000958] -> 0x0F13
mem[X,0x8000095A] -> 0x505F
[603] [M]: 0x80000958 (0x505F0F13) addi t5, t5, 0x505
x30 <- 0x0000B505

mem[X,0x8000095C] -> 0x0EB7
mem[X,0x8000095E] -> 0x0020
[604] [M]: 0x8000095C (0x00200EB7) lui t4, 0x200
x29 <- 0x00200000

mem[X,0x80000960] -> 0x0FB3
mem[X,0x80000962] -> 0x03DF
[605] [M]: 0x80000960 (0x03DF0FB3) mul t6, t5, t4
x31 <- 0xA0A00000

mem[X,0x80000964] -> 0x2223
mem[X,0x80000966] -> 0x11F4
[606] [M]: 0x80000964 (0x11F42223) sw t6, 0x104(fp)
mem[0x8000627C] <- 0xA0A00000

mem[X,0x80000968] -> 0xBF37
mem[X,0x8000096A] -> 0x0000
[607] [M]: 0x80000968 (0x0000BF37) lui t5, 0xb
x30 <- 0x0000B000

mem[X,0x8000096C] -> 0x0F13
mem[X,0x8000096E] -> 0x505F
[608] [M]: 0x8000096C (0x505F0F13) addi t5, t5, 0x505
x30 <- 0x0000B505

mem[X,0x80000970] -> 0x0EB7
mem[X,0x80000972] -> 0x0040
[609] [M]: 0x80000970 (0x00400EB7) lui t4, 0x400
x29 <- 0x00400000

mem[X,0x80000974] -> 0x0FB3
mem[X,0x80000976] -> 0x03DF
[610] [M]: 0x80000974 (0x03DF0FB3) mul t6, t5, t4
x31 <- 0x41400000

mem[X,0x80000978] -> 0x2423
mem[X,0x8000097A] -> 0x11F4
[611] [M]: 0x80000978 (0x11F42423) sw t6, 0x108(fp)
mem[0x80006280] <- 0x41400000

mem[X,0x8000097C] -> 0xBF37
mem[X,0x8000097E] -> 0x0000
[612] [M]: 0x8000097C (0x0000BF37) lui t5, 0xb
x30 <- 0x0000B000

mem[X,0x80000980] -> 0x0F13
mem[X,0x80000982] -> 0x505F
[613] [M]: 0x80000980 (0x505F0F13) addi t5, t5, 0x505
x30 <- 0x0000B505

mem[X,0x80000984] -> 0x0EB7
mem[X,0x80000986] -> 0x0080
[614] [M]: 0x80000984 (0x00800EB7) lui t4, 0x800
x29 <- 0x00800000

mem[X,0x80000988] -> 0x0FB3
mem[X,0x8000098A] -> 0x03DF
[615] [M]: 0x80000988 (0x03DF0FB3) mul t6, t5, t4
x31 <- 0x82800000

mem[X,0x8000098C] -> 0x2623
mem[X,0x8000098E] -> 0x11F4
[616] [M]: 0x8000098C (0x11F42623) sw t6, 0x10c(fp)
mem[0x80006284] <- 0x82800000

mem[X,0x80000990] -> 0xBF37
mem[X,0x80000992] -> 0x0000
[617] [M]: 0x80000990 (0x0000BF37) lui t5, 0xb
x30 <- 0x0000B000

mem[X,0x80000994] -> 0x0F13
mem[X,0x80000996] -> 0x505F
[618] [M]: 0x80000994 (0x505F0F13) addi t5, t5, 0x505
x30 <- 0x0000B505

mem[X,0x80000998] -> 0x0EB7
mem[X,0x8000099A] -> 0x0100
[619] [M]: 0x80000998 (0x01000EB7) lui t4, 0x1000
x29 <- 0x01000000

mem[X,0x8000099C] -> 0x0FB3
mem[X,0x8000099E] -> 0x03DF
[620] [M]: 0x8000099C (0x03DF0FB3) mul t6, t5, t4
x31 <- 0x05000000

mem[X,0x800009A0] -> 0x2823
mem[X,0x800009A2] -> 0x11F4
[621] [M]: 0x800009A0 (0x11F42823) sw t6, 0x110(fp)
mem[0x80006288] <- 0x05000000

mem[X,0x800009A4] -> 0xBF37
mem[X,0x800009A6] -> 0x0000
[622] [M]: 0x800009A4 (0x0000BF37) lui t5, 0xb
x30 <- 0x0000B000

mem[X,0x800009A8] -> 0x0F13
mem[X,0x800009AA] -> 0x505F
[623] [M]: 0x800009A8 (0x505F0F13) addi t5, t5, 0x505
x30 <- 0x0000B505

mem[X,0x800009AC] -> 0x0EB7
mem[X,0x800009AE] -> 0x0200
[624] [M]: 0x800009AC (0x02000EB7) lui t4, 0x2000
x29 <- 0x02000000

mem[X,0x800009B0] -> 0x0FB3
mem[X,0x800009B2] -> 0x03DF
[625] [M]: 0x800009B0 (0x03DF0FB3) mul t6, t5, t4
x31 <- 0x0A000000

mem[X,0x800009B4] -> 0x2A23
mem[X,0x800009B6] -> 0x11F4
[626] [M]: 0x800009B4 (0x11F42A23) sw t6, 0x114(fp)
mem[0x8000628C] <- 0x0A000000

mem[X,0x800009B8] -> 0xBF37
mem[X,0x800009BA] -> 0x0000
[627] [M]: 0x800009B8 (0x0000BF37) lui t5, 0xb
x30 <- 0x0000B000

mem[X,0x800009BC] -> 0x0F13
mem[X,0x800009BE] -> 0x505F
[628] [M]: 0x800009BC (0x505F0F13) addi t5, t5, 0x505
x30 <- 0x0000B505

mem[X,0x800009C0] -> 0x0EB7
mem[X,0x800009C2] -> 0x0400
[629] [M]: 0x800009C0 (0x04000EB7) lui t4, 0x4000
x29 <- 0x04000000

mem[X,0x800009C4] -> 0x0FB3
mem[X,0x800009C6] -> 0x03DF
[630] [M]: 0x800009C4 (0x03DF0FB3) mul t6, t5, t4
x31 <- 0x14000000

mem[X,0x800009C8] -> 0x2C23
mem[X,0x800009CA] -> 0x11F4
[631] [M]: 0x800009C8 (0x11F42C23) sw t6, 0x118(fp)
mem[0x80006290] <- 0x14000000

mem[X,0x800009CC] -> 0xBF37
mem[X,0x800009CE] -> 0x0000
[632] [M]: 0x800009CC (0x0000BF37) lui t5, 0xb
x30 <- 0x0000B000

mem[X,0x800009D0] -> 0x0F13
mem[X,0x800009D2] -> 0x505F
[633] [M]: 0x800009D0 (0x505F0F13) addi t5, t5, 0x505
x30 <- 0x0000B505

mem[X,0x800009D4] -> 0x0EB7
mem[X,0x800009D6] -> 0x0800
[634] [M]: 0x800009D4 (0x08000EB7) lui t4, 0x8000
x29 <- 0x08000000

mem[X,0x800009D8] -> 0x0FB3
mem[X,0x800009DA] -> 0x03DF
[635] [M]: 0x800009D8 (0x03DF0FB3) mul t6, t5, t4
x31 <- 0x28000000

mem[X,0x800009DC] -> 0x2E23
mem[X,0x800009DE] -> 0x11F4
[636] [M]: 0x800009DC (0x11F42E23) sw t6, 0x11c(fp)
mem[0x80006294] <- 0x28000000

mem[X,0x800009E0] -> 0xBF37
mem[X,0x800009E2] -> 0x0000
[637] [M]: 0x800009E0 (0x0000BF37) lui t5, 0xb
x30 <- 0x0000B000

mem[X,0x800009E4] -> 0x0F13
mem[X,0x800009E6] -> 0x505F
[638] [M]: 0x800009E4 (0x505F0F13) addi t5, t5, 0x505
x30 <- 0x0000B505

mem[X,0x800009E8] -> 0x0EB7
mem[X,0x800009EA] -> 0x1000
[639] [M]: 0x800009E8 (0x10000EB7) lui t4, 0x10000
x29 <- 0x10000000

mem[X,0x800009EC] -> 0x0FB3
mem[X,0x800009EE] -> 0x03DF
[640] [M]: 0x800009EC (0x03DF0FB3) mul t6, t5, t4
x31 <- 0x50000000

mem[X,0x800009F0] -> 0x2023
mem[X,0x800009F2] -> 0x13F4
[641] [M]: 0x800009F0 (0x13F42023) sw t6, 0x120(fp)
mem[0x80006298] <- 0x50000000

mem[X,0x800009F4] -> 0xBF37
mem[X,0x800009F6] -> 0x0000
[642] [M]: 0x800009F4 (0x0000BF37) lui t5, 0xb
x30 <- 0x0000B000

mem[X,0x800009F8] -> 0x0F13
mem[X,0x800009FA] -> 0x505F
[643] [M]: 0x800009F8 (0x505F0F13) addi t5, t5, 0x505
x30 <- 0x0000B505

mem[X,0x800009FC] -> 0x0EB7
mem[X,0x800009FE] -> 0x2000
[644] [M]: 0x800009FC (0x20000EB7) lui t4, 0x20000
x29 <- 0x20000000

mem[X,0x80000A00] -> 0x0FB3
mem[X,0x80000A02] -> 0x03DF
[645] [M]: 0x80000A00 (0x03DF0FB3) mul t6, t5, t4
x31 <- 0xA0000000

mem[X,0x80000A04] -> 0x2223
mem[X,0x80000A06] -> 0x13F4
[646] [M]: 0x80000A04 (0x13F42223) sw t6, 0x124(fp)
mem[0x8000629C] <- 0xA0000000

mem[X,0x80000A08] -> 0xBF37
mem[X,0x80000A0A] -> 0x0000
[647] [M]: 0x80000A08 (0x0000BF37) lui t5, 0xb
x30 <- 0x0000B000

mem[X,0x80000A0C] -> 0x0F13
mem[X,0x80000A0E] -> 0x505F
[648] [M]: 0x80000A0C (0x505F0F13) addi t5, t5, 0x505
x30 <- 0x0000B505

mem[X,0x80000A10] -> 0x0EB7
mem[X,0x80000A12] -> 0x4000
[649] [M]: 0x80000A10 (0x40000EB7) lui t4, 0x40000
x29 <- 0x40000000

mem[X,0x80000A14] -> 0x0FB3
mem[X,0x80000A16] -> 0x03DF
[650] [M]: 0x80000A14 (0x03DF0FB3) mul t6, t5, t4
x31 <- 0x40000000

mem[X,0x80000A18] -> 0x2423
mem[X,0x80000A1A] -> 0x13F4
[651] [M]: 0x80000A18 (0x13F42423) sw t6, 0x128(fp)
mem[0x800062A0] <- 0x40000000

mem[X,0x80000A1C] -> 0xBF37
mem[X,0x80000A1E] -> 0x0000
[652] [M]: 0x80000A1C (0x0000BF37) lui t5, 0xb
x30 <- 0x0000B000

mem[X,0x80000A20] -> 0x0F13
mem[X,0x80000A22] -> 0x505F
[653] [M]: 0x80000A20 (0x505F0F13) addi t5, t5, 0x505
x30 <- 0x0000B505

mem[X,0x80000A24] -> 0x0EB7
mem[X,0x80000A26] -> 0x8000
[654] [M]: 0x80000A24 (0x80000EB7) lui t4, -0x80000
x29 <- 0x80000000

mem[X,0x80000A28] -> 0x0FB3
mem[X,0x80000A2A] -> 0x03DF
[655] [M]: 0x80000A28 (0x03DF0FB3) mul t6, t5, t4
x31 <- 0x80000000

mem[X,0x80000A2C] -> 0x2623
mem[X,0x80000A2E] -> 0x13F4
[656] [M]: 0x80000A2C (0x13F42623) sw t6, 0x12c(fp)
mem[0x800062A4] <- 0x80000000

mem[X,0x80000A30] -> 0x0F13
mem[X,0x80000A32] -> 0x0010
[657] [M]: 0x80000A30 (0x00100F13) addi t5, zero, 0x1
x30 <- 0x00000001

mem[X,0x80000A34] -> 0xBEB7
mem[X,0x80000A36] -> 0x0000
[658] [M]: 0x80000A34 (0x0000BEB7) lui t4, 0xb
x29 <- 0x0000B000

mem[X,0x80000A38] -> 0x8E93
mem[X,0x80000A3A] -> 0x505E
[659] [M]: 0x80000A38 (0x505E8E93) addi t4, t4, 0x505
x29 <- 0x0000B505

mem[X,0x80000A3C] -> 0x0FB3
mem[X,0x80000A3E] -> 0x03DF
[660] [M]: 0x80000A3C (0x03DF0FB3) mul t6, t5, t4
x31 <- 0x0000B505

mem[X,0x80000A40] -> 0x2823
mem[X,0x80000A42] -> 0x13F4
[661] [M]: 0x80000A40 (0x13F42823) sw t6, 0x130(fp)
mem[0x800062A8] <- 0x0000B505

mem[X,0x80000A44] -> 0x0F13
mem[X,0x80000A46] -> 0x0020
[662] [M]: 0x80000A44 (0x00200F13) addi t5, zero, 0x2
x30 <- 0x00000002

mem[X,0x80000A48] -> 0xBEB7
mem[X,0x80000A4A] -> 0x0000
[663] [M]: 0x80000A48 (0x0000BEB7) lui t4, 0xb
x29 <- 0x0000B000

mem[X,0x80000A4C] -> 0x8E93
mem[X,0x80000A4E] -> 0x505E
[664] [M]: 0x80000A4C (0x505E8E93) addi t4, t4, 0x505
x29 <- 0x0000B505

mem[X,0x80000A50] -> 0x0FB3
mem[X,0x80000A52] -> 0x03DF
[665] [M]: 0x80000A50 (0x03DF0FB3) mul t6, t5, t4
x31 <- 0x00016A0A

mem[X,0x80000A54] -> 0x2A23
mem[X,0x80000A56] -> 0x13F4
[666] [M]: 0x80000A54 (0x13F42A23) sw t6, 0x134(fp)
mem[0x800062AC] <- 0x00016A0A

mem[X,0x80000A58] -> 0x0F13
mem[X,0x80000A5A] -> 0x0040
[667] [M]: 0x80000A58 (0x00400F13) addi t5, zero, 0x4
x30 <- 0x00000004

mem[X,0x80000A5C] -> 0xBEB7
mem[X,0x80000A5E] -> 0x0000
[668] [M]: 0x80000A5C (0x0000BEB7) lui t4, 0xb
x29 <- 0x0000B000

mem[X,0x80000A60] -> 0x8E93
mem[X,0x80000A62] -> 0x505E
[669] [M]: 0x80000A60 (0x505E8E93) addi t4, t4, 0x505
x29 <- 0x0000B505

mem[X,0x80000A64] -> 0x0FB3
mem[X,0x80000A66] -> 0x03DF
[670] [M]: 0x80000A64 (0x03DF0FB3) mul t6, t5, t4
x31 <- 0x0002D414

mem[X,0x80000A68] -> 0x2C23
mem[X,0x80000A6A] -> 0x13F4
[671] [M]: 0x80000A68 (0x13F42C23) sw t6, 0x138(fp)
mem[0x800062B0] <- 0x0002D414

mem[X,0x80000A6C] -> 0x0F13
mem[X,0x80000A6E] -> 0x0080
[672] [M]: 0x80000A6C (0x00800F13) addi t5, zero, 0x8
x30 <- 0x00000008

mem[X,0x80000A70] -> 0xBEB7
mem[X,0x80000A72] -> 0x0000
[673] [M]: 0x80000A70 (0x0000BEB7) lui t4, 0xb
x29 <- 0x0000B000

mem[X,0x80000A74] -> 0x8E93
mem[X,0x80000A76] -> 0x505E
[674] [M]: 0x80000A74 (0x505E8E93) addi t4, t4, 0x505
x29 <- 0x0000B505

mem[X,0x80000A78] -> 0x0FB3
mem[X,0x80000A7A] -> 0x03DF
[675] [M]: 0x80000A78 (0x03DF0FB3) mul t6, t5, t4
x31 <- 0x0005A828

mem[X,0x80000A7C] -> 0x2E23
mem[X,0x80000A7E] -> 0x13F4
[676] [M]: 0x80000A7C (0x13F42E23) sw t6, 0x13c(fp)
mem[0x800062B4] <- 0x0005A828

mem[X,0x80000A80] -> 0x0F13
mem[X,0x80000A82] -> 0x0100
[677] [M]: 0x80000A80 (0x01000F13) addi t5, zero, 0x10
x30 <- 0x00000010

mem[X,0x80000A84] -> 0xBEB7
mem[X,0x80000A86] -> 0x0000
[678] [M]: 0x80000A84 (0x0000BEB7) lui t4, 0xb
x29 <- 0x0000B000

mem[X,0x80000A88] -> 0x8E93
mem[X,0x80000A8A] -> 0x505E
[679] [M]: 0x80000A88 (0x505E8E93) addi t4, t4, 0x505
x29 <- 0x0000B505

mem[X,0x80000A8C] -> 0x0FB3
mem[X,0x80000A8E] -> 0x03DF
[680] [M]: 0x80000A8C (0x03DF0FB3) mul t6, t5, t4
x31 <- 0x000B5050

mem[X,0x80000A90] -> 0x2023
mem[X,0x80000A92] -> 0x15F4
[681] [M]: 0x80000A90 (0x15F42023) sw t6, 0x140(fp)
mem[0x800062B8] <- 0x000B5050

mem[X,0x80000A94] -> 0x0F13
mem[X,0x80000A96] -> 0x0200
[682] [M]: 0x80000A94 (0x02000F13) addi t5, zero, 0x20
x30 <- 0x00000020

mem[X,0x80000A98] -> 0xBEB7
mem[X,0x80000A9A] -> 0x0000
[683] [M]: 0x80000A98 (0x0000BEB7) lui t4, 0xb
x29 <- 0x0000B000

mem[X,0x80000A9C] -> 0x8E93
mem[X,0x80000A9E] -> 0x505E
[684] [M]: 0x80000A9C (0x505E8E93) addi t4, t4, 0x505
x29 <- 0x0000B505

mem[X,0x80000AA0] -> 0x0FB3
mem[X,0x80000AA2] -> 0x03DF
[685] [M]: 0x80000AA0 (0x03DF0FB3) mul t6, t5, t4
x31 <- 0x0016A0A0

mem[X,0x80000AA4] -> 0x2223
mem[X,0x80000AA6] -> 0x15F4
[686] [M]: 0x80000AA4 (0x15F42223) sw t6, 0x144(fp)
mem[0x800062BC] <- 0x0016A0A0

mem[X,0x80000AA8] -> 0x0F13
mem[X,0x80000AAA] -> 0x0400
[687] [M]: 0x80000AA8 (0x04000F13) addi t5, zero, 0x40
x30 <- 0x00000040

mem[X,0x80000AAC] -> 0xBEB7
mem[X,0x80000AAE] -> 0x0000
[688] [M]: 0x80000AAC (0x0000BEB7) lui t4, 0xb
x29 <- 0x0000B000

mem[X,0x80000AB0] -> 0x8E93
mem[X,0x80000AB2] -> 0x505E
[689] [M]: 0x80000AB0 (0x505E8E93) addi t4, t4, 0x505
x29 <- 0x0000B505

mem[X,0x80000AB4] -> 0x0FB3
mem[X,0x80000AB6] -> 0x03DF
[690] [M]: 0x80000AB4 (0x03DF0FB3) mul t6, t5, t4
x31 <- 0x002D4140

mem[X,0x80000AB8] -> 0x2423
mem[X,0x80000ABA] -> 0x15F4
[691] [M]: 0x80000AB8 (0x15F42423) sw t6, 0x148(fp)
mem[0x800062C0] <- 0x002D4140

mem[X,0x80000ABC] -> 0x0F13
mem[X,0x80000ABE] -> 0x0800
[692] [M]: 0x80000ABC (0x08000F13) addi t5, zero, 0x80
x30 <- 0x00000080

mem[X,0x80000AC0] -> 0xBEB7
mem[X,0x80000AC2] -> 0x0000
[693] [M]: 0x80000AC0 (0x0000BEB7) lui t4, 0xb
x29 <- 0x0000B000

mem[X,0x80000AC4] -> 0x8E93
mem[X,0x80000AC6] -> 0x505E
[694] [M]: 0x80000AC4 (0x505E8E93) addi t4, t4, 0x505
x29 <- 0x0000B505

mem[X,0x80000AC8] -> 0x0FB3
mem[X,0x80000ACA] -> 0x03DF
[695] [M]: 0x80000AC8 (0x03DF0FB3) mul t6, t5, t4
x31 <- 0x005A8280

mem[X,0x80000ACC] -> 0x2623
mem[X,0x80000ACE] -> 0x15F4
[696] [M]: 0x80000ACC (0x15F42623) sw t6, 0x14c(fp)
mem[0x800062C4] <- 0x005A8280

mem[X,0x80000AD0] -> 0x0F13
mem[X,0x80000AD2] -> 0x1000
[697] [M]: 0x80000AD0 (0x10000F13) addi t5, zero, 0x100
x30 <- 0x00000100

mem[X,0x80000AD4] -> 0xBEB7
mem[X,0x80000AD6] -> 0x0000
[698] [M]: 0x80000AD4 (0x0000BEB7) lui t4, 0xb
x29 <- 0x0000B000

mem[X,0x80000AD8] -> 0x8E93
mem[X,0x80000ADA] -> 0x505E
[699] [M]: 0x80000AD8 (0x505E8E93) addi t4, t4, 0x505
x29 <- 0x0000B505

clint::tick mtime <- 0x0000000000000007
 clint timer pending at mtime 0x0000000000000007
htif::tick 0x0000000000000000
mem[X,0x80000ADC] -> 0x0FB3
mem[X,0x80000ADE] -> 0x03DF
[700] [M]: 0x80000ADC (0x03DF0FB3) mul t6, t5, t4
x31 <- 0x00B50500

mem[X,0x80000AE0] -> 0x2823
mem[X,0x80000AE2] -> 0x15F4
[701] [M]: 0x80000AE0 (0x15F42823) sw t6, 0x150(fp)
mem[0x800062C8] <- 0x00B50500

mem[X,0x80000AE4] -> 0x0F13
mem[X,0x80000AE6] -> 0x2000
[702] [M]: 0x80000AE4 (0x20000F13) addi t5, zero, 0x200
x30 <- 0x00000200

mem[X,0x80000AE8] -> 0xBEB7
mem[X,0x80000AEA] -> 0x0000
[703] [M]: 0x80000AE8 (0x0000BEB7) lui t4, 0xb
x29 <- 0x0000B000

mem[X,0x80000AEC] -> 0x8E93
mem[X,0x80000AEE] -> 0x505E
[704] [M]: 0x80000AEC (0x505E8E93) addi t4, t4, 0x505
x29 <- 0x0000B505

mem[X,0x80000AF0] -> 0x0FB3
mem[X,0x80000AF2] -> 0x03DF
[705] [M]: 0x80000AF0 (0x03DF0FB3) mul t6, t5, t4
x31 <- 0x016A0A00

mem[X,0x80000AF4] -> 0x2A23
mem[X,0x80000AF6] -> 0x15F4
[706] [M]: 0x80000AF4 (0x15F42A23) sw t6, 0x154(fp)
mem[0x800062CC] <- 0x016A0A00

mem[X,0x80000AF8] -> 0x0F13
mem[X,0x80000AFA] -> 0x4000
[707] [M]: 0x80000AF8 (0x40000F13) addi t5, zero, 0x400
x30 <- 0x00000400

mem[X,0x80000AFC] -> 0xBEB7
mem[X,0x80000AFE] -> 0x0000
[708] [M]: 0x80000AFC (0x0000BEB7) lui t4, 0xb
x29 <- 0x0000B000

mem[X,0x80000B00] -> 0x8E93
mem[X,0x80000B02] -> 0x505E
[709] [M]: 0x80000B00 (0x505E8E93) addi t4, t4, 0x505
x29 <- 0x0000B505

mem[X,0x80000B04] -> 0x0FB3
mem[X,0x80000B06] -> 0x03DF
[710] [M]: 0x80000B04 (0x03DF0FB3) mul t6, t5, t4
x31 <- 0x02D41400

mem[X,0x80000B08] -> 0x2C23
mem[X,0x80000B0A] -> 0x15F4
[711] [M]: 0x80000B08 (0x15F42C23) sw t6, 0x158(fp)
mem[0x800062D0] <- 0x02D41400

mem[X,0x80000B0C] -> 0x1F37
mem[X,0x80000B0E] -> 0x0000
[712] [M]: 0x80000B0C (0x00001F37) lui t5, 0x1
x30 <- 0x00001000

mem[X,0x80000B10] -> 0x0F13
mem[X,0x80000B12] -> 0x800F
[713] [M]: 0x80000B10 (0x800F0F13) addi t5, t5, -0x800
x30 <- 0x00000800

mem[X,0x80000B14] -> 0xBEB7
mem[X,0x80000B16] -> 0x0000
[714] [M]: 0x80000B14 (0x0000BEB7) lui t4, 0xb
x29 <- 0x0000B000

mem[X,0x80000B18] -> 0x8E93
mem[X,0x80000B1A] -> 0x505E
[715] [M]: 0x80000B18 (0x505E8E93) addi t4, t4, 0x505
x29 <- 0x0000B505

mem[X,0x80000B1C] -> 0x0FB3
mem[X,0x80000B1E] -> 0x03DF
[716] [M]: 0x80000B1C (0x03DF0FB3) mul t6, t5, t4
x31 <- 0x05A82800

mem[X,0x80000B20] -> 0x2E23
mem[X,0x80000B22] -> 0x15F4
[717] [M]: 0x80000B20 (0x15F42E23) sw t6, 0x15c(fp)
mem[0x800062D4] <- 0x05A82800

mem[X,0x80000B24] -> 0x1F37
mem[X,0x80000B26] -> 0x0000
[718] [M]: 0x80000B24 (0x00001F37) lui t5, 0x1
x30 <- 0x00001000

mem[X,0x80000B28] -> 0xBEB7
mem[X,0x80000B2A] -> 0x0000
[719] [M]: 0x80000B28 (0x0000BEB7) lui t4, 0xb
x29 <- 0x0000B000

mem[X,0x80000B2C] -> 0x8E93
mem[X,0x80000B2E] -> 0x505E
[720] [M]: 0x80000B2C (0x505E8E93) addi t4, t4, 0x505
x29 <- 0x0000B505

mem[X,0x80000B30] -> 0x0FB3
mem[X,0x80000B32] -> 0x03DF
[721] [M]: 0x80000B30 (0x03DF0FB3) mul t6, t5, t4
x31 <- 0x0B505000

mem[X,0x80000B34] -> 0x2023
mem[X,0x80000B36] -> 0x17F4
[722] [M]: 0x80000B34 (0x17F42023) sw t6, 0x160(fp)
mem[0x800062D8] <- 0x0B505000

mem[X,0x80000B38] -> 0x2F37
mem[X,0x80000B3A] -> 0x0000
[723] [M]: 0x80000B38 (0x00002F37) lui t5, 0x2
x30 <- 0x00002000

mem[X,0x80000B3C] -> 0xBEB7
mem[X,0x80000B3E] -> 0x0000
[724] [M]: 0x80000B3C (0x0000BEB7) lui t4, 0xb
x29 <- 0x0000B000

mem[X,0x80000B40] -> 0x8E93
mem[X,0x80000B42] -> 0x505E
[725] [M]: 0x80000B40 (0x505E8E93) addi t4, t4, 0x505
x29 <- 0x0000B505

mem[X,0x80000B44] -> 0x0FB3
mem[X,0x80000B46] -> 0x03DF
[726] [M]: 0x80000B44 (0x03DF0FB3) mul t6, t5, t4
x31 <- 0x16A0A000

mem[X,0x80000B48] -> 0x2223
mem[X,0x80000B4A] -> 0x17F4
[727] [M]: 0x80000B48 (0x17F42223) sw t6, 0x164(fp)
mem[0x800062DC] <- 0x16A0A000

mem[X,0x80000B4C] -> 0x4F37
mem[X,0x80000B4E] -> 0x0000
[728] [M]: 0x80000B4C (0x00004F37) lui t5, 0x4
x30 <- 0x00004000

mem[X,0x80000B50] -> 0xBEB7
mem[X,0x80000B52] -> 0x0000
[729] [M]: 0x80000B50 (0x0000BEB7) lui t4, 0xb
x29 <- 0x0000B000

mem[X,0x80000B54] -> 0x8E93
mem[X,0x80000B56] -> 0x505E
[730] [M]: 0x80000B54 (0x505E8E93) addi t4, t4, 0x505
x29 <- 0x0000B505

mem[X,0x80000B58] -> 0x0FB3
mem[X,0x80000B5A] -> 0x03DF
[731] [M]: 0x80000B58 (0x03DF0FB3) mul t6, t5, t4
x31 <- 0x2D414000

mem[X,0x80000B5C] -> 0x2423
mem[X,0x80000B5E] -> 0x17F4
[732] [M]: 0x80000B5C (0x17F42423) sw t6, 0x168(fp)
mem[0x800062E0] <- 0x2D414000

mem[X,0x80000B60] -> 0x8F37
mem[X,0x80000B62] -> 0x0000
[733] [M]: 0x80000B60 (0x00008F37) lui t5, 0x8
x30 <- 0x00008000

mem[X,0x80000B64] -> 0xBEB7
mem[X,0x80000B66] -> 0x0000
[734] [M]: 0x80000B64 (0x0000BEB7) lui t4, 0xb
x29 <- 0x0000B000

mem[X,0x80000B68] -> 0x8E93
mem[X,0x80000B6A] -> 0x505E
[735] [M]: 0x80000B68 (0x505E8E93) addi t4, t4, 0x505
x29 <- 0x0000B505

mem[X,0x80000B6C] -> 0x0FB3
mem[X,0x80000B6E] -> 0x03DF
[736] [M]: 0x80000B6C (0x03DF0FB3) mul t6, t5, t4
x31 <- 0x5A828000

mem[X,0x80000B70] -> 0x2623
mem[X,0x80000B72] -> 0x17F4
[737] [M]: 0x80000B70 (0x17F42623) sw t6, 0x16c(fp)
mem[0x800062E4] <- 0x5A828000

mem[X,0x80000B74] -> 0x0F37
mem[X,0x80000B76] -> 0x0001
[738] [M]: 0x80000B74 (0x00010F37) lui t5, 0x10
x30 <- 0x00010000

mem[X,0x80000B78] -> 0xBEB7
mem[X,0x80000B7A] -> 0x0000
[739] [M]: 0x80000B78 (0x0000BEB7) lui t4, 0xb
x29 <- 0x0000B000

mem[X,0x80000B7C] -> 0x8E93
mem[X,0x80000B7E] -> 0x505E
[740] [M]: 0x80000B7C (0x505E8E93) addi t4, t4, 0x505
x29 <- 0x0000B505

mem[X,0x80000B80] -> 0x0FB3
mem[X,0x80000B82] -> 0x03DF
[741] [M]: 0x80000B80 (0x03DF0FB3) mul t6, t5, t4
x31 <- 0xB5050000

mem[X,0x80000B84] -> 0x2823
mem[X,0x80000B86] -> 0x17F4
[742] [M]: 0x80000B84 (0x17F42823) sw t6, 0x170(fp)
mem[0x800062E8] <- 0xB5050000

mem[X,0x80000B88] -> 0x0F37
mem[X,0x80000B8A] -> 0x0002
[743] [M]: 0x80000B88 (0x00020F37) lui t5, 0x20
x30 <- 0x00020000

mem[X,0x80000B8C] -> 0xBEB7
mem[X,0x80000B8E] -> 0x0000
[744] [M]: 0x80000B8C (0x0000BEB7) lui t4, 0xb
x29 <- 0x0000B000

mem[X,0x80000B90] -> 0x8E93
mem[X,0x80000B92] -> 0x505E
[745] [M]: 0x80000B90 (0x505E8E93) addi t4, t4, 0x505
x29 <- 0x0000B505

mem[X,0x80000B94] -> 0x0FB3
mem[X,0x80000B96] -> 0x03DF
[746] [M]: 0x80000B94 (0x03DF0FB3) mul t6, t5, t4
x31 <- 0x6A0A0000

mem[X,0x80000B98] -> 0x2A23
mem[X,0x80000B9A] -> 0x17F4
[747] [M]: 0x80000B98 (0x17F42A23) sw t6, 0x174(fp)
mem[0x800062EC] <- 0x6A0A0000

mem[X,0x80000B9C] -> 0x0F37
mem[X,0x80000B9E] -> 0x0004
[748] [M]: 0x80000B9C (0x00040F37) lui t5, 0x40
x30 <- 0x00040000

mem[X,0x80000BA0] -> 0xBEB7
mem[X,0x80000BA2] -> 0x0000
[749] [M]: 0x80000BA0 (0x0000BEB7) lui t4, 0xb
x29 <- 0x0000B000

mem[X,0x80000BA4] -> 0x8E93
mem[X,0x80000BA6] -> 0x505E
[750] [M]: 0x80000BA4 (0x505E8E93) addi t4, t4, 0x505
x29 <- 0x0000B505

mem[X,0x80000BA8] -> 0x0FB3
mem[X,0x80000BAA] -> 0x03DF
[751] [M]: 0x80000BA8 (0x03DF0FB3) mul t6, t5, t4
x31 <- 0xD4140000

mem[X,0x80000BAC] -> 0x2C23
mem[X,0x80000BAE] -> 0x17F4
[752] [M]: 0x80000BAC (0x17F42C23) sw t6, 0x178(fp)
mem[0x800062F0] <- 0xD4140000

mem[X,0x80000BB0] -> 0x0F37
mem[X,0x80000BB2] -> 0x0008
[753] [M]: 0x80000BB0 (0x00080F37) lui t5, 0x80
x30 <- 0x00080000

mem[X,0x80000BB4] -> 0xBEB7
mem[X,0x80000BB6] -> 0x0000
[754] [M]: 0x80000BB4 (0x0000BEB7) lui t4, 0xb
x29 <- 0x0000B000

mem[X,0x80000BB8] -> 0x8E93
mem[X,0x80000BBA] -> 0x505E
[755] [M]: 0x80000BB8 (0x505E8E93) addi t4, t4, 0x505
x29 <- 0x0000B505

mem[X,0x80000BBC] -> 0x0FB3
mem[X,0x80000BBE] -> 0x03DF
[756] [M]: 0x80000BBC (0x03DF0FB3) mul t6, t5, t4
x31 <- 0xA8280000

mem[X,0x80000BC0] -> 0x2E23
mem[X,0x80000BC2] -> 0x17F4
[757] [M]: 0x80000BC0 (0x17F42E23) sw t6, 0x17c(fp)
mem[0x800062F4] <- 0xA8280000

mem[X,0x80000BC4] -> 0x0F37
mem[X,0x80000BC6] -> 0x0010
[758] [M]: 0x80000BC4 (0x00100F37) lui t5, 0x100
x30 <- 0x00100000

mem[X,0x80000BC8] -> 0xBEB7
mem[X,0x80000BCA] -> 0x0000
[759] [M]: 0x80000BC8 (0x0000BEB7) lui t4, 0xb
x29 <- 0x0000B000

mem[X,0x80000BCC] -> 0x8E93
mem[X,0x80000BCE] -> 0x505E
[760] [M]: 0x80000BCC (0x505E8E93) addi t4, t4, 0x505
x29 <- 0x0000B505

mem[X,0x80000BD0] -> 0x0FB3
mem[X,0x80000BD2] -> 0x03DF
[761] [M]: 0x80000BD0 (0x03DF0FB3) mul t6, t5, t4
x31 <- 0x50500000

mem[X,0x80000BD4] -> 0x2023
mem[X,0x80000BD6] -> 0x19F4
[762] [M]: 0x80000BD4 (0x19F42023) sw t6, 0x180(fp)
mem[0x800062F8] <- 0x50500000

mem[X,0x80000BD8] -> 0x0F37
mem[X,0x80000BDA] -> 0x0020
[763] [M]: 0x80000BD8 (0x00200F37) lui t5, 0x200
x30 <- 0x00200000

mem[X,0x80000BDC] -> 0xBEB7
mem[X,0x80000BDE] -> 0x0000
[764] [M]: 0x80000BDC (0x0000BEB7) lui t4, 0xb
x29 <- 0x0000B000

mem[X,0x80000BE0] -> 0x8E93
mem[X,0x80000BE2] -> 0x505E
[765] [M]: 0x80000BE0 (0x505E8E93) addi t4, t4, 0x505
x29 <- 0x0000B505

mem[X,0x80000BE4] -> 0x0FB3
mem[X,0x80000BE6] -> 0x03DF
[766] [M]: 0x80000BE4 (0x03DF0FB3) mul t6, t5, t4
x31 <- 0xA0A00000

mem[X,0x80000BE8] -> 0x2223
mem[X,0x80000BEA] -> 0x19F4
[767] [M]: 0x80000BE8 (0x19F42223) sw t6, 0x184(fp)
mem[0x800062FC] <- 0xA0A00000

mem[X,0x80000BEC] -> 0x0F37
mem[X,0x80000BEE] -> 0x0040
[768] [M]: 0x80000BEC (0x00400F37) lui t5, 0x400
x30 <- 0x00400000

mem[X,0x80000BF0] -> 0xBEB7
mem[X,0x80000BF2] -> 0x0000
[769] [M]: 0x80000BF0 (0x0000BEB7) lui t4, 0xb
x29 <- 0x0000B000

mem[X,0x80000BF4] -> 0x8E93
mem[X,0x80000BF6] -> 0x505E
[770] [M]: 0x80000BF4 (0x505E8E93) addi t4, t4, 0x505
x29 <- 0x0000B505

mem[X,0x80000BF8] -> 0x0FB3
mem[X,0x80000BFA] -> 0x03DF
[771] [M]: 0x80000BF8 (0x03DF0FB3) mul t6, t5, t4
x31 <- 0x41400000

mem[X,0x80000BFC] -> 0x2423
mem[X,0x80000BFE] -> 0x19F4
[772] [M]: 0x80000BFC (0x19F42423) sw t6, 0x188(fp)
mem[0x80006300] <- 0x41400000

mem[X,0x80000C00] -> 0x0F37
mem[X,0x80000C02] -> 0x0080
[773] [M]: 0x80000C00 (0x00800F37) lui t5, 0x800
x30 <- 0x00800000

mem[X,0x80000C04] -> 0xBEB7
mem[X,0x80000C06] -> 0x0000
[774] [M]: 0x80000C04 (0x0000BEB7) lui t4, 0xb
x29 <- 0x0000B000

mem[X,0x80000C08] -> 0x8E93
mem[X,0x80000C0A] -> 0x505E
[775] [M]: 0x80000C08 (0x505E8E93) addi t4, t4, 0x505
x29 <- 0x0000B505

mem[X,0x80000C0C] -> 0x0FB3
mem[X,0x80000C0E] -> 0x03DF
[776] [M]: 0x80000C0C (0x03DF0FB3) mul t6, t5, t4
x31 <- 0x82800000

mem[X,0x80000C10] -> 0x2623
mem[X,0x80000C12] -> 0x19F4
[777] [M]: 0x80000C10 (0x19F42623) sw t6, 0x18c(fp)
mem[0x80006304] <- 0x82800000

mem[X,0x80000C14] -> 0x0F37
mem[X,0x80000C16] -> 0x0100
[778] [M]: 0x80000C14 (0x01000F37) lui t5, 0x1000
x30 <- 0x01000000

mem[X,0x80000C18] -> 0xBEB7
mem[X,0x80000C1A] -> 0x0000
[779] [M]: 0x80000C18 (0x0000BEB7) lui t4, 0xb
x29 <- 0x0000B000

mem[X,0x80000C1C] -> 0x8E93
mem[X,0x80000C1E] -> 0x505E
[780] [M]: 0x80000C1C (0x505E8E93) addi t4, t4, 0x505
x29 <- 0x0000B505

mem[X,0x80000C20] -> 0x0FB3
mem[X,0x80000C22] -> 0x03DF
[781] [M]: 0x80000C20 (0x03DF0FB3) mul t6, t5, t4
x31 <- 0x05000000

mem[X,0x80000C24] -> 0x2823
mem[X,0x80000C26] -> 0x19F4
[782] [M]: 0x80000C24 (0x19F42823) sw t6, 0x190(fp)
mem[0x80006308] <- 0x05000000

mem[X,0x80000C28] -> 0x0F37
mem[X,0x80000C2A] -> 0x0200
[783] [M]: 0x80000C28 (0x02000F37) lui t5, 0x2000
x30 <- 0x02000000

mem[X,0x80000C2C] -> 0xBEB7
mem[X,0x80000C2E] -> 0x0000
[784] [M]: 0x80000C2C (0x0000BEB7) lui t4, 0xb
x29 <- 0x0000B000

mem[X,0x80000C30] -> 0x8E93
mem[X,0x80000C32] -> 0x505E
[785] [M]: 0x80000C30 (0x505E8E93) addi t4, t4, 0x505
x29 <- 0x0000B505

mem[X,0x80000C34] -> 0x0FB3
mem[X,0x80000C36] -> 0x03DF
[786] [M]: 0x80000C34 (0x03DF0FB3) mul t6, t5, t4
x31 <- 0x0A000000

mem[X,0x80000C38] -> 0x2A23
mem[X,0x80000C3A] -> 0x19F4
[787] [M]: 0x80000C38 (0x19F42A23) sw t6, 0x194(fp)
mem[0x8000630C] <- 0x0A000000

mem[X,0x80000C3C] -> 0x0F37
mem[X,0x80000C3E] -> 0x0400
[788] [M]: 0x80000C3C (0x04000F37) lui t5, 0x4000
x30 <- 0x04000000

mem[X,0x80000C40] -> 0xBEB7
mem[X,0x80000C42] -> 0x0000
[789] [M]: 0x80000C40 (0x0000BEB7) lui t4, 0xb
x29 <- 0x0000B000

mem[X,0x80000C44] -> 0x8E93
mem[X,0x80000C46] -> 0x505E
[790] [M]: 0x80000C44 (0x505E8E93) addi t4, t4, 0x505
x29 <- 0x0000B505

mem[X,0x80000C48] -> 0x0FB3
mem[X,0x80000C4A] -> 0x03DF
[791] [M]: 0x80000C48 (0x03DF0FB3) mul t6, t5, t4
x31 <- 0x14000000

mem[X,0x80000C4C] -> 0x2C23
mem[X,0x80000C4E] -> 0x19F4
[792] [M]: 0x80000C4C (0x19F42C23) sw t6, 0x198(fp)
mem[0x80006310] <- 0x14000000

mem[X,0x80000C50] -> 0x0F37
mem[X,0x80000C52] -> 0x0800
[793] [M]: 0x80000C50 (0x08000F37) lui t5, 0x8000
x30 <- 0x08000000

mem[X,0x80000C54] -> 0xBEB7
mem[X,0x80000C56] -> 0x0000
[794] [M]: 0x80000C54 (0x0000BEB7) lui t4, 0xb
x29 <- 0x0000B000

mem[X,0x80000C58] -> 0x8E93
mem[X,0x80000C5A] -> 0x505E
[795] [M]: 0x80000C58 (0x505E8E93) addi t4, t4, 0x505
x29 <- 0x0000B505

mem[X,0x80000C5C] -> 0x0FB3
mem[X,0x80000C5E] -> 0x03DF
[796] [M]: 0x80000C5C (0x03DF0FB3) mul t6, t5, t4
x31 <- 0x28000000

mem[X,0x80000C60] -> 0x2E23
mem[X,0x80000C62] -> 0x19F4
[797] [M]: 0x80000C60 (0x19F42E23) sw t6, 0x19c(fp)
mem[0x80006314] <- 0x28000000

mem[X,0x80000C64] -> 0x0F37
mem[X,0x80000C66] -> 0x1000
[798] [M]: 0x80000C64 (0x10000F37) lui t5, 0x10000
x30 <- 0x10000000

mem[X,0x80000C68] -> 0xBEB7
mem[X,0x80000C6A] -> 0x0000
[799] [M]: 0x80000C68 (0x0000BEB7) lui t4, 0xb
x29 <- 0x0000B000

clint::tick mtime <- 0x0000000000000008
 clint timer pending at mtime 0x0000000000000008
htif::tick 0x0000000000000000
mem[X,0x80000C6C] -> 0x8E93
mem[X,0x80000C6E] -> 0x505E
[800] [M]: 0x80000C6C (0x505E8E93) addi t4, t4, 0x505
x29 <- 0x0000B505

mem[X,0x80000C70] -> 0x0FB3
mem[X,0x80000C72] -> 0x03DF
[801] [M]: 0x80000C70 (0x03DF0FB3) mul t6, t5, t4
x31 <- 0x50000000

mem[X,0x80000C74] -> 0x2023
mem[X,0x80000C76] -> 0x1BF4
[802] [M]: 0x80000C74 (0x1BF42023) sw t6, 0x1a0(fp)
mem[0x80006318] <- 0x50000000

mem[X,0x80000C78] -> 0x0F37
mem[X,0x80000C7A] -> 0x2000
[803] [M]: 0x80000C78 (0x20000F37) lui t5, 0x20000
x30 <- 0x20000000

mem[X,0x80000C7C] -> 0xBEB7
mem[X,0x80000C7E] -> 0x0000
[804] [M]: 0x80000C7C (0x0000BEB7) lui t4, 0xb
x29 <- 0x0000B000

mem[X,0x80000C80] -> 0x8E93
mem[X,0x80000C82] -> 0x505E
[805] [M]: 0x80000C80 (0x505E8E93) addi t4, t4, 0x505
x29 <- 0x0000B505

mem[X,0x80000C84] -> 0x0FB3
mem[X,0x80000C86] -> 0x03DF
[806] [M]: 0x80000C84 (0x03DF0FB3) mul t6, t5, t4
x31 <- 0xA0000000

mem[X,0x80000C88] -> 0x2223
mem[X,0x80000C8A] -> 0x1BF4
[807] [M]: 0x80000C88 (0x1BF42223) sw t6, 0x1a4(fp)
mem[0x8000631C] <- 0xA0000000

mem[X,0x80000C8C] -> 0x0F37
mem[X,0x80000C8E] -> 0x4000
[808] [M]: 0x80000C8C (0x40000F37) lui t5, 0x40000
x30 <- 0x40000000

mem[X,0x80000C90] -> 0xBEB7
mem[X,0x80000C92] -> 0x0000
[809] [M]: 0x80000C90 (0x0000BEB7) lui t4, 0xb
x29 <- 0x0000B000

mem[X,0x80000C94] -> 0x8E93
mem[X,0x80000C96] -> 0x505E
[810] [M]: 0x80000C94 (0x505E8E93) addi t4, t4, 0x505
x29 <- 0x0000B505

mem[X,0x80000C98] -> 0x0FB3
mem[X,0x80000C9A] -> 0x03DF
[811] [M]: 0x80000C98 (0x03DF0FB3) mul t6, t5, t4
x31 <- 0x40000000

mem[X,0x80000C9C] -> 0x2423
mem[X,0x80000C9E] -> 0x1BF4
[812] [M]: 0x80000C9C (0x1BF42423) sw t6, 0x1a8(fp)
mem[0x80006320] <- 0x40000000

mem[X,0x80000CA0] -> 0x0F13
mem[X,0x80000CA2] -> 0x0030
[813] [M]: 0x80000CA0 (0x00300F13) addi t5, zero, 0x3
x30 <- 0x00000003

mem[X,0x80000CA4] -> 0x0E93
mem[X,0x80000CA6] -> 0x0030
[814] [M]: 0x80000CA4 (0x00300E93) addi t4, zero, 0x3
x29 <- 0x00000003

mem[X,0x80000CA8] -> 0x0FB3
mem[X,0x80000CAA] -> 0x03DF
[815] [M]: 0x80000CA8 (0x03DF0FB3) mul t6, t5, t4
x31 <- 0x00000009

mem[X,0x80000CAC] -> 0x2623
mem[X,0x80000CAE] -> 0x1BF4
[816] [M]: 0x80000CAC (0x1BF42623) sw t6, 0x1ac(fp)
mem[0x80006324] <- 0x00000009

mem[X,0x80000CB0] -> 0x0F13
mem[X,0x80000CB2] -> 0x0030
[817] [M]: 0x80000CB0 (0x00300F13) addi t5, zero, 0x3
x30 <- 0x00000003

mem[X,0x80000CB4] -> 0x5EB7
mem[X,0x80000CB6] -> 0x5555
[818] [M]: 0x80000CB4 (0x55555EB7) lui t4, 0x55555
x29 <- 0x55555000

mem[X,0x80000CB8] -> 0x8E93
mem[X,0x80000CBA] -> 0x555E
[819] [M]: 0x80000CB8 (0x555E8E93) addi t4, t4, 0x555
x29 <- 0x55555555

mem[X,0x80000CBC] -> 0x0FB3
mem[X,0x80000CBE] -> 0x03DF
[820] [M]: 0x80000CBC (0x03DF0FB3) mul t6, t5, t4
x31 <- 0xFFFFFFFF

mem[X,0x80000CC0] -> 0x2823
mem[X,0x80000CC2] -> 0x1BF4
[821] [M]: 0x80000CC0 (0x1BF42823) sw t6, 0x1b0(fp)
mem[0x80006328] <- 0xFFFFFFFF

mem[X,0x80000CC4] -> 0x0F13
mem[X,0x80000CC6] -> 0x0030
[822] [M]: 0x80000CC4 (0x00300F13) addi t5, zero, 0x3
x30 <- 0x00000003

mem[X,0x80000CC8] -> 0xBEB7
mem[X,0x80000CCA] -> 0xAAAA
[823] [M]: 0x80000CC8 (0xAAAABEB7) lui t4, -0x55555
x29 <- 0xAAAAB000

mem[X,0x80000CCC] -> 0x8E93
mem[X,0x80000CCE] -> 0xAAAE
[824] [M]: 0x80000CCC (0xAAAE8E93) addi t4, t4, -0x556
x29 <- 0xAAAAAAAA

mem[X,0x80000CD0] -> 0x0FB3
mem[X,0x80000CD2] -> 0x03DF
[825] [M]: 0x80000CD0 (0x03DF0FB3) mul t6, t5, t4
x31 <- 0xFFFFFFFE

mem[X,0x80000CD4] -> 0x2A23
mem[X,0x80000CD6] -> 0x1BF4
[826] [M]: 0x80000CD4 (0x1BF42A23) sw t6, 0x1b4(fp)
mem[0x8000632C] <- 0xFFFFFFFE

mem[X,0x80000CD8] -> 0x0F13
mem[X,0x80000CDA] -> 0x0030
[827] [M]: 0x80000CD8 (0x00300F13) addi t5, zero, 0x3
x30 <- 0x00000003

mem[X,0x80000CDC] -> 0x0E93
mem[X,0x80000CDE] -> 0x0050
[828] [M]: 0x80000CDC (0x00500E93) addi t4, zero, 0x5
x29 <- 0x00000005

mem[X,0x80000CE0] -> 0x0FB3
mem[X,0x80000CE2] -> 0x03DF
[829] [M]: 0x80000CE0 (0x03DF0FB3) mul t6, t5, t4
x31 <- 0x0000000F

mem[X,0x80000CE4] -> 0x2C23
mem[X,0x80000CE6] -> 0x1BF4
[830] [M]: 0x80000CE4 (0x1BF42C23) sw t6, 0x1b8(fp)
mem[0x80006330] <- 0x0000000F

mem[X,0x80000CE8] -> 0x0F13
mem[X,0x80000CEA] -> 0x0030
[831] [M]: 0x80000CE8 (0x00300F13) addi t5, zero, 0x3
x30 <- 0x00000003

mem[X,0x80000CEC] -> 0x3EB7
mem[X,0x80000CEE] -> 0x3333
[832] [M]: 0x80000CEC (0x33333EB7) lui t4, 0x33333
x29 <- 0x33333000

mem[X,0x80000CF0] -> 0x8E93
mem[X,0x80000CF2] -> 0x333E
[833] [M]: 0x80000CF0 (0x333E8E93) addi t4, t4, 0x333
x29 <- 0x33333333

mem[X,0x80000CF4] -> 0x0FB3
mem[X,0x80000CF6] -> 0x03DF
[834] [M]: 0x80000CF4 (0x03DF0FB3) mul t6, t5, t4
x31 <- 0x99999999

mem[X,0x80000CF8] -> 0x2E23
mem[X,0x80000CFA] -> 0x1BF4
[835] [M]: 0x80000CF8 (0x1BF42E23) sw t6, 0x1bc(fp)
mem[0x80006334] <- 0x99999999

mem[X,0x80000CFC] -> 0x0F13
mem[X,0x80000CFE] -> 0x0030
[836] [M]: 0x80000CFC (0x00300F13) addi t5, zero, 0x3
x30 <- 0x00000003

mem[X,0x80000D00] -> 0x6EB7
mem[X,0x80000D02] -> 0x6666
[837] [M]: 0x80000D00 (0x66666EB7) lui t4, 0x66666
x29 <- 0x66666000

mem[X,0x80000D04] -> 0x8E93
mem[X,0x80000D06] -> 0x666E
[838] [M]: 0x80000D04 (0x666E8E93) addi t4, t4, 0x666
x29 <- 0x66666666

mem[X,0x80000D08] -> 0x0FB3
mem[X,0x80000D0A] -> 0x03DF
[839] [M]: 0x80000D08 (0x03DF0FB3) mul t6, t5, t4
x31 <- 0x33333332

mem[X,0x80000D0C] -> 0x2023
mem[X,0x80000D0E] -> 0x1DF4
[840] [M]: 0x80000D0C (0x1DF42023) sw t6, 0x1c0(fp)
mem[0x80006338] <- 0x33333332

mem[X,0x80000D10] -> 0x0F13
mem[X,0x80000D12] -> 0x0030
[841] [M]: 0x80000D10 (0x00300F13) addi t5, zero, 0x3
x30 <- 0x00000003

mem[X,0x80000D14] -> 0x5EB7
mem[X,0x80000D16] -> 0xFFFF
[842] [M]: 0x80000D14 (0xFFFF5EB7) lui t4, -0xb
x29 <- 0xFFFF5000

mem[X,0x80000D18] -> 0x8E93
mem[X,0x80000D1A] -> 0xAFCE
[843] [M]: 0x80000D18 (0xAFCE8E93) addi t4, t4, -0x504
x29 <- 0xFFFF4AFC

mem[X,0x80000D1C] -> 0x0FB3
mem[X,0x80000D1E] -> 0x03DF
[844] [M]: 0x80000D1C (0x03DF0FB3) mul t6, t5, t4
x31 <- 0xFFFDE0F4

mem[X,0x80000D20] -> 0x2223
mem[X,0x80000D22] -> 0x1DF4
[845] [M]: 0x80000D20 (0x1DF42223) sw t6, 0x1c4(fp)
mem[0x8000633C] <- 0xFFFDE0F4

mem[X,0x80000D24] -> 0x0F13
mem[X,0x80000D26] -> 0x0030
[846] [M]: 0x80000D24 (0x00300F13) addi t5, zero, 0x3
x30 <- 0x00000003

mem[X,0x80000D28] -> 0xBEB7
mem[X,0x80000D2A] -> 0x0000
[847] [M]: 0x80000D28 (0x0000BEB7) lui t4, 0xb
x29 <- 0x0000B000

mem[X,0x80000D2C] -> 0x8E93
mem[X,0x80000D2E] -> 0x504E
[848] [M]: 0x80000D2C (0x504E8E93) addi t4, t4, 0x504
x29 <- 0x0000B504

mem[X,0x80000D30] -> 0x0FB3
mem[X,0x80000D32] -> 0x03DF
[849] [M]: 0x80000D30 (0x03DF0FB3) mul t6, t5, t4
x31 <- 0x00021F0C

mem[X,0x80000D34] -> 0x2423
mem[X,0x80000D36] -> 0x1DF4
[850] [M]: 0x80000D34 (0x1DF42423) sw t6, 0x1c8(fp)
mem[0x80006340] <- 0x00021F0C

mem[X,0x80000D38] -> 0x0F13
mem[X,0x80000D3A] -> 0x0030
[851] [M]: 0x80000D38 (0x00300F13) addi t5, zero, 0x3
x30 <- 0x00000003

mem[X,0x80000D3C] -> 0x0E93
mem[X,0x80000D3E] -> 0x0020
[852] [M]: 0x80000D3C (0x00200E93) addi t4, zero, 0x2
x29 <- 0x00000002

mem[X,0x80000D40] -> 0x0FB3
mem[X,0x80000D42] -> 0x03DF
[853] [M]: 0x80000D40 (0x03DF0FB3) mul t6, t5, t4
x31 <- 0x00000006

mem[X,0x80000D44] -> 0x2623
mem[X,0x80000D46] -> 0x1DF4
[854] [M]: 0x80000D44 (0x1DF42623) sw t6, 0x1cc(fp)
mem[0x80006344] <- 0x00000006

mem[X,0x80000D48] -> 0x0F13
mem[X,0x80000D4A] -> 0x0030
[855] [M]: 0x80000D48 (0x00300F13) addi t5, zero, 0x3
x30 <- 0x00000003

mem[X,0x80000D4C] -> 0x5EB7
mem[X,0x80000D4E] -> 0x5555
[856] [M]: 0x80000D4C (0x55555EB7) lui t4, 0x55555
x29 <- 0x55555000

mem[X,0x80000D50] -> 0x8E93
mem[X,0x80000D52] -> 0x554E
[857] [M]: 0x80000D50 (0x554E8E93) addi t4, t4, 0x554
x29 <- 0x55555554

mem[X,0x80000D54] -> 0x0FB3
mem[X,0x80000D56] -> 0x03DF
[858] [M]: 0x80000D54 (0x03DF0FB3) mul t6, t5, t4
x31 <- 0xFFFFFFFC

mem[X,0x80000D58] -> 0x2823
mem[X,0x80000D5A] -> 0x1DF4
[859] [M]: 0x80000D58 (0x1DF42823) sw t6, 0x1d0(fp)
mem[0x80006348] <- 0xFFFFFFFC

mem[X,0x80000D5C] -> 0x0F13
mem[X,0x80000D5E] -> 0x0030
[860] [M]: 0x80000D5C (0x00300F13) addi t5, zero, 0x3
x30 <- 0x00000003

mem[X,0x80000D60] -> 0x3EB7
mem[X,0x80000D62] -> 0x3333
[861] [M]: 0x80000D60 (0x33333EB7) lui t4, 0x33333
x29 <- 0x33333000

mem[X,0x80000D64] -> 0x8E93
mem[X,0x80000D66] -> 0x332E
[862] [M]: 0x80000D64 (0x332E8E93) addi t4, t4, 0x332
x29 <- 0x33333332

mem[X,0x80000D68] -> 0x0FB3
mem[X,0x80000D6A] -> 0x03DF
[863] [M]: 0x80000D68 (0x03DF0FB3) mul t6, t5, t4
x31 <- 0x99999996

mem[X,0x80000D6C] -> 0x2A23
mem[X,0x80000D6E] -> 0x1DF4
[864] [M]: 0x80000D6C (0x1DF42A23) sw t6, 0x1d4(fp)
mem[0x8000634C] <- 0x99999996

mem[X,0x80000D70] -> 0x0F13
mem[X,0x80000D72] -> 0x0030
[865] [M]: 0x80000D70 (0x00300F13) addi t5, zero, 0x3
x30 <- 0x00000003

mem[X,0x80000D74] -> 0x6EB7
mem[X,0x80000D76] -> 0x6666
[866] [M]: 0x80000D74 (0x66666EB7) lui t4, 0x66666
x29 <- 0x66666000

mem[X,0x80000D78] -> 0x8E93
mem[X,0x80000D7A] -> 0x665E
[867] [M]: 0x80000D78 (0x665E8E93) addi t4, t4, 0x665
x29 <- 0x66666665

mem[X,0x80000D7C] -> 0x0FB3
mem[X,0x80000D7E] -> 0x03DF
[868] [M]: 0x80000D7C (0x03DF0FB3) mul t6, t5, t4
x31 <- 0x3333332F

mem[X,0x80000D80] -> 0x2C23
mem[X,0x80000D82] -> 0x1DF4
[869] [M]: 0x80000D80 (0x1DF42C23) sw t6, 0x1d8(fp)
mem[0x80006350] <- 0x3333332F

mem[X,0x80000D84] -> 0x5F37
mem[X,0x80000D86] -> 0x5555
[870] [M]: 0x80000D84 (0x55555F37) lui t5, 0x55555
x30 <- 0x55555000

mem[X,0x80000D88] -> 0x0F13
mem[X,0x80000D8A] -> 0x555F
[871] [M]: 0x80000D88 (0x555F0F13) addi t5, t5, 0x555
x30 <- 0x55555555

mem[X,0x80000D8C] -> 0xBEB7
mem[X,0x80000D8E] -> 0x0000
[872] [M]: 0x80000D8C (0x0000BEB7) lui t4, 0xb
x29 <- 0x0000B000

mem[X,0x80000D90] -> 0x8E93
mem[X,0x80000D92] -> 0x505E
[873] [M]: 0x80000D90 (0x505E8E93) addi t4, t4, 0x505
x29 <- 0x0000B505

mem[X,0x80000D94] -> 0x0FB3
mem[X,0x80000D96] -> 0x03DF
[874] [M]: 0x80000D94 (0x03DF0FB3) mul t6, t5, t4
x31 <- 0xFFFFC3A9

mem[X,0x80000D98] -> 0x2E23
mem[X,0x80000D9A] -> 0x1DF4
[875] [M]: 0x80000D98 (0x1DF42E23) sw t6, 0x1dc(fp)
mem[0x80006354] <- 0xFFFFC3A9

mem[X,0x80000D9C] -> 0x0F13
mem[X,0x80000D9E] -> 0x0030
[876] [M]: 0x80000D9C (0x00300F13) addi t5, zero, 0x3
x30 <- 0x00000003

mem[X,0x80000DA0] -> 0x0E93
mem[X,0x80000DA2] -> 0x0000
[877] [M]: 0x80000DA0 (0x00000E93) addi t4, zero, 0x0
x29 <- 0x00000000

mem[X,0x80000DA4] -> 0x0FB3
mem[X,0x80000DA6] -> 0x03DF
[878] [M]: 0x80000DA4 (0x03DF0FB3) mul t6, t5, t4
x31 <- 0x00000000

mem[X,0x80000DA8] -> 0x2023
mem[X,0x80000DAA] -> 0x1FF4
[879] [M]: 0x80000DA8 (0x1FF42023) sw t6, 0x1e0(fp)
mem[0x80006358] <- 0x00000000

mem[X,0x80000DAC] -> 0x0F13
mem[X,0x80000DAE] -> 0x0030
[880] [M]: 0x80000DAC (0x00300F13) addi t5, zero, 0x3
x30 <- 0x00000003

mem[X,0x80000DB0] -> 0xBEB7
mem[X,0x80000DB2] -> 0x0000
[881] [M]: 0x80000DB0 (0x0000BEB7) lui t4, 0xb
x29 <- 0x0000B000

mem[X,0x80000DB4] -> 0x8E93
mem[X,0x80000DB6] -> 0x503E
[882] [M]: 0x80000DB4 (0x503E8E93) addi t4, t4, 0x503
x29 <- 0x0000B503

mem[X,0x80000DB8] -> 0x0FB3
mem[X,0x80000DBA] -> 0x03DF
[883] [M]: 0x80000DB8 (0x03DF0FB3) mul t6, t5, t4
x31 <- 0x00021F09

mem[X,0x80000DBC] -> 0x2223
mem[X,0x80000DBE] -> 0x1FF4
[884] [M]: 0x80000DBC (0x1FF42223) sw t6, 0x1e4(fp)
mem[0x8000635C] <- 0x00021F09

mem[X,0x80000DC0] -> 0xBF37
mem[X,0x80000DC2] -> 0xAAAA
[885] [M]: 0x80000DC0 (0xAAAABF37) lui t5, -0x55555
x30 <- 0xAAAAB000

mem[X,0x80000DC4] -> 0x0F13
mem[X,0x80000DC6] -> 0xAAAF
[886] [M]: 0x80000DC4 (0xAAAF0F13) addi t5, t5, -0x556
x30 <- 0xAAAAAAAA

mem[X,0x80000DC8] -> 0xBEB7
mem[X,0x80000DCA] -> 0x0000
[887] [M]: 0x80000DC8 (0x0000BEB7) lui t4, 0xb
x29 <- 0x0000B000

mem[X,0x80000DCC] -> 0x8E93
mem[X,0x80000DCE] -> 0x505E
[888] [M]: 0x80000DCC (0x505E8E93) addi t4, t4, 0x505
x29 <- 0x0000B505

mem[X,0x80000DD0] -> 0x0FB3
mem[X,0x80000DD2] -> 0x03DF
[889] [M]: 0x80000DD0 (0x03DF0FB3) mul t6, t5, t4
x31 <- 0xFFFF8752

mem[X,0x80000DD4] -> 0x2423
mem[X,0x80000DD6] -> 0x1FF4
[890] [M]: 0x80000DD4 (0x1FF42423) sw t6, 0x1e8(fp)
mem[0x80006360] <- 0xFFFF8752

mem[X,0x80000DD8] -> 0x0F13
mem[X,0x80000DDA] -> 0x0030
[891] [M]: 0x80000DD8 (0x00300F13) addi t5, zero, 0x3
x30 <- 0x00000003

mem[X,0x80000DDC] -> 0x0E93
mem[X,0x80000DDE] -> 0x0040
[892] [M]: 0x80000DDC (0x00400E93) addi t4, zero, 0x4
x29 <- 0x00000004

mem[X,0x80000DE0] -> 0x0FB3
mem[X,0x80000DE2] -> 0x03DF
[893] [M]: 0x80000DE0 (0x03DF0FB3) mul t6, t5, t4
x31 <- 0x0000000C

mem[X,0x80000DE4] -> 0x2623
mem[X,0x80000DE6] -> 0x1FF4
[894] [M]: 0x80000DE4 (0x1FF42623) sw t6, 0x1ec(fp)
mem[0x80006364] <- 0x0000000C

mem[X,0x80000DE8] -> 0x0F13
mem[X,0x80000DEA] -> 0x0030
[895] [M]: 0x80000DE8 (0x00300F13) addi t5, zero, 0x3
x30 <- 0x00000003

mem[X,0x80000DEC] -> 0x5EB7
mem[X,0x80000DEE] -> 0x5555
[896] [M]: 0x80000DEC (0x55555EB7) lui t4, 0x55555
x29 <- 0x55555000

mem[X,0x80000DF0] -> 0x8E93
mem[X,0x80000DF2] -> 0x556E
[897] [M]: 0x80000DF0 (0x556E8E93) addi t4, t4, 0x556
x29 <- 0x55555556

mem[X,0x80000DF4] -> 0x0FB3
mem[X,0x80000DF6] -> 0x03DF
[898] [M]: 0x80000DF4 (0x03DF0FB3) mul t6, t5, t4
x31 <- 0x00000002

mem[X,0x80000DF8] -> 0x2823
mem[X,0x80000DFA] -> 0x1FF4
[899] [M]: 0x80000DF8 (0x1FF42823) sw t6, 0x1f0(fp)
mem[0x80006368] <- 0x00000002

clint::tick mtime <- 0x0000000000000009
 clint timer pending at mtime 0x0000000000000009
htif::tick 0x0000000000000000
mem[X,0x80000DFC] -> 0x0F13
mem[X,0x80000DFE] -> 0x0030
[900] [M]: 0x80000DFC (0x00300F13) addi t5, zero, 0x3
x30 <- 0x00000003

mem[X,0x80000E00] -> 0xBEB7
mem[X,0x80000E02] -> 0xAAAA
[901] [M]: 0x80000E00 (0xAAAABEB7) lui t4, -0x55555
x29 <- 0xAAAAB000

mem[X,0x80000E04] -> 0x8E93
mem[X,0x80000E06] -> 0xAABE
[902] [M]: 0x80000E04 (0xAABE8E93) addi t4, t4, -0x555
x29 <- 0xAAAAAAAB

mem[X,0x80000E08] -> 0x0FB3
mem[X,0x80000E0A] -> 0x03DF
[903] [M]: 0x80000E08 (0x03DF0FB3) mul t6, t5, t4
x31 <- 0x00000001

mem[X,0x80000E0C] -> 0x2A23
mem[X,0x80000E0E] -> 0x1FF4
[904] [M]: 0x80000E0C (0x1FF42A23) sw t6, 0x1f4(fp)
mem[0x8000636C] <- 0x00000001

mem[X,0x80000E10] -> 0x0F13
mem[X,0x80000E12] -> 0x0030
[905] [M]: 0x80000E10 (0x00300F13) addi t5, zero, 0x3
x30 <- 0x00000003

mem[X,0x80000E14] -> 0x0E93
mem[X,0x80000E16] -> 0x0060
[906] [M]: 0x80000E14 (0x00600E93) addi t4, zero, 0x6
x29 <- 0x00000006

mem[X,0x80000E18] -> 0x0FB3
mem[X,0x80000E1A] -> 0x03DF
[907] [M]: 0x80000E18 (0x03DF0FB3) mul t6, t5, t4
x31 <- 0x00000012

mem[X,0x80000E1C] -> 0x2C23
mem[X,0x80000E1E] -> 0x1FF4
[908] [M]: 0x80000E1C (0x1FF42C23) sw t6, 0x1f8(fp)
mem[0x80006370] <- 0x00000012

mem[X,0x80000E20] -> 0x0F13
mem[X,0x80000E22] -> 0x0030
[909] [M]: 0x80000E20 (0x00300F13) addi t5, zero, 0x3
x30 <- 0x00000003

mem[X,0x80000E24] -> 0x3EB7
mem[X,0x80000E26] -> 0x3333
[910] [M]: 0x80000E24 (0x33333EB7) lui t4, 0x33333
x29 <- 0x33333000

mem[X,0x80000E28] -> 0x8E93
mem[X,0x80000E2A] -> 0x334E
[911] [M]: 0x80000E28 (0x334E8E93) addi t4, t4, 0x334
x29 <- 0x33333334

mem[X,0x80000E2C] -> 0x0FB3
mem[X,0x80000E2E] -> 0x03DF
[912] [M]: 0x80000E2C (0x03DF0FB3) mul t6, t5, t4
x31 <- 0x9999999C

mem[X,0x80000E30] -> 0x2E23
mem[X,0x80000E32] -> 0x1FF4
[913] [M]: 0x80000E30 (0x1FF42E23) sw t6, 0x1fc(fp)
mem[0x80006374] <- 0x9999999C

mem[X,0x80000E34] -> 0x0F13
mem[X,0x80000E36] -> 0x0030
[914] [M]: 0x80000E34 (0x00300F13) addi t5, zero, 0x3
x30 <- 0x00000003

mem[X,0x80000E38] -> 0x6EB7
mem[X,0x80000E3A] -> 0x6666
[915] [M]: 0x80000E38 (0x66666EB7) lui t4, 0x66666
x29 <- 0x66666000

mem[X,0x80000E3C] -> 0x8E93
mem[X,0x80000E3E] -> 0x667E
[916] [M]: 0x80000E3C (0x667E8E93) addi t4, t4, 0x667
x29 <- 0x66666667

mem[X,0x80000E40] -> 0x0FB3
mem[X,0x80000E42] -> 0x03DF
[917] [M]: 0x80000E40 (0x03DF0FB3) mul t6, t5, t4
x31 <- 0x33333335

mem[X,0x80000E44] -> 0x2023
mem[X,0x80000E46] -> 0x21F4
[918] [M]: 0x80000E44 (0x21F42023) sw t6, 0x200(fp)
mem[0x80006378] <- 0x33333335

mem[X,0x80000E48] -> 0x0F13
mem[X,0x80000E4A] -> 0x0000
[919] [M]: 0x80000E48 (0x00000F13) addi t5, zero, 0x0
x30 <- 0x00000000

mem[X,0x80000E4C] -> 0xBEB7
mem[X,0x80000E4E] -> 0x0000
[920] [M]: 0x80000E4C (0x0000BEB7) lui t4, 0xb
x29 <- 0x0000B000

mem[X,0x80000E50] -> 0x8E93
mem[X,0x80000E52] -> 0x505E
[921] [M]: 0x80000E50 (0x505E8E93) addi t4, t4, 0x505
x29 <- 0x0000B505

mem[X,0x80000E54] -> 0x0FB3
mem[X,0x80000E56] -> 0x03DF
[922] [M]: 0x80000E54 (0x03DF0FB3) mul t6, t5, t4
x31 <- 0x00000000

mem[X,0x80000E58] -> 0x2223
mem[X,0x80000E5A] -> 0x21F4
[923] [M]: 0x80000E58 (0x21F42223) sw t6, 0x204(fp)
mem[0x8000637C] <- 0x00000000

mem[X,0x80000E5C] -> 0x0F13
mem[X,0x80000E5E] -> 0x0030
[924] [M]: 0x80000E5C (0x00300F13) addi t5, zero, 0x3
x30 <- 0x00000003

mem[X,0x80000E60] -> 0x5EB7
mem[X,0x80000E62] -> 0xFFFF
[925] [M]: 0x80000E60 (0xFFFF5EB7) lui t4, -0xb
x29 <- 0xFFFF5000

mem[X,0x80000E64] -> 0x8E93
mem[X,0x80000E66] -> 0xAFDE
[926] [M]: 0x80000E64 (0xAFDE8E93) addi t4, t4, -0x503
x29 <- 0xFFFF4AFD

mem[X,0x80000E68] -> 0x0FB3
mem[X,0x80000E6A] -> 0x03DF
[927] [M]: 0x80000E68 (0x03DF0FB3) mul t6, t5, t4
x31 <- 0xFFFDE0F7

mem[X,0x80000E6C] -> 0x2423
mem[X,0x80000E6E] -> 0x21F4
[928] [M]: 0x80000E6C (0x21F42423) sw t6, 0x208(fp)
mem[0x80006380] <- 0xFFFDE0F7

mem[X,0x80000E70] -> 0x0F13
mem[X,0x80000E72] -> 0x0030
[929] [M]: 0x80000E70 (0x00300F13) addi t5, zero, 0x3
x30 <- 0x00000003

mem[X,0x80000E74] -> 0xBEB7
mem[X,0x80000E76] -> 0x0000
[930] [M]: 0x80000E74 (0x0000BEB7) lui t4, 0xb
x29 <- 0x0000B000

mem[X,0x80000E78] -> 0x8E93
mem[X,0x80000E7A] -> 0x505E
[931] [M]: 0x80000E78 (0x505E8E93) addi t4, t4, 0x505
x29 <- 0x0000B505

mem[X,0x80000E7C] -> 0x0FB3
mem[X,0x80000E7E] -> 0x03DF
[932] [M]: 0x80000E7C (0x03DF0FB3) mul t6, t5, t4
x31 <- 0x00021F0F

mem[X,0x80000E80] -> 0x2623
mem[X,0x80000E82] -> 0x21F4
[933] [M]: 0x80000E80 (0x21F42623) sw t6, 0x20c(fp)
mem[0x80006384] <- 0x00021F0F

mem[X,0x80000E84] -> 0x5F37
mem[X,0x80000E86] -> 0x5555
[934] [M]: 0x80000E84 (0x55555F37) lui t5, 0x55555
x30 <- 0x55555000

mem[X,0x80000E88] -> 0x0F13
mem[X,0x80000E8A] -> 0x555F
[935] [M]: 0x80000E88 (0x555F0F13) addi t5, t5, 0x555
x30 <- 0x55555555

mem[X,0x80000E8C] -> 0x0E93
mem[X,0x80000E8E] -> 0x0030
[936] [M]: 0x80000E8C (0x00300E93) addi t4, zero, 0x3
x29 <- 0x00000003

mem[X,0x80000E90] -> 0x0FB3
mem[X,0x80000E92] -> 0x03DF
[937] [M]: 0x80000E90 (0x03DF0FB3) mul t6, t5, t4
x31 <- 0xFFFFFFFF

mem[X,0x80000E94] -> 0x2823
mem[X,0x80000E96] -> 0x21F4
[938] [M]: 0x80000E94 (0x21F42823) sw t6, 0x210(fp)
mem[0x80006388] <- 0xFFFFFFFF

mem[X,0x80000E98] -> 0x5F37
mem[X,0x80000E9A] -> 0x5555
[939] [M]: 0x80000E98 (0x55555F37) lui t5, 0x55555
x30 <- 0x55555000

mem[X,0x80000E9C] -> 0x0F13
mem[X,0x80000E9E] -> 0x555F
[940] [M]: 0x80000E9C (0x555F0F13) addi t5, t5, 0x555
x30 <- 0x55555555

mem[X,0x80000EA0] -> 0x5EB7
mem[X,0x80000EA2] -> 0x5555
[941] [M]: 0x80000EA0 (0x55555EB7) lui t4, 0x55555
x29 <- 0x55555000

mem[X,0x80000EA4] -> 0x8E93
mem[X,0x80000EA6] -> 0x555E
[942] [M]: 0x80000EA4 (0x555E8E93) addi t4, t4, 0x555
x29 <- 0x55555555

mem[X,0x80000EA8] -> 0x0FB3
mem[X,0x80000EAA] -> 0x03DF
[943] [M]: 0x80000EA8 (0x03DF0FB3) mul t6, t5, t4
x31 <- 0x38E38E39

mem[X,0x80000EAC] -> 0x2A23
mem[X,0x80000EAE] -> 0x21F4
[944] [M]: 0x80000EAC (0x21F42A23) sw t6, 0x214(fp)
mem[0x8000638C] <- 0x38E38E39

mem[X,0x80000EB0] -> 0x5F37
mem[X,0x80000EB2] -> 0x5555
[945] [M]: 0x80000EB0 (0x55555F37) lui t5, 0x55555
x30 <- 0x55555000

mem[X,0x80000EB4] -> 0x0F13
mem[X,0x80000EB6] -> 0x555F
[946] [M]: 0x80000EB4 (0x555F0F13) addi t5, t5, 0x555
x30 <- 0x55555555

mem[X,0x80000EB8] -> 0xBEB7
mem[X,0x80000EBA] -> 0xAAAA
[947] [M]: 0x80000EB8 (0xAAAABEB7) lui t4, -0x55555
x29 <- 0xAAAAB000

mem[X,0x80000EBC] -> 0x8E93
mem[X,0x80000EBE] -> 0xAAAE
[948] [M]: 0x80000EBC (0xAAAE8E93) addi t4, t4, -0x556
x29 <- 0xAAAAAAAA

mem[X,0x80000EC0] -> 0x0FB3
mem[X,0x80000EC2] -> 0x03DF
[949] [M]: 0x80000EC0 (0x03DF0FB3) mul t6, t5, t4
x31 <- 0x71C71C72

mem[X,0x80000EC4] -> 0x2C23
mem[X,0x80000EC6] -> 0x21F4
[950] [M]: 0x80000EC4 (0x21F42C23) sw t6, 0x218(fp)
mem[0x80006390] <- 0x71C71C72

mem[X,0x80000EC8] -> 0x5F37
mem[X,0x80000ECA] -> 0x5555
[951] [M]: 0x80000EC8 (0x55555F37) lui t5, 0x55555
x30 <- 0x55555000

mem[X,0x80000ECC] -> 0x0F13
mem[X,0x80000ECE] -> 0x555F
[952] [M]: 0x80000ECC (0x555F0F13) addi t5, t5, 0x555
x30 <- 0x55555555

mem[X,0x80000ED0] -> 0x0E93
mem[X,0x80000ED2] -> 0x0050
[953] [M]: 0x80000ED0 (0x00500E93) addi t4, zero, 0x5
x29 <- 0x00000005

mem[X,0x80000ED4] -> 0x0FB3
mem[X,0x80000ED6] -> 0x03DF
[954] [M]: 0x80000ED4 (0x03DF0FB3) mul t6, t5, t4
x31 <- 0xAAAAAAA9

mem[X,0x80000ED8] -> 0x2E23
mem[X,0x80000EDA] -> 0x21F4
[955] [M]: 0x80000ED8 (0x21F42E23) sw t6, 0x21c(fp)
mem[0x80006394] <- 0xAAAAAAA9

mem[X,0x80000EDC] -> 0x5F37
mem[X,0x80000EDE] -> 0x5555
[956] [M]: 0x80000EDC (0x55555F37) lui t5, 0x55555
x30 <- 0x55555000

mem[X,0x80000EE0] -> 0x0F13
mem[X,0x80000EE2] -> 0x555F
[957] [M]: 0x80000EE0 (0x555F0F13) addi t5, t5, 0x555
x30 <- 0x55555555

mem[X,0x80000EE4] -> 0x3EB7
mem[X,0x80000EE6] -> 0x3333
[958] [M]: 0x80000EE4 (0x33333EB7) lui t4, 0x33333
x29 <- 0x33333000

mem[X,0x80000EE8] -> 0x8E93
mem[X,0x80000EEA] -> 0x333E
[959] [M]: 0x80000EE8 (0x333E8E93) addi t4, t4, 0x333
x29 <- 0x33333333

mem[X,0x80000EEC] -> 0x0FB3
mem[X,0x80000EEE] -> 0x03DF
[960] [M]: 0x80000EEC (0x03DF0FB3) mul t6, t5, t4
x31 <- 0xEEEEEEEF

mem[X,0x80000EF0] -> 0x2023
mem[X,0x80000EF2] -> 0x23F4
[961] [M]: 0x80000EF0 (0x23F42023) sw t6, 0x220(fp)
mem[0x80006398] <- 0xEEEEEEEF

mem[X,0x80000EF4] -> 0x5F37
mem[X,0x80000EF6] -> 0x5555
[962] [M]: 0x80000EF4 (0x55555F37) lui t5, 0x55555
x30 <- 0x55555000

mem[X,0x80000EF8] -> 0x0F13
mem[X,0x80000EFA] -> 0x555F
[963] [M]: 0x80000EF8 (0x555F0F13) addi t5, t5, 0x555
x30 <- 0x55555555

mem[X,0x80000EFC] -> 0x6EB7
mem[X,0x80000EFE] -> 0x6666
[964] [M]: 0x80000EFC (0x66666EB7) lui t4, 0x66666
x29 <- 0x66666000

mem[X,0x80000F00] -> 0x8E93
mem[X,0x80000F02] -> 0x666E
[965] [M]: 0x80000F00 (0x666E8E93) addi t4, t4, 0x666
x29 <- 0x66666666

mem[X,0x80000F04] -> 0x0FB3
mem[X,0x80000F06] -> 0x03DF
[966] [M]: 0x80000F04 (0x03DF0FB3) mul t6, t5, t4
x31 <- 0xDDDDDDDE

mem[X,0x80000F08] -> 0x2223
mem[X,0x80000F0A] -> 0x23F4
[967] [M]: 0x80000F08 (0x23F42223) sw t6, 0x224(fp)
mem[0x8000639C] <- 0xDDDDDDDE

mem[X,0x80000F0C] -> 0x5F37
mem[X,0x80000F0E] -> 0x5555
[968] [M]: 0x80000F0C (0x55555F37) lui t5, 0x55555
x30 <- 0x55555000

mem[X,0x80000F10] -> 0x0F13
mem[X,0x80000F12] -> 0x555F
[969] [M]: 0x80000F10 (0x555F0F13) addi t5, t5, 0x555
x30 <- 0x55555555

mem[X,0x80000F14] -> 0x5EB7
mem[X,0x80000F16] -> 0xFFFF
[970] [M]: 0x80000F14 (0xFFFF5EB7) lui t4, -0xb
x29 <- 0xFFFF5000

mem[X,0x80000F18] -> 0x8E93
mem[X,0x80000F1A] -> 0xAFCE
[971] [M]: 0x80000F18 (0xAFCE8E93) addi t4, t4, -0x504
x29 <- 0xFFFF4AFC

mem[X,0x80000F1C] -> 0x0FB3
mem[X,0x80000F1E] -> 0x03DF
[972] [M]: 0x80000F1C (0x03DF0FB3) mul t6, t5, t4
x31 <- 0x555591AC

mem[X,0x80000F20] -> 0x2423
mem[X,0x80000F22] -> 0x23F4
[973] [M]: 0x80000F20 (0x23F42423) sw t6, 0x228(fp)
mem[0x800063A0] <- 0x555591AC

mem[X,0x80000F24] -> 0x5F37
mem[X,0x80000F26] -> 0x5555
[974] [M]: 0x80000F24 (0x55555F37) lui t5, 0x55555
x30 <- 0x55555000

mem[X,0x80000F28] -> 0x0F13
mem[X,0x80000F2A] -> 0x555F
[975] [M]: 0x80000F28 (0x555F0F13) addi t5, t5, 0x555
x30 <- 0x55555555

mem[X,0x80000F2C] -> 0xBEB7
mem[X,0x80000F2E] -> 0x0000
[976] [M]: 0x80000F2C (0x0000BEB7) lui t4, 0xb
x29 <- 0x0000B000

mem[X,0x80000F30] -> 0x8E93
mem[X,0x80000F32] -> 0x504E
[977] [M]: 0x80000F30 (0x504E8E93) addi t4, t4, 0x504
x29 <- 0x0000B504

mem[X,0x80000F34] -> 0x0FB3
mem[X,0x80000F36] -> 0x03DF
[978] [M]: 0x80000F34 (0x03DF0FB3) mul t6, t5, t4
x31 <- 0xAAAA6E54

mem[X,0x80000F38] -> 0x2623
mem[X,0x80000F3A] -> 0x23F4
[979] [M]: 0x80000F38 (0x23F42623) sw t6, 0x22c(fp)
mem[0x800063A4] <- 0xAAAA6E54

mem[X,0x80000F3C] -> 0x5F37
mem[X,0x80000F3E] -> 0x5555
[980] [M]: 0x80000F3C (0x55555F37) lui t5, 0x55555
x30 <- 0x55555000

mem[X,0x80000F40] -> 0x0F13
mem[X,0x80000F42] -> 0x555F
[981] [M]: 0x80000F40 (0x555F0F13) addi t5, t5, 0x555
x30 <- 0x55555555

mem[X,0x80000F44] -> 0x0E93
mem[X,0x80000F46] -> 0x0020
[982] [M]: 0x80000F44 (0x00200E93) addi t4, zero, 0x2
x29 <- 0x00000002

mem[X,0x80000F48] -> 0x0FB3
mem[X,0x80000F4A] -> 0x03DF
[983] [M]: 0x80000F48 (0x03DF0FB3) mul t6, t5, t4
x31 <- 0xAAAAAAAA

mem[X,0x80000F4C] -> 0x2823
mem[X,0x80000F4E] -> 0x23F4
[984] [M]: 0x80000F4C (0x23F42823) sw t6, 0x230(fp)
mem[0x800063A8] <- 0xAAAAAAAA

mem[X,0x80000F50] -> 0x5F37
mem[X,0x80000F52] -> 0x5555
[985] [M]: 0x80000F50 (0x55555F37) lui t5, 0x55555
x30 <- 0x55555000

mem[X,0x80000F54] -> 0x0F13
mem[X,0x80000F56] -> 0x555F
[986] [M]: 0x80000F54 (0x555F0F13) addi t5, t5, 0x555
x30 <- 0x55555555

mem[X,0x80000F58] -> 0x5EB7
mem[X,0x80000F5A] -> 0x5555
[987] [M]: 0x80000F58 (0x55555EB7) lui t4, 0x55555
x29 <- 0x55555000

mem[X,0x80000F5C] -> 0x8E93
mem[X,0x80000F5E] -> 0x554E
[988] [M]: 0x80000F5C (0x554E8E93) addi t4, t4, 0x554
x29 <- 0x55555554

mem[X,0x80000F60] -> 0x0FB3
mem[X,0x80000F62] -> 0x03DF
[989] [M]: 0x80000F60 (0x03DF0FB3) mul t6, t5, t4
x31 <- 0xE38E38E4

mem[X,0x80000F64] -> 0x2A23
mem[X,0x80000F66] -> 0x23F4
[990] [M]: 0x80000F64 (0x23F42A23) sw t6, 0x234(fp)
mem[0x800063AC] <- 0xE38E38E4

mem[X,0x80000F68] -> 0x5F37
mem[X,0x80000F6A] -> 0x5555
[991] [M]: 0x80000F68 (0x55555F37) lui t5, 0x55555
x30 <- 0x55555000

mem[X,0x80000F6C] -> 0x0F13
mem[X,0x80000F6E] -> 0x555F
[992] [M]: 0x80000F6C (0x555F0F13) addi t5, t5, 0x555
x30 <- 0x55555555

mem[X,0x80000F70] -> 0x3EB7
mem[X,0x80000F72] -> 0x3333
[993] [M]: 0x80000F70 (0x33333EB7) lui t4, 0x33333
x29 <- 0x33333000

mem[X,0x80000F74] -> 0x8E93
mem[X,0x80000F76] -> 0x332E
[994] [M]: 0x80000F74 (0x332E8E93) addi t4, t4, 0x332
x29 <- 0x33333332

mem[X,0x80000F78] -> 0x0FB3
mem[X,0x80000F7A] -> 0x03DF
[995] [M]: 0x80000F78 (0x03DF0FB3) mul t6, t5, t4
x31 <- 0x9999999A

mem[X,0x80000F7C] -> 0x2C23
mem[X,0x80000F7E] -> 0x23F4
[996] [M]: 0x80000F7C (0x23F42C23) sw t6, 0x238(fp)
mem[0x800063B0] <- 0x9999999A

mem[X,0x80000F80] -> 0x5F37
mem[X,0x80000F82] -> 0x5555
[997] [M]: 0x80000F80 (0x55555F37) lui t5, 0x55555
x30 <- 0x55555000

mem[X,0x80000F84] -> 0x0F13
mem[X,0x80000F86] -> 0x555F
[998] [M]: 0x80000F84 (0x555F0F13) addi t5, t5, 0x555
x30 <- 0x55555555

mem[X,0x80000F88] -> 0x6EB7
mem[X,0x80000F8A] -> 0x6666
[999] [M]: 0x80000F88 (0x66666EB7) lui t4, 0x66666
x29 <- 0x66666000

clint::tick mtime <- 0x000000000000000A
 clint timer pending at mtime 0x000000000000000A
htif::tick 0x0000000000000000
mem[X,0x80000F8C] -> 0x8E93
mem[X,0x80000F8E] -> 0x665E
[1000] [M]: 0x80000F8C (0x665E8E93) addi t4, t4, 0x665
x29 <- 0x66666665

mem[X,0x80000F90] -> 0x0FB3
mem[X,0x80000F92] -> 0x03DF
[1001] [M]: 0x80000F90 (0x03DF0FB3) mul t6, t5, t4
x31 <- 0x88888889

mem[X,0x80000F94] -> 0x2E23
mem[X,0x80000F96] -> 0x23F4
[1002] [M]: 0x80000F94 (0x23F42E23) sw t6, 0x23c(fp)
mem[0x800063B4] <- 0x88888889

mem[X,0x80000F98] -> 0x5F37
mem[X,0x80000F9A] -> 0x5555
[1003] [M]: 0x80000F98 (0x55555F37) lui t5, 0x55555
x30 <- 0x55555000

mem[X,0x80000F9C] -> 0x0F13
mem[X,0x80000F9E] -> 0x555F
[1004] [M]: 0x80000F9C (0x555F0F13) addi t5, t5, 0x555
x30 <- 0x55555555

mem[X,0x80000FA0] -> 0x0E93
mem[X,0x80000FA2] -> 0x0000
[1005] [M]: 0x80000FA0 (0x00000E93) addi t4, zero, 0x0
x29 <- 0x00000000

mem[X,0x80000FA4] -> 0x0FB3
mem[X,0x80000FA6] -> 0x03DF
[1006] [M]: 0x80000FA4 (0x03DF0FB3) mul t6, t5, t4
x31 <- 0x00000000

mem[X,0x80000FA8] -> 0x2023
mem[X,0x80000FAA] -> 0x25F4
[1007] [M]: 0x80000FA8 (0x25F42023) sw t6, 0x240(fp)
mem[0x800063B8] <- 0x00000000

mem[X,0x80000FAC] -> 0x5F37
mem[X,0x80000FAE] -> 0x5555
[1008] [M]: 0x80000FAC (0x55555F37) lui t5, 0x55555
x30 <- 0x55555000

mem[X,0x80000FB0] -> 0x0F13
mem[X,0x80000FB2] -> 0x555F
[1009] [M]: 0x80000FB0 (0x555F0F13) addi t5, t5, 0x555
x30 <- 0x55555555

mem[X,0x80000FB4] -> 0xBEB7
mem[X,0x80000FB6] -> 0x0000
[1010] [M]: 0x80000FB4 (0x0000BEB7) lui t4, 0xb
x29 <- 0x0000B000

mem[X,0x80000FB8] -> 0x8E93
mem[X,0x80000FBA] -> 0x503E
[1011] [M]: 0x80000FB8 (0x503E8E93) addi t4, t4, 0x503
x29 <- 0x0000B503

mem[X,0x80000FBC] -> 0x0FB3
mem[X,0x80000FBE] -> 0x03DF
[1012] [M]: 0x80000FBC (0x03DF0FB3) mul t6, t5, t4
x31 <- 0x555518FF

mem[X,0x80000FC0] -> 0x2223
mem[X,0x80000FC2] -> 0x25F4
[1013] [M]: 0x80000FC0 (0x25F42223) sw t6, 0x244(fp)
mem[0x800063BC] <- 0x555518FF

mem[X,0x80000FC4] -> 0x5F37
mem[X,0x80000FC6] -> 0x5555
[1014] [M]: 0x80000FC4 (0x55555F37) lui t5, 0x55555
x30 <- 0x55555000

mem[X,0x80000FC8] -> 0x0F13
mem[X,0x80000FCA] -> 0x555F
[1015] [M]: 0x80000FC8 (0x555F0F13) addi t5, t5, 0x555
x30 <- 0x55555555

mem[X,0x80000FCC] -> 0x0E93
mem[X,0x80000FCE] -> 0x0040
[1016] [M]: 0x80000FCC (0x00400E93) addi t4, zero, 0x4
x29 <- 0x00000004

mem[X,0x80000FD0] -> 0x0FB3
mem[X,0x80000FD2] -> 0x03DF
[1017] [M]: 0x80000FD0 (0x03DF0FB3) mul t6, t5, t4
x31 <- 0x55555554

mem[X,0x80000FD4] -> 0x2423
mem[X,0x80000FD6] -> 0x25F4
[1018] [M]: 0x80000FD4 (0x25F42423) sw t6, 0x248(fp)
mem[0x800063C0] <- 0x55555554

mem[X,0x80000FD8] -> 0x5F37
mem[X,0x80000FDA] -> 0x5555
[1019] [M]: 0x80000FD8 (0x55555F37) lui t5, 0x55555
x30 <- 0x55555000

mem[X,0x80000FDC] -> 0x0F13
mem[X,0x80000FDE] -> 0x555F
[1020] [M]: 0x80000FDC (0x555F0F13) addi t5, t5, 0x555
x30 <- 0x55555555

mem[X,0x80000FE0] -> 0x5EB7
mem[X,0x80000FE2] -> 0x5555
[1021] [M]: 0x80000FE0 (0x55555EB7) lui t4, 0x55555
x29 <- 0x55555000

mem[X,0x80000FE4] -> 0x8E93
mem[X,0x80000FE6] -> 0x556E
[1022] [M]: 0x80000FE4 (0x556E8E93) addi t4, t4, 0x556
x29 <- 0x55555556

mem[X,0x80000FE8] -> 0x0FB3
mem[X,0x80000FEA] -> 0x03DF
[1023] [M]: 0x80000FE8 (0x03DF0FB3) mul t6, t5, t4
x31 <- 0x8E38E38E

mem[X,0x80000FEC] -> 0x2623
mem[X,0x80000FEE] -> 0x25F4
[1024] [M]: 0x80000FEC (0x25F42623) sw t6, 0x24c(fp)
mem[0x800063C4] <- 0x8E38E38E

mem[X,0x80000FF0] -> 0x5F37
mem[X,0x80000FF2] -> 0x5555
[1025] [M]: 0x80000FF0 (0x55555F37) lui t5, 0x55555
x30 <- 0x55555000

mem[X,0x80000FF4] -> 0x0F13
mem[X,0x80000FF6] -> 0x555F
[1026] [M]: 0x80000FF4 (0x555F0F13) addi t5, t5, 0x555
x30 <- 0x55555555

mem[X,0x80000FF8] -> 0xBEB7
mem[X,0x80000FFA] -> 0xAAAA
[1027] [M]: 0x80000FF8 (0xAAAABEB7) lui t4, -0x55555
x29 <- 0xAAAAB000

mem[X,0x80000FFC] -> 0x8E93
mem[X,0x80000FFE] -> 0xAABE
[1028] [M]: 0x80000FFC (0xAABE8E93) addi t4, t4, -0x555
x29 <- 0xAAAAAAAB

mem[X,0x80001000] -> 0x0FB3
mem[X,0x80001002] -> 0x03DF
[1029] [M]: 0x80001000 (0x03DF0FB3) mul t6, t5, t4
x31 <- 0xC71C71C7

mem[X,0x80001004] -> 0x2823
mem[X,0x80001006] -> 0x25F4
[1030] [M]: 0x80001004 (0x25F42823) sw t6, 0x250(fp)
mem[0x800063C8] <- 0xC71C71C7

mem[X,0x80001008] -> 0x5F37
mem[X,0x8000100A] -> 0x5555
[1031] [M]: 0x80001008 (0x55555F37) lui t5, 0x55555
x30 <- 0x55555000

mem[X,0x8000100C] -> 0x0F13
mem[X,0x8000100E] -> 0x555F
[1032] [M]: 0x8000100C (0x555F0F13) addi t5, t5, 0x555
x30 <- 0x55555555

mem[X,0x80001010] -> 0x0E93
mem[X,0x80001012] -> 0x0060
[1033] [M]: 0x80001010 (0x00600E93) addi t4, zero, 0x6
x29 <- 0x00000006

mem[X,0x80001014] -> 0x0FB3
mem[X,0x80001016] -> 0x03DF
[1034] [M]: 0x80001014 (0x03DF0FB3) mul t6, t5, t4
x31 <- 0xFFFFFFFE

mem[X,0x80001018] -> 0x2A23
mem[X,0x8000101A] -> 0x25F4
[1035] [M]: 0x80001018 (0x25F42A23) sw t6, 0x254(fp)
mem[0x800063CC] <- 0xFFFFFFFE

mem[X,0x8000101C] -> 0x5F37
mem[X,0x8000101E] -> 0x5555
[1036] [M]: 0x8000101C (0x55555F37) lui t5, 0x55555
x30 <- 0x55555000

mem[X,0x80001020] -> 0x0F13
mem[X,0x80001022] -> 0x555F
[1037] [M]: 0x80001020 (0x555F0F13) addi t5, t5, 0x555
x30 <- 0x55555555

mem[X,0x80001024] -> 0x3EB7
mem[X,0x80001026] -> 0x3333
[1038] [M]: 0x80001024 (0x33333EB7) lui t4, 0x33333
x29 <- 0x33333000

mem[X,0x80001028] -> 0x8E93
mem[X,0x8000102A] -> 0x334E
[1039] [M]: 0x80001028 (0x334E8E93) addi t4, t4, 0x334
x29 <- 0x33333334

mem[X,0x8000102C] -> 0x0FB3
mem[X,0x8000102E] -> 0x03DF
[1040] [M]: 0x8000102C (0x03DF0FB3) mul t6, t5, t4
x31 <- 0x44444444

mem[X,0x80001030] -> 0x2C23
mem[X,0x80001032] -> 0x25F4
[1041] [M]: 0x80001030 (0x25F42C23) sw t6, 0x258(fp)
mem[0x800063D0] <- 0x44444444

mem[X,0x80001034] -> 0x5F37
mem[X,0x80001036] -> 0x5555
[1042] [M]: 0x80001034 (0x55555F37) lui t5, 0x55555
x30 <- 0x55555000

mem[X,0x80001038] -> 0x0F13
mem[X,0x8000103A] -> 0x555F
[1043] [M]: 0x80001038 (0x555F0F13) addi t5, t5, 0x555
x30 <- 0x55555555

mem[X,0x8000103C] -> 0x6EB7
mem[X,0x8000103E] -> 0x6666
[1044] [M]: 0x8000103C (0x66666EB7) lui t4, 0x66666
x29 <- 0x66666000

mem[X,0x80001040] -> 0x8E93
mem[X,0x80001042] -> 0x667E
[1045] [M]: 0x80001040 (0x667E8E93) addi t4, t4, 0x667
x29 <- 0x66666667

mem[X,0x80001044] -> 0x0FB3
mem[X,0x80001046] -> 0x03DF
[1046] [M]: 0x80001044 (0x03DF0FB3) mul t6, t5, t4
x31 <- 0x33333333

mem[X,0x80001048] -> 0x2E23
mem[X,0x8000104A] -> 0x25F4
[1047] [M]: 0x80001048 (0x25F42E23) sw t6, 0x25c(fp)
mem[0x800063D4] <- 0x33333333

mem[X,0x8000104C] -> 0x5F37
mem[X,0x8000104E] -> 0x5555
[1048] [M]: 0x8000104C (0x55555F37) lui t5, 0x55555
x30 <- 0x55555000

mem[X,0x80001050] -> 0x0F13
mem[X,0x80001052] -> 0x555F
[1049] [M]: 0x80001050 (0x555F0F13) addi t5, t5, 0x555
x30 <- 0x55555555

mem[X,0x80001054] -> 0x5EB7
mem[X,0x80001056] -> 0xFFFF
[1050] [M]: 0x80001054 (0xFFFF5EB7) lui t4, -0xb
x29 <- 0xFFFF5000

mem[X,0x80001058] -> 0x8E93
mem[X,0x8000105A] -> 0xAFDE
[1051] [M]: 0x80001058 (0xAFDE8E93) addi t4, t4, -0x503
x29 <- 0xFFFF4AFD

mem[X,0x8000105C] -> 0x0FB3
mem[X,0x8000105E] -> 0x03DF
[1052] [M]: 0x8000105C (0x03DF0FB3) mul t6, t5, t4
x31 <- 0xAAAAE701

mem[X,0x80001060] -> 0x2023
mem[X,0x80001062] -> 0x27F4
[1053] [M]: 0x80001060 (0x27F42023) sw t6, 0x260(fp)
mem[0x800063D8] <- 0xAAAAE701

mem[X,0x80001064] -> 0xBF37
mem[X,0x80001066] -> 0xAAAA
[1054] [M]: 0x80001064 (0xAAAABF37) lui t5, -0x55555
x30 <- 0xAAAAB000

mem[X,0x80001068] -> 0x0F13
mem[X,0x8000106A] -> 0xAAAF
[1055] [M]: 0x80001068 (0xAAAF0F13) addi t5, t5, -0x556
x30 <- 0xAAAAAAAA

mem[X,0x8000106C] -> 0x0E93
mem[X,0x8000106E] -> 0x0030
[1056] [M]: 0x8000106C (0x00300E93) addi t4, zero, 0x3
x29 <- 0x00000003

mem[X,0x80001070] -> 0x0FB3
mem[X,0x80001072] -> 0x03DF
[1057] [M]: 0x80001070 (0x03DF0FB3) mul t6, t5, t4
x31 <- 0xFFFFFFFE

mem[X,0x80001074] -> 0x2223
mem[X,0x80001076] -> 0x27F4
[1058] [M]: 0x80001074 (0x27F42223) sw t6, 0x264(fp)
mem[0x800063DC] <- 0xFFFFFFFE

mem[X,0x80001078] -> 0xBF37
mem[X,0x8000107A] -> 0xAAAA
[1059] [M]: 0x80001078 (0xAAAABF37) lui t5, -0x55555
x30 <- 0xAAAAB000

mem[X,0x8000107C] -> 0x0F13
mem[X,0x8000107E] -> 0xAAAF
[1060] [M]: 0x8000107C (0xAAAF0F13) addi t5, t5, -0x556
x30 <- 0xAAAAAAAA

mem[X,0x80001080] -> 0x5EB7
mem[X,0x80001082] -> 0x5555
[1061] [M]: 0x80001080 (0x55555EB7) lui t4, 0x55555
x29 <- 0x55555000

mem[X,0x80001084] -> 0x8E93
mem[X,0x80001086] -> 0x555E
[1062] [M]: 0x80001084 (0x555E8E93) addi t4, t4, 0x555
x29 <- 0x55555555

mem[X,0x80001088] -> 0x0FB3
mem[X,0x8000108A] -> 0x03DF
[1063] [M]: 0x80001088 (0x03DF0FB3) mul t6, t5, t4
x31 <- 0x71C71C72

mem[X,0x8000108C] -> 0x2423
mem[X,0x8000108E] -> 0x27F4
[1064] [M]: 0x8000108C (0x27F42423) sw t6, 0x268(fp)
mem[0x800063E0] <- 0x71C71C72

mem[X,0x80001090] -> 0xBF37
mem[X,0x80001092] -> 0xAAAA
[1065] [M]: 0x80001090 (0xAAAABF37) lui t5, -0x55555
x30 <- 0xAAAAB000

mem[X,0x80001094] -> 0x0F13
mem[X,0x80001096] -> 0xAAAF
[1066] [M]: 0x80001094 (0xAAAF0F13) addi t5, t5, -0x556
x30 <- 0xAAAAAAAA

mem[X,0x80001098] -> 0xBEB7
mem[X,0x8000109A] -> 0xAAAA
[1067] [M]: 0x80001098 (0xAAAABEB7) lui t4, -0x55555
x29 <- 0xAAAAB000

mem[X,0x8000109C] -> 0x8E93
mem[X,0x8000109E] -> 0xAAAE
[1068] [M]: 0x8000109C (0xAAAE8E93) addi t4, t4, -0x556
x29 <- 0xAAAAAAAA

mem[X,0x800010A0] -> 0x0FB3
mem[X,0x800010A2] -> 0x03DF
[1069] [M]: 0x800010A0 (0x03DF0FB3) mul t6, t5, t4
x31 <- 0xE38E38E4

mem[X,0x800010A4] -> 0x2623
mem[X,0x800010A6] -> 0x27F4
[1070] [M]: 0x800010A4 (0x27F42623) sw t6, 0x26c(fp)
mem[0x800063E4] <- 0xE38E38E4

mem[X,0x800010A8] -> 0xBF37
mem[X,0x800010AA] -> 0xAAAA
[1071] [M]: 0x800010A8 (0xAAAABF37) lui t5, -0x55555
x30 <- 0xAAAAB000

mem[X,0x800010AC] -> 0x0F13
mem[X,0x800010AE] -> 0xAAAF
[1072] [M]: 0x800010AC (0xAAAF0F13) addi t5, t5, -0x556
x30 <- 0xAAAAAAAA

mem[X,0x800010B0] -> 0x0E93
mem[X,0x800010B2] -> 0x0050
[1073] [M]: 0x800010B0 (0x00500E93) addi t4, zero, 0x5
x29 <- 0x00000005

mem[X,0x800010B4] -> 0x0FB3
mem[X,0x800010B6] -> 0x03DF
[1074] [M]: 0x800010B4 (0x03DF0FB3) mul t6, t5, t4
x31 <- 0x55555552

mem[X,0x800010B8] -> 0x2823
mem[X,0x800010BA] -> 0x27F4
[1075] [M]: 0x800010B8 (0x27F42823) sw t6, 0x270(fp)
mem[0x800063E8] <- 0x55555552

mem[X,0x800010BC] -> 0xBF37
mem[X,0x800010BE] -> 0xAAAA
[1076] [M]: 0x800010BC (0xAAAABF37) lui t5, -0x55555
x30 <- 0xAAAAB000

mem[X,0x800010C0] -> 0x0F13
mem[X,0x800010C2] -> 0xAAAF
[1077] [M]: 0x800010C0 (0xAAAF0F13) addi t5, t5, -0x556
x30 <- 0xAAAAAAAA

mem[X,0x800010C4] -> 0x3EB7
mem[X,0x800010C6] -> 0x3333
[1078] [M]: 0x800010C4 (0x33333EB7) lui t4, 0x33333
x29 <- 0x33333000

mem[X,0x800010C8] -> 0x8E93
mem[X,0x800010CA] -> 0x333E
[1079] [M]: 0x800010C8 (0x333E8E93) addi t4, t4, 0x333
x29 <- 0x33333333

mem[X,0x800010CC] -> 0x0FB3
mem[X,0x800010CE] -> 0x03DF
[1080] [M]: 0x800010CC (0x03DF0FB3) mul t6, t5, t4
x31 <- 0xDDDDDDDE

mem[X,0x800010D0] -> 0x2A23
mem[X,0x800010D2] -> 0x27F4
[1081] [M]: 0x800010D0 (0x27F42A23) sw t6, 0x274(fp)
mem[0x800063EC] <- 0xDDDDDDDE

mem[X,0x800010D4] -> 0xBF37
mem[X,0x800010D6] -> 0xAAAA
[1082] [M]: 0x800010D4 (0xAAAABF37) lui t5, -0x55555
x30 <- 0xAAAAB000

mem[X,0x800010D8] -> 0x0F13
mem[X,0x800010DA] -> 0xAAAF
[1083] [M]: 0x800010D8 (0xAAAF0F13) addi t5, t5, -0x556
x30 <- 0xAAAAAAAA

mem[X,0x800010DC] -> 0x6EB7
mem[X,0x800010DE] -> 0x6666
[1084] [M]: 0x800010DC (0x66666EB7) lui t4, 0x66666
x29 <- 0x66666000

mem[X,0x800010E0] -> 0x8E93
mem[X,0x800010E2] -> 0x666E
[1085] [M]: 0x800010E0 (0x666E8E93) addi t4, t4, 0x666
x29 <- 0x66666666

mem[X,0x800010E4] -> 0x0FB3
mem[X,0x800010E6] -> 0x03DF
[1086] [M]: 0x800010E4 (0x03DF0FB3) mul t6, t5, t4
x31 <- 0xBBBBBBBC

mem[X,0x800010E8] -> 0x2C23
mem[X,0x800010EA] -> 0x27F4
[1087] [M]: 0x800010E8 (0x27F42C23) sw t6, 0x278(fp)
mem[0x800063F0] <- 0xBBBBBBBC

mem[X,0x800010EC] -> 0xBF37
mem[X,0x800010EE] -> 0xAAAA
[1088] [M]: 0x800010EC (0xAAAABF37) lui t5, -0x55555
x30 <- 0xAAAAB000

mem[X,0x800010F0] -> 0x0F13
mem[X,0x800010F2] -> 0xAAAF
[1089] [M]: 0x800010F0 (0xAAAF0F13) addi t5, t5, -0x556
x30 <- 0xAAAAAAAA

mem[X,0x800010F4] -> 0x5EB7
mem[X,0x800010F6] -> 0xFFFF
[1090] [M]: 0x800010F4 (0xFFFF5EB7) lui t4, -0xb
x29 <- 0xFFFF5000

mem[X,0x800010F8] -> 0x8E93
mem[X,0x800010FA] -> 0xAFCE
[1091] [M]: 0x800010F8 (0xAFCE8E93) addi t4, t4, -0x504
x29 <- 0xFFFF4AFC

mem[X,0x800010FC] -> 0x0FB3
mem[X,0x800010FE] -> 0x03DF
[1092] [M]: 0x800010FC (0x03DF0FB3) mul t6, t5, t4
x31 <- 0xAAAB2358

mem[X,0x80001100] -> 0x2E23
mem[X,0x80001102] -> 0x27F4
[1093] [M]: 0x80001100 (0x27F42E23) sw t6, 0x27c(fp)
mem[0x800063F4] <- 0xAAAB2358

mem[X,0x80001104] -> 0xBF37
mem[X,0x80001106] -> 0xAAAA
[1094] [M]: 0x80001104 (0xAAAABF37) lui t5, -0x55555
x30 <- 0xAAAAB000

mem[X,0x80001108] -> 0x0F13
mem[X,0x8000110A] -> 0xAAAF
[1095] [M]: 0x80001108 (0xAAAF0F13) addi t5, t5, -0x556
x30 <- 0xAAAAAAAA

mem[X,0x8000110C] -> 0xBEB7
mem[X,0x8000110E] -> 0x0000
[1096] [M]: 0x8000110C (0x0000BEB7) lui t4, 0xb
x29 <- 0x0000B000

mem[X,0x80001110] -> 0x8E93
mem[X,0x80001112] -> 0x504E
[1097] [M]: 0x80001110 (0x504E8E93) addi t4, t4, 0x504
x29 <- 0x0000B504

mem[X,0x80001114] -> 0x0FB3
mem[X,0x80001116] -> 0x03DF
[1098] [M]: 0x80001114 (0x03DF0FB3) mul t6, t5, t4
x31 <- 0x5554DCA8

mem[X,0x80001118] -> 0x2023
mem[X,0x8000111A] -> 0x29F4
[1099] [M]: 0x80001118 (0x29F42023) sw t6, 0x280(fp)
mem[0x800063F8] <- 0x5554DCA8

clint::tick mtime <- 0x000000000000000B
 clint timer pending at mtime 0x000000000000000B
htif::tick 0x0000000000000000
mem[X,0x8000111C] -> 0xBF37
mem[X,0x8000111E] -> 0xAAAA
[1100] [M]: 0x8000111C (0xAAAABF37) lui t5, -0x55555
x30 <- 0xAAAAB000

mem[X,0x80001120] -> 0x0F13
mem[X,0x80001122] -> 0xAAAF
[1101] [M]: 0x80001120 (0xAAAF0F13) addi t5, t5, -0x556
x30 <- 0xAAAAAAAA

mem[X,0x80001124] -> 0x0E93
mem[X,0x80001126] -> 0x0020
[1102] [M]: 0x80001124 (0x00200E93) addi t4, zero, 0x2
x29 <- 0x00000002

mem[X,0x80001128] -> 0x0FB3
mem[X,0x8000112A] -> 0x03DF
[1103] [M]: 0x80001128 (0x03DF0FB3) mul t6, t5, t4
x31 <- 0x55555554

mem[X,0x8000112C] -> 0x2223
mem[X,0x8000112E] -> 0x29F4
[1104] [M]: 0x8000112C (0x29F42223) sw t6, 0x284(fp)
mem[0x800063FC] <- 0x55555554

mem[X,0x80001130] -> 0xBF37
mem[X,0x80001132] -> 0xAAAA
[1105] [M]: 0x80001130 (0xAAAABF37) lui t5, -0x55555
x30 <- 0xAAAAB000

mem[X,0x80001134] -> 0x0F13
mem[X,0x80001136] -> 0xAAAF
[1106] [M]: 0x80001134 (0xAAAF0F13) addi t5, t5, -0x556
x30 <- 0xAAAAAAAA

mem[X,0x80001138] -> 0x5EB7
mem[X,0x8000113A] -> 0x5555
[1107] [M]: 0x80001138 (0x55555EB7) lui t4, 0x55555
x29 <- 0x55555000

mem[X,0x8000113C] -> 0x8E93
mem[X,0x8000113E] -> 0x554E
[1108] [M]: 0x8000113C (0x554E8E93) addi t4, t4, 0x554
x29 <- 0x55555554

mem[X,0x80001140] -> 0x0FB3
mem[X,0x80001142] -> 0x03DF
[1109] [M]: 0x80001140 (0x03DF0FB3) mul t6, t5, t4
x31 <- 0xC71C71C8

mem[X,0x80001144] -> 0x2423
mem[X,0x80001146] -> 0x29F4
[1110] [M]: 0x80001144 (0x29F42423) sw t6, 0x288(fp)
mem[0x80006400] <- 0xC71C71C8

mem[X,0x80001148] -> 0xBF37
mem[X,0x8000114A] -> 0xAAAA
[1111] [M]: 0x80001148 (0xAAAABF37) lui t5, -0x55555
x30 <- 0xAAAAB000

mem[X,0x8000114C] -> 0x0F13
mem[X,0x8000114E] -> 0xAAAF
[1112] [M]: 0x8000114C (0xAAAF0F13) addi t5, t5, -0x556
x30 <- 0xAAAAAAAA

mem[X,0x80001150] -> 0x3EB7
mem[X,0x80001152] -> 0x3333
[1113] [M]: 0x80001150 (0x33333EB7) lui t4, 0x33333
x29 <- 0x33333000

mem[X,0x80001154] -> 0x8E93
mem[X,0x80001156] -> 0x332E
[1114] [M]: 0x80001154 (0x332E8E93) addi t4, t4, 0x332
x29 <- 0x33333332

mem[X,0x80001158] -> 0x0FB3
mem[X,0x8000115A] -> 0x03DF
[1115] [M]: 0x80001158 (0x03DF0FB3) mul t6, t5, t4
x31 <- 0x33333334

mem[X,0x8000115C] -> 0x2623
mem[X,0x8000115E] -> 0x29F4
[1116] [M]: 0x8000115C (0x29F42623) sw t6, 0x28c(fp)
mem[0x80006404] <- 0x33333334

mem[X,0x80001160] -> 0xBF37
mem[X,0x80001162] -> 0xAAAA
[1117] [M]: 0x80001160 (0xAAAABF37) lui t5, -0x55555
x30 <- 0xAAAAB000

mem[X,0x80001164] -> 0x0F13
mem[X,0x80001166] -> 0xAAAF
[1118] [M]: 0x80001164 (0xAAAF0F13) addi t5, t5, -0x556
x30 <- 0xAAAAAAAA

mem[X,0x80001168] -> 0x6EB7
mem[X,0x8000116A] -> 0x6666
[1119] [M]: 0x80001168 (0x66666EB7) lui t4, 0x66666
x29 <- 0x66666000

mem[X,0x8000116C] -> 0x8E93
mem[X,0x8000116E] -> 0x665E
[1120] [M]: 0x8000116C (0x665E8E93) addi t4, t4, 0x665
x29 <- 0x66666665

mem[X,0x80001170] -> 0x0FB3
mem[X,0x80001172] -> 0x03DF
[1121] [M]: 0x80001170 (0x03DF0FB3) mul t6, t5, t4
x31 <- 0x11111112

mem[X,0x80001174] -> 0x2823
mem[X,0x80001176] -> 0x29F4
[1122] [M]: 0x80001174 (0x29F42823) sw t6, 0x290(fp)
mem[0x80006408] <- 0x11111112

mem[X,0x80001178] -> 0xBF37
mem[X,0x8000117A] -> 0xAAAA
[1123] [M]: 0x80001178 (0xAAAABF37) lui t5, -0x55555
x30 <- 0xAAAAB000

mem[X,0x8000117C] -> 0x0F13
mem[X,0x8000117E] -> 0xAAAF
[1124] [M]: 0x8000117C (0xAAAF0F13) addi t5, t5, -0x556
x30 <- 0xAAAAAAAA

mem[X,0x80001180] -> 0x0E93
mem[X,0x80001182] -> 0x0000
[1125] [M]: 0x80001180 (0x00000E93) addi t4, zero, 0x0
x29 <- 0x00000000

mem[X,0x80001184] -> 0x0FB3
mem[X,0x80001186] -> 0x03DF
[1126] [M]: 0x80001184 (0x03DF0FB3) mul t6, t5, t4
x31 <- 0x00000000

mem[X,0x80001188] -> 0x2A23
mem[X,0x8000118A] -> 0x29F4
[1127] [M]: 0x80001188 (0x29F42A23) sw t6, 0x294(fp)
mem[0x8000640C] <- 0x00000000

mem[X,0x8000118C] -> 0xBF37
mem[X,0x8000118E] -> 0xAAAA
[1128] [M]: 0x8000118C (0xAAAABF37) lui t5, -0x55555
x30 <- 0xAAAAB000

mem[X,0x80001190] -> 0x0F13
mem[X,0x80001192] -> 0xAAAF
[1129] [M]: 0x80001190 (0xAAAF0F13) addi t5, t5, -0x556
x30 <- 0xAAAAAAAA

mem[X,0x80001194] -> 0xBEB7
mem[X,0x80001196] -> 0x0000
[1130] [M]: 0x80001194 (0x0000BEB7) lui t4, 0xb
x29 <- 0x0000B000

mem[X,0x80001198] -> 0x8E93
mem[X,0x8000119A] -> 0x503E
[1131] [M]: 0x80001198 (0x503E8E93) addi t4, t4, 0x503
x29 <- 0x0000B503

mem[X,0x8000119C] -> 0x0FB3
mem[X,0x8000119E] -> 0x03DF
[1132] [M]: 0x8000119C (0x03DF0FB3) mul t6, t5, t4
x31 <- 0xAAAA31FE

mem[X,0x800011A0] -> 0x2C23
mem[X,0x800011A2] -> 0x29F4
[1133] [M]: 0x800011A0 (0x29F42C23) sw t6, 0x298(fp)
mem[0x80006410] <- 0xAAAA31FE

mem[X,0x800011A4] -> 0xBF37
mem[X,0x800011A6] -> 0xAAAA
[1134] [M]: 0x800011A4 (0xAAAABF37) lui t5, -0x55555
x30 <- 0xAAAAB000

mem[X,0x800011A8] -> 0x0F13
mem[X,0x800011AA] -> 0xAAAF
[1135] [M]: 0x800011A8 (0xAAAF0F13) addi t5, t5, -0x556
x30 <- 0xAAAAAAAA

mem[X,0x800011AC] -> 0x0E93
mem[X,0x800011AE] -> 0x0040
[1136] [M]: 0x800011AC (0x00400E93) addi t4, zero, 0x4
x29 <- 0x00000004

mem[X,0x800011B0] -> 0x0FB3
mem[X,0x800011B2] -> 0x03DF
[1137] [M]: 0x800011B0 (0x03DF0FB3) mul t6, t5, t4
x31 <- 0xAAAAAAA8

mem[X,0x800011B4] -> 0x2E23
mem[X,0x800011B6] -> 0x29F4
[1138] [M]: 0x800011B4 (0x29F42E23) sw t6, 0x29c(fp)
mem[0x80006414] <- 0xAAAAAAA8

mem[X,0x800011B8] -> 0xBF37
mem[X,0x800011BA] -> 0xAAAA
[1139] [M]: 0x800011B8 (0xAAAABF37) lui t5, -0x55555
x30 <- 0xAAAAB000

mem[X,0x800011BC] -> 0x0F13
mem[X,0x800011BE] -> 0xAAAF
[1140] [M]: 0x800011BC (0xAAAF0F13) addi t5, t5, -0x556
x30 <- 0xAAAAAAAA

mem[X,0x800011C0] -> 0x5EB7
mem[X,0x800011C2] -> 0x5555
[1141] [M]: 0x800011C0 (0x55555EB7) lui t4, 0x55555
x29 <- 0x55555000

mem[X,0x800011C4] -> 0x8E93
mem[X,0x800011C6] -> 0x556E
[1142] [M]: 0x800011C4 (0x556E8E93) addi t4, t4, 0x556
x29 <- 0x55555556

mem[X,0x800011C8] -> 0x0FB3
mem[X,0x800011CA] -> 0x03DF
[1143] [M]: 0x800011C8 (0x03DF0FB3) mul t6, t5, t4
x31 <- 0x1C71C71C

mem[X,0x800011CC] -> 0x2023
mem[X,0x800011CE] -> 0x2BF4
[1144] [M]: 0x800011CC (0x2BF42023) sw t6, 0x2a0(fp)
mem[0x80006418] <- 0x1C71C71C

mem[X,0x800011D0] -> 0xBF37
mem[X,0x800011D2] -> 0xAAAA
[1145] [M]: 0x800011D0 (0xAAAABF37) lui t5, -0x55555
x30 <- 0xAAAAB000

mem[X,0x800011D4] -> 0x0F13
mem[X,0x800011D6] -> 0xAAAF
[1146] [M]: 0x800011D4 (0xAAAF0F13) addi t5, t5, -0x556
x30 <- 0xAAAAAAAA

mem[X,0x800011D8] -> 0xBEB7
mem[X,0x800011DA] -> 0xAAAA
[1147] [M]: 0x800011D8 (0xAAAABEB7) lui t4, -0x55555
x29 <- 0xAAAAB000

mem[X,0x800011DC] -> 0x8E93
mem[X,0x800011DE] -> 0xAABE
[1148] [M]: 0x800011DC (0xAABE8E93) addi t4, t4, -0x555
x29 <- 0xAAAAAAAB

mem[X,0x800011E0] -> 0x0FB3
mem[X,0x800011E2] -> 0x03DF
[1149] [M]: 0x800011E0 (0x03DF0FB3) mul t6, t5, t4
x31 <- 0x8E38E38E

mem[X,0x800011E4] -> 0x2223
mem[X,0x800011E6] -> 0x2BF4
[1150] [M]: 0x800011E4 (0x2BF42223) sw t6, 0x2a4(fp)
mem[0x8000641C] <- 0x8E38E38E

mem[X,0x800011E8] -> 0xBF37
mem[X,0x800011EA] -> 0xAAAA
[1151] [M]: 0x800011E8 (0xAAAABF37) lui t5, -0x55555
x30 <- 0xAAAAB000

mem[X,0x800011EC] -> 0x0F13
mem[X,0x800011EE] -> 0xAAAF
[1152] [M]: 0x800011EC (0xAAAF0F13) addi t5, t5, -0x556
x30 <- 0xAAAAAAAA

mem[X,0x800011F0] -> 0x0E93
mem[X,0x800011F2] -> 0x0060
[1153] [M]: 0x800011F0 (0x00600E93) addi t4, zero, 0x6
x29 <- 0x00000006

mem[X,0x800011F4] -> 0x0FB3
mem[X,0x800011F6] -> 0x03DF
[1154] [M]: 0x800011F4 (0x03DF0FB3) mul t6, t5, t4
x31 <- 0xFFFFFFFC

mem[X,0x800011F8] -> 0x2423
mem[X,0x800011FA] -> 0x2BF4
[1155] [M]: 0x800011F8 (0x2BF42423) sw t6, 0x2a8(fp)
mem[0x80006420] <- 0xFFFFFFFC

mem[X,0x800011FC] -> 0xBF37
mem[X,0x800011FE] -> 0xAAAA
[1156] [M]: 0x800011FC (0xAAAABF37) lui t5, -0x55555
x30 <- 0xAAAAB000

mem[X,0x80001200] -> 0x0F13
mem[X,0x80001202] -> 0xAAAF
[1157] [M]: 0x80001200 (0xAAAF0F13) addi t5, t5, -0x556
x30 <- 0xAAAAAAAA

mem[X,0x80001204] -> 0x3EB7
mem[X,0x80001206] -> 0x3333
[1158] [M]: 0x80001204 (0x33333EB7) lui t4, 0x33333
x29 <- 0x33333000

mem[X,0x80001208] -> 0x8E93
mem[X,0x8000120A] -> 0x334E
[1159] [M]: 0x80001208 (0x334E8E93) addi t4, t4, 0x334
x29 <- 0x33333334

mem[X,0x8000120C] -> 0x0FB3
mem[X,0x8000120E] -> 0x03DF
[1160] [M]: 0x8000120C (0x03DF0FB3) mul t6, t5, t4
x31 <- 0x88888888

mem[X,0x80001210] -> 0x2623
mem[X,0x80001212] -> 0x2BF4
[1161] [M]: 0x80001210 (0x2BF42623) sw t6, 0x2ac(fp)
mem[0x80006424] <- 0x88888888

mem[X,0x80001214] -> 0xBF37
mem[X,0x80001216] -> 0xAAAA
[1162] [M]: 0x80001214 (0xAAAABF37) lui t5, -0x55555
x30 <- 0xAAAAB000

mem[X,0x80001218] -> 0x0F13
mem[X,0x8000121A] -> 0xAAAF
[1163] [M]: 0x80001218 (0xAAAF0F13) addi t5, t5, -0x556
x30 <- 0xAAAAAAAA

mem[X,0x8000121C] -> 0x6EB7
mem[X,0x8000121E] -> 0x6666
[1164] [M]: 0x8000121C (0x66666EB7) lui t4, 0x66666
x29 <- 0x66666000

mem[X,0x80001220] -> 0x8E93
mem[X,0x80001222] -> 0x667E
[1165] [M]: 0x80001220 (0x667E8E93) addi t4, t4, 0x667
x29 <- 0x66666667

mem[X,0x80001224] -> 0x0FB3
mem[X,0x80001226] -> 0x03DF
[1166] [M]: 0x80001224 (0x03DF0FB3) mul t6, t5, t4
x31 <- 0x66666666

mem[X,0x80001228] -> 0x2823
mem[X,0x8000122A] -> 0x2BF4
[1167] [M]: 0x80001228 (0x2BF42823) sw t6, 0x2b0(fp)
mem[0x80006428] <- 0x66666666

mem[X,0x8000122C] -> 0xBF37
mem[X,0x8000122E] -> 0xAAAA
[1168] [M]: 0x8000122C (0xAAAABF37) lui t5, -0x55555
x30 <- 0xAAAAB000

mem[X,0x80001230] -> 0x0F13
mem[X,0x80001232] -> 0xAAAF
[1169] [M]: 0x80001230 (0xAAAF0F13) addi t5, t5, -0x556
x30 <- 0xAAAAAAAA

mem[X,0x80001234] -> 0x5EB7
mem[X,0x80001236] -> 0xFFFF
[1170] [M]: 0x80001234 (0xFFFF5EB7) lui t4, -0xb
x29 <- 0xFFFF5000

mem[X,0x80001238] -> 0x8E93
mem[X,0x8000123A] -> 0xAFDE
[1171] [M]: 0x80001238 (0xAFDE8E93) addi t4, t4, -0x503
x29 <- 0xFFFF4AFD

mem[X,0x8000123C] -> 0x0FB3
mem[X,0x8000123E] -> 0x03DF
[1172] [M]: 0x8000123C (0x03DF0FB3) mul t6, t5, t4
x31 <- 0x5555CE02

mem[X,0x80001240] -> 0x2A23
mem[X,0x80001242] -> 0x2BF4
[1173] [M]: 0x80001240 (0x2BF42A23) sw t6, 0x2b4(fp)
mem[0x8000642C] <- 0x5555CE02

mem[X,0x80001244] -> 0x0F13
mem[X,0x80001246] -> 0x0050
[1174] [M]: 0x80001244 (0x00500F13) addi t5, zero, 0x5
x30 <- 0x00000005

mem[X,0x80001248] -> 0x0E93
mem[X,0x8000124A] -> 0x0030
[1175] [M]: 0x80001248 (0x00300E93) addi t4, zero, 0x3
x29 <- 0x00000003

mem[X,0x8000124C] -> 0x0FB3
mem[X,0x8000124E] -> 0x03DF
[1176] [M]: 0x8000124C (0x03DF0FB3) mul t6, t5, t4
x31 <- 0x0000000F

mem[X,0x80001250] -> 0x2C23
mem[X,0x80001252] -> 0x2BF4
[1177] [M]: 0x80001250 (0x2BF42C23) sw t6, 0x2b8(fp)
mem[0x80006430] <- 0x0000000F

mem[X,0x80001254] -> 0x0F13
mem[X,0x80001256] -> 0x0050
[1178] [M]: 0x80001254 (0x00500F13) addi t5, zero, 0x5
x30 <- 0x00000005

mem[X,0x80001258] -> 0x5EB7
mem[X,0x8000125A] -> 0x5555
[1179] [M]: 0x80001258 (0x55555EB7) lui t4, 0x55555
x29 <- 0x55555000

mem[X,0x8000125C] -> 0x8E93
mem[X,0x8000125E] -> 0x555E
[1180] [M]: 0x8000125C (0x555E8E93) addi t4, t4, 0x555
x29 <- 0x55555555

mem[X,0x80001260] -> 0x0FB3
mem[X,0x80001262] -> 0x03DF
[1181] [M]: 0x80001260 (0x03DF0FB3) mul t6, t5, t4
x31 <- 0xAAAAAAA9

mem[X,0x80001264] -> 0x2E23
mem[X,0x80001266] -> 0x2BF4
[1182] [M]: 0x80001264 (0x2BF42E23) sw t6, 0x2bc(fp)
mem[0x80006434] <- 0xAAAAAAA9

mem[X,0x80001268] -> 0x0F13
mem[X,0x8000126A] -> 0x0050
[1183] [M]: 0x80001268 (0x00500F13) addi t5, zero, 0x5
x30 <- 0x00000005

mem[X,0x8000126C] -> 0xBEB7
mem[X,0x8000126E] -> 0xAAAA
[1184] [M]: 0x8000126C (0xAAAABEB7) lui t4, -0x55555
x29 <- 0xAAAAB000

mem[X,0x80001270] -> 0x8E93
mem[X,0x80001272] -> 0xAAAE
[1185] [M]: 0x80001270 (0xAAAE8E93) addi t4, t4, -0x556
x29 <- 0xAAAAAAAA

mem[X,0x80001274] -> 0x0FB3
mem[X,0x80001276] -> 0x03DF
[1186] [M]: 0x80001274 (0x03DF0FB3) mul t6, t5, t4
x31 <- 0x55555552

mem[X,0x80001278] -> 0x2023
mem[X,0x8000127A] -> 0x2DF4
[1187] [M]: 0x80001278 (0x2DF42023) sw t6, 0x2c0(fp)
mem[0x80006438] <- 0x55555552

mem[X,0x8000127C] -> 0x0F13
mem[X,0x8000127E] -> 0x0050
[1188] [M]: 0x8000127C (0x00500F13) addi t5, zero, 0x5
x30 <- 0x00000005

mem[X,0x80001280] -> 0x0E93
mem[X,0x80001282] -> 0x0050
[1189] [M]: 0x80001280 (0x00500E93) addi t4, zero, 0x5
x29 <- 0x00000005

mem[X,0x80001284] -> 0x0FB3
mem[X,0x80001286] -> 0x03DF
[1190] [M]: 0x80001284 (0x03DF0FB3) mul t6, t5, t4
x31 <- 0x00000019

mem[X,0x80001288] -> 0x2223
mem[X,0x8000128A] -> 0x2DF4
[1191] [M]: 0x80001288 (0x2DF42223) sw t6, 0x2c4(fp)
mem[0x8000643C] <- 0x00000019

mem[X,0x8000128C] -> 0x0F13
mem[X,0x8000128E] -> 0x0050
[1192] [M]: 0x8000128C (0x00500F13) addi t5, zero, 0x5
x30 <- 0x00000005

mem[X,0x80001290] -> 0x3EB7
mem[X,0x80001292] -> 0x3333
[1193] [M]: 0x80001290 (0x33333EB7) lui t4, 0x33333
x29 <- 0x33333000

mem[X,0x80001294] -> 0x8E93
mem[X,0x80001296] -> 0x333E
[1194] [M]: 0x80001294 (0x333E8E93) addi t4, t4, 0x333
x29 <- 0x33333333

mem[X,0x80001298] -> 0x0FB3
mem[X,0x8000129A] -> 0x03DF
[1195] [M]: 0x80001298 (0x03DF0FB3) mul t6, t5, t4
x31 <- 0xFFFFFFFF

mem[X,0x8000129C] -> 0x2423
mem[X,0x8000129E] -> 0x2DF4
[1196] [M]: 0x8000129C (0x2DF42423) sw t6, 0x2c8(fp)
mem[0x80006440] <- 0xFFFFFFFF

mem[X,0x800012A0] -> 0x0F13
mem[X,0x800012A2] -> 0x0050
[1197] [M]: 0x800012A0 (0x00500F13) addi t5, zero, 0x5
x30 <- 0x00000005

mem[X,0x800012A4] -> 0x6EB7
mem[X,0x800012A6] -> 0x6666
[1198] [M]: 0x800012A4 (0x66666EB7) lui t4, 0x66666
x29 <- 0x66666000

mem[X,0x800012A8] -> 0x8E93
mem[X,0x800012AA] -> 0x666E
[1199] [M]: 0x800012A8 (0x666E8E93) addi t4, t4, 0x666
x29 <- 0x66666666

clint::tick mtime <- 0x000000000000000C
 clint timer pending at mtime 0x000000000000000C
htif::tick 0x0000000000000000
mem[X,0x800012AC] -> 0x0FB3
mem[X,0x800012AE] -> 0x03DF
[1200] [M]: 0x800012AC (0x03DF0FB3) mul t6, t5, t4
x31 <- 0xFFFFFFFE

mem[X,0x800012B0] -> 0x2623
mem[X,0x800012B2] -> 0x2DF4
[1201] [M]: 0x800012B0 (0x2DF42623) sw t6, 0x2cc(fp)
mem[0x80006444] <- 0xFFFFFFFE

mem[X,0x800012B4] -> 0x0F13
mem[X,0x800012B6] -> 0x0050
[1202] [M]: 0x800012B4 (0x00500F13) addi t5, zero, 0x5
x30 <- 0x00000005

mem[X,0x800012B8] -> 0x5EB7
mem[X,0x800012BA] -> 0xFFFF
[1203] [M]: 0x800012B8 (0xFFFF5EB7) lui t4, -0xb
x29 <- 0xFFFF5000

mem[X,0x800012BC] -> 0x8E93
mem[X,0x800012BE] -> 0xAFCE
[1204] [M]: 0x800012BC (0xAFCE8E93) addi t4, t4, -0x504
x29 <- 0xFFFF4AFC

mem[X,0x800012C0] -> 0x0FB3
mem[X,0x800012C2] -> 0x03DF
[1205] [M]: 0x800012C0 (0x03DF0FB3) mul t6, t5, t4
x31 <- 0xFFFC76EC

mem[X,0x800012C4] -> 0x2823
mem[X,0x800012C6] -> 0x2DF4
[1206] [M]: 0x800012C4 (0x2DF42823) sw t6, 0x2d0(fp)
mem[0x80006448] <- 0xFFFC76EC

mem[X,0x800012C8] -> 0x0F13
mem[X,0x800012CA] -> 0x0050
[1207] [M]: 0x800012C8 (0x00500F13) addi t5, zero, 0x5
x30 <- 0x00000005

mem[X,0x800012CC] -> 0xBEB7
mem[X,0x800012CE] -> 0x0000
[1208] [M]: 0x800012CC (0x0000BEB7) lui t4, 0xb
x29 <- 0x0000B000

mem[X,0x800012D0] -> 0x8E93
mem[X,0x800012D2] -> 0x504E
[1209] [M]: 0x800012D0 (0x504E8E93) addi t4, t4, 0x504
x29 <- 0x0000B504

mem[X,0x800012D4] -> 0x0FB3
mem[X,0x800012D6] -> 0x03DF
[1210] [M]: 0x800012D4 (0x03DF0FB3) mul t6, t5, t4
x31 <- 0x00038914

mem[X,0x800012D8] -> 0x2A23
mem[X,0x800012DA] -> 0x2DF4
[1211] [M]: 0x800012D8 (0x2DF42A23) sw t6, 0x2d4(fp)
mem[0x8000644C] <- 0x00038914

mem[X,0x800012DC] -> 0x0F13
mem[X,0x800012DE] -> 0x0050
[1212] [M]: 0x800012DC (0x00500F13) addi t5, zero, 0x5
x30 <- 0x00000005

mem[X,0x800012E0] -> 0x0E93
mem[X,0x800012E2] -> 0x0020
[1213] [M]: 0x800012E0 (0x00200E93) addi t4, zero, 0x2
x29 <- 0x00000002

mem[X,0x800012E4] -> 0x0FB3
mem[X,0x800012E6] -> 0x03DF
[1214] [M]: 0x800012E4 (0x03DF0FB3) mul t6, t5, t4
x31 <- 0x0000000A

mem[X,0x800012E8] -> 0x2C23
mem[X,0x800012EA] -> 0x2DF4
[1215] [M]: 0x800012E8 (0x2DF42C23) sw t6, 0x2d8(fp)
mem[0x80006450] <- 0x0000000A

mem[X,0x800012EC] -> 0x0F13
mem[X,0x800012EE] -> 0x0050
[1216] [M]: 0x800012EC (0x00500F13) addi t5, zero, 0x5
x30 <- 0x00000005

mem[X,0x800012F0] -> 0x5EB7
mem[X,0x800012F2] -> 0x5555
[1217] [M]: 0x800012F0 (0x55555EB7) lui t4, 0x55555
x29 <- 0x55555000

mem[X,0x800012F4] -> 0x8E93
mem[X,0x800012F6] -> 0x554E
[1218] [M]: 0x800012F4 (0x554E8E93) addi t4, t4, 0x554
x29 <- 0x55555554

mem[X,0x800012F8] -> 0x0FB3
mem[X,0x800012FA] -> 0x03DF
[1219] [M]: 0x800012F8 (0x03DF0FB3) mul t6, t5, t4
x31 <- 0xAAAAAAA4

mem[X,0x800012FC] -> 0x2E23
mem[X,0x800012FE] -> 0x2DF4
[1220] [M]: 0x800012FC (0x2DF42E23) sw t6, 0x2dc(fp)
mem[0x80006454] <- 0xAAAAAAA4

mem[X,0x80001300] -> 0x0F13
mem[X,0x80001302] -> 0x0050
[1221] [M]: 0x80001300 (0x00500F13) addi t5, zero, 0x5
x30 <- 0x00000005

mem[X,0x80001304] -> 0x3EB7
mem[X,0x80001306] -> 0x3333
[1222] [M]: 0x80001304 (0x33333EB7) lui t4, 0x33333
x29 <- 0x33333000

mem[X,0x80001308] -> 0x8E93
mem[X,0x8000130A] -> 0x332E
[1223] [M]: 0x80001308 (0x332E8E93) addi t4, t4, 0x332
x29 <- 0x33333332

mem[X,0x8000130C] -> 0x0FB3
mem[X,0x8000130E] -> 0x03DF
[1224] [M]: 0x8000130C (0x03DF0FB3) mul t6, t5, t4
x31 <- 0xFFFFFFFA

mem[X,0x80001310] -> 0x2023
mem[X,0x80001312] -> 0x2FF4
[1225] [M]: 0x80001310 (0x2FF42023) sw t6, 0x2e0(fp)
mem[0x80006458] <- 0xFFFFFFFA

mem[X,0x80001314] -> 0x0F13
mem[X,0x80001316] -> 0x0050
[1226] [M]: 0x80001314 (0x00500F13) addi t5, zero, 0x5
x30 <- 0x00000005

mem[X,0x80001318] -> 0x6EB7
mem[X,0x8000131A] -> 0x6666
[1227] [M]: 0x80001318 (0x66666EB7) lui t4, 0x66666
x29 <- 0x66666000

mem[X,0x8000131C] -> 0x8E93
mem[X,0x8000131E] -> 0x665E
[1228] [M]: 0x8000131C (0x665E8E93) addi t4, t4, 0x665
x29 <- 0x66666665

mem[X,0x80001320] -> 0x0FB3
mem[X,0x80001322] -> 0x03DF
[1229] [M]: 0x80001320 (0x03DF0FB3) mul t6, t5, t4
x31 <- 0xFFFFFFF9

mem[X,0x80001324] -> 0x2223
mem[X,0x80001326] -> 0x2FF4
[1230] [M]: 0x80001324 (0x2FF42223) sw t6, 0x2e4(fp)
mem[0x8000645C] <- 0xFFFFFFF9

mem[X,0x80001328] -> 0x0F13
mem[X,0x8000132A] -> 0x0050
[1231] [M]: 0x80001328 (0x00500F13) addi t5, zero, 0x5
x30 <- 0x00000005

mem[X,0x8000132C] -> 0x0E93
mem[X,0x8000132E] -> 0x0000
[1232] [M]: 0x8000132C (0x00000E93) addi t4, zero, 0x0
x29 <- 0x00000000

mem[X,0x80001330] -> 0x0FB3
mem[X,0x80001332] -> 0x03DF
[1233] [M]: 0x80001330 (0x03DF0FB3) mul t6, t5, t4
x31 <- 0x00000000

mem[X,0x80001334] -> 0x2423
mem[X,0x80001336] -> 0x2FF4
[1234] [M]: 0x80001334 (0x2FF42423) sw t6, 0x2e8(fp)
mem[0x80006460] <- 0x00000000

mem[X,0x80001338] -> 0x0F13
mem[X,0x8000133A] -> 0x0050
[1235] [M]: 0x80001338 (0x00500F13) addi t5, zero, 0x5
x30 <- 0x00000005

mem[X,0x8000133C] -> 0xBEB7
mem[X,0x8000133E] -> 0x0000
[1236] [M]: 0x8000133C (0x0000BEB7) lui t4, 0xb
x29 <- 0x0000B000

mem[X,0x80001340] -> 0x8E93
mem[X,0x80001342] -> 0x503E
[1237] [M]: 0x80001340 (0x503E8E93) addi t4, t4, 0x503
x29 <- 0x0000B503

mem[X,0x80001344] -> 0x0FB3
mem[X,0x80001346] -> 0x03DF
[1238] [M]: 0x80001344 (0x03DF0FB3) mul t6, t5, t4
x31 <- 0x0003890F

mem[X,0x80001348] -> 0x2623
mem[X,0x8000134A] -> 0x2FF4
[1239] [M]: 0x80001348 (0x2FF42623) sw t6, 0x2ec(fp)
mem[0x80006464] <- 0x0003890F

mem[X,0x8000134C] -> 0x0F13
mem[X,0x8000134E] -> 0x0050
[1240] [M]: 0x8000134C (0x00500F13) addi t5, zero, 0x5
x30 <- 0x00000005

mem[X,0x80001350] -> 0x0E93
mem[X,0x80001352] -> 0x0040
[1241] [M]: 0x80001350 (0x00400E93) addi t4, zero, 0x4
x29 <- 0x00000004

mem[X,0x80001354] -> 0x0FB3
mem[X,0x80001356] -> 0x03DF
[1242] [M]: 0x80001354 (0x03DF0FB3) mul t6, t5, t4
x31 <- 0x00000014

mem[X,0x80001358] -> 0x2823
mem[X,0x8000135A] -> 0x2FF4
[1243] [M]: 0x80001358 (0x2FF42823) sw t6, 0x2f0(fp)
mem[0x80006468] <- 0x00000014

mem[X,0x8000135C] -> 0x0F13
mem[X,0x8000135E] -> 0x0050
[1244] [M]: 0x8000135C (0x00500F13) addi t5, zero, 0x5
x30 <- 0x00000005

mem[X,0x80001360] -> 0x5EB7
mem[X,0x80001362] -> 0x5555
[1245] [M]: 0x80001360 (0x55555EB7) lui t4, 0x55555
x29 <- 0x55555000

mem[X,0x80001364] -> 0x8E93
mem[X,0x80001366] -> 0x556E
[1246] [M]: 0x80001364 (0x556E8E93) addi t4, t4, 0x556
x29 <- 0x55555556

mem[X,0x80001368] -> 0x0FB3
mem[X,0x8000136A] -> 0x03DF
[1247] [M]: 0x80001368 (0x03DF0FB3) mul t6, t5, t4
x31 <- 0xAAAAAAAE

mem[X,0x8000136C] -> 0x2A23
mem[X,0x8000136E] -> 0x2FF4
[1248] [M]: 0x8000136C (0x2FF42A23) sw t6, 0x2f4(fp)
mem[0x8000646C] <- 0xAAAAAAAE

mem[X,0x80001370] -> 0x0F13
mem[X,0x80001372] -> 0x0050
[1249] [M]: 0x80001370 (0x00500F13) addi t5, zero, 0x5
x30 <- 0x00000005

mem[X,0x80001374] -> 0xBEB7
mem[X,0x80001376] -> 0xAAAA
[1250] [M]: 0x80001374 (0xAAAABEB7) lui t4, -0x55555
x29 <- 0xAAAAB000

mem[X,0x80001378] -> 0x8E93
mem[X,0x8000137A] -> 0xAABE
[1251] [M]: 0x80001378 (0xAABE8E93) addi t4, t4, -0x555
x29 <- 0xAAAAAAAB

mem[X,0x8000137C] -> 0x0FB3
mem[X,0x8000137E] -> 0x03DF
[1252] [M]: 0x8000137C (0x03DF0FB3) mul t6, t5, t4
x31 <- 0x55555557

mem[X,0x80001380] -> 0x2C23
mem[X,0x80001382] -> 0x2FF4
[1253] [M]: 0x80001380 (0x2FF42C23) sw t6, 0x2f8(fp)
mem[0x80006470] <- 0x55555557

mem[X,0x80001384] -> 0x0F13
mem[X,0x80001386] -> 0x0050
[1254] [M]: 0x80001384 (0x00500F13) addi t5, zero, 0x5
x30 <- 0x00000005

mem[X,0x80001388] -> 0x0E93
mem[X,0x8000138A] -> 0x0060
[1255] [M]: 0x80001388 (0x00600E93) addi t4, zero, 0x6
x29 <- 0x00000006

mem[X,0x8000138C] -> 0x0FB3
mem[X,0x8000138E] -> 0x03DF
[1256] [M]: 0x8000138C (0x03DF0FB3) mul t6, t5, t4
x31 <- 0x0000001E

mem[X,0x80001390] -> 0x2E23
mem[X,0x80001392] -> 0x2FF4
[1257] [M]: 0x80001390 (0x2FF42E23) sw t6, 0x2fc(fp)
mem[0x80006474] <- 0x0000001E

mem[X,0x80001394] -> 0x0F13
mem[X,0x80001396] -> 0x0050
[1258] [M]: 0x80001394 (0x00500F13) addi t5, zero, 0x5
x30 <- 0x00000005

mem[X,0x80001398] -> 0x3EB7
mem[X,0x8000139A] -> 0x3333
[1259] [M]: 0x80001398 (0x33333EB7) lui t4, 0x33333
x29 <- 0x33333000

mem[X,0x8000139C] -> 0x8E93
mem[X,0x8000139E] -> 0x334E
[1260] [M]: 0x8000139C (0x334E8E93) addi t4, t4, 0x334
x29 <- 0x33333334

mem[X,0x800013A0] -> 0x0FB3
mem[X,0x800013A2] -> 0x03DF
[1261] [M]: 0x800013A0 (0x03DF0FB3) mul t6, t5, t4
x31 <- 0x00000004

mem[X,0x800013A4] -> 0x2023
mem[X,0x800013A6] -> 0x31F4
[1262] [M]: 0x800013A4 (0x31F42023) sw t6, 0x300(fp)
mem[0x80006478] <- 0x00000004

mem[X,0x800013A8] -> 0x0F13
mem[X,0x800013AA] -> 0x0050
[1263] [M]: 0x800013A8 (0x00500F13) addi t5, zero, 0x5
x30 <- 0x00000005

mem[X,0x800013AC] -> 0x6EB7
mem[X,0x800013AE] -> 0x6666
[1264] [M]: 0x800013AC (0x66666EB7) lui t4, 0x66666
x29 <- 0x66666000

mem[X,0x800013B0] -> 0x8E93
mem[X,0x800013B2] -> 0x667E
[1265] [M]: 0x800013B0 (0x667E8E93) addi t4, t4, 0x667
x29 <- 0x66666667

mem[X,0x800013B4] -> 0x0FB3
mem[X,0x800013B6] -> 0x03DF
[1266] [M]: 0x800013B4 (0x03DF0FB3) mul t6, t5, t4
x31 <- 0x00000003

mem[X,0x800013B8] -> 0x2223
mem[X,0x800013BA] -> 0x31F4
[1267] [M]: 0x800013B8 (0x31F42223) sw t6, 0x304(fp)
mem[0x8000647C] <- 0x00000003

mem[X,0x800013BC] -> 0x0F13
mem[X,0x800013BE] -> 0x0050
[1268] [M]: 0x800013BC (0x00500F13) addi t5, zero, 0x5
x30 <- 0x00000005

mem[X,0x800013C0] -> 0x5EB7
mem[X,0x800013C2] -> 0xFFFF
[1269] [M]: 0x800013C0 (0xFFFF5EB7) lui t4, -0xb
x29 <- 0xFFFF5000

mem[X,0x800013C4] -> 0x8E93
mem[X,0x800013C6] -> 0xAFDE
[1270] [M]: 0x800013C4 (0xAFDE8E93) addi t4, t4, -0x503
x29 <- 0xFFFF4AFD

mem[X,0x800013C8] -> 0x0FB3
mem[X,0x800013CA] -> 0x03DF
[1271] [M]: 0x800013C8 (0x03DF0FB3) mul t6, t5, t4
x31 <- 0xFFFC76F1

mem[X,0x800013CC] -> 0x2423
mem[X,0x800013CE] -> 0x31F4
[1272] [M]: 0x800013CC (0x31F42423) sw t6, 0x308(fp)
mem[0x80006480] <- 0xFFFC76F1

mem[X,0x800013D0] -> 0x0F13
mem[X,0x800013D2] -> 0x0050
[1273] [M]: 0x800013D0 (0x00500F13) addi t5, zero, 0x5
x30 <- 0x00000005

mem[X,0x800013D4] -> 0xBEB7
mem[X,0x800013D6] -> 0x0000
[1274] [M]: 0x800013D4 (0x0000BEB7) lui t4, 0xb
x29 <- 0x0000B000

mem[X,0x800013D8] -> 0x8E93
mem[X,0x800013DA] -> 0x505E
[1275] [M]: 0x800013D8 (0x505E8E93) addi t4, t4, 0x505
x29 <- 0x0000B505

mem[X,0x800013DC] -> 0x0FB3
mem[X,0x800013DE] -> 0x03DF
[1276] [M]: 0x800013DC (0x03DF0FB3) mul t6, t5, t4
x31 <- 0x00038919

mem[X,0x800013E0] -> 0x2623
mem[X,0x800013E2] -> 0x31F4
[1277] [M]: 0x800013E0 (0x31F42623) sw t6, 0x30c(fp)
mem[0x80006484] <- 0x00038919

mem[X,0x800013E4] -> 0x3F37
mem[X,0x800013E6] -> 0x3333
[1278] [M]: 0x800013E4 (0x33333F37) lui t5, 0x33333
x30 <- 0x33333000

mem[X,0x800013E8] -> 0x0F13
mem[X,0x800013EA] -> 0x333F
[1279] [M]: 0x800013E8 (0x333F0F13) addi t5, t5, 0x333
x30 <- 0x33333333

mem[X,0x800013EC] -> 0x0E93
mem[X,0x800013EE] -> 0x0030
[1280] [M]: 0x800013EC (0x00300E93) addi t4, zero, 0x3
x29 <- 0x00000003

mem[X,0x800013F0] -> 0x0FB3
mem[X,0x800013F2] -> 0x03DF
[1281] [M]: 0x800013F0 (0x03DF0FB3) mul t6, t5, t4
x31 <- 0x99999999

mem[X,0x800013F4] -> 0x2823
mem[X,0x800013F6] -> 0x31F4
[1282] [M]: 0x800013F4 (0x31F42823) sw t6, 0x310(fp)
mem[0x80006488] <- 0x99999999

mem[X,0x800013F8] -> 0x3F37
mem[X,0x800013FA] -> 0x3333
[1283] [M]: 0x800013F8 (0x33333F37) lui t5, 0x33333
x30 <- 0x33333000

mem[X,0x800013FC] -> 0x0F13
mem[X,0x800013FE] -> 0x333F
[1284] [M]: 0x800013FC (0x333F0F13) addi t5, t5, 0x333
x30 <- 0x33333333

mem[X,0x80001400] -> 0x5EB7
mem[X,0x80001402] -> 0x5555
[1285] [M]: 0x80001400 (0x55555EB7) lui t4, 0x55555
x29 <- 0x55555000

mem[X,0x80001404] -> 0x8E93
mem[X,0x80001406] -> 0x555E
[1286] [M]: 0x80001404 (0x555E8E93) addi t4, t4, 0x555
x29 <- 0x55555555

mem[X,0x80001408] -> 0x0FB3
mem[X,0x8000140A] -> 0x03DF
[1287] [M]: 0x80001408 (0x03DF0FB3) mul t6, t5, t4
x31 <- 0xEEEEEEEF

mem[X,0x8000140C] -> 0x2A23
mem[X,0x8000140E] -> 0x31F4
[1288] [M]: 0x8000140C (0x31F42A23) sw t6, 0x314(fp)
mem[0x8000648C] <- 0xEEEEEEEF

mem[X,0x80001410] -> 0x3F37
mem[X,0x80001412] -> 0x3333
[1289] [M]: 0x80001410 (0x33333F37) lui t5, 0x33333
x30 <- 0x33333000

mem[X,0x80001414] -> 0x0F13
mem[X,0x80001416] -> 0x333F
[1290] [M]: 0x80001414 (0x333F0F13) addi t5, t5, 0x333
x30 <- 0x33333333

mem[X,0x80001418] -> 0xBEB7
mem[X,0x8000141A] -> 0xAAAA
[1291] [M]: 0x80001418 (0xAAAABEB7) lui t4, -0x55555
x29 <- 0xAAAAB000

mem[X,0x8000141C] -> 0x8E93
mem[X,0x8000141E] -> 0xAAAE
[1292] [M]: 0x8000141C (0xAAAE8E93) addi t4, t4, -0x556
x29 <- 0xAAAAAAAA

mem[X,0x80001420] -> 0x0FB3
mem[X,0x80001422] -> 0x03DF
[1293] [M]: 0x80001420 (0x03DF0FB3) mul t6, t5, t4
x31 <- 0xDDDDDDDE

mem[X,0x80001424] -> 0x2C23
mem[X,0x80001426] -> 0x31F4
[1294] [M]: 0x80001424 (0x31F42C23) sw t6, 0x318(fp)
mem[0x80006490] <- 0xDDDDDDDE

mem[X,0x80001428] -> 0x3F37
mem[X,0x8000142A] -> 0x3333
[1295] [M]: 0x80001428 (0x33333F37) lui t5, 0x33333
x30 <- 0x33333000

mem[X,0x8000142C] -> 0x0F13
mem[X,0x8000142E] -> 0x333F
[1296] [M]: 0x8000142C (0x333F0F13) addi t5, t5, 0x333
x30 <- 0x33333333

mem[X,0x80001430] -> 0x0E93
mem[X,0x80001432] -> 0x0050
[1297] [M]: 0x80001430 (0x00500E93) addi t4, zero, 0x5
x29 <- 0x00000005

mem[X,0x80001434] -> 0x0FB3
mem[X,0x80001436] -> 0x03DF
[1298] [M]: 0x80001434 (0x03DF0FB3) mul t6, t5, t4
x31 <- 0xFFFFFFFF

mem[X,0x80001438] -> 0x2E23
mem[X,0x8000143A] -> 0x31F4
[1299] [M]: 0x80001438 (0x31F42E23) sw t6, 0x31c(fp)
mem[0x80006494] <- 0xFFFFFFFF

clint::tick mtime <- 0x000000000000000D
 clint timer pending at mtime 0x000000000000000D
htif::tick 0x0000000000000000
mem[X,0x8000143C] -> 0x3F37
mem[X,0x8000143E] -> 0x3333
[1300] [M]: 0x8000143C (0x33333F37) lui t5, 0x33333
x30 <- 0x33333000

mem[X,0x80001440] -> 0x0F13
mem[X,0x80001442] -> 0x333F
[1301] [M]: 0x80001440 (0x333F0F13) addi t5, t5, 0x333
x30 <- 0x33333333

mem[X,0x80001444] -> 0x3EB7
mem[X,0x80001446] -> 0x3333
[1302] [M]: 0x80001444 (0x33333EB7) lui t4, 0x33333
x29 <- 0x33333000

mem[X,0x80001448] -> 0x8E93
mem[X,0x8000144A] -> 0x333E
[1303] [M]: 0x80001448 (0x333E8E93) addi t4, t4, 0x333
x29 <- 0x33333333

mem[X,0x8000144C] -> 0x0FB3
mem[X,0x8000144E] -> 0x03DF
[1304] [M]: 0x8000144C (0x03DF0FB3) mul t6, t5, t4
x31 <- 0xC28F5C29

mem[X,0x80001450] -> 0x2023
mem[X,0x80001452] -> 0x33F4
[1305] [M]: 0x80001450 (0x33F42023) sw t6, 0x320(fp)
mem[0x80006498] <- 0xC28F5C29

mem[X,0x80001454] -> 0x3F37
mem[X,0x80001456] -> 0x3333
[1306] [M]: 0x80001454 (0x33333F37) lui t5, 0x33333
x30 <- 0x33333000

mem[X,0x80001458] -> 0x0F13
mem[X,0x8000145A] -> 0x333F
[1307] [M]: 0x80001458 (0x333F0F13) addi t5, t5, 0x333
x30 <- 0x33333333

mem[X,0x8000145C] -> 0x6EB7
mem[X,0x8000145E] -> 0x6666
[1308] [M]: 0x8000145C (0x66666EB7) lui t4, 0x66666
x29 <- 0x66666000

mem[X,0x80001460] -> 0x8E93
mem[X,0x80001462] -> 0x666E
[1309] [M]: 0x80001460 (0x666E8E93) addi t4, t4, 0x666
x29 <- 0x66666666

mem[X,0x80001464] -> 0x0FB3
mem[X,0x80001466] -> 0x03DF
[1310] [M]: 0x80001464 (0x03DF0FB3) mul t6, t5, t4
x31 <- 0x851EB852

mem[X,0x80001468] -> 0x2223
mem[X,0x8000146A] -> 0x33F4
[1311] [M]: 0x80001468 (0x33F42223) sw t6, 0x324(fp)
mem[0x8000649C] <- 0x851EB852

mem[X,0x8000146C] -> 0x3F37
mem[X,0x8000146E] -> 0x3333
[1312] [M]: 0x8000146C (0x33333F37) lui t5, 0x33333
x30 <- 0x33333000

mem[X,0x80001470] -> 0x0F13
mem[X,0x80001472] -> 0x333F
[1313] [M]: 0x80001470 (0x333F0F13) addi t5, t5, 0x333
x30 <- 0x33333333

mem[X,0x80001474] -> 0x5EB7
mem[X,0x80001476] -> 0xFFFF
[1314] [M]: 0x80001474 (0xFFFF5EB7) lui t4, -0xb
x29 <- 0xFFFF5000

mem[X,0x80001478] -> 0x8E93
mem[X,0x8000147A] -> 0xAFCE
[1315] [M]: 0x80001478 (0xAFCE8E93) addi t4, t4, -0x504
x29 <- 0xFFFF4AFC

mem[X,0x8000147C] -> 0x0FB3
mem[X,0x8000147E] -> 0x03DF
[1316] [M]: 0x8000147C (0x03DF0FB3) mul t6, t5, t4
x31 <- 0x00002434

mem[X,0x80001480] -> 0x2423
mem[X,0x80001482] -> 0x33F4
[1317] [M]: 0x80001480 (0x33F42423) sw t6, 0x328(fp)
mem[0x800064A0] <- 0x00002434

mem[X,0x80001484] -> 0x3F37
mem[X,0x80001486] -> 0x3333
[1318] [M]: 0x80001484 (0x33333F37) lui t5, 0x33333
x30 <- 0x33333000

mem[X,0x80001488] -> 0x0F13
mem[X,0x8000148A] -> 0x333F
[1319] [M]: 0x80001488 (0x333F0F13) addi t5, t5, 0x333
x30 <- 0x33333333

mem[X,0x8000148C] -> 0xBEB7
mem[X,0x8000148E] -> 0x0000
[1320] [M]: 0x8000148C (0x0000BEB7) lui t4, 0xb
x29 <- 0x0000B000

mem[X,0x80001490] -> 0x8E93
mem[X,0x80001492] -> 0x504E
[1321] [M]: 0x80001490 (0x504E8E93) addi t4, t4, 0x504
x29 <- 0x0000B504

mem[X,0x80001494] -> 0x0FB3
mem[X,0x80001496] -> 0x03DF
[1322] [M]: 0x80001494 (0x03DF0FB3) mul t6, t5, t4
x31 <- 0xFFFFDBCC

mem[X,0x80001498] -> 0x2623
mem[X,0x8000149A] -> 0x33F4
[1323] [M]: 0x80001498 (0x33F42623) sw t6, 0x32c(fp)
mem[0x800064A4] <- 0xFFFFDBCC

mem[X,0x8000149C] -> 0x3F37
mem[X,0x8000149E] -> 0x3333
[1324] [M]: 0x8000149C (0x33333F37) lui t5, 0x33333
x30 <- 0x33333000

mem[X,0x800014A0] -> 0x0F13
mem[X,0x800014A2] -> 0x333F
[1325] [M]: 0x800014A0 (0x333F0F13) addi t5, t5, 0x333
x30 <- 0x33333333

mem[X,0x800014A4] -> 0x0E93
mem[X,0x800014A6] -> 0x0020
[1326] [M]: 0x800014A4 (0x00200E93) addi t4, zero, 0x2
x29 <- 0x00000002

mem[X,0x800014A8] -> 0x0FB3
mem[X,0x800014AA] -> 0x03DF
[1327] [M]: 0x800014A8 (0x03DF0FB3) mul t6, t5, t4
x31 <- 0x66666666

mem[X,0x800014AC] -> 0x2823
mem[X,0x800014AE] -> 0x33F4
[1328] [M]: 0x800014AC (0x33F42823) sw t6, 0x330(fp)
mem[0x800064A8] <- 0x66666666

mem[X,0x800014B0] -> 0x3F37
mem[X,0x800014B2] -> 0x3333
[1329] [M]: 0x800014B0 (0x33333F37) lui t5, 0x33333
x30 <- 0x33333000

mem[X,0x800014B4] -> 0x0F13
mem[X,0x800014B6] -> 0x333F
[1330] [M]: 0x800014B4 (0x333F0F13) addi t5, t5, 0x333
x30 <- 0x33333333

mem[X,0x800014B8] -> 0x5EB7
mem[X,0x800014BA] -> 0x5555
[1331] [M]: 0x800014B8 (0x55555EB7) lui t4, 0x55555
x29 <- 0x55555000

mem[X,0x800014BC] -> 0x8E93
mem[X,0x800014BE] -> 0x554E
[1332] [M]: 0x800014BC (0x554E8E93) addi t4, t4, 0x554
x29 <- 0x55555554

mem[X,0x800014C0] -> 0x0FB3
mem[X,0x800014C2] -> 0x03DF
[1333] [M]: 0x800014C0 (0x03DF0FB3) mul t6, t5, t4
x31 <- 0xBBBBBBBC

mem[X,0x800014C4] -> 0x2A23
mem[X,0x800014C6] -> 0x33F4
[1334] [M]: 0x800014C4 (0x33F42A23) sw t6, 0x334(fp)
mem[0x800064AC] <- 0xBBBBBBBC

mem[X,0x800014C8] -> 0x3F37
mem[X,0x800014CA] -> 0x3333
[1335] [M]: 0x800014C8 (0x33333F37) lui t5, 0x33333
x30 <- 0x33333000

mem[X,0x800014CC] -> 0x0F13
mem[X,0x800014CE] -> 0x333F
[1336] [M]: 0x800014CC (0x333F0F13) addi t5, t5, 0x333
x30 <- 0x33333333

mem[X,0x800014D0] -> 0x3EB7
mem[X,0x800014D2] -> 0x3333
[1337] [M]: 0x800014D0 (0x33333EB7) lui t4, 0x33333
x29 <- 0x33333000

mem[X,0x800014D4] -> 0x8E93
mem[X,0x800014D6] -> 0x332E
[1338] [M]: 0x800014D4 (0x332E8E93) addi t4, t4, 0x332
x29 <- 0x33333332

mem[X,0x800014D8] -> 0x0FB3
mem[X,0x800014DA] -> 0x03DF
[1339] [M]: 0x800014D8 (0x03DF0FB3) mul t6, t5, t4
x31 <- 0x8F5C28F6

mem[X,0x800014DC] -> 0x2C23
mem[X,0x800014DE] -> 0x33F4
[1340] [M]: 0x800014DC (0x33F42C23) sw t6, 0x338(fp)
mem[0x800064B0] <- 0x8F5C28F6

mem[X,0x800014E0] -> 0x3F37
mem[X,0x800014E2] -> 0x3333
[1341] [M]: 0x800014E0 (0x33333F37) lui t5, 0x33333
x30 <- 0x33333000

mem[X,0x800014E4] -> 0x0F13
mem[X,0x800014E6] -> 0x333F
[1342] [M]: 0x800014E4 (0x333F0F13) addi t5, t5, 0x333
x30 <- 0x33333333

mem[X,0x800014E8] -> 0x6EB7
mem[X,0x800014EA] -> 0x6666
[1343] [M]: 0x800014E8 (0x66666EB7) lui t4, 0x66666
x29 <- 0x66666000

mem[X,0x800014EC] -> 0x8E93
mem[X,0x800014EE] -> 0x665E
[1344] [M]: 0x800014EC (0x665E8E93) addi t4, t4, 0x665
x29 <- 0x66666665

mem[X,0x800014F0] -> 0x0FB3
mem[X,0x800014F2] -> 0x03DF
[1345] [M]: 0x800014F0 (0x03DF0FB3) mul t6, t5, t4
x31 <- 0x51EB851F

mem[X,0x800014F4] -> 0x2E23
mem[X,0x800014F6] -> 0x33F4
[1346] [M]: 0x800014F4 (0x33F42E23) sw t6, 0x33c(fp)
mem[0x800064B4] <- 0x51EB851F

mem[X,0x800014F8] -> 0x3F37
mem[X,0x800014FA] -> 0x3333
[1347] [M]: 0x800014F8 (0x33333F37) lui t5, 0x33333
x30 <- 0x33333000

mem[X,0x800014FC] -> 0x0F13
mem[X,0x800014FE] -> 0x333F
[1348] [M]: 0x800014FC (0x333F0F13) addi t5, t5, 0x333
x30 <- 0x33333333

mem[X,0x80001500] -> 0x0E93
mem[X,0x80001502] -> 0x0000
[1349] [M]: 0x80001500 (0x00000E93) addi t4, zero, 0x0
x29 <- 0x00000000

mem[X,0x80001504] -> 0x0FB3
mem[X,0x80001506] -> 0x03DF
[1350] [M]: 0x80001504 (0x03DF0FB3) mul t6, t5, t4
x31 <- 0x00000000

mem[X,0x80001508] -> 0x2023
mem[X,0x8000150A] -> 0x35F4
[1351] [M]: 0x80001508 (0x35F42023) sw t6, 0x340(fp)
mem[0x800064B8] <- 0x00000000

mem[X,0x8000150C] -> 0x3F37
mem[X,0x8000150E] -> 0x3333
[1352] [M]: 0x8000150C (0x33333F37) lui t5, 0x33333
x30 <- 0x33333000

mem[X,0x80001510] -> 0x0F13
mem[X,0x80001512] -> 0x333F
[1353] [M]: 0x80001510 (0x333F0F13) addi t5, t5, 0x333
x30 <- 0x33333333

mem[X,0x80001514] -> 0xBEB7
mem[X,0x80001516] -> 0x0000
[1354] [M]: 0x80001514 (0x0000BEB7) lui t4, 0xb
x29 <- 0x0000B000

mem[X,0x80001518] -> 0x8E93
mem[X,0x8000151A] -> 0x503E
[1355] [M]: 0x80001518 (0x503E8E93) addi t4, t4, 0x503
x29 <- 0x0000B503

mem[X,0x8000151C] -> 0x0FB3
mem[X,0x8000151E] -> 0x03DF
[1356] [M]: 0x8000151C (0x03DF0FB3) mul t6, t5, t4
x31 <- 0xCCCCA899

mem[X,0x80001520] -> 0x2223
mem[X,0x80001522] -> 0x35F4
[1357] [M]: 0x80001520 (0x35F42223) sw t6, 0x344(fp)
mem[0x800064BC] <- 0xCCCCA899

mem[X,0x80001524] -> 0x3F37
mem[X,0x80001526] -> 0x3333
[1358] [M]: 0x80001524 (0x33333F37) lui t5, 0x33333
x30 <- 0x33333000

mem[X,0x80001528] -> 0x0F13
mem[X,0x8000152A] -> 0x333F
[1359] [M]: 0x80001528 (0x333F0F13) addi t5, t5, 0x333
x30 <- 0x33333333

mem[X,0x8000152C] -> 0x0E93
mem[X,0x8000152E] -> 0x0040
[1360] [M]: 0x8000152C (0x00400E93) addi t4, zero, 0x4
x29 <- 0x00000004

mem[X,0x80001530] -> 0x0FB3
mem[X,0x80001532] -> 0x03DF
[1361] [M]: 0x80001530 (0x03DF0FB3) mul t6, t5, t4
x31 <- 0xCCCCCCCC

mem[X,0x80001534] -> 0x2423
mem[X,0x80001536] -> 0x35F4
[1362] [M]: 0x80001534 (0x35F42423) sw t6, 0x348(fp)
mem[0x800064C0] <- 0xCCCCCCCC

mem[X,0x80001538] -> 0x3F37
mem[X,0x8000153A] -> 0x3333
[1363] [M]: 0x80001538 (0x33333F37) lui t5, 0x33333
x30 <- 0x33333000

mem[X,0x8000153C] -> 0x0F13
mem[X,0x8000153E] -> 0x333F
[1364] [M]: 0x8000153C (0x333F0F13) addi t5, t5, 0x333
x30 <- 0x33333333

mem[X,0x80001540] -> 0x5EB7
mem[X,0x80001542] -> 0x5555
[1365] [M]: 0x80001540 (0x55555EB7) lui t4, 0x55555
x29 <- 0x55555000

mem[X,0x80001544] -> 0x8E93
mem[X,0x80001546] -> 0x556E
[1366] [M]: 0x80001544 (0x556E8E93) addi t4, t4, 0x556
x29 <- 0x55555556

mem[X,0x80001548] -> 0x0FB3
mem[X,0x8000154A] -> 0x03DF
[1367] [M]: 0x80001548 (0x03DF0FB3) mul t6, t5, t4
x31 <- 0x22222222

mem[X,0x8000154C] -> 0x2623
mem[X,0x8000154E] -> 0x35F4
[1368] [M]: 0x8000154C (0x35F42623) sw t6, 0x34c(fp)
mem[0x800064C4] <- 0x22222222

mem[X,0x80001550] -> 0x3F37
mem[X,0x80001552] -> 0x3333
[1369] [M]: 0x80001550 (0x33333F37) lui t5, 0x33333
x30 <- 0x33333000

mem[X,0x80001554] -> 0x0F13
mem[X,0x80001556] -> 0x333F
[1370] [M]: 0x80001554 (0x333F0F13) addi t5, t5, 0x333
x30 <- 0x33333333

mem[X,0x80001558] -> 0xBEB7
mem[X,0x8000155A] -> 0xAAAA
[1371] [M]: 0x80001558 (0xAAAABEB7) lui t4, -0x55555
x29 <- 0xAAAAB000

mem[X,0x8000155C] -> 0x8E93
mem[X,0x8000155E] -> 0xAABE
[1372] [M]: 0x8000155C (0xAABE8E93) addi t4, t4, -0x555
x29 <- 0xAAAAAAAB

mem[X,0x80001560] -> 0x0FB3
mem[X,0x80001562] -> 0x03DF
[1373] [M]: 0x80001560 (0x03DF0FB3) mul t6, t5, t4
x31 <- 0x11111111

mem[X,0x80001564] -> 0x2823
mem[X,0x80001566] -> 0x35F4
[1374] [M]: 0x80001564 (0x35F42823) sw t6, 0x350(fp)
mem[0x800064C8] <- 0x11111111

mem[X,0x80001568] -> 0x3F37
mem[X,0x8000156A] -> 0x3333
[1375] [M]: 0x80001568 (0x33333F37) lui t5, 0x33333
x30 <- 0x33333000

mem[X,0x8000156C] -> 0x0F13
mem[X,0x8000156E] -> 0x333F
[1376] [M]: 0x8000156C (0x333F0F13) addi t5, t5, 0x333
x30 <- 0x33333333

mem[X,0x80001570] -> 0x0E93
mem[X,0x80001572] -> 0x0060
[1377] [M]: 0x80001570 (0x00600E93) addi t4, zero, 0x6
x29 <- 0x00000006

mem[X,0x80001574] -> 0x0FB3
mem[X,0x80001576] -> 0x03DF
[1378] [M]: 0x80001574 (0x03DF0FB3) mul t6, t5, t4
x31 <- 0x33333332

mem[X,0x80001578] -> 0x2A23
mem[X,0x8000157A] -> 0x35F4
[1379] [M]: 0x80001578 (0x35F42A23) sw t6, 0x354(fp)
mem[0x800064CC] <- 0x33333332

mem[X,0x8000157C] -> 0x3F37
mem[X,0x8000157E] -> 0x3333
[1380] [M]: 0x8000157C (0x33333F37) lui t5, 0x33333
x30 <- 0x33333000

mem[X,0x80001580] -> 0x0F13
mem[X,0x80001582] -> 0x333F
[1381] [M]: 0x80001580 (0x333F0F13) addi t5, t5, 0x333
x30 <- 0x33333333

mem[X,0x80001584] -> 0x3EB7
mem[X,0x80001586] -> 0x3333
[1382] [M]: 0x80001584 (0x33333EB7) lui t4, 0x33333
x29 <- 0x33333000

mem[X,0x80001588] -> 0x8E93
mem[X,0x8000158A] -> 0x334E
[1383] [M]: 0x80001588 (0x334E8E93) addi t4, t4, 0x334
x29 <- 0x33333334

mem[X,0x8000158C] -> 0x0FB3
mem[X,0x8000158E] -> 0x03DF
[1384] [M]: 0x8000158C (0x03DF0FB3) mul t6, t5, t4
x31 <- 0xF5C28F5C

mem[X,0x80001590] -> 0x2C23
mem[X,0x80001592] -> 0x35F4
[1385] [M]: 0x80001590 (0x35F42C23) sw t6, 0x358(fp)
mem[0x800064D0] <- 0xF5C28F5C

mem[X,0x80001594] -> 0x3F37
mem[X,0x80001596] -> 0x3333
[1386] [M]: 0x80001594 (0x33333F37) lui t5, 0x33333
x30 <- 0x33333000

mem[X,0x80001598] -> 0x0F13
mem[X,0x8000159A] -> 0x333F
[1387] [M]: 0x80001598 (0x333F0F13) addi t5, t5, 0x333
x30 <- 0x33333333

mem[X,0x8000159C] -> 0x6EB7
mem[X,0x8000159E] -> 0x6666
[1388] [M]: 0x8000159C (0x66666EB7) lui t4, 0x66666
x29 <- 0x66666000

mem[X,0x800015A0] -> 0x8E93
mem[X,0x800015A2] -> 0x667E
[1389] [M]: 0x800015A0 (0x667E8E93) addi t4, t4, 0x667
x29 <- 0x66666667

mem[X,0x800015A4] -> 0x0FB3
mem[X,0x800015A6] -> 0x03DF
[1390] [M]: 0x800015A4 (0x03DF0FB3) mul t6, t5, t4
x31 <- 0xB851EB85

mem[X,0x800015A8] -> 0x2E23
mem[X,0x800015AA] -> 0x35F4
[1391] [M]: 0x800015A8 (0x35F42E23) sw t6, 0x35c(fp)
mem[0x800064D4] <- 0xB851EB85

mem[X,0x800015AC] -> 0x3F37
mem[X,0x800015AE] -> 0x3333
[1392] [M]: 0x800015AC (0x33333F37) lui t5, 0x33333
x30 <- 0x33333000

mem[X,0x800015B0] -> 0x0F13
mem[X,0x800015B2] -> 0x333F
[1393] [M]: 0x800015B0 (0x333F0F13) addi t5, t5, 0x333
x30 <- 0x33333333

mem[X,0x800015B4] -> 0x5EB7
mem[X,0x800015B6] -> 0xFFFF
[1394] [M]: 0x800015B4 (0xFFFF5EB7) lui t4, -0xb
x29 <- 0xFFFF5000

mem[X,0x800015B8] -> 0x8E93
mem[X,0x800015BA] -> 0xAFDE
[1395] [M]: 0x800015B8 (0xAFDE8E93) addi t4, t4, -0x503
x29 <- 0xFFFF4AFD

mem[X,0x800015BC] -> 0x0FB3
mem[X,0x800015BE] -> 0x03DF
[1396] [M]: 0x800015BC (0x03DF0FB3) mul t6, t5, t4
x31 <- 0x33335767

mem[X,0x800015C0] -> 0x2023
mem[X,0x800015C2] -> 0x37F4
[1397] [M]: 0x800015C0 (0x37F42023) sw t6, 0x360(fp)
mem[0x800064D8] <- 0x33335767

mem[X,0x800015C4] -> 0x3F37
mem[X,0x800015C6] -> 0x3333
[1398] [M]: 0x800015C4 (0x33333F37) lui t5, 0x33333
x30 <- 0x33333000

mem[X,0x800015C8] -> 0x0F13
mem[X,0x800015CA] -> 0x333F
[1399] [M]: 0x800015C8 (0x333F0F13) addi t5, t5, 0x333
x30 <- 0x33333333

clint::tick mtime <- 0x000000000000000E
 clint timer pending at mtime 0x000000000000000E
htif::tick 0x0000000000000000
mem[X,0x800015CC] -> 0xBEB7
mem[X,0x800015CE] -> 0x0000
[1400] [M]: 0x800015CC (0x0000BEB7) lui t4, 0xb
x29 <- 0x0000B000

mem[X,0x800015D0] -> 0x8E93
mem[X,0x800015D2] -> 0x505E
[1401] [M]: 0x800015D0 (0x505E8E93) addi t4, t4, 0x505
x29 <- 0x0000B505

mem[X,0x800015D4] -> 0x0FB3
mem[X,0x800015D6] -> 0x03DF
[1402] [M]: 0x800015D4 (0x03DF0FB3) mul t6, t5, t4
x31 <- 0x33330EFF

mem[X,0x800015D8] -> 0x2223
mem[X,0x800015DA] -> 0x37F4
[1403] [M]: 0x800015D8 (0x37F42223) sw t6, 0x364(fp)
mem[0x800064DC] <- 0x33330EFF

mem[X,0x800015DC] -> 0x6F37
mem[X,0x800015DE] -> 0x6666
[1404] [M]: 0x800015DC (0x66666F37) lui t5, 0x66666
x30 <- 0x66666000

mem[X,0x800015E0] -> 0x0F13
mem[X,0x800015E2] -> 0x666F
[1405] [M]: 0x800015E0 (0x666F0F13) addi t5, t5, 0x666
x30 <- 0x66666666

mem[X,0x800015E4] -> 0x0E93
mem[X,0x800015E6] -> 0x0030
[1406] [M]: 0x800015E4 (0x00300E93) addi t4, zero, 0x3
x29 <- 0x00000003

mem[X,0x800015E8] -> 0x0FB3
mem[X,0x800015EA] -> 0x03DF
[1407] [M]: 0x800015E8 (0x03DF0FB3) mul t6, t5, t4
x31 <- 0x33333332

mem[X,0x800015EC] -> 0x2423
mem[X,0x800015EE] -> 0x37F4
[1408] [M]: 0x800015EC (0x37F42423) sw t6, 0x368(fp)
mem[0x800064E0] <- 0x33333332

mem[X,0x800015F0] -> 0x6F37
mem[X,0x800015F2] -> 0x6666
[1409] [M]: 0x800015F0 (0x66666F37) lui t5, 0x66666
x30 <- 0x66666000

mem[X,0x800015F4] -> 0x0F13
mem[X,0x800015F6] -> 0x666F
[1410] [M]: 0x800015F4 (0x666F0F13) addi t5, t5, 0x666
x30 <- 0x66666666

mem[X,0x800015F8] -> 0x5EB7
mem[X,0x800015FA] -> 0x5555
[1411] [M]: 0x800015F8 (0x55555EB7) lui t4, 0x55555
x29 <- 0x55555000

mem[X,0x800015FC] -> 0x8E93
mem[X,0x800015FE] -> 0x555E
[1412] [M]: 0x800015FC (0x555E8E93) addi t4, t4, 0x555
x29 <- 0x55555555

mem[X,0x80001600] -> 0x0FB3
mem[X,0x80001602] -> 0x03DF
[1413] [M]: 0x80001600 (0x03DF0FB3) mul t6, t5, t4
x31 <- 0xDDDDDDDE

mem[X,0x80001604] -> 0x2623
mem[X,0x80001606] -> 0x37F4
[1414] [M]: 0x80001604 (0x37F42623) sw t6, 0x36c(fp)
mem[0x800064E4] <- 0xDDDDDDDE

mem[X,0x80001608] -> 0x6F37
mem[X,0x8000160A] -> 0x6666
[1415] [M]: 0x80001608 (0x66666F37) lui t5, 0x66666
x30 <- 0x66666000

mem[X,0x8000160C] -> 0x0F13
mem[X,0x8000160E] -> 0x666F
[1416] [M]: 0x8000160C (0x666F0F13) addi t5, t5, 0x666
x30 <- 0x66666666

mem[X,0x80001610] -> 0xBEB7
mem[X,0x80001612] -> 0xAAAA
[1417] [M]: 0x80001610 (0xAAAABEB7) lui t4, -0x55555
x29 <- 0xAAAAB000

mem[X,0x80001614] -> 0x8E93
mem[X,0x80001616] -> 0xAAAE
[1418] [M]: 0x80001614 (0xAAAE8E93) addi t4, t4, -0x556
x29 <- 0xAAAAAAAA

mem[X,0x80001618] -> 0x0FB3
mem[X,0x8000161A] -> 0x03DF
[1419] [M]: 0x80001618 (0x03DF0FB3) mul t6, t5, t4
x31 <- 0xBBBBBBBC

mem[X,0x8000161C] -> 0x2823
mem[X,0x8000161E] -> 0x37F4
[1420] [M]: 0x8000161C (0x37F42823) sw t6, 0x370(fp)
mem[0x800064E8] <- 0xBBBBBBBC

mem[X,0x80001620] -> 0x6F37
mem[X,0x80001622] -> 0x6666
[1421] [M]: 0x80001620 (0x66666F37) lui t5, 0x66666
x30 <- 0x66666000

mem[X,0x80001624] -> 0x0F13
mem[X,0x80001626] -> 0x666F
[1422] [M]: 0x80001624 (0x666F0F13) addi t5, t5, 0x666
x30 <- 0x66666666

mem[X,0x80001628] -> 0x0E93
mem[X,0x8000162A] -> 0x0050
[1423] [M]: 0x80001628 (0x00500E93) addi t4, zero, 0x5
x29 <- 0x00000005

mem[X,0x8000162C] -> 0x0FB3
mem[X,0x8000162E] -> 0x03DF
[1424] [M]: 0x8000162C (0x03DF0FB3) mul t6, t5, t4
x31 <- 0xFFFFFFFE

mem[X,0x80001630] -> 0x2A23
mem[X,0x80001632] -> 0x37F4
[1425] [M]: 0x80001630 (0x37F42A23) sw t6, 0x374(fp)
mem[0x800064EC] <- 0xFFFFFFFE

mem[X,0x80001634] -> 0x6F37
mem[X,0x80001636] -> 0x6666
[1426] [M]: 0x80001634 (0x66666F37) lui t5, 0x66666
x30 <- 0x66666000

mem[X,0x80001638] -> 0x0F13
mem[X,0x8000163A] -> 0x666F
[1427] [M]: 0x80001638 (0x666F0F13) addi t5, t5, 0x666
x30 <- 0x66666666

mem[X,0x8000163C] -> 0x3EB7
mem[X,0x8000163E] -> 0x3333
[1428] [M]: 0x8000163C (0x33333EB7) lui t4, 0x33333
x29 <- 0x33333000

mem[X,0x80001640] -> 0x8E93
mem[X,0x80001642] -> 0x333E
[1429] [M]: 0x80001640 (0x333E8E93) addi t4, t4, 0x333
x29 <- 0x33333333

mem[X,0x80001644] -> 0x0FB3
mem[X,0x80001646] -> 0x03DF
[1430] [M]: 0x80001644 (0x03DF0FB3) mul t6, t5, t4
x31 <- 0x851EB852

mem[X,0x80001648] -> 0x2C23
mem[X,0x8000164A] -> 0x37F4
[1431] [M]: 0x80001648 (0x37F42C23) sw t6, 0x378(fp)
mem[0x800064F0] <- 0x851EB852

mem[X,0x8000164C] -> 0x6F37
mem[X,0x8000164E] -> 0x6666
[1432] [M]: 0x8000164C (0x66666F37) lui t5, 0x66666
x30 <- 0x66666000

mem[X,0x80001650] -> 0x0F13
mem[X,0x80001652] -> 0x666F
[1433] [M]: 0x80001650 (0x666F0F13) addi t5, t5, 0x666
x30 <- 0x66666666

mem[X,0x80001654] -> 0x6EB7
mem[X,0x80001656] -> 0x6666
[1434] [M]: 0x80001654 (0x66666EB7) lui t4, 0x66666
x29 <- 0x66666000

mem[X,0x80001658] -> 0x8E93
mem[X,0x8000165A] -> 0x666E
[1435] [M]: 0x80001658 (0x666E8E93) addi t4, t4, 0x666
x29 <- 0x66666666

mem[X,0x8000165C] -> 0x0FB3
mem[X,0x8000165E] -> 0x03DF
[1436] [M]: 0x8000165C (0x03DF0FB3) mul t6, t5, t4
x31 <- 0x0A3D70A4

mem[X,0x80001660] -> 0x2E23
mem[X,0x80001662] -> 0x37F4
[1437] [M]: 0x80001660 (0x37F42E23) sw t6, 0x37c(fp)
mem[0x800064F4] <- 0x0A3D70A4

mem[X,0x80001664] -> 0x6F37
mem[X,0x80001666] -> 0x6666
[1438] [M]: 0x80001664 (0x66666F37) lui t5, 0x66666
x30 <- 0x66666000

mem[X,0x80001668] -> 0x0F13
mem[X,0x8000166A] -> 0x666F
[1439] [M]: 0x80001668 (0x666F0F13) addi t5, t5, 0x666
x30 <- 0x66666666

mem[X,0x8000166C] -> 0x5EB7
mem[X,0x8000166E] -> 0xFFFF
[1440] [M]: 0x8000166C (0xFFFF5EB7) lui t4, -0xb
x29 <- 0xFFFF5000

mem[X,0x80001670] -> 0x8E93
mem[X,0x80001672] -> 0xAFCE
[1441] [M]: 0x80001670 (0xAFCE8E93) addi t4, t4, -0x504
x29 <- 0xFFFF4AFC

mem[X,0x80001674] -> 0x0FB3
mem[X,0x80001676] -> 0x03DF
[1442] [M]: 0x80001674 (0x03DF0FB3) mul t6, t5, t4
x31 <- 0x00004868

mem[X,0x80001678] -> 0x2023
mem[X,0x8000167A] -> 0x39F4
[1443] [M]: 0x80001678 (0x39F42023) sw t6, 0x380(fp)
mem[0x800064F8] <- 0x00004868

mem[X,0x8000167C] -> 0x6F37
mem[X,0x8000167E] -> 0x6666
[1444] [M]: 0x8000167C (0x66666F37) lui t5, 0x66666
x30 <- 0x66666000

mem[X,0x80001680] -> 0x0F13
mem[X,0x80001682] -> 0x666F
[1445] [M]: 0x80001680 (0x666F0F13) addi t5, t5, 0x666
x30 <- 0x66666666

mem[X,0x80001684] -> 0xBEB7
mem[X,0x80001686] -> 0x0000
[1446] [M]: 0x80001684 (0x0000BEB7) lui t4, 0xb
x29 <- 0x0000B000

mem[X,0x80001688] -> 0x8E93
mem[X,0x8000168A] -> 0x504E
[1447] [M]: 0x80001688 (0x504E8E93) addi t4, t4, 0x504
x29 <- 0x0000B504

mem[X,0x8000168C] -> 0x0FB3
mem[X,0x8000168E] -> 0x03DF
[1448] [M]: 0x8000168C (0x03DF0FB3) mul t6, t5, t4
x31 <- 0xFFFFB798

mem[X,0x80001690] -> 0x2223
mem[X,0x80001692] -> 0x39F4
[1449] [M]: 0x80001690 (0x39F42223) sw t6, 0x384(fp)
mem[0x800064FC] <- 0xFFFFB798

mem[X,0x80001694] -> 0x6F37
mem[X,0x80001696] -> 0x6666
[1450] [M]: 0x80001694 (0x66666F37) lui t5, 0x66666
x30 <- 0x66666000

mem[X,0x80001698] -> 0x0F13
mem[X,0x8000169A] -> 0x666F
[1451] [M]: 0x80001698 (0x666F0F13) addi t5, t5, 0x666
x30 <- 0x66666666

mem[X,0x8000169C] -> 0x0E93
mem[X,0x8000169E] -> 0x0020
[1452] [M]: 0x8000169C (0x00200E93) addi t4, zero, 0x2
x29 <- 0x00000002

mem[X,0x800016A0] -> 0x0FB3
mem[X,0x800016A2] -> 0x03DF
[1453] [M]: 0x800016A0 (0x03DF0FB3) mul t6, t5, t4
x31 <- 0xCCCCCCCC

mem[X,0x800016A4] -> 0x2423
mem[X,0x800016A6] -> 0x39F4
[1454] [M]: 0x800016A4 (0x39F42423) sw t6, 0x388(fp)
mem[0x80006500] <- 0xCCCCCCCC

mem[X,0x800016A8] -> 0x6F37
mem[X,0x800016AA] -> 0x6666
[1455] [M]: 0x800016A8 (0x66666F37) lui t5, 0x66666
x30 <- 0x66666000

mem[X,0x800016AC] -> 0x0F13
mem[X,0x800016AE] -> 0x666F
[1456] [M]: 0x800016AC (0x666F0F13) addi t5, t5, 0x666
x30 <- 0x66666666

mem[X,0x800016B0] -> 0x5EB7
mem[X,0x800016B2] -> 0x5555
[1457] [M]: 0x800016B0 (0x55555EB7) lui t4, 0x55555
x29 <- 0x55555000

mem[X,0x800016B4] -> 0x8E93
mem[X,0x800016B6] -> 0x554E
[1458] [M]: 0x800016B4 (0x554E8E93) addi t4, t4, 0x554
x29 <- 0x55555554

mem[X,0x800016B8] -> 0x0FB3
mem[X,0x800016BA] -> 0x03DF
[1459] [M]: 0x800016B8 (0x03DF0FB3) mul t6, t5, t4
x31 <- 0x77777778

mem[X,0x800016BC] -> 0x2623
mem[X,0x800016BE] -> 0x39F4
[1460] [M]: 0x800016BC (0x39F42623) sw t6, 0x38c(fp)
mem[0x80006504] <- 0x77777778

mem[X,0x800016C0] -> 0x6F37
mem[X,0x800016C2] -> 0x6666
[1461] [M]: 0x800016C0 (0x66666F37) lui t5, 0x66666
x30 <- 0x66666000

mem[X,0x800016C4] -> 0x0F13
mem[X,0x800016C6] -> 0x666F
[1462] [M]: 0x800016C4 (0x666F0F13) addi t5, t5, 0x666
x30 <- 0x66666666

mem[X,0x800016C8] -> 0x3EB7
mem[X,0x800016CA] -> 0x3333
[1463] [M]: 0x800016C8 (0x33333EB7) lui t4, 0x33333
x29 <- 0x33333000

mem[X,0x800016CC] -> 0x8E93
mem[X,0x800016CE] -> 0x332E
[1464] [M]: 0x800016CC (0x332E8E93) addi t4, t4, 0x332
x29 <- 0x33333332

mem[X,0x800016D0] -> 0x0FB3
mem[X,0x800016D2] -> 0x03DF
[1465] [M]: 0x800016D0 (0x03DF0FB3) mul t6, t5, t4
x31 <- 0x1EB851EC

mem[X,0x800016D4] -> 0x2823
mem[X,0x800016D6] -> 0x39F4
[1466] [M]: 0x800016D4 (0x39F42823) sw t6, 0x390(fp)
mem[0x80006508] <- 0x1EB851EC

mem[X,0x800016D8] -> 0x6F37
mem[X,0x800016DA] -> 0x6666
[1467] [M]: 0x800016D8 (0x66666F37) lui t5, 0x66666
x30 <- 0x66666000

mem[X,0x800016DC] -> 0x0F13
mem[X,0x800016DE] -> 0x666F
[1468] [M]: 0x800016DC (0x666F0F13) addi t5, t5, 0x666
x30 <- 0x66666666

mem[X,0x800016E0] -> 0x6EB7
mem[X,0x800016E2] -> 0x6666
[1469] [M]: 0x800016E0 (0x66666EB7) lui t4, 0x66666
x29 <- 0x66666000

mem[X,0x800016E4] -> 0x8E93
mem[X,0x800016E6] -> 0x665E
[1470] [M]: 0x800016E4 (0x665E8E93) addi t4, t4, 0x665
x29 <- 0x66666665

mem[X,0x800016E8] -> 0x0FB3
mem[X,0x800016EA] -> 0x03DF
[1471] [M]: 0x800016E8 (0x03DF0FB3) mul t6, t5, t4
x31 <- 0xA3D70A3E

mem[X,0x800016EC] -> 0x2A23
mem[X,0x800016EE] -> 0x39F4
[1472] [M]: 0x800016EC (0x39F42A23) sw t6, 0x394(fp)
mem[0x8000650C] <- 0xA3D70A3E

mem[X,0x800016F0] -> 0x6F37
mem[X,0x800016F2] -> 0x6666
[1473] [M]: 0x800016F0 (0x66666F37) lui t5, 0x66666
x30 <- 0x66666000

mem[X,0x800016F4] -> 0x0F13
mem[X,0x800016F6] -> 0x666F
[1474] [M]: 0x800016F4 (0x666F0F13) addi t5, t5, 0x666
x30 <- 0x66666666

mem[X,0x800016F8] -> 0x0E93
mem[X,0x800016FA] -> 0x0000
[1475] [M]: 0x800016F8 (0x00000E93) addi t4, zero, 0x0
x29 <- 0x00000000

mem[X,0x800016FC] -> 0x0FB3
mem[X,0x800016FE] -> 0x03DF
[1476] [M]: 0x800016FC (0x03DF0FB3) mul t6, t5, t4
x31 <- 0x00000000

mem[X,0x80001700] -> 0x2C23
mem[X,0x80001702] -> 0x39F4
[1477] [M]: 0x80001700 (0x39F42C23) sw t6, 0x398(fp)
mem[0x80006510] <- 0x00000000

mem[X,0x80001704] -> 0x6F37
mem[X,0x80001706] -> 0x6666
[1478] [M]: 0x80001704 (0x66666F37) lui t5, 0x66666
x30 <- 0x66666000

mem[X,0x80001708] -> 0x0F13
mem[X,0x8000170A] -> 0x666F
[1479] [M]: 0x80001708 (0x666F0F13) addi t5, t5, 0x666
x30 <- 0x66666666

mem[X,0x8000170C] -> 0xBEB7
mem[X,0x8000170E] -> 0x0000
[1480] [M]: 0x8000170C (0x0000BEB7) lui t4, 0xb
x29 <- 0x0000B000

mem[X,0x80001710] -> 0x8E93
mem[X,0x80001712] -> 0x503E
[1481] [M]: 0x80001710 (0x503E8E93) addi t4, t4, 0x503
x29 <- 0x0000B503

mem[X,0x80001714] -> 0x0FB3
mem[X,0x80001716] -> 0x03DF
[1482] [M]: 0x80001714 (0x03DF0FB3) mul t6, t5, t4
x31 <- 0x99995132

mem[X,0x80001718] -> 0x2E23
mem[X,0x8000171A] -> 0x39F4
[1483] [M]: 0x80001718 (0x39F42E23) sw t6, 0x39c(fp)
mem[0x80006514] <- 0x99995132

mem[X,0x8000171C] -> 0x6F37
mem[X,0x8000171E] -> 0x6666
[1484] [M]: 0x8000171C (0x66666F37) lui t5, 0x66666
x30 <- 0x66666000

mem[X,0x80001720] -> 0x0F13
mem[X,0x80001722] -> 0x666F
[1485] [M]: 0x80001720 (0x666F0F13) addi t5, t5, 0x666
x30 <- 0x66666666

mem[X,0x80001724] -> 0x0E93
mem[X,0x80001726] -> 0x0040
[1486] [M]: 0x80001724 (0x00400E93) addi t4, zero, 0x4
x29 <- 0x00000004

mem[X,0x80001728] -> 0x0FB3
mem[X,0x8000172A] -> 0x03DF
[1487] [M]: 0x80001728 (0x03DF0FB3) mul t6, t5, t4
x31 <- 0x99999998

mem[X,0x8000172C] -> 0x2023
mem[X,0x8000172E] -> 0x3BF4
[1488] [M]: 0x8000172C (0x3BF42023) sw t6, 0x3a0(fp)
mem[0x80006518] <- 0x99999998

mem[X,0x80001730] -> 0x6F37
mem[X,0x80001732] -> 0x6666
[1489] [M]: 0x80001730 (0x66666F37) lui t5, 0x66666
x30 <- 0x66666000

mem[X,0x80001734] -> 0x0F13
mem[X,0x80001736] -> 0x666F
[1490] [M]: 0x80001734 (0x666F0F13) addi t5, t5, 0x666
x30 <- 0x66666666

mem[X,0x80001738] -> 0x5EB7
mem[X,0x8000173A] -> 0x5555
[1491] [M]: 0x80001738 (0x55555EB7) lui t4, 0x55555
x29 <- 0x55555000

mem[X,0x8000173C] -> 0x8E93
mem[X,0x8000173E] -> 0x556E
[1492] [M]: 0x8000173C (0x556E8E93) addi t4, t4, 0x556
x29 <- 0x55555556

mem[X,0x80001740] -> 0x0FB3
mem[X,0x80001742] -> 0x03DF
[1493] [M]: 0x80001740 (0x03DF0FB3) mul t6, t5, t4
x31 <- 0x44444444

mem[X,0x80001744] -> 0x2223
mem[X,0x80001746] -> 0x3BF4
[1494] [M]: 0x80001744 (0x3BF42223) sw t6, 0x3a4(fp)
mem[0x8000651C] <- 0x44444444

mem[X,0x80001748] -> 0x6F37
mem[X,0x8000174A] -> 0x6666
[1495] [M]: 0x80001748 (0x66666F37) lui t5, 0x66666
x30 <- 0x66666000

mem[X,0x8000174C] -> 0x0F13
mem[X,0x8000174E] -> 0x666F
[1496] [M]: 0x8000174C (0x666F0F13) addi t5, t5, 0x666
x30 <- 0x66666666

mem[X,0x80001750] -> 0xBEB7
mem[X,0x80001752] -> 0xAAAA
[1497] [M]: 0x80001750 (0xAAAABEB7) lui t4, -0x55555
x29 <- 0xAAAAB000

mem[X,0x80001754] -> 0x8E93
mem[X,0x80001756] -> 0xAABE
[1498] [M]: 0x80001754 (0xAABE8E93) addi t4, t4, -0x555
x29 <- 0xAAAAAAAB

mem[X,0x80001758] -> 0x0FB3
mem[X,0x8000175A] -> 0x03DF
[1499] [M]: 0x80001758 (0x03DF0FB3) mul t6, t5, t4
x31 <- 0x22222222

clint::tick mtime <- 0x000000000000000F
 clint timer pending at mtime 0x000000000000000F
htif::tick 0x0000000000000000
mem[X,0x8000175C] -> 0x2423
mem[X,0x8000175E] -> 0x3BF4
[1500] [M]: 0x8000175C (0x3BF42423) sw t6, 0x3a8(fp)
mem[0x80006520] <- 0x22222222

mem[X,0x80001760] -> 0x6F37
mem[X,0x80001762] -> 0x6666
[1501] [M]: 0x80001760 (0x66666F37) lui t5, 0x66666
x30 <- 0x66666000

mem[X,0x80001764] -> 0x0F13
mem[X,0x80001766] -> 0x666F
[1502] [M]: 0x80001764 (0x666F0F13) addi t5, t5, 0x666
x30 <- 0x66666666

mem[X,0x80001768] -> 0x0E93
mem[X,0x8000176A] -> 0x0060
[1503] [M]: 0x80001768 (0x00600E93) addi t4, zero, 0x6
x29 <- 0x00000006

mem[X,0x8000176C] -> 0x0FB3
mem[X,0x8000176E] -> 0x03DF
[1504] [M]: 0x8000176C (0x03DF0FB3) mul t6, t5, t4
x31 <- 0x66666664

mem[X,0x80001770] -> 0x2623
mem[X,0x80001772] -> 0x3BF4
[1505] [M]: 0x80001770 (0x3BF42623) sw t6, 0x3ac(fp)
mem[0x80006524] <- 0x66666664

mem[X,0x80001774] -> 0x6F37
mem[X,0x80001776] -> 0x6666
[1506] [M]: 0x80001774 (0x66666F37) lui t5, 0x66666
x30 <- 0x66666000

mem[X,0x80001778] -> 0x0F13
mem[X,0x8000177A] -> 0x666F
[1507] [M]: 0x80001778 (0x666F0F13) addi t5, t5, 0x666
x30 <- 0x66666666

mem[X,0x8000177C] -> 0x3EB7
mem[X,0x8000177E] -> 0x3333
[1508] [M]: 0x8000177C (0x33333EB7) lui t4, 0x33333
x29 <- 0x33333000

mem[X,0x80001780] -> 0x8E93
mem[X,0x80001782] -> 0x334E
[1509] [M]: 0x80001780 (0x334E8E93) addi t4, t4, 0x334
x29 <- 0x33333334

mem[X,0x80001784] -> 0x0FB3
mem[X,0x80001786] -> 0x03DF
[1510] [M]: 0x80001784 (0x03DF0FB3) mul t6, t5, t4
x31 <- 0xEB851EB8

mem[X,0x80001788] -> 0x2823
mem[X,0x8000178A] -> 0x3BF4
[1511] [M]: 0x80001788 (0x3BF42823) sw t6, 0x3b0(fp)
mem[0x80006528] <- 0xEB851EB8

mem[X,0x8000178C] -> 0x6F37
mem[X,0x8000178E] -> 0x6666
[1512] [M]: 0x8000178C (0x66666F37) lui t5, 0x66666
x30 <- 0x66666000

mem[X,0x80001790] -> 0x0F13
mem[X,0x80001792] -> 0x666F
[1513] [M]: 0x80001790 (0x666F0F13) addi t5, t5, 0x666
x30 <- 0x66666666

mem[X,0x80001794] -> 0x6EB7
mem[X,0x80001796] -> 0x6666
[1514] [M]: 0x80001794 (0x66666EB7) lui t4, 0x66666
x29 <- 0x66666000

mem[X,0x80001798] -> 0x8E93
mem[X,0x8000179A] -> 0x667E
[1515] [M]: 0x80001798 (0x667E8E93) addi t4, t4, 0x667
x29 <- 0x66666667

mem[X,0x8000179C] -> 0x0FB3
mem[X,0x8000179E] -> 0x03DF
[1516] [M]: 0x8000179C (0x03DF0FB3) mul t6, t5, t4
x31 <- 0x70A3D70A

mem[X,0x800017A0] -> 0x2A23
mem[X,0x800017A2] -> 0x3BF4
[1517] [M]: 0x800017A0 (0x3BF42A23) sw t6, 0x3b4(fp)
mem[0x8000652C] <- 0x70A3D70A

mem[X,0x800017A4] -> 0x6F37
mem[X,0x800017A6] -> 0x6666
[1518] [M]: 0x800017A4 (0x66666F37) lui t5, 0x66666
x30 <- 0x66666000

mem[X,0x800017A8] -> 0x0F13
mem[X,0x800017AA] -> 0x666F
[1519] [M]: 0x800017A8 (0x666F0F13) addi t5, t5, 0x666
x30 <- 0x66666666

mem[X,0x800017AC] -> 0x5EB7
mem[X,0x800017AE] -> 0xFFFF
[1520] [M]: 0x800017AC (0xFFFF5EB7) lui t4, -0xb
x29 <- 0xFFFF5000

mem[X,0x800017B0] -> 0x8E93
mem[X,0x800017B2] -> 0xAFDE
[1521] [M]: 0x800017B0 (0xAFDE8E93) addi t4, t4, -0x503
x29 <- 0xFFFF4AFD

mem[X,0x800017B4] -> 0x0FB3
mem[X,0x800017B6] -> 0x03DF
[1522] [M]: 0x800017B4 (0x03DF0FB3) mul t6, t5, t4
x31 <- 0x6666AECE

mem[X,0x800017B8] -> 0x2C23
mem[X,0x800017BA] -> 0x3BF4
[1523] [M]: 0x800017B8 (0x3BF42C23) sw t6, 0x3b8(fp)
mem[0x80006530] <- 0x6666AECE

mem[X,0x800017BC] -> 0x6F37
mem[X,0x800017BE] -> 0x6666
[1524] [M]: 0x800017BC (0x66666F37) lui t5, 0x66666
x30 <- 0x66666000

mem[X,0x800017C0] -> 0x0F13
mem[X,0x800017C2] -> 0x666F
[1525] [M]: 0x800017C0 (0x666F0F13) addi t5, t5, 0x666
x30 <- 0x66666666

mem[X,0x800017C4] -> 0xBEB7
mem[X,0x800017C6] -> 0x0000
[1526] [M]: 0x800017C4 (0x0000BEB7) lui t4, 0xb
x29 <- 0x0000B000

mem[X,0x800017C8] -> 0x8E93
mem[X,0x800017CA] -> 0x505E
[1527] [M]: 0x800017C8 (0x505E8E93) addi t4, t4, 0x505
x29 <- 0x0000B505

mem[X,0x800017CC] -> 0x0FB3
mem[X,0x800017CE] -> 0x03DF
[1528] [M]: 0x800017CC (0x03DF0FB3) mul t6, t5, t4
x31 <- 0x66661DFE

mem[X,0x800017D0] -> 0x2E23
mem[X,0x800017D2] -> 0x3BF4
[1529] [M]: 0x800017D0 (0x3BF42E23) sw t6, 0x3bc(fp)
mem[0x80006534] <- 0x66661DFE

mem[X,0x800017D4] -> 0x5F37
mem[X,0x800017D6] -> 0xFFFF
[1530] [M]: 0x800017D4 (0xFFFF5F37) lui t5, -0xb
x30 <- 0xFFFF5000

mem[X,0x800017D8] -> 0x0F13
mem[X,0x800017DA] -> 0xAFCF
[1531] [M]: 0x800017D8 (0xAFCF0F13) addi t5, t5, -0x504
x30 <- 0xFFFF4AFC

mem[X,0x800017DC] -> 0x0E93
mem[X,0x800017DE] -> 0x0030
[1532] [M]: 0x800017DC (0x00300E93) addi t4, zero, 0x3
x29 <- 0x00000003

mem[X,0x800017E0] -> 0x0FB3
mem[X,0x800017E2] -> 0x03DF
[1533] [M]: 0x800017E0 (0x03DF0FB3) mul t6, t5, t4
x31 <- 0xFFFDE0F4

mem[X,0x800017E4] -> 0x2023
mem[X,0x800017E6] -> 0x3DF4
[1534] [M]: 0x800017E4 (0x3DF42023) sw t6, 0x3c0(fp)
mem[0x80006538] <- 0xFFFDE0F4

mem[X,0x800017E8] -> 0x5F37
mem[X,0x800017EA] -> 0xFFFF
[1535] [M]: 0x800017E8 (0xFFFF5F37) lui t5, -0xb
x30 <- 0xFFFF5000

mem[X,0x800017EC] -> 0x0F13
mem[X,0x800017EE] -> 0xAFCF
[1536] [M]: 0x800017EC (0xAFCF0F13) addi t5, t5, -0x504
x30 <- 0xFFFF4AFC

mem[X,0x800017F0] -> 0x5EB7
mem[X,0x800017F2] -> 0x5555
[1537] [M]: 0x800017F0 (0x55555EB7) lui t4, 0x55555
x29 <- 0x55555000

mem[X,0x800017F4] -> 0x8E93
mem[X,0x800017F6] -> 0x555E
[1538] [M]: 0x800017F4 (0x555E8E93) addi t4, t4, 0x555
x29 <- 0x55555555

mem[X,0x800017F8] -> 0x0FB3
mem[X,0x800017FA] -> 0x03DF
[1539] [M]: 0x800017F8 (0x03DF0FB3) mul t6, t5, t4
x31 <- 0x555591AC

mem[X,0x800017FC] -> 0x2223
mem[X,0x800017FE] -> 0x3DF4
[1540] [M]: 0x800017FC (0x3DF42223) sw t6, 0x3c4(fp)
mem[0x8000653C] <- 0x555591AC

mem[X,0x80001800] -> 0x5F37
mem[X,0x80001802] -> 0xFFFF
[1541] [M]: 0x80001800 (0xFFFF5F37) lui t5, -0xb
x30 <- 0xFFFF5000

mem[X,0x80001804] -> 0x0F13
mem[X,0x80001806] -> 0xAFCF
[1542] [M]: 0x80001804 (0xAFCF0F13) addi t5, t5, -0x504
x30 <- 0xFFFF4AFC

mem[X,0x80001808] -> 0xBEB7
mem[X,0x8000180A] -> 0xAAAA
[1543] [M]: 0x80001808 (0xAAAABEB7) lui t4, -0x55555
x29 <- 0xAAAAB000

mem[X,0x8000180C] -> 0x8E93
mem[X,0x8000180E] -> 0xAAAE
[1544] [M]: 0x8000180C (0xAAAE8E93) addi t4, t4, -0x556
x29 <- 0xAAAAAAAA

mem[X,0x80001810] -> 0x0FB3
mem[X,0x80001812] -> 0x03DF
[1545] [M]: 0x80001810 (0x03DF0FB3) mul t6, t5, t4
x31 <- 0xAAAB2358

mem[X,0x80001814] -> 0x2423
mem[X,0x80001816] -> 0x3DF4
[1546] [M]: 0x80001814 (0x3DF42423) sw t6, 0x3c8(fp)
mem[0x80006540] <- 0xAAAB2358

mem[X,0x80001818] -> 0x5F37
mem[X,0x8000181A] -> 0xFFFF
[1547] [M]: 0x80001818 (0xFFFF5F37) lui t5, -0xb
x30 <- 0xFFFF5000

mem[X,0x8000181C] -> 0x0F13
mem[X,0x8000181E] -> 0xAFCF
[1548] [M]: 0x8000181C (0xAFCF0F13) addi t5, t5, -0x504
x30 <- 0xFFFF4AFC

mem[X,0x80001820] -> 0x0E93
mem[X,0x80001822] -> 0x0050
[1549] [M]: 0x80001820 (0x00500E93) addi t4, zero, 0x5
x29 <- 0x00000005

mem[X,0x80001824] -> 0x0FB3
mem[X,0x80001826] -> 0x03DF
[1550] [M]: 0x80001824 (0x03DF0FB3) mul t6, t5, t4
x31 <- 0xFFFC76EC

mem[X,0x80001828] -> 0x2623
mem[X,0x8000182A] -> 0x3DF4
[1551] [M]: 0x80001828 (0x3DF42623) sw t6, 0x3cc(fp)
mem[0x80006544] <- 0xFFFC76EC

mem[X,0x8000182C] -> 0x5F37
mem[X,0x8000182E] -> 0xFFFF
[1552] [M]: 0x8000182C (0xFFFF5F37) lui t5, -0xb
x30 <- 0xFFFF5000

mem[X,0x80001830] -> 0x0F13
mem[X,0x80001832] -> 0xAFCF
[1553] [M]: 0x80001830 (0xAFCF0F13) addi t5, t5, -0x504
x30 <- 0xFFFF4AFC

mem[X,0x80001834] -> 0x3EB7
mem[X,0x80001836] -> 0x3333
[1554] [M]: 0x80001834 (0x33333EB7) lui t4, 0x33333
x29 <- 0x33333000

mem[X,0x80001838] -> 0x8E93
mem[X,0x8000183A] -> 0x333E
[1555] [M]: 0x80001838 (0x333E8E93) addi t4, t4, 0x333
x29 <- 0x33333333

mem[X,0x8000183C] -> 0x0FB3
mem[X,0x8000183E] -> 0x03DF
[1556] [M]: 0x8000183C (0x03DF0FB3) mul t6, t5, t4
x31 <- 0x00002434

mem[X,0x80001840] -> 0x2823
mem[X,0x80001842] -> 0x3DF4
[1557] [M]: 0x80001840 (0x3DF42823) sw t6, 0x3d0(fp)
mem[0x80006548] <- 0x00002434

mem[X,0x80001844] -> 0x5F37
mem[X,0x80001846] -> 0xFFFF
[1558] [M]: 0x80001844 (0xFFFF5F37) lui t5, -0xb
x30 <- 0xFFFF5000

mem[X,0x80001848] -> 0x0F13
mem[X,0x8000184A] -> 0xAFCF
[1559] [M]: 0x80001848 (0xAFCF0F13) addi t5, t5, -0x504
x30 <- 0xFFFF4AFC

mem[X,0x8000184C] -> 0x6EB7
mem[X,0x8000184E] -> 0x6666
[1560] [M]: 0x8000184C (0x66666EB7) lui t4, 0x66666
x29 <- 0x66666000

mem[X,0x80001850] -> 0x8E93
mem[X,0x80001852] -> 0x666E
[1561] [M]: 0x80001850 (0x666E8E93) addi t4, t4, 0x666
x29 <- 0x66666666

mem[X,0x80001854] -> 0x0FB3
mem[X,0x80001856] -> 0x03DF
[1562] [M]: 0x80001854 (0x03DF0FB3) mul t6, t5, t4
x31 <- 0x00004868

mem[X,0x80001858] -> 0x2A23
mem[X,0x8000185A] -> 0x3DF4
[1563] [M]: 0x80001858 (0x3DF42A23) sw t6, 0x3d4(fp)
mem[0x8000654C] <- 0x00004868

mem[X,0x8000185C] -> 0x5F37
mem[X,0x8000185E] -> 0xFFFF
[1564] [M]: 0x8000185C (0xFFFF5F37) lui t5, -0xb
x30 <- 0xFFFF5000

mem[X,0x80001860] -> 0x0F13
mem[X,0x80001862] -> 0xAFCF
[1565] [M]: 0x80001860 (0xAFCF0F13) addi t5, t5, -0x504
x30 <- 0xFFFF4AFC

mem[X,0x80001864] -> 0x5EB7
mem[X,0x80001866] -> 0xFFFF
[1566] [M]: 0x80001864 (0xFFFF5EB7) lui t4, -0xb
x29 <- 0xFFFF5000

mem[X,0x80001868] -> 0x8E93
mem[X,0x8000186A] -> 0xAFCE
[1567] [M]: 0x80001868 (0xAFCE8E93) addi t4, t4, -0x504
x29 <- 0xFFFF4AFC

mem[X,0x8000186C] -> 0x0FB3
mem[X,0x8000186E] -> 0x03DF
[1568] [M]: 0x8000186C (0x03DF0FB3) mul t6, t5, t4
x31 <- 0x7FFEA810

mem[X,0x80001870] -> 0x2C23
mem[X,0x80001872] -> 0x3DF4
[1569] [M]: 0x80001870 (0x3DF42C23) sw t6, 0x3d8(fp)
mem[0x80006550] <- 0x7FFEA810

mem[X,0x80001874] -> 0x5F37
mem[X,0x80001876] -> 0xFFFF
[1570] [M]: 0x80001874 (0xFFFF5F37) lui t5, -0xb
x30 <- 0xFFFF5000

mem[X,0x80001878] -> 0x0F13
mem[X,0x8000187A] -> 0xAFCF
[1571] [M]: 0x80001878 (0xAFCF0F13) addi t5, t5, -0x504
x30 <- 0xFFFF4AFC

mem[X,0x8000187C] -> 0xBEB7
mem[X,0x8000187E] -> 0x0000
[1572] [M]: 0x8000187C (0x0000BEB7) lui t4, 0xb
x29 <- 0x0000B000

mem[X,0x80001880] -> 0x8E93
mem[X,0x80001882] -> 0x504E
[1573] [M]: 0x80001880 (0x504E8E93) addi t4, t4, 0x504
x29 <- 0x0000B504

mem[X,0x80001884] -> 0x0FB3
mem[X,0x80001886] -> 0x03DF
[1574] [M]: 0x80001884 (0x03DF0FB3) mul t6, t5, t4
x31 <- 0x800157F0

mem[X,0x80001888] -> 0x2E23
mem[X,0x8000188A] -> 0x3DF4
[1575] [M]: 0x80001888 (0x3DF42E23) sw t6, 0x3dc(fp)
mem[0x80006554] <- 0x800157F0

mem[X,0x8000188C] -> 0x5F37
mem[X,0x8000188E] -> 0xFFFF
[1576] [M]: 0x8000188C (0xFFFF5F37) lui t5, -0xb
x30 <- 0xFFFF5000

mem[X,0x80001890] -> 0x0F13
mem[X,0x80001892] -> 0xAFCF
[1577] [M]: 0x80001890 (0xAFCF0F13) addi t5, t5, -0x504
x30 <- 0xFFFF4AFC

mem[X,0x80001894] -> 0x0E93
mem[X,0x80001896] -> 0x0020
[1578] [M]: 0x80001894 (0x00200E93) addi t4, zero, 0x2
x29 <- 0x00000002

mem[X,0x80001898] -> 0x0FB3
mem[X,0x8000189A] -> 0x03DF
[1579] [M]: 0x80001898 (0x03DF0FB3) mul t6, t5, t4
x31 <- 0xFFFE95F8

mem[X,0x8000189C] -> 0x2023
mem[X,0x8000189E] -> 0x3FF4
[1580] [M]: 0x8000189C (0x3FF42023) sw t6, 0x3e0(fp)
mem[0x80006558] <- 0xFFFE95F8

mem[X,0x800018A0] -> 0x5F37
mem[X,0x800018A2] -> 0xFFFF
[1581] [M]: 0x800018A0 (0xFFFF5F37) lui t5, -0xb
x30 <- 0xFFFF5000

mem[X,0x800018A4] -> 0x0F13
mem[X,0x800018A6] -> 0xAFCF
[1582] [M]: 0x800018A4 (0xAFCF0F13) addi t5, t5, -0x504
x30 <- 0xFFFF4AFC

mem[X,0x800018A8] -> 0x5EB7
mem[X,0x800018AA] -> 0x5555
[1583] [M]: 0x800018A8 (0x55555EB7) lui t4, 0x55555
x29 <- 0x55555000

mem[X,0x800018AC] -> 0x8E93
mem[X,0x800018AE] -> 0x554E
[1584] [M]: 0x800018AC (0x554E8E93) addi t4, t4, 0x554
x29 <- 0x55555554

mem[X,0x800018B0] -> 0x0FB3
mem[X,0x800018B2] -> 0x03DF
[1585] [M]: 0x800018B0 (0x03DF0FB3) mul t6, t5, t4
x31 <- 0x555646B0

mem[X,0x800018B4] -> 0x2223
mem[X,0x800018B6] -> 0x3FF4
[1586] [M]: 0x800018B4 (0x3FF42223) sw t6, 0x3e4(fp)
mem[0x8000655C] <- 0x555646B0

mem[X,0x800018B8] -> 0x5F37
mem[X,0x800018BA] -> 0xFFFF
[1587] [M]: 0x800018B8 (0xFFFF5F37) lui t5, -0xb
x30 <- 0xFFFF5000

mem[X,0x800018BC] -> 0x0F13
mem[X,0x800018BE] -> 0xAFCF
[1588] [M]: 0x800018BC (0xAFCF0F13) addi t5, t5, -0x504
x30 <- 0xFFFF4AFC

mem[X,0x800018C0] -> 0x3EB7
mem[X,0x800018C2] -> 0x3333
[1589] [M]: 0x800018C0 (0x33333EB7) lui t4, 0x33333
x29 <- 0x33333000

mem[X,0x800018C4] -> 0x8E93
mem[X,0x800018C6] -> 0x332E
[1590] [M]: 0x800018C4 (0x332E8E93) addi t4, t4, 0x332
x29 <- 0x33333332

mem[X,0x800018C8] -> 0x0FB3
mem[X,0x800018CA] -> 0x03DF
[1591] [M]: 0x800018C8 (0x03DF0FB3) mul t6, t5, t4
x31 <- 0x0000D938

mem[X,0x800018CC] -> 0x2423
mem[X,0x800018CE] -> 0x3FF4
[1592] [M]: 0x800018CC (0x3FF42423) sw t6, 0x3e8(fp)
mem[0x80006560] <- 0x0000D938

mem[X,0x800018D0] -> 0x5F37
mem[X,0x800018D2] -> 0xFFFF
[1593] [M]: 0x800018D0 (0xFFFF5F37) lui t5, -0xb
x30 <- 0xFFFF5000

mem[X,0x800018D4] -> 0x0F13
mem[X,0x800018D6] -> 0xAFCF
[1594] [M]: 0x800018D4 (0xAFCF0F13) addi t5, t5, -0x504
x30 <- 0xFFFF4AFC

mem[X,0x800018D8] -> 0x6EB7
mem[X,0x800018DA] -> 0x6666
[1595] [M]: 0x800018D8 (0x66666EB7) lui t4, 0x66666
x29 <- 0x66666000

mem[X,0x800018DC] -> 0x8E93
mem[X,0x800018DE] -> 0x665E
[1596] [M]: 0x800018DC (0x665E8E93) addi t4, t4, 0x665
x29 <- 0x66666665

mem[X,0x800018E0] -> 0x0FB3
mem[X,0x800018E2] -> 0x03DF
[1597] [M]: 0x800018E0 (0x03DF0FB3) mul t6, t5, t4
x31 <- 0x0000FD6C

mem[X,0x800018E4] -> 0x2623
mem[X,0x800018E6] -> 0x3FF4
[1598] [M]: 0x800018E4 (0x3FF42623) sw t6, 0x3ec(fp)
mem[0x80006564] <- 0x0000FD6C

mem[X,0x800018E8] -> 0x5F37
mem[X,0x800018EA] -> 0xFFFF
[1599] [M]: 0x800018E8 (0xFFFF5F37) lui t5, -0xb
x30 <- 0xFFFF5000

clint::tick mtime <- 0x0000000000000010
 clint timer pending at mtime 0x0000000000000010
htif::tick 0x0000000000000000
mem[X,0x800018EC] -> 0x0F13
mem[X,0x800018EE] -> 0xAFCF
[1600] [M]: 0x800018EC (0xAFCF0F13) addi t5, t5, -0x504
x30 <- 0xFFFF4AFC

mem[X,0x800018F0] -> 0x0E93
mem[X,0x800018F2] -> 0x0000
[1601] [M]: 0x800018F0 (0x00000E93) addi t4, zero, 0x0
x29 <- 0x00000000

mem[X,0x800018F4] -> 0x0FB3
mem[X,0x800018F6] -> 0x03DF
[1602] [M]: 0x800018F4 (0x03DF0FB3) mul t6, t5, t4
x31 <- 0x00000000

mem[X,0x800018F8] -> 0x2823
mem[X,0x800018FA] -> 0x3FF4
[1603] [M]: 0x800018F8 (0x3FF42823) sw t6, 0x3f0(fp)
mem[0x80006568] <- 0x00000000

mem[X,0x800018FC] -> 0x5F37
mem[X,0x800018FE] -> 0xFFFF
[1604] [M]: 0x800018FC (0xFFFF5F37) lui t5, -0xb
x30 <- 0xFFFF5000

mem[X,0x80001900] -> 0x0F13
mem[X,0x80001902] -> 0xAFCF
[1605] [M]: 0x80001900 (0xAFCF0F13) addi t5, t5, -0x504
x30 <- 0xFFFF4AFC

mem[X,0x80001904] -> 0xBEB7
mem[X,0x80001906] -> 0x0000
[1606] [M]: 0x80001904 (0x0000BEB7) lui t4, 0xb
x29 <- 0x0000B000

mem[X,0x80001908] -> 0x8E93
mem[X,0x8000190A] -> 0x503E
[1607] [M]: 0x80001908 (0x503E8E93) addi t4, t4, 0x503
x29 <- 0x0000B503

mem[X,0x8000190C] -> 0x0FB3
mem[X,0x8000190E] -> 0x03DF
[1608] [M]: 0x8000190C (0x03DF0FB3) mul t6, t5, t4
x31 <- 0x80020CF4

mem[X,0x80001910] -> 0x2A23
mem[X,0x80001912] -> 0x3FF4
[1609] [M]: 0x80001910 (0x3FF42A23) sw t6, 0x3f4(fp)
mem[0x8000656C] <- 0x80020CF4

mem[X,0x80001914] -> 0x5F37
mem[X,0x80001916] -> 0xFFFF
[1610] [M]: 0x80001914 (0xFFFF5F37) lui t5, -0xb
x30 <- 0xFFFF5000

mem[X,0x80001918] -> 0x0F13
mem[X,0x8000191A] -> 0xAFCF
[1611] [M]: 0x80001918 (0xAFCF0F13) addi t5, t5, -0x504
x30 <- 0xFFFF4AFC

mem[X,0x8000191C] -> 0x0E93
mem[X,0x8000191E] -> 0x0040
[1612] [M]: 0x8000191C (0x00400E93) addi t4, zero, 0x4
x29 <- 0x00000004

mem[X,0x80001920] -> 0x0FB3
mem[X,0x80001922] -> 0x03DF
[1613] [M]: 0x80001920 (0x03DF0FB3) mul t6, t5, t4
x31 <- 0xFFFD2BF0

mem[X,0x80001924] -> 0x2C23
mem[X,0x80001926] -> 0x3FF4
[1614] [M]: 0x80001924 (0x3FF42C23) sw t6, 0x3f8(fp)
mem[0x80006570] <- 0xFFFD2BF0

mem[X,0x80001928] -> 0x5F37
mem[X,0x8000192A] -> 0xFFFF
[1615] [M]: 0x80001928 (0xFFFF5F37) lui t5, -0xb
x30 <- 0xFFFF5000

mem[X,0x8000192C] -> 0x0F13
mem[X,0x8000192E] -> 0xAFCF
[1616] [M]: 0x8000192C (0xAFCF0F13) addi t5, t5, -0x504
x30 <- 0xFFFF4AFC

mem[X,0x80001930] -> 0x5EB7
mem[X,0x80001932] -> 0x5555
[1617] [M]: 0x80001930 (0x55555EB7) lui t4, 0x55555
x29 <- 0x55555000

mem[X,0x80001934] -> 0x8E93
mem[X,0x80001936] -> 0x556E
[1618] [M]: 0x80001934 (0x556E8E93) addi t4, t4, 0x556
x29 <- 0x55555556

mem[X,0x80001938] -> 0x0FB3
mem[X,0x8000193A] -> 0x03DF
[1619] [M]: 0x80001938 (0x03DF0FB3) mul t6, t5, t4
x31 <- 0x5554DCA8

mem[X,0x8000193C] -> 0x2E23
mem[X,0x8000193E] -> 0x3FF4
[1620] [M]: 0x8000193C (0x3FF42E23) sw t6, 0x3fc(fp)
mem[0x80006574] <- 0x5554DCA8

mem[X,0x80001940] -> 0x5417
mem[X,0x80001942] -> 0x0000
[1621] [M]: 0x80001940 (0x00005417) auipc fp, 0x5
x8 <- 0x80006940

mem[X,0x80001944] -> 0x0413
mem[X,0x80001946] -> 0xC384
[1622] [M]: 0x80001944 (0xC3840413) addi fp, fp, -0x3c8
x8 <- 0x80006578

mem[X,0x80001948] -> 0x0013
mem[X,0x8000194A] -> 0x0000
[1623] [M]: 0x80001948 (0x00000013) addi zero, zero, 0x0

mem[X,0x8000194C] -> 0x0013
mem[X,0x8000194E] -> 0x0000
[1624] [M]: 0x8000194C (0x00000013) addi zero, zero, 0x0

mem[X,0x80001950] -> 0x0013
mem[X,0x80001952] -> 0x0000
[1625] [M]: 0x80001950 (0x00000013) addi zero, zero, 0x0

mem[X,0x80001954] -> 0x0013
mem[X,0x80001956] -> 0x0000
[1626] [M]: 0x80001954 (0x00000013) addi zero, zero, 0x0

mem[X,0x80001958] -> 0x0013
mem[X,0x8000195A] -> 0x0000
[1627] [M]: 0x80001958 (0x00000013) addi zero, zero, 0x0

mem[X,0x8000195C] -> 0x0013
mem[X,0x8000195E] -> 0x0000
[1628] [M]: 0x8000195C (0x00000013) addi zero, zero, 0x0

mem[X,0x80001960] -> 0x5F37
mem[X,0x80001962] -> 0xFFFF
[1629] [M]: 0x80001960 (0xFFFF5F37) lui t5, -0xb
x30 <- 0xFFFF5000

mem[X,0x80001964] -> 0x0F13
mem[X,0x80001966] -> 0xAFCF
[1630] [M]: 0x80001964 (0xAFCF0F13) addi t5, t5, -0x504
x30 <- 0xFFFF4AFC

mem[X,0x80001968] -> 0xBEB7
mem[X,0x8000196A] -> 0xAAAA
[1631] [M]: 0x80001968 (0xAAAABEB7) lui t4, -0x55555
x29 <- 0xAAAAB000

mem[X,0x8000196C] -> 0x8E93
mem[X,0x8000196E] -> 0xAABE
[1632] [M]: 0x8000196C (0xAABE8E93) addi t4, t4, -0x555
x29 <- 0xAAAAAAAB

mem[X,0x80001970] -> 0x0FB3
mem[X,0x80001972] -> 0x03DF
[1633] [M]: 0x80001970 (0x03DF0FB3) mul t6, t5, t4
x31 <- 0xAAAA6E54

mem[X,0x80001974] -> 0x2023
mem[X,0x80001976] -> 0x01F4
[1634] [M]: 0x80001974 (0x01F42023) sw t6, 0x0(fp)
mem[0x80006578] <- 0xAAAA6E54

mem[X,0x80001978] -> 0x5F37
mem[X,0x8000197A] -> 0xFFFF
[1635] [M]: 0x80001978 (0xFFFF5F37) lui t5, -0xb
x30 <- 0xFFFF5000

mem[X,0x8000197C] -> 0x0F13
mem[X,0x8000197E] -> 0xAFCF
[1636] [M]: 0x8000197C (0xAFCF0F13) addi t5, t5, -0x504
x30 <- 0xFFFF4AFC

mem[X,0x80001980] -> 0x0E93
mem[X,0x80001982] -> 0x0060
[1637] [M]: 0x80001980 (0x00600E93) addi t4, zero, 0x6
x29 <- 0x00000006

mem[X,0x80001984] -> 0x0FB3
mem[X,0x80001986] -> 0x03DF
[1638] [M]: 0x80001984 (0x03DF0FB3) mul t6, t5, t4
x31 <- 0xFFFBC1E8

mem[X,0x80001988] -> 0x2223
mem[X,0x8000198A] -> 0x01F4
[1639] [M]: 0x80001988 (0x01F42223) sw t6, 0x4(fp)
mem[0x8000657C] <- 0xFFFBC1E8

mem[X,0x8000198C] -> 0x5F37
mem[X,0x8000198E] -> 0xFFFF
[1640] [M]: 0x8000198C (0xFFFF5F37) lui t5, -0xb
x30 <- 0xFFFF5000

mem[X,0x80001990] -> 0x0F13
mem[X,0x80001992] -> 0xAFCF
[1641] [M]: 0x80001990 (0xAFCF0F13) addi t5, t5, -0x504
x30 <- 0xFFFF4AFC

mem[X,0x80001994] -> 0x3EB7
mem[X,0x80001996] -> 0x3333
[1642] [M]: 0x80001994 (0x33333EB7) lui t4, 0x33333
x29 <- 0x33333000

mem[X,0x80001998] -> 0x8E93
mem[X,0x8000199A] -> 0x334E
[1643] [M]: 0x80001998 (0x334E8E93) addi t4, t4, 0x334
x29 <- 0x33333334

mem[X,0x8000199C] -> 0x0FB3
mem[X,0x8000199E] -> 0x03DF
[1644] [M]: 0x8000199C (0x03DF0FB3) mul t6, t5, t4
x31 <- 0xFFFF6F30

mem[X,0x800019A0] -> 0x2423
mem[X,0x800019A2] -> 0x01F4
[1645] [M]: 0x800019A0 (0x01F42423) sw t6, 0x8(fp)
mem[0x80006580] <- 0xFFFF6F30

mem[X,0x800019A4] -> 0x5F37
mem[X,0x800019A6] -> 0xFFFF
[1646] [M]: 0x800019A4 (0xFFFF5F37) lui t5, -0xb
x30 <- 0xFFFF5000

mem[X,0x800019A8] -> 0x0F13
mem[X,0x800019AA] -> 0xAFCF
[1647] [M]: 0x800019A8 (0xAFCF0F13) addi t5, t5, -0x504
x30 <- 0xFFFF4AFC

mem[X,0x800019AC] -> 0x6EB7
mem[X,0x800019AE] -> 0x6666
[1648] [M]: 0x800019AC (0x66666EB7) lui t4, 0x66666
x29 <- 0x66666000

mem[X,0x800019B0] -> 0x8E93
mem[X,0x800019B2] -> 0x667E
[1649] [M]: 0x800019B0 (0x667E8E93) addi t4, t4, 0x667
x29 <- 0x66666667

mem[X,0x800019B4] -> 0x0FB3
mem[X,0x800019B6] -> 0x03DF
[1650] [M]: 0x800019B4 (0x03DF0FB3) mul t6, t5, t4
x31 <- 0xFFFF9364

mem[X,0x800019B8] -> 0x2623
mem[X,0x800019BA] -> 0x01F4
[1651] [M]: 0x800019B8 (0x01F42623) sw t6, 0xc(fp)
mem[0x80006584] <- 0xFFFF9364

mem[X,0x800019BC] -> 0x5F37
mem[X,0x800019BE] -> 0xFFFF
[1652] [M]: 0x800019BC (0xFFFF5F37) lui t5, -0xb
x30 <- 0xFFFF5000

mem[X,0x800019C0] -> 0x0F13
mem[X,0x800019C2] -> 0xAFCF
[1653] [M]: 0x800019C0 (0xAFCF0F13) addi t5, t5, -0x504
x30 <- 0xFFFF4AFC

mem[X,0x800019C4] -> 0x5EB7
mem[X,0x800019C6] -> 0xFFFF
[1654] [M]: 0x800019C4 (0xFFFF5EB7) lui t4, -0xb
x29 <- 0xFFFF5000

mem[X,0x800019C8] -> 0x8E93
mem[X,0x800019CA] -> 0xAFDE
[1655] [M]: 0x800019C8 (0xAFDE8E93) addi t4, t4, -0x503
x29 <- 0xFFFF4AFD

mem[X,0x800019CC] -> 0x0FB3
mem[X,0x800019CE] -> 0x03DF
[1656] [M]: 0x800019CC (0x03DF0FB3) mul t6, t5, t4
x31 <- 0x7FFDF30C

mem[X,0x800019D0] -> 0x2823
mem[X,0x800019D2] -> 0x01F4
[1657] [M]: 0x800019D0 (0x01F42823) sw t6, 0x10(fp)
mem[0x80006588] <- 0x7FFDF30C

mem[X,0x800019D4] -> 0x5F37
mem[X,0x800019D6] -> 0xFFFF
[1658] [M]: 0x800019D4 (0xFFFF5F37) lui t5, -0xb
x30 <- 0xFFFF5000

mem[X,0x800019D8] -> 0x0F13
mem[X,0x800019DA] -> 0xAFCF
[1659] [M]: 0x800019D8 (0xAFCF0F13) addi t5, t5, -0x504
x30 <- 0xFFFF4AFC

mem[X,0x800019DC] -> 0xBEB7
mem[X,0x800019DE] -> 0x0000
[1660] [M]: 0x800019DC (0x0000BEB7) lui t4, 0xb
x29 <- 0x0000B000

mem[X,0x800019E0] -> 0x8E93
mem[X,0x800019E2] -> 0x505E
[1661] [M]: 0x800019E0 (0x505E8E93) addi t4, t4, 0x505
x29 <- 0x0000B505

mem[X,0x800019E4] -> 0x0FB3
mem[X,0x800019E6] -> 0x03DF
[1662] [M]: 0x800019E4 (0x03DF0FB3) mul t6, t5, t4
x31 <- 0x8000A2EC

mem[X,0x800019E8] -> 0x2A23
mem[X,0x800019EA] -> 0x01F4
[1663] [M]: 0x800019E8 (0x01F42A23) sw t6, 0x14(fp)
mem[0x8000658C] <- 0x8000A2EC

mem[X,0x800019EC] -> 0xBF37
mem[X,0x800019EE] -> 0x0000
[1664] [M]: 0x800019EC (0x0000BF37) lui t5, 0xb
x30 <- 0x0000B000

mem[X,0x800019F0] -> 0x0F13
mem[X,0x800019F2] -> 0x504F
[1665] [M]: 0x800019F0 (0x504F0F13) addi t5, t5, 0x504
x30 <- 0x0000B504

mem[X,0x800019F4] -> 0x0E93
mem[X,0x800019F6] -> 0x0030
[1666] [M]: 0x800019F4 (0x00300E93) addi t4, zero, 0x3
x29 <- 0x00000003

mem[X,0x800019F8] -> 0x0FB3
mem[X,0x800019FA] -> 0x03DF
[1667] [M]: 0x800019F8 (0x03DF0FB3) mul t6, t5, t4
x31 <- 0x00021F0C

mem[X,0x800019FC] -> 0x2C23
mem[X,0x800019FE] -> 0x01F4
[1668] [M]: 0x800019FC (0x01F42C23) sw t6, 0x18(fp)
mem[0x80006590] <- 0x00021F0C

mem[X,0x80001A00] -> 0xBF37
mem[X,0x80001A02] -> 0x0000
[1669] [M]: 0x80001A00 (0x0000BF37) lui t5, 0xb
x30 <- 0x0000B000

mem[X,0x80001A04] -> 0x0F13
mem[X,0x80001A06] -> 0x504F
[1670] [M]: 0x80001A04 (0x504F0F13) addi t5, t5, 0x504
x30 <- 0x0000B504

mem[X,0x80001A08] -> 0x5EB7
mem[X,0x80001A0A] -> 0x5555
[1671] [M]: 0x80001A08 (0x55555EB7) lui t4, 0x55555
x29 <- 0x55555000

mem[X,0x80001A0C] -> 0x8E93
mem[X,0x80001A0E] -> 0x555E
[1672] [M]: 0x80001A0C (0x555E8E93) addi t4, t4, 0x555
x29 <- 0x55555555

mem[X,0x80001A10] -> 0x0FB3
mem[X,0x80001A12] -> 0x03DF
[1673] [M]: 0x80001A10 (0x03DF0FB3) mul t6, t5, t4
x31 <- 0xAAAA6E54

mem[X,0x80001A14] -> 0x2E23
mem[X,0x80001A16] -> 0x01F4
[1674] [M]: 0x80001A14 (0x01F42E23) sw t6, 0x1c(fp)
mem[0x80006594] <- 0xAAAA6E54

mem[X,0x80001A18] -> 0xBF37
mem[X,0x80001A1A] -> 0x0000
[1675] [M]: 0x80001A18 (0x0000BF37) lui t5, 0xb
x30 <- 0x0000B000

mem[X,0x80001A1C] -> 0x0F13
mem[X,0x80001A1E] -> 0x504F
[1676] [M]: 0x80001A1C (0x504F0F13) addi t5, t5, 0x504
x30 <- 0x0000B504

mem[X,0x80001A20] -> 0xBEB7
mem[X,0x80001A22] -> 0xAAAA
[1677] [M]: 0x80001A20 (0xAAAABEB7) lui t4, -0x55555
x29 <- 0xAAAAB000

mem[X,0x80001A24] -> 0x8E93
mem[X,0x80001A26] -> 0xAAAE
[1678] [M]: 0x80001A24 (0xAAAE8E93) addi t4, t4, -0x556
x29 <- 0xAAAAAAAA

mem[X,0x80001A28] -> 0x0FB3
mem[X,0x80001A2A] -> 0x03DF
[1679] [M]: 0x80001A28 (0x03DF0FB3) mul t6, t5, t4
x31 <- 0x5554DCA8

mem[X,0x80001A2C] -> 0x2023
mem[X,0x80001A2E] -> 0x03F4
[1680] [M]: 0x80001A2C (0x03F42023) sw t6, 0x20(fp)
mem[0x80006598] <- 0x5554DCA8

mem[X,0x80001A30] -> 0xBF37
mem[X,0x80001A32] -> 0x0000
[1681] [M]: 0x80001A30 (0x0000BF37) lui t5, 0xb
x30 <- 0x0000B000

mem[X,0x80001A34] -> 0x0F13
mem[X,0x80001A36] -> 0x504F
[1682] [M]: 0x80001A34 (0x504F0F13) addi t5, t5, 0x504
x30 <- 0x0000B504

mem[X,0x80001A38] -> 0x0E93
mem[X,0x80001A3A] -> 0x0050
[1683] [M]: 0x80001A38 (0x00500E93) addi t4, zero, 0x5
x29 <- 0x00000005

mem[X,0x80001A3C] -> 0x0FB3
mem[X,0x80001A3E] -> 0x03DF
[1684] [M]: 0x80001A3C (0x03DF0FB3) mul t6, t5, t4
x31 <- 0x00038914

mem[X,0x80001A40] -> 0x2223
mem[X,0x80001A42] -> 0x03F4
[1685] [M]: 0x80001A40 (0x03F42223) sw t6, 0x24(fp)
mem[0x8000659C] <- 0x00038914

mem[X,0x80001A44] -> 0xBF37
mem[X,0x80001A46] -> 0x0000
[1686] [M]: 0x80001A44 (0x0000BF37) lui t5, 0xb
x30 <- 0x0000B000

mem[X,0x80001A48] -> 0x0F13
mem[X,0x80001A4A] -> 0x504F
[1687] [M]: 0x80001A48 (0x504F0F13) addi t5, t5, 0x504
x30 <- 0x0000B504

mem[X,0x80001A4C] -> 0x3EB7
mem[X,0x80001A4E] -> 0x3333
[1688] [M]: 0x80001A4C (0x33333EB7) lui t4, 0x33333
x29 <- 0x33333000

mem[X,0x80001A50] -> 0x8E93
mem[X,0x80001A52] -> 0x333E
[1689] [M]: 0x80001A50 (0x333E8E93) addi t4, t4, 0x333
x29 <- 0x33333333

mem[X,0x80001A54] -> 0x0FB3
mem[X,0x80001A56] -> 0x03DF
[1690] [M]: 0x80001A54 (0x03DF0FB3) mul t6, t5, t4
x31 <- 0xFFFFDBCC

mem[X,0x80001A58] -> 0x2423
mem[X,0x80001A5A] -> 0x03F4
[1691] [M]: 0x80001A58 (0x03F42423) sw t6, 0x28(fp)
mem[0x800065A0] <- 0xFFFFDBCC

mem[X,0x80001A5C] -> 0xBF37
mem[X,0x80001A5E] -> 0x0000
[1692] [M]: 0x80001A5C (0x0000BF37) lui t5, 0xb
x30 <- 0x0000B000

mem[X,0x80001A60] -> 0x0F13
mem[X,0x80001A62] -> 0x504F
[1693] [M]: 0x80001A60 (0x504F0F13) addi t5, t5, 0x504
x30 <- 0x0000B504

mem[X,0x80001A64] -> 0x6EB7
mem[X,0x80001A66] -> 0x6666
[1694] [M]: 0x80001A64 (0x66666EB7) lui t4, 0x66666
x29 <- 0x66666000

mem[X,0x80001A68] -> 0x8E93
mem[X,0x80001A6A] -> 0x666E
[1695] [M]: 0x80001A68 (0x666E8E93) addi t4, t4, 0x666
x29 <- 0x66666666

mem[X,0x80001A6C] -> 0x0FB3
mem[X,0x80001A6E] -> 0x03DF
[1696] [M]: 0x80001A6C (0x03DF0FB3) mul t6, t5, t4
x31 <- 0xFFFFB798

mem[X,0x80001A70] -> 0x2623
mem[X,0x80001A72] -> 0x03F4
[1697] [M]: 0x80001A70 (0x03F42623) sw t6, 0x2c(fp)
mem[0x800065A4] <- 0xFFFFB798

mem[X,0x80001A74] -> 0xBF37
mem[X,0x80001A76] -> 0x0000
[1698] [M]: 0x80001A74 (0x0000BF37) lui t5, 0xb
x30 <- 0x0000B000

mem[X,0x80001A78] -> 0x0F13
mem[X,0x80001A7A] -> 0x504F
[1699] [M]: 0x80001A78 (0x504F0F13) addi t5, t5, 0x504
x30 <- 0x0000B504

clint::tick mtime <- 0x0000000000000011
 clint timer pending at mtime 0x0000000000000011
htif::tick 0x0000000000000000
mem[X,0x80001A7C] -> 0x5EB7
mem[X,0x80001A7E] -> 0xFFFF
[1700] [M]: 0x80001A7C (0xFFFF5EB7) lui t4, -0xb
x29 <- 0xFFFF5000

mem[X,0x80001A80] -> 0x8E93
mem[X,0x80001A82] -> 0xAFCE
[1701] [M]: 0x80001A80 (0xAFCE8E93) addi t4, t4, -0x504
x29 <- 0xFFFF4AFC

mem[X,0x80001A84] -> 0x0FB3
mem[X,0x80001A86] -> 0x03DF
[1702] [M]: 0x80001A84 (0x03DF0FB3) mul t6, t5, t4
x31 <- 0x800157F0

mem[X,0x80001A88] -> 0x2823
mem[X,0x80001A8A] -> 0x03F4
[1703] [M]: 0x80001A88 (0x03F42823) sw t6, 0x30(fp)
mem[0x800065A8] <- 0x800157F0

mem[X,0x80001A8C] -> 0xBF37
mem[X,0x80001A8E] -> 0x0000
[1704] [M]: 0x80001A8C (0x0000BF37) lui t5, 0xb
x30 <- 0x0000B000

mem[X,0x80001A90] -> 0x0F13
mem[X,0x80001A92] -> 0x504F
[1705] [M]: 0x80001A90 (0x504F0F13) addi t5, t5, 0x504
x30 <- 0x0000B504

mem[X,0x80001A94] -> 0xBEB7
mem[X,0x80001A96] -> 0x0000
[1706] [M]: 0x80001A94 (0x0000BEB7) lui t4, 0xb
x29 <- 0x0000B000

mem[X,0x80001A98] -> 0x8E93
mem[X,0x80001A9A] -> 0x504E
[1707] [M]: 0x80001A98 (0x504E8E93) addi t4, t4, 0x504
x29 <- 0x0000B504

mem[X,0x80001A9C] -> 0x0FB3
mem[X,0x80001A9E] -> 0x03DF
[1708] [M]: 0x80001A9C (0x03DF0FB3) mul t6, t5, t4
x31 <- 0x7FFEA810

mem[X,0x80001AA0] -> 0x2A23
mem[X,0x80001AA2] -> 0x03F4
[1709] [M]: 0x80001AA0 (0x03F42A23) sw t6, 0x34(fp)
mem[0x800065AC] <- 0x7FFEA810

mem[X,0x80001AA4] -> 0xBF37
mem[X,0x80001AA6] -> 0x0000
[1710] [M]: 0x80001AA4 (0x0000BF37) lui t5, 0xb
x30 <- 0x0000B000

mem[X,0x80001AA8] -> 0x0F13
mem[X,0x80001AAA] -> 0x504F
[1711] [M]: 0x80001AA8 (0x504F0F13) addi t5, t5, 0x504
x30 <- 0x0000B504

mem[X,0x80001AAC] -> 0x0E93
mem[X,0x80001AAE] -> 0x0020
[1712] [M]: 0x80001AAC (0x00200E93) addi t4, zero, 0x2
x29 <- 0x00000002

mem[X,0x80001AB0] -> 0x0FB3
mem[X,0x80001AB2] -> 0x03DF
[1713] [M]: 0x80001AB0 (0x03DF0FB3) mul t6, t5, t4
x31 <- 0x00016A08

mem[X,0x80001AB4] -> 0x2C23
mem[X,0x80001AB6] -> 0x03F4
[1714] [M]: 0x80001AB4 (0x03F42C23) sw t6, 0x38(fp)
mem[0x800065B0] <- 0x00016A08

mem[X,0x80001AB8] -> 0xBF37
mem[X,0x80001ABA] -> 0x0000
[1715] [M]: 0x80001AB8 (0x0000BF37) lui t5, 0xb
x30 <- 0x0000B000

mem[X,0x80001ABC] -> 0x0F13
mem[X,0x80001ABE] -> 0x504F
[1716] [M]: 0x80001ABC (0x504F0F13) addi t5, t5, 0x504
x30 <- 0x0000B504

mem[X,0x80001AC0] -> 0x5EB7
mem[X,0x80001AC2] -> 0x5555
[1717] [M]: 0x80001AC0 (0x55555EB7) lui t4, 0x55555
x29 <- 0x55555000

mem[X,0x80001AC4] -> 0x8E93
mem[X,0x80001AC6] -> 0x554E
[1718] [M]: 0x80001AC4 (0x554E8E93) addi t4, t4, 0x554
x29 <- 0x55555554

mem[X,0x80001AC8] -> 0x0FB3
mem[X,0x80001ACA] -> 0x03DF
[1719] [M]: 0x80001AC8 (0x03DF0FB3) mul t6, t5, t4
x31 <- 0xAAA9B950

mem[X,0x80001ACC] -> 0x2E23
mem[X,0x80001ACE] -> 0x03F4
[1720] [M]: 0x80001ACC (0x03F42E23) sw t6, 0x3c(fp)
mem[0x800065B4] <- 0xAAA9B950

mem[X,0x80001AD0] -> 0xBF37
mem[X,0x80001AD2] -> 0x0000
[1721] [M]: 0x80001AD0 (0x0000BF37) lui t5, 0xb
x30 <- 0x0000B000

mem[X,0x80001AD4] -> 0x0F13
mem[X,0x80001AD6] -> 0x504F
[1722] [M]: 0x80001AD4 (0x504F0F13) addi t5, t5, 0x504
x30 <- 0x0000B504

mem[X,0x80001AD8] -> 0x3EB7
mem[X,0x80001ADA] -> 0x3333
[1723] [M]: 0x80001AD8 (0x33333EB7) lui t4, 0x33333
x29 <- 0x33333000

mem[X,0x80001ADC] -> 0x8E93
mem[X,0x80001ADE] -> 0x332E
[1724] [M]: 0x80001ADC (0x332E8E93) addi t4, t4, 0x332
x29 <- 0x33333332

mem[X,0x80001AE0] -> 0x0FB3
mem[X,0x80001AE2] -> 0x03DF
[1725] [M]: 0x80001AE0 (0x03DF0FB3) mul t6, t5, t4
x31 <- 0xFFFF26C8

mem[X,0x80001AE4] -> 0x2023
mem[X,0x80001AE6] -> 0x05F4
[1726] [M]: 0x80001AE4 (0x05F42023) sw t6, 0x40(fp)
mem[0x800065B8] <- 0xFFFF26C8

mem[X,0x80001AE8] -> 0xBF37
mem[X,0x80001AEA] -> 0x0000
[1727] [M]: 0x80001AE8 (0x0000BF37) lui t5, 0xb
x30 <- 0x0000B000

mem[X,0x80001AEC] -> 0x0F13
mem[X,0x80001AEE] -> 0x504F
[1728] [M]: 0x80001AEC (0x504F0F13) addi t5, t5, 0x504
x30 <- 0x0000B504

mem[X,0x80001AF0] -> 0x6EB7
mem[X,0x80001AF2] -> 0x6666
[1729] [M]: 0x80001AF0 (0x66666EB7) lui t4, 0x66666
x29 <- 0x66666000

mem[X,0x80001AF4] -> 0x8E93
mem[X,0x80001AF6] -> 0x665E
[1730] [M]: 0x80001AF4 (0x665E8E93) addi t4, t4, 0x665
x29 <- 0x66666665

mem[X,0x80001AF8] -> 0x0FB3
mem[X,0x80001AFA] -> 0x03DF
[1731] [M]: 0x80001AF8 (0x03DF0FB3) mul t6, t5, t4
x31 <- 0xFFFF0294

mem[X,0x80001AFC] -> 0x2223
mem[X,0x80001AFE] -> 0x05F4
[1732] [M]: 0x80001AFC (0x05F42223) sw t6, 0x44(fp)
mem[0x800065BC] <- 0xFFFF0294

mem[X,0x80001B00] -> 0xBF37
mem[X,0x80001B02] -> 0x0000
[1733] [M]: 0x80001B00 (0x0000BF37) lui t5, 0xb
x30 <- 0x0000B000

mem[X,0x80001B04] -> 0x0F13
mem[X,0x80001B06] -> 0x504F
[1734] [M]: 0x80001B04 (0x504F0F13) addi t5, t5, 0x504
x30 <- 0x0000B504

mem[X,0x80001B08] -> 0x0E93
mem[X,0x80001B0A] -> 0x0000
[1735] [M]: 0x80001B08 (0x00000E93) addi t4, zero, 0x0
x29 <- 0x00000000

mem[X,0x80001B0C] -> 0x0FB3
mem[X,0x80001B0E] -> 0x03DF
[1736] [M]: 0x80001B0C (0x03DF0FB3) mul t6, t5, t4
x31 <- 0x00000000

mem[X,0x80001B10] -> 0x2423
mem[X,0x80001B12] -> 0x05F4
[1737] [M]: 0x80001B10 (0x05F42423) sw t6, 0x48(fp)
mem[0x800065C0] <- 0x00000000

mem[X,0x80001B14] -> 0xBF37
mem[X,0x80001B16] -> 0x0000
[1738] [M]: 0x80001B14 (0x0000BF37) lui t5, 0xb
x30 <- 0x0000B000

mem[X,0x80001B18] -> 0x0F13
mem[X,0x80001B1A] -> 0x504F
[1739] [M]: 0x80001B18 (0x504F0F13) addi t5, t5, 0x504
x30 <- 0x0000B504

mem[X,0x80001B1C] -> 0xBEB7
mem[X,0x80001B1E] -> 0x0000
[1740] [M]: 0x80001B1C (0x0000BEB7) lui t4, 0xb
x29 <- 0x0000B000

mem[X,0x80001B20] -> 0x8E93
mem[X,0x80001B22] -> 0x503E
[1741] [M]: 0x80001B20 (0x503E8E93) addi t4, t4, 0x503
x29 <- 0x0000B503

mem[X,0x80001B24] -> 0x0FB3
mem[X,0x80001B26] -> 0x03DF
[1742] [M]: 0x80001B24 (0x03DF0FB3) mul t6, t5, t4
x31 <- 0x7FFDF30C

mem[X,0x80001B28] -> 0x2623
mem[X,0x80001B2A] -> 0x05F4
[1743] [M]: 0x80001B28 (0x05F42623) sw t6, 0x4c(fp)
mem[0x800065C4] <- 0x7FFDF30C

mem[X,0x80001B2C] -> 0xBF37
mem[X,0x80001B2E] -> 0x0000
[1744] [M]: 0x80001B2C (0x0000BF37) lui t5, 0xb
x30 <- 0x0000B000

mem[X,0x80001B30] -> 0x0F13
mem[X,0x80001B32] -> 0x504F
[1745] [M]: 0x80001B30 (0x504F0F13) addi t5, t5, 0x504
x30 <- 0x0000B504

mem[X,0x80001B34] -> 0x0E93
mem[X,0x80001B36] -> 0x0040
[1746] [M]: 0x80001B34 (0x00400E93) addi t4, zero, 0x4
x29 <- 0x00000004

mem[X,0x80001B38] -> 0x0FB3
mem[X,0x80001B3A] -> 0x03DF
[1747] [M]: 0x80001B38 (0x03DF0FB3) mul t6, t5, t4
x31 <- 0x0002D410

mem[X,0x80001B3C] -> 0x2823
mem[X,0x80001B3E] -> 0x05F4
[1748] [M]: 0x80001B3C (0x05F42823) sw t6, 0x50(fp)
mem[0x800065C8] <- 0x0002D410

mem[X,0x80001B40] -> 0xBF37
mem[X,0x80001B42] -> 0x0000
[1749] [M]: 0x80001B40 (0x0000BF37) lui t5, 0xb
x30 <- 0x0000B000

mem[X,0x80001B44] -> 0x0F13
mem[X,0x80001B46] -> 0x504F
[1750] [M]: 0x80001B44 (0x504F0F13) addi t5, t5, 0x504
x30 <- 0x0000B504

mem[X,0x80001B48] -> 0x5EB7
mem[X,0x80001B4A] -> 0x5555
[1751] [M]: 0x80001B48 (0x55555EB7) lui t4, 0x55555
x29 <- 0x55555000

mem[X,0x80001B4C] -> 0x8E93
mem[X,0x80001B4E] -> 0x556E
[1752] [M]: 0x80001B4C (0x556E8E93) addi t4, t4, 0x556
x29 <- 0x55555556

mem[X,0x80001B50] -> 0x0FB3
mem[X,0x80001B52] -> 0x03DF
[1753] [M]: 0x80001B50 (0x03DF0FB3) mul t6, t5, t4
x31 <- 0xAAAB2358

mem[X,0x80001B54] -> 0x2A23
mem[X,0x80001B56] -> 0x05F4
[1754] [M]: 0x80001B54 (0x05F42A23) sw t6, 0x54(fp)
mem[0x800065CC] <- 0xAAAB2358

mem[X,0x80001B58] -> 0xBF37
mem[X,0x80001B5A] -> 0x0000
[1755] [M]: 0x80001B58 (0x0000BF37) lui t5, 0xb
x30 <- 0x0000B000

mem[X,0x80001B5C] -> 0x0F13
mem[X,0x80001B5E] -> 0x504F
[1756] [M]: 0x80001B5C (0x504F0F13) addi t5, t5, 0x504
x30 <- 0x0000B504

mem[X,0x80001B60] -> 0xBEB7
mem[X,0x80001B62] -> 0xAAAA
[1757] [M]: 0x80001B60 (0xAAAABEB7) lui t4, -0x55555
x29 <- 0xAAAAB000

mem[X,0x80001B64] -> 0x8E93
mem[X,0x80001B66] -> 0xAABE
[1758] [M]: 0x80001B64 (0xAABE8E93) addi t4, t4, -0x555
x29 <- 0xAAAAAAAB

mem[X,0x80001B68] -> 0x0FB3
mem[X,0x80001B6A] -> 0x03DF
[1759] [M]: 0x80001B68 (0x03DF0FB3) mul t6, t5, t4
x31 <- 0x555591AC

mem[X,0x80001B6C] -> 0x2C23
mem[X,0x80001B6E] -> 0x05F4
[1760] [M]: 0x80001B6C (0x05F42C23) sw t6, 0x58(fp)
mem[0x800065D0] <- 0x555591AC

mem[X,0x80001B70] -> 0xBF37
mem[X,0x80001B72] -> 0x0000
[1761] [M]: 0x80001B70 (0x0000BF37) lui t5, 0xb
x30 <- 0x0000B000

mem[X,0x80001B74] -> 0x0F13
mem[X,0x80001B76] -> 0x504F
[1762] [M]: 0x80001B74 (0x504F0F13) addi t5, t5, 0x504
x30 <- 0x0000B504

mem[X,0x80001B78] -> 0x0E93
mem[X,0x80001B7A] -> 0x0060
[1763] [M]: 0x80001B78 (0x00600E93) addi t4, zero, 0x6
x29 <- 0x00000006

mem[X,0x80001B7C] -> 0x0FB3
mem[X,0x80001B7E] -> 0x03DF
[1764] [M]: 0x80001B7C (0x03DF0FB3) mul t6, t5, t4
x31 <- 0x00043E18

mem[X,0x80001B80] -> 0x2E23
mem[X,0x80001B82] -> 0x05F4
[1765] [M]: 0x80001B80 (0x05F42E23) sw t6, 0x5c(fp)
mem[0x800065D4] <- 0x00043E18

mem[X,0x80001B84] -> 0xBF37
mem[X,0x80001B86] -> 0x0000
[1766] [M]: 0x80001B84 (0x0000BF37) lui t5, 0xb
x30 <- 0x0000B000

mem[X,0x80001B88] -> 0x0F13
mem[X,0x80001B8A] -> 0x504F
[1767] [M]: 0x80001B88 (0x504F0F13) addi t5, t5, 0x504
x30 <- 0x0000B504

mem[X,0x80001B8C] -> 0x3EB7
mem[X,0x80001B8E] -> 0x3333
[1768] [M]: 0x80001B8C (0x33333EB7) lui t4, 0x33333
x29 <- 0x33333000

mem[X,0x80001B90] -> 0x8E93
mem[X,0x80001B92] -> 0x334E
[1769] [M]: 0x80001B90 (0x334E8E93) addi t4, t4, 0x334
x29 <- 0x33333334

mem[X,0x80001B94] -> 0x0FB3
mem[X,0x80001B96] -> 0x03DF
[1770] [M]: 0x80001B94 (0x03DF0FB3) mul t6, t5, t4
x31 <- 0x000090D0

mem[X,0x80001B98] -> 0x2023
mem[X,0x80001B9A] -> 0x07F4
[1771] [M]: 0x80001B98 (0x07F42023) sw t6, 0x60(fp)
mem[0x800065D8] <- 0x000090D0

mem[X,0x80001B9C] -> 0xBF37
mem[X,0x80001B9E] -> 0x0000
[1772] [M]: 0x80001B9C (0x0000BF37) lui t5, 0xb
x30 <- 0x0000B000

mem[X,0x80001BA0] -> 0x0F13
mem[X,0x80001BA2] -> 0x504F
[1773] [M]: 0x80001BA0 (0x504F0F13) addi t5, t5, 0x504
x30 <- 0x0000B504

mem[X,0x80001BA4] -> 0x6EB7
mem[X,0x80001BA6] -> 0x6666
[1774] [M]: 0x80001BA4 (0x66666EB7) lui t4, 0x66666
x29 <- 0x66666000

mem[X,0x80001BA8] -> 0x8E93
mem[X,0x80001BAA] -> 0x667E
[1775] [M]: 0x80001BA8 (0x667E8E93) addi t4, t4, 0x667
x29 <- 0x66666667

mem[X,0x80001BAC] -> 0x0FB3
mem[X,0x80001BAE] -> 0x03DF
[1776] [M]: 0x80001BAC (0x03DF0FB3) mul t6, t5, t4
x31 <- 0x00006C9C

mem[X,0x80001BB0] -> 0x2223
mem[X,0x80001BB2] -> 0x07F4
[1777] [M]: 0x80001BB0 (0x07F42223) sw t6, 0x64(fp)
mem[0x800065DC] <- 0x00006C9C

mem[X,0x80001BB4] -> 0xBF37
mem[X,0x80001BB6] -> 0x0000
[1778] [M]: 0x80001BB4 (0x0000BF37) lui t5, 0xb
x30 <- 0x0000B000

mem[X,0x80001BB8] -> 0x0F13
mem[X,0x80001BBA] -> 0x504F
[1779] [M]: 0x80001BB8 (0x504F0F13) addi t5, t5, 0x504
x30 <- 0x0000B504

mem[X,0x80001BBC] -> 0x5EB7
mem[X,0x80001BBE] -> 0xFFFF
[1780] [M]: 0x80001BBC (0xFFFF5EB7) lui t4, -0xb
x29 <- 0xFFFF5000

mem[X,0x80001BC0] -> 0x8E93
mem[X,0x80001BC2] -> 0xAFDE
[1781] [M]: 0x80001BC0 (0xAFDE8E93) addi t4, t4, -0x503
x29 <- 0xFFFF4AFD

mem[X,0x80001BC4] -> 0x0FB3
mem[X,0x80001BC6] -> 0x03DF
[1782] [M]: 0x80001BC4 (0x03DF0FB3) mul t6, t5, t4
x31 <- 0x80020CF4

mem[X,0x80001BC8] -> 0x2423
mem[X,0x80001BCA] -> 0x07F4
[1783] [M]: 0x80001BC8 (0x07F42423) sw t6, 0x68(fp)
mem[0x800065E0] <- 0x80020CF4

mem[X,0x80001BCC] -> 0xBF37
mem[X,0x80001BCE] -> 0x0000
[1784] [M]: 0x80001BCC (0x0000BF37) lui t5, 0xb
x30 <- 0x0000B000

mem[X,0x80001BD0] -> 0x0F13
mem[X,0x80001BD2] -> 0x504F
[1785] [M]: 0x80001BD0 (0x504F0F13) addi t5, t5, 0x504
x30 <- 0x0000B504

mem[X,0x80001BD4] -> 0xBEB7
mem[X,0x80001BD6] -> 0x0000
[1786] [M]: 0x80001BD4 (0x0000BEB7) lui t4, 0xb
x29 <- 0x0000B000

mem[X,0x80001BD8] -> 0x8E93
mem[X,0x80001BDA] -> 0x505E
[1787] [M]: 0x80001BD8 (0x505E8E93) addi t4, t4, 0x505
x29 <- 0x0000B505

mem[X,0x80001BDC] -> 0x0FB3
mem[X,0x80001BDE] -> 0x03DF
[1788] [M]: 0x80001BDC (0x03DF0FB3) mul t6, t5, t4
x31 <- 0x7FFF5D14

mem[X,0x80001BE0] -> 0x2623
mem[X,0x80001BE2] -> 0x07F4
[1789] [M]: 0x80001BE0 (0x07F42623) sw t6, 0x6c(fp)
mem[0x800065E4] <- 0x7FFF5D14

mem[X,0x80001BE4] -> 0x0F13
mem[X,0x80001BE6] -> 0x0020
[1790] [M]: 0x80001BE4 (0x00200F13) addi t5, zero, 0x2
x30 <- 0x00000002

mem[X,0x80001BE8] -> 0x0E93
mem[X,0x80001BEA] -> 0x0030
[1791] [M]: 0x80001BE8 (0x00300E93) addi t4, zero, 0x3
x29 <- 0x00000003

mem[X,0x80001BEC] -> 0x0FB3
mem[X,0x80001BEE] -> 0x03DF
[1792] [M]: 0x80001BEC (0x03DF0FB3) mul t6, t5, t4
x31 <- 0x00000006

mem[X,0x80001BF0] -> 0x2823
mem[X,0x80001BF2] -> 0x07F4
[1793] [M]: 0x80001BF0 (0x07F42823) sw t6, 0x70(fp)
mem[0x800065E8] <- 0x00000006

mem[X,0x80001BF4] -> 0x0F13
mem[X,0x80001BF6] -> 0x0020
[1794] [M]: 0x80001BF4 (0x00200F13) addi t5, zero, 0x2
x30 <- 0x00000002

mem[X,0x80001BF8] -> 0x5EB7
mem[X,0x80001BFA] -> 0x5555
[1795] [M]: 0x80001BF8 (0x55555EB7) lui t4, 0x55555
x29 <- 0x55555000

mem[X,0x80001BFC] -> 0x8E93
mem[X,0x80001BFE] -> 0x555E
[1796] [M]: 0x80001BFC (0x555E8E93) addi t4, t4, 0x555
x29 <- 0x55555555

mem[X,0x80001C00] -> 0x0FB3
mem[X,0x80001C02] -> 0x03DF
[1797] [M]: 0x80001C00 (0x03DF0FB3) mul t6, t5, t4
x31 <- 0xAAAAAAAA

mem[X,0x80001C04] -> 0x2A23
mem[X,0x80001C06] -> 0x07F4
[1798] [M]: 0x80001C04 (0x07F42A23) sw t6, 0x74(fp)
mem[0x800065EC] <- 0xAAAAAAAA

mem[X,0x80001C08] -> 0x0F13
mem[X,0x80001C0A] -> 0x0020
[1799] [M]: 0x80001C08 (0x00200F13) addi t5, zero, 0x2
x30 <- 0x00000002

clint::tick mtime <- 0x0000000000000012
 clint timer pending at mtime 0x0000000000000012
htif::tick 0x0000000000000000
mem[X,0x80001C0C] -> 0xBEB7
mem[X,0x80001C0E] -> 0xAAAA
[1800] [M]: 0x80001C0C (0xAAAABEB7) lui t4, -0x55555
x29 <- 0xAAAAB000

mem[X,0x80001C10] -> 0x8E93
mem[X,0x80001C12] -> 0xAAAE
[1801] [M]: 0x80001C10 (0xAAAE8E93) addi t4, t4, -0x556
x29 <- 0xAAAAAAAA

mem[X,0x80001C14] -> 0x0FB3
mem[X,0x80001C16] -> 0x03DF
[1802] [M]: 0x80001C14 (0x03DF0FB3) mul t6, t5, t4
x31 <- 0x55555554

mem[X,0x80001C18] -> 0x2C23
mem[X,0x80001C1A] -> 0x07F4
[1803] [M]: 0x80001C18 (0x07F42C23) sw t6, 0x78(fp)
mem[0x800065F0] <- 0x55555554

mem[X,0x80001C1C] -> 0x0F13
mem[X,0x80001C1E] -> 0x0020
[1804] [M]: 0x80001C1C (0x00200F13) addi t5, zero, 0x2
x30 <- 0x00000002

mem[X,0x80001C20] -> 0x0E93
mem[X,0x80001C22] -> 0x0050
[1805] [M]: 0x80001C20 (0x00500E93) addi t4, zero, 0x5
x29 <- 0x00000005

mem[X,0x80001C24] -> 0x0FB3
mem[X,0x80001C26] -> 0x03DF
[1806] [M]: 0x80001C24 (0x03DF0FB3) mul t6, t5, t4
x31 <- 0x0000000A

mem[X,0x80001C28] -> 0x2E23
mem[X,0x80001C2A] -> 0x07F4
[1807] [M]: 0x80001C28 (0x07F42E23) sw t6, 0x7c(fp)
mem[0x800065F4] <- 0x0000000A

mem[X,0x80001C2C] -> 0x0F13
mem[X,0x80001C2E] -> 0x0020
[1808] [M]: 0x80001C2C (0x00200F13) addi t5, zero, 0x2
x30 <- 0x00000002

mem[X,0x80001C30] -> 0x3EB7
mem[X,0x80001C32] -> 0x3333
[1809] [M]: 0x80001C30 (0x33333EB7) lui t4, 0x33333
x29 <- 0x33333000

mem[X,0x80001C34] -> 0x8E93
mem[X,0x80001C36] -> 0x333E
[1810] [M]: 0x80001C34 (0x333E8E93) addi t4, t4, 0x333
x29 <- 0x33333333

mem[X,0x80001C38] -> 0x0FB3
mem[X,0x80001C3A] -> 0x03DF
[1811] [M]: 0x80001C38 (0x03DF0FB3) mul t6, t5, t4
x31 <- 0x66666666

mem[X,0x80001C3C] -> 0x2023
mem[X,0x80001C3E] -> 0x09F4
[1812] [M]: 0x80001C3C (0x09F42023) sw t6, 0x80(fp)
mem[0x800065F8] <- 0x66666666

mem[X,0x80001C40] -> 0x0F13
mem[X,0x80001C42] -> 0x0020
[1813] [M]: 0x80001C40 (0x00200F13) addi t5, zero, 0x2
x30 <- 0x00000002

mem[X,0x80001C44] -> 0x6EB7
mem[X,0x80001C46] -> 0x6666
[1814] [M]: 0x80001C44 (0x66666EB7) lui t4, 0x66666
x29 <- 0x66666000

mem[X,0x80001C48] -> 0x8E93
mem[X,0x80001C4A] -> 0x666E
[1815] [M]: 0x80001C48 (0x666E8E93) addi t4, t4, 0x666
x29 <- 0x66666666

mem[X,0x80001C4C] -> 0x0FB3
mem[X,0x80001C4E] -> 0x03DF
[1816] [M]: 0x80001C4C (0x03DF0FB3) mul t6, t5, t4
x31 <- 0xCCCCCCCC

mem[X,0x80001C50] -> 0x2223
mem[X,0x80001C52] -> 0x09F4
[1817] [M]: 0x80001C50 (0x09F42223) sw t6, 0x84(fp)
mem[0x800065FC] <- 0xCCCCCCCC

mem[X,0x80001C54] -> 0x0F13
mem[X,0x80001C56] -> 0x0020
[1818] [M]: 0x80001C54 (0x00200F13) addi t5, zero, 0x2
x30 <- 0x00000002

mem[X,0x80001C58] -> 0x5EB7
mem[X,0x80001C5A] -> 0xFFFF
[1819] [M]: 0x80001C58 (0xFFFF5EB7) lui t4, -0xb
x29 <- 0xFFFF5000

mem[X,0x80001C5C] -> 0x8E93
mem[X,0x80001C5E] -> 0xAFCE
[1820] [M]: 0x80001C5C (0xAFCE8E93) addi t4, t4, -0x504
x29 <- 0xFFFF4AFC

mem[X,0x80001C60] -> 0x0FB3
mem[X,0x80001C62] -> 0x03DF
[1821] [M]: 0x80001C60 (0x03DF0FB3) mul t6, t5, t4
x31 <- 0xFFFE95F8

mem[X,0x80001C64] -> 0x2423
mem[X,0x80001C66] -> 0x09F4
[1822] [M]: 0x80001C64 (0x09F42423) sw t6, 0x88(fp)
mem[0x80006600] <- 0xFFFE95F8

mem[X,0x80001C68] -> 0x0F13
mem[X,0x80001C6A] -> 0x0020
[1823] [M]: 0x80001C68 (0x00200F13) addi t5, zero, 0x2
x30 <- 0x00000002

mem[X,0x80001C6C] -> 0xBEB7
mem[X,0x80001C6E] -> 0x0000
[1824] [M]: 0x80001C6C (0x0000BEB7) lui t4, 0xb
x29 <- 0x0000B000

mem[X,0x80001C70] -> 0x8E93
mem[X,0x80001C72] -> 0x504E
[1825] [M]: 0x80001C70 (0x504E8E93) addi t4, t4, 0x504
x29 <- 0x0000B504

mem[X,0x80001C74] -> 0x0FB3
mem[X,0x80001C76] -> 0x03DF
[1826] [M]: 0x80001C74 (0x03DF0FB3) mul t6, t5, t4
x31 <- 0x00016A08

mem[X,0x80001C78] -> 0x2623
mem[X,0x80001C7A] -> 0x09F4
[1827] [M]: 0x80001C78 (0x09F42623) sw t6, 0x8c(fp)
mem[0x80006604] <- 0x00016A08

mem[X,0x80001C7C] -> 0x0F13
mem[X,0x80001C7E] -> 0x0020
[1828] [M]: 0x80001C7C (0x00200F13) addi t5, zero, 0x2
x30 <- 0x00000002

mem[X,0x80001C80] -> 0x0E93
mem[X,0x80001C82] -> 0x0020
[1829] [M]: 0x80001C80 (0x00200E93) addi t4, zero, 0x2
x29 <- 0x00000002

mem[X,0x80001C84] -> 0x0FB3
mem[X,0x80001C86] -> 0x03DF
[1830] [M]: 0x80001C84 (0x03DF0FB3) mul t6, t5, t4
x31 <- 0x00000004

mem[X,0x80001C88] -> 0x2823
mem[X,0x80001C8A] -> 0x09F4
[1831] [M]: 0x80001C88 (0x09F42823) sw t6, 0x90(fp)
mem[0x80006608] <- 0x00000004

mem[X,0x80001C8C] -> 0x0F13
mem[X,0x80001C8E] -> 0x0020
[1832] [M]: 0x80001C8C (0x00200F13) addi t5, zero, 0x2
x30 <- 0x00000002

mem[X,0x80001C90] -> 0x5EB7
mem[X,0x80001C92] -> 0x5555
[1833] [M]: 0x80001C90 (0x55555EB7) lui t4, 0x55555
x29 <- 0x55555000

mem[X,0x80001C94] -> 0x8E93
mem[X,0x80001C96] -> 0x554E
[1834] [M]: 0x80001C94 (0x554E8E93) addi t4, t4, 0x554
x29 <- 0x55555554

mem[X,0x80001C98] -> 0x0FB3
mem[X,0x80001C9A] -> 0x03DF
[1835] [M]: 0x80001C98 (0x03DF0FB3) mul t6, t5, t4
x31 <- 0xAAAAAAA8

mem[X,0x80001C9C] -> 0x2A23
mem[X,0x80001C9E] -> 0x09F4
[1836] [M]: 0x80001C9C (0x09F42A23) sw t6, 0x94(fp)
mem[0x8000660C] <- 0xAAAAAAA8

mem[X,0x80001CA0] -> 0x0F13
mem[X,0x80001CA2] -> 0x0020
[1837] [M]: 0x80001CA0 (0x00200F13) addi t5, zero, 0x2
x30 <- 0x00000002

mem[X,0x80001CA4] -> 0x3EB7
mem[X,0x80001CA6] -> 0x3333
[1838] [M]: 0x80001CA4 (0x33333EB7) lui t4, 0x33333
x29 <- 0x33333000

mem[X,0x80001CA8] -> 0x8E93
mem[X,0x80001CAA] -> 0x332E
[1839] [M]: 0x80001CA8 (0x332E8E93) addi t4, t4, 0x332
x29 <- 0x33333332

mem[X,0x80001CAC] -> 0x0FB3
mem[X,0x80001CAE] -> 0x03DF
[1840] [M]: 0x80001CAC (0x03DF0FB3) mul t6, t5, t4
x31 <- 0x66666664

mem[X,0x80001CB0] -> 0x2C23
mem[X,0x80001CB2] -> 0x09F4
[1841] [M]: 0x80001CB0 (0x09F42C23) sw t6, 0x98(fp)
mem[0x80006610] <- 0x66666664

mem[X,0x80001CB4] -> 0x0F13
mem[X,0x80001CB6] -> 0x0020
[1842] [M]: 0x80001CB4 (0x00200F13) addi t5, zero, 0x2
x30 <- 0x00000002

mem[X,0x80001CB8] -> 0x6EB7
mem[X,0x80001CBA] -> 0x6666
[1843] [M]: 0x80001CB8 (0x66666EB7) lui t4, 0x66666
x29 <- 0x66666000

mem[X,0x80001CBC] -> 0x8E93
mem[X,0x80001CBE] -> 0x665E
[1844] [M]: 0x80001CBC (0x665E8E93) addi t4, t4, 0x665
x29 <- 0x66666665

mem[X,0x80001CC0] -> 0x0FB3
mem[X,0x80001CC2] -> 0x03DF
[1845] [M]: 0x80001CC0 (0x03DF0FB3) mul t6, t5, t4
x31 <- 0xCCCCCCCA

mem[X,0x80001CC4] -> 0x2E23
mem[X,0x80001CC6] -> 0x09F4
[1846] [M]: 0x80001CC4 (0x09F42E23) sw t6, 0x9c(fp)
mem[0x80006614] <- 0xCCCCCCCA

mem[X,0x80001CC8] -> 0x0F13
mem[X,0x80001CCA] -> 0x0020
[1847] [M]: 0x80001CC8 (0x00200F13) addi t5, zero, 0x2
x30 <- 0x00000002

mem[X,0x80001CCC] -> 0x0E93
mem[X,0x80001CCE] -> 0x0000
[1848] [M]: 0x80001CCC (0x00000E93) addi t4, zero, 0x0
x29 <- 0x00000000

mem[X,0x80001CD0] -> 0x0FB3
mem[X,0x80001CD2] -> 0x03DF
[1849] [M]: 0x80001CD0 (0x03DF0FB3) mul t6, t5, t4
x31 <- 0x00000000

mem[X,0x80001CD4] -> 0x2023
mem[X,0x80001CD6] -> 0x0BF4
[1850] [M]: 0x80001CD4 (0x0BF42023) sw t6, 0xa0(fp)
mem[0x80006618] <- 0x00000000

mem[X,0x80001CD8] -> 0x0F13
mem[X,0x80001CDA] -> 0x0020
[1851] [M]: 0x80001CD8 (0x00200F13) addi t5, zero, 0x2
x30 <- 0x00000002

mem[X,0x80001CDC] -> 0xBEB7
mem[X,0x80001CDE] -> 0x0000
[1852] [M]: 0x80001CDC (0x0000BEB7) lui t4, 0xb
x29 <- 0x0000B000

mem[X,0x80001CE0] -> 0x8E93
mem[X,0x80001CE2] -> 0x503E
[1853] [M]: 0x80001CE0 (0x503E8E93) addi t4, t4, 0x503
x29 <- 0x0000B503

mem[X,0x80001CE4] -> 0x0FB3
mem[X,0x80001CE6] -> 0x03DF
[1854] [M]: 0x80001CE4 (0x03DF0FB3) mul t6, t5, t4
x31 <- 0x00016A06

mem[X,0x80001CE8] -> 0x2223
mem[X,0x80001CEA] -> 0x0BF4
[1855] [M]: 0x80001CE8 (0x0BF42223) sw t6, 0xa4(fp)
mem[0x8000661C] <- 0x00016A06

mem[X,0x80001CEC] -> 0x0F13
mem[X,0x80001CEE] -> 0x0020
[1856] [M]: 0x80001CEC (0x00200F13) addi t5, zero, 0x2
x30 <- 0x00000002

mem[X,0x80001CF0] -> 0x0E93
mem[X,0x80001CF2] -> 0x0040
[1857] [M]: 0x80001CF0 (0x00400E93) addi t4, zero, 0x4
x29 <- 0x00000004

mem[X,0x80001CF4] -> 0x0FB3
mem[X,0x80001CF6] -> 0x03DF
[1858] [M]: 0x80001CF4 (0x03DF0FB3) mul t6, t5, t4
x31 <- 0x00000008

mem[X,0x80001CF8] -> 0x2423
mem[X,0x80001CFA] -> 0x0BF4
[1859] [M]: 0x80001CF8 (0x0BF42423) sw t6, 0xa8(fp)
mem[0x80006620] <- 0x00000008

mem[X,0x80001CFC] -> 0x0F13
mem[X,0x80001CFE] -> 0x0020
[1860] [M]: 0x80001CFC (0x00200F13) addi t5, zero, 0x2
x30 <- 0x00000002

mem[X,0x80001D00] -> 0x5EB7
mem[X,0x80001D02] -> 0x5555
[1861] [M]: 0x80001D00 (0x55555EB7) lui t4, 0x55555
x29 <- 0x55555000

mem[X,0x80001D04] -> 0x8E93
mem[X,0x80001D06] -> 0x556E
[1862] [M]: 0x80001D04 (0x556E8E93) addi t4, t4, 0x556
x29 <- 0x55555556

mem[X,0x80001D08] -> 0x0FB3
mem[X,0x80001D0A] -> 0x03DF
[1863] [M]: 0x80001D08 (0x03DF0FB3) mul t6, t5, t4
x31 <- 0xAAAAAAAC

mem[X,0x80001D0C] -> 0x2623
mem[X,0x80001D0E] -> 0x0BF4
[1864] [M]: 0x80001D0C (0x0BF42623) sw t6, 0xac(fp)
mem[0x80006624] <- 0xAAAAAAAC

mem[X,0x80001D10] -> 0x0F13
mem[X,0x80001D12] -> 0x0020
[1865] [M]: 0x80001D10 (0x00200F13) addi t5, zero, 0x2
x30 <- 0x00000002

mem[X,0x80001D14] -> 0xBEB7
mem[X,0x80001D16] -> 0xAAAA
[1866] [M]: 0x80001D14 (0xAAAABEB7) lui t4, -0x55555
x29 <- 0xAAAAB000

mem[X,0x80001D18] -> 0x8E93
mem[X,0x80001D1A] -> 0xAABE
[1867] [M]: 0x80001D18 (0xAABE8E93) addi t4, t4, -0x555
x29 <- 0xAAAAAAAB

mem[X,0x80001D1C] -> 0x0FB3
mem[X,0x80001D1E] -> 0x03DF
[1868] [M]: 0x80001D1C (0x03DF0FB3) mul t6, t5, t4
x31 <- 0x55555556

mem[X,0x80001D20] -> 0x2823
mem[X,0x80001D22] -> 0x0BF4
[1869] [M]: 0x80001D20 (0x0BF42823) sw t6, 0xb0(fp)
mem[0x80006628] <- 0x55555556

mem[X,0x80001D24] -> 0x0F13
mem[X,0x80001D26] -> 0x0020
[1870] [M]: 0x80001D24 (0x00200F13) addi t5, zero, 0x2
x30 <- 0x00000002

mem[X,0x80001D28] -> 0x0E93
mem[X,0x80001D2A] -> 0x0060
[1871] [M]: 0x80001D28 (0x00600E93) addi t4, zero, 0x6
x29 <- 0x00000006

mem[X,0x80001D2C] -> 0x0FB3
mem[X,0x80001D2E] -> 0x03DF
[1872] [M]: 0x80001D2C (0x03DF0FB3) mul t6, t5, t4
x31 <- 0x0000000C

mem[X,0x80001D30] -> 0x2A23
mem[X,0x80001D32] -> 0x0BF4
[1873] [M]: 0x80001D30 (0x0BF42A23) sw t6, 0xb4(fp)
mem[0x8000662C] <- 0x0000000C

mem[X,0x80001D34] -> 0x0F13
mem[X,0x80001D36] -> 0x0020
[1874] [M]: 0x80001D34 (0x00200F13) addi t5, zero, 0x2
x30 <- 0x00000002

mem[X,0x80001D38] -> 0x3EB7
mem[X,0x80001D3A] -> 0x3333
[1875] [M]: 0x80001D38 (0x33333EB7) lui t4, 0x33333
x29 <- 0x33333000

mem[X,0x80001D3C] -> 0x8E93
mem[X,0x80001D3E] -> 0x334E
[1876] [M]: 0x80001D3C (0x334E8E93) addi t4, t4, 0x334
x29 <- 0x33333334

mem[X,0x80001D40] -> 0x0FB3
mem[X,0x80001D42] -> 0x03DF
[1877] [M]: 0x80001D40 (0x03DF0FB3) mul t6, t5, t4
x31 <- 0x66666668

mem[X,0x80001D44] -> 0x2C23
mem[X,0x80001D46] -> 0x0BF4
[1878] [M]: 0x80001D44 (0x0BF42C23) sw t6, 0xb8(fp)
mem[0x80006630] <- 0x66666668

mem[X,0x80001D48] -> 0x0F13
mem[X,0x80001D4A] -> 0x0020
[1879] [M]: 0x80001D48 (0x00200F13) addi t5, zero, 0x2
x30 <- 0x00000002

mem[X,0x80001D4C] -> 0x6EB7
mem[X,0x80001D4E] -> 0x6666
[1880] [M]: 0x80001D4C (0x66666EB7) lui t4, 0x66666
x29 <- 0x66666000

mem[X,0x80001D50] -> 0x8E93
mem[X,0x80001D52] -> 0x667E
[1881] [M]: 0x80001D50 (0x667E8E93) addi t4, t4, 0x667
x29 <- 0x66666667

mem[X,0x80001D54] -> 0x0FB3
mem[X,0x80001D56] -> 0x03DF
[1882] [M]: 0x80001D54 (0x03DF0FB3) mul t6, t5, t4
x31 <- 0xCCCCCCCE

mem[X,0x80001D58] -> 0x2E23
mem[X,0x80001D5A] -> 0x0BF4
[1883] [M]: 0x80001D58 (0x0BF42E23) sw t6, 0xbc(fp)
mem[0x80006634] <- 0xCCCCCCCE

mem[X,0x80001D5C] -> 0x0F13
mem[X,0x80001D5E] -> 0x0020
[1884] [M]: 0x80001D5C (0x00200F13) addi t5, zero, 0x2
x30 <- 0x00000002

mem[X,0x80001D60] -> 0x5EB7
mem[X,0x80001D62] -> 0xFFFF
[1885] [M]: 0x80001D60 (0xFFFF5EB7) lui t4, -0xb
x29 <- 0xFFFF5000

mem[X,0x80001D64] -> 0x8E93
mem[X,0x80001D66] -> 0xAFDE
[1886] [M]: 0x80001D64 (0xAFDE8E93) addi t4, t4, -0x503
x29 <- 0xFFFF4AFD

mem[X,0x80001D68] -> 0x0FB3
mem[X,0x80001D6A] -> 0x03DF
[1887] [M]: 0x80001D68 (0x03DF0FB3) mul t6, t5, t4
x31 <- 0xFFFE95FA

mem[X,0x80001D6C] -> 0x2023
mem[X,0x80001D6E] -> 0x0DF4
[1888] [M]: 0x80001D6C (0x0DF42023) sw t6, 0xc0(fp)
mem[0x80006638] <- 0xFFFE95FA

mem[X,0x80001D70] -> 0x5F37
mem[X,0x80001D72] -> 0x5555
[1889] [M]: 0x80001D70 (0x55555F37) lui t5, 0x55555
x30 <- 0x55555000

mem[X,0x80001D74] -> 0x0F13
mem[X,0x80001D76] -> 0x554F
[1890] [M]: 0x80001D74 (0x554F0F13) addi t5, t5, 0x554
x30 <- 0x55555554

mem[X,0x80001D78] -> 0x0E93
mem[X,0x80001D7A] -> 0x0030
[1891] [M]: 0x80001D78 (0x00300E93) addi t4, zero, 0x3
x29 <- 0x00000003

mem[X,0x80001D7C] -> 0x0FB3
mem[X,0x80001D7E] -> 0x03DF
[1892] [M]: 0x80001D7C (0x03DF0FB3) mul t6, t5, t4
x31 <- 0xFFFFFFFC

mem[X,0x80001D80] -> 0x2223
mem[X,0x80001D82] -> 0x0DF4
[1893] [M]: 0x80001D80 (0x0DF42223) sw t6, 0xc4(fp)
mem[0x8000663C] <- 0xFFFFFFFC

mem[X,0x80001D84] -> 0x5F37
mem[X,0x80001D86] -> 0x5555
[1894] [M]: 0x80001D84 (0x55555F37) lui t5, 0x55555
x30 <- 0x55555000

mem[X,0x80001D88] -> 0x0F13
mem[X,0x80001D8A] -> 0x554F
[1895] [M]: 0x80001D88 (0x554F0F13) addi t5, t5, 0x554
x30 <- 0x55555554

mem[X,0x80001D8C] -> 0x5EB7
mem[X,0x80001D8E] -> 0x5555
[1896] [M]: 0x80001D8C (0x55555EB7) lui t4, 0x55555
x29 <- 0x55555000

mem[X,0x80001D90] -> 0x8E93
mem[X,0x80001D92] -> 0x555E
[1897] [M]: 0x80001D90 (0x555E8E93) addi t4, t4, 0x555
x29 <- 0x55555555

mem[X,0x80001D94] -> 0x0FB3
mem[X,0x80001D96] -> 0x03DF
[1898] [M]: 0x80001D94 (0x03DF0FB3) mul t6, t5, t4
x31 <- 0xE38E38E4

mem[X,0x80001D98] -> 0x2423
mem[X,0x80001D9A] -> 0x0DF4
[1899] [M]: 0x80001D98 (0x0DF42423) sw t6, 0xc8(fp)
mem[0x80006640] <- 0xE38E38E4

clint::tick mtime <- 0x0000000000000013
 clint timer pending at mtime 0x0000000000000013
htif::tick 0x0000000000000000
mem[X,0x80001D9C] -> 0x5F37
mem[X,0x80001D9E] -> 0x5555
[1900] [M]: 0x80001D9C (0x55555F37) lui t5, 0x55555
x30 <- 0x55555000

mem[X,0x80001DA0] -> 0x0F13
mem[X,0x80001DA2] -> 0x554F
[1901] [M]: 0x80001DA0 (0x554F0F13) addi t5, t5, 0x554
x30 <- 0x55555554

mem[X,0x80001DA4] -> 0xBEB7
mem[X,0x80001DA6] -> 0xAAAA
[1902] [M]: 0x80001DA4 (0xAAAABEB7) lui t4, -0x55555
x29 <- 0xAAAAB000

mem[X,0x80001DA8] -> 0x8E93
mem[X,0x80001DAA] -> 0xAAAE
[1903] [M]: 0x80001DA8 (0xAAAE8E93) addi t4, t4, -0x556
x29 <- 0xAAAAAAAA

mem[X,0x80001DAC] -> 0x0FB3
mem[X,0x80001DAE] -> 0x03DF
[1904] [M]: 0x80001DAC (0x03DF0FB3) mul t6, t5, t4
x31 <- 0xC71C71C8

mem[X,0x80001DB0] -> 0x2623
mem[X,0x80001DB2] -> 0x0DF4
[1905] [M]: 0x80001DB0 (0x0DF42623) sw t6, 0xcc(fp)
mem[0x80006644] <- 0xC71C71C8

mem[X,0x80001DB4] -> 0x5F37
mem[X,0x80001DB6] -> 0x5555
[1906] [M]: 0x80001DB4 (0x55555F37) lui t5, 0x55555
x30 <- 0x55555000

mem[X,0x80001DB8] -> 0x0F13
mem[X,0x80001DBA] -> 0x554F
[1907] [M]: 0x80001DB8 (0x554F0F13) addi t5, t5, 0x554
x30 <- 0x55555554

mem[X,0x80001DBC] -> 0x0E93
mem[X,0x80001DBE] -> 0x0050
[1908] [M]: 0x80001DBC (0x00500E93) addi t4, zero, 0x5
x29 <- 0x00000005

mem[X,0x80001DC0] -> 0x0FB3
mem[X,0x80001DC2] -> 0x03DF
[1909] [M]: 0x80001DC0 (0x03DF0FB3) mul t6, t5, t4
x31 <- 0xAAAAAAA4

mem[X,0x80001DC4] -> 0x2823
mem[X,0x80001DC6] -> 0x0DF4
[1910] [M]: 0x80001DC4 (0x0DF42823) sw t6, 0xd0(fp)
mem[0x80006648] <- 0xAAAAAAA4

mem[X,0x80001DC8] -> 0x5F37
mem[X,0x80001DCA] -> 0x5555
[1911] [M]: 0x80001DC8 (0x55555F37) lui t5, 0x55555
x30 <- 0x55555000

mem[X,0x80001DCC] -> 0x0F13
mem[X,0x80001DCE] -> 0x554F
[1912] [M]: 0x80001DCC (0x554F0F13) addi t5, t5, 0x554
x30 <- 0x55555554

mem[X,0x80001DD0] -> 0x3EB7
mem[X,0x80001DD2] -> 0x3333
[1913] [M]: 0x80001DD0 (0x33333EB7) lui t4, 0x33333
x29 <- 0x33333000

mem[X,0x80001DD4] -> 0x8E93
mem[X,0x80001DD6] -> 0x333E
[1914] [M]: 0x80001DD4 (0x333E8E93) addi t4, t4, 0x333
x29 <- 0x33333333

mem[X,0x80001DD8] -> 0x0FB3
mem[X,0x80001DDA] -> 0x03DF
[1915] [M]: 0x80001DD8 (0x03DF0FB3) mul t6, t5, t4
x31 <- 0xBBBBBBBC

mem[X,0x80001DDC] -> 0x2A23
mem[X,0x80001DDE] -> 0x0DF4
[1916] [M]: 0x80001DDC (0x0DF42A23) sw t6, 0xd4(fp)
mem[0x8000664C] <- 0xBBBBBBBC

mem[X,0x80001DE0] -> 0x5F37
mem[X,0x80001DE2] -> 0x5555
[1917] [M]: 0x80001DE0 (0x55555F37) lui t5, 0x55555
x30 <- 0x55555000

mem[X,0x80001DE4] -> 0x0F13
mem[X,0x80001DE6] -> 0x554F
[1918] [M]: 0x80001DE4 (0x554F0F13) addi t5, t5, 0x554
x30 <- 0x55555554

mem[X,0x80001DE8] -> 0x6EB7
mem[X,0x80001DEA] -> 0x6666
[1919] [M]: 0x80001DE8 (0x66666EB7) lui t4, 0x66666
x29 <- 0x66666000

mem[X,0x80001DEC] -> 0x8E93
mem[X,0x80001DEE] -> 0x666E
[1920] [M]: 0x80001DEC (0x666E8E93) addi t4, t4, 0x666
x29 <- 0x66666666

mem[X,0x80001DF0] -> 0x0FB3
mem[X,0x80001DF2] -> 0x03DF
[1921] [M]: 0x80001DF0 (0x03DF0FB3) mul t6, t5, t4
x31 <- 0x77777778

mem[X,0x80001DF4] -> 0x2C23
mem[X,0x80001DF6] -> 0x0DF4
[1922] [M]: 0x80001DF4 (0x0DF42C23) sw t6, 0xd8(fp)
mem[0x80006650] <- 0x77777778

mem[X,0x80001DF8] -> 0x5F37
mem[X,0x80001DFA] -> 0x5555
[1923] [M]: 0x80001DF8 (0x55555F37) lui t5, 0x55555
x30 <- 0x55555000

mem[X,0x80001DFC] -> 0x0F13
mem[X,0x80001DFE] -> 0x554F
[1924] [M]: 0x80001DFC (0x554F0F13) addi t5, t5, 0x554
x30 <- 0x55555554

mem[X,0x80001E00] -> 0x5EB7
mem[X,0x80001E02] -> 0xFFFF
[1925] [M]: 0x80001E00 (0xFFFF5EB7) lui t4, -0xb
x29 <- 0xFFFF5000

mem[X,0x80001E04] -> 0x8E93
mem[X,0x80001E06] -> 0xAFCE
[1926] [M]: 0x80001E04 (0xAFCE8E93) addi t4, t4, -0x504
x29 <- 0xFFFF4AFC

mem[X,0x80001E08] -> 0x0FB3
mem[X,0x80001E0A] -> 0x03DF
[1927] [M]: 0x80001E08 (0x03DF0FB3) mul t6, t5, t4
x31 <- 0x555646B0

mem[X,0x80001E0C] -> 0x2E23
mem[X,0x80001E0E] -> 0x0DF4
[1928] [M]: 0x80001E0C (0x0DF42E23) sw t6, 0xdc(fp)
mem[0x80006654] <- 0x555646B0

mem[X,0x80001E10] -> 0x5F37
mem[X,0x80001E12] -> 0x5555
[1929] [M]: 0x80001E10 (0x55555F37) lui t5, 0x55555
x30 <- 0x55555000

mem[X,0x80001E14] -> 0x0F13
mem[X,0x80001E16] -> 0x554F
[1930] [M]: 0x80001E14 (0x554F0F13) addi t5, t5, 0x554
x30 <- 0x55555554

mem[X,0x80001E18] -> 0xBEB7
mem[X,0x80001E1A] -> 0x0000
[1931] [M]: 0x80001E18 (0x0000BEB7) lui t4, 0xb
x29 <- 0x0000B000

mem[X,0x80001E1C] -> 0x8E93
mem[X,0x80001E1E] -> 0x504E
[1932] [M]: 0x80001E1C (0x504E8E93) addi t4, t4, 0x504
x29 <- 0x0000B504

mem[X,0x80001E20] -> 0x0FB3
mem[X,0x80001E22] -> 0x03DF
[1933] [M]: 0x80001E20 (0x03DF0FB3) mul t6, t5, t4
x31 <- 0xAAA9B950

mem[X,0x80001E24] -> 0x2023
mem[X,0x80001E26] -> 0x0FF4
[1934] [M]: 0x80001E24 (0x0FF42023) sw t6, 0xe0(fp)
mem[0x80006658] <- 0xAAA9B950

mem[X,0x80001E28] -> 0x5F37
mem[X,0x80001E2A] -> 0x5555
[1935] [M]: 0x80001E28 (0x55555F37) lui t5, 0x55555
x30 <- 0x55555000

mem[X,0x80001E2C] -> 0x0F13
mem[X,0x80001E2E] -> 0x554F
[1936] [M]: 0x80001E2C (0x554F0F13) addi t5, t5, 0x554
x30 <- 0x55555554

mem[X,0x80001E30] -> 0x0E93
mem[X,0x80001E32] -> 0x0020
[1937] [M]: 0x80001E30 (0x00200E93) addi t4, zero, 0x2
x29 <- 0x00000002

mem[X,0x80001E34] -> 0x0FB3
mem[X,0x80001E36] -> 0x03DF
[1938] [M]: 0x80001E34 (0x03DF0FB3) mul t6, t5, t4
x31 <- 0xAAAAAAA8

mem[X,0x80001E38] -> 0x2223
mem[X,0x80001E3A] -> 0x0FF4
[1939] [M]: 0x80001E38 (0x0FF42223) sw t6, 0xe4(fp)
mem[0x8000665C] <- 0xAAAAAAA8

mem[X,0x80001E3C] -> 0x5F37
mem[X,0x80001E3E] -> 0x5555
[1940] [M]: 0x80001E3C (0x55555F37) lui t5, 0x55555
x30 <- 0x55555000

mem[X,0x80001E40] -> 0x0F13
mem[X,0x80001E42] -> 0x554F
[1941] [M]: 0x80001E40 (0x554F0F13) addi t5, t5, 0x554
x30 <- 0x55555554

mem[X,0x80001E44] -> 0x5EB7
mem[X,0x80001E46] -> 0x5555
[1942] [M]: 0x80001E44 (0x55555EB7) lui t4, 0x55555
x29 <- 0x55555000

mem[X,0x80001E48] -> 0x8E93
mem[X,0x80001E4A] -> 0x554E
[1943] [M]: 0x80001E48 (0x554E8E93) addi t4, t4, 0x554
x29 <- 0x55555554

mem[X,0x80001E4C] -> 0x0FB3
mem[X,0x80001E4E] -> 0x03DF
[1944] [M]: 0x80001E4C (0x03DF0FB3) mul t6, t5, t4
x31 <- 0x8E38E390

mem[X,0x80001E50] -> 0x2423
mem[X,0x80001E52] -> 0x0FF4
[1945] [M]: 0x80001E50 (0x0FF42423) sw t6, 0xe8(fp)
mem[0x80006660] <- 0x8E38E390

mem[X,0x80001E54] -> 0x5F37
mem[X,0x80001E56] -> 0x5555
[1946] [M]: 0x80001E54 (0x55555F37) lui t5, 0x55555
x30 <- 0x55555000

mem[X,0x80001E58] -> 0x0F13
mem[X,0x80001E5A] -> 0x554F
[1947] [M]: 0x80001E58 (0x554F0F13) addi t5, t5, 0x554
x30 <- 0x55555554

mem[X,0x80001E5C] -> 0x3EB7
mem[X,0x80001E5E] -> 0x3333
[1948] [M]: 0x80001E5C (0x33333EB7) lui t4, 0x33333
x29 <- 0x33333000

mem[X,0x80001E60] -> 0x8E93
mem[X,0x80001E62] -> 0x332E
[1949] [M]: 0x80001E60 (0x332E8E93) addi t4, t4, 0x332
x29 <- 0x33333332

mem[X,0x80001E64] -> 0x0FB3
mem[X,0x80001E66] -> 0x03DF
[1950] [M]: 0x80001E64 (0x03DF0FB3) mul t6, t5, t4
x31 <- 0x66666668

mem[X,0x80001E68] -> 0x2623
mem[X,0x80001E6A] -> 0x0FF4
[1951] [M]: 0x80001E68 (0x0FF42623) sw t6, 0xec(fp)
mem[0x80006664] <- 0x66666668

mem[X,0x80001E6C] -> 0x5F37
mem[X,0x80001E6E] -> 0x5555
[1952] [M]: 0x80001E6C (0x55555F37) lui t5, 0x55555
x30 <- 0x55555000

mem[X,0x80001E70] -> 0x0F13
mem[X,0x80001E72] -> 0x554F
[1953] [M]: 0x80001E70 (0x554F0F13) addi t5, t5, 0x554
x30 <- 0x55555554

mem[X,0x80001E74] -> 0x6EB7
mem[X,0x80001E76] -> 0x6666
[1954] [M]: 0x80001E74 (0x66666EB7) lui t4, 0x66666
x29 <- 0x66666000

mem[X,0x80001E78] -> 0x8E93
mem[X,0x80001E7A] -> 0x665E
[1955] [M]: 0x80001E78 (0x665E8E93) addi t4, t4, 0x665
x29 <- 0x66666665

mem[X,0x80001E7C] -> 0x0FB3
mem[X,0x80001E7E] -> 0x03DF
[1956] [M]: 0x80001E7C (0x03DF0FB3) mul t6, t5, t4
x31 <- 0x22222224

mem[X,0x80001E80] -> 0x2823
mem[X,0x80001E82] -> 0x0FF4
[1957] [M]: 0x80001E80 (0x0FF42823) sw t6, 0xf0(fp)
mem[0x80006668] <- 0x22222224

mem[X,0x80001E84] -> 0x5F37
mem[X,0x80001E86] -> 0x5555
[1958] [M]: 0x80001E84 (0x55555F37) lui t5, 0x55555
x30 <- 0x55555000

mem[X,0x80001E88] -> 0x0F13
mem[X,0x80001E8A] -> 0x554F
[1959] [M]: 0x80001E88 (0x554F0F13) addi t5, t5, 0x554
x30 <- 0x55555554

mem[X,0x80001E8C] -> 0x0E93
mem[X,0x80001E8E] -> 0x0000
[1960] [M]: 0x80001E8C (0x00000E93) addi t4, zero, 0x0
x29 <- 0x00000000

mem[X,0x80001E90] -> 0x0FB3
mem[X,0x80001E92] -> 0x03DF
[1961] [M]: 0x80001E90 (0x03DF0FB3) mul t6, t5, t4
x31 <- 0x00000000

mem[X,0x80001E94] -> 0x2A23
mem[X,0x80001E96] -> 0x0FF4
[1962] [M]: 0x80001E94 (0x0FF42A23) sw t6, 0xf4(fp)
mem[0x8000666C] <- 0x00000000

mem[X,0x80001E98] -> 0x5F37
mem[X,0x80001E9A] -> 0x5555
[1963] [M]: 0x80001E98 (0x55555F37) lui t5, 0x55555
x30 <- 0x55555000

mem[X,0x80001E9C] -> 0x0F13
mem[X,0x80001E9E] -> 0x554F
[1964] [M]: 0x80001E9C (0x554F0F13) addi t5, t5, 0x554
x30 <- 0x55555554

mem[X,0x80001EA0] -> 0xBEB7
mem[X,0x80001EA2] -> 0x0000
[1965] [M]: 0x80001EA0 (0x0000BEB7) lui t4, 0xb
x29 <- 0x0000B000

mem[X,0x80001EA4] -> 0x8E93
mem[X,0x80001EA6] -> 0x503E
[1966] [M]: 0x80001EA4 (0x503E8E93) addi t4, t4, 0x503
x29 <- 0x0000B503

mem[X,0x80001EA8] -> 0x0FB3
mem[X,0x80001EAA] -> 0x03DF
[1967] [M]: 0x80001EA8 (0x03DF0FB3) mul t6, t5, t4
x31 <- 0x555463FC

mem[X,0x80001EAC] -> 0x2C23
mem[X,0x80001EAE] -> 0x0FF4
[1968] [M]: 0x80001EAC (0x0FF42C23) sw t6, 0xf8(fp)
mem[0x80006670] <- 0x555463FC

mem[X,0x80001EB0] -> 0x5F37
mem[X,0x80001EB2] -> 0x5555
[1969] [M]: 0x80001EB0 (0x55555F37) lui t5, 0x55555
x30 <- 0x55555000

mem[X,0x80001EB4] -> 0x0F13
mem[X,0x80001EB6] -> 0x554F
[1970] [M]: 0x80001EB4 (0x554F0F13) addi t5, t5, 0x554
x30 <- 0x55555554

mem[X,0x80001EB8] -> 0x0E93
mem[X,0x80001EBA] -> 0x0040
[1971] [M]: 0x80001EB8 (0x00400E93) addi t4, zero, 0x4
x29 <- 0x00000004

mem[X,0x80001EBC] -> 0x0FB3
mem[X,0x80001EBE] -> 0x03DF
[1972] [M]: 0x80001EBC (0x03DF0FB3) mul t6, t5, t4
x31 <- 0x55555550

mem[X,0x80001EC0] -> 0x2E23
mem[X,0x80001EC2] -> 0x0FF4
[1973] [M]: 0x80001EC0 (0x0FF42E23) sw t6, 0xfc(fp)
mem[0x80006674] <- 0x55555550

mem[X,0x80001EC4] -> 0x5F37
mem[X,0x80001EC6] -> 0x5555
[1974] [M]: 0x80001EC4 (0x55555F37) lui t5, 0x55555
x30 <- 0x55555000

mem[X,0x80001EC8] -> 0x0F13
mem[X,0x80001ECA] -> 0x554F
[1975] [M]: 0x80001EC8 (0x554F0F13) addi t5, t5, 0x554
x30 <- 0x55555554

mem[X,0x80001ECC] -> 0x5EB7
mem[X,0x80001ECE] -> 0x5555
[1976] [M]: 0x80001ECC (0x55555EB7) lui t4, 0x55555
x29 <- 0x55555000

mem[X,0x80001ED0] -> 0x8E93
mem[X,0x80001ED2] -> 0x556E
[1977] [M]: 0x80001ED0 (0x556E8E93) addi t4, t4, 0x556
x29 <- 0x55555556

mem[X,0x80001ED4] -> 0x0FB3
mem[X,0x80001ED6] -> 0x03DF
[1978] [M]: 0x80001ED4 (0x03DF0FB3) mul t6, t5, t4
x31 <- 0x38E38E38

mem[X,0x80001ED8] -> 0x2023
mem[X,0x80001EDA] -> 0x11F4
[1979] [M]: 0x80001ED8 (0x11F42023) sw t6, 0x100(fp)
mem[0x80006678] <- 0x38E38E38

mem[X,0x80001EDC] -> 0x5F37
mem[X,0x80001EDE] -> 0x5555
[1980] [M]: 0x80001EDC (0x55555F37) lui t5, 0x55555
x30 <- 0x55555000

mem[X,0x80001EE0] -> 0x0F13
mem[X,0x80001EE2] -> 0x554F
[1981] [M]: 0x80001EE0 (0x554F0F13) addi t5, t5, 0x554
x30 <- 0x55555554

mem[X,0x80001EE4] -> 0xBEB7
mem[X,0x80001EE6] -> 0xAAAA
[1982] [M]: 0x80001EE4 (0xAAAABEB7) lui t4, -0x55555
x29 <- 0xAAAAB000

mem[X,0x80001EE8] -> 0x8E93
mem[X,0x80001EEA] -> 0xAABE
[1983] [M]: 0x80001EE8 (0xAABE8E93) addi t4, t4, -0x555
x29 <- 0xAAAAAAAB

mem[X,0x80001EEC] -> 0x0FB3
mem[X,0x80001EEE] -> 0x03DF
[1984] [M]: 0x80001EEC (0x03DF0FB3) mul t6, t5, t4
x31 <- 0x1C71C71C

mem[X,0x80001EF0] -> 0x2223
mem[X,0x80001EF2] -> 0x11F4
[1985] [M]: 0x80001EF0 (0x11F42223) sw t6, 0x104(fp)
mem[0x8000667C] <- 0x1C71C71C

mem[X,0x80001EF4] -> 0x5F37
mem[X,0x80001EF6] -> 0x5555
[1986] [M]: 0x80001EF4 (0x55555F37) lui t5, 0x55555
x30 <- 0x55555000

mem[X,0x80001EF8] -> 0x0F13
mem[X,0x80001EFA] -> 0x554F
[1987] [M]: 0x80001EF8 (0x554F0F13) addi t5, t5, 0x554
x30 <- 0x55555554

mem[X,0x80001EFC] -> 0x0E93
mem[X,0x80001EFE] -> 0x0060
[1988] [M]: 0x80001EFC (0x00600E93) addi t4, zero, 0x6
x29 <- 0x00000006

mem[X,0x80001F00] -> 0x0FB3
mem[X,0x80001F02] -> 0x03DF
[1989] [M]: 0x80001F00 (0x03DF0FB3) mul t6, t5, t4
x31 <- 0xFFFFFFF8

mem[X,0x80001F04] -> 0x2423
mem[X,0x80001F06] -> 0x11F4
[1990] [M]: 0x80001F04 (0x11F42423) sw t6, 0x108(fp)
mem[0x80006680] <- 0xFFFFFFF8

mem[X,0x80001F08] -> 0x5F37
mem[X,0x80001F0A] -> 0x5555
[1991] [M]: 0x80001F08 (0x55555F37) lui t5, 0x55555
x30 <- 0x55555000

mem[X,0x80001F0C] -> 0x0F13
mem[X,0x80001F0E] -> 0x554F
[1992] [M]: 0x80001F0C (0x554F0F13) addi t5, t5, 0x554
x30 <- 0x55555554

mem[X,0x80001F10] -> 0x3EB7
mem[X,0x80001F12] -> 0x3333
[1993] [M]: 0x80001F10 (0x33333EB7) lui t4, 0x33333
x29 <- 0x33333000

mem[X,0x80001F14] -> 0x8E93
mem[X,0x80001F16] -> 0x334E
[1994] [M]: 0x80001F14 (0x334E8E93) addi t4, t4, 0x334
x29 <- 0x33333334

mem[X,0x80001F18] -> 0x0FB3
mem[X,0x80001F1A] -> 0x03DF
[1995] [M]: 0x80001F18 (0x03DF0FB3) mul t6, t5, t4
x31 <- 0x11111110

mem[X,0x80001F1C] -> 0x2623
mem[X,0x80001F1E] -> 0x11F4
[1996] [M]: 0x80001F1C (0x11F42623) sw t6, 0x10c(fp)
mem[0x80006684] <- 0x11111110

mem[X,0x80001F20] -> 0x5F37
mem[X,0x80001F22] -> 0x5555
[1997] [M]: 0x80001F20 (0x55555F37) lui t5, 0x55555
x30 <- 0x55555000

mem[X,0x80001F24] -> 0x0F13
mem[X,0x80001F26] -> 0x554F
[1998] [M]: 0x80001F24 (0x554F0F13) addi t5, t5, 0x554
x30 <- 0x55555554

mem[X,0x80001F28] -> 0x6EB7
mem[X,0x80001F2A] -> 0x6666
[1999] [M]: 0x80001F28 (0x66666EB7) lui t4, 0x66666
x29 <- 0x66666000

clint::tick mtime <- 0x0000000000000014
 clint timer pending at mtime 0x0000000000000014
htif::tick 0x0000000000000000
mem[X,0x80001F2C] -> 0x8E93
mem[X,0x80001F2E] -> 0x667E
[2000] [M]: 0x80001F2C (0x667E8E93) addi t4, t4, 0x667
x29 <- 0x66666667

mem[X,0x80001F30] -> 0x0FB3
mem[X,0x80001F32] -> 0x03DF
[2001] [M]: 0x80001F30 (0x03DF0FB3) mul t6, t5, t4
x31 <- 0xCCCCCCCC

mem[X,0x80001F34] -> 0x2823
mem[X,0x80001F36] -> 0x11F4
[2002] [M]: 0x80001F34 (0x11F42823) sw t6, 0x110(fp)
mem[0x80006688] <- 0xCCCCCCCC

mem[X,0x80001F38] -> 0x5F37
mem[X,0x80001F3A] -> 0x5555
[2003] [M]: 0x80001F38 (0x55555F37) lui t5, 0x55555
x30 <- 0x55555000

mem[X,0x80001F3C] -> 0x0F13
mem[X,0x80001F3E] -> 0x554F
[2004] [M]: 0x80001F3C (0x554F0F13) addi t5, t5, 0x554
x30 <- 0x55555554

mem[X,0x80001F40] -> 0x5EB7
mem[X,0x80001F42] -> 0xFFFF
[2005] [M]: 0x80001F40 (0xFFFF5EB7) lui t4, -0xb
x29 <- 0xFFFF5000

mem[X,0x80001F44] -> 0x8E93
mem[X,0x80001F46] -> 0xAFDE
[2006] [M]: 0x80001F44 (0xAFDE8E93) addi t4, t4, -0x503
x29 <- 0xFFFF4AFD

mem[X,0x80001F48] -> 0x0FB3
mem[X,0x80001F4A] -> 0x03DF
[2007] [M]: 0x80001F48 (0x03DF0FB3) mul t6, t5, t4
x31 <- 0xAAAB9C04

mem[X,0x80001F4C] -> 0x2A23
mem[X,0x80001F4E] -> 0x11F4
[2008] [M]: 0x80001F4C (0x11F42A23) sw t6, 0x114(fp)
mem[0x8000668C] <- 0xAAAB9C04

mem[X,0x80001F50] -> 0x5F37
mem[X,0x80001F52] -> 0x5555
[2009] [M]: 0x80001F50 (0x55555F37) lui t5, 0x55555
x30 <- 0x55555000

mem[X,0x80001F54] -> 0x0F13
mem[X,0x80001F56] -> 0x554F
[2010] [M]: 0x80001F54 (0x554F0F13) addi t5, t5, 0x554
x30 <- 0x55555554

mem[X,0x80001F58] -> 0xBEB7
mem[X,0x80001F5A] -> 0x0000
[2011] [M]: 0x80001F58 (0x0000BEB7) lui t4, 0xb
x29 <- 0x0000B000

mem[X,0x80001F5C] -> 0x8E93
mem[X,0x80001F5E] -> 0x505E
[2012] [M]: 0x80001F5C (0x505E8E93) addi t4, t4, 0x505
x29 <- 0x0000B505

mem[X,0x80001F60] -> 0x0FB3
mem[X,0x80001F62] -> 0x03DF
[2013] [M]: 0x80001F60 (0x03DF0FB3) mul t6, t5, t4
x31 <- 0xFFFF0EA4

mem[X,0x80001F64] -> 0x2C23
mem[X,0x80001F66] -> 0x11F4
[2014] [M]: 0x80001F64 (0x11F42C23) sw t6, 0x118(fp)
mem[0x80006690] <- 0xFFFF0EA4

mem[X,0x80001F68] -> 0x3F37
mem[X,0x80001F6A] -> 0x3333
[2015] [M]: 0x80001F68 (0x33333F37) lui t5, 0x33333
x30 <- 0x33333000

mem[X,0x80001F6C] -> 0x0F13
mem[X,0x80001F6E] -> 0x332F
[2016] [M]: 0x80001F6C (0x332F0F13) addi t5, t5, 0x332
x30 <- 0x33333332

mem[X,0x80001F70] -> 0x0E93
mem[X,0x80001F72] -> 0x0030
[2017] [M]: 0x80001F70 (0x00300E93) addi t4, zero, 0x3
x29 <- 0x00000003

mem[X,0x80001F74] -> 0x0FB3
mem[X,0x80001F76] -> 0x03DF
[2018] [M]: 0x80001F74 (0x03DF0FB3) mul t6, t5, t4
x31 <- 0x99999996

mem[X,0x80001F78] -> 0x2E23
mem[X,0x80001F7A] -> 0x11F4
[2019] [M]: 0x80001F78 (0x11F42E23) sw t6, 0x11c(fp)
mem[0x80006694] <- 0x99999996

mem[X,0x80001F7C] -> 0x3F37
mem[X,0x80001F7E] -> 0x3333
[2020] [M]: 0x80001F7C (0x33333F37) lui t5, 0x33333
x30 <- 0x33333000

mem[X,0x80001F80] -> 0x0F13
mem[X,0x80001F82] -> 0x332F
[2021] [M]: 0x80001F80 (0x332F0F13) addi t5, t5, 0x332
x30 <- 0x33333332

mem[X,0x80001F84] -> 0x5EB7
mem[X,0x80001F86] -> 0x5555
[2022] [M]: 0x80001F84 (0x55555EB7) lui t4, 0x55555
x29 <- 0x55555000

mem[X,0x80001F88] -> 0x8E93
mem[X,0x80001F8A] -> 0x555E
[2023] [M]: 0x80001F88 (0x555E8E93) addi t4, t4, 0x555
x29 <- 0x55555555

mem[X,0x80001F8C] -> 0x0FB3
mem[X,0x80001F8E] -> 0x03DF
[2024] [M]: 0x80001F8C (0x03DF0FB3) mul t6, t5, t4
x31 <- 0x9999999A

mem[X,0x80001F90] -> 0x2023
mem[X,0x80001F92] -> 0x13F4
[2025] [M]: 0x80001F90 (0x13F42023) sw t6, 0x120(fp)
mem[0x80006698] <- 0x9999999A

mem[X,0x80001F94] -> 0xBF37
mem[X,0x80001F96] -> 0xAAAA
[2026] [M]: 0x80001F94 (0xAAAABF37) lui t5, -0x55555
x30 <- 0xAAAAB000

mem[X,0x80001F98] -> 0x0F13
mem[X,0x80001F9A] -> 0xAABF
[2027] [M]: 0x80001F98 (0xAABF0F13) addi t5, t5, -0x555
x30 <- 0xAAAAAAAB

mem[X,0x80001F9C] -> 0x0E93
mem[X,0x80001F9E] -> 0x0040
[2028] [M]: 0x80001F9C (0x00400E93) addi t4, zero, 0x4
x29 <- 0x00000004

mem[X,0x80001FA0] -> 0x0FB3
mem[X,0x80001FA2] -> 0x03DF
[2029] [M]: 0x80001FA0 (0x03DF0FB3) mul t6, t5, t4
x31 <- 0xAAAAAAAC

mem[X,0x80001FA4] -> 0x2223
mem[X,0x80001FA6] -> 0x13F4
[2030] [M]: 0x80001FA4 (0x13F42223) sw t6, 0x124(fp)
mem[0x8000669C] <- 0xAAAAAAAC

mem[X,0x80001FA8] -> 0xBF37
mem[X,0x80001FAA] -> 0xAAAA
[2031] [M]: 0x80001FA8 (0xAAAABF37) lui t5, -0x55555
x30 <- 0xAAAAB000

mem[X,0x80001FAC] -> 0x0F13
mem[X,0x80001FAE] -> 0xAABF
[2032] [M]: 0x80001FAC (0xAABF0F13) addi t5, t5, -0x555
x30 <- 0xAAAAAAAB

mem[X,0x80001FB0] -> 0x5EB7
mem[X,0x80001FB2] -> 0x5555
[2033] [M]: 0x80001FB0 (0x55555EB7) lui t4, 0x55555
x29 <- 0x55555000

mem[X,0x80001FB4] -> 0x8E93
mem[X,0x80001FB6] -> 0x556E
[2034] [M]: 0x80001FB4 (0x556E8E93) addi t4, t4, 0x556
x29 <- 0x55555556

mem[X,0x80001FB8] -> 0x0FB3
mem[X,0x80001FBA] -> 0x03DF
[2035] [M]: 0x80001FB8 (0x03DF0FB3) mul t6, t5, t4
x31 <- 0x71C71C72

mem[X,0x80001FBC] -> 0x2423
mem[X,0x80001FBE] -> 0x13F4
[2036] [M]: 0x80001FBC (0x13F42423) sw t6, 0x128(fp)
mem[0x800066A0] <- 0x71C71C72

mem[X,0x80001FC0] -> 0xBF37
mem[X,0x80001FC2] -> 0xAAAA
[2037] [M]: 0x80001FC0 (0xAAAABF37) lui t5, -0x55555
x30 <- 0xAAAAB000

mem[X,0x80001FC4] -> 0x0F13
mem[X,0x80001FC6] -> 0xAABF
[2038] [M]: 0x80001FC4 (0xAABF0F13) addi t5, t5, -0x555
x30 <- 0xAAAAAAAB

mem[X,0x80001FC8] -> 0xBEB7
mem[X,0x80001FCA] -> 0xAAAA
[2039] [M]: 0x80001FC8 (0xAAAABEB7) lui t4, -0x55555
x29 <- 0xAAAAB000

mem[X,0x80001FCC] -> 0x8E93
mem[X,0x80001FCE] -> 0xAABE
[2040] [M]: 0x80001FCC (0xAABE8E93) addi t4, t4, -0x555
x29 <- 0xAAAAAAAB

mem[X,0x80001FD0] -> 0x0FB3
mem[X,0x80001FD2] -> 0x03DF
[2041] [M]: 0x80001FD0 (0x03DF0FB3) mul t6, t5, t4
x31 <- 0x38E38E39

mem[X,0x80001FD4] -> 0x2623
mem[X,0x80001FD6] -> 0x13F4
[2042] [M]: 0x80001FD4 (0x13F42623) sw t6, 0x12c(fp)
mem[0x800066A4] <- 0x38E38E39

mem[X,0x80001FD8] -> 0xBF37
mem[X,0x80001FDA] -> 0xAAAA
[2043] [M]: 0x80001FD8 (0xAAAABF37) lui t5, -0x55555
x30 <- 0xAAAAB000

mem[X,0x80001FDC] -> 0x0F13
mem[X,0x80001FDE] -> 0xAABF
[2044] [M]: 0x80001FDC (0xAABF0F13) addi t5, t5, -0x555
x30 <- 0xAAAAAAAB

mem[X,0x80001FE0] -> 0x0E93
mem[X,0x80001FE2] -> 0x0060
[2045] [M]: 0x80001FE0 (0x00600E93) addi t4, zero, 0x6
x29 <- 0x00000006

mem[X,0x80001FE4] -> 0x0FB3
mem[X,0x80001FE6] -> 0x03DF
[2046] [M]: 0x80001FE4 (0x03DF0FB3) mul t6, t5, t4
x31 <- 0x00000002

mem[X,0x80001FE8] -> 0x2823
mem[X,0x80001FEA] -> 0x13F4
[2047] [M]: 0x80001FE8 (0x13F42823) sw t6, 0x130(fp)
mem[0x800066A8] <- 0x00000002

mem[X,0x80001FEC] -> 0xBF37
mem[X,0x80001FEE] -> 0xAAAA
[2048] [M]: 0x80001FEC (0xAAAABF37) lui t5, -0x55555
x30 <- 0xAAAAB000

mem[X,0x80001FF0] -> 0x0F13
mem[X,0x80001FF2] -> 0xAABF
[2049] [M]: 0x80001FF0 (0xAABF0F13) addi t5, t5, -0x555
x30 <- 0xAAAAAAAB

mem[X,0x80001FF4] -> 0x3EB7
mem[X,0x80001FF6] -> 0x3333
[2050] [M]: 0x80001FF4 (0x33333EB7) lui t4, 0x33333
x29 <- 0x33333000

mem[X,0x80001FF8] -> 0x8E93
mem[X,0x80001FFA] -> 0x334E
[2051] [M]: 0x80001FF8 (0x334E8E93) addi t4, t4, 0x334
x29 <- 0x33333334

mem[X,0x80001FFC] -> 0x0FB3
mem[X,0x80001FFE] -> 0x03DF
[2052] [M]: 0x80001FFC (0x03DF0FB3) mul t6, t5, t4
x31 <- 0xBBBBBBBC

mem[X,0x80002000] -> 0x2A23
mem[X,0x80002002] -> 0x13F4
[2053] [M]: 0x80002000 (0x13F42A23) sw t6, 0x134(fp)
mem[0x800066AC] <- 0xBBBBBBBC

mem[X,0x80002004] -> 0xBF37
mem[X,0x80002006] -> 0xAAAA
[2054] [M]: 0x80002004 (0xAAAABF37) lui t5, -0x55555
x30 <- 0xAAAAB000

mem[X,0x80002008] -> 0x0F13
mem[X,0x8000200A] -> 0xAABF
[2055] [M]: 0x80002008 (0xAABF0F13) addi t5, t5, -0x555
x30 <- 0xAAAAAAAB

mem[X,0x8000200C] -> 0x6EB7
mem[X,0x8000200E] -> 0x6666
[2056] [M]: 0x8000200C (0x66666EB7) lui t4, 0x66666
x29 <- 0x66666000

mem[X,0x80002010] -> 0x8E93
mem[X,0x80002012] -> 0x667E
[2057] [M]: 0x80002010 (0x667E8E93) addi t4, t4, 0x667
x29 <- 0x66666667

mem[X,0x80002014] -> 0x0FB3
mem[X,0x80002016] -> 0x03DF
[2058] [M]: 0x80002014 (0x03DF0FB3) mul t6, t5, t4
x31 <- 0xCCCCCCCD

mem[X,0x80002018] -> 0x2C23
mem[X,0x8000201A] -> 0x13F4
[2059] [M]: 0x80002018 (0x13F42C23) sw t6, 0x138(fp)
mem[0x800066B0] <- 0xCCCCCCCD

mem[X,0x8000201C] -> 0xBF37
mem[X,0x8000201E] -> 0xAAAA
[2060] [M]: 0x8000201C (0xAAAABF37) lui t5, -0x55555
x30 <- 0xAAAAB000

mem[X,0x80002020] -> 0x0F13
mem[X,0x80002022] -> 0xAABF
[2061] [M]: 0x80002020 (0xAABF0F13) addi t5, t5, -0x555
x30 <- 0xAAAAAAAB

mem[X,0x80002024] -> 0x5EB7
mem[X,0x80002026] -> 0xFFFF
[2062] [M]: 0x80002024 (0xFFFF5EB7) lui t4, -0xb
x29 <- 0xFFFF5000

mem[X,0x80002028] -> 0x8E93
mem[X,0x8000202A] -> 0xAFDE
[2063] [M]: 0x80002028 (0xAFDE8E93) addi t4, t4, -0x503
x29 <- 0xFFFF4AFD

mem[X,0x8000202C] -> 0x0FB3
mem[X,0x8000202E] -> 0x03DF
[2064] [M]: 0x8000202C (0x03DF0FB3) mul t6, t5, t4
x31 <- 0x555518FF

mem[X,0x80002030] -> 0x2E23
mem[X,0x80002032] -> 0x13F4
[2065] [M]: 0x80002030 (0x13F42E23) sw t6, 0x13c(fp)
mem[0x800066B4] <- 0x555518FF

mem[X,0x80002034] -> 0xBF37
mem[X,0x80002036] -> 0xAAAA
[2066] [M]: 0x80002034 (0xAAAABF37) lui t5, -0x55555
x30 <- 0xAAAAB000

mem[X,0x80002038] -> 0x0F13
mem[X,0x8000203A] -> 0xAABF
[2067] [M]: 0x80002038 (0xAABF0F13) addi t5, t5, -0x555
x30 <- 0xAAAAAAAB

mem[X,0x8000203C] -> 0xBEB7
mem[X,0x8000203E] -> 0x0000
[2068] [M]: 0x8000203C (0x0000BEB7) lui t4, 0xb
x29 <- 0x0000B000

mem[X,0x80002040] -> 0x8E93
mem[X,0x80002042] -> 0x505E
[2069] [M]: 0x80002040 (0x505E8E93) addi t4, t4, 0x505
x29 <- 0x0000B505

mem[X,0x80002044] -> 0x0FB3
mem[X,0x80002046] -> 0x03DF
[2070] [M]: 0x80002044 (0x03DF0FB3) mul t6, t5, t4
x31 <- 0x00003C57

mem[X,0x80002048] -> 0x2023
mem[X,0x8000204A] -> 0x15F4
[2071] [M]: 0x80002048 (0x15F42023) sw t6, 0x140(fp)
mem[0x800066B8] <- 0x00003C57

mem[X,0x8000204C] -> 0x0F13
mem[X,0x8000204E] -> 0x0060
[2072] [M]: 0x8000204C (0x00600F13) addi t5, zero, 0x6
x30 <- 0x00000006

mem[X,0x80002050] -> 0x0E93
mem[X,0x80002052] -> 0x0030
[2073] [M]: 0x80002050 (0x00300E93) addi t4, zero, 0x3
x29 <- 0x00000003

mem[X,0x80002054] -> 0x0FB3
mem[X,0x80002056] -> 0x03DF
[2074] [M]: 0x80002054 (0x03DF0FB3) mul t6, t5, t4
x31 <- 0x00000012

mem[X,0x80002058] -> 0x2223
mem[X,0x8000205A] -> 0x15F4
[2075] [M]: 0x80002058 (0x15F42223) sw t6, 0x144(fp)
mem[0x800066BC] <- 0x00000012

mem[X,0x8000205C] -> 0x0F13
mem[X,0x8000205E] -> 0x0060
[2076] [M]: 0x8000205C (0x00600F13) addi t5, zero, 0x6
x30 <- 0x00000006

mem[X,0x80002060] -> 0x5EB7
mem[X,0x80002062] -> 0x5555
[2077] [M]: 0x80002060 (0x55555EB7) lui t4, 0x55555
x29 <- 0x55555000

mem[X,0x80002064] -> 0x8E93
mem[X,0x80002066] -> 0x555E
[2078] [M]: 0x80002064 (0x555E8E93) addi t4, t4, 0x555
x29 <- 0x55555555

mem[X,0x80002068] -> 0x0FB3
mem[X,0x8000206A] -> 0x03DF
[2079] [M]: 0x80002068 (0x03DF0FB3) mul t6, t5, t4
x31 <- 0xFFFFFFFE

mem[X,0x8000206C] -> 0x2423
mem[X,0x8000206E] -> 0x15F4
[2080] [M]: 0x8000206C (0x15F42423) sw t6, 0x148(fp)
mem[0x800066C0] <- 0xFFFFFFFE

mem[X,0x80002070] -> 0x0F13
mem[X,0x80002072] -> 0x0060
[2081] [M]: 0x80002070 (0x00600F13) addi t5, zero, 0x6
x30 <- 0x00000006

mem[X,0x80002074] -> 0xBEB7
mem[X,0x80002076] -> 0xAAAA
[2082] [M]: 0x80002074 (0xAAAABEB7) lui t4, -0x55555
x29 <- 0xAAAAB000

mem[X,0x80002078] -> 0x8E93
mem[X,0x8000207A] -> 0xAAAE
[2083] [M]: 0x80002078 (0xAAAE8E93) addi t4, t4, -0x556
x29 <- 0xAAAAAAAA

mem[X,0x8000207C] -> 0x0FB3
mem[X,0x8000207E] -> 0x03DF
[2084] [M]: 0x8000207C (0x03DF0FB3) mul t6, t5, t4
x31 <- 0xFFFFFFFC

mem[X,0x80002080] -> 0x2623
mem[X,0x80002082] -> 0x15F4
[2085] [M]: 0x80002080 (0x15F42623) sw t6, 0x14c(fp)
mem[0x800066C4] <- 0xFFFFFFFC

mem[X,0x80002084] -> 0x0F13
mem[X,0x80002086] -> 0x0060
[2086] [M]: 0x80002084 (0x00600F13) addi t5, zero, 0x6
x30 <- 0x00000006

mem[X,0x80002088] -> 0x0E93
mem[X,0x8000208A] -> 0x0050
[2087] [M]: 0x80002088 (0x00500E93) addi t4, zero, 0x5
x29 <- 0x00000005

mem[X,0x8000208C] -> 0x0FB3
mem[X,0x8000208E] -> 0x03DF
[2088] [M]: 0x8000208C (0x03DF0FB3) mul t6, t5, t4
x31 <- 0x0000001E

mem[X,0x80002090] -> 0x2823
mem[X,0x80002092] -> 0x15F4
[2089] [M]: 0x80002090 (0x15F42823) sw t6, 0x150(fp)
mem[0x800066C8] <- 0x0000001E

mem[X,0x80002094] -> 0x0F13
mem[X,0x80002096] -> 0x0060
[2090] [M]: 0x80002094 (0x00600F13) addi t5, zero, 0x6
x30 <- 0x00000006

mem[X,0x80002098] -> 0x3EB7
mem[X,0x8000209A] -> 0x3333
[2091] [M]: 0x80002098 (0x33333EB7) lui t4, 0x33333
x29 <- 0x33333000

mem[X,0x8000209C] -> 0x8E93
mem[X,0x8000209E] -> 0x333E
[2092] [M]: 0x8000209C (0x333E8E93) addi t4, t4, 0x333
x29 <- 0x33333333

mem[X,0x800020A0] -> 0x0FB3
mem[X,0x800020A2] -> 0x03DF
[2093] [M]: 0x800020A0 (0x03DF0FB3) mul t6, t5, t4
x31 <- 0x33333332

mem[X,0x800020A4] -> 0x2A23
mem[X,0x800020A6] -> 0x15F4
[2094] [M]: 0x800020A4 (0x15F42A23) sw t6, 0x154(fp)
mem[0x800066CC] <- 0x33333332

mem[X,0x800020A8] -> 0x0F13
mem[X,0x800020AA] -> 0x0060
[2095] [M]: 0x800020A8 (0x00600F13) addi t5, zero, 0x6
x30 <- 0x00000006

mem[X,0x800020AC] -> 0x6EB7
mem[X,0x800020AE] -> 0x6666
[2096] [M]: 0x800020AC (0x66666EB7) lui t4, 0x66666
x29 <- 0x66666000

mem[X,0x800020B0] -> 0x8E93
mem[X,0x800020B2] -> 0x666E
[2097] [M]: 0x800020B0 (0x666E8E93) addi t4, t4, 0x666
x29 <- 0x66666666

mem[X,0x800020B4] -> 0x0FB3
mem[X,0x800020B6] -> 0x03DF
[2098] [M]: 0x800020B4 (0x03DF0FB3) mul t6, t5, t4
x31 <- 0x66666664

mem[X,0x800020B8] -> 0x2C23
mem[X,0x800020BA] -> 0x15F4
[2099] [M]: 0x800020B8 (0x15F42C23) sw t6, 0x158(fp)
mem[0x800066D0] <- 0x66666664

clint::tick mtime <- 0x0000000000000015
 clint timer pending at mtime 0x0000000000000015
htif::tick 0x0000000000000000
mem[X,0x800020BC] -> 0x0F13
mem[X,0x800020BE] -> 0x0060
[2100] [M]: 0x800020BC (0x00600F13) addi t5, zero, 0x6
x30 <- 0x00000006

mem[X,0x800020C0] -> 0x5EB7
mem[X,0x800020C2] -> 0xFFFF
[2101] [M]: 0x800020C0 (0xFFFF5EB7) lui t4, -0xb
x29 <- 0xFFFF5000

mem[X,0x800020C4] -> 0x8E93
mem[X,0x800020C6] -> 0xAFCE
[2102] [M]: 0x800020C4 (0xAFCE8E93) addi t4, t4, -0x504
x29 <- 0xFFFF4AFC

mem[X,0x800020C8] -> 0x0FB3
mem[X,0x800020CA] -> 0x03DF
[2103] [M]: 0x800020C8 (0x03DF0FB3) mul t6, t5, t4
x31 <- 0xFFFBC1E8

mem[X,0x800020CC] -> 0x2E23
mem[X,0x800020CE] -> 0x15F4
[2104] [M]: 0x800020CC (0x15F42E23) sw t6, 0x15c(fp)
mem[0x800066D4] <- 0xFFFBC1E8

mem[X,0x800020D0] -> 0x0F13
mem[X,0x800020D2] -> 0x0060
[2105] [M]: 0x800020D0 (0x00600F13) addi t5, zero, 0x6
x30 <- 0x00000006

mem[X,0x800020D4] -> 0xBEB7
mem[X,0x800020D6] -> 0x0000
[2106] [M]: 0x800020D4 (0x0000BEB7) lui t4, 0xb
x29 <- 0x0000B000

mem[X,0x800020D8] -> 0x8E93
mem[X,0x800020DA] -> 0x504E
[2107] [M]: 0x800020D8 (0x504E8E93) addi t4, t4, 0x504
x29 <- 0x0000B504

mem[X,0x800020DC] -> 0x0FB3
mem[X,0x800020DE] -> 0x03DF
[2108] [M]: 0x800020DC (0x03DF0FB3) mul t6, t5, t4
x31 <- 0x00043E18

mem[X,0x800020E0] -> 0x2023
mem[X,0x800020E2] -> 0x17F4
[2109] [M]: 0x800020E0 (0x17F42023) sw t6, 0x160(fp)
mem[0x800066D8] <- 0x00043E18

mem[X,0x800020E4] -> 0x0F13
mem[X,0x800020E6] -> 0x0060
[2110] [M]: 0x800020E4 (0x00600F13) addi t5, zero, 0x6
x30 <- 0x00000006

mem[X,0x800020E8] -> 0x0E93
mem[X,0x800020EA] -> 0x0020
[2111] [M]: 0x800020E8 (0x00200E93) addi t4, zero, 0x2
x29 <- 0x00000002

mem[X,0x800020EC] -> 0x0FB3
mem[X,0x800020EE] -> 0x03DF
[2112] [M]: 0x800020EC (0x03DF0FB3) mul t6, t5, t4
x31 <- 0x0000000C

mem[X,0x800020F0] -> 0x2223
mem[X,0x800020F2] -> 0x17F4
[2113] [M]: 0x800020F0 (0x17F42223) sw t6, 0x164(fp)
mem[0x800066DC] <- 0x0000000C

mem[X,0x800020F4] -> 0x0F13
mem[X,0x800020F6] -> 0x0060
[2114] [M]: 0x800020F4 (0x00600F13) addi t5, zero, 0x6
x30 <- 0x00000006

mem[X,0x800020F8] -> 0x5EB7
mem[X,0x800020FA] -> 0x5555
[2115] [M]: 0x800020F8 (0x55555EB7) lui t4, 0x55555
x29 <- 0x55555000

mem[X,0x800020FC] -> 0x8E93
mem[X,0x800020FE] -> 0x554E
[2116] [M]: 0x800020FC (0x554E8E93) addi t4, t4, 0x554
x29 <- 0x55555554

mem[X,0x80002100] -> 0x0FB3
mem[X,0x80002102] -> 0x03DF
[2117] [M]: 0x80002100 (0x03DF0FB3) mul t6, t5, t4
x31 <- 0xFFFFFFF8

mem[X,0x80002104] -> 0x2423
mem[X,0x80002106] -> 0x17F4
[2118] [M]: 0x80002104 (0x17F42423) sw t6, 0x168(fp)
mem[0x800066E0] <- 0xFFFFFFF8

mem[X,0x80002108] -> 0x0F13
mem[X,0x8000210A] -> 0x0060
[2119] [M]: 0x80002108 (0x00600F13) addi t5, zero, 0x6
x30 <- 0x00000006

mem[X,0x8000210C] -> 0x3EB7
mem[X,0x8000210E] -> 0x3333
[2120] [M]: 0x8000210C (0x33333EB7) lui t4, 0x33333
x29 <- 0x33333000

mem[X,0x80002110] -> 0x8E93
mem[X,0x80002112] -> 0x332E
[2121] [M]: 0x80002110 (0x332E8E93) addi t4, t4, 0x332
x29 <- 0x33333332

mem[X,0x80002114] -> 0x0FB3
mem[X,0x80002116] -> 0x03DF
[2122] [M]: 0x80002114 (0x03DF0FB3) mul t6, t5, t4
x31 <- 0x3333332C

mem[X,0x80002118] -> 0x2623
mem[X,0x8000211A] -> 0x17F4
[2123] [M]: 0x80002118 (0x17F42623) sw t6, 0x16c(fp)
mem[0x800066E4] <- 0x3333332C

mem[X,0x8000211C] -> 0x0F13
mem[X,0x8000211E] -> 0x0060
[2124] [M]: 0x8000211C (0x00600F13) addi t5, zero, 0x6
x30 <- 0x00000006

mem[X,0x80002120] -> 0x6EB7
mem[X,0x80002122] -> 0x6666
[2125] [M]: 0x80002120 (0x66666EB7) lui t4, 0x66666
x29 <- 0x66666000

mem[X,0x80002124] -> 0x8E93
mem[X,0x80002126] -> 0x665E
[2126] [M]: 0x80002124 (0x665E8E93) addi t4, t4, 0x665
x29 <- 0x66666665

mem[X,0x80002128] -> 0x0FB3
mem[X,0x8000212A] -> 0x03DF
[2127] [M]: 0x80002128 (0x03DF0FB3) mul t6, t5, t4
x31 <- 0x6666665E

mem[X,0x8000212C] -> 0x2823
mem[X,0x8000212E] -> 0x17F4
[2128] [M]: 0x8000212C (0x17F42823) sw t6, 0x170(fp)
mem[0x800066E8] <- 0x6666665E

mem[X,0x80002130] -> 0x0F13
mem[X,0x80002132] -> 0x0060
[2129] [M]: 0x80002130 (0x00600F13) addi t5, zero, 0x6
x30 <- 0x00000006

mem[X,0x80002134] -> 0x0E93
mem[X,0x80002136] -> 0x0000
[2130] [M]: 0x80002134 (0x00000E93) addi t4, zero, 0x0
x29 <- 0x00000000

mem[X,0x80002138] -> 0x0FB3
mem[X,0x8000213A] -> 0x03DF
[2131] [M]: 0x80002138 (0x03DF0FB3) mul t6, t5, t4
x31 <- 0x00000000

mem[X,0x8000213C] -> 0x2A23
mem[X,0x8000213E] -> 0x17F4
[2132] [M]: 0x8000213C (0x17F42A23) sw t6, 0x174(fp)
mem[0x800066EC] <- 0x00000000

mem[X,0x80002140] -> 0x0F13
mem[X,0x80002142] -> 0x0060
[2133] [M]: 0x80002140 (0x00600F13) addi t5, zero, 0x6
x30 <- 0x00000006

mem[X,0x80002144] -> 0xBEB7
mem[X,0x80002146] -> 0x0000
[2134] [M]: 0x80002144 (0x0000BEB7) lui t4, 0xb
x29 <- 0x0000B000

mem[X,0x80002148] -> 0x8E93
mem[X,0x8000214A] -> 0x503E
[2135] [M]: 0x80002148 (0x503E8E93) addi t4, t4, 0x503
x29 <- 0x0000B503

mem[X,0x8000214C] -> 0x0FB3
mem[X,0x8000214E] -> 0x03DF
[2136] [M]: 0x8000214C (0x03DF0FB3) mul t6, t5, t4
x31 <- 0x00043E12

mem[X,0x80002150] -> 0x2C23
mem[X,0x80002152] -> 0x17F4
[2137] [M]: 0x80002150 (0x17F42C23) sw t6, 0x178(fp)
mem[0x800066F0] <- 0x00043E12

mem[X,0x80002154] -> 0x0F13
mem[X,0x80002156] -> 0x0060
[2138] [M]: 0x80002154 (0x00600F13) addi t5, zero, 0x6
x30 <- 0x00000006

mem[X,0x80002158] -> 0x0E93
mem[X,0x8000215A] -> 0x0040
[2139] [M]: 0x80002158 (0x00400E93) addi t4, zero, 0x4
x29 <- 0x00000004

mem[X,0x8000215C] -> 0x0FB3
mem[X,0x8000215E] -> 0x03DF
[2140] [M]: 0x8000215C (0x03DF0FB3) mul t6, t5, t4
x31 <- 0x00000018

mem[X,0x80002160] -> 0x2E23
mem[X,0x80002162] -> 0x17F4
[2141] [M]: 0x80002160 (0x17F42E23) sw t6, 0x17c(fp)
mem[0x800066F4] <- 0x00000018

mem[X,0x80002164] -> 0x0F13
mem[X,0x80002166] -> 0x0060
[2142] [M]: 0x80002164 (0x00600F13) addi t5, zero, 0x6
x30 <- 0x00000006

mem[X,0x80002168] -> 0x5EB7
mem[X,0x8000216A] -> 0x5555
[2143] [M]: 0x80002168 (0x55555EB7) lui t4, 0x55555
x29 <- 0x55555000

mem[X,0x8000216C] -> 0x8E93
mem[X,0x8000216E] -> 0x556E
[2144] [M]: 0x8000216C (0x556E8E93) addi t4, t4, 0x556
x29 <- 0x55555556

mem[X,0x80002170] -> 0x0FB3
mem[X,0x80002172] -> 0x03DF
[2145] [M]: 0x80002170 (0x03DF0FB3) mul t6, t5, t4
x31 <- 0x00000004

mem[X,0x80002174] -> 0x2023
mem[X,0x80002176] -> 0x19F4
[2146] [M]: 0x80002174 (0x19F42023) sw t6, 0x180(fp)
mem[0x800066F8] <- 0x00000004

mem[X,0x80002178] -> 0x0F13
mem[X,0x8000217A] -> 0x0060
[2147] [M]: 0x80002178 (0x00600F13) addi t5, zero, 0x6
x30 <- 0x00000006

mem[X,0x8000217C] -> 0xBEB7
mem[X,0x8000217E] -> 0xAAAA
[2148] [M]: 0x8000217C (0xAAAABEB7) lui t4, -0x55555
x29 <- 0xAAAAB000

mem[X,0x80002180] -> 0x8E93
mem[X,0x80002182] -> 0xAABE
[2149] [M]: 0x80002180 (0xAABE8E93) addi t4, t4, -0x555
x29 <- 0xAAAAAAAB

mem[X,0x80002184] -> 0x0FB3
mem[X,0x80002186] -> 0x03DF
[2150] [M]: 0x80002184 (0x03DF0FB3) mul t6, t5, t4
x31 <- 0x00000002

mem[X,0x80002188] -> 0x2223
mem[X,0x8000218A] -> 0x19F4
[2151] [M]: 0x80002188 (0x19F42223) sw t6, 0x184(fp)
mem[0x800066FC] <- 0x00000002

mem[X,0x8000218C] -> 0x0F13
mem[X,0x8000218E] -> 0x0060
[2152] [M]: 0x8000218C (0x00600F13) addi t5, zero, 0x6
x30 <- 0x00000006

mem[X,0x80002190] -> 0x0E93
mem[X,0x80002192] -> 0x0060
[2153] [M]: 0x80002190 (0x00600E93) addi t4, zero, 0x6
x29 <- 0x00000006

mem[X,0x80002194] -> 0x0FB3
mem[X,0x80002196] -> 0x03DF
[2154] [M]: 0x80002194 (0x03DF0FB3) mul t6, t5, t4
x31 <- 0x00000024

mem[X,0x80002198] -> 0x2423
mem[X,0x8000219A] -> 0x19F4
[2155] [M]: 0x80002198 (0x19F42423) sw t6, 0x188(fp)
mem[0x80006700] <- 0x00000024

mem[X,0x8000219C] -> 0x0F13
mem[X,0x8000219E] -> 0x0060
[2156] [M]: 0x8000219C (0x00600F13) addi t5, zero, 0x6
x30 <- 0x00000006

mem[X,0x800021A0] -> 0x3EB7
mem[X,0x800021A2] -> 0x3333
[2157] [M]: 0x800021A0 (0x33333EB7) lui t4, 0x33333
x29 <- 0x33333000

mem[X,0x800021A4] -> 0x8E93
mem[X,0x800021A6] -> 0x334E
[2158] [M]: 0x800021A4 (0x334E8E93) addi t4, t4, 0x334
x29 <- 0x33333334

mem[X,0x800021A8] -> 0x0FB3
mem[X,0x800021AA] -> 0x03DF
[2159] [M]: 0x800021A8 (0x03DF0FB3) mul t6, t5, t4
x31 <- 0x33333338

mem[X,0x800021AC] -> 0x2623
mem[X,0x800021AE] -> 0x19F4
[2160] [M]: 0x800021AC (0x19F42623) sw t6, 0x18c(fp)
mem[0x80006704] <- 0x33333338

mem[X,0x800021B0] -> 0x0F13
mem[X,0x800021B2] -> 0x0060
[2161] [M]: 0x800021B0 (0x00600F13) addi t5, zero, 0x6
x30 <- 0x00000006

mem[X,0x800021B4] -> 0x6EB7
mem[X,0x800021B6] -> 0x6666
[2162] [M]: 0x800021B4 (0x66666EB7) lui t4, 0x66666
x29 <- 0x66666000

mem[X,0x800021B8] -> 0x8E93
mem[X,0x800021BA] -> 0x667E
[2163] [M]: 0x800021B8 (0x667E8E93) addi t4, t4, 0x667
x29 <- 0x66666667

mem[X,0x800021BC] -> 0x0FB3
mem[X,0x800021BE] -> 0x03DF
[2164] [M]: 0x800021BC (0x03DF0FB3) mul t6, t5, t4
x31 <- 0x6666666A

mem[X,0x800021C0] -> 0x2823
mem[X,0x800021C2] -> 0x19F4
[2165] [M]: 0x800021C0 (0x19F42823) sw t6, 0x190(fp)
mem[0x80006708] <- 0x6666666A

mem[X,0x800021C4] -> 0x0F13
mem[X,0x800021C6] -> 0x0060
[2166] [M]: 0x800021C4 (0x00600F13) addi t5, zero, 0x6
x30 <- 0x00000006

mem[X,0x800021C8] -> 0x5EB7
mem[X,0x800021CA] -> 0xFFFF
[2167] [M]: 0x800021C8 (0xFFFF5EB7) lui t4, -0xb
x29 <- 0xFFFF5000

mem[X,0x800021CC] -> 0x8E93
mem[X,0x800021CE] -> 0xAFDE
[2168] [M]: 0x800021CC (0xAFDE8E93) addi t4, t4, -0x503
x29 <- 0xFFFF4AFD

mem[X,0x800021D0] -> 0x0FB3
mem[X,0x800021D2] -> 0x03DF
[2169] [M]: 0x800021D0 (0x03DF0FB3) mul t6, t5, t4
x31 <- 0xFFFBC1EE

mem[X,0x800021D4] -> 0x2A23
mem[X,0x800021D6] -> 0x19F4
[2170] [M]: 0x800021D4 (0x19F42A23) sw t6, 0x194(fp)
mem[0x8000670C] <- 0xFFFBC1EE

mem[X,0x800021D8] -> 0x0F13
mem[X,0x800021DA] -> 0x0060
[2171] [M]: 0x800021D8 (0x00600F13) addi t5, zero, 0x6
x30 <- 0x00000006

mem[X,0x800021DC] -> 0xBEB7
mem[X,0x800021DE] -> 0x0000
[2172] [M]: 0x800021DC (0x0000BEB7) lui t4, 0xb
x29 <- 0x0000B000

mem[X,0x800021E0] -> 0x8E93
mem[X,0x800021E2] -> 0x505E
[2173] [M]: 0x800021E0 (0x505E8E93) addi t4, t4, 0x505
x29 <- 0x0000B505

mem[X,0x800021E4] -> 0x0FB3
mem[X,0x800021E6] -> 0x03DF
[2174] [M]: 0x800021E4 (0x03DF0FB3) mul t6, t5, t4
x31 <- 0x00043E1E

mem[X,0x800021E8] -> 0x2C23
mem[X,0x800021EA] -> 0x19F4
[2175] [M]: 0x800021E8 (0x19F42C23) sw t6, 0x198(fp)
mem[0x80006710] <- 0x00043E1E

mem[X,0x800021EC] -> 0x3F37
mem[X,0x800021EE] -> 0x3333
[2176] [M]: 0x800021EC (0x33333F37) lui t5, 0x33333
x30 <- 0x33333000

mem[X,0x800021F0] -> 0x0F13
mem[X,0x800021F2] -> 0x334F
[2177] [M]: 0x800021F0 (0x334F0F13) addi t5, t5, 0x334
x30 <- 0x33333334

mem[X,0x800021F4] -> 0x0E93
mem[X,0x800021F6] -> 0x0030
[2178] [M]: 0x800021F4 (0x00300E93) addi t4, zero, 0x3
x29 <- 0x00000003

mem[X,0x800021F8] -> 0x0FB3
mem[X,0x800021FA] -> 0x03DF
[2179] [M]: 0x800021F8 (0x03DF0FB3) mul t6, t5, t4
x31 <- 0x9999999C

mem[X,0x800021FC] -> 0x2E23
mem[X,0x800021FE] -> 0x19F4
[2180] [M]: 0x800021FC (0x19F42E23) sw t6, 0x19c(fp)
mem[0x80006714] <- 0x9999999C

mem[X,0x80002200] -> 0x3F37
mem[X,0x80002202] -> 0x3333
[2181] [M]: 0x80002200 (0x33333F37) lui t5, 0x33333
x30 <- 0x33333000

mem[X,0x80002204] -> 0x0F13
mem[X,0x80002206] -> 0x334F
[2182] [M]: 0x80002204 (0x334F0F13) addi t5, t5, 0x334
x30 <- 0x33333334

mem[X,0x80002208] -> 0x5EB7
mem[X,0x8000220A] -> 0x5555
[2183] [M]: 0x80002208 (0x55555EB7) lui t4, 0x55555
x29 <- 0x55555000

mem[X,0x8000220C] -> 0x8E93
mem[X,0x8000220E] -> 0x555E
[2184] [M]: 0x8000220C (0x555E8E93) addi t4, t4, 0x555
x29 <- 0x55555555

mem[X,0x80002210] -> 0x0FB3
mem[X,0x80002212] -> 0x03DF
[2185] [M]: 0x80002210 (0x03DF0FB3) mul t6, t5, t4
x31 <- 0x44444444

mem[X,0x80002214] -> 0x2023
mem[X,0x80002216] -> 0x1BF4
[2186] [M]: 0x80002214 (0x1BF42023) sw t6, 0x1a0(fp)
mem[0x80006718] <- 0x44444444

mem[X,0x80002218] -> 0x3F37
mem[X,0x8000221A] -> 0x3333
[2187] [M]: 0x80002218 (0x33333F37) lui t5, 0x33333
x30 <- 0x33333000

mem[X,0x8000221C] -> 0x0F13
mem[X,0x8000221E] -> 0x334F
[2188] [M]: 0x8000221C (0x334F0F13) addi t5, t5, 0x334
x30 <- 0x33333334

mem[X,0x80002220] -> 0xBEB7
mem[X,0x80002222] -> 0xAAAA
[2189] [M]: 0x80002220 (0xAAAABEB7) lui t4, -0x55555
x29 <- 0xAAAAB000

mem[X,0x80002224] -> 0x8E93
mem[X,0x80002226] -> 0xAAAE
[2190] [M]: 0x80002224 (0xAAAE8E93) addi t4, t4, -0x556
x29 <- 0xAAAAAAAA

mem[X,0x80002228] -> 0x0FB3
mem[X,0x8000222A] -> 0x03DF
[2191] [M]: 0x80002228 (0x03DF0FB3) mul t6, t5, t4
x31 <- 0x88888888

mem[X,0x8000222C] -> 0x2223
mem[X,0x8000222E] -> 0x1BF4
[2192] [M]: 0x8000222C (0x1BF42223) sw t6, 0x1a4(fp)
mem[0x8000671C] <- 0x88888888

mem[X,0x80002230] -> 0x3F37
mem[X,0x80002232] -> 0x3333
[2193] [M]: 0x80002230 (0x33333F37) lui t5, 0x33333
x30 <- 0x33333000

mem[X,0x80002234] -> 0x0F13
mem[X,0x80002236] -> 0x334F
[2194] [M]: 0x80002234 (0x334F0F13) addi t5, t5, 0x334
x30 <- 0x33333334

mem[X,0x80002238] -> 0x0E93
mem[X,0x8000223A] -> 0x0050
[2195] [M]: 0x80002238 (0x00500E93) addi t4, zero, 0x5
x29 <- 0x00000005

mem[X,0x8000223C] -> 0x0FB3
mem[X,0x8000223E] -> 0x03DF
[2196] [M]: 0x8000223C (0x03DF0FB3) mul t6, t5, t4
x31 <- 0x00000004

mem[X,0x80002240] -> 0x2423
mem[X,0x80002242] -> 0x1BF4
[2197] [M]: 0x80002240 (0x1BF42423) sw t6, 0x1a8(fp)
mem[0x80006720] <- 0x00000004

mem[X,0x80002244] -> 0x3F37
mem[X,0x80002246] -> 0x3333
[2198] [M]: 0x80002244 (0x33333F37) lui t5, 0x33333
x30 <- 0x33333000

mem[X,0x80002248] -> 0x0F13
mem[X,0x8000224A] -> 0x334F
[2199] [M]: 0x80002248 (0x334F0F13) addi t5, t5, 0x334
x30 <- 0x33333334

clint::tick mtime <- 0x0000000000000016
 clint timer pending at mtime 0x0000000000000016
htif::tick 0x0000000000000000
mem[X,0x8000224C] -> 0x3EB7
mem[X,0x8000224E] -> 0x3333
[2200] [M]: 0x8000224C (0x33333EB7) lui t4, 0x33333
x29 <- 0x33333000

mem[X,0x80002250] -> 0x8E93
mem[X,0x80002252] -> 0x333E
[2201] [M]: 0x80002250 (0x333E8E93) addi t4, t4, 0x333
x29 <- 0x33333333

mem[X,0x80002254] -> 0x0FB3
mem[X,0x80002256] -> 0x03DF
[2202] [M]: 0x80002254 (0x03DF0FB3) mul t6, t5, t4
x31 <- 0xF5C28F5C

mem[X,0x80002258] -> 0x2623
mem[X,0x8000225A] -> 0x1BF4
[2203] [M]: 0x80002258 (0x1BF42623) sw t6, 0x1ac(fp)
mem[0x80006724] <- 0xF5C28F5C

mem[X,0x8000225C] -> 0x3F37
mem[X,0x8000225E] -> 0x3333
[2204] [M]: 0x8000225C (0x33333F37) lui t5, 0x33333
x30 <- 0x33333000

mem[X,0x80002260] -> 0x0F13
mem[X,0x80002262] -> 0x334F
[2205] [M]: 0x80002260 (0x334F0F13) addi t5, t5, 0x334
x30 <- 0x33333334

mem[X,0x80002264] -> 0x6EB7
mem[X,0x80002266] -> 0x6666
[2206] [M]: 0x80002264 (0x66666EB7) lui t4, 0x66666
x29 <- 0x66666000

mem[X,0x80002268] -> 0x8E93
mem[X,0x8000226A] -> 0x666E
[2207] [M]: 0x80002268 (0x666E8E93) addi t4, t4, 0x666
x29 <- 0x66666666

mem[X,0x8000226C] -> 0x0FB3
mem[X,0x8000226E] -> 0x03DF
[2208] [M]: 0x8000226C (0x03DF0FB3) mul t6, t5, t4
x31 <- 0xEB851EB8

mem[X,0x80002270] -> 0x2823
mem[X,0x80002272] -> 0x1BF4
[2209] [M]: 0x80002270 (0x1BF42823) sw t6, 0x1b0(fp)
mem[0x80006728] <- 0xEB851EB8

mem[X,0x80002274] -> 0x3F37
mem[X,0x80002276] -> 0x3333
[2210] [M]: 0x80002274 (0x33333F37) lui t5, 0x33333
x30 <- 0x33333000

mem[X,0x80002278] -> 0x0F13
mem[X,0x8000227A] -> 0x334F
[2211] [M]: 0x80002278 (0x334F0F13) addi t5, t5, 0x334
x30 <- 0x33333334

mem[X,0x8000227C] -> 0x5EB7
mem[X,0x8000227E] -> 0xFFFF
[2212] [M]: 0x8000227C (0xFFFF5EB7) lui t4, -0xb
x29 <- 0xFFFF5000

mem[X,0x80002280] -> 0x8E93
mem[X,0x80002282] -> 0xAFCE
[2213] [M]: 0x80002280 (0xAFCE8E93) addi t4, t4, -0x504
x29 <- 0xFFFF4AFC

mem[X,0x80002284] -> 0x0FB3
mem[X,0x80002286] -> 0x03DF
[2214] [M]: 0x80002284 (0x03DF0FB3) mul t6, t5, t4
x31 <- 0xFFFF6F30

mem[X,0x80002288] -> 0x2A23
mem[X,0x8000228A] -> 0x1BF4
[2215] [M]: 0x80002288 (0x1BF42A23) sw t6, 0x1b4(fp)
mem[0x8000672C] <- 0xFFFF6F30

mem[X,0x8000228C] -> 0x3F37
mem[X,0x8000228E] -> 0x3333
[2216] [M]: 0x8000228C (0x33333F37) lui t5, 0x33333
x30 <- 0x33333000

mem[X,0x80002290] -> 0x0F13
mem[X,0x80002292] -> 0x334F
[2217] [M]: 0x80002290 (0x334F0F13) addi t5, t5, 0x334
x30 <- 0x33333334

mem[X,0x80002294] -> 0xBEB7
mem[X,0x80002296] -> 0x0000
[2218] [M]: 0x80002294 (0x0000BEB7) lui t4, 0xb
x29 <- 0x0000B000

mem[X,0x80002298] -> 0x8E93
mem[X,0x8000229A] -> 0x504E
[2219] [M]: 0x80002298 (0x504E8E93) addi t4, t4, 0x504
x29 <- 0x0000B504

mem[X,0x8000229C] -> 0x0FB3
mem[X,0x8000229E] -> 0x03DF
[2220] [M]: 0x8000229C (0x03DF0FB3) mul t6, t5, t4
x31 <- 0x000090D0

mem[X,0x800022A0] -> 0x2C23
mem[X,0x800022A2] -> 0x1BF4
[2221] [M]: 0x800022A0 (0x1BF42C23) sw t6, 0x1b8(fp)
mem[0x80006730] <- 0x000090D0

mem[X,0x800022A4] -> 0x3F37
mem[X,0x800022A6] -> 0x3333
[2222] [M]: 0x800022A4 (0x33333F37) lui t5, 0x33333
x30 <- 0x33333000

mem[X,0x800022A8] -> 0x0F13
mem[X,0x800022AA] -> 0x334F
[2223] [M]: 0x800022A8 (0x334F0F13) addi t5, t5, 0x334
x30 <- 0x33333334

mem[X,0x800022AC] -> 0x0E93
mem[X,0x800022AE] -> 0x0020
[2224] [M]: 0x800022AC (0x00200E93) addi t4, zero, 0x2
x29 <- 0x00000002

mem[X,0x800022B0] -> 0x0FB3
mem[X,0x800022B2] -> 0x03DF
[2225] [M]: 0x800022B0 (0x03DF0FB3) mul t6, t5, t4
x31 <- 0x66666668

mem[X,0x800022B4] -> 0x2E23
mem[X,0x800022B6] -> 0x1BF4
[2226] [M]: 0x800022B4 (0x1BF42E23) sw t6, 0x1bc(fp)
mem[0x80006734] <- 0x66666668

mem[X,0x800022B8] -> 0x3F37
mem[X,0x800022BA] -> 0x3333
[2227] [M]: 0x800022B8 (0x33333F37) lui t5, 0x33333
x30 <- 0x33333000

mem[X,0x800022BC] -> 0x0F13
mem[X,0x800022BE] -> 0x334F
[2228] [M]: 0x800022BC (0x334F0F13) addi t5, t5, 0x334
x30 <- 0x33333334

mem[X,0x800022C0] -> 0x5EB7
mem[X,0x800022C2] -> 0x5555
[2229] [M]: 0x800022C0 (0x55555EB7) lui t4, 0x55555
x29 <- 0x55555000

mem[X,0x800022C4] -> 0x8E93
mem[X,0x800022C6] -> 0x554E
[2230] [M]: 0x800022C4 (0x554E8E93) addi t4, t4, 0x554
x29 <- 0x55555554

mem[X,0x800022C8] -> 0x0FB3
mem[X,0x800022CA] -> 0x03DF
[2231] [M]: 0x800022C8 (0x03DF0FB3) mul t6, t5, t4
x31 <- 0x11111110

mem[X,0x800022CC] -> 0x2023
mem[X,0x800022CE] -> 0x1DF4
[2232] [M]: 0x800022CC (0x1DF42023) sw t6, 0x1c0(fp)
mem[0x80006738] <- 0x11111110

mem[X,0x800022D0] -> 0x3F37
mem[X,0x800022D2] -> 0x3333
[2233] [M]: 0x800022D0 (0x33333F37) lui t5, 0x33333
x30 <- 0x33333000

mem[X,0x800022D4] -> 0x0F13
mem[X,0x800022D6] -> 0x334F
[2234] [M]: 0x800022D4 (0x334F0F13) addi t5, t5, 0x334
x30 <- 0x33333334

mem[X,0x800022D8] -> 0x3EB7
mem[X,0x800022DA] -> 0x3333
[2235] [M]: 0x800022D8 (0x33333EB7) lui t4, 0x33333
x29 <- 0x33333000

mem[X,0x800022DC] -> 0x8E93
mem[X,0x800022DE] -> 0x332E
[2236] [M]: 0x800022DC (0x332E8E93) addi t4, t4, 0x332
x29 <- 0x33333332

mem[X,0x800022E0] -> 0x0FB3
mem[X,0x800022E2] -> 0x03DF
[2237] [M]: 0x800022E0 (0x03DF0FB3) mul t6, t5, t4
x31 <- 0xC28F5C28

mem[X,0x800022E4] -> 0x2223
mem[X,0x800022E6] -> 0x1DF4
[2238] [M]: 0x800022E4 (0x1DF42223) sw t6, 0x1c4(fp)
mem[0x8000673C] <- 0xC28F5C28

mem[X,0x800022E8] -> 0x3F37
mem[X,0x800022EA] -> 0x3333
[2239] [M]: 0x800022E8 (0x33333F37) lui t5, 0x33333
x30 <- 0x33333000

mem[X,0x800022EC] -> 0x0F13
mem[X,0x800022EE] -> 0x334F
[2240] [M]: 0x800022EC (0x334F0F13) addi t5, t5, 0x334
x30 <- 0x33333334

mem[X,0x800022F0] -> 0x6EB7
mem[X,0x800022F2] -> 0x6666
[2241] [M]: 0x800022F0 (0x66666EB7) lui t4, 0x66666
x29 <- 0x66666000

mem[X,0x800022F4] -> 0x8E93
mem[X,0x800022F6] -> 0x665E
[2242] [M]: 0x800022F4 (0x665E8E93) addi t4, t4, 0x665
x29 <- 0x66666665

mem[X,0x800022F8] -> 0x0FB3
mem[X,0x800022FA] -> 0x03DF
[2243] [M]: 0x800022F8 (0x03DF0FB3) mul t6, t5, t4
x31 <- 0xB851EB84

mem[X,0x800022FC] -> 0x2423
mem[X,0x800022FE] -> 0x1DF4
[2244] [M]: 0x800022FC (0x1DF42423) sw t6, 0x1c8(fp)
mem[0x80006740] <- 0xB851EB84

mem[X,0x80002300] -> 0x3F37
mem[X,0x80002302] -> 0x3333
[2245] [M]: 0x80002300 (0x33333F37) lui t5, 0x33333
x30 <- 0x33333000

mem[X,0x80002304] -> 0x0F13
mem[X,0x80002306] -> 0x334F
[2246] [M]: 0x80002304 (0x334F0F13) addi t5, t5, 0x334
x30 <- 0x33333334

mem[X,0x80002308] -> 0x0E93
mem[X,0x8000230A] -> 0x0000
[2247] [M]: 0x80002308 (0x00000E93) addi t4, zero, 0x0
x29 <- 0x00000000

mem[X,0x8000230C] -> 0x0FB3
mem[X,0x8000230E] -> 0x03DF
[2248] [M]: 0x8000230C (0x03DF0FB3) mul t6, t5, t4
x31 <- 0x00000000

mem[X,0x80002310] -> 0x2623
mem[X,0x80002312] -> 0x1DF4
[2249] [M]: 0x80002310 (0x1DF42623) sw t6, 0x1cc(fp)
mem[0x80006744] <- 0x00000000

mem[X,0x80002314] -> 0x3F37
mem[X,0x80002316] -> 0x3333
[2250] [M]: 0x80002314 (0x33333F37) lui t5, 0x33333
x30 <- 0x33333000

mem[X,0x80002318] -> 0x0F13
mem[X,0x8000231A] -> 0x334F
[2251] [M]: 0x80002318 (0x334F0F13) addi t5, t5, 0x334
x30 <- 0x33333334

mem[X,0x8000231C] -> 0xBEB7
mem[X,0x8000231E] -> 0x0000
[2252] [M]: 0x8000231C (0x0000BEB7) lui t4, 0xb
x29 <- 0x0000B000

mem[X,0x80002320] -> 0x8E93
mem[X,0x80002322] -> 0x503E
[2253] [M]: 0x80002320 (0x503E8E93) addi t4, t4, 0x503
x29 <- 0x0000B503

mem[X,0x80002324] -> 0x0FB3
mem[X,0x80002326] -> 0x03DF
[2254] [M]: 0x80002324 (0x03DF0FB3) mul t6, t5, t4
x31 <- 0xCCCD5D9C

mem[X,0x80002328] -> 0x2823
mem[X,0x8000232A] -> 0x1DF4
[2255] [M]: 0x80002328 (0x1DF42823) sw t6, 0x1d0(fp)
mem[0x80006748] <- 0xCCCD5D9C

mem[X,0x8000232C] -> 0x3F37
mem[X,0x8000232E] -> 0x3333
[2256] [M]: 0x8000232C (0x33333F37) lui t5, 0x33333
x30 <- 0x33333000

mem[X,0x80002330] -> 0x0F13
mem[X,0x80002332] -> 0x334F
[2257] [M]: 0x80002330 (0x334F0F13) addi t5, t5, 0x334
x30 <- 0x33333334

mem[X,0x80002334] -> 0x0E93
mem[X,0x80002336] -> 0x0040
[2258] [M]: 0x80002334 (0x00400E93) addi t4, zero, 0x4
x29 <- 0x00000004

mem[X,0x80002338] -> 0x0FB3
mem[X,0x8000233A] -> 0x03DF
[2259] [M]: 0x80002338 (0x03DF0FB3) mul t6, t5, t4
x31 <- 0xCCCCCCD0

mem[X,0x8000233C] -> 0x2A23
mem[X,0x8000233E] -> 0x1DF4
[2260] [M]: 0x8000233C (0x1DF42A23) sw t6, 0x1d4(fp)
mem[0x8000674C] <- 0xCCCCCCD0

mem[X,0x80002340] -> 0x3F37
mem[X,0x80002342] -> 0x3333
[2261] [M]: 0x80002340 (0x33333F37) lui t5, 0x33333
x30 <- 0x33333000

mem[X,0x80002344] -> 0x0F13
mem[X,0x80002346] -> 0x334F
[2262] [M]: 0x80002344 (0x334F0F13) addi t5, t5, 0x334
x30 <- 0x33333334

mem[X,0x80002348] -> 0x5EB7
mem[X,0x8000234A] -> 0x5555
[2263] [M]: 0x80002348 (0x55555EB7) lui t4, 0x55555
x29 <- 0x55555000

mem[X,0x8000234C] -> 0x8E93
mem[X,0x8000234E] -> 0x556E
[2264] [M]: 0x8000234C (0x556E8E93) addi t4, t4, 0x556
x29 <- 0x55555556

mem[X,0x80002350] -> 0x0FB3
mem[X,0x80002352] -> 0x03DF
[2265] [M]: 0x80002350 (0x03DF0FB3) mul t6, t5, t4
x31 <- 0x77777778

mem[X,0x80002354] -> 0x2C23
mem[X,0x80002356] -> 0x1DF4
[2266] [M]: 0x80002354 (0x1DF42C23) sw t6, 0x1d8(fp)
mem[0x80006750] <- 0x77777778

mem[X,0x80002358] -> 0x3F37
mem[X,0x8000235A] -> 0x3333
[2267] [M]: 0x80002358 (0x33333F37) lui t5, 0x33333
x30 <- 0x33333000

mem[X,0x8000235C] -> 0x0F13
mem[X,0x8000235E] -> 0x334F
[2268] [M]: 0x8000235C (0x334F0F13) addi t5, t5, 0x334
x30 <- 0x33333334

mem[X,0x80002360] -> 0xBEB7
mem[X,0x80002362] -> 0xAAAA
[2269] [M]: 0x80002360 (0xAAAABEB7) lui t4, -0x55555
x29 <- 0xAAAAB000

mem[X,0x80002364] -> 0x8E93
mem[X,0x80002366] -> 0xAABE
[2270] [M]: 0x80002364 (0xAABE8E93) addi t4, t4, -0x555
x29 <- 0xAAAAAAAB

mem[X,0x80002368] -> 0x0FB3
mem[X,0x8000236A] -> 0x03DF
[2271] [M]: 0x80002368 (0x03DF0FB3) mul t6, t5, t4
x31 <- 0xBBBBBBBC

mem[X,0x8000236C] -> 0x2E23
mem[X,0x8000236E] -> 0x1DF4
[2272] [M]: 0x8000236C (0x1DF42E23) sw t6, 0x1dc(fp)
mem[0x80006754] <- 0xBBBBBBBC

mem[X,0x80002370] -> 0x3F37
mem[X,0x80002372] -> 0x3333
[2273] [M]: 0x80002370 (0x33333F37) lui t5, 0x33333
x30 <- 0x33333000

mem[X,0x80002374] -> 0x0F13
mem[X,0x80002376] -> 0x334F
[2274] [M]: 0x80002374 (0x334F0F13) addi t5, t5, 0x334
x30 <- 0x33333334

mem[X,0x80002378] -> 0x0E93
mem[X,0x8000237A] -> 0x0060
[2275] [M]: 0x80002378 (0x00600E93) addi t4, zero, 0x6
x29 <- 0x00000006

mem[X,0x8000237C] -> 0x0FB3
mem[X,0x8000237E] -> 0x03DF
[2276] [M]: 0x8000237C (0x03DF0FB3) mul t6, t5, t4
x31 <- 0x33333338

mem[X,0x80002380] -> 0x2023
mem[X,0x80002382] -> 0x1FF4
[2277] [M]: 0x80002380 (0x1FF42023) sw t6, 0x1e0(fp)
mem[0x80006758] <- 0x33333338

mem[X,0x80002384] -> 0x3F37
mem[X,0x80002386] -> 0x3333
[2278] [M]: 0x80002384 (0x33333F37) lui t5, 0x33333
x30 <- 0x33333000

mem[X,0x80002388] -> 0x0F13
mem[X,0x8000238A] -> 0x334F
[2279] [M]: 0x80002388 (0x334F0F13) addi t5, t5, 0x334
x30 <- 0x33333334

mem[X,0x8000238C] -> 0x3EB7
mem[X,0x8000238E] -> 0x3333
[2280] [M]: 0x8000238C (0x33333EB7) lui t4, 0x33333
x29 <- 0x33333000

mem[X,0x80002390] -> 0x8E93
mem[X,0x80002392] -> 0x334E
[2281] [M]: 0x80002390 (0x334E8E93) addi t4, t4, 0x334
x29 <- 0x33333334

mem[X,0x80002394] -> 0x0FB3
mem[X,0x80002396] -> 0x03DF
[2282] [M]: 0x80002394 (0x03DF0FB3) mul t6, t5, t4
x31 <- 0x28F5C290

mem[X,0x80002398] -> 0x2223
mem[X,0x8000239A] -> 0x1FF4
[2283] [M]: 0x80002398 (0x1FF42223) sw t6, 0x1e4(fp)
mem[0x8000675C] <- 0x28F5C290

mem[X,0x8000239C] -> 0x3F37
mem[X,0x8000239E] -> 0x3333
[2284] [M]: 0x8000239C (0x33333F37) lui t5, 0x33333
x30 <- 0x33333000

mem[X,0x800023A0] -> 0x0F13
mem[X,0x800023A2] -> 0x334F
[2285] [M]: 0x800023A0 (0x334F0F13) addi t5, t5, 0x334
x30 <- 0x33333334

mem[X,0x800023A4] -> 0x6EB7
mem[X,0x800023A6] -> 0x6666
[2286] [M]: 0x800023A4 (0x66666EB7) lui t4, 0x66666
x29 <- 0x66666000

mem[X,0x800023A8] -> 0x8E93
mem[X,0x800023AA] -> 0x667E
[2287] [M]: 0x800023A8 (0x667E8E93) addi t4, t4, 0x667
x29 <- 0x66666667

mem[X,0x800023AC] -> 0x0FB3
mem[X,0x800023AE] -> 0x03DF
[2288] [M]: 0x800023AC (0x03DF0FB3) mul t6, t5, t4
x31 <- 0x1EB851EC

mem[X,0x800023B0] -> 0x2423
mem[X,0x800023B2] -> 0x1FF4
[2289] [M]: 0x800023B0 (0x1FF42423) sw t6, 0x1e8(fp)
mem[0x80006760] <- 0x1EB851EC

mem[X,0x800023B4] -> 0x3F37
mem[X,0x800023B6] -> 0x3333
[2290] [M]: 0x800023B4 (0x33333F37) lui t5, 0x33333
x30 <- 0x33333000

mem[X,0x800023B8] -> 0x0F13
mem[X,0x800023BA] -> 0x334F
[2291] [M]: 0x800023B8 (0x334F0F13) addi t5, t5, 0x334
x30 <- 0x33333334

mem[X,0x800023BC] -> 0x5EB7
mem[X,0x800023BE] -> 0xFFFF
[2292] [M]: 0x800023BC (0xFFFF5EB7) lui t4, -0xb
x29 <- 0xFFFF5000

mem[X,0x800023C0] -> 0x8E93
mem[X,0x800023C2] -> 0xAFDE
[2293] [M]: 0x800023C0 (0xAFDE8E93) addi t4, t4, -0x503
x29 <- 0xFFFF4AFD

mem[X,0x800023C4] -> 0x0FB3
mem[X,0x800023C6] -> 0x03DF
[2294] [M]: 0x800023C4 (0x03DF0FB3) mul t6, t5, t4
x31 <- 0x3332A264

mem[X,0x800023C8] -> 0x2623
mem[X,0x800023CA] -> 0x1FF4
[2295] [M]: 0x800023C8 (0x1FF42623) sw t6, 0x1ec(fp)
mem[0x80006764] <- 0x3332A264

mem[X,0x800023CC] -> 0x3F37
mem[X,0x800023CE] -> 0x3333
[2296] [M]: 0x800023CC (0x33333F37) lui t5, 0x33333
x30 <- 0x33333000

mem[X,0x800023D0] -> 0x0F13
mem[X,0x800023D2] -> 0x334F
[2297] [M]: 0x800023D0 (0x334F0F13) addi t5, t5, 0x334
x30 <- 0x33333334

mem[X,0x800023D4] -> 0xBEB7
mem[X,0x800023D6] -> 0x0000
[2298] [M]: 0x800023D4 (0x0000BEB7) lui t4, 0xb
x29 <- 0x0000B000

mem[X,0x800023D8] -> 0x8E93
mem[X,0x800023DA] -> 0x505E
[2299] [M]: 0x800023D8 (0x505E8E93) addi t4, t4, 0x505
x29 <- 0x0000B505

clint::tick mtime <- 0x0000000000000017
 clint timer pending at mtime 0x0000000000000017
htif::tick 0x0000000000000000
mem[X,0x800023DC] -> 0x0FB3
mem[X,0x800023DE] -> 0x03DF
[2300] [M]: 0x800023DC (0x03DF0FB3) mul t6, t5, t4
x31 <- 0x3333C404

mem[X,0x800023E0] -> 0x2823
mem[X,0x800023E2] -> 0x1FF4
[2301] [M]: 0x800023E0 (0x1FF42823) sw t6, 0x1f0(fp)
mem[0x80006768] <- 0x3333C404

mem[X,0x800023E4] -> 0x6F37
mem[X,0x800023E6] -> 0x6666
[2302] [M]: 0x800023E4 (0x66666F37) lui t5, 0x66666
x30 <- 0x66666000

mem[X,0x800023E8] -> 0x0F13
mem[X,0x800023EA] -> 0x667F
[2303] [M]: 0x800023E8 (0x667F0F13) addi t5, t5, 0x667
x30 <- 0x66666667

mem[X,0x800023EC] -> 0x0E93
mem[X,0x800023EE] -> 0x0030
[2304] [M]: 0x800023EC (0x00300E93) addi t4, zero, 0x3
x29 <- 0x00000003

mem[X,0x800023F0] -> 0x0FB3
mem[X,0x800023F2] -> 0x03DF
[2305] [M]: 0x800023F0 (0x03DF0FB3) mul t6, t5, t4
x31 <- 0x33333335

mem[X,0x800023F4] -> 0x2A23
mem[X,0x800023F6] -> 0x1FF4
[2306] [M]: 0x800023F4 (0x1FF42A23) sw t6, 0x1f4(fp)
mem[0x8000676C] <- 0x33333335

mem[X,0x800023F8] -> 0x6F37
mem[X,0x800023FA] -> 0x6666
[2307] [M]: 0x800023F8 (0x66666F37) lui t5, 0x66666
x30 <- 0x66666000

mem[X,0x800023FC] -> 0x0F13
mem[X,0x800023FE] -> 0x667F
[2308] [M]: 0x800023FC (0x667F0F13) addi t5, t5, 0x667
x30 <- 0x66666667

mem[X,0x80002400] -> 0x5EB7
mem[X,0x80002402] -> 0x5555
[2309] [M]: 0x80002400 (0x55555EB7) lui t4, 0x55555
x29 <- 0x55555000

mem[X,0x80002404] -> 0x8E93
mem[X,0x80002406] -> 0x555E
[2310] [M]: 0x80002404 (0x555E8E93) addi t4, t4, 0x555
x29 <- 0x55555555

mem[X,0x80002408] -> 0x0FB3
mem[X,0x8000240A] -> 0x03DF
[2311] [M]: 0x80002408 (0x03DF0FB3) mul t6, t5, t4
x31 <- 0x33333333

mem[X,0x8000240C] -> 0x2C23
mem[X,0x8000240E] -> 0x1FF4
[2312] [M]: 0x8000240C (0x1FF42C23) sw t6, 0x1f8(fp)
mem[0x80006770] <- 0x33333333

mem[X,0x80002410] -> 0x6F37
mem[X,0x80002412] -> 0x6666
[2313] [M]: 0x80002410 (0x66666F37) lui t5, 0x66666
x30 <- 0x66666000

mem[X,0x80002414] -> 0x0F13
mem[X,0x80002416] -> 0x667F
[2314] [M]: 0x80002414 (0x667F0F13) addi t5, t5, 0x667
x30 <- 0x66666667

mem[X,0x80002418] -> 0xBEB7
mem[X,0x8000241A] -> 0xAAAA
[2315] [M]: 0x80002418 (0xAAAABEB7) lui t4, -0x55555
x29 <- 0xAAAAB000

mem[X,0x8000241C] -> 0x8E93
mem[X,0x8000241E] -> 0xAAAE
[2316] [M]: 0x8000241C (0xAAAE8E93) addi t4, t4, -0x556
x29 <- 0xAAAAAAAA

mem[X,0x80002420] -> 0x0FB3
mem[X,0x80002422] -> 0x03DF
[2317] [M]: 0x80002420 (0x03DF0FB3) mul t6, t5, t4
x31 <- 0x66666666

mem[X,0x80002424] -> 0x2E23
mem[X,0x80002426] -> 0x1FF4
[2318] [M]: 0x80002424 (0x1FF42E23) sw t6, 0x1fc(fp)
mem[0x80006774] <- 0x66666666

mem[X,0x80002428] -> 0x6F37
mem[X,0x8000242A] -> 0x6666
[2319] [M]: 0x80002428 (0x66666F37) lui t5, 0x66666
x30 <- 0x66666000

mem[X,0x8000242C] -> 0x0F13
mem[X,0x8000242E] -> 0x667F
[2320] [M]: 0x8000242C (0x667F0F13) addi t5, t5, 0x667
x30 <- 0x66666667

mem[X,0x80002430] -> 0x0E93
mem[X,0x80002432] -> 0x0050
[2321] [M]: 0x80002430 (0x00500E93) addi t4, zero, 0x5
x29 <- 0x00000005

mem[X,0x80002434] -> 0x0FB3
mem[X,0x80002436] -> 0x03DF
[2322] [M]: 0x80002434 (0x03DF0FB3) mul t6, t5, t4
x31 <- 0x00000003

mem[X,0x80002438] -> 0x2023
mem[X,0x8000243A] -> 0x21F4
[2323] [M]: 0x80002438 (0x21F42023) sw t6, 0x200(fp)
mem[0x80006778] <- 0x00000003

mem[X,0x8000243C] -> 0x6F37
mem[X,0x8000243E] -> 0x6666
[2324] [M]: 0x8000243C (0x66666F37) lui t5, 0x66666
x30 <- 0x66666000

mem[X,0x80002440] -> 0x0F13
mem[X,0x80002442] -> 0x667F
[2325] [M]: 0x80002440 (0x667F0F13) addi t5, t5, 0x667
x30 <- 0x66666667

mem[X,0x80002444] -> 0x3EB7
mem[X,0x80002446] -> 0x3333
[2326] [M]: 0x80002444 (0x33333EB7) lui t4, 0x33333
x29 <- 0x33333000

mem[X,0x80002448] -> 0x8E93
mem[X,0x8000244A] -> 0x333E
[2327] [M]: 0x80002448 (0x333E8E93) addi t4, t4, 0x333
x29 <- 0x33333333

mem[X,0x8000244C] -> 0x0FB3
mem[X,0x8000244E] -> 0x03DF
[2328] [M]: 0x8000244C (0x03DF0FB3) mul t6, t5, t4
x31 <- 0xB851EB85

mem[X,0x80002450] -> 0x2223
mem[X,0x80002452] -> 0x21F4
[2329] [M]: 0x80002450 (0x21F42223) sw t6, 0x204(fp)
mem[0x8000677C] <- 0xB851EB85

mem[X,0x80002454] -> 0x6F37
mem[X,0x80002456] -> 0x6666
[2330] [M]: 0x80002454 (0x66666F37) lui t5, 0x66666
x30 <- 0x66666000

mem[X,0x80002458] -> 0x0F13
mem[X,0x8000245A] -> 0x667F
[2331] [M]: 0x80002458 (0x667F0F13) addi t5, t5, 0x667
x30 <- 0x66666667

mem[X,0x8000245C] -> 0x6EB7
mem[X,0x8000245E] -> 0x6666
[2332] [M]: 0x8000245C (0x66666EB7) lui t4, 0x66666
x29 <- 0x66666000

mem[X,0x80002460] -> 0x8E93
mem[X,0x80002462] -> 0x666E
[2333] [M]: 0x80002460 (0x666E8E93) addi t4, t4, 0x666
x29 <- 0x66666666

mem[X,0x80002464] -> 0x0FB3
mem[X,0x80002466] -> 0x03DF
[2334] [M]: 0x80002464 (0x03DF0FB3) mul t6, t5, t4
x31 <- 0x70A3D70A

mem[X,0x80002468] -> 0x2423
mem[X,0x8000246A] -> 0x21F4
[2335] [M]: 0x80002468 (0x21F42423) sw t6, 0x208(fp)
mem[0x80006780] <- 0x70A3D70A

mem[X,0x8000246C] -> 0x6F37
mem[X,0x8000246E] -> 0x6666
[2336] [M]: 0x8000246C (0x66666F37) lui t5, 0x66666
x30 <- 0x66666000

mem[X,0x80002470] -> 0x0F13
mem[X,0x80002472] -> 0x667F
[2337] [M]: 0x80002470 (0x667F0F13) addi t5, t5, 0x667
x30 <- 0x66666667

mem[X,0x80002474] -> 0x5EB7
mem[X,0x80002476] -> 0xFFFF
[2338] [M]: 0x80002474 (0xFFFF5EB7) lui t4, -0xb
x29 <- 0xFFFF5000

mem[X,0x80002478] -> 0x8E93
mem[X,0x8000247A] -> 0xAFCE
[2339] [M]: 0x80002478 (0xAFCE8E93) addi t4, t4, -0x504
x29 <- 0xFFFF4AFC

mem[X,0x8000247C] -> 0x0FB3
mem[X,0x8000247E] -> 0x03DF
[2340] [M]: 0x8000247C (0x03DF0FB3) mul t6, t5, t4
x31 <- 0xFFFF9364

mem[X,0x80002480] -> 0x2623
mem[X,0x80002482] -> 0x21F4
[2341] [M]: 0x80002480 (0x21F42623) sw t6, 0x20c(fp)
mem[0x80006784] <- 0xFFFF9364

mem[X,0x80002484] -> 0x6F37
mem[X,0x80002486] -> 0x6666
[2342] [M]: 0x80002484 (0x66666F37) lui t5, 0x66666
x30 <- 0x66666000

mem[X,0x80002488] -> 0x0F13
mem[X,0x8000248A] -> 0x667F
[2343] [M]: 0x80002488 (0x667F0F13) addi t5, t5, 0x667
x30 <- 0x66666667

mem[X,0x8000248C] -> 0xBEB7
mem[X,0x8000248E] -> 0x0000
[2344] [M]: 0x8000248C (0x0000BEB7) lui t4, 0xb
x29 <- 0x0000B000

mem[X,0x80002490] -> 0x8E93
mem[X,0x80002492] -> 0x504E
[2345] [M]: 0x80002490 (0x504E8E93) addi t4, t4, 0x504
x29 <- 0x0000B504

mem[X,0x80002494] -> 0x0FB3
mem[X,0x80002496] -> 0x03DF
[2346] [M]: 0x80002494 (0x03DF0FB3) mul t6, t5, t4
x31 <- 0x00006C9C

mem[X,0x80002498] -> 0x2823
mem[X,0x8000249A] -> 0x21F4
[2347] [M]: 0x80002498 (0x21F42823) sw t6, 0x210(fp)
mem[0x80006788] <- 0x00006C9C

mem[X,0x8000249C] -> 0x6F37
mem[X,0x8000249E] -> 0x6666
[2348] [M]: 0x8000249C (0x66666F37) lui t5, 0x66666
x30 <- 0x66666000

mem[X,0x800024A0] -> 0x0F13
mem[X,0x800024A2] -> 0x667F
[2349] [M]: 0x800024A0 (0x667F0F13) addi t5, t5, 0x667
x30 <- 0x66666667

mem[X,0x800024A4] -> 0x0E93
mem[X,0x800024A6] -> 0x0020
[2350] [M]: 0x800024A4 (0x00200E93) addi t4, zero, 0x2
x29 <- 0x00000002

mem[X,0x800024A8] -> 0x0FB3
mem[X,0x800024AA] -> 0x03DF
[2351] [M]: 0x800024A8 (0x03DF0FB3) mul t6, t5, t4
x31 <- 0xCCCCCCCE

mem[X,0x800024AC] -> 0x2A23
mem[X,0x800024AE] -> 0x21F4
[2352] [M]: 0x800024AC (0x21F42A23) sw t6, 0x214(fp)
mem[0x8000678C] <- 0xCCCCCCCE

mem[X,0x800024B0] -> 0x6F37
mem[X,0x800024B2] -> 0x6666
[2353] [M]: 0x800024B0 (0x66666F37) lui t5, 0x66666
x30 <- 0x66666000

mem[X,0x800024B4] -> 0x0F13
mem[X,0x800024B6] -> 0x667F
[2354] [M]: 0x800024B4 (0x667F0F13) addi t5, t5, 0x667
x30 <- 0x66666667

mem[X,0x800024B8] -> 0x5EB7
mem[X,0x800024BA] -> 0x5555
[2355] [M]: 0x800024B8 (0x55555EB7) lui t4, 0x55555
x29 <- 0x55555000

mem[X,0x800024BC] -> 0x8E93
mem[X,0x800024BE] -> 0x554E
[2356] [M]: 0x800024BC (0x554E8E93) addi t4, t4, 0x554
x29 <- 0x55555554

mem[X,0x800024C0] -> 0x0FB3
mem[X,0x800024C2] -> 0x03DF
[2357] [M]: 0x800024C0 (0x03DF0FB3) mul t6, t5, t4
x31 <- 0xCCCCCCCC

mem[X,0x800024C4] -> 0x2C23
mem[X,0x800024C6] -> 0x21F4
[2358] [M]: 0x800024C4 (0x21F42C23) sw t6, 0x218(fp)
mem[0x80006790] <- 0xCCCCCCCC

mem[X,0x800024C8] -> 0x6F37
mem[X,0x800024CA] -> 0x6666
[2359] [M]: 0x800024C8 (0x66666F37) lui t5, 0x66666
x30 <- 0x66666000

mem[X,0x800024CC] -> 0x0F13
mem[X,0x800024CE] -> 0x667F
[2360] [M]: 0x800024CC (0x667F0F13) addi t5, t5, 0x667
x30 <- 0x66666667

mem[X,0x800024D0] -> 0x3EB7
mem[X,0x800024D2] -> 0x3333
[2361] [M]: 0x800024D0 (0x33333EB7) lui t4, 0x33333
x29 <- 0x33333000

mem[X,0x800024D4] -> 0x8E93
mem[X,0x800024D6] -> 0x332E
[2362] [M]: 0x800024D4 (0x332E8E93) addi t4, t4, 0x332
x29 <- 0x33333332

mem[X,0x800024D8] -> 0x0FB3
mem[X,0x800024DA] -> 0x03DF
[2363] [M]: 0x800024D8 (0x03DF0FB3) mul t6, t5, t4
x31 <- 0x51EB851E

mem[X,0x800024DC] -> 0x2E23
mem[X,0x800024DE] -> 0x21F4
[2364] [M]: 0x800024DC (0x21F42E23) sw t6, 0x21c(fp)
mem[0x80006794] <- 0x51EB851E

mem[X,0x800024E0] -> 0x6F37
mem[X,0x800024E2] -> 0x6666
[2365] [M]: 0x800024E0 (0x66666F37) lui t5, 0x66666
x30 <- 0x66666000

mem[X,0x800024E4] -> 0x0F13
mem[X,0x800024E6] -> 0x667F
[2366] [M]: 0x800024E4 (0x667F0F13) addi t5, t5, 0x667
x30 <- 0x66666667

mem[X,0x800024E8] -> 0x6EB7
mem[X,0x800024EA] -> 0x6666
[2367] [M]: 0x800024E8 (0x66666EB7) lui t4, 0x66666
x29 <- 0x66666000

mem[X,0x800024EC] -> 0x8E93
mem[X,0x800024EE] -> 0x665E
[2368] [M]: 0x800024EC (0x665E8E93) addi t4, t4, 0x665
x29 <- 0x66666665

mem[X,0x800024F0] -> 0x0FB3
mem[X,0x800024F2] -> 0x03DF
[2369] [M]: 0x800024F0 (0x03DF0FB3) mul t6, t5, t4
x31 <- 0x0A3D70A3

mem[X,0x800024F4] -> 0x2023
mem[X,0x800024F6] -> 0x23F4
[2370] [M]: 0x800024F4 (0x23F42023) sw t6, 0x220(fp)
mem[0x80006798] <- 0x0A3D70A3

mem[X,0x800024F8] -> 0x6F37
mem[X,0x800024FA] -> 0x6666
[2371] [M]: 0x800024F8 (0x66666F37) lui t5, 0x66666
x30 <- 0x66666000

mem[X,0x800024FC] -> 0x0F13
mem[X,0x800024FE] -> 0x667F
[2372] [M]: 0x800024FC (0x667F0F13) addi t5, t5, 0x667
x30 <- 0x66666667

mem[X,0x80002500] -> 0x0E93
mem[X,0x80002502] -> 0x0000
[2373] [M]: 0x80002500 (0x00000E93) addi t4, zero, 0x0
x29 <- 0x00000000

mem[X,0x80002504] -> 0x0FB3
mem[X,0x80002506] -> 0x03DF
[2374] [M]: 0x80002504 (0x03DF0FB3) mul t6, t5, t4
x31 <- 0x00000000

mem[X,0x80002508] -> 0x2223
mem[X,0x8000250A] -> 0x23F4
[2375] [M]: 0x80002508 (0x23F42223) sw t6, 0x224(fp)
mem[0x8000679C] <- 0x00000000

mem[X,0x8000250C] -> 0x6F37
mem[X,0x8000250E] -> 0x6666
[2376] [M]: 0x8000250C (0x66666F37) lui t5, 0x66666
x30 <- 0x66666000

mem[X,0x80002510] -> 0x0F13
mem[X,0x80002512] -> 0x667F
[2377] [M]: 0x80002510 (0x667F0F13) addi t5, t5, 0x667
x30 <- 0x66666667

mem[X,0x80002514] -> 0xBEB7
mem[X,0x80002516] -> 0x0000
[2378] [M]: 0x80002514 (0x0000BEB7) lui t4, 0xb
x29 <- 0x0000B000

mem[X,0x80002518] -> 0x8E93
mem[X,0x8000251A] -> 0x503E
[2379] [M]: 0x80002518 (0x503E8E93) addi t4, t4, 0x503
x29 <- 0x0000B503

mem[X,0x8000251C] -> 0x0FB3
mem[X,0x8000251E] -> 0x03DF
[2380] [M]: 0x8000251C (0x03DF0FB3) mul t6, t5, t4
x31 <- 0x999A0635

mem[X,0x80002520] -> 0x2423
mem[X,0x80002522] -> 0x23F4
[2381] [M]: 0x80002520 (0x23F42423) sw t6, 0x228(fp)
mem[0x800067A0] <- 0x999A0635

mem[X,0x80002524] -> 0x6F37
mem[X,0x80002526] -> 0x6666
[2382] [M]: 0x80002524 (0x66666F37) lui t5, 0x66666
x30 <- 0x66666000

mem[X,0x80002528] -> 0x0F13
mem[X,0x8000252A] -> 0x667F
[2383] [M]: 0x80002528 (0x667F0F13) addi t5, t5, 0x667
x30 <- 0x66666667

mem[X,0x8000252C] -> 0x0E93
mem[X,0x8000252E] -> 0x0040
[2384] [M]: 0x8000252C (0x00400E93) addi t4, zero, 0x4
x29 <- 0x00000004

mem[X,0x80002530] -> 0x0FB3
mem[X,0x80002532] -> 0x03DF
[2385] [M]: 0x80002530 (0x03DF0FB3) mul t6, t5, t4
x31 <- 0x9999999C

mem[X,0x80002534] -> 0x2623
mem[X,0x80002536] -> 0x23F4
[2386] [M]: 0x80002534 (0x23F42623) sw t6, 0x22c(fp)
mem[0x800067A4] <- 0x9999999C

mem[X,0x80002538] -> 0x6F37
mem[X,0x8000253A] -> 0x6666
[2387] [M]: 0x80002538 (0x66666F37) lui t5, 0x66666
x30 <- 0x66666000

mem[X,0x8000253C] -> 0x0F13
mem[X,0x8000253E] -> 0x667F
[2388] [M]: 0x8000253C (0x667F0F13) addi t5, t5, 0x667
x30 <- 0x66666667

mem[X,0x80002540] -> 0x5EB7
mem[X,0x80002542] -> 0x5555
[2389] [M]: 0x80002540 (0x55555EB7) lui t4, 0x55555
x29 <- 0x55555000

mem[X,0x80002544] -> 0x8E93
mem[X,0x80002546] -> 0x556E
[2390] [M]: 0x80002544 (0x556E8E93) addi t4, t4, 0x556
x29 <- 0x55555556

mem[X,0x80002548] -> 0x0FB3
mem[X,0x8000254A] -> 0x03DF
[2391] [M]: 0x80002548 (0x03DF0FB3) mul t6, t5, t4
x31 <- 0x9999999A

mem[X,0x8000254C] -> 0x2823
mem[X,0x8000254E] -> 0x23F4
[2392] [M]: 0x8000254C (0x23F42823) sw t6, 0x230(fp)
mem[0x800067A8] <- 0x9999999A

mem[X,0x80002550] -> 0x6F37
mem[X,0x80002552] -> 0x6666
[2393] [M]: 0x80002550 (0x66666F37) lui t5, 0x66666
x30 <- 0x66666000

mem[X,0x80002554] -> 0x0F13
mem[X,0x80002556] -> 0x667F
[2394] [M]: 0x80002554 (0x667F0F13) addi t5, t5, 0x667
x30 <- 0x66666667

mem[X,0x80002558] -> 0xBEB7
mem[X,0x8000255A] -> 0xAAAA
[2395] [M]: 0x80002558 (0xAAAABEB7) lui t4, -0x55555
x29 <- 0xAAAAB000

mem[X,0x8000255C] -> 0x8E93
mem[X,0x8000255E] -> 0xAABE
[2396] [M]: 0x8000255C (0xAABE8E93) addi t4, t4, -0x555
x29 <- 0xAAAAAAAB

mem[X,0x80002560] -> 0x0FB3
mem[X,0x80002562] -> 0x03DF
[2397] [M]: 0x80002560 (0x03DF0FB3) mul t6, t5, t4
x31 <- 0xCCCCCCCD

mem[X,0x80002564] -> 0x2A23
mem[X,0x80002566] -> 0x23F4
[2398] [M]: 0x80002564 (0x23F42A23) sw t6, 0x234(fp)
mem[0x800067AC] <- 0xCCCCCCCD

mem[X,0x80002568] -> 0x6F37
mem[X,0x8000256A] -> 0x6666
[2399] [M]: 0x80002568 (0x66666F37) lui t5, 0x66666
x30 <- 0x66666000

clint::tick mtime <- 0x0000000000000018
 clint timer pending at mtime 0x0000000000000018
htif::tick 0x0000000000000000
mem[X,0x8000256C] -> 0x0F13
mem[X,0x8000256E] -> 0x667F
[2400] [M]: 0x8000256C (0x667F0F13) addi t5, t5, 0x667
x30 <- 0x66666667

mem[X,0x80002570] -> 0x0E93
mem[X,0x80002572] -> 0x0060
[2401] [M]: 0x80002570 (0x00600E93) addi t4, zero, 0x6
x29 <- 0x00000006

mem[X,0x80002574] -> 0x0FB3
mem[X,0x80002576] -> 0x03DF
[2402] [M]: 0x80002574 (0x03DF0FB3) mul t6, t5, t4
x31 <- 0x6666666A

mem[X,0x80002578] -> 0x2C23
mem[X,0x8000257A] -> 0x23F4
[2403] [M]: 0x80002578 (0x23F42C23) sw t6, 0x238(fp)
mem[0x800067B0] <- 0x6666666A

mem[X,0x8000257C] -> 0x6F37
mem[X,0x8000257E] -> 0x6666
[2404] [M]: 0x8000257C (0x66666F37) lui t5, 0x66666
x30 <- 0x66666000

mem[X,0x80002580] -> 0x0F13
mem[X,0x80002582] -> 0x667F
[2405] [M]: 0x80002580 (0x667F0F13) addi t5, t5, 0x667
x30 <- 0x66666667

mem[X,0x80002584] -> 0x3EB7
mem[X,0x80002586] -> 0x3333
[2406] [M]: 0x80002584 (0x33333EB7) lui t4, 0x33333
x29 <- 0x33333000

mem[X,0x80002588] -> 0x8E93
mem[X,0x8000258A] -> 0x334E
[2407] [M]: 0x80002588 (0x334E8E93) addi t4, t4, 0x334
x29 <- 0x33333334

mem[X,0x8000258C] -> 0x0FB3
mem[X,0x8000258E] -> 0x03DF
[2408] [M]: 0x8000258C (0x03DF0FB3) mul t6, t5, t4
x31 <- 0x1EB851EC

mem[X,0x80002590] -> 0x2E23
mem[X,0x80002592] -> 0x23F4
[2409] [M]: 0x80002590 (0x23F42E23) sw t6, 0x23c(fp)
mem[0x800067B4] <- 0x1EB851EC

mem[X,0x80002594] -> 0x6F37
mem[X,0x80002596] -> 0x6666
[2410] [M]: 0x80002594 (0x66666F37) lui t5, 0x66666
x30 <- 0x66666000

mem[X,0x80002598] -> 0x0F13
mem[X,0x8000259A] -> 0x667F
[2411] [M]: 0x80002598 (0x667F0F13) addi t5, t5, 0x667
x30 <- 0x66666667

mem[X,0x8000259C] -> 0x6EB7
mem[X,0x8000259E] -> 0x6666
[2412] [M]: 0x8000259C (0x66666EB7) lui t4, 0x66666
x29 <- 0x66666000

mem[X,0x800025A0] -> 0x8E93
mem[X,0x800025A2] -> 0x667E
[2413] [M]: 0x800025A0 (0x667E8E93) addi t4, t4, 0x667
x29 <- 0x66666667

mem[X,0x800025A4] -> 0x0FB3
mem[X,0x800025A6] -> 0x03DF
[2414] [M]: 0x800025A4 (0x03DF0FB3) mul t6, t5, t4
x31 <- 0xD70A3D71

mem[X,0x800025A8] -> 0x2023
mem[X,0x800025AA] -> 0x25F4
[2415] [M]: 0x800025A8 (0x25F42023) sw t6, 0x240(fp)
mem[0x800067B8] <- 0xD70A3D71

mem[X,0x800025AC] -> 0x6F37
mem[X,0x800025AE] -> 0x6666
[2416] [M]: 0x800025AC (0x66666F37) lui t5, 0x66666
x30 <- 0x66666000

mem[X,0x800025B0] -> 0x0F13
mem[X,0x800025B2] -> 0x667F
[2417] [M]: 0x800025B0 (0x667F0F13) addi t5, t5, 0x667
x30 <- 0x66666667

mem[X,0x800025B4] -> 0x5EB7
mem[X,0x800025B6] -> 0xFFFF
[2418] [M]: 0x800025B4 (0xFFFF5EB7) lui t4, -0xb
x29 <- 0xFFFF5000

mem[X,0x800025B8] -> 0x8E93
mem[X,0x800025BA] -> 0xAFDE
[2419] [M]: 0x800025B8 (0xAFDE8E93) addi t4, t4, -0x503
x29 <- 0xFFFF4AFD

mem[X,0x800025BC] -> 0x0FB3
mem[X,0x800025BE] -> 0x03DF
[2420] [M]: 0x800025BC (0x03DF0FB3) mul t6, t5, t4
x31 <- 0x6665F9CB

mem[X,0x800025C0] -> 0x2223
mem[X,0x800025C2] -> 0x25F4
[2421] [M]: 0x800025C0 (0x25F42223) sw t6, 0x244(fp)
mem[0x800067BC] <- 0x6665F9CB

mem[X,0x800025C4] -> 0x6F37
mem[X,0x800025C6] -> 0x6666
[2422] [M]: 0x800025C4 (0x66666F37) lui t5, 0x66666
x30 <- 0x66666000

mem[X,0x800025C8] -> 0x0F13
mem[X,0x800025CA] -> 0x667F
[2423] [M]: 0x800025C8 (0x667F0F13) addi t5, t5, 0x667
x30 <- 0x66666667

mem[X,0x800025CC] -> 0xBEB7
mem[X,0x800025CE] -> 0x0000
[2424] [M]: 0x800025CC (0x0000BEB7) lui t4, 0xb
x29 <- 0x0000B000

mem[X,0x800025D0] -> 0x8E93
mem[X,0x800025D2] -> 0x505E
[2425] [M]: 0x800025D0 (0x505E8E93) addi t4, t4, 0x505
x29 <- 0x0000B505

mem[X,0x800025D4] -> 0x0FB3
mem[X,0x800025D6] -> 0x03DF
[2426] [M]: 0x800025D4 (0x03DF0FB3) mul t6, t5, t4
x31 <- 0x6666D303

mem[X,0x800025D8] -> 0x2423
mem[X,0x800025DA] -> 0x25F4
[2427] [M]: 0x800025D8 (0x25F42423) sw t6, 0x248(fp)
mem[0x800067C0] <- 0x6666D303

mem[X,0x800025DC] -> 0x5F37
mem[X,0x800025DE] -> 0xFFFF
[2428] [M]: 0x800025DC (0xFFFF5F37) lui t5, -0xb
x30 <- 0xFFFF5000

mem[X,0x800025E0] -> 0x0F13
mem[X,0x800025E2] -> 0xAFDF
[2429] [M]: 0x800025E0 (0xAFDF0F13) addi t5, t5, -0x503
x30 <- 0xFFFF4AFD

mem[X,0x800025E4] -> 0x0E93
mem[X,0x800025E6] -> 0x0030
[2430] [M]: 0x800025E4 (0x00300E93) addi t4, zero, 0x3
x29 <- 0x00000003

mem[X,0x800025E8] -> 0x0FB3
mem[X,0x800025EA] -> 0x03DF
[2431] [M]: 0x800025E8 (0x03DF0FB3) mul t6, t5, t4
x31 <- 0xFFFDE0F7

mem[X,0x800025EC] -> 0x2623
mem[X,0x800025EE] -> 0x25F4
[2432] [M]: 0x800025EC (0x25F42623) sw t6, 0x24c(fp)
mem[0x800067C4] <- 0xFFFDE0F7

mem[X,0x800025F0] -> 0x5F37
mem[X,0x800025F2] -> 0xFFFF
[2433] [M]: 0x800025F0 (0xFFFF5F37) lui t5, -0xb
x30 <- 0xFFFF5000

mem[X,0x800025F4] -> 0x0F13
mem[X,0x800025F6] -> 0xAFDF
[2434] [M]: 0x800025F4 (0xAFDF0F13) addi t5, t5, -0x503
x30 <- 0xFFFF4AFD

mem[X,0x800025F8] -> 0x5EB7
mem[X,0x800025FA] -> 0x5555
[2435] [M]: 0x800025F8 (0x55555EB7) lui t4, 0x55555
x29 <- 0x55555000

mem[X,0x800025FC] -> 0x8E93
mem[X,0x800025FE] -> 0x555E
[2436] [M]: 0x800025FC (0x555E8E93) addi t4, t4, 0x555
x29 <- 0x55555555

mem[X,0x80002600] -> 0x0FB3
mem[X,0x80002602] -> 0x03DF
[2437] [M]: 0x80002600 (0x03DF0FB3) mul t6, t5, t4
x31 <- 0xAAAAE701

mem[X,0x80002604] -> 0x2823
mem[X,0x80002606] -> 0x25F4
[2438] [M]: 0x80002604 (0x25F42823) sw t6, 0x250(fp)
mem[0x800067C8] <- 0xAAAAE701

mem[X,0x80002608] -> 0x5F37
mem[X,0x8000260A] -> 0xFFFF
[2439] [M]: 0x80002608 (0xFFFF5F37) lui t5, -0xb
x30 <- 0xFFFF5000

mem[X,0x8000260C] -> 0x0F13
mem[X,0x8000260E] -> 0xAFDF
[2440] [M]: 0x8000260C (0xAFDF0F13) addi t5, t5, -0x503
x30 <- 0xFFFF4AFD

mem[X,0x80002610] -> 0xBEB7
mem[X,0x80002612] -> 0xAAAA
[2441] [M]: 0x80002610 (0xAAAABEB7) lui t4, -0x55555
x29 <- 0xAAAAB000

mem[X,0x80002614] -> 0x8E93
mem[X,0x80002616] -> 0xAAAE
[2442] [M]: 0x80002614 (0xAAAE8E93) addi t4, t4, -0x556
x29 <- 0xAAAAAAAA

mem[X,0x80002618] -> 0x0FB3
mem[X,0x8000261A] -> 0x03DF
[2443] [M]: 0x80002618 (0x03DF0FB3) mul t6, t5, t4
x31 <- 0x5555CE02

mem[X,0x8000261C] -> 0x2A23
mem[X,0x8000261E] -> 0x25F4
[2444] [M]: 0x8000261C (0x25F42A23) sw t6, 0x254(fp)
mem[0x800067CC] <- 0x5555CE02

mem[X,0x80002620] -> 0x5F37
mem[X,0x80002622] -> 0xFFFF
[2445] [M]: 0x80002620 (0xFFFF5F37) lui t5, -0xb
x30 <- 0xFFFF5000

mem[X,0x80002624] -> 0x0F13
mem[X,0x80002626] -> 0xAFDF
[2446] [M]: 0x80002624 (0xAFDF0F13) addi t5, t5, -0x503
x30 <- 0xFFFF4AFD

mem[X,0x80002628] -> 0x0E93
mem[X,0x8000262A] -> 0x0050
[2447] [M]: 0x80002628 (0x00500E93) addi t4, zero, 0x5
x29 <- 0x00000005

mem[X,0x8000262C] -> 0x0FB3
mem[X,0x8000262E] -> 0x03DF
[2448] [M]: 0x8000262C (0x03DF0FB3) mul t6, t5, t4
x31 <- 0xFFFC76F1

mem[X,0x80002630] -> 0x2C23
mem[X,0x80002632] -> 0x25F4
[2449] [M]: 0x80002630 (0x25F42C23) sw t6, 0x258(fp)
mem[0x800067D0] <- 0xFFFC76F1

mem[X,0x80002634] -> 0x5F37
mem[X,0x80002636] -> 0xFFFF
[2450] [M]: 0x80002634 (0xFFFF5F37) lui t5, -0xb
x30 <- 0xFFFF5000

mem[X,0x80002638] -> 0x0F13
mem[X,0x8000263A] -> 0xAFDF
[2451] [M]: 0x80002638 (0xAFDF0F13) addi t5, t5, -0x503
x30 <- 0xFFFF4AFD

mem[X,0x8000263C] -> 0x3EB7
mem[X,0x8000263E] -> 0x3333
[2452] [M]: 0x8000263C (0x33333EB7) lui t4, 0x33333
x29 <- 0x33333000

mem[X,0x80002640] -> 0x8E93
mem[X,0x80002642] -> 0x333E
[2453] [M]: 0x80002640 (0x333E8E93) addi t4, t4, 0x333
x29 <- 0x33333333

mem[X,0x80002644] -> 0x0FB3
mem[X,0x80002646] -> 0x03DF
[2454] [M]: 0x80002644 (0x03DF0FB3) mul t6, t5, t4
x31 <- 0x33335767

mem[X,0x80002648] -> 0x2E23
mem[X,0x8000264A] -> 0x25F4
[2455] [M]: 0x80002648 (0x25F42E23) sw t6, 0x25c(fp)
mem[0x800067D4] <- 0x33335767

mem[X,0x8000264C] -> 0x5F37
mem[X,0x8000264E] -> 0xFFFF
[2456] [M]: 0x8000264C (0xFFFF5F37) lui t5, -0xb
x30 <- 0xFFFF5000

mem[X,0x80002650] -> 0x0F13
mem[X,0x80002652] -> 0xAFDF
[2457] [M]: 0x80002650 (0xAFDF0F13) addi t5, t5, -0x503
x30 <- 0xFFFF4AFD

mem[X,0x80002654] -> 0x6EB7
mem[X,0x80002656] -> 0x6666
[2458] [M]: 0x80002654 (0x66666EB7) lui t4, 0x66666
x29 <- 0x66666000

mem[X,0x80002658] -> 0x8E93
mem[X,0x8000265A] -> 0x666E
[2459] [M]: 0x80002658 (0x666E8E93) addi t4, t4, 0x666
x29 <- 0x66666666

mem[X,0x8000265C] -> 0x0FB3
mem[X,0x8000265E] -> 0x03DF
[2460] [M]: 0x8000265C (0x03DF0FB3) mul t6, t5, t4
x31 <- 0x6666AECE

mem[X,0x80002660] -> 0x2023
mem[X,0x80002662] -> 0x27F4
[2461] [M]: 0x80002660 (0x27F42023) sw t6, 0x260(fp)
mem[0x800067D8] <- 0x6666AECE

mem[X,0x80002664] -> 0x5F37
mem[X,0x80002666] -> 0xFFFF
[2462] [M]: 0x80002664 (0xFFFF5F37) lui t5, -0xb
x30 <- 0xFFFF5000

mem[X,0x80002668] -> 0x0F13
mem[X,0x8000266A] -> 0xAFDF
[2463] [M]: 0x80002668 (0xAFDF0F13) addi t5, t5, -0x503
x30 <- 0xFFFF4AFD

mem[X,0x8000266C] -> 0x5EB7
mem[X,0x8000266E] -> 0xFFFF
[2464] [M]: 0x8000266C (0xFFFF5EB7) lui t4, -0xb
x29 <- 0xFFFF5000

mem[X,0x80002670] -> 0x8E93
mem[X,0x80002672] -> 0xAFCE
[2465] [M]: 0x80002670 (0xAFCE8E93) addi t4, t4, -0x504
x29 <- 0xFFFF4AFC

mem[X,0x80002674] -> 0x0FB3
mem[X,0x80002676] -> 0x03DF
[2466] [M]: 0x80002674 (0x03DF0FB3) mul t6, t5, t4
x31 <- 0x7FFDF30C

mem[X,0x80002678] -> 0x2223
mem[X,0x8000267A] -> 0x27F4
[2467] [M]: 0x80002678 (0x27F42223) sw t6, 0x264(fp)
mem[0x800067DC] <- 0x7FFDF30C

mem[X,0x8000267C] -> 0x5F37
mem[X,0x8000267E] -> 0xFFFF
[2468] [M]: 0x8000267C (0xFFFF5F37) lui t5, -0xb
x30 <- 0xFFFF5000

mem[X,0x80002680] -> 0x0F13
mem[X,0x80002682] -> 0xAFDF
[2469] [M]: 0x80002680 (0xAFDF0F13) addi t5, t5, -0x503
x30 <- 0xFFFF4AFD

mem[X,0x80002684] -> 0xBEB7
mem[X,0x80002686] -> 0x0000
[2470] [M]: 0x80002684 (0x0000BEB7) lui t4, 0xb
x29 <- 0x0000B000

mem[X,0x80002688] -> 0x8E93
mem[X,0x8000268A] -> 0x504E
[2471] [M]: 0x80002688 (0x504E8E93) addi t4, t4, 0x504
x29 <- 0x0000B504

mem[X,0x8000268C] -> 0x0FB3
mem[X,0x8000268E] -> 0x03DF
[2472] [M]: 0x8000268C (0x03DF0FB3) mul t6, t5, t4
x31 <- 0x80020CF4

mem[X,0x80002690] -> 0x2423
mem[X,0x80002692] -> 0x27F4
[2473] [M]: 0x80002690 (0x27F42423) sw t6, 0x268(fp)
mem[0x800067E0] <- 0x80020CF4

mem[X,0x80002694] -> 0x5F37
mem[X,0x80002696] -> 0xFFFF
[2474] [M]: 0x80002694 (0xFFFF5F37) lui t5, -0xb
x30 <- 0xFFFF5000

mem[X,0x80002698] -> 0x0F13
mem[X,0x8000269A] -> 0xAFDF
[2475] [M]: 0x80002698 (0xAFDF0F13) addi t5, t5, -0x503
x30 <- 0xFFFF4AFD

mem[X,0x8000269C] -> 0x0E93
mem[X,0x8000269E] -> 0x0020
[2476] [M]: 0x8000269C (0x00200E93) addi t4, zero, 0x2
x29 <- 0x00000002

mem[X,0x800026A0] -> 0x0FB3
mem[X,0x800026A2] -> 0x03DF
[2477] [M]: 0x800026A0 (0x03DF0FB3) mul t6, t5, t4
x31 <- 0xFFFE95FA

mem[X,0x800026A4] -> 0x2623
mem[X,0x800026A6] -> 0x27F4
[2478] [M]: 0x800026A4 (0x27F42623) sw t6, 0x26c(fp)
mem[0x800067E4] <- 0xFFFE95FA

mem[X,0x800026A8] -> 0x5F37
mem[X,0x800026AA] -> 0xFFFF
[2479] [M]: 0x800026A8 (0xFFFF5F37) lui t5, -0xb
x30 <- 0xFFFF5000

mem[X,0x800026AC] -> 0x0F13
mem[X,0x800026AE] -> 0xAFDF
[2480] [M]: 0x800026AC (0xAFDF0F13) addi t5, t5, -0x503
x30 <- 0xFFFF4AFD

mem[X,0x800026B0] -> 0x5EB7
mem[X,0x800026B2] -> 0x5555
[2481] [M]: 0x800026B0 (0x55555EB7) lui t4, 0x55555
x29 <- 0x55555000

mem[X,0x800026B4] -> 0x8E93
mem[X,0x800026B6] -> 0x554E
[2482] [M]: 0x800026B4 (0x554E8E93) addi t4, t4, 0x554
x29 <- 0x55555554

mem[X,0x800026B8] -> 0x0FB3
mem[X,0x800026BA] -> 0x03DF
[2483] [M]: 0x800026B8 (0x03DF0FB3) mul t6, t5, t4
x31 <- 0xAAAB9C04

mem[X,0x800026BC] -> 0x2823
mem[X,0x800026BE] -> 0x27F4
[2484] [M]: 0x800026BC (0x27F42823) sw t6, 0x270(fp)
mem[0x800067E8] <- 0xAAAB9C04

mem[X,0x800026C0] -> 0x5F37
mem[X,0x800026C2] -> 0xFFFF
[2485] [M]: 0x800026C0 (0xFFFF5F37) lui t5, -0xb
x30 <- 0xFFFF5000

mem[X,0x800026C4] -> 0x0F13
mem[X,0x800026C6] -> 0xAFDF
[2486] [M]: 0x800026C4 (0xAFDF0F13) addi t5, t5, -0x503
x30 <- 0xFFFF4AFD

mem[X,0x800026C8] -> 0x3EB7
mem[X,0x800026CA] -> 0x3333
[2487] [M]: 0x800026C8 (0x33333EB7) lui t4, 0x33333
x29 <- 0x33333000

mem[X,0x800026CC] -> 0x8E93
mem[X,0x800026CE] -> 0x332E
[2488] [M]: 0x800026CC (0x332E8E93) addi t4, t4, 0x332
x29 <- 0x33333332

mem[X,0x800026D0] -> 0x0FB3
mem[X,0x800026D2] -> 0x03DF
[2489] [M]: 0x800026D0 (0x03DF0FB3) mul t6, t5, t4
x31 <- 0x33340C6A

mem[X,0x800026D4] -> 0x2A23
mem[X,0x800026D6] -> 0x27F4
[2490] [M]: 0x800026D4 (0x27F42A23) sw t6, 0x274(fp)
mem[0x800067EC] <- 0x33340C6A

mem[X,0x800026D8] -> 0x5F37
mem[X,0x800026DA] -> 0xFFFF
[2491] [M]: 0x800026D8 (0xFFFF5F37) lui t5, -0xb
x30 <- 0xFFFF5000

mem[X,0x800026DC] -> 0x0F13
mem[X,0x800026DE] -> 0xAFDF
[2492] [M]: 0x800026DC (0xAFDF0F13) addi t5, t5, -0x503
x30 <- 0xFFFF4AFD

mem[X,0x800026E0] -> 0x6EB7
mem[X,0x800026E2] -> 0x6666
[2493] [M]: 0x800026E0 (0x66666EB7) lui t4, 0x66666
x29 <- 0x66666000

mem[X,0x800026E4] -> 0x8E93
mem[X,0x800026E6] -> 0x665E
[2494] [M]: 0x800026E4 (0x665E8E93) addi t4, t4, 0x665
x29 <- 0x66666665

mem[X,0x800026E8] -> 0x0FB3
mem[X,0x800026EA] -> 0x03DF
[2495] [M]: 0x800026E8 (0x03DF0FB3) mul t6, t5, t4
x31 <- 0x666763D1

mem[X,0x800026EC] -> 0x2C23
mem[X,0x800026EE] -> 0x27F4
[2496] [M]: 0x800026EC (0x27F42C23) sw t6, 0x278(fp)
mem[0x800067F0] <- 0x666763D1

mem[X,0x800026F0] -> 0x5F37
mem[X,0x800026F2] -> 0xFFFF
[2497] [M]: 0x800026F0 (0xFFFF5F37) lui t5, -0xb
x30 <- 0xFFFF5000

mem[X,0x800026F4] -> 0x0F13
mem[X,0x800026F6] -> 0xAFDF
[2498] [M]: 0x800026F4 (0xAFDF0F13) addi t5, t5, -0x503
x30 <- 0xFFFF4AFD

mem[X,0x800026F8] -> 0x0E93
mem[X,0x800026FA] -> 0x0000
[2499] [M]: 0x800026F8 (0x00000E93) addi t4, zero, 0x0
x29 <- 0x00000000

clint::tick mtime <- 0x0000000000000019
 clint timer pending at mtime 0x0000000000000019
htif::tick 0x0000000000000000
mem[X,0x800026FC] -> 0x0FB3
mem[X,0x800026FE] -> 0x03DF
[2500] [M]: 0x800026FC (0x03DF0FB3) mul t6, t5, t4
x31 <- 0x00000000

mem[X,0x80002700] -> 0x2E23
mem[X,0x80002702] -> 0x27F4
[2501] [M]: 0x80002700 (0x27F42E23) sw t6, 0x27c(fp)
mem[0x800067F4] <- 0x00000000

mem[X,0x80002704] -> 0x5F37
mem[X,0x80002706] -> 0xFFFF
[2502] [M]: 0x80002704 (0xFFFF5F37) lui t5, -0xb
x30 <- 0xFFFF5000

mem[X,0x80002708] -> 0x0F13
mem[X,0x8000270A] -> 0xAFDF
[2503] [M]: 0x80002708 (0xAFDF0F13) addi t5, t5, -0x503
x30 <- 0xFFFF4AFD

mem[X,0x8000270C] -> 0xBEB7
mem[X,0x8000270E] -> 0x0000
[2504] [M]: 0x8000270C (0x0000BEB7) lui t4, 0xb
x29 <- 0x0000B000

mem[X,0x80002710] -> 0x8E93
mem[X,0x80002712] -> 0x503E
[2505] [M]: 0x80002710 (0x503E8E93) addi t4, t4, 0x503
x29 <- 0x0000B503

mem[X,0x80002714] -> 0x0FB3
mem[X,0x80002716] -> 0x03DF
[2506] [M]: 0x80002714 (0x03DF0FB3) mul t6, t5, t4
x31 <- 0x8002C1F7

mem[X,0x80002718] -> 0x2023
mem[X,0x8000271A] -> 0x29F4
[2507] [M]: 0x80002718 (0x29F42023) sw t6, 0x280(fp)
mem[0x800067F8] <- 0x8002C1F7

mem[X,0x8000271C] -> 0x5F37
mem[X,0x8000271E] -> 0xFFFF
[2508] [M]: 0x8000271C (0xFFFF5F37) lui t5, -0xb
x30 <- 0xFFFF5000

mem[X,0x80002720] -> 0x0F13
mem[X,0x80002722] -> 0xAFDF
[2509] [M]: 0x80002720 (0xAFDF0F13) addi t5, t5, -0x503
x30 <- 0xFFFF4AFD

mem[X,0x80002724] -> 0x0E93
mem[X,0x80002726] -> 0x0040
[2510] [M]: 0x80002724 (0x00400E93) addi t4, zero, 0x4
x29 <- 0x00000004

mem[X,0x80002728] -> 0x0FB3
mem[X,0x8000272A] -> 0x03DF
[2511] [M]: 0x80002728 (0x03DF0FB3) mul t6, t5, t4
x31 <- 0xFFFD2BF4

mem[X,0x8000272C] -> 0x2223
mem[X,0x8000272E] -> 0x29F4
[2512] [M]: 0x8000272C (0x29F42223) sw t6, 0x284(fp)
mem[0x800067FC] <- 0xFFFD2BF4

mem[X,0x80002730] -> 0x5F37
mem[X,0x80002732] -> 0xFFFF
[2513] [M]: 0x80002730 (0xFFFF5F37) lui t5, -0xb
x30 <- 0xFFFF5000

mem[X,0x80002734] -> 0x0F13
mem[X,0x80002736] -> 0xAFDF
[2514] [M]: 0x80002734 (0xAFDF0F13) addi t5, t5, -0x503
x30 <- 0xFFFF4AFD

mem[X,0x80002738] -> 0x5EB7
mem[X,0x8000273A] -> 0x5555
[2515] [M]: 0x80002738 (0x55555EB7) lui t4, 0x55555
x29 <- 0x55555000

mem[X,0x8000273C] -> 0x8E93
mem[X,0x8000273E] -> 0x556E
[2516] [M]: 0x8000273C (0x556E8E93) addi t4, t4, 0x556
x29 <- 0x55555556

mem[X,0x80002740] -> 0x0FB3
mem[X,0x80002742] -> 0x03DF
[2517] [M]: 0x80002740 (0x03DF0FB3) mul t6, t5, t4
x31 <- 0xAAAA31FE

mem[X,0x80002744] -> 0x2423
mem[X,0x80002746] -> 0x29F4
[2518] [M]: 0x80002744 (0x29F42423) sw t6, 0x288(fp)
mem[0x80006800] <- 0xAAAA31FE

mem[X,0x80002748] -> 0x5F37
mem[X,0x8000274A] -> 0xFFFF
[2519] [M]: 0x80002748 (0xFFFF5F37) lui t5, -0xb
x30 <- 0xFFFF5000

mem[X,0x8000274C] -> 0x0F13
mem[X,0x8000274E] -> 0xAFDF
[2520] [M]: 0x8000274C (0xAFDF0F13) addi t5, t5, -0x503
x30 <- 0xFFFF4AFD

mem[X,0x80002750] -> 0xBEB7
mem[X,0x80002752] -> 0xAAAA
[2521] [M]: 0x80002750 (0xAAAABEB7) lui t4, -0x55555
x29 <- 0xAAAAB000

mem[X,0x80002754] -> 0x8E93
mem[X,0x80002756] -> 0xAABE
[2522] [M]: 0x80002754 (0xAABE8E93) addi t4, t4, -0x555
x29 <- 0xAAAAAAAB

mem[X,0x80002758] -> 0x0FB3
mem[X,0x8000275A] -> 0x03DF
[2523] [M]: 0x80002758 (0x03DF0FB3) mul t6, t5, t4
x31 <- 0x555518FF

mem[X,0x8000275C] -> 0x2623
mem[X,0x8000275E] -> 0x29F4
[2524] [M]: 0x8000275C (0x29F42623) sw t6, 0x28c(fp)
mem[0x80006804] <- 0x555518FF

mem[X,0x80002760] -> 0x5F37
mem[X,0x80002762] -> 0xFFFF
[2525] [M]: 0x80002760 (0xFFFF5F37) lui t5, -0xb
x30 <- 0xFFFF5000

mem[X,0x80002764] -> 0x0F13
mem[X,0x80002766] -> 0xAFDF
[2526] [M]: 0x80002764 (0xAFDF0F13) addi t5, t5, -0x503
x30 <- 0xFFFF4AFD

mem[X,0x80002768] -> 0x0E93
mem[X,0x8000276A] -> 0x0060
[2527] [M]: 0x80002768 (0x00600E93) addi t4, zero, 0x6
x29 <- 0x00000006

mem[X,0x8000276C] -> 0x0FB3
mem[X,0x8000276E] -> 0x03DF
[2528] [M]: 0x8000276C (0x03DF0FB3) mul t6, t5, t4
x31 <- 0xFFFBC1EE

mem[X,0x80002770] -> 0x2823
mem[X,0x80002772] -> 0x29F4
[2529] [M]: 0x80002770 (0x29F42823) sw t6, 0x290(fp)
mem[0x80006808] <- 0xFFFBC1EE

mem[X,0x80002774] -> 0x5F37
mem[X,0x80002776] -> 0xFFFF
[2530] [M]: 0x80002774 (0xFFFF5F37) lui t5, -0xb
x30 <- 0xFFFF5000

mem[X,0x80002778] -> 0x0F13
mem[X,0x8000277A] -> 0xAFDF
[2531] [M]: 0x80002778 (0xAFDF0F13) addi t5, t5, -0x503
x30 <- 0xFFFF4AFD

mem[X,0x8000277C] -> 0x3EB7
mem[X,0x8000277E] -> 0x3333
[2532] [M]: 0x8000277C (0x33333EB7) lui t4, 0x33333
x29 <- 0x33333000

mem[X,0x80002780] -> 0x8E93
mem[X,0x80002782] -> 0x334E
[2533] [M]: 0x80002780 (0x334E8E93) addi t4, t4, 0x334
x29 <- 0x33333334

mem[X,0x80002784] -> 0x0FB3
mem[X,0x80002786] -> 0x03DF
[2534] [M]: 0x80002784 (0x03DF0FB3) mul t6, t5, t4
x31 <- 0x3332A264

mem[X,0x80002788] -> 0x2A23
mem[X,0x8000278A] -> 0x29F4
[2535] [M]: 0x80002788 (0x29F42A23) sw t6, 0x294(fp)
mem[0x8000680C] <- 0x3332A264

mem[X,0x8000278C] -> 0x5F37
mem[X,0x8000278E] -> 0xFFFF
[2536] [M]: 0x8000278C (0xFFFF5F37) lui t5, -0xb
x30 <- 0xFFFF5000

mem[X,0x80002790] -> 0x0F13
mem[X,0x80002792] -> 0xAFDF
[2537] [M]: 0x80002790 (0xAFDF0F13) addi t5, t5, -0x503
x30 <- 0xFFFF4AFD

mem[X,0x80002794] -> 0x6EB7
mem[X,0x80002796] -> 0x6666
[2538] [M]: 0x80002794 (0x66666EB7) lui t4, 0x66666
x29 <- 0x66666000

mem[X,0x80002798] -> 0x8E93
mem[X,0x8000279A] -> 0x667E
[2539] [M]: 0x80002798 (0x667E8E93) addi t4, t4, 0x667
x29 <- 0x66666667

mem[X,0x8000279C] -> 0x0FB3
mem[X,0x8000279E] -> 0x03DF
[2540] [M]: 0x8000279C (0x03DF0FB3) mul t6, t5, t4
x31 <- 0x6665F9CB

mem[X,0x800027A0] -> 0x2C23
mem[X,0x800027A2] -> 0x29F4
[2541] [M]: 0x800027A0 (0x29F42C23) sw t6, 0x298(fp)
mem[0x80006810] <- 0x6665F9CB

mem[X,0x800027A4] -> 0xBF37
mem[X,0x800027A6] -> 0x0000
[2542] [M]: 0x800027A4 (0x0000BF37) lui t5, 0xb
x30 <- 0x0000B000

mem[X,0x800027A8] -> 0x0F13
mem[X,0x800027AA] -> 0x505F
[2543] [M]: 0x800027A8 (0x505F0F13) addi t5, t5, 0x505
x30 <- 0x0000B505

mem[X,0x800027AC] -> 0x0E93
mem[X,0x800027AE] -> 0x0030
[2544] [M]: 0x800027AC (0x00300E93) addi t4, zero, 0x3
x29 <- 0x00000003

mem[X,0x800027B0] -> 0x0FB3
mem[X,0x800027B2] -> 0x03DF
[2545] [M]: 0x800027B0 (0x03DF0FB3) mul t6, t5, t4
x31 <- 0x00021F0F

mem[X,0x800027B4] -> 0x2E23
mem[X,0x800027B6] -> 0x29F4
[2546] [M]: 0x800027B4 (0x29F42E23) sw t6, 0x29c(fp)
mem[0x80006814] <- 0x00021F0F

mem[X,0x800027B8] -> 0xBF37
mem[X,0x800027BA] -> 0x0000
[2547] [M]: 0x800027B8 (0x0000BF37) lui t5, 0xb
x30 <- 0x0000B000

mem[X,0x800027BC] -> 0x0F13
mem[X,0x800027BE] -> 0x505F
[2548] [M]: 0x800027BC (0x505F0F13) addi t5, t5, 0x505
x30 <- 0x0000B505

mem[X,0x800027C0] -> 0x5EB7
mem[X,0x800027C2] -> 0x5555
[2549] [M]: 0x800027C0 (0x55555EB7) lui t4, 0x55555
x29 <- 0x55555000

mem[X,0x800027C4] -> 0x8E93
mem[X,0x800027C6] -> 0x555E
[2550] [M]: 0x800027C4 (0x555E8E93) addi t4, t4, 0x555
x29 <- 0x55555555

mem[X,0x800027C8] -> 0x0FB3
mem[X,0x800027CA] -> 0x03DF
[2551] [M]: 0x800027C8 (0x03DF0FB3) mul t6, t5, t4
x31 <- 0xFFFFC3A9

mem[X,0x800027CC] -> 0x2023
mem[X,0x800027CE] -> 0x2BF4
[2552] [M]: 0x800027CC (0x2BF42023) sw t6, 0x2a0(fp)
mem[0x80006818] <- 0xFFFFC3A9

mem[X,0x800027D0] -> 0xBF37
mem[X,0x800027D2] -> 0x0000
[2553] [M]: 0x800027D0 (0x0000BF37) lui t5, 0xb
x30 <- 0x0000B000

mem[X,0x800027D4] -> 0x0F13
mem[X,0x800027D6] -> 0x505F
[2554] [M]: 0x800027D4 (0x505F0F13) addi t5, t5, 0x505
x30 <- 0x0000B505

mem[X,0x800027D8] -> 0xBEB7
mem[X,0x800027DA] -> 0xAAAA
[2555] [M]: 0x800027D8 (0xAAAABEB7) lui t4, -0x55555
x29 <- 0xAAAAB000

mem[X,0x800027DC] -> 0x8E93
mem[X,0x800027DE] -> 0xAAAE
[2556] [M]: 0x800027DC (0xAAAE8E93) addi t4, t4, -0x556
x29 <- 0xAAAAAAAA

mem[X,0x800027E0] -> 0x0FB3
mem[X,0x800027E2] -> 0x03DF
[2557] [M]: 0x800027E0 (0x03DF0FB3) mul t6, t5, t4
x31 <- 0xFFFF8752

mem[X,0x800027E4] -> 0x2223
mem[X,0x800027E6] -> 0x2BF4
[2558] [M]: 0x800027E4 (0x2BF42223) sw t6, 0x2a4(fp)
mem[0x8000681C] <- 0xFFFF8752

mem[X,0x800027E8] -> 0xBF37
mem[X,0x800027EA] -> 0x0000
[2559] [M]: 0x800027E8 (0x0000BF37) lui t5, 0xb
x30 <- 0x0000B000

mem[X,0x800027EC] -> 0x0F13
mem[X,0x800027EE] -> 0x505F
[2560] [M]: 0x800027EC (0x505F0F13) addi t5, t5, 0x505
x30 <- 0x0000B505

mem[X,0x800027F0] -> 0x0E93
mem[X,0x800027F2] -> 0x0050
[2561] [M]: 0x800027F0 (0x00500E93) addi t4, zero, 0x5
x29 <- 0x00000005

mem[X,0x800027F4] -> 0x0FB3
mem[X,0x800027F6] -> 0x03DF
[2562] [M]: 0x800027F4 (0x03DF0FB3) mul t6, t5, t4
x31 <- 0x00038919

mem[X,0x800027F8] -> 0x2423
mem[X,0x800027FA] -> 0x2BF4
[2563] [M]: 0x800027F8 (0x2BF42423) sw t6, 0x2a8(fp)
mem[0x80006820] <- 0x00038919

mem[X,0x800027FC] -> 0xBF37
mem[X,0x800027FE] -> 0x0000
[2564] [M]: 0x800027FC (0x0000BF37) lui t5, 0xb
x30 <- 0x0000B000

mem[X,0x80002800] -> 0x0F13
mem[X,0x80002802] -> 0x505F
[2565] [M]: 0x80002800 (0x505F0F13) addi t5, t5, 0x505
x30 <- 0x0000B505

mem[X,0x80002804] -> 0x3EB7
mem[X,0x80002806] -> 0x3333
[2566] [M]: 0x80002804 (0x33333EB7) lui t4, 0x33333
x29 <- 0x33333000

mem[X,0x80002808] -> 0x8E93
mem[X,0x8000280A] -> 0x333E
[2567] [M]: 0x80002808 (0x333E8E93) addi t4, t4, 0x333
x29 <- 0x33333333

mem[X,0x8000280C] -> 0x0FB3
mem[X,0x8000280E] -> 0x03DF
[2568] [M]: 0x8000280C (0x03DF0FB3) mul t6, t5, t4
x31 <- 0x33330EFF

mem[X,0x80002810] -> 0x2623
mem[X,0x80002812] -> 0x2BF4
[2569] [M]: 0x80002810 (0x2BF42623) sw t6, 0x2ac(fp)
mem[0x80006824] <- 0x33330EFF

mem[X,0x80002814] -> 0xBF37
mem[X,0x80002816] -> 0x0000
[2570] [M]: 0x80002814 (0x0000BF37) lui t5, 0xb
x30 <- 0x0000B000

mem[X,0x80002818] -> 0x0F13
mem[X,0x8000281A] -> 0x505F
[2571] [M]: 0x80002818 (0x505F0F13) addi t5, t5, 0x505
x30 <- 0x0000B505

mem[X,0x8000281C] -> 0x6EB7
mem[X,0x8000281E] -> 0x6666
[2572] [M]: 0x8000281C (0x66666EB7) lui t4, 0x66666
x29 <- 0x66666000

mem[X,0x80002820] -> 0x8E93
mem[X,0x80002822] -> 0x666E
[2573] [M]: 0x80002820 (0x666E8E93) addi t4, t4, 0x666
x29 <- 0x66666666

mem[X,0x80002824] -> 0x0FB3
mem[X,0x80002826] -> 0x03DF
[2574] [M]: 0x80002824 (0x03DF0FB3) mul t6, t5, t4
x31 <- 0x66661DFE

mem[X,0x80002828] -> 0x2823
mem[X,0x8000282A] -> 0x2BF4
[2575] [M]: 0x80002828 (0x2BF42823) sw t6, 0x2b0(fp)
mem[0x80006828] <- 0x66661DFE

mem[X,0x8000282C] -> 0xBF37
mem[X,0x8000282E] -> 0x0000
[2576] [M]: 0x8000282C (0x0000BF37) lui t5, 0xb
x30 <- 0x0000B000

mem[X,0x80002830] -> 0x0F13
mem[X,0x80002832] -> 0x505F
[2577] [M]: 0x80002830 (0x505F0F13) addi t5, t5, 0x505
x30 <- 0x0000B505

mem[X,0x80002834] -> 0x5EB7
mem[X,0x80002836] -> 0xFFFF
[2578] [M]: 0x80002834 (0xFFFF5EB7) lui t4, -0xb
x29 <- 0xFFFF5000

mem[X,0x80002838] -> 0x8E93
mem[X,0x8000283A] -> 0xAFCE
[2579] [M]: 0x80002838 (0xAFCE8E93) addi t4, t4, -0x504
x29 <- 0xFFFF4AFC

mem[X,0x8000283C] -> 0x0FB3
mem[X,0x8000283E] -> 0x03DF
[2580] [M]: 0x8000283C (0x03DF0FB3) mul t6, t5, t4
x31 <- 0x8000A2EC

mem[X,0x80002840] -> 0x2A23
mem[X,0x80002842] -> 0x2BF4
[2581] [M]: 0x80002840 (0x2BF42A23) sw t6, 0x2b4(fp)
mem[0x8000682C] <- 0x8000A2EC

mem[X,0x80002844] -> 0xBF37
mem[X,0x80002846] -> 0x0000
[2582] [M]: 0x80002844 (0x0000BF37) lui t5, 0xb
x30 <- 0x0000B000

mem[X,0x80002848] -> 0x0F13
mem[X,0x8000284A] -> 0x505F
[2583] [M]: 0x80002848 (0x505F0F13) addi t5, t5, 0x505
x30 <- 0x0000B505

mem[X,0x8000284C] -> 0xBEB7
mem[X,0x8000284E] -> 0x0000
[2584] [M]: 0x8000284C (0x0000BEB7) lui t4, 0xb
x29 <- 0x0000B000

mem[X,0x80002850] -> 0x8E93
mem[X,0x80002852] -> 0x504E
[2585] [M]: 0x80002850 (0x504E8E93) addi t4, t4, 0x504
x29 <- 0x0000B504

mem[X,0x80002854] -> 0x0FB3
mem[X,0x80002856] -> 0x03DF
[2586] [M]: 0x80002854 (0x03DF0FB3) mul t6, t5, t4
x31 <- 0x7FFF5D14

mem[X,0x80002858] -> 0x2C23
mem[X,0x8000285A] -> 0x2BF4
[2587] [M]: 0x80002858 (0x2BF42C23) sw t6, 0x2b8(fp)
mem[0x80006830] <- 0x7FFF5D14

mem[X,0x8000285C] -> 0xBF37
mem[X,0x8000285E] -> 0x0000
[2588] [M]: 0x8000285C (0x0000BF37) lui t5, 0xb
x30 <- 0x0000B000

mem[X,0x80002860] -> 0x0F13
mem[X,0x80002862] -> 0x505F
[2589] [M]: 0x80002860 (0x505F0F13) addi t5, t5, 0x505
x30 <- 0x0000B505

mem[X,0x80002864] -> 0x5EB7
mem[X,0x80002866] -> 0x5555
[2590] [M]: 0x80002864 (0x55555EB7) lui t4, 0x55555
x29 <- 0x55555000

mem[X,0x80002868] -> 0x8E93
mem[X,0x8000286A] -> 0x554E
[2591] [M]: 0x80002868 (0x554E8E93) addi t4, t4, 0x554
x29 <- 0x55555554

mem[X,0x8000286C] -> 0x0FB3
mem[X,0x8000286E] -> 0x03DF
[2592] [M]: 0x8000286C (0x03DF0FB3) mul t6, t5, t4
x31 <- 0xFFFF0EA4

mem[X,0x80002870] -> 0x2E23
mem[X,0x80002872] -> 0x2BF4
[2593] [M]: 0x80002870 (0x2BF42E23) sw t6, 0x2bc(fp)
mem[0x80006834] <- 0xFFFF0EA4

mem[X,0x80002874] -> 0xBF37
mem[X,0x80002876] -> 0x0000
[2594] [M]: 0x80002874 (0x0000BF37) lui t5, 0xb
x30 <- 0x0000B000

mem[X,0x80002878] -> 0x0F13
mem[X,0x8000287A] -> 0x505F
[2595] [M]: 0x80002878 (0x505F0F13) addi t5, t5, 0x505
x30 <- 0x0000B505

mem[X,0x8000287C] -> 0x3EB7
mem[X,0x8000287E] -> 0x3333
[2596] [M]: 0x8000287C (0x33333EB7) lui t4, 0x33333
x29 <- 0x33333000

mem[X,0x80002880] -> 0x8E93
mem[X,0x80002882] -> 0x332E
[2597] [M]: 0x80002880 (0x332E8E93) addi t4, t4, 0x332
x29 <- 0x33333332

mem[X,0x80002884] -> 0x0FB3
mem[X,0x80002886] -> 0x03DF
[2598] [M]: 0x80002884 (0x03DF0FB3) mul t6, t5, t4
x31 <- 0x333259FA

mem[X,0x80002888] -> 0x2023
mem[X,0x8000288A] -> 0x2DF4
[2599] [M]: 0x80002888 (0x2DF42023) sw t6, 0x2c0(fp)
mem[0x80006838] <- 0x333259FA

clint::tick mtime <- 0x000000000000001A
 clint timer pending at mtime 0x000000000000001A
htif::tick 0x0000000000000000
mem[X,0x8000288C] -> 0xBF37
mem[X,0x8000288E] -> 0x0000
[2600] [M]: 0x8000288C (0x0000BF37) lui t5, 0xb
x30 <- 0x0000B000

mem[X,0x80002890] -> 0x0F13
mem[X,0x80002892] -> 0x505F
[2601] [M]: 0x80002890 (0x505F0F13) addi t5, t5, 0x505
x30 <- 0x0000B505

mem[X,0x80002894] -> 0x6EB7
mem[X,0x80002896] -> 0x6666
[2602] [M]: 0x80002894 (0x66666EB7) lui t4, 0x66666
x29 <- 0x66666000

mem[X,0x80002898] -> 0x8E93
mem[X,0x8000289A] -> 0x665E
[2603] [M]: 0x80002898 (0x665E8E93) addi t4, t4, 0x665
x29 <- 0x66666665

mem[X,0x8000289C] -> 0x0FB3
mem[X,0x8000289E] -> 0x03DF
[2604] [M]: 0x8000289C (0x03DF0FB3) mul t6, t5, t4
x31 <- 0x666568F9

mem[X,0x800028A0] -> 0x2223
mem[X,0x800028A2] -> 0x2DF4
[2605] [M]: 0x800028A0 (0x2DF42223) sw t6, 0x2c4(fp)
mem[0x8000683C] <- 0x666568F9

mem[X,0x800028A4] -> 0xBF37
mem[X,0x800028A6] -> 0x0000
[2606] [M]: 0x800028A4 (0x0000BF37) lui t5, 0xb
x30 <- 0x0000B000

mem[X,0x800028A8] -> 0x0F13
mem[X,0x800028AA] -> 0x505F
[2607] [M]: 0x800028A8 (0x505F0F13) addi t5, t5, 0x505
x30 <- 0x0000B505

mem[X,0x800028AC] -> 0x0E93
mem[X,0x800028AE] -> 0x0000
[2608] [M]: 0x800028AC (0x00000E93) addi t4, zero, 0x0
x29 <- 0x00000000

mem[X,0x800028B0] -> 0x0FB3
mem[X,0x800028B2] -> 0x03DF
[2609] [M]: 0x800028B0 (0x03DF0FB3) mul t6, t5, t4
x31 <- 0x00000000

mem[X,0x800028B4] -> 0x2423
mem[X,0x800028B6] -> 0x2DF4
[2610] [M]: 0x800028B4 (0x2DF42423) sw t6, 0x2c8(fp)
mem[0x80006840] <- 0x00000000

mem[X,0x800028B8] -> 0xBF37
mem[X,0x800028BA] -> 0x0000
[2611] [M]: 0x800028B8 (0x0000BF37) lui t5, 0xb
x30 <- 0x0000B000

mem[X,0x800028BC] -> 0x0F13
mem[X,0x800028BE] -> 0x505F
[2612] [M]: 0x800028BC (0x505F0F13) addi t5, t5, 0x505
x30 <- 0x0000B505

mem[X,0x800028C0] -> 0xBEB7
mem[X,0x800028C2] -> 0x0000
[2613] [M]: 0x800028C0 (0x0000BEB7) lui t4, 0xb
x29 <- 0x0000B000

mem[X,0x800028C4] -> 0x8E93
mem[X,0x800028C6] -> 0x503E
[2614] [M]: 0x800028C4 (0x503E8E93) addi t4, t4, 0x503
x29 <- 0x0000B503

mem[X,0x800028C8] -> 0x0FB3
mem[X,0x800028CA] -> 0x03DF
[2615] [M]: 0x800028C8 (0x03DF0FB3) mul t6, t5, t4
x31 <- 0x7FFEA80F

mem[X,0x800028CC] -> 0x2623
mem[X,0x800028CE] -> 0x2DF4
[2616] [M]: 0x800028CC (0x2DF42623) sw t6, 0x2cc(fp)
mem[0x80006844] <- 0x7FFEA80F

mem[X,0x800028D0] -> 0xBF37
mem[X,0x800028D2] -> 0x0000
[2617] [M]: 0x800028D0 (0x0000BF37) lui t5, 0xb
x30 <- 0x0000B000

mem[X,0x800028D4] -> 0x0F13
mem[X,0x800028D6] -> 0x505F
[2618] [M]: 0x800028D4 (0x505F0F13) addi t5, t5, 0x505
x30 <- 0x0000B505

mem[X,0x800028D8] -> 0x5EB7
mem[X,0x800028DA] -> 0x5555
[2619] [M]: 0x800028D8 (0x55555EB7) lui t4, 0x55555
x29 <- 0x55555000

mem[X,0x800028DC] -> 0x8E93
mem[X,0x800028DE] -> 0x556E
[2620] [M]: 0x800028DC (0x556E8E93) addi t4, t4, 0x556
x29 <- 0x55555556

mem[X,0x800028E0] -> 0x0FB3
mem[X,0x800028E2] -> 0x03DF
[2621] [M]: 0x800028E0 (0x03DF0FB3) mul t6, t5, t4
x31 <- 0x000078AE

mem[X,0x800028E4] -> 0x2823
mem[X,0x800028E6] -> 0x2DF4
[2622] [M]: 0x800028E4 (0x2DF42823) sw t6, 0x2d0(fp)
mem[0x80006848] <- 0x000078AE

mem[X,0x800028E8] -> 0xBF37
mem[X,0x800028EA] -> 0x0000
[2623] [M]: 0x800028E8 (0x0000BF37) lui t5, 0xb
x30 <- 0x0000B000

mem[X,0x800028EC] -> 0x0F13
mem[X,0x800028EE] -> 0x505F
[2624] [M]: 0x800028EC (0x505F0F13) addi t5, t5, 0x505
x30 <- 0x0000B505

mem[X,0x800028F0] -> 0xBEB7
mem[X,0x800028F2] -> 0xAAAA
[2625] [M]: 0x800028F0 (0xAAAABEB7) lui t4, -0x55555
x29 <- 0xAAAAB000

mem[X,0x800028F4] -> 0x8E93
mem[X,0x800028F6] -> 0xAABE
[2626] [M]: 0x800028F4 (0xAABE8E93) addi t4, t4, -0x555
x29 <- 0xAAAAAAAB

mem[X,0x800028F8] -> 0x0FB3
mem[X,0x800028FA] -> 0x03DF
[2627] [M]: 0x800028F8 (0x03DF0FB3) mul t6, t5, t4
x31 <- 0x00003C57

mem[X,0x800028FC] -> 0x2A23
mem[X,0x800028FE] -> 0x2DF4
[2628] [M]: 0x800028FC (0x2DF42A23) sw t6, 0x2d4(fp)
mem[0x8000684C] <- 0x00003C57

mem[X,0x80002900] -> 0xBF37
mem[X,0x80002902] -> 0x0000
[2629] [M]: 0x80002900 (0x0000BF37) lui t5, 0xb
x30 <- 0x0000B000

mem[X,0x80002904] -> 0x0F13
mem[X,0x80002906] -> 0x505F
[2630] [M]: 0x80002904 (0x505F0F13) addi t5, t5, 0x505
x30 <- 0x0000B505

mem[X,0x80002908] -> 0x0E93
mem[X,0x8000290A] -> 0x0060
[2631] [M]: 0x80002908 (0x00600E93) addi t4, zero, 0x6
x29 <- 0x00000006

mem[X,0x8000290C] -> 0x0FB3
mem[X,0x8000290E] -> 0x03DF
[2632] [M]: 0x8000290C (0x03DF0FB3) mul t6, t5, t4
x31 <- 0x00043E1E

mem[X,0x80002910] -> 0x2C23
mem[X,0x80002912] -> 0x2DF4
[2633] [M]: 0x80002910 (0x2DF42C23) sw t6, 0x2d8(fp)
mem[0x80006850] <- 0x00043E1E

mem[X,0x80002914] -> 0xBF37
mem[X,0x80002916] -> 0x0000
[2634] [M]: 0x80002914 (0x0000BF37) lui t5, 0xb
x30 <- 0x0000B000

mem[X,0x80002918] -> 0x0F13
mem[X,0x8000291A] -> 0x505F
[2635] [M]: 0x80002918 (0x505F0F13) addi t5, t5, 0x505
x30 <- 0x0000B505

mem[X,0x8000291C] -> 0x3EB7
mem[X,0x8000291E] -> 0x3333
[2636] [M]: 0x8000291C (0x33333EB7) lui t4, 0x33333
x29 <- 0x33333000

mem[X,0x80002920] -> 0x8E93
mem[X,0x80002922] -> 0x334E
[2637] [M]: 0x80002920 (0x334E8E93) addi t4, t4, 0x334
x29 <- 0x33333334

mem[X,0x80002924] -> 0x0FB3
mem[X,0x80002926] -> 0x03DF
[2638] [M]: 0x80002924 (0x03DF0FB3) mul t6, t5, t4
x31 <- 0x3333C404

mem[X,0x80002928] -> 0x2E23
mem[X,0x8000292A] -> 0x2DF4
[2639] [M]: 0x80002928 (0x2DF42E23) sw t6, 0x2dc(fp)
mem[0x80006854] <- 0x3333C404

mem[X,0x8000292C] -> 0xBF37
mem[X,0x8000292E] -> 0x0000
[2640] [M]: 0x8000292C (0x0000BF37) lui t5, 0xb
x30 <- 0x0000B000

mem[X,0x80002930] -> 0x0F13
mem[X,0x80002932] -> 0x505F
[2641] [M]: 0x80002930 (0x505F0F13) addi t5, t5, 0x505
x30 <- 0x0000B505

mem[X,0x80002934] -> 0x6EB7
mem[X,0x80002936] -> 0x6666
[2642] [M]: 0x80002934 (0x66666EB7) lui t4, 0x66666
x29 <- 0x66666000

mem[X,0x80002938] -> 0x8E93
mem[X,0x8000293A] -> 0x667E
[2643] [M]: 0x80002938 (0x667E8E93) addi t4, t4, 0x667
x29 <- 0x66666667

mem[X,0x8000293C] -> 0x0FB3
mem[X,0x8000293E] -> 0x03DF
[2644] [M]: 0x8000293C (0x03DF0FB3) mul t6, t5, t4
x31 <- 0x6666D303

mem[X,0x80002940] -> 0x2023
mem[X,0x80002942] -> 0x2FF4
[2645] [M]: 0x80002940 (0x2FF42023) sw t6, 0x2e0(fp)
mem[0x80006858] <- 0x6666D303

mem[X,0x80002944] -> 0xBF37
mem[X,0x80002946] -> 0x0000
[2646] [M]: 0x80002944 (0x0000BF37) lui t5, 0xb
x30 <- 0x0000B000

mem[X,0x80002948] -> 0x0F13
mem[X,0x8000294A] -> 0x505F
[2647] [M]: 0x80002948 (0x505F0F13) addi t5, t5, 0x505
x30 <- 0x0000B505

mem[X,0x8000294C] -> 0xBEB7
mem[X,0x8000294E] -> 0x0000
[2648] [M]: 0x8000294C (0x0000BEB7) lui t4, 0xb
x29 <- 0x0000B000

mem[X,0x80002950] -> 0x8E93
mem[X,0x80002952] -> 0x505E
[2649] [M]: 0x80002950 (0x505E8E93) addi t4, t4, 0x505
x29 <- 0x0000B505

mem[X,0x80002954] -> 0x0FB3
mem[X,0x80002956] -> 0x03DF
[2650] [M]: 0x80002954 (0x03DF0FB3) mul t6, t5, t4
x31 <- 0x80001219

mem[X,0x80002958] -> 0x2223
mem[X,0x8000295A] -> 0x2FF4
[2651] [M]: 0x80002958 (0x2FF42223) sw t6, 0x2e4(fp)
mem[0x8000685C] <- 0x80001219

mem[X,0x8000295C] -> 0x3F37
mem[X,0x8000295E] -> 0x3333
[2652] [M]: 0x8000295C (0x33333F37) lui t5, 0x33333
x30 <- 0x33333000

mem[X,0x80002960] -> 0x0F13
mem[X,0x80002962] -> 0x332F
[2653] [M]: 0x80002960 (0x332F0F13) addi t5, t5, 0x332
x30 <- 0x33333332

mem[X,0x80002964] -> 0xBEB7
mem[X,0x80002966] -> 0xAAAA
[2654] [M]: 0x80002964 (0xAAAABEB7) lui t4, -0x55555
x29 <- 0xAAAAB000

mem[X,0x80002968] -> 0x8E93
mem[X,0x8000296A] -> 0xAAAE
[2655] [M]: 0x80002968 (0xAAAE8E93) addi t4, t4, -0x556
x29 <- 0xAAAAAAAA

mem[X,0x8000296C] -> 0x0FB3
mem[X,0x8000296E] -> 0x03DF
[2656] [M]: 0x8000296C (0x03DF0FB3) mul t6, t5, t4
x31 <- 0x33333334

mem[X,0x80002970] -> 0x2423
mem[X,0x80002972] -> 0x2FF4
[2657] [M]: 0x80002970 (0x2FF42423) sw t6, 0x2e8(fp)
mem[0x80006860] <- 0x33333334

mem[X,0x80002974] -> 0x3F37
mem[X,0x80002976] -> 0x3333
[2658] [M]: 0x80002974 (0x33333F37) lui t5, 0x33333
x30 <- 0x33333000

mem[X,0x80002978] -> 0x0F13
mem[X,0x8000297A] -> 0x332F
[2659] [M]: 0x80002978 (0x332F0F13) addi t5, t5, 0x332
x30 <- 0x33333332

mem[X,0x8000297C] -> 0x0E93
mem[X,0x8000297E] -> 0x0050
[2660] [M]: 0x8000297C (0x00500E93) addi t4, zero, 0x5
x29 <- 0x00000005

mem[X,0x80002980] -> 0x0FB3
mem[X,0x80002982] -> 0x03DF
[2661] [M]: 0x80002980 (0x03DF0FB3) mul t6, t5, t4
x31 <- 0xFFFFFFFA

mem[X,0x80002984] -> 0x2623
mem[X,0x80002986] -> 0x2FF4
[2662] [M]: 0x80002984 (0x2FF42623) sw t6, 0x2ec(fp)
mem[0x80006864] <- 0xFFFFFFFA

mem[X,0x80002988] -> 0x3F37
mem[X,0x8000298A] -> 0x3333
[2663] [M]: 0x80002988 (0x33333F37) lui t5, 0x33333
x30 <- 0x33333000

mem[X,0x8000298C] -> 0x0F13
mem[X,0x8000298E] -> 0x332F
[2664] [M]: 0x8000298C (0x332F0F13) addi t5, t5, 0x332
x30 <- 0x33333332

mem[X,0x80002990] -> 0x3EB7
mem[X,0x80002992] -> 0x3333
[2665] [M]: 0x80002990 (0x33333EB7) lui t4, 0x33333
x29 <- 0x33333000

mem[X,0x80002994] -> 0x8E93
mem[X,0x80002996] -> 0x333E
[2666] [M]: 0x80002994 (0x333E8E93) addi t4, t4, 0x333
x29 <- 0x33333333

mem[X,0x80002998] -> 0x0FB3
mem[X,0x8000299A] -> 0x03DF
[2667] [M]: 0x80002998 (0x03DF0FB3) mul t6, t5, t4
x31 <- 0x8F5C28F6

mem[X,0x8000299C] -> 0x2823
mem[X,0x8000299E] -> 0x2FF4
[2668] [M]: 0x8000299C (0x2FF42823) sw t6, 0x2f0(fp)
mem[0x80006868] <- 0x8F5C28F6

mem[X,0x800029A0] -> 0x3F37
mem[X,0x800029A2] -> 0x3333
[2669] [M]: 0x800029A0 (0x33333F37) lui t5, 0x33333
x30 <- 0x33333000

mem[X,0x800029A4] -> 0x0F13
mem[X,0x800029A6] -> 0x332F
[2670] [M]: 0x800029A4 (0x332F0F13) addi t5, t5, 0x332
x30 <- 0x33333332

mem[X,0x800029A8] -> 0x6EB7
mem[X,0x800029AA] -> 0x6666
[2671] [M]: 0x800029A8 (0x66666EB7) lui t4, 0x66666
x29 <- 0x66666000

mem[X,0x800029AC] -> 0x8E93
mem[X,0x800029AE] -> 0x666E
[2672] [M]: 0x800029AC (0x666E8E93) addi t4, t4, 0x666
x29 <- 0x66666666

mem[X,0x800029B0] -> 0x0FB3
mem[X,0x800029B2] -> 0x03DF
[2673] [M]: 0x800029B0 (0x03DF0FB3) mul t6, t5, t4
x31 <- 0x1EB851EC

mem[X,0x800029B4] -> 0x2A23
mem[X,0x800029B6] -> 0x2FF4
[2674] [M]: 0x800029B4 (0x2FF42A23) sw t6, 0x2f4(fp)
mem[0x8000686C] <- 0x1EB851EC

mem[X,0x800029B8] -> 0x3F37
mem[X,0x800029BA] -> 0x3333
[2675] [M]: 0x800029B8 (0x33333F37) lui t5, 0x33333
x30 <- 0x33333000

mem[X,0x800029BC] -> 0x0F13
mem[X,0x800029BE] -> 0x332F
[2676] [M]: 0x800029BC (0x332F0F13) addi t5, t5, 0x332
x30 <- 0x33333332

mem[X,0x800029C0] -> 0x5EB7
mem[X,0x800029C2] -> 0xFFFF
[2677] [M]: 0x800029C0 (0xFFFF5EB7) lui t4, -0xb
x29 <- 0xFFFF5000

mem[X,0x800029C4] -> 0x8E93
mem[X,0x800029C6] -> 0xAFCE
[2678] [M]: 0x800029C4 (0xAFCE8E93) addi t4, t4, -0x504
x29 <- 0xFFFF4AFC

mem[X,0x800029C8] -> 0x0FB3
mem[X,0x800029CA] -> 0x03DF
[2679] [M]: 0x800029C8 (0x03DF0FB3) mul t6, t5, t4
x31 <- 0x0000D938

mem[X,0x800029CC] -> 0x2C23
mem[X,0x800029CE] -> 0x2FF4
[2680] [M]: 0x800029CC (0x2FF42C23) sw t6, 0x2f8(fp)
mem[0x80006870] <- 0x0000D938

mem[X,0x800029D0] -> 0x3F37
mem[X,0x800029D2] -> 0x3333
[2681] [M]: 0x800029D0 (0x33333F37) lui t5, 0x33333
x30 <- 0x33333000

mem[X,0x800029D4] -> 0x0F13
mem[X,0x800029D6] -> 0x332F
[2682] [M]: 0x800029D4 (0x332F0F13) addi t5, t5, 0x332
x30 <- 0x33333332

mem[X,0x800029D8] -> 0xBEB7
mem[X,0x800029DA] -> 0x0000
[2683] [M]: 0x800029D8 (0x0000BEB7) lui t4, 0xb
x29 <- 0x0000B000

mem[X,0x800029DC] -> 0x8E93
mem[X,0x800029DE] -> 0x504E
[2684] [M]: 0x800029DC (0x504E8E93) addi t4, t4, 0x504
x29 <- 0x0000B504

mem[X,0x800029E0] -> 0x0FB3
mem[X,0x800029E2] -> 0x03DF
[2685] [M]: 0x800029E0 (0x03DF0FB3) mul t6, t5, t4
x31 <- 0xFFFF26C8

mem[X,0x800029E4] -> 0x2E23
mem[X,0x800029E6] -> 0x2FF4
[2686] [M]: 0x800029E4 (0x2FF42E23) sw t6, 0x2fc(fp)
mem[0x80006874] <- 0xFFFF26C8

mem[X,0x800029E8] -> 0x3F37
mem[X,0x800029EA] -> 0x3333
[2687] [M]: 0x800029E8 (0x33333F37) lui t5, 0x33333
x30 <- 0x33333000

mem[X,0x800029EC] -> 0x0F13
mem[X,0x800029EE] -> 0x332F
[2688] [M]: 0x800029EC (0x332F0F13) addi t5, t5, 0x332
x30 <- 0x33333332

mem[X,0x800029F0] -> 0x0E93
mem[X,0x800029F2] -> 0x0020
[2689] [M]: 0x800029F0 (0x00200E93) addi t4, zero, 0x2
x29 <- 0x00000002

mem[X,0x800029F4] -> 0x0FB3
mem[X,0x800029F6] -> 0x03DF
[2690] [M]: 0x800029F4 (0x03DF0FB3) mul t6, t5, t4
x31 <- 0x66666664

mem[X,0x800029F8] -> 0x2023
mem[X,0x800029FA] -> 0x31F4
[2691] [M]: 0x800029F8 (0x31F42023) sw t6, 0x300(fp)
mem[0x80006878] <- 0x66666664

mem[X,0x800029FC] -> 0x3F37
mem[X,0x800029FE] -> 0x3333
[2692] [M]: 0x800029FC (0x33333F37) lui t5, 0x33333
x30 <- 0x33333000

mem[X,0x80002A00] -> 0x0F13
mem[X,0x80002A02] -> 0x332F
[2693] [M]: 0x80002A00 (0x332F0F13) addi t5, t5, 0x332
x30 <- 0x33333332

mem[X,0x80002A04] -> 0x5EB7
mem[X,0x80002A06] -> 0x5555
[2694] [M]: 0x80002A04 (0x55555EB7) lui t4, 0x55555
x29 <- 0x55555000

mem[X,0x80002A08] -> 0x8E93
mem[X,0x80002A0A] -> 0x554E
[2695] [M]: 0x80002A08 (0x554E8E93) addi t4, t4, 0x554
x29 <- 0x55555554

mem[X,0x80002A0C] -> 0x0FB3
mem[X,0x80002A0E] -> 0x03DF
[2696] [M]: 0x80002A0C (0x03DF0FB3) mul t6, t5, t4
x31 <- 0x66666668

mem[X,0x80002A10] -> 0x2223
mem[X,0x80002A12] -> 0x31F4
[2697] [M]: 0x80002A10 (0x31F42223) sw t6, 0x304(fp)
mem[0x8000687C] <- 0x66666668

mem[X,0x80002A14] -> 0x3F37
mem[X,0x80002A16] -> 0x3333
[2698] [M]: 0x80002A14 (0x33333F37) lui t5, 0x33333
x30 <- 0x33333000

mem[X,0x80002A18] -> 0x0F13
mem[X,0x80002A1A] -> 0x332F
[2699] [M]: 0x80002A18 (0x332F0F13) addi t5, t5, 0x332
x30 <- 0x33333332

clint::tick mtime <- 0x000000000000001B
 clint timer pending at mtime 0x000000000000001B
htif::tick 0x0000000000000000
mem[X,0x80002A1C] -> 0x3EB7
mem[X,0x80002A1E] -> 0x3333
[2700] [M]: 0x80002A1C (0x33333EB7) lui t4, 0x33333
x29 <- 0x33333000

mem[X,0x80002A20] -> 0x8E93
mem[X,0x80002A22] -> 0x332E
[2701] [M]: 0x80002A20 (0x332E8E93) addi t4, t4, 0x332
x29 <- 0x33333332

mem[X,0x80002A24] -> 0x0FB3
mem[X,0x80002A26] -> 0x03DF
[2702] [M]: 0x80002A24 (0x03DF0FB3) mul t6, t5, t4
x31 <- 0x5C28F5C4

mem[X,0x80002A28] -> 0x2423
mem[X,0x80002A2A] -> 0x31F4
[2703] [M]: 0x80002A28 (0x31F42423) sw t6, 0x308(fp)
mem[0x80006880] <- 0x5C28F5C4

mem[X,0x80002A2C] -> 0x3F37
mem[X,0x80002A2E] -> 0x3333
[2704] [M]: 0x80002A2C (0x33333F37) lui t5, 0x33333
x30 <- 0x33333000

mem[X,0x80002A30] -> 0x0F13
mem[X,0x80002A32] -> 0x332F
[2705] [M]: 0x80002A30 (0x332F0F13) addi t5, t5, 0x332
x30 <- 0x33333332

mem[X,0x80002A34] -> 0x6EB7
mem[X,0x80002A36] -> 0x6666
[2706] [M]: 0x80002A34 (0x66666EB7) lui t4, 0x66666
x29 <- 0x66666000

mem[X,0x80002A38] -> 0x8E93
mem[X,0x80002A3A] -> 0x665E
[2707] [M]: 0x80002A38 (0x665E8E93) addi t4, t4, 0x665
x29 <- 0x66666665

mem[X,0x80002A3C] -> 0x0FB3
mem[X,0x80002A3E] -> 0x03DF
[2708] [M]: 0x80002A3C (0x03DF0FB3) mul t6, t5, t4
x31 <- 0xEB851EBA

mem[X,0x80002A40] -> 0x2623
mem[X,0x80002A42] -> 0x31F4
[2709] [M]: 0x80002A40 (0x31F42623) sw t6, 0x30c(fp)
mem[0x80006884] <- 0xEB851EBA

mem[X,0x80002A44] -> 0x3F37
mem[X,0x80002A46] -> 0x3333
[2710] [M]: 0x80002A44 (0x33333F37) lui t5, 0x33333
x30 <- 0x33333000

mem[X,0x80002A48] -> 0x0F13
mem[X,0x80002A4A] -> 0x332F
[2711] [M]: 0x80002A48 (0x332F0F13) addi t5, t5, 0x332
x30 <- 0x33333332

mem[X,0x80002A4C] -> 0x0E93
mem[X,0x80002A4E] -> 0x0000
[2712] [M]: 0x80002A4C (0x00000E93) addi t4, zero, 0x0
x29 <- 0x00000000

mem[X,0x80002A50] -> 0x0FB3
mem[X,0x80002A52] -> 0x03DF
[2713] [M]: 0x80002A50 (0x03DF0FB3) mul t6, t5, t4
x31 <- 0x00000000

mem[X,0x80002A54] -> 0x2823
mem[X,0x80002A56] -> 0x31F4
[2714] [M]: 0x80002A54 (0x31F42823) sw t6, 0x310(fp)
mem[0x80006888] <- 0x00000000

mem[X,0x80002A58] -> 0x3F37
mem[X,0x80002A5A] -> 0x3333
[2715] [M]: 0x80002A58 (0x33333F37) lui t5, 0x33333
x30 <- 0x33333000

mem[X,0x80002A5C] -> 0x0F13
mem[X,0x80002A5E] -> 0x332F
[2716] [M]: 0x80002A5C (0x332F0F13) addi t5, t5, 0x332
x30 <- 0x33333332

mem[X,0x80002A60] -> 0xBEB7
mem[X,0x80002A62] -> 0x0000
[2717] [M]: 0x80002A60 (0x0000BEB7) lui t4, 0xb
x29 <- 0x0000B000

mem[X,0x80002A64] -> 0x8E93
mem[X,0x80002A66] -> 0x503E
[2718] [M]: 0x80002A64 (0x503E8E93) addi t4, t4, 0x503
x29 <- 0x0000B503

mem[X,0x80002A68] -> 0x0FB3
mem[X,0x80002A6A] -> 0x03DF
[2719] [M]: 0x80002A68 (0x03DF0FB3) mul t6, t5, t4
x31 <- 0xCCCBF396

mem[X,0x80002A6C] -> 0x2A23
mem[X,0x80002A6E] -> 0x31F4
[2720] [M]: 0x80002A6C (0x31F42A23) sw t6, 0x314(fp)
mem[0x8000688C] <- 0xCCCBF396

mem[X,0x80002A70] -> 0x3F37
mem[X,0x80002A72] -> 0x3333
[2721] [M]: 0x80002A70 (0x33333F37) lui t5, 0x33333
x30 <- 0x33333000

mem[X,0x80002A74] -> 0x0F13
mem[X,0x80002A76] -> 0x332F
[2722] [M]: 0x80002A74 (0x332F0F13) addi t5, t5, 0x332
x30 <- 0x33333332

mem[X,0x80002A78] -> 0x0E93
mem[X,0x80002A7A] -> 0x0040
[2723] [M]: 0x80002A78 (0x00400E93) addi t4, zero, 0x4
x29 <- 0x00000004

mem[X,0x80002A7C] -> 0x0FB3
mem[X,0x80002A7E] -> 0x03DF
[2724] [M]: 0x80002A7C (0x03DF0FB3) mul t6, t5, t4
x31 <- 0xCCCCCCC8

mem[X,0x80002A80] -> 0x2C23
mem[X,0x80002A82] -> 0x31F4
[2725] [M]: 0x80002A80 (0x31F42C23) sw t6, 0x318(fp)
mem[0x80006890] <- 0xCCCCCCC8

mem[X,0x80002A84] -> 0x3F37
mem[X,0x80002A86] -> 0x3333
[2726] [M]: 0x80002A84 (0x33333F37) lui t5, 0x33333
x30 <- 0x33333000

mem[X,0x80002A88] -> 0x0F13
mem[X,0x80002A8A] -> 0x332F
[2727] [M]: 0x80002A88 (0x332F0F13) addi t5, t5, 0x332
x30 <- 0x33333332

mem[X,0x80002A8C] -> 0x5EB7
mem[X,0x80002A8E] -> 0x5555
[2728] [M]: 0x80002A8C (0x55555EB7) lui t4, 0x55555
x29 <- 0x55555000

mem[X,0x80002A90] -> 0x8E93
mem[X,0x80002A92] -> 0x556E
[2729] [M]: 0x80002A90 (0x556E8E93) addi t4, t4, 0x556
x29 <- 0x55555556

mem[X,0x80002A94] -> 0x0FB3
mem[X,0x80002A96] -> 0x03DF
[2730] [M]: 0x80002A94 (0x03DF0FB3) mul t6, t5, t4
x31 <- 0xCCCCCCCC

mem[X,0x80002A98] -> 0x2E23
mem[X,0x80002A9A] -> 0x31F4
[2731] [M]: 0x80002A98 (0x31F42E23) sw t6, 0x31c(fp)
mem[0x80006894] <- 0xCCCCCCCC

mem[X,0x80002A9C] -> 0x3F37
mem[X,0x80002A9E] -> 0x3333
[2732] [M]: 0x80002A9C (0x33333F37) lui t5, 0x33333
x30 <- 0x33333000

mem[X,0x80002AA0] -> 0x0F13
mem[X,0x80002AA2] -> 0x332F
[2733] [M]: 0x80002AA0 (0x332F0F13) addi t5, t5, 0x332
x30 <- 0x33333332

mem[X,0x80002AA4] -> 0xBEB7
mem[X,0x80002AA6] -> 0xAAAA
[2734] [M]: 0x80002AA4 (0xAAAABEB7) lui t4, -0x55555
x29 <- 0xAAAAB000

mem[X,0x80002AA8] -> 0x8E93
mem[X,0x80002AAA] -> 0xAABE
[2735] [M]: 0x80002AA8 (0xAABE8E93) addi t4, t4, -0x555
x29 <- 0xAAAAAAAB

mem[X,0x80002AAC] -> 0x0FB3
mem[X,0x80002AAE] -> 0x03DF
[2736] [M]: 0x80002AAC (0x03DF0FB3) mul t6, t5, t4
x31 <- 0x66666666

mem[X,0x80002AB0] -> 0x2023
mem[X,0x80002AB2] -> 0x33F4
[2737] [M]: 0x80002AB0 (0x33F42023) sw t6, 0x320(fp)
mem[0x80006898] <- 0x66666666

mem[X,0x80002AB4] -> 0x3F37
mem[X,0x80002AB6] -> 0x3333
[2738] [M]: 0x80002AB4 (0x33333F37) lui t5, 0x33333
x30 <- 0x33333000

mem[X,0x80002AB8] -> 0x0F13
mem[X,0x80002ABA] -> 0x332F
[2739] [M]: 0x80002AB8 (0x332F0F13) addi t5, t5, 0x332
x30 <- 0x33333332

mem[X,0x80002ABC] -> 0x0E93
mem[X,0x80002ABE] -> 0x0060
[2740] [M]: 0x80002ABC (0x00600E93) addi t4, zero, 0x6
x29 <- 0x00000006

mem[X,0x80002AC0] -> 0x0FB3
mem[X,0x80002AC2] -> 0x03DF
[2741] [M]: 0x80002AC0 (0x03DF0FB3) mul t6, t5, t4
x31 <- 0x3333332C

mem[X,0x80002AC4] -> 0x2223
mem[X,0x80002AC6] -> 0x33F4
[2742] [M]: 0x80002AC4 (0x33F42223) sw t6, 0x324(fp)
mem[0x8000689C] <- 0x3333332C

mem[X,0x80002AC8] -> 0x3F37
mem[X,0x80002ACA] -> 0x3333
[2743] [M]: 0x80002AC8 (0x33333F37) lui t5, 0x33333
x30 <- 0x33333000

mem[X,0x80002ACC] -> 0x0F13
mem[X,0x80002ACE] -> 0x332F
[2744] [M]: 0x80002ACC (0x332F0F13) addi t5, t5, 0x332
x30 <- 0x33333332

mem[X,0x80002AD0] -> 0x3EB7
mem[X,0x80002AD2] -> 0x3333
[2745] [M]: 0x80002AD0 (0x33333EB7) lui t4, 0x33333
x29 <- 0x33333000

mem[X,0x80002AD4] -> 0x8E93
mem[X,0x80002AD6] -> 0x334E
[2746] [M]: 0x80002AD4 (0x334E8E93) addi t4, t4, 0x334
x29 <- 0x33333334

mem[X,0x80002AD8] -> 0x0FB3
mem[X,0x80002ADA] -> 0x03DF
[2747] [M]: 0x80002AD8 (0x03DF0FB3) mul t6, t5, t4
x31 <- 0xC28F5C28

mem[X,0x80002ADC] -> 0x2423
mem[X,0x80002ADE] -> 0x33F4
[2748] [M]: 0x80002ADC (0x33F42423) sw t6, 0x328(fp)
mem[0x800068A0] <- 0xC28F5C28

mem[X,0x80002AE0] -> 0x3F37
mem[X,0x80002AE2] -> 0x3333
[2749] [M]: 0x80002AE0 (0x33333F37) lui t5, 0x33333
x30 <- 0x33333000

mem[X,0x80002AE4] -> 0x0F13
mem[X,0x80002AE6] -> 0x332F
[2750] [M]: 0x80002AE4 (0x332F0F13) addi t5, t5, 0x332
x30 <- 0x33333332

mem[X,0x80002AE8] -> 0x6EB7
mem[X,0x80002AEA] -> 0x6666
[2751] [M]: 0x80002AE8 (0x66666EB7) lui t4, 0x66666
x29 <- 0x66666000

mem[X,0x80002AEC] -> 0x8E93
mem[X,0x80002AEE] -> 0x667E
[2752] [M]: 0x80002AEC (0x667E8E93) addi t4, t4, 0x667
x29 <- 0x66666667

mem[X,0x80002AF0] -> 0x0FB3
mem[X,0x80002AF2] -> 0x03DF
[2753] [M]: 0x80002AF0 (0x03DF0FB3) mul t6, t5, t4
x31 <- 0x51EB851E

mem[X,0x80002AF4] -> 0x2623
mem[X,0x80002AF6] -> 0x33F4
[2754] [M]: 0x80002AF4 (0x33F42623) sw t6, 0x32c(fp)
mem[0x800068A4] <- 0x51EB851E

mem[X,0x80002AF8] -> 0x3F37
mem[X,0x80002AFA] -> 0x3333
[2755] [M]: 0x80002AF8 (0x33333F37) lui t5, 0x33333
x30 <- 0x33333000

mem[X,0x80002AFC] -> 0x0F13
mem[X,0x80002AFE] -> 0x332F
[2756] [M]: 0x80002AFC (0x332F0F13) addi t5, t5, 0x332
x30 <- 0x33333332

mem[X,0x80002B00] -> 0x5EB7
mem[X,0x80002B02] -> 0xFFFF
[2757] [M]: 0x80002B00 (0xFFFF5EB7) lui t4, -0xb
x29 <- 0xFFFF5000

mem[X,0x80002B04] -> 0x8E93
mem[X,0x80002B06] -> 0xAFDE
[2758] [M]: 0x80002B04 (0xAFDE8E93) addi t4, t4, -0x503
x29 <- 0xFFFF4AFD

mem[X,0x80002B08] -> 0x0FB3
mem[X,0x80002B0A] -> 0x03DF
[2759] [M]: 0x80002B08 (0x03DF0FB3) mul t6, t5, t4
x31 <- 0x33340C6A

mem[X,0x80002B0C] -> 0x2823
mem[X,0x80002B0E] -> 0x33F4
[2760] [M]: 0x80002B0C (0x33F42823) sw t6, 0x330(fp)
mem[0x800068A8] <- 0x33340C6A

mem[X,0x80002B10] -> 0x3F37
mem[X,0x80002B12] -> 0x3333
[2761] [M]: 0x80002B10 (0x33333F37) lui t5, 0x33333
x30 <- 0x33333000

mem[X,0x80002B14] -> 0x0F13
mem[X,0x80002B16] -> 0x332F
[2762] [M]: 0x80002B14 (0x332F0F13) addi t5, t5, 0x332
x30 <- 0x33333332

mem[X,0x80002B18] -> 0xBEB7
mem[X,0x80002B1A] -> 0x0000
[2763] [M]: 0x80002B18 (0x0000BEB7) lui t4, 0xb
x29 <- 0x0000B000

mem[X,0x80002B1C] -> 0x8E93
mem[X,0x80002B1E] -> 0x505E
[2764] [M]: 0x80002B1C (0x505E8E93) addi t4, t4, 0x505
x29 <- 0x0000B505

mem[X,0x80002B20] -> 0x0FB3
mem[X,0x80002B22] -> 0x03DF
[2765] [M]: 0x80002B20 (0x03DF0FB3) mul t6, t5, t4
x31 <- 0x333259FA

mem[X,0x80002B24] -> 0x2A23
mem[X,0x80002B26] -> 0x33F4
[2766] [M]: 0x80002B24 (0x33F42A23) sw t6, 0x334(fp)
mem[0x800068AC] <- 0x333259FA

mem[X,0x80002B28] -> 0x6F37
mem[X,0x80002B2A] -> 0x6666
[2767] [M]: 0x80002B28 (0x66666F37) lui t5, 0x66666
x30 <- 0x66666000

mem[X,0x80002B2C] -> 0x0F13
mem[X,0x80002B2E] -> 0x665F
[2768] [M]: 0x80002B2C (0x665F0F13) addi t5, t5, 0x665
x30 <- 0x66666665

mem[X,0x80002B30] -> 0x0E93
mem[X,0x80002B32] -> 0x0030
[2769] [M]: 0x80002B30 (0x00300E93) addi t4, zero, 0x3
x29 <- 0x00000003

mem[X,0x80002B34] -> 0x0FB3
mem[X,0x80002B36] -> 0x03DF
[2770] [M]: 0x80002B34 (0x03DF0FB3) mul t6, t5, t4
x31 <- 0x3333332F

mem[X,0x80002B38] -> 0x2C23
mem[X,0x80002B3A] -> 0x33F4
[2771] [M]: 0x80002B38 (0x33F42C23) sw t6, 0x338(fp)
mem[0x800068B0] <- 0x3333332F

mem[X,0x80002B3C] -> 0x6F37
mem[X,0x80002B3E] -> 0x6666
[2772] [M]: 0x80002B3C (0x66666F37) lui t5, 0x66666
x30 <- 0x66666000

mem[X,0x80002B40] -> 0x0F13
mem[X,0x80002B42] -> 0x665F
[2773] [M]: 0x80002B40 (0x665F0F13) addi t5, t5, 0x665
x30 <- 0x66666665

mem[X,0x80002B44] -> 0x5EB7
mem[X,0x80002B46] -> 0x5555
[2774] [M]: 0x80002B44 (0x55555EB7) lui t4, 0x55555
x29 <- 0x55555000

mem[X,0x80002B48] -> 0x8E93
mem[X,0x80002B4A] -> 0x555E
[2775] [M]: 0x80002B48 (0x555E8E93) addi t4, t4, 0x555
x29 <- 0x55555555

mem[X,0x80002B4C] -> 0x0FB3
mem[X,0x80002B4E] -> 0x03DF
[2776] [M]: 0x80002B4C (0x03DF0FB3) mul t6, t5, t4
x31 <- 0x88888889

mem[X,0x80002B50] -> 0x2E23
mem[X,0x80002B52] -> 0x33F4
[2777] [M]: 0x80002B50 (0x33F42E23) sw t6, 0x33c(fp)
mem[0x800068B4] <- 0x88888889

mem[X,0x80002B54] -> 0x6F37
mem[X,0x80002B56] -> 0x6666
[2778] [M]: 0x80002B54 (0x66666F37) lui t5, 0x66666
x30 <- 0x66666000

mem[X,0x80002B58] -> 0x0F13
mem[X,0x80002B5A] -> 0x665F
[2779] [M]: 0x80002B58 (0x665F0F13) addi t5, t5, 0x665
x30 <- 0x66666665

mem[X,0x80002B5C] -> 0xBEB7
mem[X,0x80002B5E] -> 0xAAAA
[2780] [M]: 0x80002B5C (0xAAAABEB7) lui t4, -0x55555
x29 <- 0xAAAAB000

mem[X,0x80002B60] -> 0x8E93
mem[X,0x80002B62] -> 0xAAAE
[2781] [M]: 0x80002B60 (0xAAAE8E93) addi t4, t4, -0x556
x29 <- 0xAAAAAAAA

mem[X,0x80002B64] -> 0x0FB3
mem[X,0x80002B66] -> 0x03DF
[2782] [M]: 0x80002B64 (0x03DF0FB3) mul t6, t5, t4
x31 <- 0x11111112

mem[X,0x80002B68] -> 0x2023
mem[X,0x80002B6A] -> 0x35F4
[2783] [M]: 0x80002B68 (0x35F42023) sw t6, 0x340(fp)
mem[0x800068B8] <- 0x11111112

mem[X,0x80002B6C] -> 0x6F37
mem[X,0x80002B6E] -> 0x6666
[2784] [M]: 0x80002B6C (0x66666F37) lui t5, 0x66666
x30 <- 0x66666000

mem[X,0x80002B70] -> 0x0F13
mem[X,0x80002B72] -> 0x665F
[2785] [M]: 0x80002B70 (0x665F0F13) addi t5, t5, 0x665
x30 <- 0x66666665

mem[X,0x80002B74] -> 0x0E93
mem[X,0x80002B76] -> 0x0050
[2786] [M]: 0x80002B74 (0x00500E93) addi t4, zero, 0x5
x29 <- 0x00000005

mem[X,0x80002B78] -> 0x0FB3
mem[X,0x80002B7A] -> 0x03DF
[2787] [M]: 0x80002B78 (0x03DF0FB3) mul t6, t5, t4
x31 <- 0xFFFFFFF9

mem[X,0x80002B7C] -> 0x2223
mem[X,0x80002B7E] -> 0x35F4
[2788] [M]: 0x80002B7C (0x35F42223) sw t6, 0x344(fp)
mem[0x800068BC] <- 0xFFFFFFF9

mem[X,0x80002B80] -> 0x6F37
mem[X,0x80002B82] -> 0x6666
[2789] [M]: 0x80002B80 (0x66666F37) lui t5, 0x66666
x30 <- 0x66666000

mem[X,0x80002B84] -> 0x0F13
mem[X,0x80002B86] -> 0x665F
[2790] [M]: 0x80002B84 (0x665F0F13) addi t5, t5, 0x665
x30 <- 0x66666665

mem[X,0x80002B88] -> 0x3EB7
mem[X,0x80002B8A] -> 0x3333
[2791] [M]: 0x80002B88 (0x33333EB7) lui t4, 0x33333
x29 <- 0x33333000

mem[X,0x80002B8C] -> 0x8E93
mem[X,0x80002B8E] -> 0x333E
[2792] [M]: 0x80002B8C (0x333E8E93) addi t4, t4, 0x333
x29 <- 0x33333333

mem[X,0x80002B90] -> 0x0FB3
mem[X,0x80002B92] -> 0x03DF
[2793] [M]: 0x80002B90 (0x03DF0FB3) mul t6, t5, t4
x31 <- 0x51EB851F

mem[X,0x80002B94] -> 0x2423
mem[X,0x80002B96] -> 0x35F4
[2794] [M]: 0x80002B94 (0x35F42423) sw t6, 0x348(fp)
mem[0x800068C0] <- 0x51EB851F

mem[X,0x80002B98] -> 0x6F37
mem[X,0x80002B9A] -> 0x6666
[2795] [M]: 0x80002B98 (0x66666F37) lui t5, 0x66666
x30 <- 0x66666000

mem[X,0x80002B9C] -> 0x0F13
mem[X,0x80002B9E] -> 0x665F
[2796] [M]: 0x80002B9C (0x665F0F13) addi t5, t5, 0x665
x30 <- 0x66666665

mem[X,0x80002BA0] -> 0x6EB7
mem[X,0x80002BA2] -> 0x6666
[2797] [M]: 0x80002BA0 (0x66666EB7) lui t4, 0x66666
x29 <- 0x66666000

mem[X,0x80002BA4] -> 0x8E93
mem[X,0x80002BA6] -> 0x666E
[2798] [M]: 0x80002BA4 (0x666E8E93) addi t4, t4, 0x666
x29 <- 0x66666666

mem[X,0x80002BA8] -> 0x0FB3
mem[X,0x80002BAA] -> 0x03DF
[2799] [M]: 0x80002BA8 (0x03DF0FB3) mul t6, t5, t4
x31 <- 0xA3D70A3E

clint::tick mtime <- 0x000000000000001C
 clint timer pending at mtime 0x000000000000001C
htif::tick 0x0000000000000000
mem[X,0x80002BAC] -> 0x2623
mem[X,0x80002BAE] -> 0x35F4
[2800] [M]: 0x80002BAC (0x35F42623) sw t6, 0x34c(fp)
mem[0x800068C4] <- 0xA3D70A3E

mem[X,0x80002BB0] -> 0x6F37
mem[X,0x80002BB2] -> 0x6666
[2801] [M]: 0x80002BB0 (0x66666F37) lui t5, 0x66666
x30 <- 0x66666000

mem[X,0x80002BB4] -> 0x0F13
mem[X,0x80002BB6] -> 0x665F
[2802] [M]: 0x80002BB4 (0x665F0F13) addi t5, t5, 0x665
x30 <- 0x66666665

mem[X,0x80002BB8] -> 0x5EB7
mem[X,0x80002BBA] -> 0xFFFF
[2803] [M]: 0x80002BB8 (0xFFFF5EB7) lui t4, -0xb
x29 <- 0xFFFF5000

mem[X,0x80002BBC] -> 0x8E93
mem[X,0x80002BBE] -> 0xAFCE
[2804] [M]: 0x80002BBC (0xAFCE8E93) addi t4, t4, -0x504
x29 <- 0xFFFF4AFC

mem[X,0x80002BC0] -> 0x0FB3
mem[X,0x80002BC2] -> 0x03DF
[2805] [M]: 0x80002BC0 (0x03DF0FB3) mul t6, t5, t4
x31 <- 0x0000FD6C

mem[X,0x80002BC4] -> 0x2823
mem[X,0x80002BC6] -> 0x35F4
[2806] [M]: 0x80002BC4 (0x35F42823) sw t6, 0x350(fp)
mem[0x800068C8] <- 0x0000FD6C

mem[X,0x80002BC8] -> 0x6F37
mem[X,0x80002BCA] -> 0x6666
[2807] [M]: 0x80002BC8 (0x66666F37) lui t5, 0x66666
x30 <- 0x66666000

mem[X,0x80002BCC] -> 0x0F13
mem[X,0x80002BCE] -> 0x665F
[2808] [M]: 0x80002BCC (0x665F0F13) addi t5, t5, 0x665
x30 <- 0x66666665

mem[X,0x80002BD0] -> 0xBEB7
mem[X,0x80002BD2] -> 0x0000
[2809] [M]: 0x80002BD0 (0x0000BEB7) lui t4, 0xb
x29 <- 0x0000B000

mem[X,0x80002BD4] -> 0x8E93
mem[X,0x80002BD6] -> 0x504E
[2810] [M]: 0x80002BD4 (0x504E8E93) addi t4, t4, 0x504
x29 <- 0x0000B504

mem[X,0x80002BD8] -> 0x0FB3
mem[X,0x80002BDA] -> 0x03DF
[2811] [M]: 0x80002BD8 (0x03DF0FB3) mul t6, t5, t4
x31 <- 0xFFFF0294

mem[X,0x80002BDC] -> 0x2A23
mem[X,0x80002BDE] -> 0x35F4
[2812] [M]: 0x80002BDC (0x35F42A23) sw t6, 0x354(fp)
mem[0x800068CC] <- 0xFFFF0294

mem[X,0x80002BE0] -> 0x6F37
mem[X,0x80002BE2] -> 0x6666
[2813] [M]: 0x80002BE0 (0x66666F37) lui t5, 0x66666
x30 <- 0x66666000

mem[X,0x80002BE4] -> 0x0F13
mem[X,0x80002BE6] -> 0x665F
[2814] [M]: 0x80002BE4 (0x665F0F13) addi t5, t5, 0x665
x30 <- 0x66666665

mem[X,0x80002BE8] -> 0x0E93
mem[X,0x80002BEA] -> 0x0020
[2815] [M]: 0x80002BE8 (0x00200E93) addi t4, zero, 0x2
x29 <- 0x00000002

mem[X,0x80002BEC] -> 0x0FB3
mem[X,0x80002BEE] -> 0x03DF
[2816] [M]: 0x80002BEC (0x03DF0FB3) mul t6, t5, t4
x31 <- 0xCCCCCCCA

mem[X,0x80002BF0] -> 0x2C23
mem[X,0x80002BF2] -> 0x35F4
[2817] [M]: 0x80002BF0 (0x35F42C23) sw t6, 0x358(fp)
mem[0x800068D0] <- 0xCCCCCCCA

mem[X,0x80002BF4] -> 0x6F37
mem[X,0x80002BF6] -> 0x6666
[2818] [M]: 0x80002BF4 (0x66666F37) lui t5, 0x66666
x30 <- 0x66666000

mem[X,0x80002BF8] -> 0x0F13
mem[X,0x80002BFA] -> 0x665F
[2819] [M]: 0x80002BF8 (0x665F0F13) addi t5, t5, 0x665
x30 <- 0x66666665

mem[X,0x80002BFC] -> 0x5EB7
mem[X,0x80002BFE] -> 0x5555
[2820] [M]: 0x80002BFC (0x55555EB7) lui t4, 0x55555
x29 <- 0x55555000

mem[X,0x80002C00] -> 0x8E93
mem[X,0x80002C02] -> 0x554E
[2821] [M]: 0x80002C00 (0x554E8E93) addi t4, t4, 0x554
x29 <- 0x55555554

mem[X,0x80002C04] -> 0x0FB3
mem[X,0x80002C06] -> 0x03DF
[2822] [M]: 0x80002C04 (0x03DF0FB3) mul t6, t5, t4
x31 <- 0x22222224

mem[X,0x80002C08] -> 0x2E23
mem[X,0x80002C0A] -> 0x35F4
[2823] [M]: 0x80002C08 (0x35F42E23) sw t6, 0x35c(fp)
mem[0x800068D4] <- 0x22222224

mem[X,0x80002C0C] -> 0x6F37
mem[X,0x80002C0E] -> 0x6666
[2824] [M]: 0x80002C0C (0x66666F37) lui t5, 0x66666
x30 <- 0x66666000

mem[X,0x80002C10] -> 0x0F13
mem[X,0x80002C12] -> 0x665F
[2825] [M]: 0x80002C10 (0x665F0F13) addi t5, t5, 0x665
x30 <- 0x66666665

mem[X,0x80002C14] -> 0x3EB7
mem[X,0x80002C16] -> 0x3333
[2826] [M]: 0x80002C14 (0x33333EB7) lui t4, 0x33333
x29 <- 0x33333000

mem[X,0x80002C18] -> 0x8E93
mem[X,0x80002C1A] -> 0x332E
[2827] [M]: 0x80002C18 (0x332E8E93) addi t4, t4, 0x332
x29 <- 0x33333332

mem[X,0x80002C1C] -> 0x0FB3
mem[X,0x80002C1E] -> 0x03DF
[2828] [M]: 0x80002C1C (0x03DF0FB3) mul t6, t5, t4
x31 <- 0xEB851EBA

mem[X,0x80002C20] -> 0x2023
mem[X,0x80002C22] -> 0x37F4
[2829] [M]: 0x80002C20 (0x37F42023) sw t6, 0x360(fp)
mem[0x800068D8] <- 0xEB851EBA

mem[X,0x80002C24] -> 0x6F37
mem[X,0x80002C26] -> 0x6666
[2830] [M]: 0x80002C24 (0x66666F37) lui t5, 0x66666
x30 <- 0x66666000

mem[X,0x80002C28] -> 0x0F13
mem[X,0x80002C2A] -> 0x665F
[2831] [M]: 0x80002C28 (0x665F0F13) addi t5, t5, 0x665
x30 <- 0x66666665

mem[X,0x80002C2C] -> 0x6EB7
mem[X,0x80002C2E] -> 0x6666
[2832] [M]: 0x80002C2C (0x66666EB7) lui t4, 0x66666
x29 <- 0x66666000

mem[X,0x80002C30] -> 0x8E93
mem[X,0x80002C32] -> 0x665E
[2833] [M]: 0x80002C30 (0x665E8E93) addi t4, t4, 0x665
x29 <- 0x66666665

mem[X,0x80002C34] -> 0x0FB3
mem[X,0x80002C36] -> 0x03DF
[2834] [M]: 0x80002C34 (0x03DF0FB3) mul t6, t5, t4
x31 <- 0x3D70A3D9

mem[X,0x80002C38] -> 0x2223
mem[X,0x80002C3A] -> 0x37F4
[2835] [M]: 0x80002C38 (0x37F42223) sw t6, 0x364(fp)
mem[0x800068DC] <- 0x3D70A3D9

mem[X,0x80002C3C] -> 0x6F37
mem[X,0x80002C3E] -> 0x6666
[2836] [M]: 0x80002C3C (0x66666F37) lui t5, 0x66666
x30 <- 0x66666000

mem[X,0x80002C40] -> 0x0F13
mem[X,0x80002C42] -> 0x665F
[2837] [M]: 0x80002C40 (0x665F0F13) addi t5, t5, 0x665
x30 <- 0x66666665

mem[X,0x80002C44] -> 0x0E93
mem[X,0x80002C46] -> 0x0000
[2838] [M]: 0x80002C44 (0x00000E93) addi t4, zero, 0x0
x29 <- 0x00000000

mem[X,0x80002C48] -> 0x0FB3
mem[X,0x80002C4A] -> 0x03DF
[2839] [M]: 0x80002C48 (0x03DF0FB3) mul t6, t5, t4
x31 <- 0x00000000

mem[X,0x80002C4C] -> 0x2423
mem[X,0x80002C4E] -> 0x37F4
[2840] [M]: 0x80002C4C (0x37F42423) sw t6, 0x368(fp)
mem[0x800068E0] <- 0x00000000

mem[X,0x80002C50] -> 0x6F37
mem[X,0x80002C52] -> 0x6666
[2841] [M]: 0x80002C50 (0x66666F37) lui t5, 0x66666
x30 <- 0x66666000

mem[X,0x80002C54] -> 0x0F13
mem[X,0x80002C56] -> 0x665F
[2842] [M]: 0x80002C54 (0x665F0F13) addi t5, t5, 0x665
x30 <- 0x66666665

mem[X,0x80002C58] -> 0xBEB7
mem[X,0x80002C5A] -> 0x0000
[2843] [M]: 0x80002C58 (0x0000BEB7) lui t4, 0xb
x29 <- 0x0000B000

mem[X,0x80002C5C] -> 0x8E93
mem[X,0x80002C5E] -> 0x503E
[2844] [M]: 0x80002C5C (0x503E8E93) addi t4, t4, 0x503
x29 <- 0x0000B503

mem[X,0x80002C60] -> 0x0FB3
mem[X,0x80002C62] -> 0x03DF
[2845] [M]: 0x80002C60 (0x03DF0FB3) mul t6, t5, t4
x31 <- 0x99989C2F

mem[X,0x80002C64] -> 0x2623
mem[X,0x80002C66] -> 0x37F4
[2846] [M]: 0x80002C64 (0x37F42623) sw t6, 0x36c(fp)
mem[0x800068E4] <- 0x99989C2F

mem[X,0x80002C68] -> 0x6F37
mem[X,0x80002C6A] -> 0x6666
[2847] [M]: 0x80002C68 (0x66666F37) lui t5, 0x66666
x30 <- 0x66666000

mem[X,0x80002C6C] -> 0x0F13
mem[X,0x80002C6E] -> 0x665F
[2848] [M]: 0x80002C6C (0x665F0F13) addi t5, t5, 0x665
x30 <- 0x66666665

mem[X,0x80002C70] -> 0x0E93
mem[X,0x80002C72] -> 0x0040
[2849] [M]: 0x80002C70 (0x00400E93) addi t4, zero, 0x4
x29 <- 0x00000004

mem[X,0x80002C74] -> 0x0FB3
mem[X,0x80002C76] -> 0x03DF
[2850] [M]: 0x80002C74 (0x03DF0FB3) mul t6, t5, t4
x31 <- 0x99999994

mem[X,0x80002C78] -> 0x2823
mem[X,0x80002C7A] -> 0x37F4
[2851] [M]: 0x80002C78 (0x37F42823) sw t6, 0x370(fp)
mem[0x800068E8] <- 0x99999994

mem[X,0x80002C7C] -> 0x6F37
mem[X,0x80002C7E] -> 0x6666
[2852] [M]: 0x80002C7C (0x66666F37) lui t5, 0x66666
x30 <- 0x66666000

mem[X,0x80002C80] -> 0x0F13
mem[X,0x80002C82] -> 0x665F
[2853] [M]: 0x80002C80 (0x665F0F13) addi t5, t5, 0x665
x30 <- 0x66666665

mem[X,0x80002C84] -> 0x5EB7
mem[X,0x80002C86] -> 0x5555
[2854] [M]: 0x80002C84 (0x55555EB7) lui t4, 0x55555
x29 <- 0x55555000

mem[X,0x80002C88] -> 0x8E93
mem[X,0x80002C8A] -> 0x556E
[2855] [M]: 0x80002C88 (0x556E8E93) addi t4, t4, 0x556
x29 <- 0x55555556

mem[X,0x80002C8C] -> 0x0FB3
mem[X,0x80002C8E] -> 0x03DF
[2856] [M]: 0x80002C8C (0x03DF0FB3) mul t6, t5, t4
x31 <- 0xEEEEEEEE

mem[X,0x80002C90] -> 0x2A23
mem[X,0x80002C92] -> 0x37F4
[2857] [M]: 0x80002C90 (0x37F42A23) sw t6, 0x374(fp)
mem[0x800068EC] <- 0xEEEEEEEE

mem[X,0x80002C94] -> 0x6F37
mem[X,0x80002C96] -> 0x6666
[2858] [M]: 0x80002C94 (0x66666F37) lui t5, 0x66666
x30 <- 0x66666000

mem[X,0x80002C98] -> 0x0F13
mem[X,0x80002C9A] -> 0x665F
[2859] [M]: 0x80002C98 (0x665F0F13) addi t5, t5, 0x665
x30 <- 0x66666665

mem[X,0x80002C9C] -> 0xBEB7
mem[X,0x80002C9E] -> 0xAAAA
[2860] [M]: 0x80002C9C (0xAAAABEB7) lui t4, -0x55555
x29 <- 0xAAAAB000

mem[X,0x80002CA0] -> 0x8E93
mem[X,0x80002CA2] -> 0xAABE
[2861] [M]: 0x80002CA0 (0xAABE8E93) addi t4, t4, -0x555
x29 <- 0xAAAAAAAB

mem[X,0x80002CA4] -> 0x0FB3
mem[X,0x80002CA6] -> 0x03DF
[2862] [M]: 0x80002CA4 (0x03DF0FB3) mul t6, t5, t4
x31 <- 0x77777777

mem[X,0x80002CA8] -> 0x2C23
mem[X,0x80002CAA] -> 0x37F4
[2863] [M]: 0x80002CA8 (0x37F42C23) sw t6, 0x378(fp)
mem[0x800068F0] <- 0x77777777

mem[X,0x80002CAC] -> 0x6F37
mem[X,0x80002CAE] -> 0x6666
[2864] [M]: 0x80002CAC (0x66666F37) lui t5, 0x66666
x30 <- 0x66666000

mem[X,0x80002CB0] -> 0x0F13
mem[X,0x80002CB2] -> 0x665F
[2865] [M]: 0x80002CB0 (0x665F0F13) addi t5, t5, 0x665
x30 <- 0x66666665

mem[X,0x80002CB4] -> 0x0E93
mem[X,0x80002CB6] -> 0x0060
[2866] [M]: 0x80002CB4 (0x00600E93) addi t4, zero, 0x6
x29 <- 0x00000006

mem[X,0x80002CB8] -> 0x0FB3
mem[X,0x80002CBA] -> 0x03DF
[2867] [M]: 0x80002CB8 (0x03DF0FB3) mul t6, t5, t4
x31 <- 0x6666665E

mem[X,0x80002CBC] -> 0x2E23
mem[X,0x80002CBE] -> 0x37F4
[2868] [M]: 0x80002CBC (0x37F42E23) sw t6, 0x37c(fp)
mem[0x800068F4] <- 0x6666665E

mem[X,0x80002CC0] -> 0x6F37
mem[X,0x80002CC2] -> 0x6666
[2869] [M]: 0x80002CC0 (0x66666F37) lui t5, 0x66666
x30 <- 0x66666000

mem[X,0x80002CC4] -> 0x0F13
mem[X,0x80002CC6] -> 0x665F
[2870] [M]: 0x80002CC4 (0x665F0F13) addi t5, t5, 0x665
x30 <- 0x66666665

mem[X,0x80002CC8] -> 0x3EB7
mem[X,0x80002CCA] -> 0x3333
[2871] [M]: 0x80002CC8 (0x33333EB7) lui t4, 0x33333
x29 <- 0x33333000

mem[X,0x80002CCC] -> 0x8E93
mem[X,0x80002CCE] -> 0x334E
[2872] [M]: 0x80002CCC (0x334E8E93) addi t4, t4, 0x334
x29 <- 0x33333334

mem[X,0x80002CD0] -> 0x0FB3
mem[X,0x80002CD2] -> 0x03DF
[2873] [M]: 0x80002CD0 (0x03DF0FB3) mul t6, t5, t4
x31 <- 0xB851EB84

mem[X,0x80002CD4] -> 0x2023
mem[X,0x80002CD6] -> 0x39F4
[2874] [M]: 0x80002CD4 (0x39F42023) sw t6, 0x380(fp)
mem[0x800068F8] <- 0xB851EB84

mem[X,0x80002CD8] -> 0x6F37
mem[X,0x80002CDA] -> 0x6666
[2875] [M]: 0x80002CD8 (0x66666F37) lui t5, 0x66666
x30 <- 0x66666000

mem[X,0x80002CDC] -> 0x0F13
mem[X,0x80002CDE] -> 0x665F
[2876] [M]: 0x80002CDC (0x665F0F13) addi t5, t5, 0x665
x30 <- 0x66666665

mem[X,0x80002CE0] -> 0x6EB7
mem[X,0x80002CE2] -> 0x6666
[2877] [M]: 0x80002CE0 (0x66666EB7) lui t4, 0x66666
x29 <- 0x66666000

mem[X,0x80002CE4] -> 0x8E93
mem[X,0x80002CE6] -> 0x667E
[2878] [M]: 0x80002CE4 (0x667E8E93) addi t4, t4, 0x667
x29 <- 0x66666667

mem[X,0x80002CE8] -> 0x0FB3
mem[X,0x80002CEA] -> 0x03DF
[2879] [M]: 0x80002CE8 (0x03DF0FB3) mul t6, t5, t4
x31 <- 0x0A3D70A3

mem[X,0x80002CEC] -> 0x2223
mem[X,0x80002CEE] -> 0x39F4
[2880] [M]: 0x80002CEC (0x39F42223) sw t6, 0x384(fp)
mem[0x800068FC] <- 0x0A3D70A3

mem[X,0x80002CF0] -> 0x6F37
mem[X,0x80002CF2] -> 0x6666
[2881] [M]: 0x80002CF0 (0x66666F37) lui t5, 0x66666
x30 <- 0x66666000

mem[X,0x80002CF4] -> 0x0F13
mem[X,0x80002CF6] -> 0x665F
[2882] [M]: 0x80002CF4 (0x665F0F13) addi t5, t5, 0x665
x30 <- 0x66666665

mem[X,0x80002CF8] -> 0x5EB7
mem[X,0x80002CFA] -> 0xFFFF
[2883] [M]: 0x80002CF8 (0xFFFF5EB7) lui t4, -0xb
x29 <- 0xFFFF5000

mem[X,0x80002CFC] -> 0x8E93
mem[X,0x80002CFE] -> 0xAFDE
[2884] [M]: 0x80002CFC (0xAFDE8E93) addi t4, t4, -0x503
x29 <- 0xFFFF4AFD

mem[X,0x80002D00] -> 0x0FB3
mem[X,0x80002D02] -> 0x03DF
[2885] [M]: 0x80002D00 (0x03DF0FB3) mul t6, t5, t4
x31 <- 0x666763D1

mem[X,0x80002D04] -> 0x2423
mem[X,0x80002D06] -> 0x39F4
[2886] [M]: 0x80002D04 (0x39F42423) sw t6, 0x388(fp)
mem[0x80006900] <- 0x666763D1

mem[X,0x80002D08] -> 0x6F37
mem[X,0x80002D0A] -> 0x6666
[2887] [M]: 0x80002D08 (0x66666F37) lui t5, 0x66666
x30 <- 0x66666000

mem[X,0x80002D0C] -> 0x0F13
mem[X,0x80002D0E] -> 0x665F
[2888] [M]: 0x80002D0C (0x665F0F13) addi t5, t5, 0x665
x30 <- 0x66666665

mem[X,0x80002D10] -> 0xBEB7
mem[X,0x80002D12] -> 0x0000
[2889] [M]: 0x80002D10 (0x0000BEB7) lui t4, 0xb
x29 <- 0x0000B000

mem[X,0x80002D14] -> 0x8E93
mem[X,0x80002D16] -> 0x505E
[2890] [M]: 0x80002D14 (0x505E8E93) addi t4, t4, 0x505
x29 <- 0x0000B505

mem[X,0x80002D18] -> 0x0FB3
mem[X,0x80002D1A] -> 0x03DF
[2891] [M]: 0x80002D18 (0x03DF0FB3) mul t6, t5, t4
x31 <- 0x666568F9

mem[X,0x80002D1C] -> 0x2623
mem[X,0x80002D1E] -> 0x39F4
[2892] [M]: 0x80002D1C (0x39F42623) sw t6, 0x38c(fp)
mem[0x80006904] <- 0x666568F9

mem[X,0x80002D20] -> 0x0F13
mem[X,0x80002D22] -> 0x0000
[2893] [M]: 0x80002D20 (0x00000F13) addi t5, zero, 0x0
x30 <- 0x00000000

mem[X,0x80002D24] -> 0x0E93
mem[X,0x80002D26] -> 0x0030
[2894] [M]: 0x80002D24 (0x00300E93) addi t4, zero, 0x3
x29 <- 0x00000003

mem[X,0x80002D28] -> 0x0FB3
mem[X,0x80002D2A] -> 0x03DF
[2895] [M]: 0x80002D28 (0x03DF0FB3) mul t6, t5, t4
x31 <- 0x00000000

mem[X,0x80002D2C] -> 0x2823
mem[X,0x80002D2E] -> 0x39F4
[2896] [M]: 0x80002D2C (0x39F42823) sw t6, 0x390(fp)
mem[0x80006908] <- 0x00000000

mem[X,0x80002D30] -> 0x0F13
mem[X,0x80002D32] -> 0x0000
[2897] [M]: 0x80002D30 (0x00000F13) addi t5, zero, 0x0
x30 <- 0x00000000

mem[X,0x80002D34] -> 0x5EB7
mem[X,0x80002D36] -> 0x5555
[2898] [M]: 0x80002D34 (0x55555EB7) lui t4, 0x55555
x29 <- 0x55555000

mem[X,0x80002D38] -> 0x8E93
mem[X,0x80002D3A] -> 0x555E
[2899] [M]: 0x80002D38 (0x555E8E93) addi t4, t4, 0x555
x29 <- 0x55555555

clint::tick mtime <- 0x000000000000001D
 clint timer pending at mtime 0x000000000000001D
htif::tick 0x0000000000000000
mem[X,0x80002D3C] -> 0x0FB3
mem[X,0x80002D3E] -> 0x03DF
[2900] [M]: 0x80002D3C (0x03DF0FB3) mul t6, t5, t4
x31 <- 0x00000000

mem[X,0x80002D40] -> 0x2A23
mem[X,0x80002D42] -> 0x39F4
[2901] [M]: 0x80002D40 (0x39F42A23) sw t6, 0x394(fp)
mem[0x8000690C] <- 0x00000000

mem[X,0x80002D44] -> 0x0F13
mem[X,0x80002D46] -> 0x0000
[2902] [M]: 0x80002D44 (0x00000F13) addi t5, zero, 0x0
x30 <- 0x00000000

mem[X,0x80002D48] -> 0xBEB7
mem[X,0x80002D4A] -> 0xAAAA
[2903] [M]: 0x80002D48 (0xAAAABEB7) lui t4, -0x55555
x29 <- 0xAAAAB000

mem[X,0x80002D4C] -> 0x8E93
mem[X,0x80002D4E] -> 0xAAAE
[2904] [M]: 0x80002D4C (0xAAAE8E93) addi t4, t4, -0x556
x29 <- 0xAAAAAAAA

mem[X,0x80002D50] -> 0x0FB3
mem[X,0x80002D52] -> 0x03DF
[2905] [M]: 0x80002D50 (0x03DF0FB3) mul t6, t5, t4
x31 <- 0x00000000

mem[X,0x80002D54] -> 0x2C23
mem[X,0x80002D56] -> 0x39F4
[2906] [M]: 0x80002D54 (0x39F42C23) sw t6, 0x398(fp)
mem[0x80006910] <- 0x00000000

mem[X,0x80002D58] -> 0x0F13
mem[X,0x80002D5A] -> 0x0000
[2907] [M]: 0x80002D58 (0x00000F13) addi t5, zero, 0x0
x30 <- 0x00000000

mem[X,0x80002D5C] -> 0x0E93
mem[X,0x80002D5E] -> 0x0050
[2908] [M]: 0x80002D5C (0x00500E93) addi t4, zero, 0x5
x29 <- 0x00000005

mem[X,0x80002D60] -> 0x0FB3
mem[X,0x80002D62] -> 0x03DF
[2909] [M]: 0x80002D60 (0x03DF0FB3) mul t6, t5, t4
x31 <- 0x00000000

mem[X,0x80002D64] -> 0x2E23
mem[X,0x80002D66] -> 0x39F4
[2910] [M]: 0x80002D64 (0x39F42E23) sw t6, 0x39c(fp)
mem[0x80006914] <- 0x00000000

mem[X,0x80002D68] -> 0x0F13
mem[X,0x80002D6A] -> 0x0000
[2911] [M]: 0x80002D68 (0x00000F13) addi t5, zero, 0x0
x30 <- 0x00000000

mem[X,0x80002D6C] -> 0x3EB7
mem[X,0x80002D6E] -> 0x3333
[2912] [M]: 0x80002D6C (0x33333EB7) lui t4, 0x33333
x29 <- 0x33333000

mem[X,0x80002D70] -> 0x8E93
mem[X,0x80002D72] -> 0x333E
[2913] [M]: 0x80002D70 (0x333E8E93) addi t4, t4, 0x333
x29 <- 0x33333333

mem[X,0x80002D74] -> 0x0FB3
mem[X,0x80002D76] -> 0x03DF
[2914] [M]: 0x80002D74 (0x03DF0FB3) mul t6, t5, t4
x31 <- 0x00000000

mem[X,0x80002D78] -> 0x2023
mem[X,0x80002D7A] -> 0x3BF4
[2915] [M]: 0x80002D78 (0x3BF42023) sw t6, 0x3a0(fp)
mem[0x80006918] <- 0x00000000

mem[X,0x80002D7C] -> 0x0F13
mem[X,0x80002D7E] -> 0x0000
[2916] [M]: 0x80002D7C (0x00000F13) addi t5, zero, 0x0
x30 <- 0x00000000

mem[X,0x80002D80] -> 0x6EB7
mem[X,0x80002D82] -> 0x6666
[2917] [M]: 0x80002D80 (0x66666EB7) lui t4, 0x66666
x29 <- 0x66666000

mem[X,0x80002D84] -> 0x8E93
mem[X,0x80002D86] -> 0x666E
[2918] [M]: 0x80002D84 (0x666E8E93) addi t4, t4, 0x666
x29 <- 0x66666666

mem[X,0x80002D88] -> 0x0FB3
mem[X,0x80002D8A] -> 0x03DF
[2919] [M]: 0x80002D88 (0x03DF0FB3) mul t6, t5, t4
x31 <- 0x00000000

mem[X,0x80002D8C] -> 0x2223
mem[X,0x80002D8E] -> 0x3BF4
[2920] [M]: 0x80002D8C (0x3BF42223) sw t6, 0x3a4(fp)
mem[0x8000691C] <- 0x00000000

mem[X,0x80002D90] -> 0x0F13
mem[X,0x80002D92] -> 0x0000
[2921] [M]: 0x80002D90 (0x00000F13) addi t5, zero, 0x0
x30 <- 0x00000000

mem[X,0x80002D94] -> 0x5EB7
mem[X,0x80002D96] -> 0xFFFF
[2922] [M]: 0x80002D94 (0xFFFF5EB7) lui t4, -0xb
x29 <- 0xFFFF5000

mem[X,0x80002D98] -> 0x8E93
mem[X,0x80002D9A] -> 0xAFCE
[2923] [M]: 0x80002D98 (0xAFCE8E93) addi t4, t4, -0x504
x29 <- 0xFFFF4AFC

mem[X,0x80002D9C] -> 0x0FB3
mem[X,0x80002D9E] -> 0x03DF
[2924] [M]: 0x80002D9C (0x03DF0FB3) mul t6, t5, t4
x31 <- 0x00000000

mem[X,0x80002DA0] -> 0x2423
mem[X,0x80002DA2] -> 0x3BF4
[2925] [M]: 0x80002DA0 (0x3BF42423) sw t6, 0x3a8(fp)
mem[0x80006920] <- 0x00000000

mem[X,0x80002DA4] -> 0x0F13
mem[X,0x80002DA6] -> 0x0000
[2926] [M]: 0x80002DA4 (0x00000F13) addi t5, zero, 0x0
x30 <- 0x00000000

mem[X,0x80002DA8] -> 0xBEB7
mem[X,0x80002DAA] -> 0x0000
[2927] [M]: 0x80002DA8 (0x0000BEB7) lui t4, 0xb
x29 <- 0x0000B000

mem[X,0x80002DAC] -> 0x8E93
mem[X,0x80002DAE] -> 0x504E
[2928] [M]: 0x80002DAC (0x504E8E93) addi t4, t4, 0x504
x29 <- 0x0000B504

mem[X,0x80002DB0] -> 0x0FB3
mem[X,0x80002DB2] -> 0x03DF
[2929] [M]: 0x80002DB0 (0x03DF0FB3) mul t6, t5, t4
x31 <- 0x00000000

mem[X,0x80002DB4] -> 0x2623
mem[X,0x80002DB6] -> 0x3BF4
[2930] [M]: 0x80002DB4 (0x3BF42623) sw t6, 0x3ac(fp)
mem[0x80006924] <- 0x00000000

mem[X,0x80002DB8] -> 0x0F13
mem[X,0x80002DBA] -> 0x0000
[2931] [M]: 0x80002DB8 (0x00000F13) addi t5, zero, 0x0
x30 <- 0x00000000

mem[X,0x80002DBC] -> 0x0E93
mem[X,0x80002DBE] -> 0x0020
[2932] [M]: 0x80002DBC (0x00200E93) addi t4, zero, 0x2
x29 <- 0x00000002

mem[X,0x80002DC0] -> 0x0FB3
mem[X,0x80002DC2] -> 0x03DF
[2933] [M]: 0x80002DC0 (0x03DF0FB3) mul t6, t5, t4
x31 <- 0x00000000

mem[X,0x80002DC4] -> 0x2823
mem[X,0x80002DC6] -> 0x3BF4
[2934] [M]: 0x80002DC4 (0x3BF42823) sw t6, 0x3b0(fp)
mem[0x80006928] <- 0x00000000

mem[X,0x80002DC8] -> 0x0F13
mem[X,0x80002DCA] -> 0x0000
[2935] [M]: 0x80002DC8 (0x00000F13) addi t5, zero, 0x0
x30 <- 0x00000000

mem[X,0x80002DCC] -> 0x5EB7
mem[X,0x80002DCE] -> 0x5555
[2936] [M]: 0x80002DCC (0x55555EB7) lui t4, 0x55555
x29 <- 0x55555000

mem[X,0x80002DD0] -> 0x8E93
mem[X,0x80002DD2] -> 0x554E
[2937] [M]: 0x80002DD0 (0x554E8E93) addi t4, t4, 0x554
x29 <- 0x55555554

mem[X,0x80002DD4] -> 0x0FB3
mem[X,0x80002DD6] -> 0x03DF
[2938] [M]: 0x80002DD4 (0x03DF0FB3) mul t6, t5, t4
x31 <- 0x00000000

mem[X,0x80002DD8] -> 0x2A23
mem[X,0x80002DDA] -> 0x3BF4
[2939] [M]: 0x80002DD8 (0x3BF42A23) sw t6, 0x3b4(fp)
mem[0x8000692C] <- 0x00000000

mem[X,0x80002DDC] -> 0x0F13
mem[X,0x80002DDE] -> 0x0000
[2940] [M]: 0x80002DDC (0x00000F13) addi t5, zero, 0x0
x30 <- 0x00000000

mem[X,0x80002DE0] -> 0x3EB7
mem[X,0x80002DE2] -> 0x3333
[2941] [M]: 0x80002DE0 (0x33333EB7) lui t4, 0x33333
x29 <- 0x33333000

mem[X,0x80002DE4] -> 0x8E93
mem[X,0x80002DE6] -> 0x332E
[2942] [M]: 0x80002DE4 (0x332E8E93) addi t4, t4, 0x332
x29 <- 0x33333332

mem[X,0x80002DE8] -> 0x0FB3
mem[X,0x80002DEA] -> 0x03DF
[2943] [M]: 0x80002DE8 (0x03DF0FB3) mul t6, t5, t4
x31 <- 0x00000000

mem[X,0x80002DEC] -> 0x2C23
mem[X,0x80002DEE] -> 0x3BF4
[2944] [M]: 0x80002DEC (0x3BF42C23) sw t6, 0x3b8(fp)
mem[0x80006930] <- 0x00000000

mem[X,0x80002DF0] -> 0x0F13
mem[X,0x80002DF2] -> 0x0000
[2945] [M]: 0x80002DF0 (0x00000F13) addi t5, zero, 0x0
x30 <- 0x00000000

mem[X,0x80002DF4] -> 0x6EB7
mem[X,0x80002DF6] -> 0x6666
[2946] [M]: 0x80002DF4 (0x66666EB7) lui t4, 0x66666
x29 <- 0x66666000

mem[X,0x80002DF8] -> 0x8E93
mem[X,0x80002DFA] -> 0x665E
[2947] [M]: 0x80002DF8 (0x665E8E93) addi t4, t4, 0x665
x29 <- 0x66666665

mem[X,0x80002DFC] -> 0x0FB3
mem[X,0x80002DFE] -> 0x03DF
[2948] [M]: 0x80002DFC (0x03DF0FB3) mul t6, t5, t4
x31 <- 0x00000000

mem[X,0x80002E00] -> 0x2E23
mem[X,0x80002E02] -> 0x3BF4
[2949] [M]: 0x80002E00 (0x3BF42E23) sw t6, 0x3bc(fp)
mem[0x80006934] <- 0x00000000

mem[X,0x80002E04] -> 0x0F13
mem[X,0x80002E06] -> 0x0000
[2950] [M]: 0x80002E04 (0x00000F13) addi t5, zero, 0x0
x30 <- 0x00000000

mem[X,0x80002E08] -> 0x0E93
mem[X,0x80002E0A] -> 0x0000
[2951] [M]: 0x80002E08 (0x00000E93) addi t4, zero, 0x0
x29 <- 0x00000000

mem[X,0x80002E0C] -> 0x0FB3
mem[X,0x80002E0E] -> 0x03DF
[2952] [M]: 0x80002E0C (0x03DF0FB3) mul t6, t5, t4
x31 <- 0x00000000

mem[X,0x80002E10] -> 0x2023
mem[X,0x80002E12] -> 0x3DF4
[2953] [M]: 0x80002E10 (0x3DF42023) sw t6, 0x3c0(fp)
mem[0x80006938] <- 0x00000000

mem[X,0x80002E14] -> 0x0F13
mem[X,0x80002E16] -> 0x0000
[2954] [M]: 0x80002E14 (0x00000F13) addi t5, zero, 0x0
x30 <- 0x00000000

mem[X,0x80002E18] -> 0xBEB7
mem[X,0x80002E1A] -> 0x0000
[2955] [M]: 0x80002E18 (0x0000BEB7) lui t4, 0xb
x29 <- 0x0000B000

mem[X,0x80002E1C] -> 0x8E93
mem[X,0x80002E1E] -> 0x503E
[2956] [M]: 0x80002E1C (0x503E8E93) addi t4, t4, 0x503
x29 <- 0x0000B503

mem[X,0x80002E20] -> 0x0FB3
mem[X,0x80002E22] -> 0x03DF
[2957] [M]: 0x80002E20 (0x03DF0FB3) mul t6, t5, t4
x31 <- 0x00000000

mem[X,0x80002E24] -> 0x2223
mem[X,0x80002E26] -> 0x3DF4
[2958] [M]: 0x80002E24 (0x3DF42223) sw t6, 0x3c4(fp)
mem[0x8000693C] <- 0x00000000

mem[X,0x80002E28] -> 0x0F13
mem[X,0x80002E2A] -> 0x0000
[2959] [M]: 0x80002E28 (0x00000F13) addi t5, zero, 0x0
x30 <- 0x00000000

mem[X,0x80002E2C] -> 0x0E93
mem[X,0x80002E2E] -> 0x0040
[2960] [M]: 0x80002E2C (0x00400E93) addi t4, zero, 0x4
x29 <- 0x00000004

mem[X,0x80002E30] -> 0x0FB3
mem[X,0x80002E32] -> 0x03DF
[2961] [M]: 0x80002E30 (0x03DF0FB3) mul t6, t5, t4
x31 <- 0x00000000

mem[X,0x80002E34] -> 0x2423
mem[X,0x80002E36] -> 0x3DF4
[2962] [M]: 0x80002E34 (0x3DF42423) sw t6, 0x3c8(fp)
mem[0x80006940] <- 0x00000000

mem[X,0x80002E38] -> 0x0F13
mem[X,0x80002E3A] -> 0x0000
[2963] [M]: 0x80002E38 (0x00000F13) addi t5, zero, 0x0
x30 <- 0x00000000

mem[X,0x80002E3C] -> 0x5EB7
mem[X,0x80002E3E] -> 0x5555
[2964] [M]: 0x80002E3C (0x55555EB7) lui t4, 0x55555
x29 <- 0x55555000

mem[X,0x80002E40] -> 0x8E93
mem[X,0x80002E42] -> 0x556E
[2965] [M]: 0x80002E40 (0x556E8E93) addi t4, t4, 0x556
x29 <- 0x55555556

mem[X,0x80002E44] -> 0x0FB3
mem[X,0x80002E46] -> 0x03DF
[2966] [M]: 0x80002E44 (0x03DF0FB3) mul t6, t5, t4
x31 <- 0x00000000

mem[X,0x80002E48] -> 0x2623
mem[X,0x80002E4A] -> 0x3DF4
[2967] [M]: 0x80002E48 (0x3DF42623) sw t6, 0x3cc(fp)
mem[0x80006944] <- 0x00000000

mem[X,0x80002E4C] -> 0x0F13
mem[X,0x80002E4E] -> 0x0000
[2968] [M]: 0x80002E4C (0x00000F13) addi t5, zero, 0x0
x30 <- 0x00000000

mem[X,0x80002E50] -> 0xBEB7
mem[X,0x80002E52] -> 0xAAAA
[2969] [M]: 0x80002E50 (0xAAAABEB7) lui t4, -0x55555
x29 <- 0xAAAAB000

mem[X,0x80002E54] -> 0x8E93
mem[X,0x80002E56] -> 0xAABE
[2970] [M]: 0x80002E54 (0xAABE8E93) addi t4, t4, -0x555
x29 <- 0xAAAAAAAB

mem[X,0x80002E58] -> 0x0FB3
mem[X,0x80002E5A] -> 0x03DF
[2971] [M]: 0x80002E58 (0x03DF0FB3) mul t6, t5, t4
x31 <- 0x00000000

mem[X,0x80002E5C] -> 0x2823
mem[X,0x80002E5E] -> 0x3DF4
[2972] [M]: 0x80002E5C (0x3DF42823) sw t6, 0x3d0(fp)
mem[0x80006948] <- 0x00000000

mem[X,0x80002E60] -> 0x0F13
mem[X,0x80002E62] -> 0x0000
[2973] [M]: 0x80002E60 (0x00000F13) addi t5, zero, 0x0
x30 <- 0x00000000

mem[X,0x80002E64] -> 0x0E93
mem[X,0x80002E66] -> 0x0060
[2974] [M]: 0x80002E64 (0x00600E93) addi t4, zero, 0x6
x29 <- 0x00000006

mem[X,0x80002E68] -> 0x0FB3
mem[X,0x80002E6A] -> 0x03DF
[2975] [M]: 0x80002E68 (0x03DF0FB3) mul t6, t5, t4
x31 <- 0x00000000

mem[X,0x80002E6C] -> 0x2A23
mem[X,0x80002E6E] -> 0x3DF4
[2976] [M]: 0x80002E6C (0x3DF42A23) sw t6, 0x3d4(fp)
mem[0x8000694C] <- 0x00000000

mem[X,0x80002E70] -> 0x0F13
mem[X,0x80002E72] -> 0x0000
[2977] [M]: 0x80002E70 (0x00000F13) addi t5, zero, 0x0
x30 <- 0x00000000

mem[X,0x80002E74] -> 0x3EB7
mem[X,0x80002E76] -> 0x3333
[2978] [M]: 0x80002E74 (0x33333EB7) lui t4, 0x33333
x29 <- 0x33333000

mem[X,0x80002E78] -> 0x8E93
mem[X,0x80002E7A] -> 0x334E
[2979] [M]: 0x80002E78 (0x334E8E93) addi t4, t4, 0x334
x29 <- 0x33333334

mem[X,0x80002E7C] -> 0x0FB3
mem[X,0x80002E7E] -> 0x03DF
[2980] [M]: 0x80002E7C (0x03DF0FB3) mul t6, t5, t4
x31 <- 0x00000000

mem[X,0x80002E80] -> 0x2C23
mem[X,0x80002E82] -> 0x3DF4
[2981] [M]: 0x80002E80 (0x3DF42C23) sw t6, 0x3d8(fp)
mem[0x80006950] <- 0x00000000

mem[X,0x80002E84] -> 0x0F13
mem[X,0x80002E86] -> 0x0000
[2982] [M]: 0x80002E84 (0x00000F13) addi t5, zero, 0x0
x30 <- 0x00000000

mem[X,0x80002E88] -> 0x6EB7
mem[X,0x80002E8A] -> 0x6666
[2983] [M]: 0x80002E88 (0x66666EB7) lui t4, 0x66666
x29 <- 0x66666000

mem[X,0x80002E8C] -> 0x8E93
mem[X,0x80002E8E] -> 0x667E
[2984] [M]: 0x80002E8C (0x667E8E93) addi t4, t4, 0x667
x29 <- 0x66666667

mem[X,0x80002E90] -> 0x0FB3
mem[X,0x80002E92] -> 0x03DF
[2985] [M]: 0x80002E90 (0x03DF0FB3) mul t6, t5, t4
x31 <- 0x00000000

mem[X,0x80002E94] -> 0x2E23
mem[X,0x80002E96] -> 0x3DF4
[2986] [M]: 0x80002E94 (0x3DF42E23) sw t6, 0x3dc(fp)
mem[0x80006954] <- 0x00000000

mem[X,0x80002E98] -> 0x0F13
mem[X,0x80002E9A] -> 0x0000
[2987] [M]: 0x80002E98 (0x00000F13) addi t5, zero, 0x0
x30 <- 0x00000000

mem[X,0x80002E9C] -> 0x5EB7
mem[X,0x80002E9E] -> 0xFFFF
[2988] [M]: 0x80002E9C (0xFFFF5EB7) lui t4, -0xb
x29 <- 0xFFFF5000

mem[X,0x80002EA0] -> 0x8E93
mem[X,0x80002EA2] -> 0xAFDE
[2989] [M]: 0x80002EA0 (0xAFDE8E93) addi t4, t4, -0x503
x29 <- 0xFFFF4AFD

mem[X,0x80002EA4] -> 0x0FB3
mem[X,0x80002EA6] -> 0x03DF
[2990] [M]: 0x80002EA4 (0x03DF0FB3) mul t6, t5, t4
x31 <- 0x00000000

mem[X,0x80002EA8] -> 0x2023
mem[X,0x80002EAA] -> 0x3FF4
[2991] [M]: 0x80002EA8 (0x3FF42023) sw t6, 0x3e0(fp)
mem[0x80006958] <- 0x00000000

mem[X,0x80002EAC] -> 0xBF37
mem[X,0x80002EAE] -> 0x0000
[2992] [M]: 0x80002EAC (0x0000BF37) lui t5, 0xb
x30 <- 0x0000B000

mem[X,0x80002EB0] -> 0x0F13
mem[X,0x80002EB2] -> 0x503F
[2993] [M]: 0x80002EB0 (0x503F0F13) addi t5, t5, 0x503
x30 <- 0x0000B503

mem[X,0x80002EB4] -> 0x0E93
mem[X,0x80002EB6] -> 0x0030
[2994] [M]: 0x80002EB4 (0x00300E93) addi t4, zero, 0x3
x29 <- 0x00000003

mem[X,0x80002EB8] -> 0x0FB3
mem[X,0x80002EBA] -> 0x03DF
[2995] [M]: 0x80002EB8 (0x03DF0FB3) mul t6, t5, t4
x31 <- 0x00021F09

mem[X,0x80002EBC] -> 0x2223
mem[X,0x80002EBE] -> 0x3FF4
[2996] [M]: 0x80002EBC (0x3FF42223) sw t6, 0x3e4(fp)
mem[0x8000695C] <- 0x00021F09

mem[X,0x80002EC0] -> 0xBF37
mem[X,0x80002EC2] -> 0x0000
[2997] [M]: 0x80002EC0 (0x0000BF37) lui t5, 0xb
x30 <- 0x0000B000

mem[X,0x80002EC4] -> 0x0F13
mem[X,0x80002EC6] -> 0x503F
[2998] [M]: 0x80002EC4 (0x503F0F13) addi t5, t5, 0x503
x30 <- 0x0000B503

mem[X,0x80002EC8] -> 0x5EB7
mem[X,0x80002ECA] -> 0x5555
[2999] [M]: 0x80002EC8 (0x55555EB7) lui t4, 0x55555
x29 <- 0x55555000

clint::tick mtime <- 0x000000000000001E
 clint timer pending at mtime 0x000000000000001E
htif::tick 0x0000000000000000
mem[X,0x80002ECC] -> 0x8E93
mem[X,0x80002ECE] -> 0x555E
[3000] [M]: 0x80002ECC (0x555E8E93) addi t4, t4, 0x555
x29 <- 0x55555555

mem[X,0x80002ED0] -> 0x0FB3
mem[X,0x80002ED2] -> 0x03DF
[3001] [M]: 0x80002ED0 (0x03DF0FB3) mul t6, t5, t4
x31 <- 0x555518FF

mem[X,0x80002ED4] -> 0x2423
mem[X,0x80002ED6] -> 0x3FF4
[3002] [M]: 0x80002ED4 (0x3FF42423) sw t6, 0x3e8(fp)
mem[0x80006960] <- 0x555518FF

mem[X,0x80002ED8] -> 0xBF37
mem[X,0x80002EDA] -> 0x0000
[3003] [M]: 0x80002ED8 (0x0000BF37) lui t5, 0xb
x30 <- 0x0000B000

mem[X,0x80002EDC] -> 0x0F13
mem[X,0x80002EDE] -> 0x503F
[3004] [M]: 0x80002EDC (0x503F0F13) addi t5, t5, 0x503
x30 <- 0x0000B503

mem[X,0x80002EE0] -> 0xBEB7
mem[X,0x80002EE2] -> 0xAAAA
[3005] [M]: 0x80002EE0 (0xAAAABEB7) lui t4, -0x55555
x29 <- 0xAAAAB000

mem[X,0x80002EE4] -> 0x8E93
mem[X,0x80002EE6] -> 0xAAAE
[3006] [M]: 0x80002EE4 (0xAAAE8E93) addi t4, t4, -0x556
x29 <- 0xAAAAAAAA

mem[X,0x80002EE8] -> 0x0FB3
mem[X,0x80002EEA] -> 0x03DF
[3007] [M]: 0x80002EE8 (0x03DF0FB3) mul t6, t5, t4
x31 <- 0xAAAA31FE

mem[X,0x80002EEC] -> 0x2623
mem[X,0x80002EEE] -> 0x3FF4
[3008] [M]: 0x80002EEC (0x3FF42623) sw t6, 0x3ec(fp)
mem[0x80006964] <- 0xAAAA31FE

mem[X,0x80002EF0] -> 0xBF37
mem[X,0x80002EF2] -> 0x0000
[3009] [M]: 0x80002EF0 (0x0000BF37) lui t5, 0xb
x30 <- 0x0000B000

mem[X,0x80002EF4] -> 0x0F13
mem[X,0x80002EF6] -> 0x503F
[3010] [M]: 0x80002EF4 (0x503F0F13) addi t5, t5, 0x503
x30 <- 0x0000B503

mem[X,0x80002EF8] -> 0x0E93
mem[X,0x80002EFA] -> 0x0050
[3011] [M]: 0x80002EF8 (0x00500E93) addi t4, zero, 0x5
x29 <- 0x00000005

mem[X,0x80002EFC] -> 0x0FB3
mem[X,0x80002EFE] -> 0x03DF
[3012] [M]: 0x80002EFC (0x03DF0FB3) mul t6, t5, t4
x31 <- 0x0003890F

mem[X,0x80002F00] -> 0x2823
mem[X,0x80002F02] -> 0x3FF4
[3013] [M]: 0x80002F00 (0x3FF42823) sw t6, 0x3f0(fp)
mem[0x80006968] <- 0x0003890F

mem[X,0x80002F04] -> 0xBF37
mem[X,0x80002F06] -> 0x0000
[3014] [M]: 0x80002F04 (0x0000BF37) lui t5, 0xb
x30 <- 0x0000B000

mem[X,0x80002F08] -> 0x0F13
mem[X,0x80002F0A] -> 0x503F
[3015] [M]: 0x80002F08 (0x503F0F13) addi t5, t5, 0x503
x30 <- 0x0000B503

mem[X,0x80002F0C] -> 0x3EB7
mem[X,0x80002F0E] -> 0x3333
[3016] [M]: 0x80002F0C (0x33333EB7) lui t4, 0x33333
x29 <- 0x33333000

mem[X,0x80002F10] -> 0x8E93
mem[X,0x80002F12] -> 0x333E
[3017] [M]: 0x80002F10 (0x333E8E93) addi t4, t4, 0x333
x29 <- 0x33333333

mem[X,0x80002F14] -> 0x0FB3
mem[X,0x80002F16] -> 0x03DF
[3018] [M]: 0x80002F14 (0x03DF0FB3) mul t6, t5, t4
x31 <- 0xCCCCA899

mem[X,0x80002F18] -> 0x2A23
mem[X,0x80002F1A] -> 0x3FF4
[3019] [M]: 0x80002F18 (0x3FF42A23) sw t6, 0x3f4(fp)
mem[0x8000696C] <- 0xCCCCA899

mem[X,0x80002F1C] -> 0xBF37
mem[X,0x80002F1E] -> 0x0000
[3020] [M]: 0x80002F1C (0x0000BF37) lui t5, 0xb
x30 <- 0x0000B000

mem[X,0x80002F20] -> 0x0F13
mem[X,0x80002F22] -> 0x503F
[3021] [M]: 0x80002F20 (0x503F0F13) addi t5, t5, 0x503
x30 <- 0x0000B503

mem[X,0x80002F24] -> 0x6EB7
mem[X,0x80002F26] -> 0x6666
[3022] [M]: 0x80002F24 (0x66666EB7) lui t4, 0x66666
x29 <- 0x66666000

mem[X,0x80002F28] -> 0x8E93
mem[X,0x80002F2A] -> 0x666E
[3023] [M]: 0x80002F28 (0x666E8E93) addi t4, t4, 0x666
x29 <- 0x66666666

mem[X,0x80002F2C] -> 0x0FB3
mem[X,0x80002F2E] -> 0x03DF
[3024] [M]: 0x80002F2C (0x03DF0FB3) mul t6, t5, t4
x31 <- 0x99995132

mem[X,0x80002F30] -> 0x2C23
mem[X,0x80002F32] -> 0x3FF4
[3025] [M]: 0x80002F30 (0x3FF42C23) sw t6, 0x3f8(fp)
mem[0x80006970] <- 0x99995132

mem[X,0x80002F34] -> 0xBF37
mem[X,0x80002F36] -> 0x0000
[3026] [M]: 0x80002F34 (0x0000BF37) lui t5, 0xb
x30 <- 0x0000B000

mem[X,0x80002F38] -> 0x0F13
mem[X,0x80002F3A] -> 0x503F
[3027] [M]: 0x80002F38 (0x503F0F13) addi t5, t5, 0x503
x30 <- 0x0000B503

mem[X,0x80002F3C] -> 0x5EB7
mem[X,0x80002F3E] -> 0xFFFF
[3028] [M]: 0x80002F3C (0xFFFF5EB7) lui t4, -0xb
x29 <- 0xFFFF5000

mem[X,0x80002F40] -> 0x8E93
mem[X,0x80002F42] -> 0xAFCE
[3029] [M]: 0x80002F40 (0xAFCE8E93) addi t4, t4, -0x504
x29 <- 0xFFFF4AFC

mem[X,0x80002F44] -> 0x0FB3
mem[X,0x80002F46] -> 0x03DF
[3030] [M]: 0x80002F44 (0x03DF0FB3) mul t6, t5, t4
x31 <- 0x80020CF4

mem[X,0x80002F48] -> 0x2E23
mem[X,0x80002F4A] -> 0x3FF4
[3031] [M]: 0x80002F48 (0x3FF42E23) sw t6, 0x3fc(fp)
mem[0x80006974] <- 0x80020CF4

mem[X,0x80002F4C] -> 0x0013
mem[X,0x80002F4E] -> 0x0000
[3032] [M]: 0x80002F4C (0x00000013) addi zero, zero, 0x0

mem[X,0x80002F50] -> 0x0013
mem[X,0x80002F52] -> 0x0000
[3033] [M]: 0x80002F50 (0x00000013) addi zero, zero, 0x0

mem[X,0x80002F54] -> 0x0013
mem[X,0x80002F56] -> 0x0000
[3034] [M]: 0x80002F54 (0x00000013) addi zero, zero, 0x0

mem[X,0x80002F58] -> 0x0013
mem[X,0x80002F5A] -> 0x0000
[3035] [M]: 0x80002F58 (0x00000013) addi zero, zero, 0x0

mem[X,0x80002F5C] -> 0x0013
mem[X,0x80002F5E] -> 0x0000
[3036] [M]: 0x80002F5C (0x00000013) addi zero, zero, 0x0

mem[X,0x80002F60] -> 0x4417
mem[X,0x80002F62] -> 0x0000
[3037] [M]: 0x80002F60 (0x00004417) auipc fp, 0x4
x8 <- 0x80006F60

mem[X,0x80002F64] -> 0x0413
mem[X,0x80002F66] -> 0xA184
[3038] [M]: 0x80002F64 (0xA1840413) addi fp, fp, -0x5e8
x8 <- 0x80006978

mem[X,0x80002F68] -> 0x0013
mem[X,0x80002F6A] -> 0x0000
[3039] [M]: 0x80002F68 (0x00000013) addi zero, zero, 0x0

mem[X,0x80002F6C] -> 0x0013
mem[X,0x80002F6E] -> 0x0000
[3040] [M]: 0x80002F6C (0x00000013) addi zero, zero, 0x0

mem[X,0x80002F70] -> 0x0013
mem[X,0x80002F72] -> 0x0000
[3041] [M]: 0x80002F70 (0x00000013) addi zero, zero, 0x0

mem[X,0x80002F74] -> 0x0013
mem[X,0x80002F76] -> 0x0000
[3042] [M]: 0x80002F74 (0x00000013) addi zero, zero, 0x0

mem[X,0x80002F78] -> 0x0013
mem[X,0x80002F7A] -> 0x0000
[3043] [M]: 0x80002F78 (0x00000013) addi zero, zero, 0x0

mem[X,0x80002F7C] -> 0x0013
mem[X,0x80002F7E] -> 0x0000
[3044] [M]: 0x80002F7C (0x00000013) addi zero, zero, 0x0

mem[X,0x80002F80] -> 0xBF37
mem[X,0x80002F82] -> 0x0000
[3045] [M]: 0x80002F80 (0x0000BF37) lui t5, 0xb
x30 <- 0x0000B000

mem[X,0x80002F84] -> 0x0F13
mem[X,0x80002F86] -> 0x503F
[3046] [M]: 0x80002F84 (0x503F0F13) addi t5, t5, 0x503
x30 <- 0x0000B503

mem[X,0x80002F88] -> 0xBEB7
mem[X,0x80002F8A] -> 0x0000
[3047] [M]: 0x80002F88 (0x0000BEB7) lui t4, 0xb
x29 <- 0x0000B000

mem[X,0x80002F8C] -> 0x8E93
mem[X,0x80002F8E] -> 0x504E
[3048] [M]: 0x80002F8C (0x504E8E93) addi t4, t4, 0x504
x29 <- 0x0000B504

mem[X,0x80002F90] -> 0x0FB3
mem[X,0x80002F92] -> 0x03DF
[3049] [M]: 0x80002F90 (0x03DF0FB3) mul t6, t5, t4
x31 <- 0x7FFDF30C

mem[X,0x80002F94] -> 0x2023
mem[X,0x80002F96] -> 0x01F4
[3050] [M]: 0x80002F94 (0x01F42023) sw t6, 0x0(fp)
mem[0x80006978] <- 0x7FFDF30C

mem[X,0x80002F98] -> 0xBF37
mem[X,0x80002F9A] -> 0x0000
[3051] [M]: 0x80002F98 (0x0000BF37) lui t5, 0xb
x30 <- 0x0000B000

mem[X,0x80002F9C] -> 0x0F13
mem[X,0x80002F9E] -> 0x503F
[3052] [M]: 0x80002F9C (0x503F0F13) addi t5, t5, 0x503
x30 <- 0x0000B503

mem[X,0x80002FA0] -> 0x0E93
mem[X,0x80002FA2] -> 0x0020
[3053] [M]: 0x80002FA0 (0x00200E93) addi t4, zero, 0x2
x29 <- 0x00000002

mem[X,0x80002FA4] -> 0x0FB3
mem[X,0x80002FA6] -> 0x03DF
[3054] [M]: 0x80002FA4 (0x03DF0FB3) mul t6, t5, t4
x31 <- 0x00016A06

mem[X,0x80002FA8] -> 0x2223
mem[X,0x80002FAA] -> 0x01F4
[3055] [M]: 0x80002FA8 (0x01F42223) sw t6, 0x4(fp)
mem[0x8000697C] <- 0x00016A06

mem[X,0x80002FAC] -> 0xBF37
mem[X,0x80002FAE] -> 0x0000
[3056] [M]: 0x80002FAC (0x0000BF37) lui t5, 0xb
x30 <- 0x0000B000

mem[X,0x80002FB0] -> 0x0F13
mem[X,0x80002FB2] -> 0x503F
[3057] [M]: 0x80002FB0 (0x503F0F13) addi t5, t5, 0x503
x30 <- 0x0000B503

mem[X,0x80002FB4] -> 0x5EB7
mem[X,0x80002FB6] -> 0x5555
[3058] [M]: 0x80002FB4 (0x55555EB7) lui t4, 0x55555
x29 <- 0x55555000

mem[X,0x80002FB8] -> 0x8E93
mem[X,0x80002FBA] -> 0x554E
[3059] [M]: 0x80002FB8 (0x554E8E93) addi t4, t4, 0x554
x29 <- 0x55555554

mem[X,0x80002FBC] -> 0x0FB3
mem[X,0x80002FBE] -> 0x03DF
[3060] [M]: 0x80002FBC (0x03DF0FB3) mul t6, t5, t4
x31 <- 0x555463FC

mem[X,0x80002FC0] -> 0x2423
mem[X,0x80002FC2] -> 0x01F4
[3061] [M]: 0x80002FC0 (0x01F42423) sw t6, 0x8(fp)
mem[0x80006980] <- 0x555463FC

mem[X,0x80002FC4] -> 0xBF37
mem[X,0x80002FC6] -> 0x0000
[3062] [M]: 0x80002FC4 (0x0000BF37) lui t5, 0xb
x30 <- 0x0000B000

mem[X,0x80002FC8] -> 0x0F13
mem[X,0x80002FCA] -> 0x503F
[3063] [M]: 0x80002FC8 (0x503F0F13) addi t5, t5, 0x503
x30 <- 0x0000B503

mem[X,0x80002FCC] -> 0x3EB7
mem[X,0x80002FCE] -> 0x3333
[3064] [M]: 0x80002FCC (0x33333EB7) lui t4, 0x33333
x29 <- 0x33333000

mem[X,0x80002FD0] -> 0x8E93
mem[X,0x80002FD2] -> 0x332E
[3065] [M]: 0x80002FD0 (0x332E8E93) addi t4, t4, 0x332
x29 <- 0x33333332

mem[X,0x80002FD4] -> 0x0FB3
mem[X,0x80002FD6] -> 0x03DF
[3066] [M]: 0x80002FD4 (0x03DF0FB3) mul t6, t5, t4
x31 <- 0xCCCBF396

mem[X,0x80002FD8] -> 0x2623
mem[X,0x80002FDA] -> 0x01F4
[3067] [M]: 0x80002FD8 (0x01F42623) sw t6, 0xc(fp)
mem[0x80006984] <- 0xCCCBF396

mem[X,0x80002FDC] -> 0xBF37
mem[X,0x80002FDE] -> 0x0000
[3068] [M]: 0x80002FDC (0x0000BF37) lui t5, 0xb
x30 <- 0x0000B000

mem[X,0x80002FE0] -> 0x0F13
mem[X,0x80002FE2] -> 0x503F
[3069] [M]: 0x80002FE0 (0x503F0F13) addi t5, t5, 0x503
x30 <- 0x0000B503

mem[X,0x80002FE4] -> 0x6EB7
mem[X,0x80002FE6] -> 0x6666
[3070] [M]: 0x80002FE4 (0x66666EB7) lui t4, 0x66666
x29 <- 0x66666000

mem[X,0x80002FE8] -> 0x8E93
mem[X,0x80002FEA] -> 0x665E
[3071] [M]: 0x80002FE8 (0x665E8E93) addi t4, t4, 0x665
x29 <- 0x66666665

mem[X,0x80002FEC] -> 0x0FB3
mem[X,0x80002FEE] -> 0x03DF
[3072] [M]: 0x80002FEC (0x03DF0FB3) mul t6, t5, t4
x31 <- 0x99989C2F

mem[X,0x80002FF0] -> 0x2823
mem[X,0x80002FF2] -> 0x01F4
[3073] [M]: 0x80002FF0 (0x01F42823) sw t6, 0x10(fp)
mem[0x80006988] <- 0x99989C2F

mem[X,0x80002FF4] -> 0xBF37
mem[X,0x80002FF6] -> 0x0000
[3074] [M]: 0x80002FF4 (0x0000BF37) lui t5, 0xb
x30 <- 0x0000B000

mem[X,0x80002FF8] -> 0x0F13
mem[X,0x80002FFA] -> 0x503F
[3075] [M]: 0x80002FF8 (0x503F0F13) addi t5, t5, 0x503
x30 <- 0x0000B503

mem[X,0x80002FFC] -> 0x0E93
mem[X,0x80002FFE] -> 0x0000
[3076] [M]: 0x80002FFC (0x00000E93) addi t4, zero, 0x0
x29 <- 0x00000000

mem[X,0x80003000] -> 0x0FB3
mem[X,0x80003002] -> 0x03DF
[3077] [M]: 0x80003000 (0x03DF0FB3) mul t6, t5, t4
x31 <- 0x00000000

mem[X,0x80003004] -> 0x2A23
mem[X,0x80003006] -> 0x01F4
[3078] [M]: 0x80003004 (0x01F42A23) sw t6, 0x14(fp)
mem[0x8000698C] <- 0x00000000

mem[X,0x80003008] -> 0xBF37
mem[X,0x8000300A] -> 0x0000
[3079] [M]: 0x80003008 (0x0000BF37) lui t5, 0xb
x30 <- 0x0000B000

mem[X,0x8000300C] -> 0x0F13
mem[X,0x8000300E] -> 0x503F
[3080] [M]: 0x8000300C (0x503F0F13) addi t5, t5, 0x503
x30 <- 0x0000B503

mem[X,0x80003010] -> 0xBEB7
mem[X,0x80003012] -> 0x0000
[3081] [M]: 0x80003010 (0x0000BEB7) lui t4, 0xb
x29 <- 0x0000B000

mem[X,0x80003014] -> 0x8E93
mem[X,0x80003016] -> 0x503E
[3082] [M]: 0x80003014 (0x503E8E93) addi t4, t4, 0x503
x29 <- 0x0000B503

mem[X,0x80003018] -> 0x0FB3
mem[X,0x8000301A] -> 0x03DF
[3083] [M]: 0x80003018 (0x03DF0FB3) mul t6, t5, t4
x31 <- 0x7FFD3E09

mem[X,0x8000301C] -> 0x2C23
mem[X,0x8000301E] -> 0x01F4
[3084] [M]: 0x8000301C (0x01F42C23) sw t6, 0x18(fp)
mem[0x80006990] <- 0x7FFD3E09

mem[X,0x80003020] -> 0xBF37
mem[X,0x80003022] -> 0x0000
[3085] [M]: 0x80003020 (0x0000BF37) lui t5, 0xb
x30 <- 0x0000B000

mem[X,0x80003024] -> 0x0F13
mem[X,0x80003026] -> 0x503F
[3086] [M]: 0x80003024 (0x503F0F13) addi t5, t5, 0x503
x30 <- 0x0000B503

mem[X,0x80003028] -> 0x0E93
mem[X,0x8000302A] -> 0x0040
[3087] [M]: 0x80003028 (0x00400E93) addi t4, zero, 0x4
x29 <- 0x00000004

mem[X,0x8000302C] -> 0x0FB3
mem[X,0x8000302E] -> 0x03DF
[3088] [M]: 0x8000302C (0x03DF0FB3) mul t6, t5, t4
x31 <- 0x0002D40C

mem[X,0x80003030] -> 0x2E23
mem[X,0x80003032] -> 0x01F4
[3089] [M]: 0x80003030 (0x01F42E23) sw t6, 0x1c(fp)
mem[0x80006994] <- 0x0002D40C

mem[X,0x80003034] -> 0xBF37
mem[X,0x80003036] -> 0x0000
[3090] [M]: 0x80003034 (0x0000BF37) lui t5, 0xb
x30 <- 0x0000B000

mem[X,0x80003038] -> 0x0F13
mem[X,0x8000303A] -> 0x503F
[3091] [M]: 0x80003038 (0x503F0F13) addi t5, t5, 0x503
x30 <- 0x0000B503

mem[X,0x8000303C] -> 0x5EB7
mem[X,0x8000303E] -> 0x5555
[3092] [M]: 0x8000303C (0x55555EB7) lui t4, 0x55555
x29 <- 0x55555000

mem[X,0x80003040] -> 0x8E93
mem[X,0x80003042] -> 0x556E
[3093] [M]: 0x80003040 (0x556E8E93) addi t4, t4, 0x556
x29 <- 0x55555556

mem[X,0x80003044] -> 0x0FB3
mem[X,0x80003046] -> 0x03DF
[3094] [M]: 0x80003044 (0x03DF0FB3) mul t6, t5, t4
x31 <- 0x5555CE02

mem[X,0x80003048] -> 0x2023
mem[X,0x8000304A] -> 0x03F4
[3095] [M]: 0x80003048 (0x03F42023) sw t6, 0x20(fp)
mem[0x80006998] <- 0x5555CE02

mem[X,0x8000304C] -> 0xBF37
mem[X,0x8000304E] -> 0x0000
[3096] [M]: 0x8000304C (0x0000BF37) lui t5, 0xb
x30 <- 0x0000B000

mem[X,0x80003050] -> 0x0F13
mem[X,0x80003052] -> 0x503F
[3097] [M]: 0x80003050 (0x503F0F13) addi t5, t5, 0x503
x30 <- 0x0000B503

mem[X,0x80003054] -> 0xBEB7
mem[X,0x80003056] -> 0xAAAA
[3098] [M]: 0x80003054 (0xAAAABEB7) lui t4, -0x55555
x29 <- 0xAAAAB000

mem[X,0x80003058] -> 0x8E93
mem[X,0x8000305A] -> 0xAABE
[3099] [M]: 0x80003058 (0xAABE8E93) addi t4, t4, -0x555
x29 <- 0xAAAAAAAB

clint::tick mtime <- 0x000000000000001F
 clint timer pending at mtime 0x000000000000001F
htif::tick 0x0000000000000000
mem[X,0x8000305C] -> 0x0FB3
mem[X,0x8000305E] -> 0x03DF
[3100] [M]: 0x8000305C (0x03DF0FB3) mul t6, t5, t4
x31 <- 0xAAAAE701

mem[X,0x80003060] -> 0x2223
mem[X,0x80003062] -> 0x03F4
[3101] [M]: 0x80003060 (0x03F42223) sw t6, 0x24(fp)
mem[0x8000699C] <- 0xAAAAE701

mem[X,0x80003064] -> 0xBF37
mem[X,0x80003066] -> 0x0000
[3102] [M]: 0x80003064 (0x0000BF37) lui t5, 0xb
x30 <- 0x0000B000

mem[X,0x80003068] -> 0x0F13
mem[X,0x8000306A] -> 0x503F
[3103] [M]: 0x80003068 (0x503F0F13) addi t5, t5, 0x503
x30 <- 0x0000B503

mem[X,0x8000306C] -> 0x0E93
mem[X,0x8000306E] -> 0x0060
[3104] [M]: 0x8000306C (0x00600E93) addi t4, zero, 0x6
x29 <- 0x00000006

mem[X,0x80003070] -> 0x0FB3
mem[X,0x80003072] -> 0x03DF
[3105] [M]: 0x80003070 (0x03DF0FB3) mul t6, t5, t4
x31 <- 0x00043E12

mem[X,0x80003074] -> 0x2423
mem[X,0x80003076] -> 0x03F4
[3106] [M]: 0x80003074 (0x03F42423) sw t6, 0x28(fp)
mem[0x800069A0] <- 0x00043E12

mem[X,0x80003078] -> 0xBF37
mem[X,0x8000307A] -> 0x0000
[3107] [M]: 0x80003078 (0x0000BF37) lui t5, 0xb
x30 <- 0x0000B000

mem[X,0x8000307C] -> 0x0F13
mem[X,0x8000307E] -> 0x503F
[3108] [M]: 0x8000307C (0x503F0F13) addi t5, t5, 0x503
x30 <- 0x0000B503

mem[X,0x80003080] -> 0x3EB7
mem[X,0x80003082] -> 0x3333
[3109] [M]: 0x80003080 (0x33333EB7) lui t4, 0x33333
x29 <- 0x33333000

mem[X,0x80003084] -> 0x8E93
mem[X,0x80003086] -> 0x334E
[3110] [M]: 0x80003084 (0x334E8E93) addi t4, t4, 0x334
x29 <- 0x33333334

mem[X,0x80003088] -> 0x0FB3
mem[X,0x8000308A] -> 0x03DF
[3111] [M]: 0x80003088 (0x03DF0FB3) mul t6, t5, t4
x31 <- 0xCCCD5D9C

mem[X,0x8000308C] -> 0x2623
mem[X,0x8000308E] -> 0x03F4
[3112] [M]: 0x8000308C (0x03F42623) sw t6, 0x2c(fp)
mem[0x800069A4] <- 0xCCCD5D9C

mem[X,0x80003090] -> 0xBF37
mem[X,0x80003092] -> 0x0000
[3113] [M]: 0x80003090 (0x0000BF37) lui t5, 0xb
x30 <- 0x0000B000

mem[X,0x80003094] -> 0x0F13
mem[X,0x80003096] -> 0x503F
[3114] [M]: 0x80003094 (0x503F0F13) addi t5, t5, 0x503
x30 <- 0x0000B503

mem[X,0x80003098] -> 0x6EB7
mem[X,0x8000309A] -> 0x6666
[3115] [M]: 0x80003098 (0x66666EB7) lui t4, 0x66666
x29 <- 0x66666000

mem[X,0x8000309C] -> 0x8E93
mem[X,0x8000309E] -> 0x667E
[3116] [M]: 0x8000309C (0x667E8E93) addi t4, t4, 0x667
x29 <- 0x66666667

mem[X,0x800030A0] -> 0x0FB3
mem[X,0x800030A2] -> 0x03DF
[3117] [M]: 0x800030A0 (0x03DF0FB3) mul t6, t5, t4
x31 <- 0x999A0635

mem[X,0x800030A4] -> 0x2823
mem[X,0x800030A6] -> 0x03F4
[3118] [M]: 0x800030A4 (0x03F42823) sw t6, 0x30(fp)
mem[0x800069A8] <- 0x999A0635

mem[X,0x800030A8] -> 0xBF37
mem[X,0x800030AA] -> 0x0000
[3119] [M]: 0x800030A8 (0x0000BF37) lui t5, 0xb
x30 <- 0x0000B000

mem[X,0x800030AC] -> 0x0F13
mem[X,0x800030AE] -> 0x503F
[3120] [M]: 0x800030AC (0x503F0F13) addi t5, t5, 0x503
x30 <- 0x0000B503

mem[X,0x800030B0] -> 0x5EB7
mem[X,0x800030B2] -> 0xFFFF
[3121] [M]: 0x800030B0 (0xFFFF5EB7) lui t4, -0xb
x29 <- 0xFFFF5000

mem[X,0x800030B4] -> 0x8E93
mem[X,0x800030B6] -> 0xAFDE
[3122] [M]: 0x800030B4 (0xAFDE8E93) addi t4, t4, -0x503
x29 <- 0xFFFF4AFD

mem[X,0x800030B8] -> 0x0FB3
mem[X,0x800030BA] -> 0x03DF
[3123] [M]: 0x800030B8 (0x03DF0FB3) mul t6, t5, t4
x31 <- 0x8002C1F7

mem[X,0x800030BC] -> 0x2A23
mem[X,0x800030BE] -> 0x03F4
[3124] [M]: 0x800030BC (0x03F42A23) sw t6, 0x34(fp)
mem[0x800069AC] <- 0x8002C1F7

mem[X,0x800030C0] -> 0xBF37
mem[X,0x800030C2] -> 0x0000
[3125] [M]: 0x800030C0 (0x0000BF37) lui t5, 0xb
x30 <- 0x0000B000

mem[X,0x800030C4] -> 0x0F13
mem[X,0x800030C6] -> 0x503F
[3126] [M]: 0x800030C4 (0x503F0F13) addi t5, t5, 0x503
x30 <- 0x0000B503

mem[X,0x800030C8] -> 0xBEB7
mem[X,0x800030CA] -> 0x0000
[3127] [M]: 0x800030C8 (0x0000BEB7) lui t4, 0xb
x29 <- 0x0000B000

mem[X,0x800030CC] -> 0x8E93
mem[X,0x800030CE] -> 0x505E
[3128] [M]: 0x800030CC (0x505E8E93) addi t4, t4, 0x505
x29 <- 0x0000B505

mem[X,0x800030D0] -> 0x0FB3
mem[X,0x800030D2] -> 0x03DF
[3129] [M]: 0x800030D0 (0x03DF0FB3) mul t6, t5, t4
x31 <- 0x7FFEA80F

mem[X,0x800030D4] -> 0x2C23
mem[X,0x800030D6] -> 0x03F4
[3130] [M]: 0x800030D4 (0x03F42C23) sw t6, 0x38(fp)
mem[0x800069B0] <- 0x7FFEA80F

mem[X,0x800030D8] -> 0x0F13
mem[X,0x800030DA] -> 0x0040
[3131] [M]: 0x800030D8 (0x00400F13) addi t5, zero, 0x4
x30 <- 0x00000004

mem[X,0x800030DC] -> 0x0E93
mem[X,0x800030DE] -> 0x0030
[3132] [M]: 0x800030DC (0x00300E93) addi t4, zero, 0x3
x29 <- 0x00000003

mem[X,0x800030E0] -> 0x0FB3
mem[X,0x800030E2] -> 0x03DF
[3133] [M]: 0x800030E0 (0x03DF0FB3) mul t6, t5, t4
x31 <- 0x0000000C

mem[X,0x800030E4] -> 0x2E23
mem[X,0x800030E6] -> 0x03F4
[3134] [M]: 0x800030E4 (0x03F42E23) sw t6, 0x3c(fp)
mem[0x800069B4] <- 0x0000000C

mem[X,0x800030E8] -> 0x0F13
mem[X,0x800030EA] -> 0x0040
[3135] [M]: 0x800030E8 (0x00400F13) addi t5, zero, 0x4
x30 <- 0x00000004

mem[X,0x800030EC] -> 0x5EB7
mem[X,0x800030EE] -> 0x5555
[3136] [M]: 0x800030EC (0x55555EB7) lui t4, 0x55555
x29 <- 0x55555000

mem[X,0x800030F0] -> 0x8E93
mem[X,0x800030F2] -> 0x555E
[3137] [M]: 0x800030F0 (0x555E8E93) addi t4, t4, 0x555
x29 <- 0x55555555

mem[X,0x800030F4] -> 0x0FB3
mem[X,0x800030F6] -> 0x03DF
[3138] [M]: 0x800030F4 (0x03DF0FB3) mul t6, t5, t4
x31 <- 0x55555554

mem[X,0x800030F8] -> 0x2023
mem[X,0x800030FA] -> 0x05F4
[3139] [M]: 0x800030F8 (0x05F42023) sw t6, 0x40(fp)
mem[0x800069B8] <- 0x55555554

mem[X,0x800030FC] -> 0x0F13
mem[X,0x800030FE] -> 0x0040
[3140] [M]: 0x800030FC (0x00400F13) addi t5, zero, 0x4
x30 <- 0x00000004

mem[X,0x80003100] -> 0xBEB7
mem[X,0x80003102] -> 0xAAAA
[3141] [M]: 0x80003100 (0xAAAABEB7) lui t4, -0x55555
x29 <- 0xAAAAB000

mem[X,0x80003104] -> 0x8E93
mem[X,0x80003106] -> 0xAAAE
[3142] [M]: 0x80003104 (0xAAAE8E93) addi t4, t4, -0x556
x29 <- 0xAAAAAAAA

mem[X,0x80003108] -> 0x0FB3
mem[X,0x8000310A] -> 0x03DF
[3143] [M]: 0x80003108 (0x03DF0FB3) mul t6, t5, t4
x31 <- 0xAAAAAAA8

mem[X,0x8000310C] -> 0x2223
mem[X,0x8000310E] -> 0x05F4
[3144] [M]: 0x8000310C (0x05F42223) sw t6, 0x44(fp)
mem[0x800069BC] <- 0xAAAAAAA8

mem[X,0x80003110] -> 0x0F13
mem[X,0x80003112] -> 0x0040
[3145] [M]: 0x80003110 (0x00400F13) addi t5, zero, 0x4
x30 <- 0x00000004

mem[X,0x80003114] -> 0x0E93
mem[X,0x80003116] -> 0x0050
[3146] [M]: 0x80003114 (0x00500E93) addi t4, zero, 0x5
x29 <- 0x00000005

mem[X,0x80003118] -> 0x0FB3
mem[X,0x8000311A] -> 0x03DF
[3147] [M]: 0x80003118 (0x03DF0FB3) mul t6, t5, t4
x31 <- 0x00000014

mem[X,0x8000311C] -> 0x2423
mem[X,0x8000311E] -> 0x05F4
[3148] [M]: 0x8000311C (0x05F42423) sw t6, 0x48(fp)
mem[0x800069C0] <- 0x00000014

mem[X,0x80003120] -> 0x0F13
mem[X,0x80003122] -> 0x0040
[3149] [M]: 0x80003120 (0x00400F13) addi t5, zero, 0x4
x30 <- 0x00000004

mem[X,0x80003124] -> 0x3EB7
mem[X,0x80003126] -> 0x3333
[3150] [M]: 0x80003124 (0x33333EB7) lui t4, 0x33333
x29 <- 0x33333000

mem[X,0x80003128] -> 0x8E93
mem[X,0x8000312A] -> 0x333E
[3151] [M]: 0x80003128 (0x333E8E93) addi t4, t4, 0x333
x29 <- 0x33333333

mem[X,0x8000312C] -> 0x0FB3
mem[X,0x8000312E] -> 0x03DF
[3152] [M]: 0x8000312C (0x03DF0FB3) mul t6, t5, t4
x31 <- 0xCCCCCCCC

mem[X,0x80003130] -> 0x2623
mem[X,0x80003132] -> 0x05F4
[3153] [M]: 0x80003130 (0x05F42623) sw t6, 0x4c(fp)
mem[0x800069C4] <- 0xCCCCCCCC

mem[X,0x80003134] -> 0x0F13
mem[X,0x80003136] -> 0x0040
[3154] [M]: 0x80003134 (0x00400F13) addi t5, zero, 0x4
x30 <- 0x00000004

mem[X,0x80003138] -> 0x6EB7
mem[X,0x8000313A] -> 0x6666
[3155] [M]: 0x80003138 (0x66666EB7) lui t4, 0x66666
x29 <- 0x66666000

mem[X,0x8000313C] -> 0x8E93
mem[X,0x8000313E] -> 0x666E
[3156] [M]: 0x8000313C (0x666E8E93) addi t4, t4, 0x666
x29 <- 0x66666666

mem[X,0x80003140] -> 0x0FB3
mem[X,0x80003142] -> 0x03DF
[3157] [M]: 0x80003140 (0x03DF0FB3) mul t6, t5, t4
x31 <- 0x99999998

mem[X,0x80003144] -> 0x2823
mem[X,0x80003146] -> 0x05F4
[3158] [M]: 0x80003144 (0x05F42823) sw t6, 0x50(fp)
mem[0x800069C8] <- 0x99999998

mem[X,0x80003148] -> 0x0F13
mem[X,0x8000314A] -> 0x0040
[3159] [M]: 0x80003148 (0x00400F13) addi t5, zero, 0x4
x30 <- 0x00000004

mem[X,0x8000314C] -> 0x5EB7
mem[X,0x8000314E] -> 0xFFFF
[3160] [M]: 0x8000314C (0xFFFF5EB7) lui t4, -0xb
x29 <- 0xFFFF5000

mem[X,0x80003150] -> 0x8E93
mem[X,0x80003152] -> 0xAFCE
[3161] [M]: 0x80003150 (0xAFCE8E93) addi t4, t4, -0x504
x29 <- 0xFFFF4AFC

mem[X,0x80003154] -> 0x0FB3
mem[X,0x80003156] -> 0x03DF
[3162] [M]: 0x80003154 (0x03DF0FB3) mul t6, t5, t4
x31 <- 0xFFFD2BF0

mem[X,0x80003158] -> 0x2A23
mem[X,0x8000315A] -> 0x05F4
[3163] [M]: 0x80003158 (0x05F42A23) sw t6, 0x54(fp)
mem[0x800069CC] <- 0xFFFD2BF0

mem[X,0x8000315C] -> 0x0F13
mem[X,0x8000315E] -> 0x0040
[3164] [M]: 0x8000315C (0x00400F13) addi t5, zero, 0x4
x30 <- 0x00000004

mem[X,0x80003160] -> 0xBEB7
mem[X,0x80003162] -> 0x0000
[3165] [M]: 0x80003160 (0x0000BEB7) lui t4, 0xb
x29 <- 0x0000B000

mem[X,0x80003164] -> 0x8E93
mem[X,0x80003166] -> 0x504E
[3166] [M]: 0x80003164 (0x504E8E93) addi t4, t4, 0x504
x29 <- 0x0000B504

mem[X,0x80003168] -> 0x0FB3
mem[X,0x8000316A] -> 0x03DF
[3167] [M]: 0x80003168 (0x03DF0FB3) mul t6, t5, t4
x31 <- 0x0002D410

mem[X,0x8000316C] -> 0x2C23
mem[X,0x8000316E] -> 0x05F4
[3168] [M]: 0x8000316C (0x05F42C23) sw t6, 0x58(fp)
mem[0x800069D0] <- 0x0002D410

mem[X,0x80003170] -> 0x0F13
mem[X,0x80003172] -> 0x0040
[3169] [M]: 0x80003170 (0x00400F13) addi t5, zero, 0x4
x30 <- 0x00000004

mem[X,0x80003174] -> 0x0E93
mem[X,0x80003176] -> 0x0020
[3170] [M]: 0x80003174 (0x00200E93) addi t4, zero, 0x2
x29 <- 0x00000002

mem[X,0x80003178] -> 0x0FB3
mem[X,0x8000317A] -> 0x03DF
[3171] [M]: 0x80003178 (0x03DF0FB3) mul t6, t5, t4
x31 <- 0x00000008

mem[X,0x8000317C] -> 0x2E23
mem[X,0x8000317E] -> 0x05F4
[3172] [M]: 0x8000317C (0x05F42E23) sw t6, 0x5c(fp)
mem[0x800069D4] <- 0x00000008

mem[X,0x80003180] -> 0x0F13
mem[X,0x80003182] -> 0x0040
[3173] [M]: 0x80003180 (0x00400F13) addi t5, zero, 0x4
x30 <- 0x00000004

mem[X,0x80003184] -> 0x5EB7
mem[X,0x80003186] -> 0x5555
[3174] [M]: 0x80003184 (0x55555EB7) lui t4, 0x55555
x29 <- 0x55555000

mem[X,0x80003188] -> 0x8E93
mem[X,0x8000318A] -> 0x554E
[3175] [M]: 0x80003188 (0x554E8E93) addi t4, t4, 0x554
x29 <- 0x55555554

mem[X,0x8000318C] -> 0x0FB3
mem[X,0x8000318E] -> 0x03DF
[3176] [M]: 0x8000318C (0x03DF0FB3) mul t6, t5, t4
x31 <- 0x55555550

mem[X,0x80003190] -> 0x2023
mem[X,0x80003192] -> 0x07F4
[3177] [M]: 0x80003190 (0x07F42023) sw t6, 0x60(fp)
mem[0x800069D8] <- 0x55555550

mem[X,0x80003194] -> 0x0F13
mem[X,0x80003196] -> 0x0040
[3178] [M]: 0x80003194 (0x00400F13) addi t5, zero, 0x4
x30 <- 0x00000004

mem[X,0x80003198] -> 0x3EB7
mem[X,0x8000319A] -> 0x3333
[3179] [M]: 0x80003198 (0x33333EB7) lui t4, 0x33333
x29 <- 0x33333000

mem[X,0x8000319C] -> 0x8E93
mem[X,0x8000319E] -> 0x332E
[3180] [M]: 0x8000319C (0x332E8E93) addi t4, t4, 0x332
x29 <- 0x33333332

mem[X,0x800031A0] -> 0x0FB3
mem[X,0x800031A2] -> 0x03DF
[3181] [M]: 0x800031A0 (0x03DF0FB3) mul t6, t5, t4
x31 <- 0xCCCCCCC8

mem[X,0x800031A4] -> 0x2223
mem[X,0x800031A6] -> 0x07F4
[3182] [M]: 0x800031A4 (0x07F42223) sw t6, 0x64(fp)
mem[0x800069DC] <- 0xCCCCCCC8

mem[X,0x800031A8] -> 0x0F13
mem[X,0x800031AA] -> 0x0040
[3183] [M]: 0x800031A8 (0x00400F13) addi t5, zero, 0x4
x30 <- 0x00000004

mem[X,0x800031AC] -> 0x6EB7
mem[X,0x800031AE] -> 0x6666
[3184] [M]: 0x800031AC (0x66666EB7) lui t4, 0x66666
x29 <- 0x66666000

mem[X,0x800031B0] -> 0x8E93
mem[X,0x800031B2] -> 0x665E
[3185] [M]: 0x800031B0 (0x665E8E93) addi t4, t4, 0x665
x29 <- 0x66666665

mem[X,0x800031B4] -> 0x0FB3
mem[X,0x800031B6] -> 0x03DF
[3186] [M]: 0x800031B4 (0x03DF0FB3) mul t6, t5, t4
x31 <- 0x99999994

mem[X,0x800031B8] -> 0x2423
mem[X,0x800031BA] -> 0x07F4
[3187] [M]: 0x800031B8 (0x07F42423) sw t6, 0x68(fp)
mem[0x800069E0] <- 0x99999994

mem[X,0x800031BC] -> 0x0F13
mem[X,0x800031BE] -> 0x0040
[3188] [M]: 0x800031BC (0x00400F13) addi t5, zero, 0x4
x30 <- 0x00000004

mem[X,0x800031C0] -> 0x0E93
mem[X,0x800031C2] -> 0x0000
[3189] [M]: 0x800031C0 (0x00000E93) addi t4, zero, 0x0
x29 <- 0x00000000

mem[X,0x800031C4] -> 0x0FB3
mem[X,0x800031C6] -> 0x03DF
[3190] [M]: 0x800031C4 (0x03DF0FB3) mul t6, t5, t4
x31 <- 0x00000000

mem[X,0x800031C8] -> 0x2623
mem[X,0x800031CA] -> 0x07F4
[3191] [M]: 0x800031C8 (0x07F42623) sw t6, 0x6c(fp)
mem[0x800069E4] <- 0x00000000

mem[X,0x800031CC] -> 0x0F13
mem[X,0x800031CE] -> 0x0040
[3192] [M]: 0x800031CC (0x00400F13) addi t5, zero, 0x4
x30 <- 0x00000004

mem[X,0x800031D0] -> 0xBEB7
mem[X,0x800031D2] -> 0x0000
[3193] [M]: 0x800031D0 (0x0000BEB7) lui t4, 0xb
x29 <- 0x0000B000

mem[X,0x800031D4] -> 0x8E93
mem[X,0x800031D6] -> 0x503E
[3194] [M]: 0x800031D4 (0x503E8E93) addi t4, t4, 0x503
x29 <- 0x0000B503

mem[X,0x800031D8] -> 0x0FB3
mem[X,0x800031DA] -> 0x03DF
[3195] [M]: 0x800031D8 (0x03DF0FB3) mul t6, t5, t4
x31 <- 0x0002D40C

mem[X,0x800031DC] -> 0x2823
mem[X,0x800031DE] -> 0x07F4
[3196] [M]: 0x800031DC (0x07F42823) sw t6, 0x70(fp)
mem[0x800069E8] <- 0x0002D40C

mem[X,0x800031E0] -> 0x0F13
mem[X,0x800031E2] -> 0x0040
[3197] [M]: 0x800031E0 (0x00400F13) addi t5, zero, 0x4
x30 <- 0x00000004

mem[X,0x800031E4] -> 0x0E93
mem[X,0x800031E6] -> 0x0040
[3198] [M]: 0x800031E4 (0x00400E93) addi t4, zero, 0x4
x29 <- 0x00000004

mem[X,0x800031E8] -> 0x0FB3
mem[X,0x800031EA] -> 0x03DF
[3199] [M]: 0x800031E8 (0x03DF0FB3) mul t6, t5, t4
x31 <- 0x00000010

clint::tick mtime <- 0x0000000000000020
 clint timer pending at mtime 0x0000000000000020
htif::tick 0x0000000000000000
mem[X,0x800031EC] -> 0x2A23
mem[X,0x800031EE] -> 0x07F4
[3200] [M]: 0x800031EC (0x07F42A23) sw t6, 0x74(fp)
mem[0x800069EC] <- 0x00000010

mem[X,0x800031F0] -> 0x0F13
mem[X,0x800031F2] -> 0x0040
[3201] [M]: 0x800031F0 (0x00400F13) addi t5, zero, 0x4
x30 <- 0x00000004

mem[X,0x800031F4] -> 0x5EB7
mem[X,0x800031F6] -> 0x5555
[3202] [M]: 0x800031F4 (0x55555EB7) lui t4, 0x55555
x29 <- 0x55555000

mem[X,0x800031F8] -> 0x8E93
mem[X,0x800031FA] -> 0x556E
[3203] [M]: 0x800031F8 (0x556E8E93) addi t4, t4, 0x556
x29 <- 0x55555556

mem[X,0x800031FC] -> 0x0FB3
mem[X,0x800031FE] -> 0x03DF
[3204] [M]: 0x800031FC (0x03DF0FB3) mul t6, t5, t4
x31 <- 0x55555558

mem[X,0x80003200] -> 0x2C23
mem[X,0x80003202] -> 0x07F4
[3205] [M]: 0x80003200 (0x07F42C23) sw t6, 0x78(fp)
mem[0x800069F0] <- 0x55555558

mem[X,0x80003204] -> 0x0F13
mem[X,0x80003206] -> 0x0040
[3206] [M]: 0x80003204 (0x00400F13) addi t5, zero, 0x4
x30 <- 0x00000004

mem[X,0x80003208] -> 0xBEB7
mem[X,0x8000320A] -> 0xAAAA
[3207] [M]: 0x80003208 (0xAAAABEB7) lui t4, -0x55555
x29 <- 0xAAAAB000

mem[X,0x8000320C] -> 0x8E93
mem[X,0x8000320E] -> 0xAABE
[3208] [M]: 0x8000320C (0xAABE8E93) addi t4, t4, -0x555
x29 <- 0xAAAAAAAB

mem[X,0x80003210] -> 0x0FB3
mem[X,0x80003212] -> 0x03DF
[3209] [M]: 0x80003210 (0x03DF0FB3) mul t6, t5, t4
x31 <- 0xAAAAAAAC

mem[X,0x80003214] -> 0x2E23
mem[X,0x80003216] -> 0x07F4
[3210] [M]: 0x80003214 (0x07F42E23) sw t6, 0x7c(fp)
mem[0x800069F4] <- 0xAAAAAAAC

mem[X,0x80003218] -> 0x0F13
mem[X,0x8000321A] -> 0x0040
[3211] [M]: 0x80003218 (0x00400F13) addi t5, zero, 0x4
x30 <- 0x00000004

mem[X,0x8000321C] -> 0x0E93
mem[X,0x8000321E] -> 0x0060
[3212] [M]: 0x8000321C (0x00600E93) addi t4, zero, 0x6
x29 <- 0x00000006

mem[X,0x80003220] -> 0x0FB3
mem[X,0x80003222] -> 0x03DF
[3213] [M]: 0x80003220 (0x03DF0FB3) mul t6, t5, t4
x31 <- 0x00000018

mem[X,0x80003224] -> 0x2023
mem[X,0x80003226] -> 0x09F4
[3214] [M]: 0x80003224 (0x09F42023) sw t6, 0x80(fp)
mem[0x800069F8] <- 0x00000018

mem[X,0x80003228] -> 0x0F13
mem[X,0x8000322A] -> 0x0040
[3215] [M]: 0x80003228 (0x00400F13) addi t5, zero, 0x4
x30 <- 0x00000004

mem[X,0x8000322C] -> 0x3EB7
mem[X,0x8000322E] -> 0x3333
[3216] [M]: 0x8000322C (0x33333EB7) lui t4, 0x33333
x29 <- 0x33333000

mem[X,0x80003230] -> 0x8E93
mem[X,0x80003232] -> 0x334E
[3217] [M]: 0x80003230 (0x334E8E93) addi t4, t4, 0x334
x29 <- 0x33333334

mem[X,0x80003234] -> 0x0FB3
mem[X,0x80003236] -> 0x03DF
[3218] [M]: 0x80003234 (0x03DF0FB3) mul t6, t5, t4
x31 <- 0xCCCCCCD0

mem[X,0x80003238] -> 0x2223
mem[X,0x8000323A] -> 0x09F4
[3219] [M]: 0x80003238 (0x09F42223) sw t6, 0x84(fp)
mem[0x800069FC] <- 0xCCCCCCD0

mem[X,0x8000323C] -> 0x0F13
mem[X,0x8000323E] -> 0x0040
[3220] [M]: 0x8000323C (0x00400F13) addi t5, zero, 0x4
x30 <- 0x00000004

mem[X,0x80003240] -> 0x6EB7
mem[X,0x80003242] -> 0x6666
[3221] [M]: 0x80003240 (0x66666EB7) lui t4, 0x66666
x29 <- 0x66666000

mem[X,0x80003244] -> 0x8E93
mem[X,0x80003246] -> 0x667E
[3222] [M]: 0x80003244 (0x667E8E93) addi t4, t4, 0x667
x29 <- 0x66666667

mem[X,0x80003248] -> 0x0FB3
mem[X,0x8000324A] -> 0x03DF
[3223] [M]: 0x80003248 (0x03DF0FB3) mul t6, t5, t4
x31 <- 0x9999999C

mem[X,0x8000324C] -> 0x2423
mem[X,0x8000324E] -> 0x09F4
[3224] [M]: 0x8000324C (0x09F42423) sw t6, 0x88(fp)
mem[0x80006A00] <- 0x9999999C

mem[X,0x80003250] -> 0x0F13
mem[X,0x80003252] -> 0x0040
[3225] [M]: 0x80003250 (0x00400F13) addi t5, zero, 0x4
x30 <- 0x00000004

mem[X,0x80003254] -> 0x5EB7
mem[X,0x80003256] -> 0xFFFF
[3226] [M]: 0x80003254 (0xFFFF5EB7) lui t4, -0xb
x29 <- 0xFFFF5000

mem[X,0x80003258] -> 0x8E93
mem[X,0x8000325A] -> 0xAFDE
[3227] [M]: 0x80003258 (0xAFDE8E93) addi t4, t4, -0x503
x29 <- 0xFFFF4AFD

mem[X,0x8000325C] -> 0x0FB3
mem[X,0x8000325E] -> 0x03DF
[3228] [M]: 0x8000325C (0x03DF0FB3) mul t6, t5, t4
x31 <- 0xFFFD2BF4

mem[X,0x80003260] -> 0x2623
mem[X,0x80003262] -> 0x09F4
[3229] [M]: 0x80003260 (0x09F42623) sw t6, 0x8c(fp)
mem[0x80006A04] <- 0xFFFD2BF4

mem[X,0x80003264] -> 0x5F37
mem[X,0x80003266] -> 0x5555
[3230] [M]: 0x80003264 (0x55555F37) lui t5, 0x55555
x30 <- 0x55555000

mem[X,0x80003268] -> 0x0F13
mem[X,0x8000326A] -> 0x556F
[3231] [M]: 0x80003268 (0x556F0F13) addi t5, t5, 0x556
x30 <- 0x55555556

mem[X,0x8000326C] -> 0x0E93
mem[X,0x8000326E] -> 0x0030
[3232] [M]: 0x8000326C (0x00300E93) addi t4, zero, 0x3
x29 <- 0x00000003

mem[X,0x80003270] -> 0x0FB3
mem[X,0x80003272] -> 0x03DF
[3233] [M]: 0x80003270 (0x03DF0FB3) mul t6, t5, t4
x31 <- 0x00000002

mem[X,0x80003274] -> 0x2823
mem[X,0x80003276] -> 0x09F4
[3234] [M]: 0x80003274 (0x09F42823) sw t6, 0x90(fp)
mem[0x80006A08] <- 0x00000002

mem[X,0x80003278] -> 0x5F37
mem[X,0x8000327A] -> 0x5555
[3235] [M]: 0x80003278 (0x55555F37) lui t5, 0x55555
x30 <- 0x55555000

mem[X,0x8000327C] -> 0x0F13
mem[X,0x8000327E] -> 0x556F
[3236] [M]: 0x8000327C (0x556F0F13) addi t5, t5, 0x556
x30 <- 0x55555556

mem[X,0x80003280] -> 0x5EB7
mem[X,0x80003282] -> 0x5555
[3237] [M]: 0x80003280 (0x55555EB7) lui t4, 0x55555
x29 <- 0x55555000

mem[X,0x80003284] -> 0x8E93
mem[X,0x80003286] -> 0x555E
[3238] [M]: 0x80003284 (0x555E8E93) addi t4, t4, 0x555
x29 <- 0x55555555

mem[X,0x80003288] -> 0x0FB3
mem[X,0x8000328A] -> 0x03DF
[3239] [M]: 0x80003288 (0x03DF0FB3) mul t6, t5, t4
x31 <- 0x8E38E38E

mem[X,0x8000328C] -> 0x2A23
mem[X,0x8000328E] -> 0x09F4
[3240] [M]: 0x8000328C (0x09F42A23) sw t6, 0x94(fp)
mem[0x80006A0C] <- 0x8E38E38E

mem[X,0x80003290] -> 0x5F37
mem[X,0x80003292] -> 0x5555
[3241] [M]: 0x80003290 (0x55555F37) lui t5, 0x55555
x30 <- 0x55555000

mem[X,0x80003294] -> 0x0F13
mem[X,0x80003296] -> 0x556F
[3242] [M]: 0x80003294 (0x556F0F13) addi t5, t5, 0x556
x30 <- 0x55555556

mem[X,0x80003298] -> 0xBEB7
mem[X,0x8000329A] -> 0xAAAA
[3243] [M]: 0x80003298 (0xAAAABEB7) lui t4, -0x55555
x29 <- 0xAAAAB000

mem[X,0x8000329C] -> 0x8E93
mem[X,0x8000329E] -> 0xAAAE
[3244] [M]: 0x8000329C (0xAAAE8E93) addi t4, t4, -0x556
x29 <- 0xAAAAAAAA

mem[X,0x800032A0] -> 0x0FB3
mem[X,0x800032A2] -> 0x03DF
[3245] [M]: 0x800032A0 (0x03DF0FB3) mul t6, t5, t4
x31 <- 0x1C71C71C

mem[X,0x800032A4] -> 0x2C23
mem[X,0x800032A6] -> 0x09F4
[3246] [M]: 0x800032A4 (0x09F42C23) sw t6, 0x98(fp)
mem[0x80006A10] <- 0x1C71C71C

mem[X,0x800032A8] -> 0x5F37
mem[X,0x800032AA] -> 0x5555
[3247] [M]: 0x800032A8 (0x55555F37) lui t5, 0x55555
x30 <- 0x55555000

mem[X,0x800032AC] -> 0x0F13
mem[X,0x800032AE] -> 0x556F
[3248] [M]: 0x800032AC (0x556F0F13) addi t5, t5, 0x556
x30 <- 0x55555556

mem[X,0x800032B0] -> 0x0E93
mem[X,0x800032B2] -> 0x0050
[3249] [M]: 0x800032B0 (0x00500E93) addi t4, zero, 0x5
x29 <- 0x00000005

mem[X,0x800032B4] -> 0x0FB3
mem[X,0x800032B6] -> 0x03DF
[3250] [M]: 0x800032B4 (0x03DF0FB3) mul t6, t5, t4
x31 <- 0xAAAAAAAE

mem[X,0x800032B8] -> 0x2E23
mem[X,0x800032BA] -> 0x09F4
[3251] [M]: 0x800032B8 (0x09F42E23) sw t6, 0x9c(fp)
mem[0x80006A14] <- 0xAAAAAAAE

mem[X,0x800032BC] -> 0x5F37
mem[X,0x800032BE] -> 0x5555
[3252] [M]: 0x800032BC (0x55555F37) lui t5, 0x55555
x30 <- 0x55555000

mem[X,0x800032C0] -> 0x0F13
mem[X,0x800032C2] -> 0x556F
[3253] [M]: 0x800032C0 (0x556F0F13) addi t5, t5, 0x556
x30 <- 0x55555556

mem[X,0x800032C4] -> 0x3EB7
mem[X,0x800032C6] -> 0x3333
[3254] [M]: 0x800032C4 (0x33333EB7) lui t4, 0x33333
x29 <- 0x33333000

mem[X,0x800032C8] -> 0x8E93
mem[X,0x800032CA] -> 0x333E
[3255] [M]: 0x800032C8 (0x333E8E93) addi t4, t4, 0x333
x29 <- 0x33333333

mem[X,0x800032CC] -> 0x0FB3
mem[X,0x800032CE] -> 0x03DF
[3256] [M]: 0x800032CC (0x03DF0FB3) mul t6, t5, t4
x31 <- 0x22222222

mem[X,0x800032D0] -> 0x2023
mem[X,0x800032D2] -> 0x0BF4
[3257] [M]: 0x800032D0 (0x0BF42023) sw t6, 0xa0(fp)
mem[0x80006A18] <- 0x22222222

mem[X,0x800032D4] -> 0x5F37
mem[X,0x800032D6] -> 0x5555
[3258] [M]: 0x800032D4 (0x55555F37) lui t5, 0x55555
x30 <- 0x55555000

mem[X,0x800032D8] -> 0x0F13
mem[X,0x800032DA] -> 0x556F
[3259] [M]: 0x800032D8 (0x556F0F13) addi t5, t5, 0x556
x30 <- 0x55555556

mem[X,0x800032DC] -> 0x6EB7
mem[X,0x800032DE] -> 0x6666
[3260] [M]: 0x800032DC (0x66666EB7) lui t4, 0x66666
x29 <- 0x66666000

mem[X,0x800032E0] -> 0x8E93
mem[X,0x800032E2] -> 0x666E
[3261] [M]: 0x800032E0 (0x666E8E93) addi t4, t4, 0x666
x29 <- 0x66666666

mem[X,0x800032E4] -> 0x0FB3
mem[X,0x800032E6] -> 0x03DF
[3262] [M]: 0x800032E4 (0x03DF0FB3) mul t6, t5, t4
x31 <- 0x44444444

mem[X,0x800032E8] -> 0x2223
mem[X,0x800032EA] -> 0x0BF4
[3263] [M]: 0x800032E8 (0x0BF42223) sw t6, 0xa4(fp)
mem[0x80006A1C] <- 0x44444444

mem[X,0x800032EC] -> 0x5F37
mem[X,0x800032EE] -> 0x5555
[3264] [M]: 0x800032EC (0x55555F37) lui t5, 0x55555
x30 <- 0x55555000

mem[X,0x800032F0] -> 0x0F13
mem[X,0x800032F2] -> 0x556F
[3265] [M]: 0x800032F0 (0x556F0F13) addi t5, t5, 0x556
x30 <- 0x55555556

mem[X,0x800032F4] -> 0x5EB7
mem[X,0x800032F6] -> 0xFFFF
[3266] [M]: 0x800032F4 (0xFFFF5EB7) lui t4, -0xb
x29 <- 0xFFFF5000

mem[X,0x800032F8] -> 0x8E93
mem[X,0x800032FA] -> 0xAFCE
[3267] [M]: 0x800032F8 (0xAFCE8E93) addi t4, t4, -0x504
x29 <- 0xFFFF4AFC

mem[X,0x800032FC] -> 0x0FB3
mem[X,0x800032FE] -> 0x03DF
[3268] [M]: 0x800032FC (0x03DF0FB3) mul t6, t5, t4
x31 <- 0x5554DCA8

mem[X,0x80003300] -> 0x2423
mem[X,0x80003302] -> 0x0BF4
[3269] [M]: 0x80003300 (0x0BF42423) sw t6, 0xa8(fp)
mem[0x80006A20] <- 0x5554DCA8

mem[X,0x80003304] -> 0x5F37
mem[X,0x80003306] -> 0x5555
[3270] [M]: 0x80003304 (0x55555F37) lui t5, 0x55555
x30 <- 0x55555000

mem[X,0x80003308] -> 0x0F13
mem[X,0x8000330A] -> 0x556F
[3271] [M]: 0x80003308 (0x556F0F13) addi t5, t5, 0x556
x30 <- 0x55555556

mem[X,0x8000330C] -> 0xBEB7
mem[X,0x8000330E] -> 0x0000
[3272] [M]: 0x8000330C (0x0000BEB7) lui t4, 0xb
x29 <- 0x0000B000

mem[X,0x80003310] -> 0x8E93
mem[X,0x80003312] -> 0x504E
[3273] [M]: 0x80003310 (0x504E8E93) addi t4, t4, 0x504
x29 <- 0x0000B504

mem[X,0x80003314] -> 0x0FB3
mem[X,0x80003316] -> 0x03DF
[3274] [M]: 0x80003314 (0x03DF0FB3) mul t6, t5, t4
x31 <- 0xAAAB2358

mem[X,0x80003318] -> 0x2623
mem[X,0x8000331A] -> 0x0BF4
[3275] [M]: 0x80003318 (0x0BF42623) sw t6, 0xac(fp)
mem[0x80006A24] <- 0xAAAB2358

mem[X,0x8000331C] -> 0x5F37
mem[X,0x8000331E] -> 0x5555
[3276] [M]: 0x8000331C (0x55555F37) lui t5, 0x55555
x30 <- 0x55555000

mem[X,0x80003320] -> 0x0F13
mem[X,0x80003322] -> 0x556F
[3277] [M]: 0x80003320 (0x556F0F13) addi t5, t5, 0x556
x30 <- 0x55555556

mem[X,0x80003324] -> 0x0E93
mem[X,0x80003326] -> 0x0020
[3278] [M]: 0x80003324 (0x00200E93) addi t4, zero, 0x2
x29 <- 0x00000002

mem[X,0x80003328] -> 0x0FB3
mem[X,0x8000332A] -> 0x03DF
[3279] [M]: 0x80003328 (0x03DF0FB3) mul t6, t5, t4
x31 <- 0xAAAAAAAC

mem[X,0x8000332C] -> 0x2823
mem[X,0x8000332E] -> 0x0BF4
[3280] [M]: 0x8000332C (0x0BF42823) sw t6, 0xb0(fp)
mem[0x80006A28] <- 0xAAAAAAAC

mem[X,0x80003330] -> 0x5F37
mem[X,0x80003332] -> 0x5555
[3281] [M]: 0x80003330 (0x55555F37) lui t5, 0x55555
x30 <- 0x55555000

mem[X,0x80003334] -> 0x0F13
mem[X,0x80003336] -> 0x556F
[3282] [M]: 0x80003334 (0x556F0F13) addi t5, t5, 0x556
x30 <- 0x55555556

mem[X,0x80003338] -> 0x5EB7
mem[X,0x8000333A] -> 0x5555
[3283] [M]: 0x80003338 (0x55555EB7) lui t4, 0x55555
x29 <- 0x55555000

mem[X,0x8000333C] -> 0x8E93
mem[X,0x8000333E] -> 0x554E
[3284] [M]: 0x8000333C (0x554E8E93) addi t4, t4, 0x554
x29 <- 0x55555554

mem[X,0x80003340] -> 0x0FB3
mem[X,0x80003342] -> 0x03DF
[3285] [M]: 0x80003340 (0x03DF0FB3) mul t6, t5, t4
x31 <- 0x38E38E38

mem[X,0x80003344] -> 0x2A23
mem[X,0x80003346] -> 0x0BF4
[3286] [M]: 0x80003344 (0x0BF42A23) sw t6, 0xb4(fp)
mem[0x80006A2C] <- 0x38E38E38

mem[X,0x80003348] -> 0x5F37
mem[X,0x8000334A] -> 0x5555
[3287] [M]: 0x80003348 (0x55555F37) lui t5, 0x55555
x30 <- 0x55555000

mem[X,0x8000334C] -> 0x0F13
mem[X,0x8000334E] -> 0x556F
[3288] [M]: 0x8000334C (0x556F0F13) addi t5, t5, 0x556
x30 <- 0x55555556

mem[X,0x80003350] -> 0x3EB7
mem[X,0x80003352] -> 0x3333
[3289] [M]: 0x80003350 (0x33333EB7) lui t4, 0x33333
x29 <- 0x33333000

mem[X,0x80003354] -> 0x8E93
mem[X,0x80003356] -> 0x332E
[3290] [M]: 0x80003354 (0x332E8E93) addi t4, t4, 0x332
x29 <- 0x33333332

mem[X,0x80003358] -> 0x0FB3
mem[X,0x8000335A] -> 0x03DF
[3291] [M]: 0x80003358 (0x03DF0FB3) mul t6, t5, t4
x31 <- 0xCCCCCCCC

mem[X,0x8000335C] -> 0x2C23
mem[X,0x8000335E] -> 0x0BF4
[3292] [M]: 0x8000335C (0x0BF42C23) sw t6, 0xb8(fp)
mem[0x80006A30] <- 0xCCCCCCCC

mem[X,0x80003360] -> 0x5F37
mem[X,0x80003362] -> 0x5555
[3293] [M]: 0x80003360 (0x55555F37) lui t5, 0x55555
x30 <- 0x55555000

mem[X,0x80003364] -> 0x0F13
mem[X,0x80003366] -> 0x556F
[3294] [M]: 0x80003364 (0x556F0F13) addi t5, t5, 0x556
x30 <- 0x55555556

mem[X,0x80003368] -> 0x6EB7
mem[X,0x8000336A] -> 0x6666
[3295] [M]: 0x80003368 (0x66666EB7) lui t4, 0x66666
x29 <- 0x66666000

mem[X,0x8000336C] -> 0x8E93
mem[X,0x8000336E] -> 0x665E
[3296] [M]: 0x8000336C (0x665E8E93) addi t4, t4, 0x665
x29 <- 0x66666665

mem[X,0x80003370] -> 0x0FB3
mem[X,0x80003372] -> 0x03DF
[3297] [M]: 0x80003370 (0x03DF0FB3) mul t6, t5, t4
x31 <- 0xEEEEEEEE

mem[X,0x80003374] -> 0x2E23
mem[X,0x80003376] -> 0x0BF4
[3298] [M]: 0x80003374 (0x0BF42E23) sw t6, 0xbc(fp)
mem[0x80006A34] <- 0xEEEEEEEE

mem[X,0x80003378] -> 0x5F37
mem[X,0x8000337A] -> 0x5555
[3299] [M]: 0x80003378 (0x55555F37) lui t5, 0x55555
x30 <- 0x55555000

clint::tick mtime <- 0x0000000000000021
 clint timer pending at mtime 0x0000000000000021
htif::tick 0x0000000000000000
mem[X,0x8000337C] -> 0x0F13
mem[X,0x8000337E] -> 0x556F
[3300] [M]: 0x8000337C (0x556F0F13) addi t5, t5, 0x556
x30 <- 0x55555556

mem[X,0x80003380] -> 0x0E93
mem[X,0x80003382] -> 0x0000
[3301] [M]: 0x80003380 (0x00000E93) addi t4, zero, 0x0
x29 <- 0x00000000

mem[X,0x80003384] -> 0x0FB3
mem[X,0x80003386] -> 0x03DF
[3302] [M]: 0x80003384 (0x03DF0FB3) mul t6, t5, t4
x31 <- 0x00000000

mem[X,0x80003388] -> 0x2023
mem[X,0x8000338A] -> 0x0DF4
[3303] [M]: 0x80003388 (0x0DF42023) sw t6, 0xc0(fp)
mem[0x80006A38] <- 0x00000000

mem[X,0x8000338C] -> 0x5F37
mem[X,0x8000338E] -> 0x5555
[3304] [M]: 0x8000338C (0x55555F37) lui t5, 0x55555
x30 <- 0x55555000

mem[X,0x80003390] -> 0x0F13
mem[X,0x80003392] -> 0x556F
[3305] [M]: 0x80003390 (0x556F0F13) addi t5, t5, 0x556
x30 <- 0x55555556

mem[X,0x80003394] -> 0xBEB7
mem[X,0x80003396] -> 0x0000
[3306] [M]: 0x80003394 (0x0000BEB7) lui t4, 0xb
x29 <- 0x0000B000

mem[X,0x80003398] -> 0x8E93
mem[X,0x8000339A] -> 0x503E
[3307] [M]: 0x80003398 (0x503E8E93) addi t4, t4, 0x503
x29 <- 0x0000B503

mem[X,0x8000339C] -> 0x0FB3
mem[X,0x8000339E] -> 0x03DF
[3308] [M]: 0x8000339C (0x03DF0FB3) mul t6, t5, t4
x31 <- 0x5555CE02

mem[X,0x800033A0] -> 0x2223
mem[X,0x800033A2] -> 0x0DF4
[3309] [M]: 0x800033A0 (0x0DF42223) sw t6, 0xc4(fp)
mem[0x80006A3C] <- 0x5555CE02

mem[X,0x800033A4] -> 0x5F37
mem[X,0x800033A6] -> 0x5555
[3310] [M]: 0x800033A4 (0x55555F37) lui t5, 0x55555
x30 <- 0x55555000

mem[X,0x800033A8] -> 0x0F13
mem[X,0x800033AA] -> 0x556F
[3311] [M]: 0x800033A8 (0x556F0F13) addi t5, t5, 0x556
x30 <- 0x55555556

mem[X,0x800033AC] -> 0x0E93
mem[X,0x800033AE] -> 0x0040
[3312] [M]: 0x800033AC (0x00400E93) addi t4, zero, 0x4
x29 <- 0x00000004

mem[X,0x800033B0] -> 0x0FB3
mem[X,0x800033B2] -> 0x03DF
[3313] [M]: 0x800033B0 (0x03DF0FB3) mul t6, t5, t4
x31 <- 0x55555558

mem[X,0x800033B4] -> 0x2423
mem[X,0x800033B6] -> 0x0DF4
[3314] [M]: 0x800033B4 (0x0DF42423) sw t6, 0xc8(fp)
mem[0x80006A40] <- 0x55555558

mem[X,0x800033B8] -> 0x5F37
mem[X,0x800033BA] -> 0x5555
[3315] [M]: 0x800033B8 (0x55555F37) lui t5, 0x55555
x30 <- 0x55555000

mem[X,0x800033BC] -> 0x0F13
mem[X,0x800033BE] -> 0x556F
[3316] [M]: 0x800033BC (0x556F0F13) addi t5, t5, 0x556
x30 <- 0x55555556

mem[X,0x800033C0] -> 0x5EB7
mem[X,0x800033C2] -> 0x5555
[3317] [M]: 0x800033C0 (0x55555EB7) lui t4, 0x55555
x29 <- 0x55555000

mem[X,0x800033C4] -> 0x8E93
mem[X,0x800033C6] -> 0x556E
[3318] [M]: 0x800033C4 (0x556E8E93) addi t4, t4, 0x556
x29 <- 0x55555556

mem[X,0x800033C8] -> 0x0FB3
mem[X,0x800033CA] -> 0x03DF
[3319] [M]: 0x800033C8 (0x03DF0FB3) mul t6, t5, t4
x31 <- 0xE38E38E4

mem[X,0x800033CC] -> 0x2623
mem[X,0x800033CE] -> 0x0DF4
[3320] [M]: 0x800033CC (0x0DF42623) sw t6, 0xcc(fp)
mem[0x80006A44] <- 0xE38E38E4

mem[X,0x800033D0] -> 0x5F37
mem[X,0x800033D2] -> 0x5555
[3321] [M]: 0x800033D0 (0x55555F37) lui t5, 0x55555
x30 <- 0x55555000

mem[X,0x800033D4] -> 0x0F13
mem[X,0x800033D6] -> 0x556F
[3322] [M]: 0x800033D4 (0x556F0F13) addi t5, t5, 0x556
x30 <- 0x55555556

mem[X,0x800033D8] -> 0xBEB7
mem[X,0x800033DA] -> 0xAAAA
[3323] [M]: 0x800033D8 (0xAAAABEB7) lui t4, -0x55555
x29 <- 0xAAAAB000

mem[X,0x800033DC] -> 0x8E93
mem[X,0x800033DE] -> 0xAABE
[3324] [M]: 0x800033DC (0xAABE8E93) addi t4, t4, -0x555
x29 <- 0xAAAAAAAB

mem[X,0x800033E0] -> 0x0FB3
mem[X,0x800033E2] -> 0x03DF
[3325] [M]: 0x800033E0 (0x03DF0FB3) mul t6, t5, t4
x31 <- 0x71C71C72

mem[X,0x800033E4] -> 0x2823
mem[X,0x800033E6] -> 0x0DF4
[3326] [M]: 0x800033E4 (0x0DF42823) sw t6, 0xd0(fp)
mem[0x80006A48] <- 0x71C71C72

mem[X,0x800033E8] -> 0x5F37
mem[X,0x800033EA] -> 0x5555
[3327] [M]: 0x800033E8 (0x55555F37) lui t5, 0x55555
x30 <- 0x55555000

mem[X,0x800033EC] -> 0x0F13
mem[X,0x800033EE] -> 0x556F
[3328] [M]: 0x800033EC (0x556F0F13) addi t5, t5, 0x556
x30 <- 0x55555556

mem[X,0x800033F0] -> 0x0E93
mem[X,0x800033F2] -> 0x0060
[3329] [M]: 0x800033F0 (0x00600E93) addi t4, zero, 0x6
x29 <- 0x00000006

mem[X,0x800033F4] -> 0x0FB3
mem[X,0x800033F6] -> 0x03DF
[3330] [M]: 0x800033F4 (0x03DF0FB3) mul t6, t5, t4
x31 <- 0x00000004

mem[X,0x800033F8] -> 0x2A23
mem[X,0x800033FA] -> 0x0DF4
[3331] [M]: 0x800033F8 (0x0DF42A23) sw t6, 0xd4(fp)
mem[0x80006A4C] <- 0x00000004

mem[X,0x800033FC] -> 0x5F37
mem[X,0x800033FE] -> 0x5555
[3332] [M]: 0x800033FC (0x55555F37) lui t5, 0x55555
x30 <- 0x55555000

mem[X,0x80003400] -> 0x0F13
mem[X,0x80003402] -> 0x556F
[3333] [M]: 0x80003400 (0x556F0F13) addi t5, t5, 0x556
x30 <- 0x55555556

mem[X,0x80003404] -> 0x3EB7
mem[X,0x80003406] -> 0x3333
[3334] [M]: 0x80003404 (0x33333EB7) lui t4, 0x33333
x29 <- 0x33333000

mem[X,0x80003408] -> 0x8E93
mem[X,0x8000340A] -> 0x334E
[3335] [M]: 0x80003408 (0x334E8E93) addi t4, t4, 0x334
x29 <- 0x33333334

mem[X,0x8000340C] -> 0x0FB3
mem[X,0x8000340E] -> 0x03DF
[3336] [M]: 0x8000340C (0x03DF0FB3) mul t6, t5, t4
x31 <- 0x77777778

mem[X,0x80003410] -> 0x2C23
mem[X,0x80003412] -> 0x0DF4
[3337] [M]: 0x80003410 (0x0DF42C23) sw t6, 0xd8(fp)
mem[0x80006A50] <- 0x77777778

mem[X,0x80003414] -> 0x5F37
mem[X,0x80003416] -> 0x5555
[3338] [M]: 0x80003414 (0x55555F37) lui t5, 0x55555
x30 <- 0x55555000

mem[X,0x80003418] -> 0x0F13
mem[X,0x8000341A] -> 0x556F
[3339] [M]: 0x80003418 (0x556F0F13) addi t5, t5, 0x556
x30 <- 0x55555556

mem[X,0x8000341C] -> 0x6EB7
mem[X,0x8000341E] -> 0x6666
[3340] [M]: 0x8000341C (0x66666EB7) lui t4, 0x66666
x29 <- 0x66666000

mem[X,0x80003420] -> 0x8E93
mem[X,0x80003422] -> 0x667E
[3341] [M]: 0x80003420 (0x667E8E93) addi t4, t4, 0x667
x29 <- 0x66666667

mem[X,0x80003424] -> 0x0FB3
mem[X,0x80003426] -> 0x03DF
[3342] [M]: 0x80003424 (0x03DF0FB3) mul t6, t5, t4
x31 <- 0x9999999A

mem[X,0x80003428] -> 0x2E23
mem[X,0x8000342A] -> 0x0DF4
[3343] [M]: 0x80003428 (0x0DF42E23) sw t6, 0xdc(fp)
mem[0x80006A54] <- 0x9999999A

mem[X,0x8000342C] -> 0x5F37
mem[X,0x8000342E] -> 0x5555
[3344] [M]: 0x8000342C (0x55555F37) lui t5, 0x55555
x30 <- 0x55555000

mem[X,0x80003430] -> 0x0F13
mem[X,0x80003432] -> 0x556F
[3345] [M]: 0x80003430 (0x556F0F13) addi t5, t5, 0x556
x30 <- 0x55555556

mem[X,0x80003434] -> 0x5EB7
mem[X,0x80003436] -> 0xFFFF
[3346] [M]: 0x80003434 (0xFFFF5EB7) lui t4, -0xb
x29 <- 0xFFFF5000

mem[X,0x80003438] -> 0x8E93
mem[X,0x8000343A] -> 0xAFDE
[3347] [M]: 0x80003438 (0xAFDE8E93) addi t4, t4, -0x503
x29 <- 0xFFFF4AFD

mem[X,0x8000343C] -> 0x0FB3
mem[X,0x8000343E] -> 0x03DF
[3348] [M]: 0x8000343C (0x03DF0FB3) mul t6, t5, t4
x31 <- 0xAAAA31FE

mem[X,0x80003440] -> 0x2023
mem[X,0x80003442] -> 0x0FF4
[3349] [M]: 0x80003440 (0x0FF42023) sw t6, 0xe0(fp)
mem[0x80006A58] <- 0xAAAA31FE

mem[X,0x80003444] -> 0x5F37
mem[X,0x80003446] -> 0x5555
[3350] [M]: 0x80003444 (0x55555F37) lui t5, 0x55555
x30 <- 0x55555000

mem[X,0x80003448] -> 0x0F13
mem[X,0x8000344A] -> 0x556F
[3351] [M]: 0x80003448 (0x556F0F13) addi t5, t5, 0x556
x30 <- 0x55555556

mem[X,0x8000344C] -> 0xBEB7
mem[X,0x8000344E] -> 0x0000
[3352] [M]: 0x8000344C (0x0000BEB7) lui t4, 0xb
x29 <- 0x0000B000

mem[X,0x80003450] -> 0x8E93
mem[X,0x80003452] -> 0x505E
[3353] [M]: 0x80003450 (0x505E8E93) addi t4, t4, 0x505
x29 <- 0x0000B505

mem[X,0x80003454] -> 0x0FB3
mem[X,0x80003456] -> 0x03DF
[3354] [M]: 0x80003454 (0x03DF0FB3) mul t6, t5, t4
x31 <- 0x000078AE

mem[X,0x80003458] -> 0x2223
mem[X,0x8000345A] -> 0x0FF4
[3355] [M]: 0x80003458 (0x0FF42223) sw t6, 0xe4(fp)
mem[0x80006A5C] <- 0x000078AE

mem[X,0x8000345C] -> 0xBF37
mem[X,0x8000345E] -> 0xAAAA
[3356] [M]: 0x8000345C (0xAAAABF37) lui t5, -0x55555
x30 <- 0xAAAAB000

mem[X,0x80003460] -> 0x0F13
mem[X,0x80003462] -> 0xAABF
[3357] [M]: 0x80003460 (0xAABF0F13) addi t5, t5, -0x555
x30 <- 0xAAAAAAAB

mem[X,0x80003464] -> 0x0E93
mem[X,0x80003466] -> 0x0030
[3358] [M]: 0x80003464 (0x00300E93) addi t4, zero, 0x3
x29 <- 0x00000003

mem[X,0x80003468] -> 0x0FB3
mem[X,0x8000346A] -> 0x03DF
[3359] [M]: 0x80003468 (0x03DF0FB3) mul t6, t5, t4
x31 <- 0x00000001

mem[X,0x8000346C] -> 0x2423
mem[X,0x8000346E] -> 0x0FF4
[3360] [M]: 0x8000346C (0x0FF42423) sw t6, 0xe8(fp)
mem[0x80006A60] <- 0x00000001

mem[X,0x80003470] -> 0xBF37
mem[X,0x80003472] -> 0xAAAA
[3361] [M]: 0x80003470 (0xAAAABF37) lui t5, -0x55555
x30 <- 0xAAAAB000

mem[X,0x80003474] -> 0x0F13
mem[X,0x80003476] -> 0xAABF
[3362] [M]: 0x80003474 (0xAABF0F13) addi t5, t5, -0x555
x30 <- 0xAAAAAAAB

mem[X,0x80003478] -> 0x5EB7
mem[X,0x8000347A] -> 0x5555
[3363] [M]: 0x80003478 (0x55555EB7) lui t4, 0x55555
x29 <- 0x55555000

mem[X,0x8000347C] -> 0x8E93
mem[X,0x8000347E] -> 0x555E
[3364] [M]: 0x8000347C (0x555E8E93) addi t4, t4, 0x555
x29 <- 0x55555555

mem[X,0x80003480] -> 0x0FB3
mem[X,0x80003482] -> 0x03DF
[3365] [M]: 0x80003480 (0x03DF0FB3) mul t6, t5, t4
x31 <- 0xC71C71C7

mem[X,0x80003484] -> 0x2623
mem[X,0x80003486] -> 0x0FF4
[3366] [M]: 0x80003484 (0x0FF42623) sw t6, 0xec(fp)
mem[0x80006A64] <- 0xC71C71C7

mem[X,0x80003488] -> 0xBF37
mem[X,0x8000348A] -> 0xAAAA
[3367] [M]: 0x80003488 (0xAAAABF37) lui t5, -0x55555
x30 <- 0xAAAAB000

mem[X,0x8000348C] -> 0x0F13
mem[X,0x8000348E] -> 0xAABF
[3368] [M]: 0x8000348C (0xAABF0F13) addi t5, t5, -0x555
x30 <- 0xAAAAAAAB

mem[X,0x80003490] -> 0xBEB7
mem[X,0x80003492] -> 0xAAAA
[3369] [M]: 0x80003490 (0xAAAABEB7) lui t4, -0x55555
x29 <- 0xAAAAB000

mem[X,0x80003494] -> 0x8E93
mem[X,0x80003496] -> 0xAAAE
[3370] [M]: 0x80003494 (0xAAAE8E93) addi t4, t4, -0x556
x29 <- 0xAAAAAAAA

mem[X,0x80003498] -> 0x0FB3
mem[X,0x8000349A] -> 0x03DF
[3371] [M]: 0x80003498 (0x03DF0FB3) mul t6, t5, t4
x31 <- 0x8E38E38E

mem[X,0x8000349C] -> 0x2823
mem[X,0x8000349E] -> 0x0FF4
[3372] [M]: 0x8000349C (0x0FF42823) sw t6, 0xf0(fp)
mem[0x80006A68] <- 0x8E38E38E

mem[X,0x800034A0] -> 0xBF37
mem[X,0x800034A2] -> 0xAAAA
[3373] [M]: 0x800034A0 (0xAAAABF37) lui t5, -0x55555
x30 <- 0xAAAAB000

mem[X,0x800034A4] -> 0x0F13
mem[X,0x800034A6] -> 0xAABF
[3374] [M]: 0x800034A4 (0xAABF0F13) addi t5, t5, -0x555
x30 <- 0xAAAAAAAB

mem[X,0x800034A8] -> 0x0E93
mem[X,0x800034AA] -> 0x0050
[3375] [M]: 0x800034A8 (0x00500E93) addi t4, zero, 0x5
x29 <- 0x00000005

mem[X,0x800034AC] -> 0x0FB3
mem[X,0x800034AE] -> 0x03DF
[3376] [M]: 0x800034AC (0x03DF0FB3) mul t6, t5, t4
x31 <- 0x55555557

mem[X,0x800034B0] -> 0x2A23
mem[X,0x800034B2] -> 0x0FF4
[3377] [M]: 0x800034B0 (0x0FF42A23) sw t6, 0xf4(fp)
mem[0x80006A6C] <- 0x55555557

mem[X,0x800034B4] -> 0xBF37
mem[X,0x800034B6] -> 0xAAAA
[3378] [M]: 0x800034B4 (0xAAAABF37) lui t5, -0x55555
x30 <- 0xAAAAB000

mem[X,0x800034B8] -> 0x0F13
mem[X,0x800034BA] -> 0xAABF
[3379] [M]: 0x800034B8 (0xAABF0F13) addi t5, t5, -0x555
x30 <- 0xAAAAAAAB

mem[X,0x800034BC] -> 0x3EB7
mem[X,0x800034BE] -> 0x3333
[3380] [M]: 0x800034BC (0x33333EB7) lui t4, 0x33333
x29 <- 0x33333000

mem[X,0x800034C0] -> 0x8E93
mem[X,0x800034C2] -> 0x333E
[3381] [M]: 0x800034C0 (0x333E8E93) addi t4, t4, 0x333
x29 <- 0x33333333

mem[X,0x800034C4] -> 0x0FB3
mem[X,0x800034C6] -> 0x03DF
[3382] [M]: 0x800034C4 (0x03DF0FB3) mul t6, t5, t4
x31 <- 0x11111111

mem[X,0x800034C8] -> 0x2C23
mem[X,0x800034CA] -> 0x0FF4
[3383] [M]: 0x800034C8 (0x0FF42C23) sw t6, 0xf8(fp)
mem[0x80006A70] <- 0x11111111

mem[X,0x800034CC] -> 0xBF37
mem[X,0x800034CE] -> 0xAAAA
[3384] [M]: 0x800034CC (0xAAAABF37) lui t5, -0x55555
x30 <- 0xAAAAB000

mem[X,0x800034D0] -> 0x0F13
mem[X,0x800034D2] -> 0xAABF
[3385] [M]: 0x800034D0 (0xAABF0F13) addi t5, t5, -0x555
x30 <- 0xAAAAAAAB

mem[X,0x800034D4] -> 0x6EB7
mem[X,0x800034D6] -> 0x6666
[3386] [M]: 0x800034D4 (0x66666EB7) lui t4, 0x66666
x29 <- 0x66666000

mem[X,0x800034D8] -> 0x8E93
mem[X,0x800034DA] -> 0x666E
[3387] [M]: 0x800034D8 (0x666E8E93) addi t4, t4, 0x666
x29 <- 0x66666666

mem[X,0x800034DC] -> 0x0FB3
mem[X,0x800034DE] -> 0x03DF
[3388] [M]: 0x800034DC (0x03DF0FB3) mul t6, t5, t4
x31 <- 0x22222222

mem[X,0x800034E0] -> 0x2E23
mem[X,0x800034E2] -> 0x0FF4
[3389] [M]: 0x800034E0 (0x0FF42E23) sw t6, 0xfc(fp)
mem[0x80006A74] <- 0x22222222

mem[X,0x800034E4] -> 0xBF37
mem[X,0x800034E6] -> 0xAAAA
[3390] [M]: 0x800034E4 (0xAAAABF37) lui t5, -0x55555
x30 <- 0xAAAAB000

mem[X,0x800034E8] -> 0x0F13
mem[X,0x800034EA] -> 0xAABF
[3391] [M]: 0x800034E8 (0xAABF0F13) addi t5, t5, -0x555
x30 <- 0xAAAAAAAB

mem[X,0x800034EC] -> 0x5EB7
mem[X,0x800034EE] -> 0xFFFF
[3392] [M]: 0x800034EC (0xFFFF5EB7) lui t4, -0xb
x29 <- 0xFFFF5000

mem[X,0x800034F0] -> 0x8E93
mem[X,0x800034F2] -> 0xAFCE
[3393] [M]: 0x800034F0 (0xAFCE8E93) addi t4, t4, -0x504
x29 <- 0xFFFF4AFC

mem[X,0x800034F4] -> 0x0FB3
mem[X,0x800034F6] -> 0x03DF
[3394] [M]: 0x800034F4 (0x03DF0FB3) mul t6, t5, t4
x31 <- 0xAAAA6E54

mem[X,0x800034F8] -> 0x2023
mem[X,0x800034FA] -> 0x11F4
[3395] [M]: 0x800034F8 (0x11F42023) sw t6, 0x100(fp)
mem[0x80006A78] <- 0xAAAA6E54

mem[X,0x800034FC] -> 0xBF37
mem[X,0x800034FE] -> 0xAAAA
[3396] [M]: 0x800034FC (0xAAAABF37) lui t5, -0x55555
x30 <- 0xAAAAB000

mem[X,0x80003500] -> 0x0F13
mem[X,0x80003502] -> 0xAABF
[3397] [M]: 0x80003500 (0xAABF0F13) addi t5, t5, -0x555
x30 <- 0xAAAAAAAB

mem[X,0x80003504] -> 0xBEB7
mem[X,0x80003506] -> 0x0000
[3398] [M]: 0x80003504 (0x0000BEB7) lui t4, 0xb
x29 <- 0x0000B000

mem[X,0x80003508] -> 0x8E93
mem[X,0x8000350A] -> 0x504E
[3399] [M]: 0x80003508 (0x504E8E93) addi t4, t4, 0x504
x29 <- 0x0000B504

clint::tick mtime <- 0x0000000000000022
 clint timer pending at mtime 0x0000000000000022
htif::tick 0x0000000000000000
mem[X,0x8000350C] -> 0x0FB3
mem[X,0x8000350E] -> 0x03DF
[3400] [M]: 0x8000350C (0x03DF0FB3) mul t6, t5, t4
x31 <- 0x555591AC

mem[X,0x80003510] -> 0x2223
mem[X,0x80003512] -> 0x11F4
[3401] [M]: 0x80003510 (0x11F42223) sw t6, 0x104(fp)
mem[0x80006A7C] <- 0x555591AC

mem[X,0x80003514] -> 0xBF37
mem[X,0x80003516] -> 0xAAAA
[3402] [M]: 0x80003514 (0xAAAABF37) lui t5, -0x55555
x30 <- 0xAAAAB000

mem[X,0x80003518] -> 0x0F13
mem[X,0x8000351A] -> 0xAABF
[3403] [M]: 0x80003518 (0xAABF0F13) addi t5, t5, -0x555
x30 <- 0xAAAAAAAB

mem[X,0x8000351C] -> 0x0E93
mem[X,0x8000351E] -> 0x0020
[3404] [M]: 0x8000351C (0x00200E93) addi t4, zero, 0x2
x29 <- 0x00000002

mem[X,0x80003520] -> 0x0FB3
mem[X,0x80003522] -> 0x03DF
[3405] [M]: 0x80003520 (0x03DF0FB3) mul t6, t5, t4
x31 <- 0x55555556

mem[X,0x80003524] -> 0x2423
mem[X,0x80003526] -> 0x11F4
[3406] [M]: 0x80003524 (0x11F42423) sw t6, 0x108(fp)
mem[0x80006A80] <- 0x55555556

mem[X,0x80003528] -> 0xBF37
mem[X,0x8000352A] -> 0xAAAA
[3407] [M]: 0x80003528 (0xAAAABF37) lui t5, -0x55555
x30 <- 0xAAAAB000

mem[X,0x8000352C] -> 0x0F13
mem[X,0x8000352E] -> 0xAABF
[3408] [M]: 0x8000352C (0xAABF0F13) addi t5, t5, -0x555
x30 <- 0xAAAAAAAB

mem[X,0x80003530] -> 0x5EB7
mem[X,0x80003532] -> 0x5555
[3409] [M]: 0x80003530 (0x55555EB7) lui t4, 0x55555
x29 <- 0x55555000

mem[X,0x80003534] -> 0x8E93
mem[X,0x80003536] -> 0x554E
[3410] [M]: 0x80003534 (0x554E8E93) addi t4, t4, 0x554
x29 <- 0x55555554

mem[X,0x80003538] -> 0x0FB3
mem[X,0x8000353A] -> 0x03DF
[3411] [M]: 0x80003538 (0x03DF0FB3) mul t6, t5, t4
x31 <- 0x1C71C71C

mem[X,0x8000353C] -> 0x2623
mem[X,0x8000353E] -> 0x11F4
[3412] [M]: 0x8000353C (0x11F42623) sw t6, 0x10c(fp)
mem[0x80006A84] <- 0x1C71C71C

mem[X,0x80003540] -> 0xBF37
mem[X,0x80003542] -> 0xAAAA
[3413] [M]: 0x80003540 (0xAAAABF37) lui t5, -0x55555
x30 <- 0xAAAAB000

mem[X,0x80003544] -> 0x0F13
mem[X,0x80003546] -> 0xAABF
[3414] [M]: 0x80003544 (0xAABF0F13) addi t5, t5, -0x555
x30 <- 0xAAAAAAAB

mem[X,0x80003548] -> 0x3EB7
mem[X,0x8000354A] -> 0x3333
[3415] [M]: 0x80003548 (0x33333EB7) lui t4, 0x33333
x29 <- 0x33333000

mem[X,0x8000354C] -> 0x8E93
mem[X,0x8000354E] -> 0x332E
[3416] [M]: 0x8000354C (0x332E8E93) addi t4, t4, 0x332
x29 <- 0x33333332

mem[X,0x80003550] -> 0x0FB3
mem[X,0x80003552] -> 0x03DF
[3417] [M]: 0x80003550 (0x03DF0FB3) mul t6, t5, t4
x31 <- 0x66666666

mem[X,0x80003554] -> 0x2823
mem[X,0x80003556] -> 0x11F4
[3418] [M]: 0x80003554 (0x11F42823) sw t6, 0x110(fp)
mem[0x80006A88] <- 0x66666666

mem[X,0x80003558] -> 0xBF37
mem[X,0x8000355A] -> 0xAAAA
[3419] [M]: 0x80003558 (0xAAAABF37) lui t5, -0x55555
x30 <- 0xAAAAB000

mem[X,0x8000355C] -> 0x0F13
mem[X,0x8000355E] -> 0xAABF
[3420] [M]: 0x8000355C (0xAABF0F13) addi t5, t5, -0x555
x30 <- 0xAAAAAAAB

mem[X,0x80003560] -> 0x6EB7
mem[X,0x80003562] -> 0x6666
[3421] [M]: 0x80003560 (0x66666EB7) lui t4, 0x66666
x29 <- 0x66666000

mem[X,0x80003564] -> 0x8E93
mem[X,0x80003566] -> 0x665E
[3422] [M]: 0x80003564 (0x665E8E93) addi t4, t4, 0x665
x29 <- 0x66666665

mem[X,0x80003568] -> 0x0FB3
mem[X,0x8000356A] -> 0x03DF
[3423] [M]: 0x80003568 (0x03DF0FB3) mul t6, t5, t4
x31 <- 0x77777777

mem[X,0x8000356C] -> 0x2A23
mem[X,0x8000356E] -> 0x11F4
[3424] [M]: 0x8000356C (0x11F42A23) sw t6, 0x114(fp)
mem[0x80006A8C] <- 0x77777777

mem[X,0x80003570] -> 0xBF37
mem[X,0x80003572] -> 0xAAAA
[3425] [M]: 0x80003570 (0xAAAABF37) lui t5, -0x55555
x30 <- 0xAAAAB000

mem[X,0x80003574] -> 0x0F13
mem[X,0x80003576] -> 0xAABF
[3426] [M]: 0x80003574 (0xAABF0F13) addi t5, t5, -0x555
x30 <- 0xAAAAAAAB

mem[X,0x80003578] -> 0x0E93
mem[X,0x8000357A] -> 0x0000
[3427] [M]: 0x80003578 (0x00000E93) addi t4, zero, 0x0
x29 <- 0x00000000

mem[X,0x8000357C] -> 0x0FB3
mem[X,0x8000357E] -> 0x03DF
[3428] [M]: 0x8000357C (0x03DF0FB3) mul t6, t5, t4
x31 <- 0x00000000

mem[X,0x80003580] -> 0x2C23
mem[X,0x80003582] -> 0x11F4
[3429] [M]: 0x80003580 (0x11F42C23) sw t6, 0x118(fp)
mem[0x80006A90] <- 0x00000000

mem[X,0x80003584] -> 0xBF37
mem[X,0x80003586] -> 0xAAAA
[3430] [M]: 0x80003584 (0xAAAABF37) lui t5, -0x55555
x30 <- 0xAAAAB000

mem[X,0x80003588] -> 0x0F13
mem[X,0x8000358A] -> 0xAABF
[3431] [M]: 0x80003588 (0xAABF0F13) addi t5, t5, -0x555
x30 <- 0xAAAAAAAB

mem[X,0x8000358C] -> 0xBEB7
mem[X,0x8000358E] -> 0x0000
[3432] [M]: 0x8000358C (0x0000BEB7) lui t4, 0xb
x29 <- 0x0000B000

mem[X,0x80003590] -> 0x8E93
mem[X,0x80003592] -> 0x503E
[3433] [M]: 0x80003590 (0x503E8E93) addi t4, t4, 0x503
x29 <- 0x0000B503

mem[X,0x80003594] -> 0x0FB3
mem[X,0x80003596] -> 0x03DF
[3434] [M]: 0x80003594 (0x03DF0FB3) mul t6, t5, t4
x31 <- 0xAAAAE701

mem[X,0x80003598] -> 0x2E23
mem[X,0x8000359A] -> 0x11F4
[3435] [M]: 0x80003598 (0x11F42E23) sw t6, 0x11c(fp)
mem[0x80006A94] <- 0xAAAAE701

mem[X,0x8000359C] -> 0xBF37
mem[X,0x8000359E] -> 0x0000
[3436] [M]: 0x8000359C (0x0000BF37) lui t5, 0xb
x30 <- 0x0000B000

mem[X,0x800035A0] -> 0x0F13
mem[X,0x800035A2] -> 0x505F
[3437] [M]: 0x800035A0 (0x505F0F13) addi t5, t5, 0x505
x30 <- 0x0000B505

mem[X,0x800035A4] -> 0x5EB7
mem[X,0x800035A6] -> 0xFFFF
[3438] [M]: 0x800035A4 (0xFFFF5EB7) lui t4, -0xb
x29 <- 0xFFFF5000

mem[X,0x800035A8] -> 0x8E93
mem[X,0x800035AA] -> 0xAFDE
[3439] [M]: 0x800035A8 (0xAFDE8E93) addi t4, t4, -0x503
x29 <- 0xFFFF4AFD

mem[X,0x800035AC] -> 0x0FB3
mem[X,0x800035AE] -> 0x03DF
[3440] [M]: 0x800035AC (0x03DF0FB3) mul t6, t5, t4
x31 <- 0x800157F1

mem[X,0x800035B0] -> 0x2023
mem[X,0x800035B2] -> 0x13F4
[3441] [M]: 0x800035B0 (0x13F42023) sw t6, 0x120(fp)
mem[0x80006A98] <- 0x800157F1

mem[X,0x800035B4] -> 0x0F37
mem[X,0x800035B6] -> 0x8000
[3442] [M]: 0x800035B4 (0x80000F37) lui t5, -0x80000
x30 <- 0x80000000

mem[X,0x800035B8] -> 0x0F13
mem[X,0x800035BA] -> 0xFFFF
[3443] [M]: 0x800035B8 (0xFFFF0F13) addi t5, t5, -0x1
x30 <- 0x7FFFFFFF

mem[X,0x800035BC] -> 0xBEB7
mem[X,0x800035BE] -> 0x0000
[3444] [M]: 0x800035BC (0x0000BEB7) lui t4, 0xb
x29 <- 0x0000B000

mem[X,0x800035C0] -> 0x8E93
mem[X,0x800035C2] -> 0x505E
[3445] [M]: 0x800035C0 (0x505E8E93) addi t4, t4, 0x505
x29 <- 0x0000B505

mem[X,0x800035C4] -> 0x0FB3
mem[X,0x800035C6] -> 0x03DF
[3446] [M]: 0x800035C4 (0x03DF0FB3) mul t6, t5, t4
x31 <- 0x7FFF4AFB

mem[X,0x800035C8] -> 0x2223
mem[X,0x800035CA] -> 0x13F4
[3447] [M]: 0x800035C8 (0x13F42223) sw t6, 0x124(fp)
mem[0x80006A9C] <- 0x7FFF4AFB

mem[X,0x800035CC] -> 0xBF37
mem[X,0x800035CE] -> 0x0000
[3448] [M]: 0x800035CC (0x0000BF37) lui t5, 0xb
x30 <- 0x0000B000

mem[X,0x800035D0] -> 0x0F13
mem[X,0x800035D2] -> 0x505F
[3449] [M]: 0x800035D0 (0x505F0F13) addi t5, t5, 0x505
x30 <- 0x0000B505

mem[X,0x800035D4] -> 0x0EB7
mem[X,0x800035D6] -> 0xFF00
[3450] [M]: 0x800035D4 (0xFF000EB7) lui t4, -0x1000
x29 <- 0xFF000000

mem[X,0x800035D8] -> 0x8E93
mem[X,0x800035DA] -> 0xFFFE
[3451] [M]: 0x800035D8 (0xFFFE8E93) addi t4, t4, -0x1
x29 <- 0xFEFFFFFF

mem[X,0x800035DC] -> 0x0FB3
mem[X,0x800035DE] -> 0x03DF
[3452] [M]: 0x800035DC (0x03DF0FB3) mul t6, t5, t4
x31 <- 0xFAFF4AFB

mem[X,0x800035E0] -> 0x2423
mem[X,0x800035E2] -> 0x13F4
[3453] [M]: 0x800035E0 (0x13F42423) sw t6, 0x128(fp)
mem[0x80006AA0] <- 0xFAFF4AFB

mem[X,0x800035E4] -> 0xBF37
mem[X,0x800035E6] -> 0x0000
[3454] [M]: 0x800035E4 (0x0000BF37) lui t5, 0xb
x30 <- 0x0000B000

mem[X,0x800035E8] -> 0x0F13
mem[X,0x800035EA] -> 0x505F
[3455] [M]: 0x800035E8 (0x505F0F13) addi t5, t5, 0x505
x30 <- 0x0000B505

mem[X,0x800035EC] -> 0x0EB7
mem[X,0x800035EE] -> 0xFC00
[3456] [M]: 0x800035EC (0xFC000EB7) lui t4, -0x4000
x29 <- 0xFC000000

mem[X,0x800035F0] -> 0x8E93
mem[X,0x800035F2] -> 0xFFFE
[3457] [M]: 0x800035F0 (0xFFFE8E93) addi t4, t4, -0x1
x29 <- 0xFBFFFFFF

mem[X,0x800035F4] -> 0x0FB3
mem[X,0x800035F6] -> 0x03DF
[3458] [M]: 0x800035F4 (0x03DF0FB3) mul t6, t5, t4
x31 <- 0xEBFF4AFB

mem[X,0x800035F8] -> 0x2623
mem[X,0x800035FA] -> 0x13F4
[3459] [M]: 0x800035F8 (0x13F42623) sw t6, 0x12c(fp)
mem[0x80006AA4] <- 0xEBFF4AFB

mem[X,0x800035FC] -> 0xBF37
mem[X,0x800035FE] -> 0x0000
[3460] [M]: 0x800035FC (0x0000BF37) lui t5, 0xb
x30 <- 0x0000B000

mem[X,0x80003600] -> 0x0F13
mem[X,0x80003602] -> 0x505F
[3461] [M]: 0x80003600 (0x505F0F13) addi t5, t5, 0x505
x30 <- 0x0000B505

mem[X,0x80003604] -> 0x0EB7
mem[X,0x80003606] -> 0xF800
[3462] [M]: 0x80003604 (0xF8000EB7) lui t4, -0x8000
x29 <- 0xF8000000

mem[X,0x80003608] -> 0x8E93
mem[X,0x8000360A] -> 0xFFFE
[3463] [M]: 0x80003608 (0xFFFE8E93) addi t4, t4, -0x1
x29 <- 0xF7FFFFFF

mem[X,0x8000360C] -> 0x0FB3
mem[X,0x8000360E] -> 0x03DF
[3464] [M]: 0x8000360C (0x03DF0FB3) mul t6, t5, t4
x31 <- 0xD7FF4AFB

mem[X,0x80003610] -> 0x2823
mem[X,0x80003612] -> 0x13F4
[3465] [M]: 0x80003610 (0x13F42823) sw t6, 0x130(fp)
mem[0x80006AA8] <- 0xD7FF4AFB

mem[X,0x80003614] -> 0x006F
mem[X,0x80003616] -> 0x0200
[3466] [M]: 0x80003614 (0x0200006F) jal zero, 0x20

mem[X,0x80003634] -> 0x0093
mem[X,0x80003636] -> 0x0010
[3467] [M]: 0x80003634 (0x00100093) addi ra, zero, 0x1
x1 <- 0x00000001

mem[X,0x80003638] -> 0x1397
mem[X,0x8000363A] -> 0x0000
[3468] [M]: 0x80003638 (0x00001397) auipc t2, 0x1
x7 <- 0x80004638

mem[X,0x8000363C] -> 0xA423
mem[X,0x8000363E] -> 0x9C13
[3469] [M]: 0x8000363C (0x9C13A423) sw ra, -0x638(t2)
htif[0x80004000] <- 0x00000001

mem[X,0x80003640] -> 0xF06F
mem[X,0x80003642] -> 0xFF9F
[3470] [M]: 0x80003640 (0xFF9FF06F) jal zero, -0x8

mem[X,0x80003638] -> 0x1397
mem[X,0x8000363A] -> 0x0000
[3471] [M]: 0x80003638 (0x00001397) auipc t2, 0x1
x7 <- 0x80004638

mem[X,0x8000363C] -> 0xA423
mem[X,0x8000363E] -> 0x9C13
[3472] [M]: 0x8000363C (0x9C13A423) sw ra, -0x638(t2)
htif[0x80004000] <- 0x00000001

mem[X,0x80003640] -> 0xF06F
mem[X,0x80003642] -> 0xFF9F
[3473] [M]: 0x80003640 (0xFF9FF06F) jal zero, -0x8

mem[X,0x80003638] -> 0x1397
mem[X,0x8000363A] -> 0x0000
[3474] [M]: 0x80003638 (0x00001397) auipc t2, 0x1
x7 <- 0x80004638

mem[X,0x8000363C] -> 0xA423
mem[X,0x8000363E] -> 0x9C13
[3475] [M]: 0x8000363C (0x9C13A423) sw ra, -0x638(t2)
htif[0x80004000] <- 0x00000001
htif-syscall-proxy cmd: 0x000000000001

SUCCESS
