             22	         7	000000c8	f1402573	csrrs	x10,mhartid,x0	  x0:0x00000000 x10=0x00000000
             24	         8	000000cc	00051063	bne	x10,x0,cc	 x10:0x00000000  x0:0x00000000
             26	         9	000000d0	00000193	addi	x3,x0,0	  x0:0x00000000  x3=0x00000000
             28	        10	000000d4	00000297	auipc	x5,0x0	  x5=0x000000d4
             30	        11	000000d8	fb028293	addi	x5,x5,-80	  x5:0x000000d4  x5=0x00000084
             32	        12	000000dc	30529073	csrrw	x0,mtvec,x5	  x5:0x00000084  x0=0x00000000
             34	        13	000000e0	00100513	addi	x10,x0,1	  x0:0x00000000 x10=0x00000001
             36	        14	000000e4	01f51513	slli	x10,x10,0x1f	 x10:0x00000001 x10=0x80000000
             40	        16	000000e8	00054863	blt	x10,x0,f8	 x10:0x80000000  x0:0x00000000
             44	        18	000000f8	00000293	addi	x5,x0,0	  x0:0x00000000  x5=0x00000000
             48	        20	000000fc	00028e63	beq	x5,x0,118	  x5:0x00000000  x0:0x00000000
             52	        22	00000118	30005073	csrrwi	x0,mstatus,0	  x0=0x00000000
             58	        25	0000011c	00002537	lui	x10,0x2	 x10=0x00002000
             60	        26	00000120	80050513	addi	x10,x10,-2048	 x10:0x00002000 x10=0x00001800
             62	        27	00000124	30052073	csrrs	x0,mstatus,x10	 x10:0x00001800  x0=0x00000000
             68	        30	00000128	00000297	auipc	x5,0x0	  x5=0x00000128
             70	        31	0000012c	01428293	addi	x5,x5,20	  x5:0x00000128  x5=0x0000013c
             72	        32	00000130	34129073	csrrw	x0,mepc,x5	  x5:0x0000013c  x0=0x00000000
             74	        33	00000134	f1402573	csrrs	x10,mhartid,x0	  x0:0x00000000 x10=0x00000000
             76	        34	00000138	30200073	mret	
             82	        37	0000013c	00000013	addi	x0,x0,0	  x0:0x00000000  x0=0x00000000
             84	        38	00000140	feedc0b7	lui	x1,0xfeedc	  x1=0xfeedc000
             86	        39	00000144	ead08093	addi	x1,x1,-339	  x1:0xfeedc000  x1=0xfeedbead
             88	        40	00000148	ff76e137	lui	x2,0xff76e	  x2=0xff76e000
             90	        41	0000014c	f5610113	addi	x2,x2,-170	  x2:0xff76e000  x2=0xff76df56
             92	        42	00000150	7fbb71b7	lui	x3,0x7fbb7	  x3=0x7fbb7000
             94	        43	00000154	fab18193	addi	x3,x3,-85	  x3:0x7fbb7000  x3=0x7fbb6fab
             96	        44	00000158	bfddb237	lui	x4,0xbfddb	  x4=0xbfddb000
             98	        45	0000015c	7d520213	addi	x4,x4,2005	  x4:0xbfddb000  x4=0xbfddb7d5
            100	        46	00000160	00000297	auipc	x5,0x0	  x5=0x00000160
            102	        47	00000164	0d828293	addi	x5,x5,216	  x5:0x00000160  x5=0x00000238
            104	        48	00000168	00005317	auipc	x6,0x5	  x6=0x00005168
            106	        49	0000016c	e9830313	addi	x6,x6,-360	  x6:0x00005168  x6=0x00005000
            108	        50	00000170	b7fbb3b7	lui	x7,0xb7fbb	  x7=0xb7fbb000
            110	        51	00000174	6fa38393	addi	x7,x7,1786	  x7:0xb7fbb000  x7=0xb7fbb6fa
            112	        52	00000178	5bfde437	lui	x8,0x5bfde	  x8=0x5bfde000
            114	        53	0000017c	b7d40413	addi	x8,x8,-1155	  x8:0x5bfde000  x8=0x5bfddb7d
            116	        54	00000180	adfef4b7	lui	x9,0xadfef	  x9=0xadfef000
            118	        55	00000184	dbe48493	addi	x9,x9,-578	  x9:0xadfef000  x9=0xadfeedbe
            120	        56	00000188	56ff7537	lui	x10,0x56ff7	 x10=0x56ff7000
            122	        57	0000018c	6df50513	addi	x10,x10,1759	 x10:0x56ff7000 x10=0x56ff76df
            124	        58	00000190	ab7fc5b7	lui	x11,0xab7fc	 x11=0xab7fc000
            126	        59	00000194	b6f58593	addi	x11,x11,-1169	 x11:0xab7fc000 x11=0xab7fbb6f
            128	        60	00000198	d5bfe637	lui	x12,0xd5bfe	 x12=0xd5bfe000
            130	        61	0000019c	db760613	addi	x12,x12,-585	 x12:0xd5bfe000 x12=0xd5bfddb7
            132	        62	000001a0	eadff6b7	lui	x13,0xeadff	 x13=0xeadff000
            134	        63	000001a4	edb68693	addi	x13,x13,-293	 x13:0xeadff000 x13=0xeadfeedb
            136	        64	000001a8	f56ff737	lui	x14,0xf56ff	 x14=0xf56ff000
            138	        65	000001ac	76d70713	addi	x14,x14,1901	 x14:0xf56ff000 x14=0xf56ff76d
            140	        66	000001b0	fab807b7	lui	x15,0xfab80	 x15=0xfab80000
            142	        67	000001b4	bb678793	addi	x15,x15,-1098	 x15:0xfab80000 x15=0xfab7fbb6
            144	        68	000001b8	7d5c0837	lui	x16,0x7d5c0	 x16=0x7d5c0000
            146	        69	000001bc	ddb80813	addi	x16,x16,-549	 x16:0x7d5c0000 x16=0x7d5bfddb
            148	        70	000001c0	beae08b7	lui	x17,0xbeae0	 x17=0xbeae0000
            150	        71	000001c4	eed88893	addi	x17,x17,-275	 x17:0xbeae0000 x17=0xbeadfeed
            152	        72	000001c8	df570937	lui	x18,0xdf570	 x18=0xdf570000
            154	        73	000001cc	f7690913	addi	x18,x18,-138	 x18:0xdf570000 x18=0xdf56ff76
            156	        74	000001d0	6fab89b7	lui	x19,0x6fab8	 x19=0x6fab8000
            158	        75	000001d4	fbb98993	addi	x19,x19,-69	 x19:0x6fab8000 x19=0x6fab7fbb
            160	        76	000001d8	b7d5ca37	lui	x20,0xb7d5c	 x20=0xb7d5c000
            162	        77	000001dc	fdda0a13	addi	x20,x20,-35	 x20:0xb7d5c000 x20=0xb7d5bfdd
            164	        78	000001e0	dbeaeab7	lui	x21,0xdbeae	 x21=0xdbeae000
            166	        79	000001e4	feea8a93	addi	x21,x21,-18	 x21:0xdbeae000 x21=0xdbeadfee
            168	        80	000001e8	6df57b37	lui	x22,0x6df57	 x22=0x6df57000
            170	        81	000001ec	ff7b0b13	addi	x22,x22,-9	 x22:0x6df57000 x22=0x6df56ff7
            172	        82	000001f0	b6fabbb7	lui	x23,0xb6fab	 x23=0xb6fab000
            174	        83	000001f4	7fbb8b93	addi	x23,x23,2043	 x23:0xb6fab000 x23=0xb6fab7fb
            176	        84	000001f8	db7d6c37	lui	x24,0xdb7d6	 x24=0xdb7d6000
            178	        85	000001fc	bfdc0c13	addi	x24,x24,-1027	 x24:0xdb7d6000 x24=0xdb7d5bfd
            180	        86	00000200	edbebcb7	lui	x25,0xedbeb	 x25=0xedbeb000
            182	        87	00000204	dfec8c93	addi	x25,x25,-514	 x25:0xedbeb000 x25=0xedbeadfe
            184	        88	00000208	76df5d37	lui	x26,0x76df5	 x26=0x76df5000
            186	        89	0000020c	6ffd0d13	addi	x26,x26,1791	 x26:0x76df5000 x26=0x76df56ff
            188	        90	00000210	bb6fbdb7	lui	x27,0xbb6fb	 x27=0xbb6fb000
            190	        91	00000214	b7fd8d93	addi	x27,x27,-1153	 x27:0xbb6fb000 x27=0xbb6fab7f
            192	        92	00000218	ddb7de37	lui	x28,0xddb7d	 x28=0xddb7d000
            194	        93	0000021c	5bfe0e13	addi	x28,x28,1471	 x28:0xddb7d000 x28=0xddb7d5bf
            196	        94	00000220	eedbfeb7	lui	x29,0xeedbf	 x29=0xeedbf000
            198	        95	00000224	adfe8e93	addi	x29,x29,-1313	 x29:0xeedbf000 x29=0xeedbeadf
            200	        96	00000228	f76dff37	lui	x30,0xf76df	 x30=0xf76df000
            202	        97	0000022c	56ff0f13	addi	x30,x30,1391	 x30:0xf76df000 x30=0xf76df56f
            204	        98	00000230	fbb70fb7	lui	x31,0xfbb70	 x31=0xfbb70000
            206	        99	00000234	ab7f8f93	addi	x31,x31,-1353	 x31:0xfbb70000 x31=0xfbb6fab7
            208	       100	00000238	00005997	auipc	x19,0x5	 x19=0x00005238
            210	       101	0000023c	dd898993	addi	x19,x19,-552	 x19:0x00005238 x19=0x00005010
            212	       102	00000240	fff803b7	lui	x7,0xfff80	  x7=0xfff80000
            214	       103	00000244	fff38393	addi	x7,x7,-1	  x7:0xfff80000  x7=0xfff7ffff
            216	       104	00000248	c0000ab7	lui	x21,0xc0000	 x21=0xc0000000
            218	       105	0000024c	fffa8a93	addi	x21,x21,-1	 x21:0xc0000000 x21=0xbfffffff
            292	       142	00000250	0353f3b3	remu	x7,x7,x21	  x7:0xfff7ffff x21:0xbfffffff  x7=0x3ff80000
            296	       144	00000254	0079a023	sw	x7,0(x19)	 x19:0x00005010  x7:0x3ff80000 PA:0x00005010 store:0x3ff80000 load:0x008004b7
            298	       145	00000258	008004b7	lui	x9,0x800	  x9=0x00800000
            300	       146	0000025c	008004b7	lui	x9,0x800	  x9=0x00800000
            374	       183	00000260	0294ff33	remu	x30,x9,x9	  x9:0x00800000  x9:0x00800000 x30=0x00000000
            378	       185	00000264	01e9a223	sw	x30,4(x19)	 x19:0x00005010 x30:0x00000000 PA:0x00005014 store:0x00000000 load:0x00000313
            380	       186	00000268	bff00d13	addi	x26,x0,-1025	  x0:0x00000000 x26=0xfffffbff
            382	       187	0000026c	00000313	addi	x6,x0,0	  x0:0x00000000  x6=0x00000000
            386	       189	00000270	026d7333	remu	x6,x26,x6	 x26:0xfffffbff  x6:0x00000000  x6=0xfffffbff
            390	       191	00000274	0069a423	sw	x6,8(x19)	 x19:0x00005010  x6:0xfffffbff PA:0x00005018 store:0xfffffbff load:0xfff00113
            392	       192	00000278	40000893	addi	x17,x0,1024	  x0:0x00000000 x17=0x00000400
            394	       193	0000027c	fff00113	addi	x2,x0,-1	  x0:0x00000000  x2=0xffffffff
            468	       230	00000280	0228fcb3	remu	x25,x17,x2	 x17:0x00000400  x2:0xffffffff x25=0x00000400
            472	       232	00000284	0199a623	sw	x25,12(x19)	 x19:0x00005010 x25:0x00000400 PA:0x0000501c store:0x00000400 load:0xaaa80813
            474	       233	00000288	aaaab837	lui	x16,0xaaaab	 x16=0xaaaab000
            476	       234	0000028c	aaa80813	addi	x16,x16,-1366	 x16:0xaaaab000 x16=0xaaaaaaaa
            478	       235	00000290	aaaab837	lui	x16,0xaaaab	 x16=0xaaaab000
            480	       236	00000294	aaa80813	addi	x16,x16,-1366	 x16:0xaaaab000 x16=0xaaaaaaaa
            554	       273	00000298	03087833	remu	x16,x16,x16	 x16:0xaaaaaaaa x16:0xaaaaaaaa x16=0x00000000
            558	       275	0000029c	0109a823	sw	x16,16(x19)	 x19:0x00005010 x16:0x00000000 PA:0x00005020 store:0x00000000 load:0x666660b7
            560	       276	000002a0	00000113	addi	x2,x0,0	  x0:0x00000000  x2=0x00000000
            562	       277	000002a4	666660b7	lui	x1,0x66666	  x1=0x66666000
            564	       278	000002a8	66608093	addi	x1,x1,1638	  x1:0x66666000  x1=0x66666666
            638	       315	000002ac	021172b3	remu	x5,x2,x1	  x2:0x00000000  x1:0x66666666  x5=0x00000000
            642	       317	000002b0	0059aa23	sw	x5,20(x19)	 x19:0x00005010  x5:0x00000000 PA:0x00005024 store:0x00000000 load:0xffb00d13
            644	       318	000002b4	fff00093	addi	x1,x0,-1	  x0:0x00000000  x1=0xffffffff
            646	       319	000002b8	ffb00d13	addi	x26,x0,-5	  x0:0x00000000 x26=0xfffffffb
            720	       356	000002bc	03a0f7b3	remu	x15,x1,x26	  x1:0xffffffff x26:0xfffffffb x15=0x00000004
            724	       358	000002c0	00f9ac23	sw	x15,24(x19)	 x19:0x00005010 x15:0x00000004 PA:0x00005028 store:0x00000004 load:0xffff87b7
            726	       359	000002c4	00100e93	addi	x29,x0,1	  x0:0x00000000 x29=0x00000001
            728	       360	000002c8	ffff87b7	lui	x15,0xffff8	 x15=0xffff8000
            730	       361	000002cc	fff78793	addi	x15,x15,-1	 x15:0xffff8000 x15=0xffff7fff
            804	       398	000002d0	02fef033	remu	x0,x29,x15	 x29:0x00000001 x15:0xffff7fff  x0=0x00000000
            808	       400	000002d4	0009ae23	sw	x0,28(x19)	 x19:0x00005010  x0:0x00000000 PA:0x0000502c store:0x00000000 load:0x00200f93
            810	       401	000002d8	000017b7	lui	x15,0x1	 x15=0x00001000
            812	       402	000002dc	00200f93	addi	x31,x0,2	  x0:0x00000000 x31=0x00000002
            886	       439	000002e0	03f7fe33	remu	x28,x15,x31	 x15:0x00001000 x31:0x00000002 x28=0x00000000
            890	       441	000002e4	03c9a023	sw	x28,32(x19)	 x19:0x00005010 x28:0x00000000 PA:0x00005030 store:0x00000000 load:0x00400393
            892	       442	000002e8	200001b7	lui	x3,0x20000	  x3=0x20000000
            894	       443	000002ec	00400393	addi	x7,x0,4	  x0:0x00000000  x7=0x00000004
            968	       480	000002f0	0271fab3	remu	x21,x3,x7	  x3:0x20000000  x7:0x00000004 x21=0x00000000
            972	       482	000002f4	0359a223	sw	x21,36(x19)	 x19:0x00005010 x21:0x00000000 PA:0x00005034 store:0x00000000 load:0x00800593
            974	       483	000002f8	00d00293	addi	x5,x0,13	  x0:0x00000000  x5=0x0000000d
            976	       484	000002fc	00800593	addi	x11,x0,8	  x0:0x00000000 x11=0x00000008
           1050	       521	00000300	02b2fa33	remu	x20,x5,x11	  x5:0x0000000d x11:0x00000008 x20=0x00000005
           1054	       523	00000304	0349a423	sw	x20,40(x19)	 x19:0x00005010 x20:0x00000005 PA:0x00005038 store:0x00000005 load:0x01000413
           1056	       524	00000308	00600f13	addi	x30,x0,6	  x0:0x00000000 x30=0x00000006
           1058	       525	0000030c	01000413	addi	x8,x0,16	  x0:0x00000000  x8=0x00000010
           1132	       562	00000310	028f7fb3	remu	x31,x30,x8	 x30:0x00000006  x8:0x00000010 x31=0x00000006
           1136	       564	00000314	03f9a623	sw	x31,44(x19)	 x19:0x00005010 x31:0x00000006 PA:0x0000503c store:0x00000006 load:0x02000293
           1138	       565	00000318	00f00613	addi	x12,x0,15	  x0:0x00000000 x12=0x0000000f
           1140	       566	0000031c	02000293	addi	x5,x0,32	  x0:0x00000000  x5=0x00000020
           1214	       603	00000320	025674b3	remu	x9,x12,x5	 x12:0x0000000f  x5:0x00000020  x9=0x0000000f
           1218	       605	00000324	0299a823	sw	x9,48(x19)	 x19:0x00005010  x9:0x0000000f PA:0x00005040 store:0x0000000f load:0xffff8f93
           1220	       606	00000328	ff800fb7	lui	x31,0xff800	 x31=0xff800000
           1222	       607	0000032c	ffff8f93	addi	x31,x31,-1	 x31:0xff800000 x31=0xff7fffff
           1224	       608	00000330	04000213	addi	x4,x0,64	  x0:0x00000000  x4=0x00000040
           1298	       645	00000334	024ff5b3	remu	x11,x31,x4	 x31:0xff7fffff  x4:0x00000040 x11=0x0000003f
           1302	       647	00000338	02b9aa23	sw	x11,52(x19)	 x19:0x00005010 x11:0x0000003f PA:0x00005044 store:0x0000003f load:0x08000513
           1304	       648	0000033c	04000d93	addi	x27,x0,64	  x0:0x00000000 x27=0x00000040
           1306	       649	00000340	08000513	addi	x10,x0,128	  x0:0x00000000 x10=0x00000080
           1380	       686	00000344	02adf733	remu	x14,x27,x10	 x27:0x00000040 x10:0x00000080 x14=0x00000040
           1384	       688	00000348	02e9ac23	sw	x14,56(x19)	 x19:0x00005010 x14:0x00000040 PA:0x00005048 store:0x00000040 load:0x10000713
           1386	       689	0000034c	10000c93	addi	x25,x0,256	  x0:0x00000000 x25=0x00000100
           1388	       690	00000350	10000713	addi	x14,x0,256	  x0:0x00000000 x14=0x00000100
           1462	       727	00000354	02ecf6b3	remu	x13,x25,x14	 x25:0x00000100 x14:0x00000100 x13=0x00000000
           1466	       729	00000358	02d9ae23	sw	x13,60(x19)	 x19:0x00005010 x13:0x00000000 PA:0x0000504c store:0x00000000 load:0x00000013
           1468	       730	0000035c	00a00913	addi	x18,x0,10	  x0:0x00000000 x18=0x0000000a
           1470	       731	00000360	00000013	addi	x0,x0,0	  x0:0x00000000  x0=0x00000000
           1474	       733	00000364	02097b33	remu	x22,x18,x0	 x18:0x0000000a  x0:0x00000000 x22=0x0000000a
           1478	       735	00000368	0569a023	sw	x22,64(x19)	 x19:0x00005010 x22:0x0000000a PA:0x00005050 store:0x0000000a load:0xce828293
           1480	       736	0000036c	00005297	auipc	x5,0x5	  x5=0x0000536c
           1482	       737	00000370	ce828293	addi	x5,x5,-792	  x5:0x0000536c  x5=0x00005054
           1484	       738	00000374	0000bb37	lui	x22,0xb	 x22=0x0000b000
           1486	       739	00000378	503b0b13	addi	x22,x22,1283	 x22:0x0000b000 x22=0x0000b503
           1488	       740	0000037c	40000613	addi	x12,x0,1024	  x0:0x00000000 x12=0x00000400
           1562	       777	00000380	02cb71b3	remu	x3,x22,x12	 x22:0x0000b503 x12:0x00000400  x3=0x00000103
           1566	       779	00000384	0032a023	sw	x3,0(x5)	  x5:0x00005054  x3:0x00000103 PA:0x00005054 store:0x00000103 load:0x000011b7
           1568	       780	00000388	ffb00993	addi	x19,x0,-5	  x0:0x00000000 x19=0xfffffffb
           1570	       781	0000038c	000011b7	lui	x3,0x1	  x3=0x00001000
           1572	       782	00000390	80018193	addi	x3,x3,-2048	  x3:0x00001000  x3=0x00000800
           1646	       819	00000394	0239fc33	remu	x24,x19,x3	 x19:0xfffffffb  x3:0x00000800 x24=0x000007fb
           1650	       821	00000398	0182a223	sw	x24,4(x5)	  x5:0x00005054 x24:0x000007fb PA:0x00005058 store:0x000007fb load:0x000018b7
           1652	       822	0000039c	00000013	addi	x0,x0,0	  x0:0x00000000  x0=0x00000000
           1654	       823	000003a0	000018b7	lui	x17,0x1	 x17=0x00001000
           1728	       860	000003a4	031079b3	remu	x19,x0,x17	  x0:0x00000000 x17:0x00001000 x19=0x00000000
           1732	       862	000003a8	0132a423	sw	x19,8(x5)	  x5:0x00005054 x19:0x00000000 PA:0x0000505c store:0x00000000 load:0x00002e37
           1734	       863	000003ac	000015b7	lui	x11,0x1	 x11=0x00001000
           1736	       864	000003b0	00002e37	lui	x28,0x2	 x28=0x00002000
           1810	       901	000003b4	03c5fbb3	remu	x23,x11,x28	 x11:0x00001000 x28:0x00002000 x23=0x00001000
           1814	       903	000003b8	0172a623	sw	x23,12(x5)	  x5:0x00005054 x23:0x00001000 PA:0x00005060 store:0x00001000 load:0x00004db7
           1816	       904	000003bc	00040a37	lui	x20,0x40	 x20=0x00040000
           1818	       905	000003c0	00004db7	lui	x27,0x4	 x27=0x00004000
           1892	       942	000003c4	03ba7933	remu	x18,x20,x27	 x20:0x00040000 x27:0x00004000 x18=0x00000000
           1896	       944	000003c8	0122a823	sw	x18,16(x5)	  x5:0x00005054 x18:0x00000000 PA:0x00005064 store:0x00000000 load:0x80070713
           1898	       945	000003cc	00001737	lui	x14,0x1	 x14=0x00001000
           1900	       946	000003d0	80070713	addi	x14,x14,-2048	 x14:0x00001000 x14=0x00000800
           1902	       947	000003d4	000086b7	lui	x13,0x8	 x13=0x00008000
           1976	       984	000003d8	02d770b3	remu	x1,x14,x13	 x14:0x00000800 x13:0x00008000  x1=0x00000800
           1980	       986	000003dc	0012aa23	sw	x1,20(x5)	  x5:0x00005054  x1:0x00000800 PA:0x00005068 store:0x00000800 load:0x00010f37
           1982	       987	000003e0	10000337	lui	x6,0x10000	  x6=0x10000000
           1984	       988	000003e4	00010f37	lui	x30,0x10	 x30=0x00010000
           2058	      1025	000003e8	03e37d33	remu	x26,x6,x30	  x6:0x10000000 x30:0x00010000 x26=0x00000000
           2062	      1027	000003ec	01a2ac23	sw	x26,24(x5)	  x5:0x00005054 x26:0x00000000 PA:0x0000506c store:0x00000000 load:0x00020a37
           2064	      1028	000003f0	00400b93	addi	x23,x0,4	  x0:0x00000000 x23=0x00000004
           2066	      1029	000003f4	00020a37	lui	x20,0x20	 x20=0x00020000
           2140	      1066	000003f8	034bf633	remu	x12,x23,x20	 x23:0x00000004 x20:0x00020000 x12=0x00000004
           2144	      1068	000003fc	00c2ae23	sw	x12,28(x5)	  x5:0x00005054 x12:0x00000004 PA:0x00005070 store:0x00000004 load:0x00040eb7
           2146	      1069	00000400	002006b7	lui	x13,0x200	 x13=0x00200000
           2148	      1070	00000404	00040eb7	lui	x29,0x40	 x29=0x00040000
           2222	      1107	00000408	03d6f133	remu	x2,x13,x29	 x13:0x00200000 x29:0x00040000  x2=0x00000000
           2226	      1109	0000040c	0222a023	sw	x2,32(x5)	  x5:0x00005054  x2:0x00000000 PA:0x00005074 store:0x00000000 load:0x00080cb7
           2228	      1110	00000410	04000e13	addi	x28,x0,64	  x0:0x00000000 x28=0x00000040
           2230	      1111	00000414	00080cb7	lui	x25,0x80	 x25=0x00080000
           2304	      1148	00000418	039e7433	remu	x8,x28,x25	 x28:0x00000040 x25:0x00080000  x8=0x00000040
           2308	      1150	0000041c	0282a223	sw	x8,36(x5)	  x5:0x00005054  x8:0x00000040 PA:0x00005078 store:0x00000040 load:0x00100bb7
           2310	      1151	00000420	00000c13	addi	x24,x0,0	  x0:0x00000000 x24=0x00000000
           2312	      1152	00000424	00100bb7	lui	x23,0x100	 x23=0x00100000
           2386	      1189	00000428	037c78b3	remu	x17,x24,x23	 x24:0x00000000 x23:0x00100000 x17=0x00000000
           2390	      1191	0000042c	0312a423	sw	x17,40(x5)	  x5:0x00005054 x17:0x00000000 PA:0x0000507c store:0x00000000 load:0x55450513
           2392	      1192	00000430	55555537	lui	x10,0x55555	 x10=0x55555000
           2394	      1193	00000434	55450513	addi	x10,x10,1364	 x10:0x55555000 x10=0x55555554
           2396	      1194	00000438	00200937	lui	x18,0x200	 x18=0x00200000
           2470	      1231	0000043c	03257eb3	remu	x29,x10,x18	 x10:0x55555554 x18:0x00200000 x29=0x00155554
           2474	      1233	00000440	03d2a623	sw	x29,44(x5)	  x5:0x00005054 x29:0x00155554 PA:0x00005080 store:0x00155554 load:0x00400c37
           2476	      1234	00000444	ffe00a93	addi	x21,x0,-2	  x0:0x00000000 x21=0xfffffffe
           2478	      1235	00000448	00400c37	lui	x24,0x400	 x24=0x00400000
           2552	      1272	0000044c	038afdb3	remu	x27,x21,x24	 x21:0xfffffffe x24:0x00400000 x27=0x003ffffe
           2556	      1274	00000450	03b2a823	sw	x27,48(x5)	  x5:0x00005054 x27:0x003ffffe PA:0x00005084 store:0x003ffffe load:0x010009b7
           2558	      1275	00000454	02000213	addi	x4,x0,32	  x0:0x00000000  x4=0x00000020
           2560	      1276	00000458	010009b7	lui	x19,0x1000	 x19=0x01000000
           2634	      1313	0000045c	03327533	remu	x10,x4,x19	  x4:0x00000020 x19:0x01000000 x10=0x00000020
           2638	      1315	00000460	02a2aa23	sw	x10,52(x5)	  x5:0x00005054 x10:0x00000020 PA:0x00005088 store:0x00000020 load:0x02000b37
           2640	      1316	00000464	00000413	addi	x8,x0,0	  x0:0x00000000  x8=0x00000000
           2642	      1317	00000468	02000b37	lui	x22,0x2000	 x22=0x02000000
           2716	      1354	0000046c	03647233	remu	x4,x8,x22	  x8:0x00000000 x22:0x02000000  x4=0x00000000
           2720	      1356	00000470	0242ac23	sw	x4,56(x5)	  x5:0x00005054  x4:0x00000000 PA:0x0000508c store:0x00000000 load:0xaaa50513
           2722	      1357	00000474	aaaab537	lui	x10,0xaaaab	 x10=0xaaaab000
           2724	      1358	00000478	aaa50513	addi	x10,x10,-1366	 x10:0xaaaab000 x10=0xaaaaaaaa
           2726	      1359	0000047c	040005b7	lui	x11,0x4000	 x11=0x04000000
           2800	      1396	00000480	02b57633	remu	x12,x10,x11	 x10:0xaaaaaaaa x11:0x04000000 x12=0x02aaaaaa
           2804	      1398	00000484	02c2ae23	sw	x12,60(x5)	  x5:0x00005054 x12:0x02aaaaaa PA:0x00005090 store:0x02aaaaaa load:0xfff50513
           2806	      1399	00000488	ffff8537	lui	x10,0xffff8	 x10=0xffff8000
           2808	      1400	0000048c	fff50513	addi	x10,x10,-1	 x10:0xffff8000 x10=0xffff7fff
           2810	      1401	00000490	080005b7	lui	x11,0x8000	 x11=0x08000000
           2884	      1438	00000494	02b57633	remu	x12,x10,x11	 x10:0xffff7fff x11:0x08000000 x12=0x07ff7fff
           2888	      1440	00000498	04c2a023	sw	x12,64(x5)	  x5:0x00005054 x12:0x07ff7fff PA:0x00005094 store:0x07ff7fff load:0xfff50513
           2890	      1441	0000049c	fe000537	lui	x10,0xfe000	 x10=0xfe000000
           2892	      1442	000004a0	fff50513	addi	x10,x10,-1	 x10:0xfe000000 x10=0xfdffffff
           2894	      1443	000004a4	100005b7	lui	x11,0x10000	 x11=0x10000000
           2968	      1480	000004a8	02b57633	remu	x12,x10,x11	 x10:0xfdffffff x11:0x10000000 x12=0x0dffffff
           2972	      1482	000004ac	04c2a223	sw	x12,68(x5)	  x5:0x00005054 x12:0x0dffffff PA:0x00005098 store:0x0dffffff load:0xfff50513
           2974	      1483	000004b0	f8000537	lui	x10,0xf8000	 x10=0xf8000000
           2976	      1484	000004b4	fff50513	addi	x10,x10,-1	 x10:0xf8000000 x10=0xf7ffffff
           2978	      1485	000004b8	200005b7	lui	x11,0x20000	 x11=0x20000000
           3052	      1522	000004bc	02b57633	remu	x12,x10,x11	 x10:0xf7ffffff x11:0x20000000 x12=0x17ffffff
           3056	      1524	000004c0	04c2a423	sw	x12,72(x5)	  x5:0x00005054 x12:0x17ffffff PA:0x0000509c store:0x17ffffff load:0x400005b7
           3058	      1525	000004c4	00000513	addi	x10,x0,0	  x0:0x00000000 x10=0x00000000
           3060	      1526	000004c8	400005b7	lui	x11,0x40000	 x11=0x40000000
           3134	      1563	000004cc	02b57633	remu	x12,x10,x11	 x10:0x00000000 x11:0x40000000 x12=0x00000000
           3138	      1565	000004d0	04c2a623	sw	x12,76(x5)	  x5:0x00005054 x12:0x00000000 PA:0x000050a0 store:0x00000000 load:0x800005b7
           3140	      1566	000004d4	00b00513	addi	x10,x0,11	  x0:0x00000000 x10=0x0000000b
           3142	      1567	000004d8	800005b7	lui	x11,0x80000	 x11=0x80000000
           3216	      1604	000004dc	02b57633	remu	x12,x10,x11	 x10:0x0000000b x11:0x80000000 x12=0x0000000b
           3220	      1606	000004e0	04c2a823	sw	x12,80(x5)	  x5:0x00005054 x12:0x0000000b PA:0x000050a4 store:0x0000000b load:0xffe00593
           3222	      1607	000004e4	00080537	lui	x10,0x80	 x10=0x00080000
           3224	      1608	000004e8	ffe00593	addi	x11,x0,-2	  x0:0x00000000 x11=0xfffffffe
           3298	      1645	000004ec	02b57633	remu	x12,x10,x11	 x10:0x00080000 x11:0xfffffffe x12=0x00080000
           3302	      1647	000004f0	04c2aa23	sw	x12,84(x5)	  x5:0x00005054 x12:0x00080000 PA:0x000050a8 store:0x00080000 load:0xffd00593
           3304	      1648	000004f4	fbf00513	addi	x10,x0,-65	  x0:0x00000000 x10=0xffffffbf
           3306	      1649	000004f8	ffd00593	addi	x11,x0,-3	  x0:0x00000000 x11=0xfffffffd
           3380	      1686	000004fc	02b57633	remu	x12,x10,x11	 x10:0xffffffbf x11:0xfffffffd x12=0xffffffbf
           3384	      1688	00000500	04c2ac23	sw	x12,88(x5)	  x5:0x00005054 x12:0xffffffbf PA:0x000050ac store:0xffffffbf load:0xfff50513
           3386	      1689	00000504	ffc00537	lui	x10,0xffc00	 x10=0xffc00000
           3388	      1690	00000508	fff50513	addi	x10,x10,-1	 x10:0xffc00000 x10=0xffbfffff
           3390	      1691	0000050c	ff700593	addi	x11,x0,-9	  x0:0x00000000 x11=0xfffffff7
           3464	      1728	00000510	02b57633	remu	x12,x10,x11	 x10:0xffbfffff x11:0xfffffff7 x12=0xffbfffff
           3468	      1730	00000514	04c2ae23	sw	x12,92(x5)	  x5:0x00005054 x12:0xffbfffff PA:0x000050b0 store:0xffbfffff load:0xfff50513
           3470	      1731	00000518	f0000537	lui	x10,0xf0000	 x10=0xf0000000
           3472	      1732	0000051c	fff50513	addi	x10,x10,-1	 x10:0xf0000000 x10=0xefffffff
           3474	      1733	00000520	fef00593	addi	x11,x0,-17	  x0:0x00000000 x11=0xffffffef
           3548	      1770	00000524	02b57633	remu	x12,x10,x11	 x10:0xefffffff x11:0xffffffef x12=0xefffffff
           3552	      1772	00000528	06c2a023	sw	x12,96(x5)	  x5:0x00005054 x12:0xefffffff PA:0x000050b4 store:0xefffffff load:0xfff50513
           3554	      1773	0000052c	80000537	lui	x10,0x80000	 x10=0x80000000
           3556	      1774	00000530	fff50513	addi	x10,x10,-1	 x10:0x80000000 x10=0x7fffffff
           3558	      1775	00000534	fdf00593	addi	x11,x0,-33	  x0:0x00000000 x11=0xffffffdf
           3632	      1812	00000538	02b57633	remu	x12,x10,x11	 x10:0x7fffffff x11:0xffffffdf x12=0x7fffffff
           3636	      1814	0000053c	06c2a223	sw	x12,100(x5)	  x5:0x00005054 x12:0x7fffffff PA:0x000050b8 store:0x7fffffff load:0xfbf00593
           3638	      1815	00000540	00200513	addi	x10,x0,2	  x0:0x00000000 x10=0x00000002
           3640	      1816	00000544	fbf00593	addi	x11,x0,-65	  x0:0x00000000 x11=0xffffffbf
           3714	      1853	00000548	02b57633	remu	x12,x10,x11	 x10:0x00000002 x11:0xffffffbf x12=0x00000002
           3718	      1855	0000054c	06c2a423	sw	x12,104(x5)	  x5:0x00005054 x12:0x00000002 PA:0x000050bc store:0x00000002 load:0xf7f00593
           3720	      1856	00000550	00100537	lui	x10,0x100	 x10=0x00100000
           3722	      1857	00000554	f7f00593	addi	x11,x0,-129	  x0:0x00000000 x11=0xffffff7f
           3796	      1894	00000558	02b57633	remu	x12,x10,x11	 x10:0x00100000 x11:0xffffff7f x12=0x00100000
           3800	      1896	0000055c	06c2a623	sw	x12,108(x5)	  x5:0x00005054 x12:0x00100000 PA:0x000050c0 store:0x00100000 load:0xfff50513
           3802	      1897	00000560	ffe00537	lui	x10,0xffe00	 x10=0xffe00000
           3804	      1898	00000564	fff50513	addi	x10,x10,-1	 x10:0xffe00000 x10=0xffdfffff
           3806	      1899	00000568	eff00593	addi	x11,x0,-257	  x0:0x00000000 x11=0xfffffeff
           3880	      1936	0000056c	02b57633	remu	x12,x10,x11	 x10:0xffdfffff x11:0xfffffeff x12=0xffdfffff
           3884	      1938	00000570	06c2a823	sw	x12,112(x5)	  x5:0x00005054 x12:0xffdfffff PA:0x000050c4 store:0xffdfffff load:0x50550513
           3886	      1939	00000574	0000b537	lui	x10,0xb	 x10=0x0000b000
           3888	      1940	00000578	50550513	addi	x10,x10,1285	 x10:0x0000b000 x10=0x0000b505
           3890	      1941	0000057c	dff00593	addi	x11,x0,-513	  x0:0x00000000 x11=0xfffffdff
           3964	      1978	00000580	02b57633	remu	x12,x10,x11	 x10:0x0000b505 x11:0xfffffdff x12=0x0000b505
           3968	      1980	00000584	06c2aa23	sw	x12,116(x5)	  x5:0x00005054 x12:0x0000b505 PA:0x000050c8 store:0x0000b505 load:0xfff50513
           3970	      1981	00000588	f0000537	lui	x10,0xf0000	 x10=0xf0000000
           3972	      1982	0000058c	fff50513	addi	x10,x10,-1	 x10:0xf0000000 x10=0xefffffff
           3974	      1983	00000590	bff00593	addi	x11,x0,-1025	  x0:0x00000000 x11=0xfffffbff
           4048	      2020	00000594	02b57633	remu	x12,x10,x11	 x10:0xefffffff x11:0xfffffbff x12=0xefffffff
           4052	      2022	00000598	06c2ac23	sw	x12,120(x5)	  x5:0x00005054 x12:0xefffffff PA:0x000050cc store:0xefffffff load:0xfff50513
           4054	      2023	0000059c	c0000537	lui	x10,0xc0000	 x10=0xc0000000
           4056	      2024	000005a0	fff50513	addi	x10,x10,-1	 x10:0xc0000000 x10=0xbfffffff
           4058	      2025	000005a4	fffff5b7	lui	x11,0xfffff	 x11=0xfffff000
           4060	      2026	000005a8	7ff58593	addi	x11,x11,2047	 x11:0xfffff000 x11=0xfffff7ff
           4134	      2063	000005ac	02b57633	remu	x12,x10,x11	 x10:0xbfffffff x11:0xfffff7ff x12=0xbfffffff
           4138	      2065	000005b0	06c2ae23	sw	x12,124(x5)	  x5:0x00005054 x12:0xbfffffff PA:0x000050d0 store:0xbfffffff load:0xfffff5b7
           4140	      2066	000005b4	40000513	addi	x10,x0,1024	  x0:0x00000000 x10=0x00000400
           4142	      2067	000005b8	fffff5b7	lui	x11,0xfffff	 x11=0xfffff000
           4144	      2068	000005bc	fff58593	addi	x11,x11,-1	 x11:0xfffff000 x11=0xffffefff
           4218	      2105	000005c0	02b57633	remu	x12,x10,x11	 x10:0x00000400 x11:0xffffefff x12=0x00000400
           4222	      2107	000005c4	08c2a023	sw	x12,128(x5)	  x5:0x00005054 x12:0x00000400 PA:0x000050d4 store:0x00000400 load:0x33450513
           4224	      2108	000005c8	33333537	lui	x10,0x33333	 x10=0x33333000
           4226	      2109	000005cc	33450513	addi	x10,x10,820	 x10:0x33333000 x10=0x33333334
           4228	      2110	000005d0	ffffe5b7	lui	x11,0xffffe	 x11=0xffffe000
           4230	      2111	000005d4	fff58593	addi	x11,x11,-1	 x11:0xffffe000 x11=0xffffdfff
           4304	      2148	000005d8	02b57633	remu	x12,x10,x11	 x10:0x33333334 x11:0xffffdfff x12=0x33333334
           4308	      2150	000005dc	08c2a223	sw	x12,132(x5)	  x5:0x00005054 x12:0x33333334 PA:0x000050d8 store:0x33333334 load:0xffffc5b7
           4310	      2151	000005e0	00400513	addi	x10,x0,4	  x0:0x00000000 x10=0x00000004
           4312	      2152	000005e4	ffffc5b7	lui	x11,0xffffc	 x11=0xffffc000
           4314	      2153	000005e8	fff58593	addi	x11,x11,-1	 x11:0xffffc000 x11=0xffffbfff
           4388	      2190	000005ec	02b57633	remu	x12,x10,x11	 x10:0x00000004 x11:0xffffbfff x12=0x00000004
           4392	      2192	000005f0	08c2a423	sw	x12,136(x5)	  x5:0x00005054 x12:0x00000004 PA:0x000050dc store:0x00000004 load:0xffff05b7
           4394	      2193	000005f4	00500513	addi	x10,x0,5	  x0:0x00000000 x10=0x00000005
           4396	      2194	000005f8	ffff05b7	lui	x11,0xffff0	 x11=0xffff0000
           4398	      2195	000005fc	fff58593	addi	x11,x11,-1	 x11:0xffff0000 x11=0xfffeffff
           4472	      2232	00000600	02b57633	remu	x12,x10,x11	 x10:0x00000005 x11:0xfffeffff x12=0x00000005
           4476	      2234	00000604	08c2a623	sw	x12,140(x5)	  x5:0x00005054 x12:0x00000005 PA:0x000050e0 store:0x00000005 load:0xfffe05b7
           4478	      2235	00000608	00002537	lui	x10,0x2	 x10=0x00002000
           4480	      2236	0000060c	fffe05b7	lui	x11,0xfffe0	 x11=0xfffe0000
           4482	      2237	00000610	fff58593	addi	x11,x11,-1	 x11:0xfffe0000 x11=0xfffdffff
           4556	      2274	00000614	02b57633	remu	x12,x10,x11	 x10:0x00002000 x11:0xfffdffff x12=0x00002000
           4560	      2276	00000618	08c2a823	sw	x12,144(x5)	  x5:0x00005054 x12:0x00002000 PA:0x000050e4 store:0x00002000 load:0x50550513
           4562	      2277	0000061c	0000b537	lui	x10,0xb	 x10=0x0000b000
           4564	      2278	00000620	50550513	addi	x10,x10,1285	 x10:0x0000b000 x10=0x0000b505
           4566	      2279	00000624	fffc05b7	lui	x11,0xfffc0	 x11=0xfffc0000
           4568	      2280	00000628	fff58593	addi	x11,x11,-1	 x11:0xfffc0000 x11=0xfffbffff
           4642	      2317	0000062c	02b57633	remu	x12,x10,x11	 x10:0x0000b505 x11:0xfffbffff x12=0x0000b505
           4646	      2319	00000630	08c2aa23	sw	x12,148(x5)	  x5:0x00005054 x12:0x0000b505 PA:0x000050e8 store:0x0000b505 load:0x66650513
           4648	      2320	00000634	66666537	lui	x10,0x66666	 x10=0x66666000
           4650	      2321	00000638	66650513	addi	x10,x10,1638	 x10:0x66666000 x10=0x66666666
           4652	      2322	0000063c	fff805b7	lui	x11,0xfff80	 x11=0xfff80000
           4654	      2323	00000640	fff58593	addi	x11,x11,-1	 x11:0xfff80000 x11=0xfff7ffff
           4728	      2360	00000644	02b57633	remu	x12,x10,x11	 x10:0x66666666 x11:0xfff7ffff x12=0x66666666
           4732	      2362	00000648	08c2ac23	sw	x12,152(x5)	  x5:0x00005054 x12:0x66666666 PA:0x000050ec store:0x66666666 load:0xfff005b7
           4734	      2363	0000064c	00040537	lui	x10,0x40	 x10=0x00040000
           4736	      2364	00000650	fff005b7	lui	x11,0xfff00	 x11=0xfff00000
           4738	      2365	00000654	fff58593	addi	x11,x11,-1	 x11:0xfff00000 x11=0xffefffff
           4812	      2402	00000658	02b57633	remu	x12,x10,x11	 x10:0x00040000 x11:0xffefffff x12=0x00040000
           4816	      2404	0000065c	08c2ae23	sw	x12,156(x5)	  x5:0x00005054 x12:0x00040000 PA:0x000050f0 store:0x00040000 load:0xffe005b7
           4818	      2405	00000660	01200513	addi	x10,x0,18	  x0:0x00000000 x10=0x00000012
           4820	      2406	00000664	ffe005b7	lui	x11,0xffe00	 x11=0xffe00000
           4822	      2407	00000668	fff58593	addi	x11,x11,-1	 x11:0xffe00000 x11=0xffdfffff
           4896	      2444	0000066c	02b57633	remu	x12,x10,x11	 x10:0x00000012 x11:0xffdfffff x12=0x00000012
           4900	      2446	00000670	0ac2a023	sw	x12,160(x5)	  x5:0x00005054 x12:0x00000012 PA:0x000050f4 store:0x00000012 load:0xfff50513
           4902	      2447	00000674	fff00537	lui	x10,0xfff00	 x10=0xfff00000
           4904	      2448	00000678	fff50513	addi	x10,x10,-1	 x10:0xfff00000 x10=0xffefffff
           4906	      2449	0000067c	ffc005b7	lui	x11,0xffc00	 x11=0xffc00000
           4908	      2450	00000680	fff58593	addi	x11,x11,-1	 x11:0xffc00000 x11=0xffbfffff
           4982	      2487	00000684	02b57633	remu	x12,x10,x11	 x10:0xffefffff x11:0xffbfffff x12=0x00300000
           4986	      2489	00000688	0ac2a223	sw	x12,164(x5)	  x5:0x00005054 x12:0x00300000 PA:0x000050f8 store:0x00300000 load:0xff8005b7
           4988	      2490	0000068c	00800513	addi	x10,x0,8	  x0:0x00000000 x10=0x00000008
           4990	      2491	00000690	ff8005b7	lui	x11,0xff800	 x11=0xff800000
           4992	      2492	00000694	fff58593	addi	x11,x11,-1	 x11:0xff800000 x11=0xff7fffff
           5066	      2529	00000698	02b57633	remu	x12,x10,x11	 x10:0x00000008 x11:0xff7fffff x12=0x00000008
           5070	      2531	0000069c	0ac2a423	sw	x12,168(x5)	  x5:0x00005054 x12:0x00000008 PA:0x000050fc store:0x00000008 load:0xff0005b7
           5072	      2532	000006a0	10000537	lui	x10,0x10000	 x10=0x10000000
           5074	      2533	000006a4	ff0005b7	lui	x11,0xff000	 x11=0xff000000
           5076	      2534	000006a8	fff58593	addi	x11,x11,-1	 x11:0xff000000 x11=0xfeffffff
           5150	      2571	000006ac	02b57633	remu	x12,x10,x11	 x10:0x10000000 x11:0xfeffffff x12=0x10000000
           5154	      2573	000006b0	0ac2a623	sw	x12,172(x5)	  x5:0x00005054 x12:0x10000000 PA:0x00005100 store:0x10000000 load:0xfe0005b7
           5156	      2574	000006b4	80000537	lui	x10,0x80000	 x10=0x80000000
           5158	      2575	000006b8	fe0005b7	lui	x11,0xfe000	 x11=0xfe000000
           5160	      2576	000006bc	fff58593	addi	x11,x11,-1	 x11:0xfe000000 x11=0xfdffffff
           5234	      2613	000006c0	02b57633	remu	x12,x10,x11	 x10:0x80000000 x11:0xfdffffff x12=0x80000000
           5238	      2615	000006c4	0ac2a823	sw	x12,176(x5)	  x5:0x00005054 x12:0x80000000 PA:0x00005104 store:0x80000000 load:0x66550513
           5240	      2616	000006c8	66666537	lui	x10,0x66666	 x10=0x66666000
           5242	      2617	000006cc	66550513	addi	x10,x10,1637	 x10:0x66666000 x10=0x66666665
           5244	      2618	000006d0	fc0005b7	lui	x11,0xfc000	 x11=0xfc000000
           5246	      2619	000006d4	fff58593	addi	x11,x11,-1	 x11:0xfc000000 x11=0xfbffffff
           5320	      2656	000006d8	02b57633	remu	x12,x10,x11	 x10:0x66666665 x11:0xfbffffff x12=0x66666665
           5324	      2658	000006dc	0ac2aa23	sw	x12,180(x5)	  x5:0x00005054 x12:0x66666665 PA:0x00005108 store:0x66666665 load:0xf80005b7
           5326	      2659	000006e0	04000537	lui	x10,0x4000	 x10=0x04000000
           5328	      2660	000006e4	f80005b7	lui	x11,0xf8000	 x11=0xf8000000
           5330	      2661	000006e8	fff58593	addi	x11,x11,-1	 x11:0xf8000000 x11=0xf7ffffff
           5404	      2698	000006ec	02b57633	remu	x12,x10,x11	 x10:0x04000000 x11:0xf7ffffff x12=0x04000000
           5408	      2700	000006f0	0ac2ac23	sw	x12,184(x5)	  x5:0x00005054 x12:0x04000000 PA:0x0000510c store:0x04000000 load:0xf00005b7
           5410	      2701	000006f4	00080537	lui	x10,0x80	 x10=0x00080000
           5412	      2702	000006f8	f00005b7	lui	x11,0xf0000	 x11=0xf0000000
           5414	      2703	000006fc	fff58593	addi	x11,x11,-1	 x11:0xf0000000 x11=0xefffffff
           5488	      2740	00000700	02b57633	remu	x12,x10,x11	 x10:0x00080000 x11:0xefffffff x12=0x00080000
           5492	      2742	00000704	0ac2ae23	sw	x12,188(x5)	  x5:0x00005054 x12:0x00080000 PA:0x00005110 store:0x00080000 load:0xaab50513
           5494	      2743	00000708	aaaab537	lui	x10,0xaaaab	 x10=0xaaaab000
           5496	      2744	0000070c	aab50513	addi	x10,x10,-1365	 x10:0xaaaab000 x10=0xaaaaaaab
           5498	      2745	00000710	e00005b7	lui	x11,0xe0000	 x11=0xe0000000
           5500	      2746	00000714	fff58593	addi	x11,x11,-1	 x11:0xe0000000 x11=0xdfffffff
           5574	      2783	00000718	02b57633	remu	x12,x10,x11	 x10:0xaaaaaaab x11:0xdfffffff x12=0xaaaaaaab
           5578	      2785	0000071c	0cc2a023	sw	x12,192(x5)	  x5:0x00005054 x12:0xaaaaaaab PA:0x00005114 store:0xaaaaaaab load:0x800005b7
           5580	      2786	00000720	01200513	addi	x10,x0,18	  x0:0x00000000 x10=0x00000012
           5582	      2787	00000724	800005b7	lui	x11,0x80000	 x11=0x80000000
           5584	      2788	00000728	fff58593	addi	x11,x11,-1	 x11:0x80000000 x11=0x7fffffff
           5658	      2825	0000072c	02b57633	remu	x12,x10,x11	 x10:0x00000012 x11:0x7fffffff x12=0x00000012
           5662	      2827	00000730	0cc2a223	sw	x12,196(x5)	  x5:0x00005054 x12:0x00000012 PA:0x00005118 store:0x00000012 load:0x555555b7
           5664	      2828	00000734	00080537	lui	x10,0x80	 x10=0x00080000
           5666	      2829	00000738	555555b7	lui	x11,0x55555	 x11=0x55555000
           5668	      2830	0000073c	55558593	addi	x11,x11,1365	 x11:0x55555000 x11=0x55555555
           5742	      2867	00000740	02b57633	remu	x12,x10,x11	 x10:0x00080000 x11:0x55555555 x12=0x00080000
           5746	      2869	00000744	0cc2a423	sw	x12,200(x5)	  x5:0x00005054 x12:0x00080000 PA:0x0000511c store:0x00080000 load:0xaaaab5b7
           5748	      2870	00000748	00100537	lui	x10,0x100	 x10=0x00100000
           5750	      2871	0000074c	aaaab5b7	lui	x11,0xaaaab	 x11=0xaaaab000
           5752	      2872	00000750	aaa58593	addi	x11,x11,-1366	 x11:0xaaaab000 x11=0xaaaaaaaa
           5826	      2909	00000754	02b57633	remu	x12,x10,x11	 x10:0x00100000 x11:0xaaaaaaaa x12=0x00100000
           5830	      2911	00000758	0cc2a623	sw	x12,204(x5)	  x5:0x00005054 x12:0x00100000 PA:0x00005120 store:0x00100000 load:0x200005b7
           5832	      2912	0000075c	01000513	addi	x10,x0,16	  x0:0x00000000 x10=0x00000010
           5834	      2913	00000760	200005b7	lui	x11,0x20000	 x11=0x20000000
           5908	      2950	00000764	02b57633	remu	x12,x10,x11	 x10:0x00000010 x11:0x20000000 x12=0x00000010
           5912	      2952	00000768	0cc2a823	sw	x12,208(x5)	  x5:0x00005054 x12:0x00000010 PA:0x00005124 store:0x00000010 load:0xfff00593
           5914	      2953	0000076c	08000513	addi	x10,x0,128	  x0:0x00000000 x10=0x00000080
           5916	      2954	00000770	fff00593	addi	x11,x0,-1	  x0:0x00000000 x11=0xffffffff
           5990	      2991	00000774	02b57633	remu	x12,x10,x11	 x10:0x00000080 x11:0xffffffff x12=0x00000080
           5994	      2993	00000778	0cc2aa23	sw	x12,212(x5)	  x5:0x00005054 x12:0x00000080 PA:0x00005128 store:0x00000080 load:0x00400593
           5996	      2994	0000077c	20000513	addi	x10,x0,512	  x0:0x00000000 x10=0x00000200
           5998	      2995	00000780	00400593	addi	x11,x0,4	  x0:0x00000000 x11=0x00000004
           6072	      3032	00000784	02b57633	remu	x12,x10,x11	 x10:0x00000200 x11:0x00000004 x12=0x00000000
           6076	      3034	00000788	0cc2ac23	sw	x12,216(x5)	  x5:0x00005054 x12:0x00000000 PA:0x0000512c store:0x00000000 load:0xffffe5b7
           6078	      3035	0000078c	00004537	lui	x10,0x4	 x10=0x00004000
           6080	      3036	00000790	ffffe5b7	lui	x11,0xffffe	 x11=0xffffe000
           6082	      3037	00000794	fff58593	addi	x11,x11,-1	 x11:0xffffe000 x11=0xffffdfff
           6156	      3074	00000798	02b57633	remu	x12,x10,x11	 x10:0x00004000 x11:0xffffdfff x12=0x00004000
           6160	      3076	0000079c	0cc2ae23	sw	x12,220(x5)	  x5:0x00005054 x12:0x00004000 PA:0x00005130 store:0x00004000 load:0xe00005b7
           6162	      3077	000007a0	00008537	lui	x10,0x8	 x10=0x00008000
           6164	      3078	000007a4	e00005b7	lui	x11,0xe0000	 x11=0xe0000000
           6166	      3079	000007a8	fff58593	addi	x11,x11,-1	 x11:0xe0000000 x11=0xdfffffff
           6240	      3116	000007ac	02b57633	remu	x12,x10,x11	 x10:0x00008000 x11:0xdfffffff x12=0x00008000
           6244	      3118	000007b0	0ec2a023	sw	x12,224(x5)	  x5:0x00005054 x12:0x00008000 PA:0x00005134 store:0x00008000 load:0x333335b7
           6246	      3119	000007b4	00010537	lui	x10,0x10	 x10=0x00010000
           6248	      3120	000007b8	333335b7	lui	x11,0x33333	 x11=0x33333000
           6250	      3121	000007bc	33458593	addi	x11,x11,820	 x11:0x33333000 x11=0x33333334
           6324	      3158	000007c0	02b57633	remu	x12,x10,x11	 x10:0x00010000 x11:0x33333334 x12=0x00010000
           6328	      3160	000007c4	0ec2a223	sw	x12,228(x5)	  x5:0x00005054 x12:0x00010000 PA:0x00005138 store:0x00010000 load:0x000105b7
           6330	      3161	000007c8	00020537	lui	x10,0x20	 x10=0x00020000
           6332	      3162	000007cc	000105b7	lui	x11,0x10	 x11=0x00010000
           6406	      3199	000007d0	02b57633	remu	x12,x10,x11	 x10:0x00020000 x11:0x00010000 x12=0x00000000
           6410	      3201	000007d4	0ec2a423	sw	x12,232(x5)	  x5:0x00005054 x12:0x00000000 PA:0x0000513c store:0x00000000 load:0x00e00593
           6412	      3202	000007d8	00400537	lui	x10,0x400	 x10=0x00400000
           6414	      3203	000007dc	00e00593	addi	x11,x0,14	  x0:0x00000000 x11=0x0000000e
           6488	      3240	000007e0	02b57633	remu	x12,x10,x11	 x10:0x00400000 x11:0x0000000e x12=0x00000002
           6492	      3242	000007e4	0ec2a623	sw	x12,236(x5)	  x5:0x00005054 x12:0x00000002 PA:0x00005140 store:0x00000002 load:0x00f00593
           6494	      3243	000007e8	01000537	lui	x10,0x1000	 x10=0x01000000
           6496	      3244	000007ec	00f00593	addi	x11,x0,15	  x0:0x00000000 x11=0x0000000f
           6570	      3281	000007f0	02b57633	remu	x12,x10,x11	 x10:0x01000000 x11:0x0000000f x12=0x00000001
           6574	      3283	000007f4	0ec2a823	sw	x12,240(x5)	  x5:0x00005054 x12:0x00000001 PA:0x00005144 store:0x00000001 load:0xfffff5b7
           6576	      3284	000007f8	02000537	lui	x10,0x2000	 x10=0x02000000
           6578	      3285	000007fc	fffff5b7	lui	x11,0xfffff	 x11=0xfffff000
           6580	      3286	00000800	fff58593	addi	x11,x11,-1	 x11:0xfffff000 x11=0xffffefff
           6654	      3323	00000804	02b57633	remu	x12,x10,x11	 x10:0x02000000 x11:0xffffefff x12=0x02000000
           6658	      3325	00000808	0ec2aa23	sw	x12,244(x5)	  x5:0x00005054 x12:0x02000000 PA:0x00005148 store:0x02000000 load:0x00400593
           6660	      3326	0000080c	08000537	lui	x10,0x8000	 x10=0x08000000
           6662	      3327	00000810	00400593	addi	x11,x0,4	  x0:0x00000000 x11=0x00000004
           6736	      3364	00000814	02b57633	remu	x12,x10,x11	 x10:0x08000000 x11:0x00000004 x12=0x00000000
           6740	      3366	00000818	0ec2ac23	sw	x12,248(x5)	  x5:0x00005054 x12:0x00000000 PA:0x0000514c store:0x00000000 load:0x00400593
           6742	      3367	0000081c	40000537	lui	x10,0x40000	 x10=0x40000000
           6744	      3368	00000820	00400593	addi	x11,x0,4	  x0:0x00000000 x11=0x00000004
           6818	      3405	00000824	02b57633	remu	x12,x10,x11	 x10:0x40000000 x11:0x00000004 x12=0x00000000
           6822	      3407	00000828	0ec2ae23	sw	x12,252(x5)	  x5:0x00005054 x12:0x00000000 PA:0x00005150 store:0x00000000 load:0xbff00593
           6824	      3408	0000082c	ffd00513	addi	x10,x0,-3	  x0:0x00000000 x10=0xfffffffd
           6826	      3409	00000830	bff00593	addi	x11,x0,-1025	  x0:0x00000000 x11=0xfffffbff
           6900	      3446	00000834	02b57633	remu	x12,x10,x11	 x10:0xfffffffd x11:0xfffffbff x12=0x000003fe
           6904	      3448	00000838	10c2a023	sw	x12,256(x5)	  x5:0x00005054 x12:0x000003fe PA:0x00005154 store:0x000003fe load:0xe00005b7
           6906	      3449	0000083c	ff700513	addi	x10,x0,-9	  x0:0x00000000 x10=0xfffffff7
           6908	      3450	00000840	e00005b7	lui	x11,0xe0000	 x11=0xe0000000
           6910	      3451	00000844	fff58593	addi	x11,x11,-1	 x11:0xe0000000 x11=0xdfffffff
           6984	      3488	00000848	02b57633	remu	x12,x10,x11	 x10:0xfffffff7 x11:0xdfffffff x12=0x1ffffff8
           6988	      3490	0000084c	10c2a223	sw	x12,260(x5)	  x5:0x00005054 x12:0x1ffffff8 PA:0x00005158 store:0x1ffffff8 load:0x555555b7
           6990	      3491	00000850	fef00513	addi	x10,x0,-17	  x0:0x00000000 x10=0xffffffef
           6992	      3492	00000854	555555b7	lui	x11,0x55555	 x11=0x55555000
           6994	      3493	00000858	55558593	addi	x11,x11,1365	 x11:0x55555000 x11=0x55555555
           7068	      3530	0000085c	02b57633	remu	x12,x10,x11	 x10:0xffffffef x11:0x55555555 x12=0x55555545
           7072	      3532	00000860	10c2a423	sw	x12,264(x5)	  x5:0x00005054 x12:0x55555545 PA:0x0000515c store:0x55555545 load:0xffe005b7
           7074	      3533	00000864	fdf00513	addi	x10,x0,-33	  x0:0x00000000 x10=0xffffffdf
           7076	      3534	00000868	ffe005b7	lui	x11,0xffe00	 x11=0xffe00000
           7078	      3535	0000086c	fff58593	addi	x11,x11,-1	 x11:0xffe00000 x11=0xffdfffff
           7152	      3572	00000870	02b57633	remu	x12,x10,x11	 x10:0xffffffdf x11:0xffdfffff x12=0x001fffe0
           7156	      3574	00000874	10c2a623	sw	x12,268(x5)	  x5:0x00005054 x12:0x001fffe0 PA:0x00005160 store:0x001fffe0 load:0x010005b7
           7158	      3575	00000878	f7f00513	addi	x10,x0,-129	  x0:0x00000000 x10=0xffffff7f
           7160	      3576	0000087c	010005b7	lui	x11,0x1000	 x11=0x01000000
           7234	      3613	00000880	02b57633	remu	x12,x10,x11	 x10:0xffffff7f x11:0x01000000 x12=0x00ffff7f
           7238	      3615	00000884	10c2a823	sw	x12,272(x5)	  x5:0x00005054 x12:0x00ffff7f PA:0x00005164 store:0x00ffff7f load:0x040005b7
           7240	      3616	00000888	eff00513	addi	x10,x0,-257	  x0:0x00000000 x10=0xfffffeff
           7242	      3617	0000088c	040005b7	lui	x11,0x4000	 x11=0x04000000
           7316	      3654	00000890	02b57633	remu	x12,x10,x11	 x10:0xfffffeff x11:0x04000000 x12=0x03fffeff
           7320	      3656	00000894	10c2aa23	sw	x12,276(x5)	  x5:0x00005054 x12:0x03fffeff PA:0x00005168 store:0x03fffeff load:0xff0005b7
           7322	      3657	00000898	dff00513	addi	x10,x0,-513	  x0:0x00000000 x10=0xfffffdff
           7324	      3658	0000089c	ff0005b7	lui	x11,0xff000	 x11=0xff000000
           7326	      3659	000008a0	fff58593	addi	x11,x11,-1	 x11:0xff000000 x11=0xfeffffff
           7400	      3696	000008a4	02b57633	remu	x12,x10,x11	 x10:0xfffffdff x11:0xfeffffff x12=0x00fffe00
           7404	      3698	000008a8	10c2ac23	sw	x12,280(x5)	  x5:0x00005054 x12:0x00fffe00 PA:0x0000516c store:0x00fffe00 load:0x7ff50513
           7406	      3699	000008ac	fffff537	lui	x10,0xfffff	 x10=0xfffff000
           7408	      3700	000008b0	7ff50513	addi	x10,x10,2047	 x10:0xfffff000 x10=0xfffff7ff
           7410	      3701	000008b4	00600593	addi	x11,x0,6	  x0:0x00000000 x11=0x00000006
           7484	      3738	000008b8	02b57633	remu	x12,x10,x11	 x10:0xfffff7ff x11:0x00000006 x12=0x00000001
           7488	      3740	000008bc	10c2ae23	sw	x12,284(x5)	  x5:0x00005054 x12:0x00000001 PA:0x00005170 store:0x00000001 load:0xfff50513
           7490	      3741	000008c0	fffff537	lui	x10,0xfffff	 x10=0xfffff000
           7492	      3742	000008c4	fff50513	addi	x10,x10,-1	 x10:0xfffff000 x10=0xffffefff
           7494	      3743	000008c8	fffe05b7	lui	x11,0xfffe0	 x11=0xfffe0000
           7496	      3744	000008cc	fff58593	addi	x11,x11,-1	 x11:0xfffe0000 x11=0xfffdffff
           7570	      3781	000008d0	02b57633	remu	x12,x10,x11	 x10:0xffffefff x11:0xfffdffff x12=0x0001f000
           7574	      3783	000008d4	12c2a023	sw	x12,288(x5)	  x5:0x00005054 x12:0x0001f000 PA:0x00005174 store:0x0001f000 load:0xfff50513
           7576	      3784	000008d8	ffffe537	lui	x10,0xffffe	 x10=0xffffe000
           7578	      3785	000008dc	fff50513	addi	x10,x10,-1	 x10:0xffffe000 x10=0xffffdfff
           7580	      3786	000008e0	666665b7	lui	x11,0x66666	 x11=0x66666000
           7582	      3787	000008e4	66758593	addi	x11,x11,1639	 x11:0x66666000 x11=0x66666667
           7656	      3824	000008e8	02b57633	remu	x12,x10,x11	 x10:0xffffdfff x11:0x66666667 x12=0x33331331
           7660	      3826	000008ec	12c2a223	sw	x12,292(x5)	  x5:0x00005054 x12:0x33331331 PA:0x00005178 store:0x33331331 load:0xfff50513
           7662	      3827	000008f0	ffffc537	lui	x10,0xffffc	 x10=0xffffc000
           7664	      3828	000008f4	fff50513	addi	x10,x10,-1	 x10:0xffffc000 x10=0xffffbfff
           7666	      3829	000008f8	666665b7	lui	x11,0x66666	 x11=0x66666000
           7668	      3830	000008fc	66558593	addi	x11,x11,1637	 x11:0x66666000 x11=0x66666665
           7742	      3867	00000900	02b57633	remu	x12,x10,x11	 x10:0xffffbfff x11:0x66666665 x12=0x3332f335
           7746	      3869	00000904	12c2a423	sw	x12,296(x5)	  x5:0x00005054 x12:0x3332f335 PA:0x0000517c store:0x3332f335 load:0xfff50513
           7748	      3870	00000908	fffe0537	lui	x10,0xfffe0	 x10=0xfffe0000
           7750	      3871	0000090c	fff50513	addi	x10,x10,-1	 x10:0xfffe0000 x10=0xfffdffff
           7752	      3872	00000910	040005b7	lui	x11,0x4000	 x11=0x04000000
           7826	      3909	00000914	02b57633	remu	x12,x10,x11	 x10:0xfffdffff x11:0x04000000 x12=0x03fdffff
           7830	      3911	00000918	12c2a623	sw	x12,300(x5)	  x5:0x00005054 x12:0x03fdffff PA:0x00005180 store:0x03fdffff load:0xfff50513
           7832	      3912	0000091c	fffc0537	lui	x10,0xfffc0	 x10=0xfffc0000
           7834	      3913	00000920	fff50513	addi	x10,x10,-1	 x10:0xfffc0000 x10=0xfffbffff
           7836	      3914	00000924	aaaab5b7	lui	x11,0xaaaab	 x11=0xaaaab000
           7838	      3915	00000928	aa958593	addi	x11,x11,-1367	 x11:0xaaaab000 x11=0xaaaaaaa9
           7912	      3952	0000092c	02b57633	remu	x12,x10,x11	 x10:0xfffbffff x11:0xaaaaaaa9 x12=0x55515556
           7916	      3954	00000930	12c2a823	sw	x12,304(x5)	  x5:0x00005054 x12:0x55515556 PA:0x00005184 store:0x55515556 load:0xfff50513
           7918	      3955	00000934	ff000537	lui	x10,0xff000	 x10=0xff000000
           7920	      3956	00000938	fff50513	addi	x10,x10,-1	 x10:0xff000000 x10=0xfeffffff
           7922	      3957	0000093c	800005b7	lui	x11,0x80000	 x11=0x80000000
           7996	      3994	00000940	02b57633	remu	x12,x10,x11	 x10:0xfeffffff x11:0x80000000 x12=0x7effffff
           8000	      3996	00000944	12c2aa23	sw	x12,308(x5)	  x5:0x00005054 x12:0x7effffff PA:0x00005188 store:0x7effffff load:0xfff50513
           8002	      3997	00000948	fc000537	lui	x10,0xfc000	 x10=0xfc000000
           8004	      3998	0000094c	fff50513	addi	x10,x10,-1	 x10:0xfc000000 x10=0xfbffffff
           8006	      3999	00000950	00a00593	addi	x11,x0,10	  x0:0x00000000 x11=0x0000000a
           8080	      4036	00000954	02b57633	remu	x12,x10,x11	 x10:0xfbffffff x11:0x0000000a x12=0x00000001
           8084	      4038	00000958	12c2ac23	sw	x12,312(x5)	  x5:0x00005054 x12:0x00000001 PA:0x0000518c store:0x00000001 load:0xfff50513
           8086	      4039	0000095c	e0000537	lui	x10,0xe0000	 x10=0xe0000000
           8088	      4040	00000960	fff50513	addi	x10,x10,-1	 x10:0xe0000000 x10=0xdfffffff
           8090	      4041	00000964	20000593	addi	x11,x0,512	  x0:0x00000000 x11=0x00000200
           8164	      4078	00000968	02b57633	remu	x12,x10,x11	 x10:0xdfffffff x11:0x00000200 x12=0x000001ff
           8168	      4080	0000096c	12c2ae23	sw	x12,316(x5)	  x5:0x00005054 x12:0x000001ff PA:0x00005190 store:0x000001ff load:0x55550513
           8170	      4081	00000970	55555537	lui	x10,0x55555	 x10=0x55555000
           8172	      4082	00000974	55550513	addi	x10,x10,1365	 x10:0x55555000 x10=0x55555555
           8174	      4083	00000978	002005b7	lui	x11,0x200	 x11=0x00200000
           8248	      4120	0000097c	02b57633	remu	x12,x10,x11	 x10:0x55555555 x11:0x00200000 x12=0x00155555
           8252	      4122	00000980	14c2a023	sw	x12,320(x5)	  x5:0x00005054 x12:0x00155555 PA:0x00005194 store:0x00155555 load:0x00300593
           8254	      4123	00000984	00300513	addi	x10,x0,3	  x0:0x00000000 x10=0x00000003
           8256	      4124	00000988	00300593	addi	x11,x0,3	  x0:0x00000000 x11=0x00000003
           8330	      4161	0000098c	02b57633	remu	x12,x10,x11	 x10:0x00000003 x11:0x00000003 x12=0x00000000
           8334	      4163	00000990	14c2a223	sw	x12,324(x5)	  x5:0x00005054 x12:0x00000000 PA:0x00005198 store:0x00000000 load:0x555555b7
           8336	      4164	00000994	00300513	addi	x10,x0,3	  x0:0x00000000 x10=0x00000003
           8338	      4165	00000998	555555b7	lui	x11,0x55555	 x11=0x55555000
           8340	      4166	0000099c	55558593	addi	x11,x11,1365	 x11:0x55555000 x11=0x55555555
           8414	      4203	000009a0	02b57633	remu	x12,x10,x11	 x10:0x00000003 x11:0x55555555 x12=0x00000003
           8418	      4205	000009a4	14c2a423	sw	x12,328(x5)	  x5:0x00005054 x12:0x00000003 PA:0x0000519c store:0x00000003 load:0xaaaab5b7
           8420	      4206	000009a8	00300513	addi	x10,x0,3	  x0:0x00000000 x10=0x00000003
           8422	      4207	000009ac	aaaab5b7	lui	x11,0xaaaab	 x11=0xaaaab000
           8424	      4208	000009b0	aaa58593	addi	x11,x11,-1366	 x11:0xaaaab000 x11=0xaaaaaaaa
           8498	      4245	000009b4	02b57633	remu	x12,x10,x11	 x10:0x00000003 x11:0xaaaaaaaa x12=0x00000003
           8502	      4247	000009b8	14c2a623	sw	x12,332(x5)	  x5:0x00005054 x12:0x00000003 PA:0x000051a0 store:0x00000003 load:0x00500593
           8504	      4248	000009bc	00300513	addi	x10,x0,3	  x0:0x00000000 x10=0x00000003
           8506	      4249	000009c0	00500593	addi	x11,x0,5	  x0:0x00000000 x11=0x00000005
           8580	      4286	000009c4	02b57633	remu	x12,x10,x11	 x10:0x00000003 x11:0x00000005 x12=0x00000003
           8584	      4288	000009c8	14c2a823	sw	x12,336(x5)	  x5:0x00005054 x12:0x00000003 PA:0x000051a4 store:0x00000003 load:0x333335b7
           8586	      4289	000009cc	00300513	addi	x10,x0,3	  x0:0x00000000 x10=0x00000003
           8588	      4290	000009d0	333335b7	lui	x11,0x33333	 x11=0x33333000
           8590	      4291	000009d4	33358593	addi	x11,x11,819	 x11:0x33333000 x11=0x33333333
           8664	      4328	000009d8	02b57633	remu	x12,x10,x11	 x10:0x00000003 x11:0x33333333 x12=0x00000003
           8668	      4330	000009dc	14c2aa23	sw	x12,340(x5)	  x5:0x00005054 x12:0x00000003 PA:0x000051a8 store:0x00000003 load:0x666665b7
           8670	      4331	000009e0	00300513	addi	x10,x0,3	  x0:0x00000000 x10=0x00000003
           8672	      4332	000009e4	666665b7	lui	x11,0x66666	 x11=0x66666000
           8674	      4333	000009e8	66658593	addi	x11,x11,1638	 x11:0x66666000 x11=0x66666666
           8748	      4370	000009ec	02b57633	remu	x12,x10,x11	 x10:0x00000003 x11:0x66666666 x12=0x00000003
           8752	      4372	000009f0	14c2ac23	sw	x12,344(x5)	  x5:0x00005054 x12:0x00000003 PA:0x000051ac store:0x00000003 load:0x0000b5b7
           8754	      4373	000009f4	00300513	addi	x10,x0,3	  x0:0x00000000 x10=0x00000003
           8756	      4374	000009f8	0000b5b7	lui	x11,0xb	 x11=0x0000b000
           8758	      4375	000009fc	50458593	addi	x11,x11,1284	 x11:0x0000b000 x11=0x0000b504
           8832	      4412	00000a00	02b57633	remu	x12,x10,x11	 x10:0x00000003 x11:0x0000b504 x12=0x00000003
           8836	      4414	00000a04	14c2ae23	sw	x12,348(x5)	  x5:0x00005054 x12:0x00000003 PA:0x000051b0 store:0x00000003 load:0x00000593
           8838	      4415	00000a08	00300513	addi	x10,x0,3	  x0:0x00000000 x10=0x00000003
           8840	      4416	00000a0c	00000593	addi	x11,x0,0	  x0:0x00000000 x11=0x00000000
           8844	      4418	00000a10	02b57633	remu	x12,x10,x11	 x10:0x00000003 x11:0x00000000 x12=0x00000003
           8848	      4420	00000a14	16c2a023	sw	x12,352(x5)	  x5:0x00005054 x12:0x00000003 PA:0x000051b4 store:0x00000003 load:0x000105b7
           8850	      4421	00000a18	00300513	addi	x10,x0,3	  x0:0x00000000 x10=0x00000003
           8852	      4422	00000a1c	000105b7	lui	x11,0x10	 x11=0x00010000
           8854	      4423	00000a20	fff58593	addi	x11,x11,-1	 x11:0x00010000 x11=0x0000ffff
           8928	      4460	00000a24	02b57633	remu	x12,x10,x11	 x10:0x00000003 x11:0x0000ffff x12=0x00000003
           8932	      4462	00000a28	16c2a223	sw	x12,356(x5)	  x5:0x00005054 x12:0x00000003 PA:0x000051b8 store:0x00000003 load:0x00200593
           8934	      4463	00000a2c	00300513	addi	x10,x0,3	  x0:0x00000000 x10=0x00000003
           8936	      4464	00000a30	00200593	addi	x11,x0,2	  x0:0x00000000 x11=0x00000002
           9010	      4501	00000a34	02b57633	remu	x12,x10,x11	 x10:0x00000003 x11:0x00000002 x12=0x00000001
           9014	      4503	00000a38	16c2a423	sw	x12,360(x5)	  x5:0x00005054 x12:0x00000001 PA:0x000051bc store:0x00000001 load:0x555555b7
           9016	      4504	00000a3c	00300513	addi	x10,x0,3	  x0:0x00000000 x10=0x00000003
           9018	      4505	00000a40	555555b7	lui	x11,0x55555	 x11=0x55555000
           9020	      4506	00000a44	55458593	addi	x11,x11,1364	 x11:0x55555000 x11=0x55555554
           9094	      4543	00000a48	02b57633	remu	x12,x10,x11	 x10:0x00000003 x11:0x55555554 x12=0x00000003
           9098	      4545	00000a4c	16c2a623	sw	x12,364(x5)	  x5:0x00005054 x12:0x00000003 PA:0x000051c0 store:0x00000003 load:0xaaaab5b7
           9100	      4546	00000a50	00300513	addi	x10,x0,3	  x0:0x00000000 x10=0x00000003
           9102	      4547	00000a54	aaaab5b7	lui	x11,0xaaaab	 x11=0xaaaab000
           9104	      4548	00000a58	aa958593	addi	x11,x11,-1367	 x11:0xaaaab000 x11=0xaaaaaaa9
           9178	      4585	00000a5c	02b57633	remu	x12,x10,x11	 x10:0x00000003 x11:0xaaaaaaa9 x12=0x00000003
           9182	      4587	00000a60	16c2a823	sw	x12,368(x5)	  x5:0x00005054 x12:0x00000003 PA:0x000051c4 store:0x00000003 load:0x00400593
           9184	      4588	00000a64	00300513	addi	x10,x0,3	  x0:0x00000000 x10=0x00000003
           9186	      4589	00000a68	00400593	addi	x11,x0,4	  x0:0x00000000 x11=0x00000004
           9260	      4626	00000a6c	02b57633	remu	x12,x10,x11	 x10:0x00000003 x11:0x00000004 x12=0x00000003
           9264	      4628	00000a70	16c2aa23	sw	x12,372(x5)	  x5:0x00005054 x12:0x00000003 PA:0x000051c8 store:0x00000003 load:0x333335b7
           9266	      4629	00000a74	00300513	addi	x10,x0,3	  x0:0x00000000 x10=0x00000003
           9268	      4630	00000a78	333335b7	lui	x11,0x33333	 x11=0x33333000
           9270	      4631	00000a7c	33258593	addi	x11,x11,818	 x11:0x33333000 x11=0x33333332
           9344	      4668	00000a80	02b57633	remu	x12,x10,x11	 x10:0x00000003 x11:0x33333332 x12=0x00000003
           9348	      4670	00000a84	16c2ac23	sw	x12,376(x5)	  x5:0x00005054 x12:0x00000003 PA:0x000051cc store:0x00000003 load:0x666665b7
           9350	      4671	00000a88	00300513	addi	x10,x0,3	  x0:0x00000000 x10=0x00000003
           9352	      4672	00000a8c	666665b7	lui	x11,0x66666	 x11=0x66666000
           9354	      4673	00000a90	66558593	addi	x11,x11,1637	 x11:0x66666000 x11=0x66666665
           9428	      4710	00000a94	02b57633	remu	x12,x10,x11	 x10:0x00000003 x11:0x66666665 x12=0x00000003
           9432	      4712	00000a98	16c2ae23	sw	x12,380(x5)	  x5:0x00005054 x12:0x00000003 PA:0x000051d0 store:0x00000003 load:0x0000b5b7
           9434	      4713	00000a9c	00300513	addi	x10,x0,3	  x0:0x00000000 x10=0x00000003
           9436	      4714	00000aa0	0000b5b7	lui	x11,0xb	 x11=0x0000b000
           9438	      4715	00000aa4	50358593	addi	x11,x11,1283	 x11:0x0000b000 x11=0x0000b503
           9512	      4752	00000aa8	02b57633	remu	x12,x10,x11	 x10:0x00000003 x11:0x0000b503 x12=0x00000003
           9516	      4754	00000aac	18c2a023	sw	x12,384(x5)	  x5:0x00005054 x12:0x00000003 PA:0x000051d4 store:0x00000003 load:0x000105b7
           9518	      4755	00000ab0	00300513	addi	x10,x0,3	  x0:0x00000000 x10=0x00000003
           9520	      4756	00000ab4	000105b7	lui	x11,0x10	 x11=0x00010000
           9522	      4757	00000ab8	ffe58593	addi	x11,x11,-2	 x11:0x00010000 x11=0x0000fffe
           9596	      4794	00000abc	02b57633	remu	x12,x10,x11	 x10:0x00000003 x11:0x0000fffe x12=0x00000003
           9600	      4796	00000ac0	18c2a223	sw	x12,388(x5)	  x5:0x00005054 x12:0x00000003 PA:0x000051d8 store:0x00000003 load:0x555555b7
           9602	      4797	00000ac4	00300513	addi	x10,x0,3	  x0:0x00000000 x10=0x00000003
           9604	      4798	00000ac8	555555b7	lui	x11,0x55555	 x11=0x55555000
           9606	      4799	00000acc	55658593	addi	x11,x11,1366	 x11:0x55555000 x11=0x55555556
           9680	      4836	00000ad0	02b57633	remu	x12,x10,x11	 x10:0x00000003 x11:0x55555556 x12=0x00000003
           9684	      4838	00000ad4	18c2a423	sw	x12,392(x5)	  x5:0x00005054 x12:0x00000003 PA:0x000051dc store:0x00000003 load:0xaaaab5b7
           9686	      4839	00000ad8	00300513	addi	x10,x0,3	  x0:0x00000000 x10=0x00000003
           9688	      4840	00000adc	aaaab5b7	lui	x11,0xaaaab	 x11=0xaaaab000
           9690	      4841	00000ae0	aab58593	addi	x11,x11,-1365	 x11:0xaaaab000 x11=0xaaaaaaab
           9764	      4878	00000ae4	02b57633	remu	x12,x10,x11	 x10:0x00000003 x11:0xaaaaaaab x12=0x00000003
           9768	      4880	00000ae8	18c2a623	sw	x12,396(x5)	  x5:0x00005054 x12:0x00000003 PA:0x000051e0 store:0x00000003 load:0x00600593
           9770	      4881	00000aec	00300513	addi	x10,x0,3	  x0:0x00000000 x10=0x00000003
           9772	      4882	00000af0	00600593	addi	x11,x0,6	  x0:0x00000000 x11=0x00000006
           9846	      4919	00000af4	02b57633	remu	x12,x10,x11	 x10:0x00000003 x11:0x00000006 x12=0x00000003
           9850	      4921	00000af8	18c2a823	sw	x12,400(x5)	  x5:0x00005054 x12:0x00000003 PA:0x000051e4 store:0x00000003 load:0x333335b7
           9852	      4922	00000afc	00300513	addi	x10,x0,3	  x0:0x00000000 x10=0x00000003
           9854	      4923	00000b00	333335b7	lui	x11,0x33333	 x11=0x33333000
           9856	      4924	00000b04	33458593	addi	x11,x11,820	 x11:0x33333000 x11=0x33333334
           9930	      4961	00000b08	02b57633	remu	x12,x10,x11	 x10:0x00000003 x11:0x33333334 x12=0x00000003
           9934	      4963	00000b0c	18c2aa23	sw	x12,404(x5)	  x5:0x00005054 x12:0x00000003 PA:0x000051e8 store:0x00000003 load:0x666665b7
           9936	      4964	00000b10	00300513	addi	x10,x0,3	  x0:0x00000000 x10=0x00000003
           9938	      4965	00000b14	666665b7	lui	x11,0x66666	 x11=0x66666000
           9940	      4966	00000b18	66758593	addi	x11,x11,1639	 x11:0x66666000 x11=0x66666667
          10014	      5003	00000b1c	02b57633	remu	x12,x10,x11	 x10:0x00000003 x11:0x66666667 x12=0x00000003
          10018	      5005	00000b20	18c2ac23	sw	x12,408(x5)	  x5:0x00005054 x12:0x00000003 PA:0x000051ec store:0x00000003 load:0x0000b5b7
          10020	      5006	00000b24	00300513	addi	x10,x0,3	  x0:0x00000000 x10=0x00000003
          10022	      5007	00000b28	0000b5b7	lui	x11,0xb	 x11=0x0000b000
          10024	      5008	00000b2c	50558593	addi	x11,x11,1285	 x11:0x0000b000 x11=0x0000b505
          10098	      5045	00000b30	02b57633	remu	x12,x10,x11	 x10:0x00000003 x11:0x0000b505 x12=0x00000003
          10102	      5047	00000b34	18c2ae23	sw	x12,412(x5)	  x5:0x00005054 x12:0x00000003 PA:0x000051f0 store:0x00000003 load:0x00100593
          10104	      5048	00000b38	00300513	addi	x10,x0,3	  x0:0x00000000 x10=0x00000003
          10106	      5049	00000b3c	00100593	addi	x11,x0,1	  x0:0x00000000 x11=0x00000001
          10180	      5086	00000b40	02b57633	remu	x12,x10,x11	 x10:0x00000003 x11:0x00000001 x12=0x00000000
          10184	      5088	00000b44	1ac2a023	sw	x12,416(x5)	  x5:0x00005054 x12:0x00000000 PA:0x000051f4 store:0x00000000 load:0x000105b7
          10186	      5089	00000b48	00300513	addi	x10,x0,3	  x0:0x00000000 x10=0x00000003
          10188	      5090	00000b4c	000105b7	lui	x11,0x10	 x11=0x00010000
          10262	      5127	00000b50	02b57633	remu	x12,x10,x11	 x10:0x00000003 x11:0x00010000 x12=0x00000003
          10266	      5129	00000b54	1ac2a223	sw	x12,420(x5)	  x5:0x00005054 x12:0x00000003 PA:0x000051f8 store:0x00000003 load:0x55550513
          10268	      5130	00000b58	55555537	lui	x10,0x55555	 x10=0x55555000
          10270	      5131	00000b5c	55550513	addi	x10,x10,1365	 x10:0x55555000 x10=0x55555555
          10272	      5132	00000b60	00300593	addi	x11,x0,3	  x0:0x00000000 x11=0x00000003
          10346	      5169	00000b64	02b57633	remu	x12,x10,x11	 x10:0x55555555 x11:0x00000003 x12=0x00000001
          10350	      5171	00000b68	1ac2a423	sw	x12,424(x5)	  x5:0x00005054 x12:0x00000001 PA:0x000051fc store:0x00000001 load:0x55550513
          10352	      5172	00000b6c	55555537	lui	x10,0x55555	 x10=0x55555000
          10354	      5173	00000b70	55550513	addi	x10,x10,1365	 x10:0x55555000 x10=0x55555555
          10356	      5174	00000b74	555555b7	lui	x11,0x55555	 x11=0x55555000
          10358	      5175	00000b78	55558593	addi	x11,x11,1365	 x11:0x55555000 x11=0x55555555
          10432	      5212	00000b7c	02b57633	remu	x12,x10,x11	 x10:0x55555555 x11:0x55555555 x12=0x00000000
          10436	      5214	00000b80	1ac2a623	sw	x12,428(x5)	  x5:0x00005054 x12:0x00000000 PA:0x00005200 store:0x00000000 load:0x55550513
          10438	      5215	00000b84	55555537	lui	x10,0x55555	 x10=0x55555000
          10440	      5216	00000b88	55550513	addi	x10,x10,1365	 x10:0x55555000 x10=0x55555555
          10442	      5217	00000b8c	aaaab5b7	lui	x11,0xaaaab	 x11=0xaaaab000
          10444	      5218	00000b90	aaa58593	addi	x11,x11,-1366	 x11:0xaaaab000 x11=0xaaaaaaaa
          10518	      5255	00000b94	02b57633	remu	x12,x10,x11	 x10:0x55555555 x11:0xaaaaaaaa x12=0x55555555
          10522	      5257	00000b98	1ac2a823	sw	x12,432(x5)	  x5:0x00005054 x12:0x55555555 PA:0x00005204 store:0x55555555 load:0x55550513
          10524	      5258	00000b9c	55555537	lui	x10,0x55555	 x10=0x55555000
          10526	      5259	00000ba0	55550513	addi	x10,x10,1365	 x10:0x55555000 x10=0x55555555
          10528	      5260	00000ba4	00500593	addi	x11,x0,5	  x0:0x00000000 x11=0x00000005
          10602	      5297	00000ba8	02b57633	remu	x12,x10,x11	 x10:0x55555555 x11:0x00000005 x12=0x00000000
          10606	      5299	00000bac	1ac2aa23	sw	x12,436(x5)	  x5:0x00005054 x12:0x00000000 PA:0x00005208 store:0x00000000 load:0x55550513
          10608	      5300	00000bb0	55555537	lui	x10,0x55555	 x10=0x55555000
          10610	      5301	00000bb4	55550513	addi	x10,x10,1365	 x10:0x55555000 x10=0x55555555
          10612	      5302	00000bb8	333335b7	lui	x11,0x33333	 x11=0x33333000
          10614	      5303	00000bbc	33358593	addi	x11,x11,819	 x11:0x33333000 x11=0x33333333
          10688	      5340	00000bc0	02b57633	remu	x12,x10,x11	 x10:0x55555555 x11:0x33333333 x12=0x22222222
          10692	      5342	00000bc4	1ac2ac23	sw	x12,440(x5)	  x5:0x00005054 x12:0x22222222 PA:0x0000520c store:0x22222222 load:0x55550513
          10694	      5343	00000bc8	55555537	lui	x10,0x55555	 x10=0x55555000
          10696	      5344	00000bcc	55550513	addi	x10,x10,1365	 x10:0x55555000 x10=0x55555555
          10698	      5345	00000bd0	666665b7	lui	x11,0x66666	 x11=0x66666000
          10700	      5346	00000bd4	66658593	addi	x11,x11,1638	 x11:0x66666000 x11=0x66666666
          10774	      5383	00000bd8	02b57633	remu	x12,x10,x11	 x10:0x55555555 x11:0x66666666 x12=0x55555555
          10778	      5385	00000bdc	1ac2ae23	sw	x12,444(x5)	  x5:0x00005054 x12:0x55555555 PA:0x00005210 store:0x55555555 load:0x55550513
          10780	      5386	00000be0	55555537	lui	x10,0x55555	 x10=0x55555000
          10782	      5387	00000be4	55550513	addi	x10,x10,1365	 x10:0x55555000 x10=0x55555555
          10784	      5388	00000be8	0000b5b7	lui	x11,0xb	 x11=0x0000b000
          10786	      5389	00000bec	50458593	addi	x11,x11,1284	 x11:0x0000b000 x11=0x0000b504
          10860	      5426	00000bf0	02b57633	remu	x12,x10,x11	 x10:0x55555555 x11:0x0000b504 x12=0x00006c9d
          10864	      5428	00000bf4	1cc2a023	sw	x12,448(x5)	  x5:0x00005054 x12:0x00006c9d PA:0x00005214 store:0x00006c9d load:0x55550513
          10866	      5429	00000bf8	55555537	lui	x10,0x55555	 x10=0x55555000
          10868	      5430	00000bfc	55550513	addi	x10,x10,1365	 x10:0x55555000 x10=0x55555555
          10870	      5431	00000c00	00000593	addi	x11,x0,0	  x0:0x00000000 x11=0x00000000
          10874	      5433	00000c04	02b57633	remu	x12,x10,x11	 x10:0x55555555 x11:0x00000000 x12=0x55555555
          10878	      5435	00000c08	1cc2a223	sw	x12,452(x5)	  x5:0x00005054 x12:0x55555555 PA:0x00005218 store:0x55555555 load:0x55550513
          10880	      5436	00000c0c	55555537	lui	x10,0x55555	 x10=0x55555000
          10882	      5437	00000c10	55550513	addi	x10,x10,1365	 x10:0x55555000 x10=0x55555555
          10884	      5438	00000c14	000105b7	lui	x11,0x10	 x11=0x00010000
          10886	      5439	00000c18	fff58593	addi	x11,x11,-1	 x11:0x00010000 x11=0x0000ffff
          10960	      5476	00000c1c	02b57633	remu	x12,x10,x11	 x10:0x55555555 x11:0x0000ffff x12=0x0000aaaa
          10964	      5478	00000c20	1cc2a423	sw	x12,456(x5)	  x5:0x00005054 x12:0x0000aaaa PA:0x0000521c store:0x0000aaaa load:0x55550513
          10966	      5479	00000c24	55555537	lui	x10,0x55555	 x10=0x55555000
          10968	      5480	00000c28	55550513	addi	x10,x10,1365	 x10:0x55555000 x10=0x55555555
          10970	      5481	00000c2c	00200593	addi	x11,x0,2	  x0:0x00000000 x11=0x00000002
          11044	      5518	00000c30	02b57633	remu	x12,x10,x11	 x10:0x55555555 x11:0x00000002 x12=0x00000001
          11048	      5520	00000c34	1cc2a623	sw	x12,460(x5)	  x5:0x00005054 x12:0x00000001 PA:0x00005220 store:0x00000001 load:0x55550513
          11050	      5521	00000c38	55555537	lui	x10,0x55555	 x10=0x55555000
          11052	      5522	00000c3c	55550513	addi	x10,x10,1365	 x10:0x55555000 x10=0x55555555
          11054	      5523	00000c40	555555b7	lui	x11,0x55555	 x11=0x55555000
          11056	      5524	00000c44	55458593	addi	x11,x11,1364	 x11:0x55555000 x11=0x55555554
          11130	      5561	00000c48	02b57633	remu	x12,x10,x11	 x10:0x55555555 x11:0x55555554 x12=0x00000001
          11134	      5563	00000c4c	1cc2a823	sw	x12,464(x5)	  x5:0x00005054 x12:0x00000001 PA:0x00005224 store:0x00000001 load:0x55550513
          11136	      5564	00000c50	55555537	lui	x10,0x55555	 x10=0x55555000
          11138	      5565	00000c54	55550513	addi	x10,x10,1365	 x10:0x55555000 x10=0x55555555
          11140	      5566	00000c58	aaaab5b7	lui	x11,0xaaaab	 x11=0xaaaab000
          11142	      5567	00000c5c	aa958593	addi	x11,x11,-1367	 x11:0xaaaab000 x11=0xaaaaaaa9
          11216	      5604	00000c60	02b57633	remu	x12,x10,x11	 x10:0x55555555 x11:0xaaaaaaa9 x12=0x55555555
          11220	      5606	00000c64	1cc2aa23	sw	x12,468(x5)	  x5:0x00005054 x12:0x55555555 PA:0x00005228 store:0x55555555 load:0x55550513
          11222	      5607	00000c68	55555537	lui	x10,0x55555	 x10=0x55555000
          11224	      5608	00000c6c	55550513	addi	x10,x10,1365	 x10:0x55555000 x10=0x55555555
          11226	      5609	00000c70	00400593	addi	x11,x0,4	  x0:0x00000000 x11=0x00000004
          11300	      5646	00000c74	02b57633	remu	x12,x10,x11	 x10:0x55555555 x11:0x00000004 x12=0x00000001
          11304	      5648	00000c78	1cc2ac23	sw	x12,472(x5)	  x5:0x00005054 x12:0x00000001 PA:0x0000522c store:0x00000001 load:0x55550513
          11306	      5649	00000c7c	55555537	lui	x10,0x55555	 x10=0x55555000
          11308	      5650	00000c80	55550513	addi	x10,x10,1365	 x10:0x55555000 x10=0x55555555
          11310	      5651	00000c84	333335b7	lui	x11,0x33333	 x11=0x33333000
          11312	      5652	00000c88	33258593	addi	x11,x11,818	 x11:0x33333000 x11=0x33333332
          11386	      5689	00000c8c	02b57633	remu	x12,x10,x11	 x10:0x55555555 x11:0x33333332 x12=0x22222223
          11390	      5691	00000c90	1cc2ae23	sw	x12,476(x5)	  x5:0x00005054 x12:0x22222223 PA:0x00005230 store:0x22222223 load:0x55550513
          11392	      5692	00000c94	55555537	lui	x10,0x55555	 x10=0x55555000
          11394	      5693	00000c98	55550513	addi	x10,x10,1365	 x10:0x55555000 x10=0x55555555
          11396	      5694	00000c9c	666665b7	lui	x11,0x66666	 x11=0x66666000
          11398	      5695	00000ca0	66558593	addi	x11,x11,1637	 x11:0x66666000 x11=0x66666665
          11472	      5732	00000ca4	02b57633	remu	x12,x10,x11	 x10:0x55555555 x11:0x66666665 x12=0x55555555
          11476	      5734	00000ca8	1ec2a023	sw	x12,480(x5)	  x5:0x00005054 x12:0x55555555 PA:0x00005234 store:0x55555555 load:0x55550513
          11478	      5735	00000cac	55555537	lui	x10,0x55555	 x10=0x55555000
          11480	      5736	00000cb0	55550513	addi	x10,x10,1365	 x10:0x55555000 x10=0x55555555
          11482	      5737	00000cb4	0000b5b7	lui	x11,0xb	 x11=0x0000b000
          11484	      5738	00000cb8	50358593	addi	x11,x11,1283	 x11:0x0000b000 x11=0x0000b503
          11558	      5775	00000cbc	02b57633	remu	x12,x10,x11	 x10:0x55555555 x11:0x0000b503 x12=0x00003048
          11562	      5777	00000cc0	1ec2a223	sw	x12,484(x5)	  x5:0x00005054 x12:0x00003048 PA:0x00005238 store:0x00003048 load:0x55550513
          11564	      5778	00000cc4	55555537	lui	x10,0x55555	 x10=0x55555000
          11566	      5779	00000cc8	55550513	addi	x10,x10,1365	 x10:0x55555000 x10=0x55555555
          11568	      5780	00000ccc	000105b7	lui	x11,0x10	 x11=0x00010000
          11570	      5781	00000cd0	ffe58593	addi	x11,x11,-2	 x11:0x00010000 x11=0x0000fffe
          11644	      5818	00000cd4	02b57633	remu	x12,x10,x11	 x10:0x55555555 x11:0x0000fffe x12=0x00000001
          11648	      5820	00000cd8	1ec2a423	sw	x12,488(x5)	  x5:0x00005054 x12:0x00000001 PA:0x0000523c store:0x00000001 load:0x55550513
          11650	      5821	00000cdc	55555537	lui	x10,0x55555	 x10=0x55555000
          11652	      5822	00000ce0	55550513	addi	x10,x10,1365	 x10:0x55555000 x10=0x55555555
          11654	      5823	00000ce4	555555b7	lui	x11,0x55555	 x11=0x55555000
          11656	      5824	00000ce8	55658593	addi	x11,x11,1366	 x11:0x55555000 x11=0x55555556
          11730	      5861	00000cec	02b57633	remu	x12,x10,x11	 x10:0x55555555 x11:0x55555556 x12=0x55555555
          11734	      5863	00000cf0	1ec2a623	sw	x12,492(x5)	  x5:0x00005054 x12:0x55555555 PA:0x00005240 store:0x55555555 load:0x55550513
          11736	      5864	00000cf4	55555537	lui	x10,0x55555	 x10=0x55555000
          11738	      5865	00000cf8	55550513	addi	x10,x10,1365	 x10:0x55555000 x10=0x55555555
          11740	      5866	00000cfc	aaaab5b7	lui	x11,0xaaaab	 x11=0xaaaab000
          11742	      5867	00000d00	aab58593	addi	x11,x11,-1365	 x11:0xaaaab000 x11=0xaaaaaaab
          11816	      5904	00000d04	02b57633	remu	x12,x10,x11	 x10:0x55555555 x11:0xaaaaaaab x12=0x55555555
          11820	      5906	00000d08	1ec2a823	sw	x12,496(x5)	  x5:0x00005054 x12:0x55555555 PA:0x00005244 store:0x55555555 load:0x55550513
          11822	      5907	00000d0c	55555537	lui	x10,0x55555	 x10=0x55555000
          11824	      5908	00000d10	55550513	addi	x10,x10,1365	 x10:0x55555000 x10=0x55555555
          11826	      5909	00000d14	00600593	addi	x11,x0,6	  x0:0x00000000 x11=0x00000006
          11900	      5946	00000d18	02b57633	remu	x12,x10,x11	 x10:0x55555555 x11:0x00000006 x12=0x00000001
          11904	      5948	00000d1c	1ec2aa23	sw	x12,500(x5)	  x5:0x00005054 x12:0x00000001 PA:0x00005248 store:0x00000001 load:0x55550513
          11906	      5949	00000d20	55555537	lui	x10,0x55555	 x10=0x55555000
          11908	      5950	00000d24	55550513	addi	x10,x10,1365	 x10:0x55555000 x10=0x55555555
          11910	      5951	00000d28	333335b7	lui	x11,0x33333	 x11=0x33333000
          11912	      5952	00000d2c	33458593	addi	x11,x11,820	 x11:0x33333000 x11=0x33333334
          11986	      5989	00000d30	02b57633	remu	x12,x10,x11	 x10:0x55555555 x11:0x33333334 x12=0x22222221
          11990	      5991	00000d34	1ec2ac23	sw	x12,504(x5)	  x5:0x00005054 x12:0x22222221 PA:0x0000524c store:0x22222221 load:0x55550513
          11992	      5992	00000d38	55555537	lui	x10,0x55555	 x10=0x55555000
          11994	      5993	00000d3c	55550513	addi	x10,x10,1365	 x10:0x55555000 x10=0x55555555
          11996	      5994	00000d40	666665b7	lui	x11,0x66666	 x11=0x66666000
          11998	      5995	00000d44	66758593	addi	x11,x11,1639	 x11:0x66666000 x11=0x66666667
          12072	      6032	00000d48	02b57633	remu	x12,x10,x11	 x10:0x55555555 x11:0x66666667 x12=0x55555555
          12076	      6034	00000d4c	1ec2ae23	sw	x12,508(x5)	  x5:0x00005054 x12:0x55555555 PA:0x00005250 store:0x55555555 load:0x55550513
          12078	      6035	00000d50	55555537	lui	x10,0x55555	 x10=0x55555000
          12080	      6036	00000d54	55550513	addi	x10,x10,1365	 x10:0x55555000 x10=0x55555555
          12082	      6037	00000d58	0000b5b7	lui	x11,0xb	 x11=0x0000b000
          12084	      6038	00000d5c	50558593	addi	x11,x11,1285	 x11:0x0000b000 x11=0x0000b505
          12158	      6075	00000d60	02b57633	remu	x12,x10,x11	 x10:0x55555555 x11:0x0000b505 x12=0x0000a8f4
          12162	      6077	00000d64	20c2a023	sw	x12,512(x5)	  x5:0x00005054 x12:0x0000a8f4 PA:0x00005254 store:0x0000a8f4 load:0x55550513
          12164	      6078	00000d68	55555537	lui	x10,0x55555	 x10=0x55555000
          12166	      6079	00000d6c	55550513	addi	x10,x10,1365	 x10:0x55555000 x10=0x55555555
          12168	      6080	00000d70	00100593	addi	x11,x0,1	  x0:0x00000000 x11=0x00000001
          12242	      6117	00000d74	02b57633	remu	x12,x10,x11	 x10:0x55555555 x11:0x00000001 x12=0x00000000
          12246	      6119	00000d78	20c2a223	sw	x12,516(x5)	  x5:0x00005054 x12:0x00000000 PA:0x00005258 store:0x00000000 load:0x55550513
          12248	      6120	00000d7c	55555537	lui	x10,0x55555	 x10=0x55555000
          12250	      6121	00000d80	55550513	addi	x10,x10,1365	 x10:0x55555000 x10=0x55555555
          12252	      6122	00000d84	000105b7	lui	x11,0x10	 x11=0x00010000
          12326	      6159	00000d88	02b57633	remu	x12,x10,x11	 x10:0x55555555 x11:0x00010000 x12=0x00005555
          12330	      6161	00000d8c	20c2a423	sw	x12,520(x5)	  x5:0x00005054 x12:0x00005555 PA:0x0000525c store:0x00005555 load:0xaaa50513
          12332	      6162	00000d90	aaaab537	lui	x10,0xaaaab	 x10=0xaaaab000
          12334	      6163	00000d94	aaa50513	addi	x10,x10,-1366	 x10:0xaaaab000 x10=0xaaaaaaaa
          12336	      6164	00000d98	00300593	addi	x11,x0,3	  x0:0x00000000 x11=0x00000003
          12410	      6201	00000d9c	02b57633	remu	x12,x10,x11	 x10:0xaaaaaaaa x11:0x00000003 x12=0x00000002
          12414	      6203	00000da0	20c2a623	sw	x12,524(x5)	  x5:0x00005054 x12:0x00000002 PA:0x00005260 store:0x00000002 load:0xaaa50513
          12416	      6204	00000da4	aaaab537	lui	x10,0xaaaab	 x10=0xaaaab000
          12418	      6205	00000da8	aaa50513	addi	x10,x10,-1366	 x10:0xaaaab000 x10=0xaaaaaaaa
          12420	      6206	00000dac	555555b7	lui	x11,0x55555	 x11=0x55555000
          12422	      6207	00000db0	55558593	addi	x11,x11,1365	 x11:0x55555000 x11=0x55555555
          12496	      6244	00000db4	02b57633	remu	x12,x10,x11	 x10:0xaaaaaaaa x11:0x55555555 x12=0x00000000
          12500	      6246	00000db8	20c2a823	sw	x12,528(x5)	  x5:0x00005054 x12:0x00000000 PA:0x00005264 store:0x00000000 load:0xaaa50513
          12502	      6247	00000dbc	aaaab537	lui	x10,0xaaaab	 x10=0xaaaab000
          12504	      6248	00000dc0	aaa50513	addi	x10,x10,-1366	 x10:0xaaaab000 x10=0xaaaaaaaa
          12506	      6249	00000dc4	aaaab5b7	lui	x11,0xaaaab	 x11=0xaaaab000
          12508	      6250	00000dc8	aaa58593	addi	x11,x11,-1366	 x11:0xaaaab000 x11=0xaaaaaaaa
          12582	      6287	00000dcc	02b57633	remu	x12,x10,x11	 x10:0xaaaaaaaa x11:0xaaaaaaaa x12=0x00000000
          12586	      6289	00000dd0	20c2aa23	sw	x12,532(x5)	  x5:0x00005054 x12:0x00000000 PA:0x00005268 store:0x00000000 load:0xaaa50513
          12588	      6290	00000dd4	aaaab537	lui	x10,0xaaaab	 x10=0xaaaab000
          12590	      6291	00000dd8	aaa50513	addi	x10,x10,-1366	 x10:0xaaaab000 x10=0xaaaaaaaa
          12592	      6292	00000ddc	00500593	addi	x11,x0,5	  x0:0x00000000 x11=0x00000005
          12666	      6329	00000de0	02b57633	remu	x12,x10,x11	 x10:0xaaaaaaaa x11:0x00000005 x12=0x00000000
          12670	      6331	00000de4	20c2ac23	sw	x12,536(x5)	  x5:0x00005054 x12:0x00000000 PA:0x0000526c store:0x00000000 load:0xaaa50513
          12672	      6332	00000de8	aaaab537	lui	x10,0xaaaab	 x10=0xaaaab000
          12674	      6333	00000dec	aaa50513	addi	x10,x10,-1366	 x10:0xaaaab000 x10=0xaaaaaaaa
          12676	      6334	00000df0	333335b7	lui	x11,0x33333	 x11=0x33333000
          12678	      6335	00000df4	33358593	addi	x11,x11,819	 x11:0x33333000 x11=0x33333333
          12752	      6372	00000df8	02b57633	remu	x12,x10,x11	 x10:0xaaaaaaaa x11:0x33333333 x12=0x11111111
          12756	      6374	00000dfc	20c2ae23	sw	x12,540(x5)	  x5:0x00005054 x12:0x11111111 PA:0x00005270 store:0x11111111 load:0xaaa50513
          12758	      6375	00000e00	aaaab537	lui	x10,0xaaaab	 x10=0xaaaab000
          12760	      6376	00000e04	aaa50513	addi	x10,x10,-1366	 x10:0xaaaab000 x10=0xaaaaaaaa
          12762	      6377	00000e08	666665b7	lui	x11,0x66666	 x11=0x66666000
          12764	      6378	00000e0c	66658593	addi	x11,x11,1638	 x11:0x66666000 x11=0x66666666
          12838	      6415	00000e10	02b57633	remu	x12,x10,x11	 x10:0xaaaaaaaa x11:0x66666666 x12=0x44444444
          12842	      6417	00000e14	22c2a023	sw	x12,544(x5)	  x5:0x00005054 x12:0x44444444 PA:0x00005274 store:0x44444444 load:0xaaa50513
          12844	      6418	00000e18	aaaab537	lui	x10,0xaaaab	 x10=0xaaaab000
          12846	      6419	00000e1c	aaa50513	addi	x10,x10,-1366	 x10:0xaaaab000 x10=0xaaaaaaaa
          12848	      6420	00000e20	0000b5b7	lui	x11,0xb	 x11=0x0000b000
          12850	      6421	00000e24	50458593	addi	x11,x11,1284	 x11:0x0000b000 x11=0x0000b504
          12924	      6458	00000e28	02b57633	remu	x12,x10,x11	 x10:0xaaaaaaaa x11:0x0000b504 x12=0x00002436
          12928	      6460	00000e2c	22c2a223	sw	x12,548(x5)	  x5:0x00005054 x12:0x00002436 PA:0x00005278 store:0x00002436 load:0xaaa50513
          12930	      6461	00000e30	aaaab537	lui	x10,0xaaaab	 x10=0xaaaab000
          12932	      6462	00000e34	aaa50513	addi	x10,x10,-1366	 x10:0xaaaab000 x10=0xaaaaaaaa
          12934	      6463	00000e38	00000593	addi	x11,x0,0	  x0:0x00000000 x11=0x00000000
          12938	      6465	00000e3c	02b57633	remu	x12,x10,x11	 x10:0xaaaaaaaa x11:0x00000000 x12=0xaaaaaaaa
          12942	      6467	00000e40	22c2a423	sw	x12,552(x5)	  x5:0x00005054 x12:0xaaaaaaaa PA:0x0000527c store:0xaaaaaaaa load:0xaaa50513
          12944	      6468	00000e44	aaaab537	lui	x10,0xaaaab	 x10=0xaaaab000
          12946	      6469	00000e48	aaa50513	addi	x10,x10,-1366	 x10:0xaaaab000 x10=0xaaaaaaaa
          12948	      6470	00000e4c	000105b7	lui	x11,0x10	 x11=0x00010000
          12950	      6471	00000e50	fff58593	addi	x11,x11,-1	 x11:0x00010000 x11=0x0000ffff
          13024	      6508	00000e54	02b57633	remu	x12,x10,x11	 x10:0xaaaaaaaa x11:0x0000ffff x12=0x00005555
          13028	      6510	00000e58	22c2a623	sw	x12,556(x5)	  x5:0x00005054 x12:0x00005555 PA:0x00005280 store:0x00005555 load:0xaaa50513
          13030	      6511	00000e5c	aaaab537	lui	x10,0xaaaab	 x10=0xaaaab000
          13032	      6512	00000e60	aaa50513	addi	x10,x10,-1366	 x10:0xaaaab000 x10=0xaaaaaaaa
          13034	      6513	00000e64	00200593	addi	x11,x0,2	  x0:0x00000000 x11=0x00000002
          13108	      6550	00000e68	02b57633	remu	x12,x10,x11	 x10:0xaaaaaaaa x11:0x00000002 x12=0x00000000
          13112	      6552	00000e6c	22c2a823	sw	x12,560(x5)	  x5:0x00005054 x12:0x00000000 PA:0x00005284 store:0x00000000 load:0xaaa50513
          13114	      6553	00000e70	aaaab537	lui	x10,0xaaaab	 x10=0xaaaab000
          13116	      6554	00000e74	aaa50513	addi	x10,x10,-1366	 x10:0xaaaab000 x10=0xaaaaaaaa
          13118	      6555	00000e78	555555b7	lui	x11,0x55555	 x11=0x55555000
          13120	      6556	00000e7c	55458593	addi	x11,x11,1364	 x11:0x55555000 x11=0x55555554
          13194	      6593	00000e80	02b57633	remu	x12,x10,x11	 x10:0xaaaaaaaa x11:0x55555554 x12=0x00000002
          13198	      6595	00000e84	22c2aa23	sw	x12,564(x5)	  x5:0x00005054 x12:0x00000002 PA:0x00005288 store:0x00000002 load:0xaaa50513
          13200	      6596	00000e88	aaaab537	lui	x10,0xaaaab	 x10=0xaaaab000
          13202	      6597	00000e8c	aaa50513	addi	x10,x10,-1366	 x10:0xaaaab000 x10=0xaaaaaaaa
          13204	      6598	00000e90	aaaab5b7	lui	x11,0xaaaab	 x11=0xaaaab000
          13206	      6599	00000e94	aa958593	addi	x11,x11,-1367	 x11:0xaaaab000 x11=0xaaaaaaa9
          13280	      6636	00000e98	02b57633	remu	x12,x10,x11	 x10:0xaaaaaaaa x11:0xaaaaaaa9 x12=0x00000001
          13284	      6638	00000e9c	22c2ac23	sw	x12,568(x5)	  x5:0x00005054 x12:0x00000001 PA:0x0000528c store:0x00000001 load:0xaaa50513
          13286	      6639	00000ea0	aaaab537	lui	x10,0xaaaab	 x10=0xaaaab000
          13288	      6640	00000ea4	aaa50513	addi	x10,x10,-1366	 x10:0xaaaab000 x10=0xaaaaaaaa
          13290	      6641	00000ea8	00400593	addi	x11,x0,4	  x0:0x00000000 x11=0x00000004
          13364	      6678	00000eac	02b57633	remu	x12,x10,x11	 x10:0xaaaaaaaa x11:0x00000004 x12=0x00000002
          13368	      6680	00000eb0	22c2ae23	sw	x12,572(x5)	  x5:0x00005054 x12:0x00000002 PA:0x00005290 store:0x00000002 load:0xaaa50513
          13370	      6681	00000eb4	aaaab537	lui	x10,0xaaaab	 x10=0xaaaab000
          13372	      6682	00000eb8	aaa50513	addi	x10,x10,-1366	 x10:0xaaaab000 x10=0xaaaaaaaa
          13374	      6683	00000ebc	333335b7	lui	x11,0x33333	 x11=0x33333000
          13376	      6684	00000ec0	33258593	addi	x11,x11,818	 x11:0x33333000 x11=0x33333332
          13450	      6721	00000ec4	02b57633	remu	x12,x10,x11	 x10:0xaaaaaaaa x11:0x33333332 x12=0x11111114
          13454	      6723	00000ec8	24c2a023	sw	x12,576(x5)	  x5:0x00005054 x12:0x11111114 PA:0x00005294 store:0x11111114 load:0xaaa50513
          13456	      6724	00000ecc	aaaab537	lui	x10,0xaaaab	 x10=0xaaaab000
          13458	      6725	00000ed0	aaa50513	addi	x10,x10,-1366	 x10:0xaaaab000 x10=0xaaaaaaaa
          13460	      6726	00000ed4	666665b7	lui	x11,0x66666	 x11=0x66666000
          13462	      6727	00000ed8	66558593	addi	x11,x11,1637	 x11:0x66666000 x11=0x66666665
          13536	      6764	00000edc	02b57633	remu	x12,x10,x11	 x10:0xaaaaaaaa x11:0x66666665 x12=0x44444445
          13540	      6766	00000ee0	24c2a223	sw	x12,580(x5)	  x5:0x00005054 x12:0x44444445 PA:0x00005298 store:0x44444445 load:0xaaa50513
          13542	      6767	00000ee4	aaaab537	lui	x10,0xaaaab	 x10=0xaaaab000
          13544	      6768	00000ee8	aaa50513	addi	x10,x10,-1366	 x10:0xaaaab000 x10=0xaaaaaaaa
          13546	      6769	00000eec	0000b5b7	lui	x11,0xb	 x11=0x0000b000
          13548	      6770	00000ef0	50358593	addi	x11,x11,1283	 x11:0x0000b000 x11=0x0000b503
          13622	      6807	00000ef4	02b57633	remu	x12,x10,x11	 x10:0xaaaaaaaa x11:0x0000b503 x12=0x00006090
          13626	      6809	00000ef8	24c2a423	sw	x12,584(x5)	  x5:0x00005054 x12:0x00006090 PA:0x0000529c store:0x00006090 load:0xaaa50513
          13628	      6810	00000efc	aaaab537	lui	x10,0xaaaab	 x10=0xaaaab000
          13630	      6811	00000f00	aaa50513	addi	x10,x10,-1366	 x10:0xaaaab000 x10=0xaaaaaaaa
          13632	      6812	00000f04	000105b7	lui	x11,0x10	 x11=0x00010000
          13634	      6813	00000f08	ffe58593	addi	x11,x11,-2	 x11:0x00010000 x11=0x0000fffe
          13708	      6850	00000f0c	02b57633	remu	x12,x10,x11	 x10:0xaaaaaaaa x11:0x0000fffe x12=0x00000002
          13712	      6852	00000f10	24c2a623	sw	x12,588(x5)	  x5:0x00005054 x12:0x00000002 PA:0x000052a0 store:0x00000002 load:0xaaa50513
          13714	      6853	00000f14	aaaab537	lui	x10,0xaaaab	 x10=0xaaaab000
          13716	      6854	00000f18	aaa50513	addi	x10,x10,-1366	 x10:0xaaaab000 x10=0xaaaaaaaa
          13718	      6855	00000f1c	555555b7	lui	x11,0x55555	 x11=0x55555000
          13720	      6856	00000f20	55658593	addi	x11,x11,1366	 x11:0x55555000 x11=0x55555556
          13794	      6893	00000f24	02b57633	remu	x12,x10,x11	 x10:0xaaaaaaaa x11:0x55555556 x12=0x55555554
          13798	      6895	00000f28	24c2a823	sw	x12,592(x5)	  x5:0x00005054 x12:0x55555554 PA:0x000052a4 store:0x55555554 load:0xaaa50513
          13800	      6896	00000f2c	aaaab537	lui	x10,0xaaaab	 x10=0xaaaab000
          13802	      6897	00000f30	aaa50513	addi	x10,x10,-1366	 x10:0xaaaab000 x10=0xaaaaaaaa
          13804	      6898	00000f34	aaaab5b7	lui	x11,0xaaaab	 x11=0xaaaab000
          13806	      6899	00000f38	aab58593	addi	x11,x11,-1365	 x11:0xaaaab000 x11=0xaaaaaaab
          13880	      6936	00000f3c	02b57633	remu	x12,x10,x11	 x10:0xaaaaaaaa x11:0xaaaaaaab x12=0xaaaaaaaa
          13884	      6938	00000f40	24c2aa23	sw	x12,596(x5)	  x5:0x00005054 x12:0xaaaaaaaa PA:0x000052a8 store:0xaaaaaaaa load:0xaaa50513
          13886	      6939	00000f44	aaaab537	lui	x10,0xaaaab	 x10=0xaaaab000
          13888	      6940	00000f48	aaa50513	addi	x10,x10,-1366	 x10:0xaaaab000 x10=0xaaaaaaaa
          13890	      6941	00000f4c	00600593	addi	x11,x0,6	  x0:0x00000000 x11=0x00000006
          13964	      6978	00000f50	02b57633	remu	x12,x10,x11	 x10:0xaaaaaaaa x11:0x00000006 x12=0x00000002
          13968	      6980	00000f54	24c2ac23	sw	x12,600(x5)	  x5:0x00005054 x12:0x00000002 PA:0x000052ac store:0x00000002 load:0xaaa50513
          13970	      6981	00000f58	aaaab537	lui	x10,0xaaaab	 x10=0xaaaab000
          13972	      6982	00000f5c	aaa50513	addi	x10,x10,-1366	 x10:0xaaaab000 x10=0xaaaaaaaa
          13974	      6983	00000f60	333335b7	lui	x11,0x33333	 x11=0x33333000
          13976	      6984	00000f64	33458593	addi	x11,x11,820	 x11:0x33333000 x11=0x33333334
          14050	      7021	00000f68	02b57633	remu	x12,x10,x11	 x10:0xaaaaaaaa x11:0x33333334 x12=0x1111110e
          14054	      7023	00000f6c	24c2ae23	sw	x12,604(x5)	  x5:0x00005054 x12:0x1111110e PA:0x000052b0 store:0x1111110e load:0xaaa50513
          14056	      7024	00000f70	aaaab537	lui	x10,0xaaaab	 x10=0xaaaab000
          14058	      7025	00000f74	aaa50513	addi	x10,x10,-1366	 x10:0xaaaab000 x10=0xaaaaaaaa
          14060	      7026	00000f78	666665b7	lui	x11,0x66666	 x11=0x66666000
          14062	      7027	00000f7c	66758593	addi	x11,x11,1639	 x11:0x66666000 x11=0x66666667
          14136	      7064	00000f80	02b57633	remu	x12,x10,x11	 x10:0xaaaaaaaa x11:0x66666667 x12=0x44444443
          14140	      7066	00000f84	26c2a023	sw	x12,608(x5)	  x5:0x00005054 x12:0x44444443 PA:0x000052b4 store:0x44444443 load:0xaaa50513
          14142	      7067	00000f88	aaaab537	lui	x10,0xaaaab	 x10=0xaaaab000
          14144	      7068	00000f8c	aaa50513	addi	x10,x10,-1366	 x10:0xaaaab000 x10=0xaaaaaaaa
          14146	      7069	00000f90	0000b5b7	lui	x11,0xb	 x11=0x0000b000
          14148	      7070	00000f94	50558593	addi	x11,x11,1285	 x11:0x0000b000 x11=0x0000b505
          14222	      7107	00000f98	02b57633	remu	x12,x10,x11	 x10:0xaaaaaaaa x11:0x0000b505 x12=0x00009ce3
          14226	      7109	00000f9c	26c2a223	sw	x12,612(x5)	  x5:0x00005054 x12:0x00009ce3 PA:0x000052b8 store:0x00009ce3 load:0xaaa50513
          14228	      7110	00000fa0	aaaab537	lui	x10,0xaaaab	 x10=0xaaaab000
          14230	      7111	00000fa4	aaa50513	addi	x10,x10,-1366	 x10:0xaaaab000 x10=0xaaaaaaaa
          14232	      7112	00000fa8	000105b7	lui	x11,0x10	 x11=0x00010000
          14306	      7149	00000fac	02b57633	remu	x12,x10,x11	 x10:0xaaaaaaaa x11:0x00010000 x12=0x0000aaaa
          14310	      7151	00000fb0	26c2a423	sw	x12,616(x5)	  x5:0x00005054 x12:0x0000aaaa PA:0x000052bc store:0x0000aaaa load:0x00300593
          14312	      7152	00000fb4	00500513	addi	x10,x0,5	  x0:0x00000000 x10=0x00000005
          14314	      7153	00000fb8	00300593	addi	x11,x0,3	  x0:0x00000000 x11=0x00000003
          14388	      7190	00000fbc	02b57633	remu	x12,x10,x11	 x10:0x00000005 x11:0x00000003 x12=0x00000002
          14392	      7192	00000fc0	26c2a623	sw	x12,620(x5)	  x5:0x00005054 x12:0x00000002 PA:0x000052c0 store:0x00000002 load:0x555555b7
          14394	      7193	00000fc4	00500513	addi	x10,x0,5	  x0:0x00000000 x10=0x00000005
          14396	      7194	00000fc8	555555b7	lui	x11,0x55555	 x11=0x55555000
          14398	      7195	00000fcc	55558593	addi	x11,x11,1365	 x11:0x55555000 x11=0x55555555
          14472	      7232	00000fd0	02b57633	remu	x12,x10,x11	 x10:0x00000005 x11:0x55555555 x12=0x00000005
          14476	      7234	00000fd4	26c2a823	sw	x12,624(x5)	  x5:0x00005054 x12:0x00000005 PA:0x000052c4 store:0x00000005 load:0xaaaab5b7
          14478	      7235	00000fd8	00500513	addi	x10,x0,5	  x0:0x00000000 x10=0x00000005
          14480	      7236	00000fdc	aaaab5b7	lui	x11,0xaaaab	 x11=0xaaaab000
          14482	      7237	00000fe0	aaa58593	addi	x11,x11,-1366	 x11:0xaaaab000 x11=0xaaaaaaaa
          14556	      7274	00000fe4	02b57633	remu	x12,x10,x11	 x10:0x00000005 x11:0xaaaaaaaa x12=0x00000005
          14560	      7276	00000fe8	26c2aa23	sw	x12,628(x5)	  x5:0x00005054 x12:0x00000005 PA:0x000052c8 store:0x00000005 load:0x00500593
          14562	      7277	00000fec	00500513	addi	x10,x0,5	  x0:0x00000000 x10=0x00000005
          14564	      7278	00000ff0	00500593	addi	x11,x0,5	  x0:0x00000000 x11=0x00000005
          14638	      7315	00000ff4	02b57633	remu	x12,x10,x11	 x10:0x00000005 x11:0x00000005 x12=0x00000000
          14642	      7317	00000ff8	26c2ac23	sw	x12,632(x5)	  x5:0x00005054 x12:0x00000000 PA:0x000052cc store:0x00000000 load:0x333335b7
          14644	      7318	00000ffc	00500513	addi	x10,x0,5	  x0:0x00000000 x10=0x00000005
          14646	      7319	00001000	333335b7	lui	x11,0x33333	 x11=0x33333000
          14648	      7320	00001004	33358593	addi	x11,x11,819	 x11:0x33333000 x11=0x33333333
          14722	      7357	00001008	02b57633	remu	x12,x10,x11	 x10:0x00000005 x11:0x33333333 x12=0x00000005
          14726	      7359	0000100c	26c2ae23	sw	x12,636(x5)	  x5:0x00005054 x12:0x00000005 PA:0x000052d0 store:0x00000005 load:0x666665b7
          14728	      7360	00001010	00500513	addi	x10,x0,5	  x0:0x00000000 x10=0x00000005
          14730	      7361	00001014	666665b7	lui	x11,0x66666	 x11=0x66666000
          14732	      7362	00001018	66658593	addi	x11,x11,1638	 x11:0x66666000 x11=0x66666666
          14806	      7399	0000101c	02b57633	remu	x12,x10,x11	 x10:0x00000005 x11:0x66666666 x12=0x00000005
          14810	      7401	00001020	28c2a023	sw	x12,640(x5)	  x5:0x00005054 x12:0x00000005 PA:0x000052d4 store:0x00000005 load:0x0000b5b7
          14812	      7402	00001024	00500513	addi	x10,x0,5	  x0:0x00000000 x10=0x00000005
          14814	      7403	00001028	0000b5b7	lui	x11,0xb	 x11=0x0000b000
          14816	      7404	0000102c	50458593	addi	x11,x11,1284	 x11:0x0000b000 x11=0x0000b504
          14890	      7441	00001030	02b57633	remu	x12,x10,x11	 x10:0x00000005 x11:0x0000b504 x12=0x00000005
          14894	      7443	00001034	28c2a223	sw	x12,644(x5)	  x5:0x00005054 x12:0x00000005 PA:0x000052d8 store:0x00000005 load:0x00000593
          14896	      7444	00001038	00500513	addi	x10,x0,5	  x0:0x00000000 x10=0x00000005
          14898	      7445	0000103c	00000593	addi	x11,x0,0	  x0:0x00000000 x11=0x00000000
          14902	      7447	00001040	02b57633	remu	x12,x10,x11	 x10:0x00000005 x11:0x00000000 x12=0x00000005
          14906	      7449	00001044	28c2a423	sw	x12,648(x5)	  x5:0x00005054 x12:0x00000005 PA:0x000052dc store:0x00000005 load:0x000105b7
          14908	      7450	00001048	00500513	addi	x10,x0,5	  x0:0x00000000 x10=0x00000005
          14910	      7451	0000104c	000105b7	lui	x11,0x10	 x11=0x00010000
          14912	      7452	00001050	fff58593	addi	x11,x11,-1	 x11:0x00010000 x11=0x0000ffff
          14986	      7489	00001054	02b57633	remu	x12,x10,x11	 x10:0x00000005 x11:0x0000ffff x12=0x00000005
          14990	      7491	00001058	28c2a623	sw	x12,652(x5)	  x5:0x00005054 x12:0x00000005 PA:0x000052e0 store:0x00000005 load:0x00200593
          14992	      7492	0000105c	00500513	addi	x10,x0,5	  x0:0x00000000 x10=0x00000005
          14994	      7493	00001060	00200593	addi	x11,x0,2	  x0:0x00000000 x11=0x00000002
          15068	      7530	00001064	02b57633	remu	x12,x10,x11	 x10:0x00000005 x11:0x00000002 x12=0x00000001
          15072	      7532	00001068	28c2a823	sw	x12,656(x5)	  x5:0x00005054 x12:0x00000001 PA:0x000052e4 store:0x00000001 load:0x555555b7
          15074	      7533	0000106c	00500513	addi	x10,x0,5	  x0:0x00000000 x10=0x00000005
          15076	      7534	00001070	555555b7	lui	x11,0x55555	 x11=0x55555000
          15078	      7535	00001074	55458593	addi	x11,x11,1364	 x11:0x55555000 x11=0x55555554
          15152	      7572	00001078	02b57633	remu	x12,x10,x11	 x10:0x00000005 x11:0x55555554 x12=0x00000005
          15156	      7574	0000107c	28c2aa23	sw	x12,660(x5)	  x5:0x00005054 x12:0x00000005 PA:0x000052e8 store:0x00000005 load:0xaaaab5b7
          15158	      7575	00001080	00500513	addi	x10,x0,5	  x0:0x00000000 x10=0x00000005
          15160	      7576	00001084	aaaab5b7	lui	x11,0xaaaab	 x11=0xaaaab000
          15162	      7577	00001088	aa958593	addi	x11,x11,-1367	 x11:0xaaaab000 x11=0xaaaaaaa9
          15236	      7614	0000108c	02b57633	remu	x12,x10,x11	 x10:0x00000005 x11:0xaaaaaaa9 x12=0x00000005
          15240	      7616	00001090	28c2ac23	sw	x12,664(x5)	  x5:0x00005054 x12:0x00000005 PA:0x000052ec store:0x00000005 load:0x00400593
          15242	      7617	00001094	00500513	addi	x10,x0,5	  x0:0x00000000 x10=0x00000005
          15244	      7618	00001098	00400593	addi	x11,x0,4	  x0:0x00000000 x11=0x00000004
          15318	      7655	0000109c	02b57633	remu	x12,x10,x11	 x10:0x00000005 x11:0x00000004 x12=0x00000001
          15322	      7657	000010a0	28c2ae23	sw	x12,668(x5)	  x5:0x00005054 x12:0x00000001 PA:0x000052f0 store:0x00000001 load:0x333335b7
          15324	      7658	000010a4	00500513	addi	x10,x0,5	  x0:0x00000000 x10=0x00000005
          15326	      7659	000010a8	333335b7	lui	x11,0x33333	 x11=0x33333000
          15328	      7660	000010ac	33258593	addi	x11,x11,818	 x11:0x33333000 x11=0x33333332
          15402	      7697	000010b0	02b57633	remu	x12,x10,x11	 x10:0x00000005 x11:0x33333332 x12=0x00000005
          15406	      7699	000010b4	2ac2a023	sw	x12,672(x5)	  x5:0x00005054 x12:0x00000005 PA:0x000052f4 store:0x00000005 load:0x666665b7
          15408	      7700	000010b8	00500513	addi	x10,x0,5	  x0:0x00000000 x10=0x00000005
          15410	      7701	000010bc	666665b7	lui	x11,0x66666	 x11=0x66666000
          15412	      7702	000010c0	66558593	addi	x11,x11,1637	 x11:0x66666000 x11=0x66666665
          15486	      7739	000010c4	02b57633	remu	x12,x10,x11	 x10:0x00000005 x11:0x66666665 x12=0x00000005
          15490	      7741	000010c8	2ac2a223	sw	x12,676(x5)	  x5:0x00005054 x12:0x00000005 PA:0x000052f8 store:0x00000005 load:0x0000b5b7
          15492	      7742	000010cc	00500513	addi	x10,x0,5	  x0:0x00000000 x10=0x00000005
          15494	      7743	000010d0	0000b5b7	lui	x11,0xb	 x11=0x0000b000
          15496	      7744	000010d4	50358593	addi	x11,x11,1283	 x11:0x0000b000 x11=0x0000b503
          15570	      7781	000010d8	02b57633	remu	x12,x10,x11	 x10:0x00000005 x11:0x0000b503 x12=0x00000005
          15574	      7783	000010dc	2ac2a423	sw	x12,680(x5)	  x5:0x00005054 x12:0x00000005 PA:0x000052fc store:0x00000005 load:0x000105b7
          15576	      7784	000010e0	00500513	addi	x10,x0,5	  x0:0x00000000 x10=0x00000005
          15578	      7785	000010e4	000105b7	lui	x11,0x10	 x11=0x00010000
          15580	      7786	000010e8	ffe58593	addi	x11,x11,-2	 x11:0x00010000 x11=0x0000fffe
          15654	      7823	000010ec	02b57633	remu	x12,x10,x11	 x10:0x00000005 x11:0x0000fffe x12=0x00000005
          15658	      7825	000010f0	2ac2a623	sw	x12,684(x5)	  x5:0x00005054 x12:0x00000005 PA:0x00005300 store:0x00000005 load:0x555555b7
          15660	      7826	000010f4	00500513	addi	x10,x0,5	  x0:0x00000000 x10=0x00000005
          15662	      7827	000010f8	555555b7	lui	x11,0x55555	 x11=0x55555000
          15664	      7828	000010fc	55658593	addi	x11,x11,1366	 x11:0x55555000 x11=0x55555556
          15738	      7865	00001100	02b57633	remu	x12,x10,x11	 x10:0x00000005 x11:0x55555556 x12=0x00000005
          15742	      7867	00001104	2ac2a823	sw	x12,688(x5)	  x5:0x00005054 x12:0x00000005 PA:0x00005304 store:0x00000005 load:0xaaaab5b7
          15744	      7868	00001108	00500513	addi	x10,x0,5	  x0:0x00000000 x10=0x00000005
          15746	      7869	0000110c	aaaab5b7	lui	x11,0xaaaab	 x11=0xaaaab000
          15748	      7870	00001110	aab58593	addi	x11,x11,-1365	 x11:0xaaaab000 x11=0xaaaaaaab
          15822	      7907	00001114	02b57633	remu	x12,x10,x11	 x10:0x00000005 x11:0xaaaaaaab x12=0x00000005
          15826	      7909	00001118	2ac2aa23	sw	x12,692(x5)	  x5:0x00005054 x12:0x00000005 PA:0x00005308 store:0x00000005 load:0x00600593
          15828	      7910	0000111c	00500513	addi	x10,x0,5	  x0:0x00000000 x10=0x00000005
          15830	      7911	00001120	00600593	addi	x11,x0,6	  x0:0x00000000 x11=0x00000006
          15904	      7948	00001124	02b57633	remu	x12,x10,x11	 x10:0x00000005 x11:0x00000006 x12=0x00000005
          15908	      7950	00001128	2ac2ac23	sw	x12,696(x5)	  x5:0x00005054 x12:0x00000005 PA:0x0000530c store:0x00000005 load:0x333335b7
          15910	      7951	0000112c	00500513	addi	x10,x0,5	  x0:0x00000000 x10=0x00000005
          15912	      7952	00001130	333335b7	lui	x11,0x33333	 x11=0x33333000
          15914	      7953	00001134	33458593	addi	x11,x11,820	 x11:0x33333000 x11=0x33333334
          15988	      7990	00001138	02b57633	remu	x12,x10,x11	 x10:0x00000005 x11:0x33333334 x12=0x00000005
          15992	      7992	0000113c	2ac2ae23	sw	x12,700(x5)	  x5:0x00005054 x12:0x00000005 PA:0x00005310 store:0x00000005 load:0x666665b7
          15994	      7993	00001140	00500513	addi	x10,x0,5	  x0:0x00000000 x10=0x00000005
          15996	      7994	00001144	666665b7	lui	x11,0x66666	 x11=0x66666000
          15998	      7995	00001148	66758593	addi	x11,x11,1639	 x11:0x66666000 x11=0x66666667
          16072	      8032	0000114c	02b57633	remu	x12,x10,x11	 x10:0x00000005 x11:0x66666667 x12=0x00000005
          16076	      8034	00001150	2cc2a023	sw	x12,704(x5)	  x5:0x00005054 x12:0x00000005 PA:0x00005314 store:0x00000005 load:0x0000b5b7
          16078	      8035	00001154	00500513	addi	x10,x0,5	  x0:0x00000000 x10=0x00000005
          16080	      8036	00001158	0000b5b7	lui	x11,0xb	 x11=0x0000b000
          16082	      8037	0000115c	50558593	addi	x11,x11,1285	 x11:0x0000b000 x11=0x0000b505
          16156	      8074	00001160	02b57633	remu	x12,x10,x11	 x10:0x00000005 x11:0x0000b505 x12=0x00000005
          16160	      8076	00001164	2cc2a223	sw	x12,708(x5)	  x5:0x00005054 x12:0x00000005 PA:0x00005318 store:0x00000005 load:0x00100593
          16162	      8077	00001168	00500513	addi	x10,x0,5	  x0:0x00000000 x10=0x00000005
          16164	      8078	0000116c	00100593	addi	x11,x0,1	  x0:0x00000000 x11=0x00000001
          16238	      8115	00001170	02b57633	remu	x12,x10,x11	 x10:0x00000005 x11:0x00000001 x12=0x00000000
          16242	      8117	00001174	2cc2a423	sw	x12,712(x5)	  x5:0x00005054 x12:0x00000000 PA:0x0000531c store:0x00000000 load:0x000105b7
          16244	      8118	00001178	00500513	addi	x10,x0,5	  x0:0x00000000 x10=0x00000005
          16246	      8119	0000117c	000105b7	lui	x11,0x10	 x11=0x00010000
          16320	      8156	00001180	02b57633	remu	x12,x10,x11	 x10:0x00000005 x11:0x00010000 x12=0x00000005
          16324	      8158	00001184	2cc2a623	sw	x12,716(x5)	  x5:0x00005054 x12:0x00000005 PA:0x00005320 store:0x00000005 load:0x33350513
          16326	      8159	00001188	33333537	lui	x10,0x33333	 x10=0x33333000
          16328	      8160	0000118c	33350513	addi	x10,x10,819	 x10:0x33333000 x10=0x33333333
          16330	      8161	00001190	00300593	addi	x11,x0,3	  x0:0x00000000 x11=0x00000003
          16404	      8198	00001194	02b57633	remu	x12,x10,x11	 x10:0x33333333 x11:0x00000003 x12=0x00000000
          16408	      8200	00001198	2cc2a823	sw	x12,720(x5)	  x5:0x00005054 x12:0x00000000 PA:0x00005324 store:0x00000000 load:0x33350513
          16410	      8201	0000119c	33333537	lui	x10,0x33333	 x10=0x33333000
          16412	      8202	000011a0	33350513	addi	x10,x10,819	 x10:0x33333000 x10=0x33333333
          16414	      8203	000011a4	555555b7	lui	x11,0x55555	 x11=0x55555000
          16416	      8204	000011a8	55558593	addi	x11,x11,1365	 x11:0x55555000 x11=0x55555555
          16490	      8241	000011ac	02b57633	remu	x12,x10,x11	 x10:0x33333333 x11:0x55555555 x12=0x33333333
          16494	      8243	000011b0	2cc2aa23	sw	x12,724(x5)	  x5:0x00005054 x12:0x33333333 PA:0x00005328 store:0x33333333 load:0x33350513
          16496	      8244	000011b4	33333537	lui	x10,0x33333	 x10=0x33333000
          16498	      8245	000011b8	33350513	addi	x10,x10,819	 x10:0x33333000 x10=0x33333333
          16500	      8246	000011bc	aaaab5b7	lui	x11,0xaaaab	 x11=0xaaaab000
          16502	      8247	000011c0	aaa58593	addi	x11,x11,-1366	 x11:0xaaaab000 x11=0xaaaaaaaa
          16576	      8284	000011c4	02b57633	remu	x12,x10,x11	 x10:0x33333333 x11:0xaaaaaaaa x12=0x33333333
          16580	      8286	000011c8	2cc2ac23	sw	x12,728(x5)	  x5:0x00005054 x12:0x33333333 PA:0x0000532c store:0x33333333 load:0x33350513
          16582	      8287	000011cc	33333537	lui	x10,0x33333	 x10=0x33333000
          16584	      8288	000011d0	33350513	addi	x10,x10,819	 x10:0x33333000 x10=0x33333333
          16586	      8289	000011d4	00500593	addi	x11,x0,5	  x0:0x00000000 x11=0x00000005
          16660	      8326	000011d8	02b57633	remu	x12,x10,x11	 x10:0x33333333 x11:0x00000005 x12=0x00000004
          16664	      8328	000011dc	2cc2ae23	sw	x12,732(x5)	  x5:0x00005054 x12:0x00000004 PA:0x00005330 store:0x00000004 load:0x33350513
          16666	      8329	000011e0	33333537	lui	x10,0x33333	 x10=0x33333000
          16668	      8330	000011e4	33350513	addi	x10,x10,819	 x10:0x33333000 x10=0x33333333
          16670	      8331	000011e8	333335b7	lui	x11,0x33333	 x11=0x33333000
          16672	      8332	000011ec	33358593	addi	x11,x11,819	 x11:0x33333000 x11=0x33333333
          16746	      8369	000011f0	02b57633	remu	x12,x10,x11	 x10:0x33333333 x11:0x33333333 x12=0x00000000
          16750	      8371	000011f4	2ec2a023	sw	x12,736(x5)	  x5:0x00005054 x12:0x00000000 PA:0x00005334 store:0x00000000 load:0x33350513
          16752	      8372	000011f8	33333537	lui	x10,0x33333	 x10=0x33333000
          16754	      8373	000011fc	33350513	addi	x10,x10,819	 x10:0x33333000 x10=0x33333333
          16756	      8374	00001200	666665b7	lui	x11,0x66666	 x11=0x66666000
          16758	      8375	00001204	66658593	addi	x11,x11,1638	 x11:0x66666000 x11=0x66666666
          16832	      8412	00001208	02b57633	remu	x12,x10,x11	 x10:0x33333333 x11:0x66666666 x12=0x33333333
          16836	      8414	0000120c	2ec2a223	sw	x12,740(x5)	  x5:0x00005054 x12:0x33333333 PA:0x00005338 store:0x33333333 load:0x33350513
          16838	      8415	00001210	33333537	lui	x10,0x33333	 x10=0x33333000
          16840	      8416	00001214	33350513	addi	x10,x10,819	 x10:0x33333000 x10=0x33333333
          16842	      8417	00001218	0000b5b7	lui	x11,0xb	 x11=0x0000b000
          16844	      8418	0000121c	50458593	addi	x11,x11,1284	 x11:0x0000b000 x11=0x0000b504
          16918	      8455	00001220	02b57633	remu	x12,x10,x11	 x10:0x33333333 x11:0x0000b504 x12=0x00008993
          16922	      8457	00001224	2ec2a423	sw	x12,744(x5)	  x5:0x00005054 x12:0x00008993 PA:0x0000533c store:0x00008993 load:0x33350513
          16924	      8458	00001228	33333537	lui	x10,0x33333	 x10=0x33333000
          16926	      8459	0000122c	33350513	addi	x10,x10,819	 x10:0x33333000 x10=0x33333333
          16928	      8460	00001230	00000593	addi	x11,x0,0	  x0:0x00000000 x11=0x00000000
          16932	      8462	00001234	02b57633	remu	x12,x10,x11	 x10:0x33333333 x11:0x00000000 x12=0x33333333
          16936	      8464	00001238	2ec2a623	sw	x12,748(x5)	  x5:0x00005054 x12:0x33333333 PA:0x00005340 store:0x33333333 load:0x33350513
          16938	      8465	0000123c	33333537	lui	x10,0x33333	 x10=0x33333000
          16940	      8466	00001240	33350513	addi	x10,x10,819	 x10:0x33333000 x10=0x33333333
          16942	      8467	00001244	000105b7	lui	x11,0x10	 x11=0x00010000
          16944	      8468	00001248	fff58593	addi	x11,x11,-1	 x11:0x00010000 x11=0x0000ffff
          17018	      8505	0000124c	02b57633	remu	x12,x10,x11	 x10:0x33333333 x11:0x0000ffff x12=0x00006666
          17022	      8507	00001250	2ec2a823	sw	x12,752(x5)	  x5:0x00005054 x12:0x00006666 PA:0x00005344 store:0x00006666 load:0x33350513
          17024	      8508	00001254	33333537	lui	x10,0x33333	 x10=0x33333000
          17026	      8509	00001258	33350513	addi	x10,x10,819	 x10:0x33333000 x10=0x33333333
          17028	      8510	0000125c	00200593	addi	x11,x0,2	  x0:0x00000000 x11=0x00000002
          17102	      8547	00001260	02b57633	remu	x12,x10,x11	 x10:0x33333333 x11:0x00000002 x12=0x00000001
          17106	      8549	00001264	2ec2aa23	sw	x12,756(x5)	  x5:0x00005054 x12:0x00000001 PA:0x00005348 store:0x00000001 load:0x33350513
          17108	      8550	00001268	33333537	lui	x10,0x33333	 x10=0x33333000
          17110	      8551	0000126c	33350513	addi	x10,x10,819	 x10:0x33333000 x10=0x33333333
          17112	      8552	00001270	555555b7	lui	x11,0x55555	 x11=0x55555000
          17114	      8553	00001274	55458593	addi	x11,x11,1364	 x11:0x55555000 x11=0x55555554
          17188	      8590	00001278	02b57633	remu	x12,x10,x11	 x10:0x33333333 x11:0x55555554 x12=0x33333333
          17192	      8592	0000127c	2ec2ac23	sw	x12,760(x5)	  x5:0x00005054 x12:0x33333333 PA:0x0000534c store:0x33333333 load:0x33350513
          17194	      8593	00001280	33333537	lui	x10,0x33333	 x10=0x33333000
          17196	      8594	00001284	33350513	addi	x10,x10,819	 x10:0x33333000 x10=0x33333333
          17198	      8595	00001288	aaaab5b7	lui	x11,0xaaaab	 x11=0xaaaab000
          17200	      8596	0000128c	aa958593	addi	x11,x11,-1367	 x11:0xaaaab000 x11=0xaaaaaaa9
          17274	      8633	00001290	02b57633	remu	x12,x10,x11	 x10:0x33333333 x11:0xaaaaaaa9 x12=0x33333333
          17278	      8635	00001294	2ec2ae23	sw	x12,764(x5)	  x5:0x00005054 x12:0x33333333 PA:0x00005350 store:0x33333333 load:0x33350513
          17280	      8636	00001298	33333537	lui	x10,0x33333	 x10=0x33333000
          17282	      8637	0000129c	33350513	addi	x10,x10,819	 x10:0x33333000 x10=0x33333333
          17284	      8638	000012a0	00400593	addi	x11,x0,4	  x0:0x00000000 x11=0x00000004
          17358	      8675	000012a4	02b57633	remu	x12,x10,x11	 x10:0x33333333 x11:0x00000004 x12=0x00000003
          17362	      8677	000012a8	30c2a023	sw	x12,768(x5)	  x5:0x00005054 x12:0x00000003 PA:0x00005354 store:0x00000003 load:0x33350513
          17364	      8678	000012ac	33333537	lui	x10,0x33333	 x10=0x33333000
          17366	      8679	000012b0	33350513	addi	x10,x10,819	 x10:0x33333000 x10=0x33333333
          17368	      8680	000012b4	333335b7	lui	x11,0x33333	 x11=0x33333000
          17370	      8681	000012b8	33258593	addi	x11,x11,818	 x11:0x33333000 x11=0x33333332
          17444	      8718	000012bc	02b57633	remu	x12,x10,x11	 x10:0x33333333 x11:0x33333332 x12=0x00000001
          17448	      8720	000012c0	30c2a223	sw	x12,772(x5)	  x5:0x00005054 x12:0x00000001 PA:0x00005358 store:0x00000001 load:0x33350513
          17450	      8721	000012c4	33333537	lui	x10,0x33333	 x10=0x33333000
          17452	      8722	000012c8	33350513	addi	x10,x10,819	 x10:0x33333000 x10=0x33333333
          17454	      8723	000012cc	666665b7	lui	x11,0x66666	 x11=0x66666000
          17456	      8724	000012d0	66558593	addi	x11,x11,1637	 x11:0x66666000 x11=0x66666665
          17530	      8761	000012d4	02b57633	remu	x12,x10,x11	 x10:0x33333333 x11:0x66666665 x12=0x33333333
          17534	      8763	000012d8	30c2a423	sw	x12,776(x5)	  x5:0x00005054 x12:0x33333333 PA:0x0000535c store:0x33333333 load:0x33350513
          17536	      8764	000012dc	33333537	lui	x10,0x33333	 x10=0x33333000
          17538	      8765	000012e0	33350513	addi	x10,x10,819	 x10:0x33333000 x10=0x33333333
          17540	      8766	000012e4	0000b5b7	lui	x11,0xb	 x11=0x0000b000
          17542	      8767	000012e8	50358593	addi	x11,x11,1283	 x11:0x0000b000 x11=0x0000b503
          17616	      8804	000012ec	02b57633	remu	x12,x10,x11	 x10:0x33333333 x11:0x0000b503 x12=0x00001cf8
          17620	      8806	000012f0	30c2a623	sw	x12,780(x5)	  x5:0x00005054 x12:0x00001cf8 PA:0x00005360 store:0x00001cf8 load:0x33350513
          17622	      8807	000012f4	33333537	lui	x10,0x33333	 x10=0x33333000
          17624	      8808	000012f8	33350513	addi	x10,x10,819	 x10:0x33333000 x10=0x33333333
          17626	      8809	000012fc	000105b7	lui	x11,0x10	 x11=0x00010000
          17628	      8810	00001300	ffe58593	addi	x11,x11,-2	 x11:0x00010000 x11=0x0000fffe
          17702	      8847	00001304	02b57633	remu	x12,x10,x11	 x10:0x33333333 x11:0x0000fffe x12=0x00009999
          17706	      8849	00001308	30c2a823	sw	x12,784(x5)	  x5:0x00005054 x12:0x00009999 PA:0x00005364 store:0x00009999 load:0x33350513
          17708	      8850	0000130c	33333537	lui	x10,0x33333	 x10=0x33333000
          17710	      8851	00001310	33350513	addi	x10,x10,819	 x10:0x33333000 x10=0x33333333
          17712	      8852	00001314	555555b7	lui	x11,0x55555	 x11=0x55555000
          17714	      8853	00001318	55658593	addi	x11,x11,1366	 x11:0x55555000 x11=0x55555556
          17788	      8890	0000131c	02b57633	remu	x12,x10,x11	 x10:0x33333333 x11:0x55555556 x12=0x33333333
          17792	      8892	00001320	30c2aa23	sw	x12,788(x5)	  x5:0x00005054 x12:0x33333333 PA:0x00005368 store:0x33333333 load:0x33350513
          17794	      8893	00001324	33333537	lui	x10,0x33333	 x10=0x33333000
          17796	      8894	00001328	33350513	addi	x10,x10,819	 x10:0x33333000 x10=0x33333333
          17798	      8895	0000132c	aaaab5b7	lui	x11,0xaaaab	 x11=0xaaaab000
          17800	      8896	00001330	aab58593	addi	x11,x11,-1365	 x11:0xaaaab000 x11=0xaaaaaaab
          17874	      8933	00001334	02b57633	remu	x12,x10,x11	 x10:0x33333333 x11:0xaaaaaaab x12=0x33333333
          17878	      8935	00001338	30c2ac23	sw	x12,792(x5)	  x5:0x00005054 x12:0x33333333 PA:0x0000536c store:0x33333333 load:0x33350513
          17880	      8936	0000133c	33333537	lui	x10,0x33333	 x10=0x33333000
          17882	      8937	00001340	33350513	addi	x10,x10,819	 x10:0x33333000 x10=0x33333333
          17884	      8938	00001344	00600593	addi	x11,x0,6	  x0:0x00000000 x11=0x00000006
          17958	      8975	00001348	02b57633	remu	x12,x10,x11	 x10:0x33333333 x11:0x00000006 x12=0x00000003
          17962	      8977	0000134c	30c2ae23	sw	x12,796(x5)	  x5:0x00005054 x12:0x00000003 PA:0x00005370 store:0x00000003 load:0x33350513
          17964	      8978	00001350	33333537	lui	x10,0x33333	 x10=0x33333000
          17966	      8979	00001354	33350513	addi	x10,x10,819	 x10:0x33333000 x10=0x33333333
          17968	      8980	00001358	333335b7	lui	x11,0x33333	 x11=0x33333000
          17970	      8981	0000135c	33458593	addi	x11,x11,820	 x11:0x33333000 x11=0x33333334
          18044	      9018	00001360	02b57633	remu	x12,x10,x11	 x10:0x33333333 x11:0x33333334 x12=0x33333333
          18048	      9020	00001364	32c2a023	sw	x12,800(x5)	  x5:0x00005054 x12:0x33333333 PA:0x00005374 store:0x33333333 load:0x33350513
          18050	      9021	00001368	33333537	lui	x10,0x33333	 x10=0x33333000
          18052	      9022	0000136c	33350513	addi	x10,x10,819	 x10:0x33333000 x10=0x33333333
          18054	      9023	00001370	666665b7	lui	x11,0x66666	 x11=0x66666000
          18056	      9024	00001374	66758593	addi	x11,x11,1639	 x11:0x66666000 x11=0x66666667
          18130	      9061	00001378	02b57633	remu	x12,x10,x11	 x10:0x33333333 x11:0x66666667 x12=0x33333333
          18134	      9063	0000137c	32c2a223	sw	x12,804(x5)	  x5:0x00005054 x12:0x33333333 PA:0x00005378 store:0x33333333 load:0x33350513
          18136	      9064	00001380	33333537	lui	x10,0x33333	 x10=0x33333000
          18138	      9065	00001384	33350513	addi	x10,x10,819	 x10:0x33333000 x10=0x33333333
          18140	      9066	00001388	0000b5b7	lui	x11,0xb	 x11=0x0000b000
          18142	      9067	0000138c	50558593	addi	x11,x11,1285	 x11:0x0000b000 x11=0x0000b505
          18216	      9104	00001390	02b57633	remu	x12,x10,x11	 x10:0x33333333 x11:0x0000b505 x12=0x0000412b
          18220	      9106	00001394	32c2a423	sw	x12,808(x5)	  x5:0x00005054 x12:0x0000412b PA:0x0000537c store:0x0000412b load:0x33350513
          18222	      9107	00001398	33333537	lui	x10,0x33333	 x10=0x33333000
          18224	      9108	0000139c	33350513	addi	x10,x10,819	 x10:0x33333000 x10=0x33333333
          18226	      9109	000013a0	00100593	addi	x11,x0,1	  x0:0x00000000 x11=0x00000001
          18300	      9146	000013a4	02b57633	remu	x12,x10,x11	 x10:0x33333333 x11:0x00000001 x12=0x00000000
          18304	      9148	000013a8	32c2a623	sw	x12,812(x5)	  x5:0x00005054 x12:0x00000000 PA:0x00005380 store:0x00000000 load:0x33350513
          18306	      9149	000013ac	33333537	lui	x10,0x33333	 x10=0x33333000
          18308	      9150	000013b0	33350513	addi	x10,x10,819	 x10:0x33333000 x10=0x33333333
          18310	      9151	000013b4	000105b7	lui	x11,0x10	 x11=0x00010000
          18384	      9188	000013b8	02b57633	remu	x12,x10,x11	 x10:0x33333333 x11:0x00010000 x12=0x00003333
          18388	      9190	000013bc	32c2a823	sw	x12,816(x5)	  x5:0x00005054 x12:0x00003333 PA:0x00005384 store:0x00003333 load:0x66650513
          18390	      9191	000013c0	66666537	lui	x10,0x66666	 x10=0x66666000
          18392	      9192	000013c4	66650513	addi	x10,x10,1638	 x10:0x66666000 x10=0x66666666
          18394	      9193	000013c8	00300593	addi	x11,x0,3	  x0:0x00000000 x11=0x00000003
          18468	      9230	000013cc	02b57633	remu	x12,x10,x11	 x10:0x66666666 x11:0x00000003 x12=0x00000000
          18472	      9232	000013d0	32c2aa23	sw	x12,820(x5)	  x5:0x00005054 x12:0x00000000 PA:0x00005388 store:0x00000000 load:0x66650513
          18474	      9233	000013d4	66666537	lui	x10,0x66666	 x10=0x66666000
          18476	      9234	000013d8	66650513	addi	x10,x10,1638	 x10:0x66666000 x10=0x66666666
          18478	      9235	000013dc	555555b7	lui	x11,0x55555	 x11=0x55555000
          18480	      9236	000013e0	55558593	addi	x11,x11,1365	 x11:0x55555000 x11=0x55555555
          18554	      9273	000013e4	02b57633	remu	x12,x10,x11	 x10:0x66666666 x11:0x55555555 x12=0x11111111
          18558	      9275	000013e8	32c2ac23	sw	x12,824(x5)	  x5:0x00005054 x12:0x11111111 PA:0x0000538c store:0x11111111 load:0x66650513
          18560	      9276	000013ec	66666537	lui	x10,0x66666	 x10=0x66666000
          18562	      9277	000013f0	66650513	addi	x10,x10,1638	 x10:0x66666000 x10=0x66666666
          18564	      9278	000013f4	aaaab5b7	lui	x11,0xaaaab	 x11=0xaaaab000
          18566	      9279	000013f8	aaa58593	addi	x11,x11,-1366	 x11:0xaaaab000 x11=0xaaaaaaaa
          18640	      9316	000013fc	02b57633	remu	x12,x10,x11	 x10:0x66666666 x11:0xaaaaaaaa x12=0x66666666
          18644	      9318	00001400	32c2ae23	sw	x12,828(x5)	  x5:0x00005054 x12:0x66666666 PA:0x00005390 store:0x66666666 load:0x66650513
          18646	      9319	00001404	66666537	lui	x10,0x66666	 x10=0x66666000
          18648	      9320	00001408	66650513	addi	x10,x10,1638	 x10:0x66666000 x10=0x66666666
          18650	      9321	0000140c	00500593	addi	x11,x0,5	  x0:0x00000000 x11=0x00000005
          18724	      9358	00001410	02b57633	remu	x12,x10,x11	 x10:0x66666666 x11:0x00000005 x12=0x00000003
          18728	      9360	00001414	34c2a023	sw	x12,832(x5)	  x5:0x00005054 x12:0x00000003 PA:0x00005394 store:0x00000003 load:0x66650513
          18730	      9361	00001418	66666537	lui	x10,0x66666	 x10=0x66666000
          18732	      9362	0000141c	66650513	addi	x10,x10,1638	 x10:0x66666000 x10=0x66666666
          18734	      9363	00001420	333335b7	lui	x11,0x33333	 x11=0x33333000
          18736	      9364	00001424	33358593	addi	x11,x11,819	 x11:0x33333000 x11=0x33333333
          18810	      9401	00001428	02b57633	remu	x12,x10,x11	 x10:0x66666666 x11:0x33333333 x12=0x00000000
          18814	      9403	0000142c	34c2a223	sw	x12,836(x5)	  x5:0x00005054 x12:0x00000000 PA:0x00005398 store:0x00000000 load:0x66650513
          18816	      9404	00001430	66666537	lui	x10,0x66666	 x10=0x66666000
          18818	      9405	00001434	66650513	addi	x10,x10,1638	 x10:0x66666000 x10=0x66666666
          18820	      9406	00001438	666665b7	lui	x11,0x66666	 x11=0x66666000
          18822	      9407	0000143c	66658593	addi	x11,x11,1638	 x11:0x66666000 x11=0x66666666
          18896	      9444	00001440	02b57633	remu	x12,x10,x11	 x10:0x66666666 x11:0x66666666 x12=0x00000000
          18900	      9446	00001444	34c2a423	sw	x12,840(x5)	  x5:0x00005054 x12:0x00000000 PA:0x0000539c store:0x00000000 load:0x66650513
          18902	      9447	00001448	66666537	lui	x10,0x66666	 x10=0x66666000
          18904	      9448	0000144c	66650513	addi	x10,x10,1638	 x10:0x66666000 x10=0x66666666
          18906	      9449	00001450	0000b5b7	lui	x11,0xb	 x11=0x0000b000
          18908	      9450	00001454	50458593	addi	x11,x11,1284	 x11:0x0000b000 x11=0x0000b504
          18982	      9487	00001458	02b57633	remu	x12,x10,x11	 x10:0x66666666 x11:0x0000b504 x12=0x00005e22
          18986	      9489	0000145c	34c2a623	sw	x12,844(x5)	  x5:0x00005054 x12:0x00005e22 PA:0x000053a0 store:0x00005e22 load:0x66650513
          18988	      9490	00001460	66666537	lui	x10,0x66666	 x10=0x66666000
          18990	      9491	00001464	66650513	addi	x10,x10,1638	 x10:0x66666000 x10=0x66666666
          18992	      9492	00001468	00000593	addi	x11,x0,0	  x0:0x00000000 x11=0x00000000
          18996	      9494	0000146c	02b57633	remu	x12,x10,x11	 x10:0x66666666 x11:0x00000000 x12=0x66666666
          19000	      9496	00001470	34c2a823	sw	x12,848(x5)	  x5:0x00005054 x12:0x66666666 PA:0x000053a4 store:0x66666666 load:0x66650513
          19002	      9497	00001474	66666537	lui	x10,0x66666	 x10=0x66666000
          19004	      9498	00001478	66650513	addi	x10,x10,1638	 x10:0x66666000 x10=0x66666666
          19006	      9499	0000147c	000105b7	lui	x11,0x10	 x11=0x00010000
          19008	      9500	00001480	fff58593	addi	x11,x11,-1	 x11:0x00010000 x11=0x0000ffff
          19082	      9537	00001484	02b57633	remu	x12,x10,x11	 x10:0x66666666 x11:0x0000ffff x12=0x0000cccc
          19086	      9539	00001488	34c2aa23	sw	x12,852(x5)	  x5:0x00005054 x12:0x0000cccc PA:0x000053a8 store:0x0000cccc load:0x66650513
          19088	      9540	0000148c	66666537	lui	x10,0x66666	 x10=0x66666000
          19090	      9541	00001490	66650513	addi	x10,x10,1638	 x10:0x66666000 x10=0x66666666
          19092	      9542	00001494	00200593	addi	x11,x0,2	  x0:0x00000000 x11=0x00000002
          19166	      9579	00001498	02b57633	remu	x12,x10,x11	 x10:0x66666666 x11:0x00000002 x12=0x00000000
          19170	      9581	0000149c	34c2ac23	sw	x12,856(x5)	  x5:0x00005054 x12:0x00000000 PA:0x000053ac store:0x00000000 load:0x66650513
          19172	      9582	000014a0	66666537	lui	x10,0x66666	 x10=0x66666000
          19174	      9583	000014a4	66650513	addi	x10,x10,1638	 x10:0x66666000 x10=0x66666666
          19176	      9584	000014a8	555555b7	lui	x11,0x55555	 x11=0x55555000
          19178	      9585	000014ac	55458593	addi	x11,x11,1364	 x11:0x55555000 x11=0x55555554
          19252	      9622	000014b0	02b57633	remu	x12,x10,x11	 x10:0x66666666 x11:0x55555554 x12=0x11111112
          19256	      9624	000014b4	34c2ae23	sw	x12,860(x5)	  x5:0x00005054 x12:0x11111112 PA:0x000053b0 store:0x11111112 load:0x66650513
          19258	      9625	000014b8	66666537	lui	x10,0x66666	 x10=0x66666000
          19260	      9626	000014bc	66650513	addi	x10,x10,1638	 x10:0x66666000 x10=0x66666666
          19262	      9627	000014c0	aaaab5b7	lui	x11,0xaaaab	 x11=0xaaaab000
          19264	      9628	000014c4	aa958593	addi	x11,x11,-1367	 x11:0xaaaab000 x11=0xaaaaaaa9
          19338	      9665	000014c8	02b57633	remu	x12,x10,x11	 x10:0x66666666 x11:0xaaaaaaa9 x12=0x66666666
          19342	      9667	000014cc	36c2a023	sw	x12,864(x5)	  x5:0x00005054 x12:0x66666666 PA:0x000053b4 store:0x66666666 load:0x66650513
          19344	      9668	000014d0	66666537	lui	x10,0x66666	 x10=0x66666000
          19346	      9669	000014d4	66650513	addi	x10,x10,1638	 x10:0x66666000 x10=0x66666666
          19348	      9670	000014d8	00400593	addi	x11,x0,4	  x0:0x00000000 x11=0x00000004
          19422	      9707	000014dc	02b57633	remu	x12,x10,x11	 x10:0x66666666 x11:0x00000004 x12=0x00000002
          19426	      9709	000014e0	36c2a223	sw	x12,868(x5)	  x5:0x00005054 x12:0x00000002 PA:0x000053b8 store:0x00000002 load:0x66650513
          19428	      9710	000014e4	66666537	lui	x10,0x66666	 x10=0x66666000
          19430	      9711	000014e8	66650513	addi	x10,x10,1638	 x10:0x66666000 x10=0x66666666
          19432	      9712	000014ec	333335b7	lui	x11,0x33333	 x11=0x33333000
          19434	      9713	000014f0	33258593	addi	x11,x11,818	 x11:0x33333000 x11=0x33333332
          19508	      9750	000014f4	02b57633	remu	x12,x10,x11	 x10:0x66666666 x11:0x33333332 x12=0x00000002
          19512	      9752	000014f8	36c2a423	sw	x12,872(x5)	  x5:0x00005054 x12:0x00000002 PA:0x000053bc store:0x00000002 load:0x66650513
          19514	      9753	000014fc	66666537	lui	x10,0x66666	 x10=0x66666000
          19516	      9754	00001500	66650513	addi	x10,x10,1638	 x10:0x66666000 x10=0x66666666
          19518	      9755	00001504	666665b7	lui	x11,0x66666	 x11=0x66666000
          19520	      9756	00001508	66558593	addi	x11,x11,1637	 x11:0x66666000 x11=0x66666665
          19594	      9793	0000150c	02b57633	remu	x12,x10,x11	 x10:0x66666666 x11:0x66666665 x12=0x00000001
          19598	      9795	00001510	36c2a623	sw	x12,876(x5)	  x5:0x00005054 x12:0x00000001 PA:0x000053c0 store:0x00000001 load:0x66650513
          19600	      9796	00001514	66666537	lui	x10,0x66666	 x10=0x66666000
          19602	      9797	00001518	66650513	addi	x10,x10,1638	 x10:0x66666000 x10=0x66666666
          19604	      9798	0000151c	0000b5b7	lui	x11,0xb	 x11=0x0000b000
          19606	      9799	00001520	50358593	addi	x11,x11,1283	 x11:0x0000b000 x11=0x0000b503
          19680	      9836	00001524	02b57633	remu	x12,x10,x11	 x10:0x66666666 x11:0x0000b503 x12=0x000039f0
          19684	      9838	00001528	36c2a823	sw	x12,880(x5)	  x5:0x00005054 x12:0x000039f0 PA:0x000053c4 store:0x000039f0 load:0x66650513
          19686	      9839	0000152c	66666537	lui	x10,0x66666	 x10=0x66666000
          19688	      9840	00001530	66650513	addi	x10,x10,1638	 x10:0x66666000 x10=0x66666666
          19690	      9841	00001534	000105b7	lui	x11,0x10	 x11=0x00010000
          19692	      9842	00001538	ffe58593	addi	x11,x11,-2	 x11:0x00010000 x11=0x0000fffe
          19766	      9879	0000153c	02b57633	remu	x12,x10,x11	 x10:0x66666666 x11:0x0000fffe x12=0x00003334
          19770	      9881	00001540	36c2aa23	sw	x12,884(x5)	  x5:0x00005054 x12:0x00003334 PA:0x000053c8 store:0x00003334 load:0x66650513
          19772	      9882	00001544	66666537	lui	x10,0x66666	 x10=0x66666000
          19774	      9883	00001548	66650513	addi	x10,x10,1638	 x10:0x66666000 x10=0x66666666
          19776	      9884	0000154c	555555b7	lui	x11,0x55555	 x11=0x55555000
          19778	      9885	00001550	55658593	addi	x11,x11,1366	 x11:0x55555000 x11=0x55555556
          19852	      9922	00001554	02b57633	remu	x12,x10,x11	 x10:0x66666666 x11:0x55555556 x12=0x11111110
          19856	      9924	00001558	36c2ac23	sw	x12,888(x5)	  x5:0x00005054 x12:0x11111110 PA:0x000053cc store:0x11111110 load:0x66650513
          19858	      9925	0000155c	66666537	lui	x10,0x66666	 x10=0x66666000
          19860	      9926	00001560	66650513	addi	x10,x10,1638	 x10:0x66666000 x10=0x66666666
          19862	      9927	00001564	aaaab5b7	lui	x11,0xaaaab	 x11=0xaaaab000
          19864	      9928	00001568	aab58593	addi	x11,x11,-1365	 x11:0xaaaab000 x11=0xaaaaaaab
          19938	      9965	0000156c	02b57633	remu	x12,x10,x11	 x10:0x66666666 x11:0xaaaaaaab x12=0x66666666
          19942	      9967	00001570	36c2ae23	sw	x12,892(x5)	  x5:0x00005054 x12:0x66666666 PA:0x000053d0 store:0x66666666 load:0x66650513
          19944	      9968	00001574	66666537	lui	x10,0x66666	 x10=0x66666000
          19946	      9969	00001578	66650513	addi	x10,x10,1638	 x10:0x66666000 x10=0x66666666
          19948	      9970	0000157c	00600593	addi	x11,x0,6	  x0:0x00000000 x11=0x00000006
          20022	     10007	00001580	02b57633	remu	x12,x10,x11	 x10:0x66666666 x11:0x00000006 x12=0x00000000
          20026	     10009	00001584	38c2a023	sw	x12,896(x5)	  x5:0x00005054 x12:0x00000000 PA:0x000053d4 store:0x00000000 load:0x66650513
          20028	     10010	00001588	66666537	lui	x10,0x66666	 x10=0x66666000
          20030	     10011	0000158c	66650513	addi	x10,x10,1638	 x10:0x66666000 x10=0x66666666
          20032	     10012	00001590	333335b7	lui	x11,0x33333	 x11=0x33333000
          20034	     10013	00001594	33458593	addi	x11,x11,820	 x11:0x33333000 x11=0x33333334
          20108	     10050	00001598	02b57633	remu	x12,x10,x11	 x10:0x66666666 x11:0x33333334 x12=0x33333332
          20112	     10052	0000159c	38c2a223	sw	x12,900(x5)	  x5:0x00005054 x12:0x33333332 PA:0x000053d8 store:0x33333332 load:0x66650513
          20114	     10053	000015a0	66666537	lui	x10,0x66666	 x10=0x66666000
          20116	     10054	000015a4	66650513	addi	x10,x10,1638	 x10:0x66666000 x10=0x66666666
          20118	     10055	000015a8	666665b7	lui	x11,0x66666	 x11=0x66666000
          20120	     10056	000015ac	66758593	addi	x11,x11,1639	 x11:0x66666000 x11=0x66666667
          20194	     10093	000015b0	02b57633	remu	x12,x10,x11	 x10:0x66666666 x11:0x66666667 x12=0x66666666
          20198	     10095	000015b4	38c2a423	sw	x12,904(x5)	  x5:0x00005054 x12:0x66666666 PA:0x000053dc store:0x66666666 load:0x66650513
          20200	     10096	000015b8	66666537	lui	x10,0x66666	 x10=0x66666000
          20202	     10097	000015bc	66650513	addi	x10,x10,1638	 x10:0x66666000 x10=0x66666666
          20204	     10098	000015c0	0000b5b7	lui	x11,0xb	 x11=0x0000b000
          20206	     10099	000015c4	50558593	addi	x11,x11,1285	 x11:0x0000b000 x11=0x0000b505
          20280	     10136	000015c8	02b57633	remu	x12,x10,x11	 x10:0x66666666 x11:0x0000b505 x12=0x00008256
          20284	     10138	000015cc	38c2a623	sw	x12,908(x5)	  x5:0x00005054 x12:0x00008256 PA:0x000053e0 store:0x00008256 load:0x66650513
          20286	     10139	000015d0	66666537	lui	x10,0x66666	 x10=0x66666000
          20288	     10140	000015d4	66650513	addi	x10,x10,1638	 x10:0x66666000 x10=0x66666666
          20290	     10141	000015d8	00100593	addi	x11,x0,1	  x0:0x00000000 x11=0x00000001
          20364	     10178	000015dc	02b57633	remu	x12,x10,x11	 x10:0x66666666 x11:0x00000001 x12=0x00000000
          20368	     10180	000015e0	38c2a823	sw	x12,912(x5)	  x5:0x00005054 x12:0x00000000 PA:0x000053e4 store:0x00000000 load:0x66650513
          20370	     10181	000015e4	66666537	lui	x10,0x66666	 x10=0x66666000
          20372	     10182	000015e8	66650513	addi	x10,x10,1638	 x10:0x66666000 x10=0x66666666
          20374	     10183	000015ec	000105b7	lui	x11,0x10	 x11=0x00010000
          20448	     10220	000015f0	02b57633	remu	x12,x10,x11	 x10:0x66666666 x11:0x00010000 x12=0x00006666
          20452	     10222	000015f4	38c2aa23	sw	x12,916(x5)	  x5:0x00005054 x12:0x00006666 PA:0x000053e8 store:0x00006666 load:0x50450513
          20454	     10223	000015f8	0000b537	lui	x10,0xb	 x10=0x0000b000
          20456	     10224	000015fc	50450513	addi	x10,x10,1284	 x10:0x0000b000 x10=0x0000b504
          20458	     10225	00001600	00300593	addi	x11,x0,3	  x0:0x00000000 x11=0x00000003
          20532	     10262	00001604	02b57633	remu	x12,x10,x11	 x10:0x0000b504 x11:0x00000003 x12=0x00000002
          20536	     10264	00001608	38c2ac23	sw	x12,920(x5)	  x5:0x00005054 x12:0x00000002 PA:0x000053ec store:0x00000002 load:0x50450513
          20538	     10265	0000160c	0000b537	lui	x10,0xb	 x10=0x0000b000
          20540	     10266	00001610	50450513	addi	x10,x10,1284	 x10:0x0000b000 x10=0x0000b504
          20542	     10267	00001614	555555b7	lui	x11,0x55555	 x11=0x55555000
          20544	     10268	00001618	55558593	addi	x11,x11,1365	 x11:0x55555000 x11=0x55555555
          20618	     10305	0000161c	02b57633	remu	x12,x10,x11	 x10:0x0000b504 x11:0x55555555 x12=0x0000b504
          20622	     10307	00001620	38c2ae23	sw	x12,924(x5)	  x5:0x00005054 x12:0x0000b504 PA:0x000053f0 store:0x0000b504 load:0x50450513
          20624	     10308	00001624	0000b537	lui	x10,0xb	 x10=0x0000b000
          20626	     10309	00001628	50450513	addi	x10,x10,1284	 x10:0x0000b000 x10=0x0000b504
          20628	     10310	0000162c	aaaab5b7	lui	x11,0xaaaab	 x11=0xaaaab000
          20630	     10311	00001630	aaa58593	addi	x11,x11,-1366	 x11:0xaaaab000 x11=0xaaaaaaaa
          20704	     10348	00001634	02b57633	remu	x12,x10,x11	 x10:0x0000b504 x11:0xaaaaaaaa x12=0x0000b504
          20708	     10350	00001638	3ac2a023	sw	x12,928(x5)	  x5:0x00005054 x12:0x0000b504 PA:0x000053f4 store:0x0000b504 load:0x50450513
          20710	     10351	0000163c	0000b537	lui	x10,0xb	 x10=0x0000b000
          20712	     10352	00001640	50450513	addi	x10,x10,1284	 x10:0x0000b000 x10=0x0000b504
          20714	     10353	00001644	00500593	addi	x11,x0,5	  x0:0x00000000 x11=0x00000005
          20788	     10390	00001648	02b57633	remu	x12,x10,x11	 x10:0x0000b504 x11:0x00000005 x12=0x00000000
          20792	     10392	0000164c	3ac2a223	sw	x12,932(x5)	  x5:0x00005054 x12:0x00000000 PA:0x000053f8 store:0x00000000 load:0x50450513
          20794	     10393	00001650	0000b537	lui	x10,0xb	 x10=0x0000b000
          20796	     10394	00001654	50450513	addi	x10,x10,1284	 x10:0x0000b000 x10=0x0000b504
          20798	     10395	00001658	333335b7	lui	x11,0x33333	 x11=0x33333000
          20800	     10396	0000165c	33358593	addi	x11,x11,819	 x11:0x33333000 x11=0x33333333
          20874	     10433	00001660	02b57633	remu	x12,x10,x11	 x10:0x0000b504 x11:0x33333333 x12=0x0000b504
          20878	     10435	00001664	3ac2a423	sw	x12,936(x5)	  x5:0x00005054 x12:0x0000b504 PA:0x000053fc store:0x0000b504 load:0x50450513
          20880	     10436	00001668	0000b537	lui	x10,0xb	 x10=0x0000b000
          20882	     10437	0000166c	50450513	addi	x10,x10,1284	 x10:0x0000b000 x10=0x0000b504
          20884	     10438	00001670	666665b7	lui	x11,0x66666	 x11=0x66666000
          20886	     10439	00001674	66658593	addi	x11,x11,1638	 x11:0x66666000 x11=0x66666666
          20960	     10476	00001678	02b57633	remu	x12,x10,x11	 x10:0x0000b504 x11:0x66666666 x12=0x0000b504
          20964	     10478	0000167c	3ac2a623	sw	x12,940(x5)	  x5:0x00005054 x12:0x0000b504 PA:0x00005400 store:0x0000b504 load:0x50450513
          20966	     10479	00001680	0000b537	lui	x10,0xb	 x10=0x0000b000
          20968	     10480	00001684	50450513	addi	x10,x10,1284	 x10:0x0000b000 x10=0x0000b504
          20970	     10481	00001688	0000b5b7	lui	x11,0xb	 x11=0x0000b000
          20972	     10482	0000168c	50458593	addi	x11,x11,1284	 x11:0x0000b000 x11=0x0000b504
          21046	     10519	00001690	02b57633	remu	x12,x10,x11	 x10:0x0000b504 x11:0x0000b504 x12=0x00000000
          21050	     10521	00001694	3ac2a823	sw	x12,944(x5)	  x5:0x00005054 x12:0x00000000 PA:0x00005404 store:0x00000000 load:0x50450513
          21052	     10522	00001698	0000b537	lui	x10,0xb	 x10=0x0000b000
          21054	     10523	0000169c	50450513	addi	x10,x10,1284	 x10:0x0000b000 x10=0x0000b504
          21056	     10524	000016a0	00000593	addi	x11,x0,0	  x0:0x00000000 x11=0x00000000
          21060	     10526	000016a4	02b57633	remu	x12,x10,x11	 x10:0x0000b504 x11:0x00000000 x12=0x0000b504
          21064	     10528	000016a8	3ac2aa23	sw	x12,948(x5)	  x5:0x00005054 x12:0x0000b504 PA:0x00005408 store:0x0000b504 load:0x50450513
          21066	     10529	000016ac	0000b537	lui	x10,0xb	 x10=0x0000b000
          21068	     10530	000016b0	50450513	addi	x10,x10,1284	 x10:0x0000b000 x10=0x0000b504
          21070	     10531	000016b4	000105b7	lui	x11,0x10	 x11=0x00010000
          21072	     10532	000016b8	fff58593	addi	x11,x11,-1	 x11:0x00010000 x11=0x0000ffff
          21146	     10569	000016bc	02b57633	remu	x12,x10,x11	 x10:0x0000b504 x11:0x0000ffff x12=0x0000b504
          21150	     10571	000016c0	3ac2ac23	sw	x12,952(x5)	  x5:0x00005054 x12:0x0000b504 PA:0x0000540c store:0x0000b504 load:0x50450513
          21152	     10572	000016c4	0000b537	lui	x10,0xb	 x10=0x0000b000
          21154	     10573	000016c8	50450513	addi	x10,x10,1284	 x10:0x0000b000 x10=0x0000b504
          21156	     10574	000016cc	00200593	addi	x11,x0,2	  x0:0x00000000 x11=0x00000002
          21230	     10611	000016d0	02b57633	remu	x12,x10,x11	 x10:0x0000b504 x11:0x00000002 x12=0x00000000
          21234	     10613	000016d4	3ac2ae23	sw	x12,956(x5)	  x5:0x00005054 x12:0x00000000 PA:0x00005410 store:0x00000000 load:0x50450513
          21236	     10614	000016d8	0000b537	lui	x10,0xb	 x10=0x0000b000
          21238	     10615	000016dc	50450513	addi	x10,x10,1284	 x10:0x0000b000 x10=0x0000b504
          21240	     10616	000016e0	555555b7	lui	x11,0x55555	 x11=0x55555000
          21242	     10617	000016e4	55458593	addi	x11,x11,1364	 x11:0x55555000 x11=0x55555554
          21316	     10654	000016e8	02b57633	remu	x12,x10,x11	 x10:0x0000b504 x11:0x55555554 x12=0x0000b504
          21320	     10656	000016ec	3cc2a023	sw	x12,960(x5)	  x5:0x00005054 x12:0x0000b504 PA:0x00005414 store:0x0000b504 load:0x50450513
          21322	     10657	000016f0	0000b537	lui	x10,0xb	 x10=0x0000b000
          21324	     10658	000016f4	50450513	addi	x10,x10,1284	 x10:0x0000b000 x10=0x0000b504
          21326	     10659	000016f8	aaaab5b7	lui	x11,0xaaaab	 x11=0xaaaab000
          21328	     10660	000016fc	aa958593	addi	x11,x11,-1367	 x11:0xaaaab000 x11=0xaaaaaaa9
          21402	     10697	00001700	02b57633	remu	x12,x10,x11	 x10:0x0000b504 x11:0xaaaaaaa9 x12=0x0000b504
          21406	     10699	00001704	3cc2a223	sw	x12,964(x5)	  x5:0x00005054 x12:0x0000b504 PA:0x00005418 store:0x0000b504 load:0x50450513
          21408	     10700	00001708	0000b537	lui	x10,0xb	 x10=0x0000b000
          21410	     10701	0000170c	50450513	addi	x10,x10,1284	 x10:0x0000b000 x10=0x0000b504
          21412	     10702	00001710	00400593	addi	x11,x0,4	  x0:0x00000000 x11=0x00000004
          21486	     10739	00001714	02b57633	remu	x12,x10,x11	 x10:0x0000b504 x11:0x00000004 x12=0x00000000
          21490	     10741	00001718	3cc2a423	sw	x12,968(x5)	  x5:0x00005054 x12:0x00000000 PA:0x0000541c store:0x00000000 load:0x50450513
          21492	     10742	0000171c	0000b537	lui	x10,0xb	 x10=0x0000b000
          21494	     10743	00001720	50450513	addi	x10,x10,1284	 x10:0x0000b000 x10=0x0000b504
          21496	     10744	00001724	333335b7	lui	x11,0x33333	 x11=0x33333000
          21498	     10745	00001728	33258593	addi	x11,x11,818	 x11:0x33333000 x11=0x33333332
          21572	     10782	0000172c	02b57633	remu	x12,x10,x11	 x10:0x0000b504 x11:0x33333332 x12=0x0000b504
          21576	     10784	00001730	3cc2a623	sw	x12,972(x5)	  x5:0x00005054 x12:0x0000b504 PA:0x00005420 store:0x0000b504 load:0x50450513
          21578	     10785	00001734	0000b537	lui	x10,0xb	 x10=0x0000b000
          21580	     10786	00001738	50450513	addi	x10,x10,1284	 x10:0x0000b000 x10=0x0000b504
          21582	     10787	0000173c	666665b7	lui	x11,0x66666	 x11=0x66666000
          21584	     10788	00001740	66558593	addi	x11,x11,1637	 x11:0x66666000 x11=0x66666665
          21658	     10825	00001744	02b57633	remu	x12,x10,x11	 x10:0x0000b504 x11:0x66666665 x12=0x0000b504
          21662	     10827	00001748	3cc2a823	sw	x12,976(x5)	  x5:0x00005054 x12:0x0000b504 PA:0x00005424 store:0x0000b504 load:0x50450513
          21664	     10828	0000174c	0000b537	lui	x10,0xb	 x10=0x0000b000
          21666	     10829	00001750	50450513	addi	x10,x10,1284	 x10:0x0000b000 x10=0x0000b504
          21668	     10830	00001754	0000b5b7	lui	x11,0xb	 x11=0x0000b000
          21670	     10831	00001758	50358593	addi	x11,x11,1283	 x11:0x0000b000 x11=0x0000b503
          21744	     10868	0000175c	02b57633	remu	x12,x10,x11	 x10:0x0000b504 x11:0x0000b503 x12=0x00000001
          21748	     10870	00001760	3cc2aa23	sw	x12,980(x5)	  x5:0x00005054 x12:0x00000001 PA:0x00005428 store:0x00000001 load:0x50450513
          21750	     10871	00001764	0000b537	lui	x10,0xb	 x10=0x0000b000
          21752	     10872	00001768	50450513	addi	x10,x10,1284	 x10:0x0000b000 x10=0x0000b504
          21754	     10873	0000176c	000105b7	lui	x11,0x10	 x11=0x00010000
          21756	     10874	00001770	ffe58593	addi	x11,x11,-2	 x11:0x00010000 x11=0x0000fffe
          21830	     10911	00001774	02b57633	remu	x12,x10,x11	 x10:0x0000b504 x11:0x0000fffe x12=0x0000b504
          21834	     10913	00001778	3cc2ac23	sw	x12,984(x5)	  x5:0x00005054 x12:0x0000b504 PA:0x0000542c store:0x0000b504 load:0x50450513
          21836	     10914	0000177c	0000b537	lui	x10,0xb	 x10=0x0000b000
          21838	     10915	00001780	50450513	addi	x10,x10,1284	 x10:0x0000b000 x10=0x0000b504
          21840	     10916	00001784	555555b7	lui	x11,0x55555	 x11=0x55555000
          21842	     10917	00001788	55658593	addi	x11,x11,1366	 x11:0x55555000 x11=0x55555556
          21916	     10954	0000178c	02b57633	remu	x12,x10,x11	 x10:0x0000b504 x11:0x55555556 x12=0x0000b504
          21920	     10956	00001790	3cc2ae23	sw	x12,988(x5)	  x5:0x00005054 x12:0x0000b504 PA:0x00005430 store:0x0000b504 load:0x50450513
          21922	     10957	00001794	0000b537	lui	x10,0xb	 x10=0x0000b000
          21924	     10958	00001798	50450513	addi	x10,x10,1284	 x10:0x0000b000 x10=0x0000b504
          21926	     10959	0000179c	aaaab5b7	lui	x11,0xaaaab	 x11=0xaaaab000
          21928	     10960	000017a0	aab58593	addi	x11,x11,-1365	 x11:0xaaaab000 x11=0xaaaaaaab
          22002	     10997	000017a4	02b57633	remu	x12,x10,x11	 x10:0x0000b504 x11:0xaaaaaaab x12=0x0000b504
          22006	     10999	000017a8	3ec2a023	sw	x12,992(x5)	  x5:0x00005054 x12:0x0000b504 PA:0x00005434 store:0x0000b504 load:0x50450513
          22008	     11000	000017ac	0000b537	lui	x10,0xb	 x10=0x0000b000
          22010	     11001	000017b0	50450513	addi	x10,x10,1284	 x10:0x0000b000 x10=0x0000b504
          22012	     11002	000017b4	00600593	addi	x11,x0,6	  x0:0x00000000 x11=0x00000006
          22086	     11039	000017b8	02b57633	remu	x12,x10,x11	 x10:0x0000b504 x11:0x00000006 x12=0x00000002
          22090	     11041	000017bc	3ec2a223	sw	x12,996(x5)	  x5:0x00005054 x12:0x00000002 PA:0x00005438 store:0x00000002 load:0x50450513
          22092	     11042	000017c0	0000b537	lui	x10,0xb	 x10=0x0000b000
          22094	     11043	000017c4	50450513	addi	x10,x10,1284	 x10:0x0000b000 x10=0x0000b504
          22096	     11044	000017c8	333335b7	lui	x11,0x33333	 x11=0x33333000
          22098	     11045	000017cc	33458593	addi	x11,x11,820	 x11:0x33333000 x11=0x33333334
          22172	     11082	000017d0	02b57633	remu	x12,x10,x11	 x10:0x0000b504 x11:0x33333334 x12=0x0000b504
          22176	     11084	000017d4	3ec2a423	sw	x12,1000(x5)	  x5:0x00005054 x12:0x0000b504 PA:0x0000543c store:0x0000b504 load:0x50450513
          22178	     11085	000017d8	0000b537	lui	x10,0xb	 x10=0x0000b000
          22180	     11086	000017dc	50450513	addi	x10,x10,1284	 x10:0x0000b000 x10=0x0000b504
          22182	     11087	000017e0	666665b7	lui	x11,0x66666	 x11=0x66666000
          22184	     11088	000017e4	66758593	addi	x11,x11,1639	 x11:0x66666000 x11=0x66666667
          22258	     11125	000017e8	02b57633	remu	x12,x10,x11	 x10:0x0000b504 x11:0x66666667 x12=0x0000b504
          22262	     11127	000017ec	3ec2a623	sw	x12,1004(x5)	  x5:0x00005054 x12:0x0000b504 PA:0x00005440 store:0x0000b504 load:0x50450513
          22264	     11128	000017f0	0000b537	lui	x10,0xb	 x10=0x0000b000
          22266	     11129	000017f4	50450513	addi	x10,x10,1284	 x10:0x0000b000 x10=0x0000b504
          22268	     11130	000017f8	0000b5b7	lui	x11,0xb	 x11=0x0000b000
          22270	     11131	000017fc	50558593	addi	x11,x11,1285	 x11:0x0000b000 x11=0x0000b505
          22344	     11168	00001800	02b57633	remu	x12,x10,x11	 x10:0x0000b504 x11:0x0000b505 x12=0x0000b504
          22348	     11170	00001804	3ec2a823	sw	x12,1008(x5)	  x5:0x00005054 x12:0x0000b504 PA:0x00005444 store:0x0000b504 load:0x50450513
          22350	     11171	00001808	0000b537	lui	x10,0xb	 x10=0x0000b000
          22352	     11172	0000180c	50450513	addi	x10,x10,1284	 x10:0x0000b000 x10=0x0000b504
          22354	     11173	00001810	00100593	addi	x11,x0,1	  x0:0x00000000 x11=0x00000001
          22428	     11210	00001814	02b57633	remu	x12,x10,x11	 x10:0x0000b504 x11:0x00000001 x12=0x00000000
          22432	     11212	00001818	3ec2aa23	sw	x12,1012(x5)	  x5:0x00005054 x12:0x00000000 PA:0x00005448 store:0x00000000 load:0x50450513
          22434	     11213	0000181c	0000b537	lui	x10,0xb	 x10=0x0000b000
          22436	     11214	00001820	50450513	addi	x10,x10,1284	 x10:0x0000b000 x10=0x0000b504
          22438	     11215	00001824	000105b7	lui	x11,0x10	 x11=0x00010000
          22512	     11252	00001828	02b57633	remu	x12,x10,x11	 x10:0x0000b504 x11:0x00010000 x12=0x0000b504
          22516	     11254	0000182c	3ec2ac23	sw	x12,1016(x5)	  x5:0x00005054 x12:0x0000b504 PA:0x0000544c store:0x0000b504 load:0x00300593
          22518	     11255	00001830	00000513	addi	x10,x0,0	  x0:0x00000000 x10=0x00000000
          22520	     11256	00001834	00300593	addi	x11,x0,3	  x0:0x00000000 x11=0x00000003
          22594	     11293	00001838	02b57633	remu	x12,x10,x11	 x10:0x00000000 x11:0x00000003 x12=0x00000000
          22598	     11295	0000183c	3ec2ae23	sw	x12,1020(x5)	  x5:0x00005054 x12:0x00000000 PA:0x00005450 store:0x00000000 load:0x555555b7
          22600	     11296	00001840	00000513	addi	x10,x0,0	  x0:0x00000000 x10=0x00000000
          22602	     11297	00001844	555555b7	lui	x11,0x55555	 x11=0x55555000
          22604	     11298	00001848	55558593	addi	x11,x11,1365	 x11:0x55555000 x11=0x55555555
          22678	     11335	0000184c	02b57633	remu	x12,x10,x11	 x10:0x00000000 x11:0x55555555 x12=0x00000000
          22682	     11337	00001850	40c2a023	sw	x12,1024(x5)	  x5:0x00005054 x12:0x00000000 PA:0x00005454 store:0x00000000 load:0xaaaab5b7
          22684	     11338	00001854	00000513	addi	x10,x0,0	  x0:0x00000000 x10=0x00000000
          22686	     11339	00001858	aaaab5b7	lui	x11,0xaaaab	 x11=0xaaaab000
          22688	     11340	0000185c	aaa58593	addi	x11,x11,-1366	 x11:0xaaaab000 x11=0xaaaaaaaa
          22762	     11377	00001860	02b57633	remu	x12,x10,x11	 x10:0x00000000 x11:0xaaaaaaaa x12=0x00000000
          22766	     11379	00001864	40c2a223	sw	x12,1028(x5)	  x5:0x00005054 x12:0x00000000 PA:0x00005458 store:0x00000000 load:0x00500593
          22768	     11380	00001868	00000513	addi	x10,x0,0	  x0:0x00000000 x10=0x00000000
          22770	     11381	0000186c	00500593	addi	x11,x0,5	  x0:0x00000000 x11=0x00000005
          22844	     11418	00001870	02b57633	remu	x12,x10,x11	 x10:0x00000000 x11:0x00000005 x12=0x00000000
          22848	     11420	00001874	40c2a423	sw	x12,1032(x5)	  x5:0x00005054 x12:0x00000000 PA:0x0000545c store:0x00000000 load:0x333335b7
          22850	     11421	00001878	00000513	addi	x10,x0,0	  x0:0x00000000 x10=0x00000000
          22852	     11422	0000187c	333335b7	lui	x11,0x33333	 x11=0x33333000
          22854	     11423	00001880	33358593	addi	x11,x11,819	 x11:0x33333000 x11=0x33333333
          22928	     11460	00001884	02b57633	remu	x12,x10,x11	 x10:0x00000000 x11:0x33333333 x12=0x00000000
          22932	     11462	00001888	40c2a623	sw	x12,1036(x5)	  x5:0x00005054 x12:0x00000000 PA:0x00005460 store:0x00000000 load:0x0000b5b7
          22934	     11463	0000188c	00000513	addi	x10,x0,0	  x0:0x00000000 x10=0x00000000
          22936	     11464	00001890	0000b5b7	lui	x11,0xb	 x11=0x0000b000
          22938	     11465	00001894	50458593	addi	x11,x11,1284	 x11:0x0000b000 x11=0x0000b504
          23012	     11502	00001898	02b57633	remu	x12,x10,x11	 x10:0x00000000 x11:0x0000b504 x12=0x00000000
          23016	     11504	0000189c	40c2a823	sw	x12,1040(x5)	  x5:0x00005054 x12:0x00000000 PA:0x00005464 store:0x00000000 load:0x00000593
          23018	     11505	000018a0	00000513	addi	x10,x0,0	  x0:0x00000000 x10=0x00000000
          23020	     11506	000018a4	00000593	addi	x11,x0,0	  x0:0x00000000 x11=0x00000000
          23024	     11508	000018a8	02b57633	remu	x12,x10,x11	 x10:0x00000000 x11:0x00000000 x12=0x00000000
          23028	     11510	000018ac	40c2aa23	sw	x12,1044(x5)	  x5:0x00005054 x12:0x00000000 PA:0x00005468 store:0x00000000 load:0x000105b7
          23030	     11511	000018b0	00000513	addi	x10,x0,0	  x0:0x00000000 x10=0x00000000
          23032	     11512	000018b4	000105b7	lui	x11,0x10	 x11=0x00010000
          23034	     11513	000018b8	fff58593	addi	x11,x11,-1	 x11:0x00010000 x11=0x0000ffff
          23108	     11550	000018bc	02b57633	remu	x12,x10,x11	 x10:0x00000000 x11:0x0000ffff x12=0x00000000
          23112	     11552	000018c0	40c2ac23	sw	x12,1048(x5)	  x5:0x00005054 x12:0x00000000 PA:0x0000546c store:0x00000000 load:0x00200593
          23114	     11553	000018c4	00000513	addi	x10,x0,0	  x0:0x00000000 x10=0x00000000
          23116	     11554	000018c8	00200593	addi	x11,x0,2	  x0:0x00000000 x11=0x00000002
          23190	     11591	000018cc	02b57633	remu	x12,x10,x11	 x10:0x00000000 x11:0x00000002 x12=0x00000000
          23194	     11593	000018d0	40c2ae23	sw	x12,1052(x5)	  x5:0x00005054 x12:0x00000000 PA:0x00005470 store:0x00000000 load:0x555555b7
          23196	     11594	000018d4	00000513	addi	x10,x0,0	  x0:0x00000000 x10=0x00000000
          23198	     11595	000018d8	555555b7	lui	x11,0x55555	 x11=0x55555000
          23200	     11596	000018dc	55458593	addi	x11,x11,1364	 x11:0x55555000 x11=0x55555554
          23274	     11633	000018e0	02b57633	remu	x12,x10,x11	 x10:0x00000000 x11:0x55555554 x12=0x00000000
          23278	     11635	000018e4	42c2a023	sw	x12,1056(x5)	  x5:0x00005054 x12:0x00000000 PA:0x00005474 store:0x00000000 load:0xaaaab5b7
          23280	     11636	000018e8	00000513	addi	x10,x0,0	  x0:0x00000000 x10=0x00000000
          23282	     11637	000018ec	aaaab5b7	lui	x11,0xaaaab	 x11=0xaaaab000
          23284	     11638	000018f0	aa958593	addi	x11,x11,-1367	 x11:0xaaaab000 x11=0xaaaaaaa9
          23358	     11675	000018f4	02b57633	remu	x12,x10,x11	 x10:0x00000000 x11:0xaaaaaaa9 x12=0x00000000
          23362	     11677	000018f8	42c2a223	sw	x12,1060(x5)	  x5:0x00005054 x12:0x00000000 PA:0x00005478 store:0x00000000 load:0x00400593
          23364	     11678	000018fc	00000513	addi	x10,x0,0	  x0:0x00000000 x10=0x00000000
          23366	     11679	00001900	00400593	addi	x11,x0,4	  x0:0x00000000 x11=0x00000004
          23440	     11716	00001904	02b57633	remu	x12,x10,x11	 x10:0x00000000 x11:0x00000004 x12=0x00000000
          23444	     11718	00001908	42c2a423	sw	x12,1064(x5)	  x5:0x00005054 x12:0x00000000 PA:0x0000547c store:0x00000000 load:0x333335b7
          23446	     11719	0000190c	00000513	addi	x10,x0,0	  x0:0x00000000 x10=0x00000000
          23448	     11720	00001910	333335b7	lui	x11,0x33333	 x11=0x33333000
          23450	     11721	00001914	33258593	addi	x11,x11,818	 x11:0x33333000 x11=0x33333332
          23524	     11758	00001918	02b57633	remu	x12,x10,x11	 x10:0x00000000 x11:0x33333332 x12=0x00000000
          23528	     11760	0000191c	42c2a623	sw	x12,1068(x5)	  x5:0x00005054 x12:0x00000000 PA:0x00005480 store:0x00000000 load:0x666665b7
          23530	     11761	00001920	00000513	addi	x10,x0,0	  x0:0x00000000 x10=0x00000000
          23532	     11762	00001924	666665b7	lui	x11,0x66666	 x11=0x66666000
          23534	     11763	00001928	66558593	addi	x11,x11,1637	 x11:0x66666000 x11=0x66666665
          23608	     11800	0000192c	02b57633	remu	x12,x10,x11	 x10:0x00000000 x11:0x66666665 x12=0x00000000
          23612	     11802	00001930	42c2a823	sw	x12,1072(x5)	  x5:0x00005054 x12:0x00000000 PA:0x00005484 store:0x00000000 load:0x0000b5b7
          23614	     11803	00001934	00000513	addi	x10,x0,0	  x0:0x00000000 x10=0x00000000
          23616	     11804	00001938	0000b5b7	lui	x11,0xb	 x11=0x0000b000
          23618	     11805	0000193c	50358593	addi	x11,x11,1283	 x11:0x0000b000 x11=0x0000b503
          23692	     11842	00001940	02b57633	remu	x12,x10,x11	 x10:0x00000000 x11:0x0000b503 x12=0x00000000
          23696	     11844	00001944	42c2aa23	sw	x12,1076(x5)	  x5:0x00005054 x12:0x00000000 PA:0x00005488 store:0x00000000 load:0x000105b7
          23698	     11845	00001948	00000513	addi	x10,x0,0	  x0:0x00000000 x10=0x00000000
          23700	     11846	0000194c	000105b7	lui	x11,0x10	 x11=0x00010000
          23702	     11847	00001950	ffe58593	addi	x11,x11,-2	 x11:0x00010000 x11=0x0000fffe
          23776	     11884	00001954	02b57633	remu	x12,x10,x11	 x10:0x00000000 x11:0x0000fffe x12=0x00000000
          23780	     11886	00001958	42c2ac23	sw	x12,1080(x5)	  x5:0x00005054 x12:0x00000000 PA:0x0000548c store:0x00000000 load:0x555555b7
          23782	     11887	0000195c	00000513	addi	x10,x0,0	  x0:0x00000000 x10=0x00000000
          23784	     11888	00001960	555555b7	lui	x11,0x55555	 x11=0x55555000
          23786	     11889	00001964	55658593	addi	x11,x11,1366	 x11:0x55555000 x11=0x55555556
          23860	     11926	00001968	02b57633	remu	x12,x10,x11	 x10:0x00000000 x11:0x55555556 x12=0x00000000
          23864	     11928	0000196c	42c2ae23	sw	x12,1084(x5)	  x5:0x00005054 x12:0x00000000 PA:0x00005490 store:0x00000000 load:0xaaaab5b7
          23866	     11929	00001970	00000513	addi	x10,x0,0	  x0:0x00000000 x10=0x00000000
          23868	     11930	00001974	aaaab5b7	lui	x11,0xaaaab	 x11=0xaaaab000
          23870	     11931	00001978	aab58593	addi	x11,x11,-1365	 x11:0xaaaab000 x11=0xaaaaaaab
          23944	     11968	0000197c	02b57633	remu	x12,x10,x11	 x10:0x00000000 x11:0xaaaaaaab x12=0x00000000
          23948	     11970	00001980	44c2a023	sw	x12,1088(x5)	  x5:0x00005054 x12:0x00000000 PA:0x00005494 store:0x00000000 load:0x00600593
          23950	     11971	00001984	00000513	addi	x10,x0,0	  x0:0x00000000 x10=0x00000000
          23952	     11972	00001988	00600593	addi	x11,x0,6	  x0:0x00000000 x11=0x00000006
          24026	     12009	0000198c	02b57633	remu	x12,x10,x11	 x10:0x00000000 x11:0x00000006 x12=0x00000000
          24030	     12011	00001990	44c2a223	sw	x12,1092(x5)	  x5:0x00005054 x12:0x00000000 PA:0x00005498 store:0x00000000 load:0x333335b7
          24032	     12012	00001994	00000513	addi	x10,x0,0	  x0:0x00000000 x10=0x00000000
          24034	     12013	00001998	333335b7	lui	x11,0x33333	 x11=0x33333000
          24036	     12014	0000199c	33458593	addi	x11,x11,820	 x11:0x33333000 x11=0x33333334
          24110	     12051	000019a0	02b57633	remu	x12,x10,x11	 x10:0x00000000 x11:0x33333334 x12=0x00000000
          24114	     12053	000019a4	44c2a423	sw	x12,1096(x5)	  x5:0x00005054 x12:0x00000000 PA:0x0000549c store:0x00000000 load:0x666665b7
          24116	     12054	000019a8	00000513	addi	x10,x0,0	  x0:0x00000000 x10=0x00000000
          24118	     12055	000019ac	666665b7	lui	x11,0x66666	 x11=0x66666000
          24120	     12056	000019b0	66758593	addi	x11,x11,1639	 x11:0x66666000 x11=0x66666667
          24194	     12093	000019b4	02b57633	remu	x12,x10,x11	 x10:0x00000000 x11:0x66666667 x12=0x00000000
          24198	     12095	000019b8	44c2a623	sw	x12,1100(x5)	  x5:0x00005054 x12:0x00000000 PA:0x000054a0 store:0x00000000 load:0x0000b5b7
          24200	     12096	000019bc	00000513	addi	x10,x0,0	  x0:0x00000000 x10=0x00000000
          24202	     12097	000019c0	0000b5b7	lui	x11,0xb	 x11=0x0000b000
          24204	     12098	000019c4	50558593	addi	x11,x11,1285	 x11:0x0000b000 x11=0x0000b505
          24278	     12135	000019c8	02b57633	remu	x12,x10,x11	 x10:0x00000000 x11:0x0000b505 x12=0x00000000
          24282	     12137	000019cc	44c2a823	sw	x12,1104(x5)	  x5:0x00005054 x12:0x00000000 PA:0x000054a4 store:0x00000000 load:0x00100593
          24284	     12138	000019d0	00000513	addi	x10,x0,0	  x0:0x00000000 x10=0x00000000
          24286	     12139	000019d4	00100593	addi	x11,x0,1	  x0:0x00000000 x11=0x00000001
          24360	     12176	000019d8	02b57633	remu	x12,x10,x11	 x10:0x00000000 x11:0x00000001 x12=0x00000000
          24364	     12178	000019dc	44c2aa23	sw	x12,1108(x5)	  x5:0x00005054 x12:0x00000000 PA:0x000054a8 store:0x00000000 load:0x000105b7
          24366	     12179	000019e0	00000513	addi	x10,x0,0	  x0:0x00000000 x10=0x00000000
          24368	     12180	000019e4	000105b7	lui	x11,0x10	 x11=0x00010000
          24442	     12217	000019e8	02b57633	remu	x12,x10,x11	 x10:0x00000000 x11:0x00010000 x12=0x00000000
          24446	     12219	000019ec	44c2ac23	sw	x12,1112(x5)	  x5:0x00005054 x12:0x00000000 PA:0x000054ac store:0x00000000 load:0xfff50513
          24448	     12220	000019f0	00010537	lui	x10,0x10	 x10=0x00010000
          24450	     12221	000019f4	fff50513	addi	x10,x10,-1	 x10:0x00010000 x10=0x0000ffff
          24452	     12222	000019f8	00300593	addi	x11,x0,3	  x0:0x00000000 x11=0x00000003
          24526	     12259	000019fc	02b57633	remu	x12,x10,x11	 x10:0x0000ffff x11:0x00000003 x12=0x00000000
          24530	     12261	00001a00	44c2ae23	sw	x12,1116(x5)	  x5:0x00005054 x12:0x00000000 PA:0x000054b0 store:0x00000000 load:0xfff50513
          24532	     12262	00001a04	00010537	lui	x10,0x10	 x10=0x00010000
          24534	     12263	00001a08	fff50513	addi	x10,x10,-1	 x10:0x00010000 x10=0x0000ffff
          24536	     12264	00001a0c	555555b7	lui	x11,0x55555	 x11=0x55555000
          24538	     12265	00001a10	55558593	addi	x11,x11,1365	 x11:0x55555000 x11=0x55555555
          24612	     12302	00001a14	02b57633	remu	x12,x10,x11	 x10:0x0000ffff x11:0x55555555 x12=0x0000ffff
          24616	     12304	00001a18	46c2a023	sw	x12,1120(x5)	  x5:0x00005054 x12:0x0000ffff PA:0x000054b4 store:0x0000ffff load:0xfff50513
          24618	     12305	00001a1c	00010537	lui	x10,0x10	 x10=0x00010000
          24620	     12306	00001a20	fff50513	addi	x10,x10,-1	 x10:0x00010000 x10=0x0000ffff
          24622	     12307	00001a24	aaaab5b7	lui	x11,0xaaaab	 x11=0xaaaab000
          24624	     12308	00001a28	aaa58593	addi	x11,x11,-1366	 x11:0xaaaab000 x11=0xaaaaaaaa
          24698	     12345	00001a2c	02b57633	remu	x12,x10,x11	 x10:0x0000ffff x11:0xaaaaaaaa x12=0x0000ffff
          24702	     12347	00001a30	46c2a223	sw	x12,1124(x5)	  x5:0x00005054 x12:0x0000ffff PA:0x000054b8 store:0x0000ffff load:0xfff50513
          24704	     12348	00001a34	00010537	lui	x10,0x10	 x10=0x00010000
          24706	     12349	00001a38	fff50513	addi	x10,x10,-1	 x10:0x00010000 x10=0x0000ffff
          24708	     12350	00001a3c	00500593	addi	x11,x0,5	  x0:0x00000000 x11=0x00000005
          24782	     12387	00001a40	02b57633	remu	x12,x10,x11	 x10:0x0000ffff x11:0x00000005 x12=0x00000000
          24786	     12389	00001a44	46c2a423	sw	x12,1128(x5)	  x5:0x00005054 x12:0x00000000 PA:0x000054bc store:0x00000000 load:0xfff50513
          24788	     12390	00001a48	00010537	lui	x10,0x10	 x10=0x00010000
          24790	     12391	00001a4c	fff50513	addi	x10,x10,-1	 x10:0x00010000 x10=0x0000ffff
          24792	     12392	00001a50	333335b7	lui	x11,0x33333	 x11=0x33333000
          24794	     12393	00001a54	33358593	addi	x11,x11,819	 x11:0x33333000 x11=0x33333333
          24868	     12430	00001a58	02b57633	remu	x12,x10,x11	 x10:0x0000ffff x11:0x33333333 x12=0x0000ffff
          24872	     12432	00001a5c	46c2a623	sw	x12,1132(x5)	  x5:0x00005054 x12:0x0000ffff PA:0x000054c0 store:0x0000ffff load:0xfff50513
          24874	     12433	00001a60	00010537	lui	x10,0x10	 x10=0x00010000
          24876	     12434	00001a64	fff50513	addi	x10,x10,-1	 x10:0x00010000 x10=0x0000ffff
          24878	     12435	00001a68	666665b7	lui	x11,0x66666	 x11=0x66666000
          24880	     12436	00001a6c	66658593	addi	x11,x11,1638	 x11:0x66666000 x11=0x66666666
          24954	     12473	00001a70	02b57633	remu	x12,x10,x11	 x10:0x0000ffff x11:0x66666666 x12=0x0000ffff
          24958	     12475	00001a74	46c2a823	sw	x12,1136(x5)	  x5:0x00005054 x12:0x0000ffff PA:0x000054c4 store:0x0000ffff load:0xfff50513
          24960	     12476	00001a78	00010537	lui	x10,0x10	 x10=0x00010000
          24962	     12477	00001a7c	fff50513	addi	x10,x10,-1	 x10:0x00010000 x10=0x0000ffff
          24964	     12478	00001a80	0000b5b7	lui	x11,0xb	 x11=0x0000b000
          24966	     12479	00001a84	50458593	addi	x11,x11,1284	 x11:0x0000b000 x11=0x0000b504
          25040	     12516	00001a88	02b57633	remu	x12,x10,x11	 x10:0x0000ffff x11:0x0000b504 x12=0x00004afb
          25044	     12518	00001a8c	46c2aa23	sw	x12,1140(x5)	  x5:0x00005054 x12:0x00004afb PA:0x000054c8 store:0x00004afb load:0xfff50513
          25046	     12519	00001a90	00010537	lui	x10,0x10	 x10=0x00010000
          25048	     12520	00001a94	fff50513	addi	x10,x10,-1	 x10:0x00010000 x10=0x0000ffff
          25050	     12521	00001a98	00000593	addi	x11,x0,0	  x0:0x00000000 x11=0x00000000
          25054	     12523	00001a9c	02b57633	remu	x12,x10,x11	 x10:0x0000ffff x11:0x00000000 x12=0x0000ffff
          25058	     12525	00001aa0	46c2ac23	sw	x12,1144(x5)	  x5:0x00005054 x12:0x0000ffff PA:0x000054cc store:0x0000ffff load:0xfff50513
          25060	     12526	00001aa4	00010537	lui	x10,0x10	 x10=0x00010000
          25062	     12527	00001aa8	fff50513	addi	x10,x10,-1	 x10:0x00010000 x10=0x0000ffff
          25064	     12528	00001aac	000105b7	lui	x11,0x10	 x11=0x00010000
          25066	     12529	00001ab0	fff58593	addi	x11,x11,-1	 x11:0x00010000 x11=0x0000ffff
          25140	     12566	00001ab4	02b57633	remu	x12,x10,x11	 x10:0x0000ffff x11:0x0000ffff x12=0x00000000
          25144	     12568	00001ab8	46c2ae23	sw	x12,1148(x5)	  x5:0x00005054 x12:0x00000000 PA:0x000054d0 store:0x00000000 load:0xfff50513
          25146	     12569	00001abc	00010537	lui	x10,0x10	 x10=0x00010000
          25148	     12570	00001ac0	fff50513	addi	x10,x10,-1	 x10:0x00010000 x10=0x0000ffff
          25150	     12571	00001ac4	00200593	addi	x11,x0,2	  x0:0x00000000 x11=0x00000002
          25224	     12608	00001ac8	02b57633	remu	x12,x10,x11	 x10:0x0000ffff x11:0x00000002 x12=0x00000001
          25228	     12610	00001acc	48c2a023	sw	x12,1152(x5)	  x5:0x00005054 x12:0x00000001 PA:0x000054d4 store:0x00000001 load:0xfff50513
          25230	     12611	00001ad0	00010537	lui	x10,0x10	 x10=0x00010000
          25232	     12612	00001ad4	fff50513	addi	x10,x10,-1	 x10:0x00010000 x10=0x0000ffff
          25234	     12613	00001ad8	555555b7	lui	x11,0x55555	 x11=0x55555000
          25236	     12614	00001adc	55458593	addi	x11,x11,1364	 x11:0x55555000 x11=0x55555554
          25310	     12651	00001ae0	02b57633	remu	x12,x10,x11	 x10:0x0000ffff x11:0x55555554 x12=0x0000ffff
          25314	     12653	00001ae4	48c2a223	sw	x12,1156(x5)	  x5:0x00005054 x12:0x0000ffff PA:0x000054d8 store:0x0000ffff load:0xfff50513
          25316	     12654	00001ae8	00010537	lui	x10,0x10	 x10=0x00010000
          25318	     12655	00001aec	fff50513	addi	x10,x10,-1	 x10:0x00010000 x10=0x0000ffff
          25320	     12656	00001af0	aaaab5b7	lui	x11,0xaaaab	 x11=0xaaaab000
          25322	     12657	00001af4	aa958593	addi	x11,x11,-1367	 x11:0xaaaab000 x11=0xaaaaaaa9
          25396	     12694	00001af8	02b57633	remu	x12,x10,x11	 x10:0x0000ffff x11:0xaaaaaaa9 x12=0x0000ffff
          25400	     12696	00001afc	48c2a423	sw	x12,1160(x5)	  x5:0x00005054 x12:0x0000ffff PA:0x000054dc store:0x0000ffff load:0xfff50513
          25402	     12697	00001b00	00010537	lui	x10,0x10	 x10=0x00010000
          25404	     12698	00001b04	fff50513	addi	x10,x10,-1	 x10:0x00010000 x10=0x0000ffff
          25406	     12699	00001b08	00400593	addi	x11,x0,4	  x0:0x00000000 x11=0x00000004
          25480	     12736	00001b0c	02b57633	remu	x12,x10,x11	 x10:0x0000ffff x11:0x00000004 x12=0x00000003
          25484	     12738	00001b10	48c2a623	sw	x12,1164(x5)	  x5:0x00005054 x12:0x00000003 PA:0x000054e0 store:0x00000003 load:0xfff50513
          25486	     12739	00001b14	00010537	lui	x10,0x10	 x10=0x00010000
          25488	     12740	00001b18	fff50513	addi	x10,x10,-1	 x10:0x00010000 x10=0x0000ffff
          25490	     12741	00001b1c	333335b7	lui	x11,0x33333	 x11=0x33333000
          25492	     12742	00001b20	33258593	addi	x11,x11,818	 x11:0x33333000 x11=0x33333332
          25566	     12779	00001b24	02b57633	remu	x12,x10,x11	 x10:0x0000ffff x11:0x33333332 x12=0x0000ffff
          25570	     12781	00001b28	48c2a823	sw	x12,1168(x5)	  x5:0x00005054 x12:0x0000ffff PA:0x000054e4 store:0x0000ffff load:0xfff50513
          25572	     12782	00001b2c	00010537	lui	x10,0x10	 x10=0x00010000
          25574	     12783	00001b30	fff50513	addi	x10,x10,-1	 x10:0x00010000 x10=0x0000ffff
          25576	     12784	00001b34	666665b7	lui	x11,0x66666	 x11=0x66666000
          25578	     12785	00001b38	66558593	addi	x11,x11,1637	 x11:0x66666000 x11=0x66666665
          25652	     12822	00001b3c	02b57633	remu	x12,x10,x11	 x10:0x0000ffff x11:0x66666665 x12=0x0000ffff
          25656	     12824	00001b40	48c2aa23	sw	x12,1172(x5)	  x5:0x00005054 x12:0x0000ffff PA:0x000054e8 store:0x0000ffff load:0xfff50513
          25658	     12825	00001b44	00010537	lui	x10,0x10	 x10=0x00010000
          25660	     12826	00001b48	fff50513	addi	x10,x10,-1	 x10:0x00010000 x10=0x0000ffff
          25662	     12827	00001b4c	0000b5b7	lui	x11,0xb	 x11=0x0000b000
          25664	     12828	00001b50	50358593	addi	x11,x11,1283	 x11:0x0000b000 x11=0x0000b503
          25738	     12865	00001b54	02b57633	remu	x12,x10,x11	 x10:0x0000ffff x11:0x0000b503 x12=0x00004afc
          25742	     12867	00001b58	48c2ac23	sw	x12,1176(x5)	  x5:0x00005054 x12:0x00004afc PA:0x000054ec store:0x00004afc load:0xfff50513
          25744	     12868	00001b5c	00010537	lui	x10,0x10	 x10=0x00010000
          25746	     12869	00001b60	fff50513	addi	x10,x10,-1	 x10:0x00010000 x10=0x0000ffff
          25748	     12870	00001b64	000105b7	lui	x11,0x10	 x11=0x00010000
          25750	     12871	00001b68	ffe58593	addi	x11,x11,-2	 x11:0x00010000 x11=0x0000fffe
          25824	     12908	00001b6c	02b57633	remu	x12,x10,x11	 x10:0x0000ffff x11:0x0000fffe x12=0x00000001
          25828	     12910	00001b70	48c2ae23	sw	x12,1180(x5)	  x5:0x00005054 x12:0x00000001 PA:0x000054f0 store:0x00000001 load:0xfff50513
          25830	     12911	00001b74	00010537	lui	x10,0x10	 x10=0x00010000
          25832	     12912	00001b78	fff50513	addi	x10,x10,-1	 x10:0x00010000 x10=0x0000ffff
          25834	     12913	00001b7c	555555b7	lui	x11,0x55555	 x11=0x55555000
          25836	     12914	00001b80	55658593	addi	x11,x11,1366	 x11:0x55555000 x11=0x55555556
          25910	     12951	00001b84	02b57633	remu	x12,x10,x11	 x10:0x0000ffff x11:0x55555556 x12=0x0000ffff
          25914	     12953	00001b88	4ac2a023	sw	x12,1184(x5)	  x5:0x00005054 x12:0x0000ffff PA:0x000054f4 store:0x0000ffff load:0xfff50513
          25916	     12954	00001b8c	00010537	lui	x10,0x10	 x10=0x00010000
          25918	     12955	00001b90	fff50513	addi	x10,x10,-1	 x10:0x00010000 x10=0x0000ffff
          25920	     12956	00001b94	aaaab5b7	lui	x11,0xaaaab	 x11=0xaaaab000
          25922	     12957	00001b98	aab58593	addi	x11,x11,-1365	 x11:0xaaaab000 x11=0xaaaaaaab
          25996	     12994	00001b9c	02b57633	remu	x12,x10,x11	 x10:0x0000ffff x11:0xaaaaaaab x12=0x0000ffff
          26000	     12996	00001ba0	4ac2a223	sw	x12,1188(x5)	  x5:0x00005054 x12:0x0000ffff PA:0x000054f8 store:0x0000ffff load:0xfff50513
          26002	     12997	00001ba4	00010537	lui	x10,0x10	 x10=0x00010000
          26004	     12998	00001ba8	fff50513	addi	x10,x10,-1	 x10:0x00010000 x10=0x0000ffff
          26006	     12999	00001bac	00600593	addi	x11,x0,6	  x0:0x00000000 x11=0x00000006
          26080	     13036	00001bb0	02b57633	remu	x12,x10,x11	 x10:0x0000ffff x11:0x00000006 x12=0x00000003
          26084	     13038	00001bb4	4ac2a423	sw	x12,1192(x5)	  x5:0x00005054 x12:0x00000003 PA:0x000054fc store:0x00000003 load:0xfff50513
          26086	     13039	00001bb8	00010537	lui	x10,0x10	 x10=0x00010000
          26088	     13040	00001bbc	fff50513	addi	x10,x10,-1	 x10:0x00010000 x10=0x0000ffff
          26090	     13041	00001bc0	333335b7	lui	x11,0x33333	 x11=0x33333000
          26092	     13042	00001bc4	33458593	addi	x11,x11,820	 x11:0x33333000 x11=0x33333334
          26166	     13079	00001bc8	02b57633	remu	x12,x10,x11	 x10:0x0000ffff x11:0x33333334 x12=0x0000ffff
          26170	     13081	00001bcc	4ac2a623	sw	x12,1196(x5)	  x5:0x00005054 x12:0x0000ffff PA:0x00005500 store:0x0000ffff load:0xfff50513
          26172	     13082	00001bd0	00010537	lui	x10,0x10	 x10=0x00010000
          26174	     13083	00001bd4	fff50513	addi	x10,x10,-1	 x10:0x00010000 x10=0x0000ffff
          26176	     13084	00001bd8	666665b7	lui	x11,0x66666	 x11=0x66666000
          26178	     13085	00001bdc	66758593	addi	x11,x11,1639	 x11:0x66666000 x11=0x66666667
          26252	     13122	00001be0	02b57633	remu	x12,x10,x11	 x10:0x0000ffff x11:0x66666667 x12=0x0000ffff
          26256	     13124	00001be4	4ac2a823	sw	x12,1200(x5)	  x5:0x00005054 x12:0x0000ffff PA:0x00005504 store:0x0000ffff load:0xfff50513
          26258	     13125	00001be8	00010537	lui	x10,0x10	 x10=0x00010000
          26260	     13126	00001bec	fff50513	addi	x10,x10,-1	 x10:0x00010000 x10=0x0000ffff
          26262	     13127	00001bf0	0000b5b7	lui	x11,0xb	 x11=0x0000b000
          26264	     13128	00001bf4	50558593	addi	x11,x11,1285	 x11:0x0000b000 x11=0x0000b505
          26338	     13165	00001bf8	02b57633	remu	x12,x10,x11	 x10:0x0000ffff x11:0x0000b505 x12=0x00004afa
          26342	     13167	00001bfc	4ac2aa23	sw	x12,1204(x5)	  x5:0x00005054 x12:0x00004afa PA:0x00005508 store:0x00004afa load:0xfff50513
          26344	     13168	00001c00	00010537	lui	x10,0x10	 x10=0x00010000
          26346	     13169	00001c04	fff50513	addi	x10,x10,-1	 x10:0x00010000 x10=0x0000ffff
          26348	     13170	00001c08	00100593	addi	x11,x0,1	  x0:0x00000000 x11=0x00000001
          26422	     13207	00001c0c	02b57633	remu	x12,x10,x11	 x10:0x0000ffff x11:0x00000001 x12=0x00000000
          26426	     13209	00001c10	4ac2ac23	sw	x12,1208(x5)	  x5:0x00005054 x12:0x00000000 PA:0x0000550c store:0x00000000 load:0xfff50513
          26428	     13210	00001c14	00010537	lui	x10,0x10	 x10=0x00010000
          26430	     13211	00001c18	fff50513	addi	x10,x10,-1	 x10:0x00010000 x10=0x0000ffff
          26432	     13212	00001c1c	000105b7	lui	x11,0x10	 x11=0x00010000
          26506	     13249	00001c20	02b57633	remu	x12,x10,x11	 x10:0x0000ffff x11:0x00010000 x12=0x0000ffff
          26510	     13251	00001c24	4ac2ae23	sw	x12,1212(x5)	  x5:0x00005054 x12:0x0000ffff PA:0x00005510 store:0x0000ffff load:0x00300593
          26512	     13252	00001c28	00200513	addi	x10,x0,2	  x0:0x00000000 x10=0x00000002
          26514	     13253	00001c2c	00300593	addi	x11,x0,3	  x0:0x00000000 x11=0x00000003
          26588	     13290	00001c30	02b57633	remu	x12,x10,x11	 x10:0x00000002 x11:0x00000003 x12=0x00000002
          26592	     13292	00001c34	4cc2a023	sw	x12,1216(x5)	  x5:0x00005054 x12:0x00000002 PA:0x00005514 store:0x00000002 load:0x555555b7
          26594	     13293	00001c38	00200513	addi	x10,x0,2	  x0:0x00000000 x10=0x00000002
          26596	     13294	00001c3c	555555b7	lui	x11,0x55555	 x11=0x55555000
          26598	     13295	00001c40	55558593	addi	x11,x11,1365	 x11:0x55555000 x11=0x55555555
          26672	     13332	00001c44	02b57633	remu	x12,x10,x11	 x10:0x00000002 x11:0x55555555 x12=0x00000002
          26676	     13334	00001c48	4cc2a223	sw	x12,1220(x5)	  x5:0x00005054 x12:0x00000002 PA:0x00005518 store:0x00000002 load:0xaaaab5b7
          26678	     13335	00001c4c	00200513	addi	x10,x0,2	  x0:0x00000000 x10=0x00000002
          26680	     13336	00001c50	aaaab5b7	lui	x11,0xaaaab	 x11=0xaaaab000
          26682	     13337	00001c54	aaa58593	addi	x11,x11,-1366	 x11:0xaaaab000 x11=0xaaaaaaaa
          26756	     13374	00001c58	02b57633	remu	x12,x10,x11	 x10:0x00000002 x11:0xaaaaaaaa x12=0x00000002
          26760	     13376	00001c5c	4cc2a423	sw	x12,1224(x5)	  x5:0x00005054 x12:0x00000002 PA:0x0000551c store:0x00000002 load:0x00500593
          26762	     13377	00001c60	00200513	addi	x10,x0,2	  x0:0x00000000 x10=0x00000002
          26764	     13378	00001c64	00500593	addi	x11,x0,5	  x0:0x00000000 x11=0x00000005
          26838	     13415	00001c68	02b57633	remu	x12,x10,x11	 x10:0x00000002 x11:0x00000005 x12=0x00000002
          26842	     13417	00001c6c	4cc2a623	sw	x12,1228(x5)	  x5:0x00005054 x12:0x00000002 PA:0x00005520 store:0x00000002 load:0x333335b7
          26844	     13418	00001c70	00200513	addi	x10,x0,2	  x0:0x00000000 x10=0x00000002
          26846	     13419	00001c74	333335b7	lui	x11,0x33333	 x11=0x33333000
          26848	     13420	00001c78	33358593	addi	x11,x11,819	 x11:0x33333000 x11=0x33333333
          26922	     13457	00001c7c	02b57633	remu	x12,x10,x11	 x10:0x00000002 x11:0x33333333 x12=0x00000002
          26926	     13459	00001c80	4cc2a823	sw	x12,1232(x5)	  x5:0x00005054 x12:0x00000002 PA:0x00005524 store:0x00000002 load:0x666665b7
          26928	     13460	00001c84	00200513	addi	x10,x0,2	  x0:0x00000000 x10=0x00000002
          26930	     13461	00001c88	666665b7	lui	x11,0x66666	 x11=0x66666000
          26932	     13462	00001c8c	66658593	addi	x11,x11,1638	 x11:0x66666000 x11=0x66666666
          27006	     13499	00001c90	02b57633	remu	x12,x10,x11	 x10:0x00000002 x11:0x66666666 x12=0x00000002
          27010	     13501	00001c94	4cc2aa23	sw	x12,1236(x5)	  x5:0x00005054 x12:0x00000002 PA:0x00005528 store:0x00000002 load:0x0000b5b7
          27012	     13502	00001c98	00200513	addi	x10,x0,2	  x0:0x00000000 x10=0x00000002
          27014	     13503	00001c9c	0000b5b7	lui	x11,0xb	 x11=0x0000b000
          27016	     13504	00001ca0	50458593	addi	x11,x11,1284	 x11:0x0000b000 x11=0x0000b504
          27090	     13541	00001ca4	02b57633	remu	x12,x10,x11	 x10:0x00000002 x11:0x0000b504 x12=0x00000002
          27094	     13543	00001ca8	4cc2ac23	sw	x12,1240(x5)	  x5:0x00005054 x12:0x00000002 PA:0x0000552c store:0x00000002 load:0x00000593
          27096	     13544	00001cac	00200513	addi	x10,x0,2	  x0:0x00000000 x10=0x00000002
          27098	     13545	00001cb0	00000593	addi	x11,x0,0	  x0:0x00000000 x11=0x00000000
          27102	     13547	00001cb4	02b57633	remu	x12,x10,x11	 x10:0x00000002 x11:0x00000000 x12=0x00000002
          27106	     13549	00001cb8	4cc2ae23	sw	x12,1244(x5)	  x5:0x00005054 x12:0x00000002 PA:0x00005530 store:0x00000002 load:0x000105b7
          27108	     13550	00001cbc	00200513	addi	x10,x0,2	  x0:0x00000000 x10=0x00000002
          27110	     13551	00001cc0	000105b7	lui	x11,0x10	 x11=0x00010000
          27112	     13552	00001cc4	fff58593	addi	x11,x11,-1	 x11:0x00010000 x11=0x0000ffff
          27186	     13589	00001cc8	02b57633	remu	x12,x10,x11	 x10:0x00000002 x11:0x0000ffff x12=0x00000002
          27190	     13591	00001ccc	4ec2a023	sw	x12,1248(x5)	  x5:0x00005054 x12:0x00000002 PA:0x00005534 store:0x00000002 load:0x00200593
          27192	     13592	00001cd0	00200513	addi	x10,x0,2	  x0:0x00000000 x10=0x00000002
          27194	     13593	00001cd4	00200593	addi	x11,x0,2	  x0:0x00000000 x11=0x00000002
          27268	     13630	00001cd8	02b57633	remu	x12,x10,x11	 x10:0x00000002 x11:0x00000002 x12=0x00000000
          27272	     13632	00001cdc	4ec2a223	sw	x12,1252(x5)	  x5:0x00005054 x12:0x00000000 PA:0x00005538 store:0x00000000 load:0x555555b7
          27274	     13633	00001ce0	00200513	addi	x10,x0,2	  x0:0x00000000 x10=0x00000002
          27276	     13634	00001ce4	555555b7	lui	x11,0x55555	 x11=0x55555000
          27278	     13635	00001ce8	55458593	addi	x11,x11,1364	 x11:0x55555000 x11=0x55555554
          27352	     13672	00001cec	02b57633	remu	x12,x10,x11	 x10:0x00000002 x11:0x55555554 x12=0x00000002
          27356	     13674	00001cf0	4ec2a423	sw	x12,1256(x5)	  x5:0x00005054 x12:0x00000002 PA:0x0000553c store:0x00000002 load:0xaaaab5b7
          27358	     13675	00001cf4	00200513	addi	x10,x0,2	  x0:0x00000000 x10=0x00000002
          27360	     13676	00001cf8	aaaab5b7	lui	x11,0xaaaab	 x11=0xaaaab000
          27362	     13677	00001cfc	aa958593	addi	x11,x11,-1367	 x11:0xaaaab000 x11=0xaaaaaaa9
          27436	     13714	00001d00	02b57633	remu	x12,x10,x11	 x10:0x00000002 x11:0xaaaaaaa9 x12=0x00000002
          27440	     13716	00001d04	4ec2a623	sw	x12,1260(x5)	  x5:0x00005054 x12:0x00000002 PA:0x00005540 store:0x00000002 load:0x00400593
          27442	     13717	00001d08	00200513	addi	x10,x0,2	  x0:0x00000000 x10=0x00000002
          27444	     13718	00001d0c	00400593	addi	x11,x0,4	  x0:0x00000000 x11=0x00000004
          27518	     13755	00001d10	02b57633	remu	x12,x10,x11	 x10:0x00000002 x11:0x00000004 x12=0x00000002
          27522	     13757	00001d14	4ec2a823	sw	x12,1264(x5)	  x5:0x00005054 x12:0x00000002 PA:0x00005544 store:0x00000002 load:0x333335b7
          27524	     13758	00001d18	00200513	addi	x10,x0,2	  x0:0x00000000 x10=0x00000002
          27526	     13759	00001d1c	333335b7	lui	x11,0x33333	 x11=0x33333000
          27528	     13760	00001d20	33258593	addi	x11,x11,818	 x11:0x33333000 x11=0x33333332
          27602	     13797	00001d24	02b57633	remu	x12,x10,x11	 x10:0x00000002 x11:0x33333332 x12=0x00000002
          27606	     13799	00001d28	4ec2aa23	sw	x12,1268(x5)	  x5:0x00005054 x12:0x00000002 PA:0x00005548 store:0x00000002 load:0x666665b7
          27608	     13800	00001d2c	00200513	addi	x10,x0,2	  x0:0x00000000 x10=0x00000002
          27610	     13801	00001d30	666665b7	lui	x11,0x66666	 x11=0x66666000
          27612	     13802	00001d34	66558593	addi	x11,x11,1637	 x11:0x66666000 x11=0x66666665
          27686	     13839	00001d38	02b57633	remu	x12,x10,x11	 x10:0x00000002 x11:0x66666665 x12=0x00000002
          27690	     13841	00001d3c	4ec2ac23	sw	x12,1272(x5)	  x5:0x00005054 x12:0x00000002 PA:0x0000554c store:0x00000002 load:0x0000b5b7
          27692	     13842	00001d40	00200513	addi	x10,x0,2	  x0:0x00000000 x10=0x00000002
          27694	     13843	00001d44	0000b5b7	lui	x11,0xb	 x11=0x0000b000
          27696	     13844	00001d48	50358593	addi	x11,x11,1283	 x11:0x0000b000 x11=0x0000b503
          27770	     13881	00001d4c	02b57633	remu	x12,x10,x11	 x10:0x00000002 x11:0x0000b503 x12=0x00000002
          27774	     13883	00001d50	4ec2ae23	sw	x12,1276(x5)	  x5:0x00005054 x12:0x00000002 PA:0x00005550 store:0x00000002 load:0x000105b7
          27776	     13884	00001d54	00200513	addi	x10,x0,2	  x0:0x00000000 x10=0x00000002
          27778	     13885	00001d58	000105b7	lui	x11,0x10	 x11=0x00010000
          27780	     13886	00001d5c	ffe58593	addi	x11,x11,-2	 x11:0x00010000 x11=0x0000fffe
          27854	     13923	00001d60	02b57633	remu	x12,x10,x11	 x10:0x00000002 x11:0x0000fffe x12=0x00000002
          27858	     13925	00001d64	50c2a023	sw	x12,1280(x5)	  x5:0x00005054 x12:0x00000002 PA:0x00005554 store:0x00000002 load:0x555555b7
          27860	     13926	00001d68	00200513	addi	x10,x0,2	  x0:0x00000000 x10=0x00000002
          27862	     13927	00001d6c	555555b7	lui	x11,0x55555	 x11=0x55555000
          27864	     13928	00001d70	55658593	addi	x11,x11,1366	 x11:0x55555000 x11=0x55555556
          27938	     13965	00001d74	02b57633	remu	x12,x10,x11	 x10:0x00000002 x11:0x55555556 x12=0x00000002
          27942	     13967	00001d78	50c2a223	sw	x12,1284(x5)	  x5:0x00005054 x12:0x00000002 PA:0x00005558 store:0x00000002 load:0xaaaab5b7
          27944	     13968	00001d7c	00200513	addi	x10,x0,2	  x0:0x00000000 x10=0x00000002
          27946	     13969	00001d80	aaaab5b7	lui	x11,0xaaaab	 x11=0xaaaab000
          27948	     13970	00001d84	aab58593	addi	x11,x11,-1365	 x11:0xaaaab000 x11=0xaaaaaaab
          28022	     14007	00001d88	02b57633	remu	x12,x10,x11	 x10:0x00000002 x11:0xaaaaaaab x12=0x00000002
          28026	     14009	00001d8c	50c2a423	sw	x12,1288(x5)	  x5:0x00005054 x12:0x00000002 PA:0x0000555c store:0x00000002 load:0x00600593
          28028	     14010	00001d90	00200513	addi	x10,x0,2	  x0:0x00000000 x10=0x00000002
          28030	     14011	00001d94	00600593	addi	x11,x0,6	  x0:0x00000000 x11=0x00000006
          28104	     14048	00001d98	02b57633	remu	x12,x10,x11	 x10:0x00000002 x11:0x00000006 x12=0x00000002
          28108	     14050	00001d9c	50c2a623	sw	x12,1292(x5)	  x5:0x00005054 x12:0x00000002 PA:0x00005560 store:0x00000002 load:0x333335b7
          28110	     14051	00001da0	00200513	addi	x10,x0,2	  x0:0x00000000 x10=0x00000002
          28112	     14052	00001da4	333335b7	lui	x11,0x33333	 x11=0x33333000
          28114	     14053	00001da8	33458593	addi	x11,x11,820	 x11:0x33333000 x11=0x33333334
          28188	     14090	00001dac	02b57633	remu	x12,x10,x11	 x10:0x00000002 x11:0x33333334 x12=0x00000002
          28192	     14092	00001db0	50c2a823	sw	x12,1296(x5)	  x5:0x00005054 x12:0x00000002 PA:0x00005564 store:0x00000002 load:0x666665b7
          28194	     14093	00001db4	00200513	addi	x10,x0,2	  x0:0x00000000 x10=0x00000002
          28196	     14094	00001db8	666665b7	lui	x11,0x66666	 x11=0x66666000
          28198	     14095	00001dbc	66758593	addi	x11,x11,1639	 x11:0x66666000 x11=0x66666667
          28272	     14132	00001dc0	02b57633	remu	x12,x10,x11	 x10:0x00000002 x11:0x66666667 x12=0x00000002
          28276	     14134	00001dc4	50c2aa23	sw	x12,1300(x5)	  x5:0x00005054 x12:0x00000002 PA:0x00005568 store:0x00000002 load:0x0000b5b7
          28278	     14135	00001dc8	00200513	addi	x10,x0,2	  x0:0x00000000 x10=0x00000002
          28280	     14136	00001dcc	0000b5b7	lui	x11,0xb	 x11=0x0000b000
          28282	     14137	00001dd0	50558593	addi	x11,x11,1285	 x11:0x0000b000 x11=0x0000b505
          28356	     14174	00001dd4	02b57633	remu	x12,x10,x11	 x10:0x00000002 x11:0x0000b505 x12=0x00000002
          28360	     14176	00001dd8	50c2ac23	sw	x12,1304(x5)	  x5:0x00005054 x12:0x00000002 PA:0x0000556c store:0x00000002 load:0x00100593
          28362	     14177	00001ddc	00200513	addi	x10,x0,2	  x0:0x00000000 x10=0x00000002
          28364	     14178	00001de0	00100593	addi	x11,x0,1	  x0:0x00000000 x11=0x00000001
          28438	     14215	00001de4	02b57633	remu	x12,x10,x11	 x10:0x00000002 x11:0x00000001 x12=0x00000000
          28442	     14217	00001de8	50c2ae23	sw	x12,1308(x5)	  x5:0x00005054 x12:0x00000000 PA:0x00005570 store:0x00000000 load:0x000105b7
          28444	     14218	00001dec	00200513	addi	x10,x0,2	  x0:0x00000000 x10=0x00000002
          28446	     14219	00001df0	000105b7	lui	x11,0x10	 x11=0x00010000
          28520	     14256	00001df4	02b57633	remu	x12,x10,x11	 x10:0x00000002 x11:0x00010000 x12=0x00000002
          28524	     14258	00001df8	52c2a023	sw	x12,1312(x5)	  x5:0x00005054 x12:0x00000002 PA:0x00005574 store:0x00000002 load:0x55450513
          28526	     14259	00001dfc	55555537	lui	x10,0x55555	 x10=0x55555000
          28528	     14260	00001e00	55450513	addi	x10,x10,1364	 x10:0x55555000 x10=0x55555554
          28530	     14261	00001e04	00300593	addi	x11,x0,3	  x0:0x00000000 x11=0x00000003
          28604	     14298	00001e08	02b57633	remu	x12,x10,x11	 x10:0x55555554 x11:0x00000003 x12=0x00000000
          28608	     14300	00001e0c	52c2a223	sw	x12,1316(x5)	  x5:0x00005054 x12:0x00000000 PA:0x00005578 store:0x00000000 load:0x55450513
          28610	     14301	00001e10	55555537	lui	x10,0x55555	 x10=0x55555000
          28612	     14302	00001e14	55450513	addi	x10,x10,1364	 x10:0x55555000 x10=0x55555554
          28614	     14303	00001e18	555555b7	lui	x11,0x55555	 x11=0x55555000
          28616	     14304	00001e1c	55558593	addi	x11,x11,1365	 x11:0x55555000 x11=0x55555555
          28690	     14341	00001e20	02b57633	remu	x12,x10,x11	 x10:0x55555554 x11:0x55555555 x12=0x55555554
          28694	     14343	00001e24	52c2a423	sw	x12,1320(x5)	  x5:0x00005054 x12:0x55555554 PA:0x0000557c store:0x55555554 load:0x55450513
          28696	     14344	00001e28	55555537	lui	x10,0x55555	 x10=0x55555000
          28698	     14345	00001e2c	55450513	addi	x10,x10,1364	 x10:0x55555000 x10=0x55555554
          28700	     14346	00001e30	aaaab5b7	lui	x11,0xaaaab	 x11=0xaaaab000
          28702	     14347	00001e34	aaa58593	addi	x11,x11,-1366	 x11:0xaaaab000 x11=0xaaaaaaaa
          28776	     14384	00001e38	02b57633	remu	x12,x10,x11	 x10:0x55555554 x11:0xaaaaaaaa x12=0x55555554
          28780	     14386	00001e3c	52c2a623	sw	x12,1324(x5)	  x5:0x00005054 x12:0x55555554 PA:0x00005580 store:0x55555554 load:0x55450513
          28782	     14387	00001e40	55555537	lui	x10,0x55555	 x10=0x55555000
          28784	     14388	00001e44	55450513	addi	x10,x10,1364	 x10:0x55555000 x10=0x55555554
          28786	     14389	00001e48	00500593	addi	x11,x0,5	  x0:0x00000000 x11=0x00000005
          28860	     14426	00001e4c	02b57633	remu	x12,x10,x11	 x10:0x55555554 x11:0x00000005 x12=0x00000004
          28864	     14428	00001e50	52c2a823	sw	x12,1328(x5)	  x5:0x00005054 x12:0x00000004 PA:0x00005584 store:0x00000004 load:0x55450513
          28866	     14429	00001e54	55555537	lui	x10,0x55555	 x10=0x55555000
          28868	     14430	00001e58	55450513	addi	x10,x10,1364	 x10:0x55555000 x10=0x55555554
          28870	     14431	00001e5c	333335b7	lui	x11,0x33333	 x11=0x33333000
          28872	     14432	00001e60	33358593	addi	x11,x11,819	 x11:0x33333000 x11=0x33333333
          28946	     14469	00001e64	02b57633	remu	x12,x10,x11	 x10:0x55555554 x11:0x33333333 x12=0x22222221
          28950	     14471	00001e68	52c2aa23	sw	x12,1332(x5)	  x5:0x00005054 x12:0x22222221 PA:0x00005588 store:0x22222221 load:0x55450513
          28952	     14472	00001e6c	55555537	lui	x10,0x55555	 x10=0x55555000
          28954	     14473	00001e70	55450513	addi	x10,x10,1364	 x10:0x55555000 x10=0x55555554
          28956	     14474	00001e74	666665b7	lui	x11,0x66666	 x11=0x66666000
          28958	     14475	00001e78	66658593	addi	x11,x11,1638	 x11:0x66666000 x11=0x66666666
          29032	     14512	00001e7c	02b57633	remu	x12,x10,x11	 x10:0x55555554 x11:0x66666666 x12=0x55555554
          29036	     14514	00001e80	52c2ac23	sw	x12,1336(x5)	  x5:0x00005054 x12:0x55555554 PA:0x0000558c store:0x55555554 load:0x55450513
          29038	     14515	00001e84	55555537	lui	x10,0x55555	 x10=0x55555000
          29040	     14516	00001e88	55450513	addi	x10,x10,1364	 x10:0x55555000 x10=0x55555554
          29042	     14517	00001e8c	0000b5b7	lui	x11,0xb	 x11=0x0000b000
          29044	     14518	00001e90	50458593	addi	x11,x11,1284	 x11:0x0000b000 x11=0x0000b504
          29118	     14555	00001e94	02b57633	remu	x12,x10,x11	 x10:0x55555554 x11:0x0000b504 x12=0x00006c9c
          29122	     14557	00001e98	52c2ae23	sw	x12,1340(x5)	  x5:0x00005054 x12:0x00006c9c PA:0x00005590 store:0x00006c9c load:0x55450513
          29124	     14558	00001e9c	55555537	lui	x10,0x55555	 x10=0x55555000
          29126	     14559	00001ea0	55450513	addi	x10,x10,1364	 x10:0x55555000 x10=0x55555554
          29128	     14560	00001ea4	00000593	addi	x11,x0,0	  x0:0x00000000 x11=0x00000000
          29132	     14562	00001ea8	02b57633	remu	x12,x10,x11	 x10:0x55555554 x11:0x00000000 x12=0x55555554
          29136	     14564	00001eac	54c2a023	sw	x12,1344(x5)	  x5:0x00005054 x12:0x55555554 PA:0x00005594 store:0x55555554 load:0x55450513
          29138	     14565	00001eb0	55555537	lui	x10,0x55555	 x10=0x55555000
          29140	     14566	00001eb4	55450513	addi	x10,x10,1364	 x10:0x55555000 x10=0x55555554
          29142	     14567	00001eb8	000105b7	lui	x11,0x10	 x11=0x00010000
          29144	     14568	00001ebc	fff58593	addi	x11,x11,-1	 x11:0x00010000 x11=0x0000ffff
          29218	     14605	00001ec0	02b57633	remu	x12,x10,x11	 x10:0x55555554 x11:0x0000ffff x12=0x0000aaa9
          29222	     14607	00001ec4	54c2a223	sw	x12,1348(x5)	  x5:0x00005054 x12:0x0000aaa9 PA:0x00005598 store:0x0000aaa9 load:0x55450513
          29224	     14608	00001ec8	55555537	lui	x10,0x55555	 x10=0x55555000
          29226	     14609	00001ecc	55450513	addi	x10,x10,1364	 x10:0x55555000 x10=0x55555554
          29228	     14610	00001ed0	00200593	addi	x11,x0,2	  x0:0x00000000 x11=0x00000002
          29302	     14647	00001ed4	02b57633	remu	x12,x10,x11	 x10:0x55555554 x11:0x00000002 x12=0x00000000
          29306	     14649	00001ed8	54c2a423	sw	x12,1352(x5)	  x5:0x00005054 x12:0x00000000 PA:0x0000559c store:0x00000000 load:0x55450513
          29308	     14650	00001edc	55555537	lui	x10,0x55555	 x10=0x55555000
          29310	     14651	00001ee0	55450513	addi	x10,x10,1364	 x10:0x55555000 x10=0x55555554
          29312	     14652	00001ee4	555555b7	lui	x11,0x55555	 x11=0x55555000
          29314	     14653	00001ee8	55458593	addi	x11,x11,1364	 x11:0x55555000 x11=0x55555554
          29388	     14690	00001eec	02b57633	remu	x12,x10,x11	 x10:0x55555554 x11:0x55555554 x12=0x00000000
          29392	     14692	00001ef0	54c2a623	sw	x12,1356(x5)	  x5:0x00005054 x12:0x00000000 PA:0x000055a0 store:0x00000000 load:0x55450513
          29394	     14693	00001ef4	55555537	lui	x10,0x55555	 x10=0x55555000
          29396	     14694	00001ef8	55450513	addi	x10,x10,1364	 x10:0x55555000 x10=0x55555554
          29398	     14695	00001efc	aaaab5b7	lui	x11,0xaaaab	 x11=0xaaaab000
          29400	     14696	00001f00	aa958593	addi	x11,x11,-1367	 x11:0xaaaab000 x11=0xaaaaaaa9
          29474	     14733	00001f04	02b57633	remu	x12,x10,x11	 x10:0x55555554 x11:0xaaaaaaa9 x12=0x55555554
          29478	     14735	00001f08	54c2a823	sw	x12,1360(x5)	  x5:0x00005054 x12:0x55555554 PA:0x000055a4 store:0x55555554 load:0x55450513
          29480	     14736	00001f0c	55555537	lui	x10,0x55555	 x10=0x55555000
          29482	     14737	00001f10	55450513	addi	x10,x10,1364	 x10:0x55555000 x10=0x55555554
          29484	     14738	00001f14	00400593	addi	x11,x0,4	  x0:0x00000000 x11=0x00000004
          29558	     14775	00001f18	02b57633	remu	x12,x10,x11	 x10:0x55555554 x11:0x00000004 x12=0x00000000
          29562	     14777	00001f1c	54c2aa23	sw	x12,1364(x5)	  x5:0x00005054 x12:0x00000000 PA:0x000055a8 store:0x00000000 load:0x55450513
          29564	     14778	00001f20	55555537	lui	x10,0x55555	 x10=0x55555000
          29566	     14779	00001f24	55450513	addi	x10,x10,1364	 x10:0x55555000 x10=0x55555554
          29568	     14780	00001f28	333335b7	lui	x11,0x33333	 x11=0x33333000
          29570	     14781	00001f2c	33258593	addi	x11,x11,818	 x11:0x33333000 x11=0x33333332
          29644	     14818	00001f30	02b57633	remu	x12,x10,x11	 x10:0x55555554 x11:0x33333332 x12=0x22222222
          29648	     14820	00001f34	54c2ac23	sw	x12,1368(x5)	  x5:0x00005054 x12:0x22222222 PA:0x000055ac store:0x22222222 load:0x55450513
          29650	     14821	00001f38	55555537	lui	x10,0x55555	 x10=0x55555000
          29652	     14822	00001f3c	55450513	addi	x10,x10,1364	 x10:0x55555000 x10=0x55555554
          29654	     14823	00001f40	666665b7	lui	x11,0x66666	 x11=0x66666000
          29656	     14824	00001f44	66558593	addi	x11,x11,1637	 x11:0x66666000 x11=0x66666665
          29730	     14861	00001f48	02b57633	remu	x12,x10,x11	 x10:0x55555554 x11:0x66666665 x12=0x55555554
          29734	     14863	00001f4c	54c2ae23	sw	x12,1372(x5)	  x5:0x00005054 x12:0x55555554 PA:0x000055b0 store:0x55555554 load:0x55450513
          29736	     14864	00001f50	55555537	lui	x10,0x55555	 x10=0x55555000
          29738	     14865	00001f54	55450513	addi	x10,x10,1364	 x10:0x55555000 x10=0x55555554
          29740	     14866	00001f58	0000b5b7	lui	x11,0xb	 x11=0x0000b000
          29742	     14867	00001f5c	50358593	addi	x11,x11,1283	 x11:0x0000b000 x11=0x0000b503
          29816	     14904	00001f60	02b57633	remu	x12,x10,x11	 x10:0x55555554 x11:0x0000b503 x12=0x00003047
          29820	     14906	00001f64	56c2a023	sw	x12,1376(x5)	  x5:0x00005054 x12:0x00003047 PA:0x000055b4 store:0x00003047 load:0x55450513
          29822	     14907	00001f68	55555537	lui	x10,0x55555	 x10=0x55555000
          29824	     14908	00001f6c	55450513	addi	x10,x10,1364	 x10:0x55555000 x10=0x55555554
          29826	     14909	00001f70	000105b7	lui	x11,0x10	 x11=0x00010000
          29828	     14910	00001f74	ffe58593	addi	x11,x11,-2	 x11:0x00010000 x11=0x0000fffe
          29902	     14947	00001f78	02b57633	remu	x12,x10,x11	 x10:0x55555554 x11:0x0000fffe x12=0x00000000
          29906	     14949	00001f7c	56c2a223	sw	x12,1380(x5)	  x5:0x00005054 x12:0x00000000 PA:0x000055b8 store:0x00000000 load:0x55450513
          29908	     14950	00001f80	55555537	lui	x10,0x55555	 x10=0x55555000
          29910	     14951	00001f84	55450513	addi	x10,x10,1364	 x10:0x55555000 x10=0x55555554
          29912	     14952	00001f88	555555b7	lui	x11,0x55555	 x11=0x55555000
          29914	     14953	00001f8c	55658593	addi	x11,x11,1366	 x11:0x55555000 x11=0x55555556
          29988	     14990	00001f90	02b57633	remu	x12,x10,x11	 x10:0x55555554 x11:0x55555556 x12=0x55555554
          29992	     14992	00001f94	56c2a423	sw	x12,1384(x5)	  x5:0x00005054 x12:0x55555554 PA:0x000055bc store:0x55555554 load:0x55450513
          29994	     14993	00001f98	55555537	lui	x10,0x55555	 x10=0x55555000
          29996	     14994	00001f9c	55450513	addi	x10,x10,1364	 x10:0x55555000 x10=0x55555554
          29998	     14995	00001fa0	aaaab5b7	lui	x11,0xaaaab	 x11=0xaaaab000
          30000	     14996	00001fa4	aab58593	addi	x11,x11,-1365	 x11:0xaaaab000 x11=0xaaaaaaab
          30074	     15033	00001fa8	02b57633	remu	x12,x10,x11	 x10:0x55555554 x11:0xaaaaaaab x12=0x55555554
          30078	     15035	00001fac	56c2a623	sw	x12,1388(x5)	  x5:0x00005054 x12:0x55555554 PA:0x000055c0 store:0x55555554 load:0x55450513
          30080	     15036	00001fb0	55555537	lui	x10,0x55555	 x10=0x55555000
          30082	     15037	00001fb4	55450513	addi	x10,x10,1364	 x10:0x55555000 x10=0x55555554
          30084	     15038	00001fb8	00600593	addi	x11,x0,6	  x0:0x00000000 x11=0x00000006
          30158	     15075	00001fbc	02b57633	remu	x12,x10,x11	 x10:0x55555554 x11:0x00000006 x12=0x00000000
          30162	     15077	00001fc0	56c2a823	sw	x12,1392(x5)	  x5:0x00005054 x12:0x00000000 PA:0x000055c4 store:0x00000000 load:0x55450513
          30164	     15078	00001fc4	55555537	lui	x10,0x55555	 x10=0x55555000
          30166	     15079	00001fc8	55450513	addi	x10,x10,1364	 x10:0x55555000 x10=0x55555554
          30168	     15080	00001fcc	333335b7	lui	x11,0x33333	 x11=0x33333000
          30170	     15081	00001fd0	33458593	addi	x11,x11,820	 x11:0x33333000 x11=0x33333334
          30244	     15118	00001fd4	02b57633	remu	x12,x10,x11	 x10:0x55555554 x11:0x33333334 x12=0x22222220
          30248	     15120	00001fd8	56c2aa23	sw	x12,1396(x5)	  x5:0x00005054 x12:0x22222220 PA:0x000055c8 store:0x22222220 load:0x55450513
          30250	     15121	00001fdc	55555537	lui	x10,0x55555	 x10=0x55555000
          30252	     15122	00001fe0	55450513	addi	x10,x10,1364	 x10:0x55555000 x10=0x55555554
          30254	     15123	00001fe4	666665b7	lui	x11,0x66666	 x11=0x66666000
          30256	     15124	00001fe8	66758593	addi	x11,x11,1639	 x11:0x66666000 x11=0x66666667
          30330	     15161	00001fec	02b57633	remu	x12,x10,x11	 x10:0x55555554 x11:0x66666667 x12=0x55555554
          30334	     15163	00001ff0	56c2ac23	sw	x12,1400(x5)	  x5:0x00005054 x12:0x55555554 PA:0x000055cc store:0x55555554 load:0x55450513
          30336	     15164	00001ff4	55555537	lui	x10,0x55555	 x10=0x55555000
          30338	     15165	00001ff8	55450513	addi	x10,x10,1364	 x10:0x55555000 x10=0x55555554
          30340	     15166	00001ffc	0000b5b7	lui	x11,0xb	 x11=0x0000b000
          30342	     15167	00002000	50558593	addi	x11,x11,1285	 x11:0x0000b000 x11=0x0000b505
          30416	     15204	00002004	02b57633	remu	x12,x10,x11	 x10:0x55555554 x11:0x0000b505 x12=0x0000a8f3
          30420	     15206	00002008	56c2ae23	sw	x12,1404(x5)	  x5:0x00005054 x12:0x0000a8f3 PA:0x000055d0 store:0x0000a8f3 load:0x55450513
          30422	     15207	0000200c	55555537	lui	x10,0x55555	 x10=0x55555000
          30424	     15208	00002010	55450513	addi	x10,x10,1364	 x10:0x55555000 x10=0x55555554
          30426	     15209	00002014	00100593	addi	x11,x0,1	  x0:0x00000000 x11=0x00000001
          30500	     15246	00002018	02b57633	remu	x12,x10,x11	 x10:0x55555554 x11:0x00000001 x12=0x00000000
          30504	     15248	0000201c	58c2a023	sw	x12,1408(x5)	  x5:0x00005054 x12:0x00000000 PA:0x000055d4 store:0x00000000 load:0x55450513
          30506	     15249	00002020	55555537	lui	x10,0x55555	 x10=0x55555000
          30508	     15250	00002024	55450513	addi	x10,x10,1364	 x10:0x55555000 x10=0x55555554
          30510	     15251	00002028	000105b7	lui	x11,0x10	 x11=0x00010000
          30584	     15288	0000202c	02b57633	remu	x12,x10,x11	 x10:0x55555554 x11:0x00010000 x12=0x00005554
          30588	     15290	00002030	58c2a223	sw	x12,1412(x5)	  x5:0x00005054 x12:0x00005554 PA:0x000055d8 store:0x00005554 load:0xaa950513
          30590	     15291	00002034	aaaab537	lui	x10,0xaaaab	 x10=0xaaaab000
          30592	     15292	00002038	aa950513	addi	x10,x10,-1367	 x10:0xaaaab000 x10=0xaaaaaaa9
          30594	     15293	0000203c	00300593	addi	x11,x0,3	  x0:0x00000000 x11=0x00000003
          30668	     15330	00002040	02b57633	remu	x12,x10,x11	 x10:0xaaaaaaa9 x11:0x00000003 x12=0x00000001
          30672	     15332	00002044	58c2a423	sw	x12,1416(x5)	  x5:0x00005054 x12:0x00000001 PA:0x000055dc store:0x00000001 load:0xaa950513
          30674	     15333	00002048	aaaab537	lui	x10,0xaaaab	 x10=0xaaaab000
          30676	     15334	0000204c	aa950513	addi	x10,x10,-1367	 x10:0xaaaab000 x10=0xaaaaaaa9
          30678	     15335	00002050	555555b7	lui	x11,0x55555	 x11=0x55555000
          30680	     15336	00002054	55558593	addi	x11,x11,1365	 x11:0x55555000 x11=0x55555555
          30754	     15373	00002058	02b57633	remu	x12,x10,x11	 x10:0xaaaaaaa9 x11:0x55555555 x12=0x55555554
          30758	     15375	0000205c	58c2a623	sw	x12,1420(x5)	  x5:0x00005054 x12:0x55555554 PA:0x000055e0 store:0x55555554 load:0xaa950513
          30760	     15376	00002060	aaaab537	lui	x10,0xaaaab	 x10=0xaaaab000
          30762	     15377	00002064	aa950513	addi	x10,x10,-1367	 x10:0xaaaab000 x10=0xaaaaaaa9
          30764	     15378	00002068	aaaab5b7	lui	x11,0xaaaab	 x11=0xaaaab000
          30766	     15379	0000206c	aaa58593	addi	x11,x11,-1366	 x11:0xaaaab000 x11=0xaaaaaaaa
          30840	     15416	00002070	02b57633	remu	x12,x10,x11	 x10:0xaaaaaaa9 x11:0xaaaaaaaa x12=0xaaaaaaa9
          30844	     15418	00002074	58c2a823	sw	x12,1424(x5)	  x5:0x00005054 x12:0xaaaaaaa9 PA:0x000055e4 store:0xaaaaaaa9 load:0xaa950513
          30846	     15419	00002078	aaaab537	lui	x10,0xaaaab	 x10=0xaaaab000
          30848	     15420	0000207c	aa950513	addi	x10,x10,-1367	 x10:0xaaaab000 x10=0xaaaaaaa9
          30850	     15421	00002080	00500593	addi	x11,x0,5	  x0:0x00000000 x11=0x00000005
          30924	     15458	00002084	02b57633	remu	x12,x10,x11	 x10:0xaaaaaaa9 x11:0x00000005 x12=0x00000004
          30928	     15460	00002088	58c2aa23	sw	x12,1428(x5)	  x5:0x00005054 x12:0x00000004 PA:0x000055e8 store:0x00000004 load:0xaa950513
          30930	     15461	0000208c	aaaab537	lui	x10,0xaaaab	 x10=0xaaaab000
          30932	     15462	00002090	aa950513	addi	x10,x10,-1367	 x10:0xaaaab000 x10=0xaaaaaaa9
          30934	     15463	00002094	333335b7	lui	x11,0x33333	 x11=0x33333000
          30936	     15464	00002098	33358593	addi	x11,x11,819	 x11:0x33333000 x11=0x33333333
          31010	     15501	0000209c	02b57633	remu	x12,x10,x11	 x10:0xaaaaaaa9 x11:0x33333333 x12=0x11111110
          31014	     15503	000020a0	58c2ac23	sw	x12,1432(x5)	  x5:0x00005054 x12:0x11111110 PA:0x000055ec store:0x11111110 load:0xaa950513
          31016	     15504	000020a4	aaaab537	lui	x10,0xaaaab	 x10=0xaaaab000
          31018	     15505	000020a8	aa950513	addi	x10,x10,-1367	 x10:0xaaaab000 x10=0xaaaaaaa9
          31020	     15506	000020ac	666665b7	lui	x11,0x66666	 x11=0x66666000
          31022	     15507	000020b0	66658593	addi	x11,x11,1638	 x11:0x66666000 x11=0x66666666
          31096	     15544	000020b4	02b57633	remu	x12,x10,x11	 x10:0xaaaaaaa9 x11:0x66666666 x12=0x44444443
          31100	     15546	000020b8	58c2ae23	sw	x12,1436(x5)	  x5:0x00005054 x12:0x44444443 PA:0x000055f0 store:0x44444443 load:0xaa950513
          31102	     15547	000020bc	aaaab537	lui	x10,0xaaaab	 x10=0xaaaab000
          31104	     15548	000020c0	aa950513	addi	x10,x10,-1367	 x10:0xaaaab000 x10=0xaaaaaaa9
          31106	     15549	000020c4	0000b5b7	lui	x11,0xb	 x11=0x0000b000
          31108	     15550	000020c8	50458593	addi	x11,x11,1284	 x11:0x0000b000 x11=0x0000b504
          31182	     15587	000020cc	02b57633	remu	x12,x10,x11	 x10:0xaaaaaaa9 x11:0x0000b504 x12=0x00002435
          31186	     15589	000020d0	5ac2a023	sw	x12,1440(x5)	  x5:0x00005054 x12:0x00002435 PA:0x000055f4 store:0x00002435 load:0xaa950513
          31188	     15590	000020d4	aaaab537	lui	x10,0xaaaab	 x10=0xaaaab000
          31190	     15591	000020d8	aa950513	addi	x10,x10,-1367	 x10:0xaaaab000 x10=0xaaaaaaa9
          31192	     15592	000020dc	00000593	addi	x11,x0,0	  x0:0x00000000 x11=0x00000000
          31196	     15594	000020e0	02b57633	remu	x12,x10,x11	 x10:0xaaaaaaa9 x11:0x00000000 x12=0xaaaaaaa9
          31200	     15596	000020e4	5ac2a223	sw	x12,1444(x5)	  x5:0x00005054 x12:0xaaaaaaa9 PA:0x000055f8 store:0xaaaaaaa9 load:0xaa950513
          31202	     15597	000020e8	aaaab537	lui	x10,0xaaaab	 x10=0xaaaab000
          31204	     15598	000020ec	aa950513	addi	x10,x10,-1367	 x10:0xaaaab000 x10=0xaaaaaaa9
          31206	     15599	000020f0	000105b7	lui	x11,0x10	 x11=0x00010000
          31208	     15600	000020f4	fff58593	addi	x11,x11,-1	 x11:0x00010000 x11=0x0000ffff
          31282	     15637	000020f8	02b57633	remu	x12,x10,x11	 x10:0xaaaaaaa9 x11:0x0000ffff x12=0x00005554
          31286	     15639	000020fc	5ac2a423	sw	x12,1448(x5)	  x5:0x00005054 x12:0x00005554 PA:0x000055fc store:0x00005554 load:0xaa950513
          31288	     15640	00002100	aaaab537	lui	x10,0xaaaab	 x10=0xaaaab000
          31290	     15641	00002104	aa950513	addi	x10,x10,-1367	 x10:0xaaaab000 x10=0xaaaaaaa9
          31292	     15642	00002108	00200593	addi	x11,x0,2	  x0:0x00000000 x11=0x00000002
          31366	     15679	0000210c	02b57633	remu	x12,x10,x11	 x10:0xaaaaaaa9 x11:0x00000002 x12=0x00000001
          31370	     15681	00002110	5ac2a623	sw	x12,1452(x5)	  x5:0x00005054 x12:0x00000001 PA:0x00005600 store:0x00000001 load:0xaa950513
          31372	     15682	00002114	aaaab537	lui	x10,0xaaaab	 x10=0xaaaab000
          31374	     15683	00002118	aa950513	addi	x10,x10,-1367	 x10:0xaaaab000 x10=0xaaaaaaa9
          31376	     15684	0000211c	555555b7	lui	x11,0x55555	 x11=0x55555000
          31378	     15685	00002120	55458593	addi	x11,x11,1364	 x11:0x55555000 x11=0x55555554
          31452	     15722	00002124	02b57633	remu	x12,x10,x11	 x10:0xaaaaaaa9 x11:0x55555554 x12=0x00000001
          31456	     15724	00002128	5ac2a823	sw	x12,1456(x5)	  x5:0x00005054 x12:0x00000001 PA:0x00005604 store:0x00000001 load:0xaa950513
          31458	     15725	0000212c	aaaab537	lui	x10,0xaaaab	 x10=0xaaaab000
          31460	     15726	00002130	aa950513	addi	x10,x10,-1367	 x10:0xaaaab000 x10=0xaaaaaaa9
          31462	     15727	00002134	aaaab5b7	lui	x11,0xaaaab	 x11=0xaaaab000
          31464	     15728	00002138	aa958593	addi	x11,x11,-1367	 x11:0xaaaab000 x11=0xaaaaaaa9
          31538	     15765	0000213c	02b57633	remu	x12,x10,x11	 x10:0xaaaaaaa9 x11:0xaaaaaaa9 x12=0x00000000
          31542	     15767	00002140	5ac2aa23	sw	x12,1460(x5)	  x5:0x00005054 x12:0x00000000 PA:0x00005608 store:0x00000000 load:0xaa950513
          31544	     15768	00002144	aaaab537	lui	x10,0xaaaab	 x10=0xaaaab000
          31546	     15769	00002148	aa950513	addi	x10,x10,-1367	 x10:0xaaaab000 x10=0xaaaaaaa9
          31548	     15770	0000214c	00400593	addi	x11,x0,4	  x0:0x00000000 x11=0x00000004
          31622	     15807	00002150	02b57633	remu	x12,x10,x11	 x10:0xaaaaaaa9 x11:0x00000004 x12=0x00000001
          31626	     15809	00002154	5ac2ac23	sw	x12,1464(x5)	  x5:0x00005054 x12:0x00000001 PA:0x0000560c store:0x00000001 load:0xaa950513
          31628	     15810	00002158	aaaab537	lui	x10,0xaaaab	 x10=0xaaaab000
          31630	     15811	0000215c	aa950513	addi	x10,x10,-1367	 x10:0xaaaab000 x10=0xaaaaaaa9
          31632	     15812	00002160	333335b7	lui	x11,0x33333	 x11=0x33333000
          31634	     15813	00002164	33258593	addi	x11,x11,818	 x11:0x33333000 x11=0x33333332
          31708	     15850	00002168	02b57633	remu	x12,x10,x11	 x10:0xaaaaaaa9 x11:0x33333332 x12=0x11111113
          31712	     15852	0000216c	5ac2ae23	sw	x12,1468(x5)	  x5:0x00005054 x12:0x11111113 PA:0x00005610 store:0x11111113 load:0xaa950513
          31714	     15853	00002170	aaaab537	lui	x10,0xaaaab	 x10=0xaaaab000
          31716	     15854	00002174	aa950513	addi	x10,x10,-1367	 x10:0xaaaab000 x10=0xaaaaaaa9
          31718	     15855	00002178	666665b7	lui	x11,0x66666	 x11=0x66666000
          31720	     15856	0000217c	66558593	addi	x11,x11,1637	 x11:0x66666000 x11=0x66666665
          31794	     15893	00002180	02b57633	remu	x12,x10,x11	 x10:0xaaaaaaa9 x11:0x66666665 x12=0x44444444
          31798	     15895	00002184	5cc2a023	sw	x12,1472(x5)	  x5:0x00005054 x12:0x44444444 PA:0x00005614 store:0x44444444 load:0xaa950513
          31800	     15896	00002188	aaaab537	lui	x10,0xaaaab	 x10=0xaaaab000
          31802	     15897	0000218c	aa950513	addi	x10,x10,-1367	 x10:0xaaaab000 x10=0xaaaaaaa9
          31804	     15898	00002190	0000b5b7	lui	x11,0xb	 x11=0x0000b000
          31806	     15899	00002194	50358593	addi	x11,x11,1283	 x11:0x0000b000 x11=0x0000b503
          31880	     15936	00002198	02b57633	remu	x12,x10,x11	 x10:0xaaaaaaa9 x11:0x0000b503 x12=0x0000608f
          31884	     15938	0000219c	5cc2a223	sw	x12,1476(x5)	  x5:0x00005054 x12:0x0000608f PA:0x00005618 store:0x0000608f load:0xaa950513
          31886	     15939	000021a0	aaaab537	lui	x10,0xaaaab	 x10=0xaaaab000
          31888	     15940	000021a4	aa950513	addi	x10,x10,-1367	 x10:0xaaaab000 x10=0xaaaaaaa9
          31890	     15941	000021a8	000105b7	lui	x11,0x10	 x11=0x00010000
          31892	     15942	000021ac	ffe58593	addi	x11,x11,-2	 x11:0x00010000 x11=0x0000fffe
          31966	     15979	000021b0	02b57633	remu	x12,x10,x11	 x10:0xaaaaaaa9 x11:0x0000fffe x12=0x00000001
          31970	     15981	000021b4	5cc2a423	sw	x12,1480(x5)	  x5:0x00005054 x12:0x00000001 PA:0x0000561c store:0x00000001 load:0xaa950513
          31972	     15982	000021b8	aaaab537	lui	x10,0xaaaab	 x10=0xaaaab000
          31974	     15983	000021bc	aa950513	addi	x10,x10,-1367	 x10:0xaaaab000 x10=0xaaaaaaa9
          31976	     15984	000021c0	555555b7	lui	x11,0x55555	 x11=0x55555000
          31978	     15985	000021c4	55658593	addi	x11,x11,1366	 x11:0x55555000 x11=0x55555556
          32052	     16022	000021c8	02b57633	remu	x12,x10,x11	 x10:0xaaaaaaa9 x11:0x55555556 x12=0x55555553
          32056	     16024	000021cc	5cc2a623	sw	x12,1484(x5)	  x5:0x00005054 x12:0x55555553 PA:0x00005620 store:0x55555553 load:0xaa950513
          32058	     16025	000021d0	aaaab537	lui	x10,0xaaaab	 x10=0xaaaab000
          32060	     16026	000021d4	aa950513	addi	x10,x10,-1367	 x10:0xaaaab000 x10=0xaaaaaaa9
          32062	     16027	000021d8	aaaab5b7	lui	x11,0xaaaab	 x11=0xaaaab000
          32064	     16028	000021dc	aab58593	addi	x11,x11,-1365	 x11:0xaaaab000 x11=0xaaaaaaab
          32138	     16065	000021e0	02b57633	remu	x12,x10,x11	 x10:0xaaaaaaa9 x11:0xaaaaaaab x12=0xaaaaaaa9
          32142	     16067	000021e4	5cc2a823	sw	x12,1488(x5)	  x5:0x00005054 x12:0xaaaaaaa9 PA:0x00005624 store:0xaaaaaaa9 load:0xaa950513
          32144	     16068	000021e8	aaaab537	lui	x10,0xaaaab	 x10=0xaaaab000
          32146	     16069	000021ec	aa950513	addi	x10,x10,-1367	 x10:0xaaaab000 x10=0xaaaaaaa9
          32148	     16070	000021f0	00600593	addi	x11,x0,6	  x0:0x00000000 x11=0x00000006
          32222	     16107	000021f4	02b57633	remu	x12,x10,x11	 x10:0xaaaaaaa9 x11:0x00000006 x12=0x00000001
          32226	     16109	000021f8	5cc2aa23	sw	x12,1492(x5)	  x5:0x00005054 x12:0x00000001 PA:0x00005628 store:0x00000001 load:0xaa950513
          32228	     16110	000021fc	aaaab537	lui	x10,0xaaaab	 x10=0xaaaab000
          32230	     16111	00002200	aa950513	addi	x10,x10,-1367	 x10:0xaaaab000 x10=0xaaaaaaa9
          32232	     16112	00002204	333335b7	lui	x11,0x33333	 x11=0x33333000
          32234	     16113	00002208	33458593	addi	x11,x11,820	 x11:0x33333000 x11=0x33333334
          32308	     16150	0000220c	02b57633	remu	x12,x10,x11	 x10:0xaaaaaaa9 x11:0x33333334 x12=0x1111110d
          32312	     16152	00002210	5cc2ac23	sw	x12,1496(x5)	  x5:0x00005054 x12:0x1111110d PA:0x0000562c store:0x1111110d load:0xaa950513
          32314	     16153	00002214	aaaab537	lui	x10,0xaaaab	 x10=0xaaaab000
          32316	     16154	00002218	aa950513	addi	x10,x10,-1367	 x10:0xaaaab000 x10=0xaaaaaaa9
          32318	     16155	0000221c	666665b7	lui	x11,0x66666	 x11=0x66666000
          32320	     16156	00002220	66758593	addi	x11,x11,1639	 x11:0x66666000 x11=0x66666667
          32394	     16193	00002224	02b57633	remu	x12,x10,x11	 x10:0xaaaaaaa9 x11:0x66666667 x12=0x44444442
          32398	     16195	00002228	5cc2ae23	sw	x12,1500(x5)	  x5:0x00005054 x12:0x44444442 PA:0x00005630 store:0x44444442 load:0xaa950513
          32400	     16196	0000222c	aaaab537	lui	x10,0xaaaab	 x10=0xaaaab000
          32402	     16197	00002230	aa950513	addi	x10,x10,-1367	 x10:0xaaaab000 x10=0xaaaaaaa9
          32404	     16198	00002234	0000b5b7	lui	x11,0xb	 x11=0x0000b000
          32406	     16199	00002238	50558593	addi	x11,x11,1285	 x11:0x0000b000 x11=0x0000b505
          32480	     16236	0000223c	02b57633	remu	x12,x10,x11	 x10:0xaaaaaaa9 x11:0x0000b505 x12=0x00009ce2
          32484	     16238	00002240	5ec2a023	sw	x12,1504(x5)	  x5:0x00005054 x12:0x00009ce2 PA:0x00005634 store:0x00009ce2 load:0xaa950513
          32486	     16239	00002244	aaaab537	lui	x10,0xaaaab	 x10=0xaaaab000
          32488	     16240	00002248	aa950513	addi	x10,x10,-1367	 x10:0xaaaab000 x10=0xaaaaaaa9
          32490	     16241	0000224c	00100593	addi	x11,x0,1	  x0:0x00000000 x11=0x00000001
          32564	     16278	00002250	02b57633	remu	x12,x10,x11	 x10:0xaaaaaaa9 x11:0x00000001 x12=0x00000000
          32568	     16280	00002254	5ec2a223	sw	x12,1508(x5)	  x5:0x00005054 x12:0x00000000 PA:0x00005638 store:0x00000000 load:0xaa950513
          32570	     16281	00002258	aaaab537	lui	x10,0xaaaab	 x10=0xaaaab000
          32572	     16282	0000225c	aa950513	addi	x10,x10,-1367	 x10:0xaaaab000 x10=0xaaaaaaa9
          32574	     16283	00002260	000105b7	lui	x11,0x10	 x11=0x00010000
          32648	     16320	00002264	02b57633	remu	x12,x10,x11	 x10:0xaaaaaaa9 x11:0x00010000 x12=0x0000aaa9
          32652	     16322	00002268	5ec2a423	sw	x12,1512(x5)	  x5:0x00005054 x12:0x0000aaa9 PA:0x0000563c store:0x0000aaa9 load:0x00300593
          32654	     16323	0000226c	00400513	addi	x10,x0,4	  x0:0x00000000 x10=0x00000004
          32656	     16324	00002270	00300593	addi	x11,x0,3	  x0:0x00000000 x11=0x00000003
          32730	     16361	00002274	02b57633	remu	x12,x10,x11	 x10:0x00000004 x11:0x00000003 x12=0x00000001
          32734	     16363	00002278	5ec2a623	sw	x12,1516(x5)	  x5:0x00005054 x12:0x00000001 PA:0x00005640 store:0x00000001 load:0x555555b7
          32736	     16364	0000227c	00400513	addi	x10,x0,4	  x0:0x00000000 x10=0x00000004
          32738	     16365	00002280	555555b7	lui	x11,0x55555	 x11=0x55555000
          32740	     16366	00002284	55558593	addi	x11,x11,1365	 x11:0x55555000 x11=0x55555555
          32814	     16403	00002288	02b57633	remu	x12,x10,x11	 x10:0x00000004 x11:0x55555555 x12=0x00000004
          32818	     16405	0000228c	5ec2a823	sw	x12,1520(x5)	  x5:0x00005054 x12:0x00000004 PA:0x00005644 store:0x00000004 load:0xaaaab5b7
          32820	     16406	00002290	00400513	addi	x10,x0,4	  x0:0x00000000 x10=0x00000004
          32822	     16407	00002294	aaaab5b7	lui	x11,0xaaaab	 x11=0xaaaab000
          32824	     16408	00002298	aaa58593	addi	x11,x11,-1366	 x11:0xaaaab000 x11=0xaaaaaaaa
          32898	     16445	0000229c	02b57633	remu	x12,x10,x11	 x10:0x00000004 x11:0xaaaaaaaa x12=0x00000004
          32902	     16447	000022a0	5ec2aa23	sw	x12,1524(x5)	  x5:0x00005054 x12:0x00000004 PA:0x00005648 store:0x00000004 load:0x00500593
          32904	     16448	000022a4	00400513	addi	x10,x0,4	  x0:0x00000000 x10=0x00000004
          32906	     16449	000022a8	00500593	addi	x11,x0,5	  x0:0x00000000 x11=0x00000005
          32980	     16486	000022ac	02b57633	remu	x12,x10,x11	 x10:0x00000004 x11:0x00000005 x12=0x00000004
          32984	     16488	000022b0	5ec2ac23	sw	x12,1528(x5)	  x5:0x00005054 x12:0x00000004 PA:0x0000564c store:0x00000004 load:0x333335b7
          32986	     16489	000022b4	00400513	addi	x10,x0,4	  x0:0x00000000 x10=0x00000004
          32988	     16490	000022b8	333335b7	lui	x11,0x33333	 x11=0x33333000
          32990	     16491	000022bc	33358593	addi	x11,x11,819	 x11:0x33333000 x11=0x33333333
          33064	     16528	000022c0	02b57633	remu	x12,x10,x11	 x10:0x00000004 x11:0x33333333 x12=0x00000004
          33068	     16530	000022c4	5ec2ae23	sw	x12,1532(x5)	  x5:0x00005054 x12:0x00000004 PA:0x00005650 store:0x00000004 load:0x666665b7
          33070	     16531	000022c8	00400513	addi	x10,x0,4	  x0:0x00000000 x10=0x00000004
          33072	     16532	000022cc	666665b7	lui	x11,0x66666	 x11=0x66666000
          33074	     16533	000022d0	66658593	addi	x11,x11,1638	 x11:0x66666000 x11=0x66666666
          33148	     16570	000022d4	02b57633	remu	x12,x10,x11	 x10:0x00000004 x11:0x66666666 x12=0x00000004
          33152	     16572	000022d8	60c2a023	sw	x12,1536(x5)	  x5:0x00005054 x12:0x00000004 PA:0x00005654 store:0x00000004 load:0x0000b5b7
          33154	     16573	000022dc	00400513	addi	x10,x0,4	  x0:0x00000000 x10=0x00000004
          33156	     16574	000022e0	0000b5b7	lui	x11,0xb	 x11=0x0000b000
          33158	     16575	000022e4	50458593	addi	x11,x11,1284	 x11:0x0000b000 x11=0x0000b504
          33232	     16612	000022e8	02b57633	remu	x12,x10,x11	 x10:0x00000004 x11:0x0000b504 x12=0x00000004
          33236	     16614	000022ec	60c2a223	sw	x12,1540(x5)	  x5:0x00005054 x12:0x00000004 PA:0x00005658 store:0x00000004 load:0x00000593
          33238	     16615	000022f0	00400513	addi	x10,x0,4	  x0:0x00000000 x10=0x00000004
          33240	     16616	000022f4	00000593	addi	x11,x0,0	  x0:0x00000000 x11=0x00000000
          33244	     16618	000022f8	02b57633	remu	x12,x10,x11	 x10:0x00000004 x11:0x00000000 x12=0x00000004
          33248	     16620	000022fc	60c2a423	sw	x12,1544(x5)	  x5:0x00005054 x12:0x00000004 PA:0x0000565c store:0x00000004 load:0x000105b7
          33250	     16621	00002300	00400513	addi	x10,x0,4	  x0:0x00000000 x10=0x00000004
          33252	     16622	00002304	000105b7	lui	x11,0x10	 x11=0x00010000
          33254	     16623	00002308	fff58593	addi	x11,x11,-1	 x11:0x00010000 x11=0x0000ffff
          33328	     16660	0000230c	02b57633	remu	x12,x10,x11	 x10:0x00000004 x11:0x0000ffff x12=0x00000004
          33332	     16662	00002310	60c2a623	sw	x12,1548(x5)	  x5:0x00005054 x12:0x00000004 PA:0x00005660 store:0x00000004 load:0x00200593
          33334	     16663	00002314	00400513	addi	x10,x0,4	  x0:0x00000000 x10=0x00000004
          33336	     16664	00002318	00200593	addi	x11,x0,2	  x0:0x00000000 x11=0x00000002
          33410	     16701	0000231c	02b57633	remu	x12,x10,x11	 x10:0x00000004 x11:0x00000002 x12=0x00000000
          33414	     16703	00002320	60c2a823	sw	x12,1552(x5)	  x5:0x00005054 x12:0x00000000 PA:0x00005664 store:0x00000000 load:0x555555b7
          33416	     16704	00002324	00400513	addi	x10,x0,4	  x0:0x00000000 x10=0x00000004
          33418	     16705	00002328	555555b7	lui	x11,0x55555	 x11=0x55555000
          33420	     16706	0000232c	55458593	addi	x11,x11,1364	 x11:0x55555000 x11=0x55555554
          33494	     16743	00002330	02b57633	remu	x12,x10,x11	 x10:0x00000004 x11:0x55555554 x12=0x00000004
          33498	     16745	00002334	60c2aa23	sw	x12,1556(x5)	  x5:0x00005054 x12:0x00000004 PA:0x00005668 store:0x00000004 load:0xaaaab5b7
          33500	     16746	00002338	00400513	addi	x10,x0,4	  x0:0x00000000 x10=0x00000004
          33502	     16747	0000233c	aaaab5b7	lui	x11,0xaaaab	 x11=0xaaaab000
          33504	     16748	00002340	aa958593	addi	x11,x11,-1367	 x11:0xaaaab000 x11=0xaaaaaaa9
          33578	     16785	00002344	02b57633	remu	x12,x10,x11	 x10:0x00000004 x11:0xaaaaaaa9 x12=0x00000004
          33582	     16787	00002348	60c2ac23	sw	x12,1560(x5)	  x5:0x00005054 x12:0x00000004 PA:0x0000566c store:0x00000004 load:0x00400593
          33584	     16788	0000234c	00400513	addi	x10,x0,4	  x0:0x00000000 x10=0x00000004
          33586	     16789	00002350	00400593	addi	x11,x0,4	  x0:0x00000000 x11=0x00000004
          33660	     16826	00002354	02b57633	remu	x12,x10,x11	 x10:0x00000004 x11:0x00000004 x12=0x00000000
          33664	     16828	00002358	60c2ae23	sw	x12,1564(x5)	  x5:0x00005054 x12:0x00000000 PA:0x00005670 store:0x00000000 load:0x333335b7
          33666	     16829	0000235c	00400513	addi	x10,x0,4	  x0:0x00000000 x10=0x00000004
          33668	     16830	00002360	333335b7	lui	x11,0x33333	 x11=0x33333000
          33670	     16831	00002364	33258593	addi	x11,x11,818	 x11:0x33333000 x11=0x33333332
          33744	     16868	00002368	02b57633	remu	x12,x10,x11	 x10:0x00000004 x11:0x33333332 x12=0x00000004
          33748	     16870	0000236c	62c2a023	sw	x12,1568(x5)	  x5:0x00005054 x12:0x00000004 PA:0x00005674 store:0x00000004 load:0x666665b7
          33750	     16871	00002370	00400513	addi	x10,x0,4	  x0:0x00000000 x10=0x00000004
          33752	     16872	00002374	666665b7	lui	x11,0x66666	 x11=0x66666000
          33754	     16873	00002378	66558593	addi	x11,x11,1637	 x11:0x66666000 x11=0x66666665
          33828	     16910	0000237c	02b57633	remu	x12,x10,x11	 x10:0x00000004 x11:0x66666665 x12=0x00000004
          33832	     16912	00002380	62c2a223	sw	x12,1572(x5)	  x5:0x00005054 x12:0x00000004 PA:0x00005678 store:0x00000004 load:0x0000b5b7
          33834	     16913	00002384	00400513	addi	x10,x0,4	  x0:0x00000000 x10=0x00000004
          33836	     16914	00002388	0000b5b7	lui	x11,0xb	 x11=0x0000b000
          33838	     16915	0000238c	50358593	addi	x11,x11,1283	 x11:0x0000b000 x11=0x0000b503
          33912	     16952	00002390	02b57633	remu	x12,x10,x11	 x10:0x00000004 x11:0x0000b503 x12=0x00000004
          33916	     16954	00002394	62c2a423	sw	x12,1576(x5)	  x5:0x00005054 x12:0x00000004 PA:0x0000567c store:0x00000004 load:0x000105b7
          33918	     16955	00002398	00400513	addi	x10,x0,4	  x0:0x00000000 x10=0x00000004
          33920	     16956	0000239c	000105b7	lui	x11,0x10	 x11=0x00010000
          33922	     16957	000023a0	ffe58593	addi	x11,x11,-2	 x11:0x00010000 x11=0x0000fffe
          33996	     16994	000023a4	02b57633	remu	x12,x10,x11	 x10:0x00000004 x11:0x0000fffe x12=0x00000004
          34000	     16996	000023a8	62c2a623	sw	x12,1580(x5)	  x5:0x00005054 x12:0x00000004 PA:0x00005680 store:0x00000004 load:0x555555b7
          34002	     16997	000023ac	00400513	addi	x10,x0,4	  x0:0x00000000 x10=0x00000004
          34004	     16998	000023b0	555555b7	lui	x11,0x55555	 x11=0x55555000
          34006	     16999	000023b4	55658593	addi	x11,x11,1366	 x11:0x55555000 x11=0x55555556
          34080	     17036	000023b8	02b57633	remu	x12,x10,x11	 x10:0x00000004 x11:0x55555556 x12=0x00000004
          34084	     17038	000023bc	62c2a823	sw	x12,1584(x5)	  x5:0x00005054 x12:0x00000004 PA:0x00005684 store:0x00000004 load:0xaaaab5b7
          34086	     17039	000023c0	00400513	addi	x10,x0,4	  x0:0x00000000 x10=0x00000004
          34088	     17040	000023c4	aaaab5b7	lui	x11,0xaaaab	 x11=0xaaaab000
          34090	     17041	000023c8	aab58593	addi	x11,x11,-1365	 x11:0xaaaab000 x11=0xaaaaaaab
          34164	     17078	000023cc	02b57633	remu	x12,x10,x11	 x10:0x00000004 x11:0xaaaaaaab x12=0x00000004
          34168	     17080	000023d0	62c2aa23	sw	x12,1588(x5)	  x5:0x00005054 x12:0x00000004 PA:0x00005688 store:0x00000004 load:0x00600593
          34170	     17081	000023d4	00400513	addi	x10,x0,4	  x0:0x00000000 x10=0x00000004
          34172	     17082	000023d8	00600593	addi	x11,x0,6	  x0:0x00000000 x11=0x00000006
          34246	     17119	000023dc	02b57633	remu	x12,x10,x11	 x10:0x00000004 x11:0x00000006 x12=0x00000004
          34250	     17121	000023e0	62c2ac23	sw	x12,1592(x5)	  x5:0x00005054 x12:0x00000004 PA:0x0000568c store:0x00000004 load:0x333335b7
          34252	     17122	000023e4	00400513	addi	x10,x0,4	  x0:0x00000000 x10=0x00000004
          34254	     17123	000023e8	333335b7	lui	x11,0x33333	 x11=0x33333000
          34256	     17124	000023ec	33458593	addi	x11,x11,820	 x11:0x33333000 x11=0x33333334
          34330	     17161	000023f0	02b57633	remu	x12,x10,x11	 x10:0x00000004 x11:0x33333334 x12=0x00000004
          34334	     17163	000023f4	62c2ae23	sw	x12,1596(x5)	  x5:0x00005054 x12:0x00000004 PA:0x00005690 store:0x00000004 load:0x666665b7
          34336	     17164	000023f8	00400513	addi	x10,x0,4	  x0:0x00000000 x10=0x00000004
          34338	     17165	000023fc	666665b7	lui	x11,0x66666	 x11=0x66666000
          34340	     17166	00002400	66758593	addi	x11,x11,1639	 x11:0x66666000 x11=0x66666667
          34414	     17203	00002404	02b57633	remu	x12,x10,x11	 x10:0x00000004 x11:0x66666667 x12=0x00000004
          34418	     17205	00002408	64c2a023	sw	x12,1600(x5)	  x5:0x00005054 x12:0x00000004 PA:0x00005694 store:0x00000004 load:0x0000b5b7
          34420	     17206	0000240c	00400513	addi	x10,x0,4	  x0:0x00000000 x10=0x00000004
          34422	     17207	00002410	0000b5b7	lui	x11,0xb	 x11=0x0000b000
          34424	     17208	00002414	50558593	addi	x11,x11,1285	 x11:0x0000b000 x11=0x0000b505
          34498	     17245	00002418	02b57633	remu	x12,x10,x11	 x10:0x00000004 x11:0x0000b505 x12=0x00000004
          34502	     17247	0000241c	64c2a223	sw	x12,1604(x5)	  x5:0x00005054 x12:0x00000004 PA:0x00005698 store:0x00000004 load:0x00100593
          34504	     17248	00002420	00400513	addi	x10,x0,4	  x0:0x00000000 x10=0x00000004
          34506	     17249	00002424	00100593	addi	x11,x0,1	  x0:0x00000000 x11=0x00000001
          34580	     17286	00002428	02b57633	remu	x12,x10,x11	 x10:0x00000004 x11:0x00000001 x12=0x00000000
          34584	     17288	0000242c	64c2a423	sw	x12,1608(x5)	  x5:0x00005054 x12:0x00000000 PA:0x0000569c store:0x00000000 load:0x000105b7
          34586	     17289	00002430	00400513	addi	x10,x0,4	  x0:0x00000000 x10=0x00000004
          34588	     17290	00002434	000105b7	lui	x11,0x10	 x11=0x00010000
          34662	     17327	00002438	02b57633	remu	x12,x10,x11	 x10:0x00000004 x11:0x00010000 x12=0x00000004
          34666	     17329	0000243c	64c2a623	sw	x12,1612(x5)	  x5:0x00005054 x12:0x00000004 PA:0x000056a0 store:0x00000004 load:0x33250513
          34668	     17330	00002440	33333537	lui	x10,0x33333	 x10=0x33333000
          34670	     17331	00002444	33250513	addi	x10,x10,818	 x10:0x33333000 x10=0x33333332
          34672	     17332	00002448	00300593	addi	x11,x0,3	  x0:0x00000000 x11=0x00000003
          34746	     17369	0000244c	02b57633	remu	x12,x10,x11	 x10:0x33333332 x11:0x00000003 x12=0x00000002
          34750	     17371	00002450	64c2a823	sw	x12,1616(x5)	  x5:0x00005054 x12:0x00000002 PA:0x000056a4 store:0x00000002 load:0x33250513
          34752	     17372	00002454	33333537	lui	x10,0x33333	 x10=0x33333000
          34754	     17373	00002458	33250513	addi	x10,x10,818	 x10:0x33333000 x10=0x33333332
          34756	     17374	0000245c	555555b7	lui	x11,0x55555	 x11=0x55555000
          34758	     17375	00002460	55558593	addi	x11,x11,1365	 x11:0x55555000 x11=0x55555555
          34832	     17412	00002464	02b57633	remu	x12,x10,x11	 x10:0x33333332 x11:0x55555555 x12=0x33333332
          34836	     17414	00002468	64c2aa23	sw	x12,1620(x5)	  x5:0x00005054 x12:0x33333332 PA:0x000056a8 store:0x33333332 load:0x33250513
          34838	     17415	0000246c	33333537	lui	x10,0x33333	 x10=0x33333000
          34840	     17416	00002470	33250513	addi	x10,x10,818	 x10:0x33333000 x10=0x33333332
          34842	     17417	00002474	aaaab5b7	lui	x11,0xaaaab	 x11=0xaaaab000
          34844	     17418	00002478	aaa58593	addi	x11,x11,-1366	 x11:0xaaaab000 x11=0xaaaaaaaa
          34918	     17455	0000247c	02b57633	remu	x12,x10,x11	 x10:0x33333332 x11:0xaaaaaaaa x12=0x33333332
          34922	     17457	00002480	64c2ac23	sw	x12,1624(x5)	  x5:0x00005054 x12:0x33333332 PA:0x000056ac store:0x33333332 load:0x33250513
          34924	     17458	00002484	33333537	lui	x10,0x33333	 x10=0x33333000
          34926	     17459	00002488	33250513	addi	x10,x10,818	 x10:0x33333000 x10=0x33333332
          34928	     17460	0000248c	00500593	addi	x11,x0,5	  x0:0x00000000 x11=0x00000005
          35002	     17497	00002490	02b57633	remu	x12,x10,x11	 x10:0x33333332 x11:0x00000005 x12=0x00000003
          35006	     17499	00002494	64c2ae23	sw	x12,1628(x5)	  x5:0x00005054 x12:0x00000003 PA:0x000056b0 store:0x00000003 load:0x33250513
          35008	     17500	00002498	33333537	lui	x10,0x33333	 x10=0x33333000
          35010	     17501	0000249c	33250513	addi	x10,x10,818	 x10:0x33333000 x10=0x33333332
          35012	     17502	000024a0	333335b7	lui	x11,0x33333	 x11=0x33333000
          35014	     17503	000024a4	33358593	addi	x11,x11,819	 x11:0x33333000 x11=0x33333333
          35088	     17540	000024a8	02b57633	remu	x12,x10,x11	 x10:0x33333332 x11:0x33333333 x12=0x33333332
          35092	     17542	000024ac	66c2a023	sw	x12,1632(x5)	  x5:0x00005054 x12:0x33333332 PA:0x000056b4 store:0x33333332 load:0x33250513
          35094	     17543	000024b0	33333537	lui	x10,0x33333	 x10=0x33333000
          35096	     17544	000024b4	33250513	addi	x10,x10,818	 x10:0x33333000 x10=0x33333332
          35098	     17545	000024b8	666665b7	lui	x11,0x66666	 x11=0x66666000
          35100	     17546	000024bc	66658593	addi	x11,x11,1638	 x11:0x66666000 x11=0x66666666
          35174	     17583	000024c0	02b57633	remu	x12,x10,x11	 x10:0x33333332 x11:0x66666666 x12=0x33333332
          35178	     17585	000024c4	66c2a223	sw	x12,1636(x5)	  x5:0x00005054 x12:0x33333332 PA:0x000056b8 store:0x33333332 load:0x33250513
          35180	     17586	000024c8	33333537	lui	x10,0x33333	 x10=0x33333000
          35182	     17587	000024cc	33250513	addi	x10,x10,818	 x10:0x33333000 x10=0x33333332
          35184	     17588	000024d0	0000b5b7	lui	x11,0xb	 x11=0x0000b000
          35186	     17589	000024d4	50458593	addi	x11,x11,1284	 x11:0x0000b000 x11=0x0000b504
          35260	     17626	000024d8	02b57633	remu	x12,x10,x11	 x10:0x33333332 x11:0x0000b504 x12=0x00008992
          35264	     17628	000024dc	66c2a423	sw	x12,1640(x5)	  x5:0x00005054 x12:0x00008992 PA:0x000056bc store:0x00008992 load:0x33250513
          35266	     17629	000024e0	33333537	lui	x10,0x33333	 x10=0x33333000
          35268	     17630	000024e4	33250513	addi	x10,x10,818	 x10:0x33333000 x10=0x33333332
          35270	     17631	000024e8	00000593	addi	x11,x0,0	  x0:0x00000000 x11=0x00000000
          35274	     17633	000024ec	02b57633	remu	x12,x10,x11	 x10:0x33333332 x11:0x00000000 x12=0x33333332
          35278	     17635	000024f0	66c2a623	sw	x12,1644(x5)	  x5:0x00005054 x12:0x33333332 PA:0x000056c0 store:0x33333332 load:0x33250513
          35280	     17636	000024f4	33333537	lui	x10,0x33333	 x10=0x33333000
          35282	     17637	000024f8	33250513	addi	x10,x10,818	 x10:0x33333000 x10=0x33333332
          35284	     17638	000024fc	000105b7	lui	x11,0x10	 x11=0x00010000
          35286	     17639	00002500	fff58593	addi	x11,x11,-1	 x11:0x00010000 x11=0x0000ffff
          35360	     17676	00002504	02b57633	remu	x12,x10,x11	 x10:0x33333332 x11:0x0000ffff x12=0x00006665
          35364	     17678	00002508	66c2a823	sw	x12,1648(x5)	  x5:0x00005054 x12:0x00006665 PA:0x000056c4 store:0x00006665 load:0x33250513
          35366	     17679	0000250c	33333537	lui	x10,0x33333	 x10=0x33333000
          35368	     17680	00002510	33250513	addi	x10,x10,818	 x10:0x33333000 x10=0x33333332
          35370	     17681	00002514	00200593	addi	x11,x0,2	  x0:0x00000000 x11=0x00000002
          35444	     17718	00002518	02b57633	remu	x12,x10,x11	 x10:0x33333332 x11:0x00000002 x12=0x00000000
          35448	     17720	0000251c	66c2aa23	sw	x12,1652(x5)	  x5:0x00005054 x12:0x00000000 PA:0x000056c8 store:0x00000000 load:0x33250513
          35450	     17721	00002520	33333537	lui	x10,0x33333	 x10=0x33333000
          35452	     17722	00002524	33250513	addi	x10,x10,818	 x10:0x33333000 x10=0x33333332
          35454	     17723	00002528	555555b7	lui	x11,0x55555	 x11=0x55555000
          35456	     17724	0000252c	55458593	addi	x11,x11,1364	 x11:0x55555000 x11=0x55555554
          35530	     17761	00002530	02b57633	remu	x12,x10,x11	 x10:0x33333332 x11:0x55555554 x12=0x33333332
          35534	     17763	00002534	66c2ac23	sw	x12,1656(x5)	  x5:0x00005054 x12:0x33333332 PA:0x000056cc store:0x33333332 load:0x33250513
          35536	     17764	00002538	33333537	lui	x10,0x33333	 x10=0x33333000
          35538	     17765	0000253c	33250513	addi	x10,x10,818	 x10:0x33333000 x10=0x33333332
          35540	     17766	00002540	aaaab5b7	lui	x11,0xaaaab	 x11=0xaaaab000
          35542	     17767	00002544	aa958593	addi	x11,x11,-1367	 x11:0xaaaab000 x11=0xaaaaaaa9
          35616	     17804	00002548	02b57633	remu	x12,x10,x11	 x10:0x33333332 x11:0xaaaaaaa9 x12=0x33333332
          35620	     17806	0000254c	66c2ae23	sw	x12,1660(x5)	  x5:0x00005054 x12:0x33333332 PA:0x000056d0 store:0x33333332 load:0x33250513
          35622	     17807	00002550	33333537	lui	x10,0x33333	 x10=0x33333000
          35624	     17808	00002554	33250513	addi	x10,x10,818	 x10:0x33333000 x10=0x33333332
          35626	     17809	00002558	00400593	addi	x11,x0,4	  x0:0x00000000 x11=0x00000004
          35700	     17846	0000255c	02b57633	remu	x12,x10,x11	 x10:0x33333332 x11:0x00000004 x12=0x00000002
          35704	     17848	00002560	68c2a023	sw	x12,1664(x5)	  x5:0x00005054 x12:0x00000002 PA:0x000056d4 store:0x00000002 load:0x33250513
          35706	     17849	00002564	33333537	lui	x10,0x33333	 x10=0x33333000
          35708	     17850	00002568	33250513	addi	x10,x10,818	 x10:0x33333000 x10=0x33333332
          35710	     17851	0000256c	333335b7	lui	x11,0x33333	 x11=0x33333000
          35712	     17852	00002570	33258593	addi	x11,x11,818	 x11:0x33333000 x11=0x33333332
          35786	     17889	00002574	02b57633	remu	x12,x10,x11	 x10:0x33333332 x11:0x33333332 x12=0x00000000
          35790	     17891	00002578	68c2a223	sw	x12,1668(x5)	  x5:0x00005054 x12:0x00000000 PA:0x000056d8 store:0x00000000 load:0x33250513
          35792	     17892	0000257c	33333537	lui	x10,0x33333	 x10=0x33333000
          35794	     17893	00002580	33250513	addi	x10,x10,818	 x10:0x33333000 x10=0x33333332
          35796	     17894	00002584	666665b7	lui	x11,0x66666	 x11=0x66666000
          35798	     17895	00002588	66558593	addi	x11,x11,1637	 x11:0x66666000 x11=0x66666665
          35872	     17932	0000258c	02b57633	remu	x12,x10,x11	 x10:0x33333332 x11:0x66666665 x12=0x33333332
          35876	     17934	00002590	68c2a423	sw	x12,1672(x5)	  x5:0x00005054 x12:0x33333332 PA:0x000056dc store:0x33333332 load:0x33250513
          35878	     17935	00002594	33333537	lui	x10,0x33333	 x10=0x33333000
          35880	     17936	00002598	33250513	addi	x10,x10,818	 x10:0x33333000 x10=0x33333332
          35882	     17937	0000259c	0000b5b7	lui	x11,0xb	 x11=0x0000b000
          35884	     17938	000025a0	50358593	addi	x11,x11,1283	 x11:0x0000b000 x11=0x0000b503
          35958	     17975	000025a4	02b57633	remu	x12,x10,x11	 x10:0x33333332 x11:0x0000b503 x12=0x00001cf7
          35962	     17977	000025a8	68c2a623	sw	x12,1676(x5)	  x5:0x00005054 x12:0x00001cf7 PA:0x000056e0 store:0x00001cf7 load:0x33250513
          35964	     17978	000025ac	33333537	lui	x10,0x33333	 x10=0x33333000
          35966	     17979	000025b0	33250513	addi	x10,x10,818	 x10:0x33333000 x10=0x33333332
          35968	     17980	000025b4	000105b7	lui	x11,0x10	 x11=0x00010000
          35970	     17981	000025b8	ffe58593	addi	x11,x11,-2	 x11:0x00010000 x11=0x0000fffe
          36044	     18018	000025bc	02b57633	remu	x12,x10,x11	 x10:0x33333332 x11:0x0000fffe x12=0x00009998
          36048	     18020	000025c0	68c2a823	sw	x12,1680(x5)	  x5:0x00005054 x12:0x00009998 PA:0x000056e4 store:0x00009998 load:0x33250513
          36050	     18021	000025c4	33333537	lui	x10,0x33333	 x10=0x33333000
          36052	     18022	000025c8	33250513	addi	x10,x10,818	 x10:0x33333000 x10=0x33333332
          36054	     18023	000025cc	555555b7	lui	x11,0x55555	 x11=0x55555000
          36056	     18024	000025d0	55658593	addi	x11,x11,1366	 x11:0x55555000 x11=0x55555556
          36130	     18061	000025d4	02b57633	remu	x12,x10,x11	 x10:0x33333332 x11:0x55555556 x12=0x33333332
          36134	     18063	000025d8	68c2aa23	sw	x12,1684(x5)	  x5:0x00005054 x12:0x33333332 PA:0x000056e8 store:0x33333332 load:0x33250513
          36136	     18064	000025dc	33333537	lui	x10,0x33333	 x10=0x33333000
          36138	     18065	000025e0	33250513	addi	x10,x10,818	 x10:0x33333000 x10=0x33333332
          36140	     18066	000025e4	aaaab5b7	lui	x11,0xaaaab	 x11=0xaaaab000
          36142	     18067	000025e8	aab58593	addi	x11,x11,-1365	 x11:0xaaaab000 x11=0xaaaaaaab
          36216	     18104	000025ec	02b57633	remu	x12,x10,x11	 x10:0x33333332 x11:0xaaaaaaab x12=0x33333332
          36220	     18106	000025f0	68c2ac23	sw	x12,1688(x5)	  x5:0x00005054 x12:0x33333332 PA:0x000056ec store:0x33333332 load:0x33250513
          36222	     18107	000025f4	33333537	lui	x10,0x33333	 x10=0x33333000
          36224	     18108	000025f8	33250513	addi	x10,x10,818	 x10:0x33333000 x10=0x33333332
          36226	     18109	000025fc	00600593	addi	x11,x0,6	  x0:0x00000000 x11=0x00000006
          36300	     18146	00002600	02b57633	remu	x12,x10,x11	 x10:0x33333332 x11:0x00000006 x12=0x00000002
          36304	     18148	00002604	68c2ae23	sw	x12,1692(x5)	  x5:0x00005054 x12:0x00000002 PA:0x000056f0 store:0x00000002 load:0x33250513
          36306	     18149	00002608	33333537	lui	x10,0x33333	 x10=0x33333000
          36308	     18150	0000260c	33250513	addi	x10,x10,818	 x10:0x33333000 x10=0x33333332
          36310	     18151	00002610	333335b7	lui	x11,0x33333	 x11=0x33333000
          36312	     18152	00002614	33458593	addi	x11,x11,820	 x11:0x33333000 x11=0x33333334
          36386	     18189	00002618	02b57633	remu	x12,x10,x11	 x10:0x33333332 x11:0x33333334 x12=0x33333332
          36390	     18191	0000261c	6ac2a023	sw	x12,1696(x5)	  x5:0x00005054 x12:0x33333332 PA:0x000056f4 store:0x33333332 load:0x33250513
          36392	     18192	00002620	33333537	lui	x10,0x33333	 x10=0x33333000
          36394	     18193	00002624	33250513	addi	x10,x10,818	 x10:0x33333000 x10=0x33333332
          36396	     18194	00002628	666665b7	lui	x11,0x66666	 x11=0x66666000
          36398	     18195	0000262c	66758593	addi	x11,x11,1639	 x11:0x66666000 x11=0x66666667
          36472	     18232	00002630	02b57633	remu	x12,x10,x11	 x10:0x33333332 x11:0x66666667 x12=0x33333332
          36476	     18234	00002634	6ac2a223	sw	x12,1700(x5)	  x5:0x00005054 x12:0x33333332 PA:0x000056f8 store:0x33333332 load:0x33250513
          36478	     18235	00002638	33333537	lui	x10,0x33333	 x10=0x33333000
          36480	     18236	0000263c	33250513	addi	x10,x10,818	 x10:0x33333000 x10=0x33333332
          36482	     18237	00002640	0000b5b7	lui	x11,0xb	 x11=0x0000b000
          36484	     18238	00002644	50558593	addi	x11,x11,1285	 x11:0x0000b000 x11=0x0000b505
          36558	     18275	00002648	02b57633	remu	x12,x10,x11	 x10:0x33333332 x11:0x0000b505 x12=0x0000412a
          36562	     18277	0000264c	6ac2a423	sw	x12,1704(x5)	  x5:0x00005054 x12:0x0000412a PA:0x000056fc store:0x0000412a load:0x33250513
          36564	     18278	00002650	33333537	lui	x10,0x33333	 x10=0x33333000
          36566	     18279	00002654	33250513	addi	x10,x10,818	 x10:0x33333000 x10=0x33333332
          36568	     18280	00002658	00100593	addi	x11,x0,1	  x0:0x00000000 x11=0x00000001
          36642	     18317	0000265c	02b57633	remu	x12,x10,x11	 x10:0x33333332 x11:0x00000001 x12=0x00000000
          36646	     18319	00002660	6ac2a623	sw	x12,1708(x5)	  x5:0x00005054 x12:0x00000000 PA:0x00005700 store:0x00000000 load:0x33250513
          36648	     18320	00002664	33333537	lui	x10,0x33333	 x10=0x33333000
          36650	     18321	00002668	33250513	addi	x10,x10,818	 x10:0x33333000 x10=0x33333332
          36652	     18322	0000266c	000105b7	lui	x11,0x10	 x11=0x00010000
          36726	     18359	00002670	02b57633	remu	x12,x10,x11	 x10:0x33333332 x11:0x00010000 x12=0x00003332
          36730	     18361	00002674	6ac2a823	sw	x12,1712(x5)	  x5:0x00005054 x12:0x00003332 PA:0x00005704 store:0x00003332 load:0x66550513
          36732	     18362	00002678	66666537	lui	x10,0x66666	 x10=0x66666000
          36734	     18363	0000267c	66550513	addi	x10,x10,1637	 x10:0x66666000 x10=0x66666665
          36736	     18364	00002680	00300593	addi	x11,x0,3	  x0:0x00000000 x11=0x00000003
          36810	     18401	00002684	02b57633	remu	x12,x10,x11	 x10:0x66666665 x11:0x00000003 x12=0x00000002
          36814	     18403	00002688	6ac2aa23	sw	x12,1716(x5)	  x5:0x00005054 x12:0x00000002 PA:0x00005708 store:0x00000002 load:0x66550513
          36816	     18404	0000268c	66666537	lui	x10,0x66666	 x10=0x66666000
          36818	     18405	00002690	66550513	addi	x10,x10,1637	 x10:0x66666000 x10=0x66666665
          36820	     18406	00002694	555555b7	lui	x11,0x55555	 x11=0x55555000
          36822	     18407	00002698	55558593	addi	x11,x11,1365	 x11:0x55555000 x11=0x55555555
          36896	     18444	0000269c	02b57633	remu	x12,x10,x11	 x10:0x66666665 x11:0x55555555 x12=0x11111110
          36900	     18446	000026a0	6ac2ac23	sw	x12,1720(x5)	  x5:0x00005054 x12:0x11111110 PA:0x0000570c store:0x11111110 load:0x66550513
          36902	     18447	000026a4	66666537	lui	x10,0x66666	 x10=0x66666000
          36904	     18448	000026a8	66550513	addi	x10,x10,1637	 x10:0x66666000 x10=0x66666665
          36906	     18449	000026ac	aaaab5b7	lui	x11,0xaaaab	 x11=0xaaaab000
          36908	     18450	000026b0	aaa58593	addi	x11,x11,-1366	 x11:0xaaaab000 x11=0xaaaaaaaa
          36982	     18487	000026b4	02b57633	remu	x12,x10,x11	 x10:0x66666665 x11:0xaaaaaaaa x12=0x66666665
          36986	     18489	000026b8	6ac2ae23	sw	x12,1724(x5)	  x5:0x00005054 x12:0x66666665 PA:0x00005710 store:0x66666665 load:0x66550513
          36988	     18490	000026bc	66666537	lui	x10,0x66666	 x10=0x66666000
          36990	     18491	000026c0	66550513	addi	x10,x10,1637	 x10:0x66666000 x10=0x66666665
          36992	     18492	000026c4	00500593	addi	x11,x0,5	  x0:0x00000000 x11=0x00000005
          37066	     18529	000026c8	02b57633	remu	x12,x10,x11	 x10:0x66666665 x11:0x00000005 x12=0x00000002
          37070	     18531	000026cc	6cc2a023	sw	x12,1728(x5)	  x5:0x00005054 x12:0x00000002 PA:0x00005714 store:0x00000002 load:0x66550513
          37072	     18532	000026d0	66666537	lui	x10,0x66666	 x10=0x66666000
          37074	     18533	000026d4	66550513	addi	x10,x10,1637	 x10:0x66666000 x10=0x66666665
          37076	     18534	000026d8	333335b7	lui	x11,0x33333	 x11=0x33333000
          37078	     18535	000026dc	33358593	addi	x11,x11,819	 x11:0x33333000 x11=0x33333333
          37152	     18572	000026e0	02b57633	remu	x12,x10,x11	 x10:0x66666665 x11:0x33333333 x12=0x33333332
          37156	     18574	000026e4	6cc2a223	sw	x12,1732(x5)	  x5:0x00005054 x12:0x33333332 PA:0x00005718 store:0x33333332 load:0x66550513
          37158	     18575	000026e8	66666537	lui	x10,0x66666	 x10=0x66666000
          37160	     18576	000026ec	66550513	addi	x10,x10,1637	 x10:0x66666000 x10=0x66666665
          37162	     18577	000026f0	666665b7	lui	x11,0x66666	 x11=0x66666000
          37164	     18578	000026f4	66658593	addi	x11,x11,1638	 x11:0x66666000 x11=0x66666666
          37238	     18615	000026f8	02b57633	remu	x12,x10,x11	 x10:0x66666665 x11:0x66666666 x12=0x66666665
          37242	     18617	000026fc	6cc2a423	sw	x12,1736(x5)	  x5:0x00005054 x12:0x66666665 PA:0x0000571c store:0x66666665 load:0x66550513
          37244	     18618	00002700	66666537	lui	x10,0x66666	 x10=0x66666000
          37246	     18619	00002704	66550513	addi	x10,x10,1637	 x10:0x66666000 x10=0x66666665
          37248	     18620	00002708	0000b5b7	lui	x11,0xb	 x11=0x0000b000
          37250	     18621	0000270c	50458593	addi	x11,x11,1284	 x11:0x0000b000 x11=0x0000b504
          37324	     18658	00002710	02b57633	remu	x12,x10,x11	 x10:0x66666665 x11:0x0000b504 x12=0x00005e21
          37328	     18660	00002714	6cc2a623	sw	x12,1740(x5)	  x5:0x00005054 x12:0x00005e21 PA:0x00005720 store:0x00005e21 load:0x66550513
          37330	     18661	00002718	66666537	lui	x10,0x66666	 x10=0x66666000
          37332	     18662	0000271c	66550513	addi	x10,x10,1637	 x10:0x66666000 x10=0x66666665
          37334	     18663	00002720	00000593	addi	x11,x0,0	  x0:0x00000000 x11=0x00000000
          37338	     18665	00002724	02b57633	remu	x12,x10,x11	 x10:0x66666665 x11:0x00000000 x12=0x66666665
          37342	     18667	00002728	6cc2a823	sw	x12,1744(x5)	  x5:0x00005054 x12:0x66666665 PA:0x00005724 store:0x66666665 load:0x66550513
          37344	     18668	0000272c	66666537	lui	x10,0x66666	 x10=0x66666000
          37346	     18669	00002730	66550513	addi	x10,x10,1637	 x10:0x66666000 x10=0x66666665
          37348	     18670	00002734	000105b7	lui	x11,0x10	 x11=0x00010000
          37350	     18671	00002738	fff58593	addi	x11,x11,-1	 x11:0x00010000 x11=0x0000ffff
          37424	     18708	0000273c	02b57633	remu	x12,x10,x11	 x10:0x66666665 x11:0x0000ffff x12=0x0000cccb
          37428	     18710	00002740	6cc2aa23	sw	x12,1748(x5)	  x5:0x00005054 x12:0x0000cccb PA:0x00005728 store:0x0000cccb load:0x66550513
          37430	     18711	00002744	66666537	lui	x10,0x66666	 x10=0x66666000
          37432	     18712	00002748	66550513	addi	x10,x10,1637	 x10:0x66666000 x10=0x66666665
          37434	     18713	0000274c	00200593	addi	x11,x0,2	  x0:0x00000000 x11=0x00000002
          37508	     18750	00002750	02b57633	remu	x12,x10,x11	 x10:0x66666665 x11:0x00000002 x12=0x00000001
          37512	     18752	00002754	6cc2ac23	sw	x12,1752(x5)	  x5:0x00005054 x12:0x00000001 PA:0x0000572c store:0x00000001 load:0x66550513
          37514	     18753	00002758	66666537	lui	x10,0x66666	 x10=0x66666000
          37516	     18754	0000275c	66550513	addi	x10,x10,1637	 x10:0x66666000 x10=0x66666665
          37518	     18755	00002760	555555b7	lui	x11,0x55555	 x11=0x55555000
          37520	     18756	00002764	55458593	addi	x11,x11,1364	 x11:0x55555000 x11=0x55555554
          37594	     18793	00002768	02b57633	remu	x12,x10,x11	 x10:0x66666665 x11:0x55555554 x12=0x11111111
          37598	     18795	0000276c	6cc2ae23	sw	x12,1756(x5)	  x5:0x00005054 x12:0x11111111 PA:0x00005730 store:0x11111111 load:0x66550513
          37600	     18796	00002770	66666537	lui	x10,0x66666	 x10=0x66666000
          37602	     18797	00002774	66550513	addi	x10,x10,1637	 x10:0x66666000 x10=0x66666665
          37604	     18798	00002778	aaaab5b7	lui	x11,0xaaaab	 x11=0xaaaab000
          37606	     18799	0000277c	aa958593	addi	x11,x11,-1367	 x11:0xaaaab000 x11=0xaaaaaaa9
          37680	     18836	00002780	02b57633	remu	x12,x10,x11	 x10:0x66666665 x11:0xaaaaaaa9 x12=0x66666665
          37684	     18838	00002784	6ec2a023	sw	x12,1760(x5)	  x5:0x00005054 x12:0x66666665 PA:0x00005734 store:0x66666665 load:0x66550513
          37686	     18839	00002788	66666537	lui	x10,0x66666	 x10=0x66666000
          37688	     18840	0000278c	66550513	addi	x10,x10,1637	 x10:0x66666000 x10=0x66666665
          37690	     18841	00002790	00400593	addi	x11,x0,4	  x0:0x00000000 x11=0x00000004
          37764	     18878	00002794	02b57633	remu	x12,x10,x11	 x10:0x66666665 x11:0x00000004 x12=0x00000001
          37768	     18880	00002798	6ec2a223	sw	x12,1764(x5)	  x5:0x00005054 x12:0x00000001 PA:0x00005738 store:0x00000001 load:0x66550513
          37770	     18881	0000279c	66666537	lui	x10,0x66666	 x10=0x66666000
          37772	     18882	000027a0	66550513	addi	x10,x10,1637	 x10:0x66666000 x10=0x66666665
          37774	     18883	000027a4	333335b7	lui	x11,0x33333	 x11=0x33333000
          37776	     18884	000027a8	33258593	addi	x11,x11,818	 x11:0x33333000 x11=0x33333332
          37850	     18921	000027ac	02b57633	remu	x12,x10,x11	 x10:0x66666665 x11:0x33333332 x12=0x00000001
          37854	     18923	000027b0	6ec2a423	sw	x12,1768(x5)	  x5:0x00005054 x12:0x00000001 PA:0x0000573c store:0x00000001 load:0x66550513
          37856	     18924	000027b4	66666537	lui	x10,0x66666	 x10=0x66666000
          37858	     18925	000027b8	66550513	addi	x10,x10,1637	 x10:0x66666000 x10=0x66666665
          37860	     18926	000027bc	666665b7	lui	x11,0x66666	 x11=0x66666000
          37862	     18927	000027c0	66558593	addi	x11,x11,1637	 x11:0x66666000 x11=0x66666665
          37936	     18964	000027c4	02b57633	remu	x12,x10,x11	 x10:0x66666665 x11:0x66666665 x12=0x00000000
          37940	     18966	000027c8	6ec2a623	sw	x12,1772(x5)	  x5:0x00005054 x12:0x00000000 PA:0x00005740 store:0x00000000 load:0x66550513
          37942	     18967	000027cc	66666537	lui	x10,0x66666	 x10=0x66666000
          37944	     18968	000027d0	66550513	addi	x10,x10,1637	 x10:0x66666000 x10=0x66666665
          37946	     18969	000027d4	0000b5b7	lui	x11,0xb	 x11=0x0000b000
          37948	     18970	000027d8	50358593	addi	x11,x11,1283	 x11:0x0000b000 x11=0x0000b503
          38022	     19007	000027dc	02b57633	remu	x12,x10,x11	 x10:0x66666665 x11:0x0000b503 x12=0x000039ef
          38026	     19009	000027e0	6ec2a823	sw	x12,1776(x5)	  x5:0x00005054 x12:0x000039ef PA:0x00005744 store:0x000039ef load:0x66550513
          38028	     19010	000027e4	66666537	lui	x10,0x66666	 x10=0x66666000
          38030	     19011	000027e8	66550513	addi	x10,x10,1637	 x10:0x66666000 x10=0x66666665
          38032	     19012	000027ec	000105b7	lui	x11,0x10	 x11=0x00010000
          38034	     19013	000027f0	ffe58593	addi	x11,x11,-2	 x11:0x00010000 x11=0x0000fffe
          38108	     19050	000027f4	02b57633	remu	x12,x10,x11	 x10:0x66666665 x11:0x0000fffe x12=0x00003333
          38112	     19052	000027f8	6ec2aa23	sw	x12,1780(x5)	  x5:0x00005054 x12:0x00003333 PA:0x00005748 store:0x00003333 load:0x66550513
          38114	     19053	000027fc	66666537	lui	x10,0x66666	 x10=0x66666000
          38116	     19054	00002800	66550513	addi	x10,x10,1637	 x10:0x66666000 x10=0x66666665
          38118	     19055	00002804	555555b7	lui	x11,0x55555	 x11=0x55555000
          38120	     19056	00002808	55658593	addi	x11,x11,1366	 x11:0x55555000 x11=0x55555556
          38194	     19093	0000280c	02b57633	remu	x12,x10,x11	 x10:0x66666665 x11:0x55555556 x12=0x1111110f
          38198	     19095	00002810	6ec2ac23	sw	x12,1784(x5)	  x5:0x00005054 x12:0x1111110f PA:0x0000574c store:0x1111110f load:0x66550513
          38200	     19096	00002814	66666537	lui	x10,0x66666	 x10=0x66666000
          38202	     19097	00002818	66550513	addi	x10,x10,1637	 x10:0x66666000 x10=0x66666665
          38204	     19098	0000281c	aaaab5b7	lui	x11,0xaaaab	 x11=0xaaaab000
          38206	     19099	00002820	aab58593	addi	x11,x11,-1365	 x11:0xaaaab000 x11=0xaaaaaaab
          38280	     19136	00002824	02b57633	remu	x12,x10,x11	 x10:0x66666665 x11:0xaaaaaaab x12=0x66666665
          38284	     19138	00002828	6ec2ae23	sw	x12,1788(x5)	  x5:0x00005054 x12:0x66666665 PA:0x00005750 store:0x66666665 load:0x66550513
          38286	     19139	0000282c	66666537	lui	x10,0x66666	 x10=0x66666000
          38288	     19140	00002830	66550513	addi	x10,x10,1637	 x10:0x66666000 x10=0x66666665
          38290	     19141	00002834	00100593	addi	x11,x0,1	  x0:0x00000000 x11=0x00000001
          38364	     19178	00002838	02b57633	remu	x12,x10,x11	 x10:0x66666665 x11:0x00000001 x12=0x00000000
          38368	     19180	0000283c	70c2a023	sw	x12,1792(x5)	  x5:0x00005054 x12:0x00000000 PA:0x00005754 store:0x00000000 load:0x66550513
          38370	     19181	00002840	66666537	lui	x10,0x66666	 x10=0x66666000
          38372	     19182	00002844	66550513	addi	x10,x10,1637	 x10:0x66666000 x10=0x66666665
          38374	     19183	00002848	000105b7	lui	x11,0x10	 x11=0x00010000
          38448	     19220	0000284c	02b57633	remu	x12,x10,x11	 x10:0x66666665 x11:0x00010000 x12=0x00006665
          38452	     19222	00002850	70c2a223	sw	x12,1796(x5)	  x5:0x00005054 x12:0x00006665 PA:0x00005758 store:0x00006665 load:0x50350513
          38454	     19223	00002854	0000b537	lui	x10,0xb	 x10=0x0000b000
          38456	     19224	00002858	50350513	addi	x10,x10,1283	 x10:0x0000b000 x10=0x0000b503
          38458	     19225	0000285c	00300593	addi	x11,x0,3	  x0:0x00000000 x11=0x00000003
          38532	     19262	00002860	02b57633	remu	x12,x10,x11	 x10:0x0000b503 x11:0x00000003 x12=0x00000001
          38536	     19264	00002864	70c2a423	sw	x12,1800(x5)	  x5:0x00005054 x12:0x00000001 PA:0x0000575c store:0x00000001 load:0x50350513
          38538	     19265	00002868	0000b537	lui	x10,0xb	 x10=0x0000b000
          38540	     19266	0000286c	50350513	addi	x10,x10,1283	 x10:0x0000b000 x10=0x0000b503
          38542	     19267	00002870	555555b7	lui	x11,0x55555	 x11=0x55555000
          38544	     19268	00002874	55558593	addi	x11,x11,1365	 x11:0x55555000 x11=0x55555555
          38618	     19305	00002878	02b57633	remu	x12,x10,x11	 x10:0x0000b503 x11:0x55555555 x12=0x0000b503
          38622	     19307	0000287c	70c2a623	sw	x12,1804(x5)	  x5:0x00005054 x12:0x0000b503 PA:0x00005760 store:0x0000b503 load:0x50350513
          38624	     19308	00002880	0000b537	lui	x10,0xb	 x10=0x0000b000
          38626	     19309	00002884	50350513	addi	x10,x10,1283	 x10:0x0000b000 x10=0x0000b503
          38628	     19310	00002888	aaaab5b7	lui	x11,0xaaaab	 x11=0xaaaab000
          38630	     19311	0000288c	aaa58593	addi	x11,x11,-1366	 x11:0xaaaab000 x11=0xaaaaaaaa
          38704	     19348	00002890	02b57633	remu	x12,x10,x11	 x10:0x0000b503 x11:0xaaaaaaaa x12=0x0000b503
          38708	     19350	00002894	70c2a823	sw	x12,1808(x5)	  x5:0x00005054 x12:0x0000b503 PA:0x00005764 store:0x0000b503 load:0x50350513
          38710	     19351	00002898	0000b537	lui	x10,0xb	 x10=0x0000b000
          38712	     19352	0000289c	50350513	addi	x10,x10,1283	 x10:0x0000b000 x10=0x0000b503
          38714	     19353	000028a0	00500593	addi	x11,x0,5	  x0:0x00000000 x11=0x00000005
          38788	     19390	000028a4	02b57633	remu	x12,x10,x11	 x10:0x0000b503 x11:0x00000005 x12=0x00000004
          38792	     19392	000028a8	70c2aa23	sw	x12,1812(x5)	  x5:0x00005054 x12:0x00000004 PA:0x00005768 store:0x00000004 load:0x50350513
          38794	     19393	000028ac	0000b537	lui	x10,0xb	 x10=0x0000b000
          38796	     19394	000028b0	50350513	addi	x10,x10,1283	 x10:0x0000b000 x10=0x0000b503
          38798	     19395	000028b4	333335b7	lui	x11,0x33333	 x11=0x33333000
          38800	     19396	000028b8	33358593	addi	x11,x11,819	 x11:0x33333000 x11=0x33333333
          38874	     19433	000028bc	02b57633	remu	x12,x10,x11	 x10:0x0000b503 x11:0x33333333 x12=0x0000b503
          38878	     19435	000028c0	70c2ac23	sw	x12,1816(x5)	  x5:0x00005054 x12:0x0000b503 PA:0x0000576c store:0x0000b503 load:0x50350513
          38880	     19436	000028c4	0000b537	lui	x10,0xb	 x10=0x0000b000
          38882	     19437	000028c8	50350513	addi	x10,x10,1283	 x10:0x0000b000 x10=0x0000b503
          38884	     19438	000028cc	666665b7	lui	x11,0x66666	 x11=0x66666000
          38886	     19439	000028d0	66658593	addi	x11,x11,1638	 x11:0x66666000 x11=0x66666666
          38960	     19476	000028d4	02b57633	remu	x12,x10,x11	 x10:0x0000b503 x11:0x66666666 x12=0x0000b503
          38964	     19478	000028d8	70c2ae23	sw	x12,1820(x5)	  x5:0x00005054 x12:0x0000b503 PA:0x00005770 store:0x0000b503 load:0x50350513
          38966	     19479	000028dc	0000b537	lui	x10,0xb	 x10=0x0000b000
          38968	     19480	000028e0	50350513	addi	x10,x10,1283	 x10:0x0000b000 x10=0x0000b503
          38970	     19481	000028e4	0000b5b7	lui	x11,0xb	 x11=0x0000b000
          38972	     19482	000028e8	50458593	addi	x11,x11,1284	 x11:0x0000b000 x11=0x0000b504
          39046	     19519	000028ec	02b57633	remu	x12,x10,x11	 x10:0x0000b503 x11:0x0000b504 x12=0x0000b503
          39050	     19521	000028f0	72c2a023	sw	x12,1824(x5)	  x5:0x00005054 x12:0x0000b503 PA:0x00005774 store:0x0000b503 load:0x50350513
          39052	     19522	000028f4	0000b537	lui	x10,0xb	 x10=0x0000b000
          39054	     19523	000028f8	50350513	addi	x10,x10,1283	 x10:0x0000b000 x10=0x0000b503
          39056	     19524	000028fc	00000593	addi	x11,x0,0	  x0:0x00000000 x11=0x00000000
          39060	     19526	00002900	02b57633	remu	x12,x10,x11	 x10:0x0000b503 x11:0x00000000 x12=0x0000b503
          39064	     19528	00002904	72c2a223	sw	x12,1828(x5)	  x5:0x00005054 x12:0x0000b503 PA:0x00005778 store:0x0000b503 load:0x50350513
          39066	     19529	00002908	0000b537	lui	x10,0xb	 x10=0x0000b000
          39068	     19530	0000290c	50350513	addi	x10,x10,1283	 x10:0x0000b000 x10=0x0000b503
          39070	     19531	00002910	000105b7	lui	x11,0x10	 x11=0x00010000
          39072	     19532	00002914	fff58593	addi	x11,x11,-1	 x11:0x00010000 x11=0x0000ffff
          39146	     19569	00002918	02b57633	remu	x12,x10,x11	 x10:0x0000b503 x11:0x0000ffff x12=0x0000b503
          39150	     19571	0000291c	72c2a423	sw	x12,1832(x5)	  x5:0x00005054 x12:0x0000b503 PA:0x0000577c store:0x0000b503 load:0x50350513
          39152	     19572	00002920	0000b537	lui	x10,0xb	 x10=0x0000b000
          39154	     19573	00002924	50350513	addi	x10,x10,1283	 x10:0x0000b000 x10=0x0000b503
          39156	     19574	00002928	00200593	addi	x11,x0,2	  x0:0x00000000 x11=0x00000002
          39230	     19611	0000292c	02b57633	remu	x12,x10,x11	 x10:0x0000b503 x11:0x00000002 x12=0x00000001
          39234	     19613	00002930	72c2a623	sw	x12,1836(x5)	  x5:0x00005054 x12:0x00000001 PA:0x00005780 store:0x00000001 load:0x50350513
          39236	     19614	00002934	0000b537	lui	x10,0xb	 x10=0x0000b000
          39238	     19615	00002938	50350513	addi	x10,x10,1283	 x10:0x0000b000 x10=0x0000b503
          39240	     19616	0000293c	555555b7	lui	x11,0x55555	 x11=0x55555000
          39242	     19617	00002940	55458593	addi	x11,x11,1364	 x11:0x55555000 x11=0x55555554
          39316	     19654	00002944	02b57633	remu	x12,x10,x11	 x10:0x0000b503 x11:0x55555554 x12=0x0000b503
          39320	     19656	00002948	72c2a823	sw	x12,1840(x5)	  x5:0x00005054 x12:0x0000b503 PA:0x00005784 store:0x0000b503 load:0x50350513
          39322	     19657	0000294c	0000b537	lui	x10,0xb	 x10=0x0000b000
          39324	     19658	00002950	50350513	addi	x10,x10,1283	 x10:0x0000b000 x10=0x0000b503
          39326	     19659	00002954	aaaab5b7	lui	x11,0xaaaab	 x11=0xaaaab000
          39328	     19660	00002958	aa958593	addi	x11,x11,-1367	 x11:0xaaaab000 x11=0xaaaaaaa9
          39402	     19697	0000295c	02b57633	remu	x12,x10,x11	 x10:0x0000b503 x11:0xaaaaaaa9 x12=0x0000b503
          39406	     19699	00002960	72c2aa23	sw	x12,1844(x5)	  x5:0x00005054 x12:0x0000b503 PA:0x00005788 store:0x0000b503 load:0x50350513
          39408	     19700	00002964	0000b537	lui	x10,0xb	 x10=0x0000b000
          39410	     19701	00002968	50350513	addi	x10,x10,1283	 x10:0x0000b000 x10=0x0000b503
          39412	     19702	0000296c	00400593	addi	x11,x0,4	  x0:0x00000000 x11=0x00000004
          39486	     19739	00002970	02b57633	remu	x12,x10,x11	 x10:0x0000b503 x11:0x00000004 x12=0x00000003
          39490	     19741	00002974	72c2ac23	sw	x12,1848(x5)	  x5:0x00005054 x12:0x00000003 PA:0x0000578c store:0x00000003 load:0x50350513
          39492	     19742	00002978	0000b537	lui	x10,0xb	 x10=0x0000b000
          39494	     19743	0000297c	50350513	addi	x10,x10,1283	 x10:0x0000b000 x10=0x0000b503
          39496	     19744	00002980	333335b7	lui	x11,0x33333	 x11=0x33333000
          39498	     19745	00002984	33258593	addi	x11,x11,818	 x11:0x33333000 x11=0x33333332
          39572	     19782	00002988	02b57633	remu	x12,x10,x11	 x10:0x0000b503 x11:0x33333332 x12=0x0000b503
          39576	     19784	0000298c	72c2ae23	sw	x12,1852(x5)	  x5:0x00005054 x12:0x0000b503 PA:0x00005790 store:0x0000b503 load:0x50350513
          39578	     19785	00002990	0000b537	lui	x10,0xb	 x10=0x0000b000
          39580	     19786	00002994	50350513	addi	x10,x10,1283	 x10:0x0000b000 x10=0x0000b503
          39582	     19787	00002998	666665b7	lui	x11,0x66666	 x11=0x66666000
          39584	     19788	0000299c	66558593	addi	x11,x11,1637	 x11:0x66666000 x11=0x66666665
          39658	     19825	000029a0	02b57633	remu	x12,x10,x11	 x10:0x0000b503 x11:0x66666665 x12=0x0000b503
          39662	     19827	000029a4	74c2a023	sw	x12,1856(x5)	  x5:0x00005054 x12:0x0000b503 PA:0x00005794 store:0x0000b503 load:0x50350513
          39664	     19828	000029a8	0000b537	lui	x10,0xb	 x10=0x0000b000
          39666	     19829	000029ac	50350513	addi	x10,x10,1283	 x10:0x0000b000 x10=0x0000b503
          39668	     19830	000029b0	0000b5b7	lui	x11,0xb	 x11=0x0000b000
          39670	     19831	000029b4	50358593	addi	x11,x11,1283	 x11:0x0000b000 x11=0x0000b503
          39744	     19868	000029b8	02b57633	remu	x12,x10,x11	 x10:0x0000b503 x11:0x0000b503 x12=0x00000000
          39748	     19870	000029bc	74c2a223	sw	x12,1860(x5)	  x5:0x00005054 x12:0x00000000 PA:0x00005798 store:0x00000000 load:0x50350513
          39750	     19871	000029c0	0000b537	lui	x10,0xb	 x10=0x0000b000
          39752	     19872	000029c4	50350513	addi	x10,x10,1283	 x10:0x0000b000 x10=0x0000b503
          39754	     19873	000029c8	000105b7	lui	x11,0x10	 x11=0x00010000
          39756	     19874	000029cc	ffe58593	addi	x11,x11,-2	 x11:0x00010000 x11=0x0000fffe
          39830	     19911	000029d0	02b57633	remu	x12,x10,x11	 x10:0x0000b503 x11:0x0000fffe x12=0x0000b503
          39834	     19913	000029d4	74c2a423	sw	x12,1864(x5)	  x5:0x00005054 x12:0x0000b503 PA:0x0000579c store:0x0000b503 load:0x50350513
          39836	     19914	000029d8	0000b537	lui	x10,0xb	 x10=0x0000b000
          39838	     19915	000029dc	50350513	addi	x10,x10,1283	 x10:0x0000b000 x10=0x0000b503
          39840	     19916	000029e0	555555b7	lui	x11,0x55555	 x11=0x55555000
          39842	     19917	000029e4	55658593	addi	x11,x11,1366	 x11:0x55555000 x11=0x55555556
          39916	     19954	000029e8	02b57633	remu	x12,x10,x11	 x10:0x0000b503 x11:0x55555556 x12=0x0000b503
          39920	     19956	000029ec	74c2a623	sw	x12,1868(x5)	  x5:0x00005054 x12:0x0000b503 PA:0x000057a0 store:0x0000b503 load:0x50350513
          39922	     19957	000029f0	0000b537	lui	x10,0xb	 x10=0x0000b000
          39924	     19958	000029f4	50350513	addi	x10,x10,1283	 x10:0x0000b000 x10=0x0000b503
          39926	     19959	000029f8	aaaab5b7	lui	x11,0xaaaab	 x11=0xaaaab000
          39928	     19960	000029fc	aab58593	addi	x11,x11,-1365	 x11:0xaaaab000 x11=0xaaaaaaab
          40002	     19997	00002a00	02b57633	remu	x12,x10,x11	 x10:0x0000b503 x11:0xaaaaaaab x12=0x0000b503
          40006	     19999	00002a04	74c2a823	sw	x12,1872(x5)	  x5:0x00005054 x12:0x0000b503 PA:0x000057a4 store:0x0000b503 load:0x50350513
          40008	     20000	00002a08	0000b537	lui	x10,0xb	 x10=0x0000b000
          40010	     20001	00002a0c	50350513	addi	x10,x10,1283	 x10:0x0000b000 x10=0x0000b503
          40012	     20002	00002a10	00600593	addi	x11,x0,6	  x0:0x00000000 x11=0x00000006
          40086	     20039	00002a14	02b57633	remu	x12,x10,x11	 x10:0x0000b503 x11:0x00000006 x12=0x00000001
          40090	     20041	00002a18	74c2aa23	sw	x12,1876(x5)	  x5:0x00005054 x12:0x00000001 PA:0x000057a8 store:0x00000001 load:0x50350513
          40092	     20042	00002a1c	0000b537	lui	x10,0xb	 x10=0x0000b000
          40094	     20043	00002a20	50350513	addi	x10,x10,1283	 x10:0x0000b000 x10=0x0000b503
          40096	     20044	00002a24	333335b7	lui	x11,0x33333	 x11=0x33333000
          40098	     20045	00002a28	33458593	addi	x11,x11,820	 x11:0x33333000 x11=0x33333334
          40172	     20082	00002a2c	02b57633	remu	x12,x10,x11	 x10:0x0000b503 x11:0x33333334 x12=0x0000b503
          40176	     20084	00002a30	74c2ac23	sw	x12,1880(x5)	  x5:0x00005054 x12:0x0000b503 PA:0x000057ac store:0x0000b503 load:0x50350513
          40178	     20085	00002a34	0000b537	lui	x10,0xb	 x10=0x0000b000
          40180	     20086	00002a38	50350513	addi	x10,x10,1283	 x10:0x0000b000 x10=0x0000b503
          40182	     20087	00002a3c	666665b7	lui	x11,0x66666	 x11=0x66666000
          40184	     20088	00002a40	66758593	addi	x11,x11,1639	 x11:0x66666000 x11=0x66666667
          40258	     20125	00002a44	02b57633	remu	x12,x10,x11	 x10:0x0000b503 x11:0x66666667 x12=0x0000b503
          40262	     20127	00002a48	74c2ae23	sw	x12,1884(x5)	  x5:0x00005054 x12:0x0000b503 PA:0x000057b0 store:0x0000b503 load:0x50350513
          40264	     20128	00002a4c	0000b537	lui	x10,0xb	 x10=0x0000b000
          40266	     20129	00002a50	50350513	addi	x10,x10,1283	 x10:0x0000b000 x10=0x0000b503
          40268	     20130	00002a54	0000b5b7	lui	x11,0xb	 x11=0x0000b000
          40270	     20131	00002a58	50558593	addi	x11,x11,1285	 x11:0x0000b000 x11=0x0000b505
          40344	     20168	00002a5c	02b57633	remu	x12,x10,x11	 x10:0x0000b503 x11:0x0000b505 x12=0x0000b503
          40348	     20170	00002a60	76c2a023	sw	x12,1888(x5)	  x5:0x00005054 x12:0x0000b503 PA:0x000057b4 store:0x0000b503 load:0x50350513
          40350	     20171	00002a64	0000b537	lui	x10,0xb	 x10=0x0000b000
          40352	     20172	00002a68	50350513	addi	x10,x10,1283	 x10:0x0000b000 x10=0x0000b503
          40354	     20173	00002a6c	00100593	addi	x11,x0,1	  x0:0x00000000 x11=0x00000001
          40428	     20210	00002a70	02b57633	remu	x12,x10,x11	 x10:0x0000b503 x11:0x00000001 x12=0x00000000
          40432	     20212	00002a74	76c2a223	sw	x12,1892(x5)	  x5:0x00005054 x12:0x00000000 PA:0x000057b8 store:0x00000000 load:0x50350513
          40434	     20213	00002a78	0000b537	lui	x10,0xb	 x10=0x0000b000
          40436	     20214	00002a7c	50350513	addi	x10,x10,1283	 x10:0x0000b000 x10=0x0000b503
          40438	     20215	00002a80	000105b7	lui	x11,0x10	 x11=0x00010000
          40512	     20252	00002a84	02b57633	remu	x12,x10,x11	 x10:0x0000b503 x11:0x00010000 x12=0x0000b503
          40516	     20254	00002a88	76c2a423	sw	x12,1896(x5)	  x5:0x00005054 x12:0x0000b503 PA:0x000057bc store:0x0000b503 load:0xffe50513
          40518	     20255	00002a8c	00010537	lui	x10,0x10	 x10=0x00010000
          40520	     20256	00002a90	ffe50513	addi	x10,x10,-2	 x10:0x00010000 x10=0x0000fffe
          40522	     20257	00002a94	00300593	addi	x11,x0,3	  x0:0x00000000 x11=0x00000003
          40596	     20294	00002a98	02b57633	remu	x12,x10,x11	 x10:0x0000fffe x11:0x00000003 x12=0x00000002
          40600	     20296	00002a9c	76c2a623	sw	x12,1900(x5)	  x5:0x00005054 x12:0x00000002 PA:0x000057c0 store:0x00000002 load:0xffe50513
          40602	     20297	00002aa0	00010537	lui	x10,0x10	 x10=0x00010000
          40604	     20298	00002aa4	ffe50513	addi	x10,x10,-2	 x10:0x00010000 x10=0x0000fffe
          40606	     20299	00002aa8	555555b7	lui	x11,0x55555	 x11=0x55555000
          40608	     20300	00002aac	55558593	addi	x11,x11,1365	 x11:0x55555000 x11=0x55555555
          40682	     20337	00002ab0	02b57633	remu	x12,x10,x11	 x10:0x0000fffe x11:0x55555555 x12=0x0000fffe
          40686	     20339	00002ab4	76c2a823	sw	x12,1904(x5)	  x5:0x00005054 x12:0x0000fffe PA:0x000057c4 store:0x0000fffe load:0xffe50513
          40688	     20340	00002ab8	00010537	lui	x10,0x10	 x10=0x00010000
          40690	     20341	00002abc	ffe50513	addi	x10,x10,-2	 x10:0x00010000 x10=0x0000fffe
          40692	     20342	00002ac0	aaaab5b7	lui	x11,0xaaaab	 x11=0xaaaab000
          40694	     20343	00002ac4	aaa58593	addi	x11,x11,-1366	 x11:0xaaaab000 x11=0xaaaaaaaa
          40768	     20380	00002ac8	02b57633	remu	x12,x10,x11	 x10:0x0000fffe x11:0xaaaaaaaa x12=0x0000fffe
          40772	     20382	00002acc	76c2aa23	sw	x12,1908(x5)	  x5:0x00005054 x12:0x0000fffe PA:0x000057c8 store:0x0000fffe load:0xffe50513
          40774	     20383	00002ad0	00010537	lui	x10,0x10	 x10=0x00010000
          40776	     20384	00002ad4	ffe50513	addi	x10,x10,-2	 x10:0x00010000 x10=0x0000fffe
          40778	     20385	00002ad8	00500593	addi	x11,x0,5	  x0:0x00000000 x11=0x00000005
          40852	     20422	00002adc	02b57633	remu	x12,x10,x11	 x10:0x0000fffe x11:0x00000005 x12=0x00000004
          40856	     20424	00002ae0	76c2ac23	sw	x12,1912(x5)	  x5:0x00005054 x12:0x00000004 PA:0x000057cc store:0x00000004 load:0xffe50513
          40858	     20425	00002ae4	00010537	lui	x10,0x10	 x10=0x00010000
          40860	     20426	00002ae8	ffe50513	addi	x10,x10,-2	 x10:0x00010000 x10=0x0000fffe
          40862	     20427	00002aec	333335b7	lui	x11,0x33333	 x11=0x33333000
          40864	     20428	00002af0	33358593	addi	x11,x11,819	 x11:0x33333000 x11=0x33333333
          40938	     20465	00002af4	02b57633	remu	x12,x10,x11	 x10:0x0000fffe x11:0x33333333 x12=0x0000fffe
          40942	     20467	00002af8	76c2ae23	sw	x12,1916(x5)	  x5:0x00005054 x12:0x0000fffe PA:0x000057d0 store:0x0000fffe load:0xffe50513
          40944	     20468	00002afc	00010537	lui	x10,0x10	 x10=0x00010000
          40946	     20469	00002b00	ffe50513	addi	x10,x10,-2	 x10:0x00010000 x10=0x0000fffe
          40948	     20470	00002b04	666665b7	lui	x11,0x66666	 x11=0x66666000
          40950	     20471	00002b08	66658593	addi	x11,x11,1638	 x11:0x66666000 x11=0x66666666
          41024	     20508	00002b0c	02b57633	remu	x12,x10,x11	 x10:0x0000fffe x11:0x66666666 x12=0x0000fffe
          41028	     20510	00002b10	78c2a023	sw	x12,1920(x5)	  x5:0x00005054 x12:0x0000fffe PA:0x000057d4 store:0x0000fffe load:0xffe50513
          41030	     20511	00002b14	00010537	lui	x10,0x10	 x10=0x00010000
          41032	     20512	00002b18	ffe50513	addi	x10,x10,-2	 x10:0x00010000 x10=0x0000fffe
          41034	     20513	00002b1c	0000b5b7	lui	x11,0xb	 x11=0x0000b000
          41036	     20514	00002b20	50458593	addi	x11,x11,1284	 x11:0x0000b000 x11=0x0000b504
          41110	     20551	00002b24	02b57633	remu	x12,x10,x11	 x10:0x0000fffe x11:0x0000b504 x12=0x00004afa
          41114	     20553	00002b28	78c2a223	sw	x12,1924(x5)	  x5:0x00005054 x12:0x00004afa PA:0x000057d8 store:0x00004afa load:0xffe50513
          41116	     20554	00002b2c	00010537	lui	x10,0x10	 x10=0x00010000
          41118	     20555	00002b30	ffe50513	addi	x10,x10,-2	 x10:0x00010000 x10=0x0000fffe
          41120	     20556	00002b34	00000593	addi	x11,x0,0	  x0:0x00000000 x11=0x00000000
          41124	     20558	00002b38	02b57633	remu	x12,x10,x11	 x10:0x0000fffe x11:0x00000000 x12=0x0000fffe
          41128	     20560	00002b3c	78c2a423	sw	x12,1928(x5)	  x5:0x00005054 x12:0x0000fffe PA:0x000057dc store:0x0000fffe load:0xffe50513
          41130	     20561	00002b40	00010537	lui	x10,0x10	 x10=0x00010000
          41132	     20562	00002b44	ffe50513	addi	x10,x10,-2	 x10:0x00010000 x10=0x0000fffe
          41134	     20563	00002b48	000105b7	lui	x11,0x10	 x11=0x00010000
          41136	     20564	00002b4c	fff58593	addi	x11,x11,-1	 x11:0x00010000 x11=0x0000ffff
          41210	     20601	00002b50	02b57633	remu	x12,x10,x11	 x10:0x0000fffe x11:0x0000ffff x12=0x0000fffe
          41214	     20603	00002b54	78c2a623	sw	x12,1932(x5)	  x5:0x00005054 x12:0x0000fffe PA:0x000057e0 store:0x0000fffe load:0xffe50513
          41216	     20604	00002b58	00010537	lui	x10,0x10	 x10=0x00010000
          41218	     20605	00002b5c	ffe50513	addi	x10,x10,-2	 x10:0x00010000 x10=0x0000fffe
          41220	     20606	00002b60	00200593	addi	x11,x0,2	  x0:0x00000000 x11=0x00000002
          41294	     20643	00002b64	02b57633	remu	x12,x10,x11	 x10:0x0000fffe x11:0x00000002 x12=0x00000000
          41298	     20645	00002b68	78c2a823	sw	x12,1936(x5)	  x5:0x00005054 x12:0x00000000 PA:0x000057e4 store:0x00000000 load:0xffe50513
          41300	     20646	00002b6c	00010537	lui	x10,0x10	 x10=0x00010000
          41302	     20647	00002b70	ffe50513	addi	x10,x10,-2	 x10:0x00010000 x10=0x0000fffe
          41304	     20648	00002b74	555555b7	lui	x11,0x55555	 x11=0x55555000
          41306	     20649	00002b78	55458593	addi	x11,x11,1364	 x11:0x55555000 x11=0x55555554
          41380	     20686	00002b7c	02b57633	remu	x12,x10,x11	 x10:0x0000fffe x11:0x55555554 x12=0x0000fffe
          41384	     20688	00002b80	78c2aa23	sw	x12,1940(x5)	  x5:0x00005054 x12:0x0000fffe PA:0x000057e8 store:0x0000fffe load:0xffe50513
          41386	     20689	00002b84	00010537	lui	x10,0x10	 x10=0x00010000
          41388	     20690	00002b88	ffe50513	addi	x10,x10,-2	 x10:0x00010000 x10=0x0000fffe
          41390	     20691	00002b8c	aaaab5b7	lui	x11,0xaaaab	 x11=0xaaaab000
          41392	     20692	00002b90	aa958593	addi	x11,x11,-1367	 x11:0xaaaab000 x11=0xaaaaaaa9
          41466	     20729	00002b94	02b57633	remu	x12,x10,x11	 x10:0x0000fffe x11:0xaaaaaaa9 x12=0x0000fffe
          41470	     20731	00002b98	78c2ac23	sw	x12,1944(x5)	  x5:0x00005054 x12:0x0000fffe PA:0x000057ec store:0x0000fffe load:0xffe50513
          41472	     20732	00002b9c	00010537	lui	x10,0x10	 x10=0x00010000
          41474	     20733	00002ba0	ffe50513	addi	x10,x10,-2	 x10:0x00010000 x10=0x0000fffe
          41476	     20734	00002ba4	00400593	addi	x11,x0,4	  x0:0x00000000 x11=0x00000004
          41550	     20771	00002ba8	02b57633	remu	x12,x10,x11	 x10:0x0000fffe x11:0x00000004 x12=0x00000002
          41554	     20773	00002bac	78c2ae23	sw	x12,1948(x5)	  x5:0x00005054 x12:0x00000002 PA:0x000057f0 store:0x00000002 load:0xffe50513
          41556	     20774	00002bb0	00010537	lui	x10,0x10	 x10=0x00010000
          41558	     20775	00002bb4	ffe50513	addi	x10,x10,-2	 x10:0x00010000 x10=0x0000fffe
          41560	     20776	00002bb8	333335b7	lui	x11,0x33333	 x11=0x33333000
          41562	     20777	00002bbc	33258593	addi	x11,x11,818	 x11:0x33333000 x11=0x33333332
          41636	     20814	00002bc0	02b57633	remu	x12,x10,x11	 x10:0x0000fffe x11:0x33333332 x12=0x0000fffe
          41640	     20816	00002bc4	7ac2a023	sw	x12,1952(x5)	  x5:0x00005054 x12:0x0000fffe PA:0x000057f4 store:0x0000fffe load:0xffe50513
          41642	     20817	00002bc8	00010537	lui	x10,0x10	 x10=0x00010000
          41644	     20818	00002bcc	ffe50513	addi	x10,x10,-2	 x10:0x00010000 x10=0x0000fffe
          41646	     20819	00002bd0	666665b7	lui	x11,0x66666	 x11=0x66666000
          41648	     20820	00002bd4	66558593	addi	x11,x11,1637	 x11:0x66666000 x11=0x66666665
          41722	     20857	00002bd8	02b57633	remu	x12,x10,x11	 x10:0x0000fffe x11:0x66666665 x12=0x0000fffe
          41726	     20859	00002bdc	7ac2a223	sw	x12,1956(x5)	  x5:0x00005054 x12:0x0000fffe PA:0x000057f8 store:0x0000fffe load:0xffe50513
          41728	     20860	00002be0	00010537	lui	x10,0x10	 x10=0x00010000
          41730	     20861	00002be4	ffe50513	addi	x10,x10,-2	 x10:0x00010000 x10=0x0000fffe
          41732	     20862	00002be8	0000b5b7	lui	x11,0xb	 x11=0x0000b000
          41734	     20863	00002bec	50358593	addi	x11,x11,1283	 x11:0x0000b000 x11=0x0000b503
          41808	     20900	00002bf0	02b57633	remu	x12,x10,x11	 x10:0x0000fffe x11:0x0000b503 x12=0x00004afb
          41812	     20902	00002bf4	7ac2a423	sw	x12,1960(x5)	  x5:0x00005054 x12:0x00004afb PA:0x000057fc store:0x00004afb load:0xffe50513
          41814	     20903	00002bf8	00010537	lui	x10,0x10	 x10=0x00010000
          41816	     20904	00002bfc	ffe50513	addi	x10,x10,-2	 x10:0x00010000 x10=0x0000fffe
          41818	     20905	00002c00	000105b7	lui	x11,0x10	 x11=0x00010000
          41820	     20906	00002c04	ffe58593	addi	x11,x11,-2	 x11:0x00010000 x11=0x0000fffe
          41894	     20943	00002c08	02b57633	remu	x12,x10,x11	 x10:0x0000fffe x11:0x0000fffe x12=0x00000000
          41898	     20945	00002c0c	7ac2a623	sw	x12,1964(x5)	  x5:0x00005054 x12:0x00000000 PA:0x00005800 store:0x00000000 load:0xffe50513
          41900	     20946	00002c10	00010537	lui	x10,0x10	 x10=0x00010000
          41902	     20947	00002c14	ffe50513	addi	x10,x10,-2	 x10:0x00010000 x10=0x0000fffe
          41904	     20948	00002c18	555555b7	lui	x11,0x55555	 x11=0x55555000
          41906	     20949	00002c1c	55658593	addi	x11,x11,1366	 x11:0x55555000 x11=0x55555556
          41980	     20986	00002c20	02b57633	remu	x12,x10,x11	 x10:0x0000fffe x11:0x55555556 x12=0x0000fffe
          41984	     20988	00002c24	7ac2a823	sw	x12,1968(x5)	  x5:0x00005054 x12:0x0000fffe PA:0x00005804 store:0x0000fffe load:0xffe50513
          41986	     20989	00002c28	00010537	lui	x10,0x10	 x10=0x00010000
          41988	     20990	00002c2c	ffe50513	addi	x10,x10,-2	 x10:0x00010000 x10=0x0000fffe
          41990	     20991	00002c30	aaaab5b7	lui	x11,0xaaaab	 x11=0xaaaab000
          41992	     20992	00002c34	aab58593	addi	x11,x11,-1365	 x11:0xaaaab000 x11=0xaaaaaaab
          42066	     21029	00002c38	02b57633	remu	x12,x10,x11	 x10:0x0000fffe x11:0xaaaaaaab x12=0x0000fffe
          42070	     21031	00002c3c	7ac2aa23	sw	x12,1972(x5)	  x5:0x00005054 x12:0x0000fffe PA:0x00005808 store:0x0000fffe load:0xffe50513
          42072	     21032	00002c40	00010537	lui	x10,0x10	 x10=0x00010000
          42074	     21033	00002c44	ffe50513	addi	x10,x10,-2	 x10:0x00010000 x10=0x0000fffe
          42076	     21034	00002c48	00600593	addi	x11,x0,6	  x0:0x00000000 x11=0x00000006
          42150	     21071	00002c4c	02b57633	remu	x12,x10,x11	 x10:0x0000fffe x11:0x00000006 x12=0x00000002
          42154	     21073	00002c50	7ac2ac23	sw	x12,1976(x5)	  x5:0x00005054 x12:0x00000002 PA:0x0000580c store:0x00000002 load:0xffe50513
          42156	     21074	00002c54	00010537	lui	x10,0x10	 x10=0x00010000
          42158	     21075	00002c58	ffe50513	addi	x10,x10,-2	 x10:0x00010000 x10=0x0000fffe
          42160	     21076	00002c5c	333335b7	lui	x11,0x33333	 x11=0x33333000
          42162	     21077	00002c60	33458593	addi	x11,x11,820	 x11:0x33333000 x11=0x33333334
          42236	     21114	00002c64	02b57633	remu	x12,x10,x11	 x10:0x0000fffe x11:0x33333334 x12=0x0000fffe
          42240	     21116	00002c68	7ac2ae23	sw	x12,1980(x5)	  x5:0x00005054 x12:0x0000fffe PA:0x00005810 store:0x0000fffe load:0xffe50513
          42242	     21117	00002c6c	00010537	lui	x10,0x10	 x10=0x00010000
          42244	     21118	00002c70	ffe50513	addi	x10,x10,-2	 x10:0x00010000 x10=0x0000fffe
          42246	     21119	00002c74	666665b7	lui	x11,0x66666	 x11=0x66666000
          42248	     21120	00002c78	66758593	addi	x11,x11,1639	 x11:0x66666000 x11=0x66666667
          42322	     21157	00002c7c	02b57633	remu	x12,x10,x11	 x10:0x0000fffe x11:0x66666667 x12=0x0000fffe
          42326	     21159	00002c80	7cc2a023	sw	x12,1984(x5)	  x5:0x00005054 x12:0x0000fffe PA:0x00005814 store:0x0000fffe load:0xffe50513
          42328	     21160	00002c84	00010537	lui	x10,0x10	 x10=0x00010000
          42330	     21161	00002c88	ffe50513	addi	x10,x10,-2	 x10:0x00010000 x10=0x0000fffe
          42332	     21162	00002c8c	0000b5b7	lui	x11,0xb	 x11=0x0000b000
          42334	     21163	00002c90	50558593	addi	x11,x11,1285	 x11:0x0000b000 x11=0x0000b505
          42408	     21200	00002c94	02b57633	remu	x12,x10,x11	 x10:0x0000fffe x11:0x0000b505 x12=0x00004af9
          42412	     21202	00002c98	7cc2a223	sw	x12,1988(x5)	  x5:0x00005054 x12:0x00004af9 PA:0x00005818 store:0x00004af9 load:0xffe50513
          42414	     21203	00002c9c	00010537	lui	x10,0x10	 x10=0x00010000
          42416	     21204	00002ca0	ffe50513	addi	x10,x10,-2	 x10:0x00010000 x10=0x0000fffe
          42418	     21205	00002ca4	00100593	addi	x11,x0,1	  x0:0x00000000 x11=0x00000001
          42492	     21242	00002ca8	02b57633	remu	x12,x10,x11	 x10:0x0000fffe x11:0x00000001 x12=0x00000000
          42496	     21244	00002cac	7cc2a423	sw	x12,1992(x5)	  x5:0x00005054 x12:0x00000000 PA:0x0000581c store:0x00000000 load:0xffe50513
          42498	     21245	00002cb0	00010537	lui	x10,0x10	 x10=0x00010000
          42500	     21246	00002cb4	ffe50513	addi	x10,x10,-2	 x10:0x00010000 x10=0x0000fffe
          42502	     21247	00002cb8	000105b7	lui	x11,0x10	 x11=0x00010000
          42576	     21284	00002cbc	02b57633	remu	x12,x10,x11	 x10:0x0000fffe x11:0x00010000 x12=0x0000fffe
          42580	     21286	00002cc0	7cc2a623	sw	x12,1996(x5)	  x5:0x00005054 x12:0x0000fffe PA:0x00005820 store:0x0000fffe load:0x55650513
          42582	     21287	00002cc4	55555537	lui	x10,0x55555	 x10=0x55555000
          42584	     21288	00002cc8	55650513	addi	x10,x10,1366	 x10:0x55555000 x10=0x55555556
          42586	     21289	00002ccc	00300593	addi	x11,x0,3	  x0:0x00000000 x11=0x00000003
          42660	     21326	00002cd0	02b57633	remu	x12,x10,x11	 x10:0x55555556 x11:0x00000003 x12=0x00000002
          42664	     21328	00002cd4	7cc2a823	sw	x12,2000(x5)	  x5:0x00005054 x12:0x00000002 PA:0x00005824 store:0x00000002 load:0x55650513
          42666	     21329	00002cd8	55555537	lui	x10,0x55555	 x10=0x55555000
          42668	     21330	00002cdc	55650513	addi	x10,x10,1366	 x10:0x55555000 x10=0x55555556
          42670	     21331	00002ce0	555555b7	lui	x11,0x55555	 x11=0x55555000
          42672	     21332	00002ce4	55558593	addi	x11,x11,1365	 x11:0x55555000 x11=0x55555555
          42746	     21369	00002ce8	02b57633	remu	x12,x10,x11	 x10:0x55555556 x11:0x55555555 x12=0x00000001
          42750	     21371	00002cec	7cc2aa23	sw	x12,2004(x5)	  x5:0x00005054 x12:0x00000001 PA:0x00005828 store:0x00000001 load:0x55650513
          42752	     21372	00002cf0	55555537	lui	x10,0x55555	 x10=0x55555000
          42754	     21373	00002cf4	55650513	addi	x10,x10,1366	 x10:0x55555000 x10=0x55555556
          42756	     21374	00002cf8	aaaab5b7	lui	x11,0xaaaab	 x11=0xaaaab000
          42758	     21375	00002cfc	aaa58593	addi	x11,x11,-1366	 x11:0xaaaab000 x11=0xaaaaaaaa
          42832	     21412	00002d00	02b57633	remu	x12,x10,x11	 x10:0x55555556 x11:0xaaaaaaaa x12=0x55555556
          42836	     21414	00002d04	7cc2ac23	sw	x12,2008(x5)	  x5:0x00005054 x12:0x55555556 PA:0x0000582c store:0x55555556 load:0x55650513
          42838	     21415	00002d08	55555537	lui	x10,0x55555	 x10=0x55555000
          42840	     21416	00002d0c	55650513	addi	x10,x10,1366	 x10:0x55555000 x10=0x55555556
          42842	     21417	00002d10	00500593	addi	x11,x0,5	  x0:0x00000000 x11=0x00000005
          42916	     21454	00002d14	02b57633	remu	x12,x10,x11	 x10:0x55555556 x11:0x00000005 x12=0x00000001
          42920	     21456	00002d18	7cc2ae23	sw	x12,2012(x5)	  x5:0x00005054 x12:0x00000001 PA:0x00005830 store:0x00000001 load:0x55650513
          42922	     21457	00002d1c	55555537	lui	x10,0x55555	 x10=0x55555000
          42924	     21458	00002d20	55650513	addi	x10,x10,1366	 x10:0x55555000 x10=0x55555556
          42926	     21459	00002d24	333335b7	lui	x11,0x33333	 x11=0x33333000
          42928	     21460	00002d28	33358593	addi	x11,x11,819	 x11:0x33333000 x11=0x33333333
          43002	     21497	00002d2c	02b57633	remu	x12,x10,x11	 x10:0x55555556 x11:0x33333333 x12=0x22222223
          43006	     21499	00002d30	7ec2a023	sw	x12,2016(x5)	  x5:0x00005054 x12:0x22222223 PA:0x00005834 store:0x22222223 load:0x55650513
          43008	     21500	00002d34	55555537	lui	x10,0x55555	 x10=0x55555000
          43010	     21501	00002d38	55650513	addi	x10,x10,1366	 x10:0x55555000 x10=0x55555556
          43012	     21502	00002d3c	666665b7	lui	x11,0x66666	 x11=0x66666000
          43014	     21503	00002d40	66658593	addi	x11,x11,1638	 x11:0x66666000 x11=0x66666666
          43088	     21540	00002d44	02b57633	remu	x12,x10,x11	 x10:0x55555556 x11:0x66666666 x12=0x55555556
          43092	     21542	00002d48	7ec2a223	sw	x12,2020(x5)	  x5:0x00005054 x12:0x55555556 PA:0x00005838 store:0x55555556 load:0x55650513
          43094	     21543	00002d4c	55555537	lui	x10,0x55555	 x10=0x55555000
          43096	     21544	00002d50	55650513	addi	x10,x10,1366	 x10:0x55555000 x10=0x55555556
          43098	     21545	00002d54	0000b5b7	lui	x11,0xb	 x11=0x0000b000
          43100	     21546	00002d58	50458593	addi	x11,x11,1284	 x11:0x0000b000 x11=0x0000b504
          43174	     21583	00002d5c	02b57633	remu	x12,x10,x11	 x10:0x55555556 x11:0x0000b504 x12=0x00006c9e
          43178	     21585	00002d60	7ec2a423	sw	x12,2024(x5)	  x5:0x00005054 x12:0x00006c9e PA:0x0000583c store:0x00006c9e load:0x55650513
          43180	     21586	00002d64	55555537	lui	x10,0x55555	 x10=0x55555000
          43182	     21587	00002d68	55650513	addi	x10,x10,1366	 x10:0x55555000 x10=0x55555556
          43184	     21588	00002d6c	00000593	addi	x11,x0,0	  x0:0x00000000 x11=0x00000000
          43188	     21590	00002d70	02b57633	remu	x12,x10,x11	 x10:0x55555556 x11:0x00000000 x12=0x55555556
          43192	     21592	00002d74	7ec2a623	sw	x12,2028(x5)	  x5:0x00005054 x12:0x55555556 PA:0x00005840 store:0x55555556 load:0x55650513
          43194	     21593	00002d78	55555537	lui	x10,0x55555	 x10=0x55555000
          43196	     21594	00002d7c	55650513	addi	x10,x10,1366	 x10:0x55555000 x10=0x55555556
          43198	     21595	00002d80	000105b7	lui	x11,0x10	 x11=0x00010000
          43200	     21596	00002d84	fff58593	addi	x11,x11,-1	 x11:0x00010000 x11=0x0000ffff
          43274	     21633	00002d88	02b57633	remu	x12,x10,x11	 x10:0x55555556 x11:0x0000ffff x12=0x0000aaab
          43278	     21635	00002d8c	7ec2a823	sw	x12,2032(x5)	  x5:0x00005054 x12:0x0000aaab PA:0x00005844 store:0x0000aaab load:0x55650513
          43280	     21636	00002d90	55555537	lui	x10,0x55555	 x10=0x55555000
          43282	     21637	00002d94	55650513	addi	x10,x10,1366	 x10:0x55555000 x10=0x55555556
          43284	     21638	00002d98	00200593	addi	x11,x0,2	  x0:0x00000000 x11=0x00000002
          43358	     21675	00002d9c	02b57633	remu	x12,x10,x11	 x10:0x55555556 x11:0x00000002 x12=0x00000000
          43362	     21677	00002da0	7ec2aa23	sw	x12,2036(x5)	  x5:0x00005054 x12:0x00000000 PA:0x00005848 store:0x00000000 load:0x55650513
          43364	     21678	00002da4	55555537	lui	x10,0x55555	 x10=0x55555000
          43366	     21679	00002da8	55650513	addi	x10,x10,1366	 x10:0x55555000 x10=0x55555556
          43368	     21680	00002dac	555555b7	lui	x11,0x55555	 x11=0x55555000
          43370	     21681	00002db0	55458593	addi	x11,x11,1364	 x11:0x55555000 x11=0x55555554
          43444	     21718	00002db4	02b57633	remu	x12,x10,x11	 x10:0x55555556 x11:0x55555554 x12=0x00000002
          43448	     21720	00002db8	7ec2ac23	sw	x12,2040(x5)	  x5:0x00005054 x12:0x00000002 PA:0x0000584c store:0x00000002 load:0x55650513
          43450	     21721	00002dbc	55555537	lui	x10,0x55555	 x10=0x55555000
          43452	     21722	00002dc0	55650513	addi	x10,x10,1366	 x10:0x55555000 x10=0x55555556
          43454	     21723	00002dc4	aaaab5b7	lui	x11,0xaaaab	 x11=0xaaaab000
          43456	     21724	00002dc8	aa958593	addi	x11,x11,-1367	 x11:0xaaaab000 x11=0xaaaaaaa9
          43530	     21761	00002dcc	02b57633	remu	x12,x10,x11	 x10:0x55555556 x11:0xaaaaaaa9 x12=0x55555556
          43534	     21763	00002dd0	7ec2ae23	sw	x12,2044(x5)	  x5:0x00005054 x12:0x55555556 PA:0x00005850 store:0x55555556 load:0xa8028293
          43536	     21764	00002dd4	00003297	auipc	x5,0x3	  x5=0x00005dd4
          43538	     21765	00002dd8	a8028293	addi	x5,x5,-1408	  x5:0x00005dd4  x5=0x00005854
          43540	     21766	00002ddc	55555537	lui	x10,0x55555	 x10=0x55555000
          43542	     21767	00002de0	55650513	addi	x10,x10,1366	 x10:0x55555000 x10=0x55555556
          43544	     21768	00002de4	00400593	addi	x11,x0,4	  x0:0x00000000 x11=0x00000004
          43618	     21805	00002de8	02b57633	remu	x12,x10,x11	 x10:0x55555556 x11:0x00000004 x12=0x00000002
          43622	     21807	00002dec	00c2a023	sw	x12,0(x5)	  x5:0x00005854 x12:0x00000002 PA:0x00005854 store:0x00000002 load:0x55650513
          43624	     21808	00002df0	55555537	lui	x10,0x55555	 x10=0x55555000
          43626	     21809	00002df4	55650513	addi	x10,x10,1366	 x10:0x55555000 x10=0x55555556
          43628	     21810	00002df8	333335b7	lui	x11,0x33333	 x11=0x33333000
          43630	     21811	00002dfc	33258593	addi	x11,x11,818	 x11:0x33333000 x11=0x33333332
          43704	     21848	00002e00	02b57633	remu	x12,x10,x11	 x10:0x55555556 x11:0x33333332 x12=0x22222224
          43708	     21850	00002e04	00c2a223	sw	x12,4(x5)	  x5:0x00005854 x12:0x22222224 PA:0x00005858 store:0x22222224 load:0x55650513
          43710	     21851	00002e08	55555537	lui	x10,0x55555	 x10=0x55555000
          43712	     21852	00002e0c	55650513	addi	x10,x10,1366	 x10:0x55555000 x10=0x55555556
          43714	     21853	00002e10	666665b7	lui	x11,0x66666	 x11=0x66666000
          43716	     21854	00002e14	66558593	addi	x11,x11,1637	 x11:0x66666000 x11=0x66666665
          43790	     21891	00002e18	02b57633	remu	x12,x10,x11	 x10:0x55555556 x11:0x66666665 x12=0x55555556
          43794	     21893	00002e1c	00c2a423	sw	x12,8(x5)	  x5:0x00005854 x12:0x55555556 PA:0x0000585c store:0x55555556 load:0x55650513
          43796	     21894	00002e20	55555537	lui	x10,0x55555	 x10=0x55555000
          43798	     21895	00002e24	55650513	addi	x10,x10,1366	 x10:0x55555000 x10=0x55555556
          43800	     21896	00002e28	0000b5b7	lui	x11,0xb	 x11=0x0000b000
          43802	     21897	00002e2c	50358593	addi	x11,x11,1283	 x11:0x0000b000 x11=0x0000b503
          43876	     21934	00002e30	02b57633	remu	x12,x10,x11	 x10:0x55555556 x11:0x0000b503 x12=0x00003049
          43880	     21936	00002e34	00c2a623	sw	x12,12(x5)	  x5:0x00005854 x12:0x00003049 PA:0x00005860 store:0x00003049 load:0x55650513
          43882	     21937	00002e38	55555537	lui	x10,0x55555	 x10=0x55555000
          43884	     21938	00002e3c	55650513	addi	x10,x10,1366	 x10:0x55555000 x10=0x55555556
          43886	     21939	00002e40	000105b7	lui	x11,0x10	 x11=0x00010000
          43888	     21940	00002e44	ffe58593	addi	x11,x11,-2	 x11:0x00010000 x11=0x0000fffe
          43962	     21977	00002e48	02b57633	remu	x12,x10,x11	 x10:0x55555556 x11:0x0000fffe x12=0x00000002
          43966	     21979	00002e4c	00c2a823	sw	x12,16(x5)	  x5:0x00005854 x12:0x00000002 PA:0x00005864 store:0x00000002 load:0x55650513
          43968	     21980	00002e50	55555537	lui	x10,0x55555	 x10=0x55555000
          43970	     21981	00002e54	55650513	addi	x10,x10,1366	 x10:0x55555000 x10=0x55555556
          43972	     21982	00002e58	555555b7	lui	x11,0x55555	 x11=0x55555000
          43974	     21983	00002e5c	55658593	addi	x11,x11,1366	 x11:0x55555000 x11=0x55555556
          44048	     22020	00002e60	02b57633	remu	x12,x10,x11	 x10:0x55555556 x11:0x55555556 x12=0x00000000
          44052	     22022	00002e64	00c2aa23	sw	x12,20(x5)	  x5:0x00005854 x12:0x00000000 PA:0x00005868 store:0x00000000 load:0x55650513
          44054	     22023	00002e68	55555537	lui	x10,0x55555	 x10=0x55555000
          44056	     22024	00002e6c	55650513	addi	x10,x10,1366	 x10:0x55555000 x10=0x55555556
          44058	     22025	00002e70	aaaab5b7	lui	x11,0xaaaab	 x11=0xaaaab000
          44060	     22026	00002e74	aab58593	addi	x11,x11,-1365	 x11:0xaaaab000 x11=0xaaaaaaab
          44134	     22063	00002e78	02b57633	remu	x12,x10,x11	 x10:0x55555556 x11:0xaaaaaaab x12=0x55555556
          44138	     22065	00002e7c	00c2ac23	sw	x12,24(x5)	  x5:0x00005854 x12:0x55555556 PA:0x0000586c store:0x55555556 load:0x55650513
          44140	     22066	00002e80	55555537	lui	x10,0x55555	 x10=0x55555000
          44142	     22067	00002e84	55650513	addi	x10,x10,1366	 x10:0x55555000 x10=0x55555556
          44144	     22068	00002e88	00600593	addi	x11,x0,6	  x0:0x00000000 x11=0x00000006
          44218	     22105	00002e8c	02b57633	remu	x12,x10,x11	 x10:0x55555556 x11:0x00000006 x12=0x00000002
          44222	     22107	00002e90	00c2ae23	sw	x12,28(x5)	  x5:0x00005854 x12:0x00000002 PA:0x00005870 store:0x00000002 load:0x55650513
          44224	     22108	00002e94	55555537	lui	x10,0x55555	 x10=0x55555000
          44226	     22109	00002e98	55650513	addi	x10,x10,1366	 x10:0x55555000 x10=0x55555556
          44228	     22110	00002e9c	333335b7	lui	x11,0x33333	 x11=0x33333000
          44230	     22111	00002ea0	33458593	addi	x11,x11,820	 x11:0x33333000 x11=0x33333334
          44304	     22148	00002ea4	02b57633	remu	x12,x10,x11	 x10:0x55555556 x11:0x33333334 x12=0x22222222
          44308	     22150	00002ea8	02c2a023	sw	x12,32(x5)	  x5:0x00005854 x12:0x22222222 PA:0x00005874 store:0x22222222 load:0x55650513
          44310	     22151	00002eac	55555537	lui	x10,0x55555	 x10=0x55555000
          44312	     22152	00002eb0	55650513	addi	x10,x10,1366	 x10:0x55555000 x10=0x55555556
          44314	     22153	00002eb4	666665b7	lui	x11,0x66666	 x11=0x66666000
          44316	     22154	00002eb8	66758593	addi	x11,x11,1639	 x11:0x66666000 x11=0x66666667
          44390	     22191	00002ebc	02b57633	remu	x12,x10,x11	 x10:0x55555556 x11:0x66666667 x12=0x55555556
          44394	     22193	00002ec0	02c2a223	sw	x12,36(x5)	  x5:0x00005854 x12:0x55555556 PA:0x00005878 store:0x55555556 load:0x55650513
          44396	     22194	00002ec4	55555537	lui	x10,0x55555	 x10=0x55555000
          44398	     22195	00002ec8	55650513	addi	x10,x10,1366	 x10:0x55555000 x10=0x55555556
          44400	     22196	00002ecc	0000b5b7	lui	x11,0xb	 x11=0x0000b000
          44402	     22197	00002ed0	50558593	addi	x11,x11,1285	 x11:0x0000b000 x11=0x0000b505
          44476	     22234	00002ed4	02b57633	remu	x12,x10,x11	 x10:0x55555556 x11:0x0000b505 x12=0x0000a8f5
          44480	     22236	00002ed8	02c2a423	sw	x12,40(x5)	  x5:0x00005854 x12:0x0000a8f5 PA:0x0000587c store:0x0000a8f5 load:0x55650513
          44482	     22237	00002edc	55555537	lui	x10,0x55555	 x10=0x55555000
          44484	     22238	00002ee0	55650513	addi	x10,x10,1366	 x10:0x55555000 x10=0x55555556
          44486	     22239	00002ee4	00100593	addi	x11,x0,1	  x0:0x00000000 x11=0x00000001
          44560	     22276	00002ee8	02b57633	remu	x12,x10,x11	 x10:0x55555556 x11:0x00000001 x12=0x00000000
          44564	     22278	00002eec	02c2a623	sw	x12,44(x5)	  x5:0x00005854 x12:0x00000000 PA:0x00005880 store:0x00000000 load:0x55650513
          44566	     22279	00002ef0	55555537	lui	x10,0x55555	 x10=0x55555000
          44568	     22280	00002ef4	55650513	addi	x10,x10,1366	 x10:0x55555000 x10=0x55555556
          44570	     22281	00002ef8	000105b7	lui	x11,0x10	 x11=0x00010000
          44644	     22318	00002efc	02b57633	remu	x12,x10,x11	 x10:0x55555556 x11:0x00010000 x12=0x00005556
          44648	     22320	00002f00	02c2a823	sw	x12,48(x5)	  x5:0x00005854 x12:0x00005556 PA:0x00005884 store:0x00005556 load:0xaab50513
          44650	     22321	00002f04	aaaab537	lui	x10,0xaaaab	 x10=0xaaaab000
          44652	     22322	00002f08	aab50513	addi	x10,x10,-1365	 x10:0xaaaab000 x10=0xaaaaaaab
          44654	     22323	00002f0c	00300593	addi	x11,x0,3	  x0:0x00000000 x11=0x00000003
          44728	     22360	00002f10	02b57633	remu	x12,x10,x11	 x10:0xaaaaaaab x11:0x00000003 x12=0x00000000
          44732	     22362	00002f14	02c2aa23	sw	x12,52(x5)	  x5:0x00005854 x12:0x00000000 PA:0x00005888 store:0x00000000 load:0xaab50513
          44734	     22363	00002f18	aaaab537	lui	x10,0xaaaab	 x10=0xaaaab000
          44736	     22364	00002f1c	aab50513	addi	x10,x10,-1365	 x10:0xaaaab000 x10=0xaaaaaaab
          44738	     22365	00002f20	555555b7	lui	x11,0x55555	 x11=0x55555000
          44740	     22366	00002f24	55558593	addi	x11,x11,1365	 x11:0x55555000 x11=0x55555555
          44814	     22403	00002f28	02b57633	remu	x12,x10,x11	 x10:0xaaaaaaab x11:0x55555555 x12=0x00000001
          44818	     22405	00002f2c	02c2ac23	sw	x12,56(x5)	  x5:0x00005854 x12:0x00000001 PA:0x0000588c store:0x00000001 load:0xaab50513
          44820	     22406	00002f30	aaaab537	lui	x10,0xaaaab	 x10=0xaaaab000
          44822	     22407	00002f34	aab50513	addi	x10,x10,-1365	 x10:0xaaaab000 x10=0xaaaaaaab
          44824	     22408	00002f38	aaaab5b7	lui	x11,0xaaaab	 x11=0xaaaab000
          44826	     22409	00002f3c	aaa58593	addi	x11,x11,-1366	 x11:0xaaaab000 x11=0xaaaaaaaa
          44900	     22446	00002f40	02b57633	remu	x12,x10,x11	 x10:0xaaaaaaab x11:0xaaaaaaaa x12=0x00000001
          44904	     22448	00002f44	02c2ae23	sw	x12,60(x5)	  x5:0x00005854 x12:0x00000001 PA:0x00005890 store:0x00000001 load:0xaab50513
          44906	     22449	00002f48	aaaab537	lui	x10,0xaaaab	 x10=0xaaaab000
          44908	     22450	00002f4c	aab50513	addi	x10,x10,-1365	 x10:0xaaaab000 x10=0xaaaaaaab
          44910	     22451	00002f50	00500593	addi	x11,x0,5	  x0:0x00000000 x11=0x00000005
          44984	     22488	00002f54	02b57633	remu	x12,x10,x11	 x10:0xaaaaaaab x11:0x00000005 x12=0x00000001
          44988	     22490	00002f58	04c2a023	sw	x12,64(x5)	  x5:0x00005854 x12:0x00000001 PA:0x00005894 store:0x00000001 load:0xaab50513
          44990	     22491	00002f5c	aaaab537	lui	x10,0xaaaab	 x10=0xaaaab000
          44992	     22492	00002f60	aab50513	addi	x10,x10,-1365	 x10:0xaaaab000 x10=0xaaaaaaab
          44994	     22493	00002f64	333335b7	lui	x11,0x33333	 x11=0x33333000
          44996	     22494	00002f68	33358593	addi	x11,x11,819	 x11:0x33333000 x11=0x33333333
          45070	     22531	00002f6c	02b57633	remu	x12,x10,x11	 x10:0xaaaaaaab x11:0x33333333 x12=0x11111112
          45074	     22533	00002f70	04c2a223	sw	x12,68(x5)	  x5:0x00005854 x12:0x11111112 PA:0x00005898 store:0x11111112 load:0xaab50513
          45076	     22534	00002f74	aaaab537	lui	x10,0xaaaab	 x10=0xaaaab000
          45078	     22535	00002f78	aab50513	addi	x10,x10,-1365	 x10:0xaaaab000 x10=0xaaaaaaab
          45080	     22536	00002f7c	666665b7	lui	x11,0x66666	 x11=0x66666000
          45082	     22537	00002f80	66658593	addi	x11,x11,1638	 x11:0x66666000 x11=0x66666666
          45156	     22574	00002f84	02b57633	remu	x12,x10,x11	 x10:0xaaaaaaab x11:0x66666666 x12=0x44444445
          45160	     22576	00002f88	04c2a423	sw	x12,72(x5)	  x5:0x00005854 x12:0x44444445 PA:0x0000589c store:0x44444445 load:0xaab50513
          45162	     22577	00002f8c	aaaab537	lui	x10,0xaaaab	 x10=0xaaaab000
          45164	     22578	00002f90	aab50513	addi	x10,x10,-1365	 x10:0xaaaab000 x10=0xaaaaaaab
          45166	     22579	00002f94	0000b5b7	lui	x11,0xb	 x11=0x0000b000
          45168	     22580	00002f98	50458593	addi	x11,x11,1284	 x11:0x0000b000 x11=0x0000b504
          45242	     22617	00002f9c	02b57633	remu	x12,x10,x11	 x10:0xaaaaaaab x11:0x0000b504 x12=0x00002437
          45246	     22619	00002fa0	04c2a623	sw	x12,76(x5)	  x5:0x00005854 x12:0x00002437 PA:0x000058a0 store:0x00002437 load:0xaab50513
          45248	     22620	00002fa4	aaaab537	lui	x10,0xaaaab	 x10=0xaaaab000
          45250	     22621	00002fa8	aab50513	addi	x10,x10,-1365	 x10:0xaaaab000 x10=0xaaaaaaab
          45252	     22622	00002fac	00000593	addi	x11,x0,0	  x0:0x00000000 x11=0x00000000
          45256	     22624	00002fb0	02b57633	remu	x12,x10,x11	 x10:0xaaaaaaab x11:0x00000000 x12=0xaaaaaaab
          45260	     22626	00002fb4	04c2a823	sw	x12,80(x5)	  x5:0x00005854 x12:0xaaaaaaab PA:0x000058a4 store:0xaaaaaaab load:0xaab50513
          45262	     22627	00002fb8	aaaab537	lui	x10,0xaaaab	 x10=0xaaaab000
          45264	     22628	00002fbc	aab50513	addi	x10,x10,-1365	 x10:0xaaaab000 x10=0xaaaaaaab
          45266	     22629	00002fc0	000105b7	lui	x11,0x10	 x11=0x00010000
          45268	     22630	00002fc4	fff58593	addi	x11,x11,-1	 x11:0x00010000 x11=0x0000ffff
          45342	     22667	00002fc8	02b57633	remu	x12,x10,x11	 x10:0xaaaaaaab x11:0x0000ffff x12=0x00005556
          45346	     22669	00002fcc	04c2aa23	sw	x12,84(x5)	  x5:0x00005854 x12:0x00005556 PA:0x000058a8 store:0x00005556 load:0xaab50513
          45348	     22670	00002fd0	aaaab537	lui	x10,0xaaaab	 x10=0xaaaab000
          45350	     22671	00002fd4	aab50513	addi	x10,x10,-1365	 x10:0xaaaab000 x10=0xaaaaaaab
          45352	     22672	00002fd8	00200593	addi	x11,x0,2	  x0:0x00000000 x11=0x00000002
          45426	     22709	00002fdc	02b57633	remu	x12,x10,x11	 x10:0xaaaaaaab x11:0x00000002 x12=0x00000001
          45430	     22711	00002fe0	04c2ac23	sw	x12,88(x5)	  x5:0x00005854 x12:0x00000001 PA:0x000058ac store:0x00000001 load:0xaab50513
          45432	     22712	00002fe4	aaaab537	lui	x10,0xaaaab	 x10=0xaaaab000
          45434	     22713	00002fe8	aab50513	addi	x10,x10,-1365	 x10:0xaaaab000 x10=0xaaaaaaab
          45436	     22714	00002fec	555555b7	lui	x11,0x55555	 x11=0x55555000
          45438	     22715	00002ff0	55458593	addi	x11,x11,1364	 x11:0x55555000 x11=0x55555554
          45512	     22752	00002ff4	02b57633	remu	x12,x10,x11	 x10:0xaaaaaaab x11:0x55555554 x12=0x00000003
          45516	     22754	00002ff8	04c2ae23	sw	x12,92(x5)	  x5:0x00005854 x12:0x00000003 PA:0x000058b0 store:0x00000003 load:0xaab50513
          45518	     22755	00002ffc	aaaab537	lui	x10,0xaaaab	 x10=0xaaaab000
          45520	     22756	00003000	aab50513	addi	x10,x10,-1365	 x10:0xaaaab000 x10=0xaaaaaaab
          45522	     22757	00003004	aaaab5b7	lui	x11,0xaaaab	 x11=0xaaaab000
          45524	     22758	00003008	aa958593	addi	x11,x11,-1367	 x11:0xaaaab000 x11=0xaaaaaaa9
          45598	     22795	0000300c	02b57633	remu	x12,x10,x11	 x10:0xaaaaaaab x11:0xaaaaaaa9 x12=0x00000002
          45602	     22797	00003010	06c2a023	sw	x12,96(x5)	  x5:0x00005854 x12:0x00000002 PA:0x000058b4 store:0x00000002 load:0xaab50513
          45604	     22798	00003014	aaaab537	lui	x10,0xaaaab	 x10=0xaaaab000
          45606	     22799	00003018	aab50513	addi	x10,x10,-1365	 x10:0xaaaab000 x10=0xaaaaaaab
          45608	     22800	0000301c	00400593	addi	x11,x0,4	  x0:0x00000000 x11=0x00000004
          45682	     22837	00003020	02b57633	remu	x12,x10,x11	 x10:0xaaaaaaab x11:0x00000004 x12=0x00000003
          45686	     22839	00003024	06c2a223	sw	x12,100(x5)	  x5:0x00005854 x12:0x00000003 PA:0x000058b8 store:0x00000003 load:0xaab50513
          45688	     22840	00003028	aaaab537	lui	x10,0xaaaab	 x10=0xaaaab000
          45690	     22841	0000302c	aab50513	addi	x10,x10,-1365	 x10:0xaaaab000 x10=0xaaaaaaab
          45692	     22842	00003030	333335b7	lui	x11,0x33333	 x11=0x33333000
          45694	     22843	00003034	33258593	addi	x11,x11,818	 x11:0x33333000 x11=0x33333332
          45768	     22880	00003038	02b57633	remu	x12,x10,x11	 x10:0xaaaaaaab x11:0x33333332 x12=0x11111115
          45772	     22882	0000303c	06c2a423	sw	x12,104(x5)	  x5:0x00005854 x12:0x11111115 PA:0x000058bc store:0x11111115 load:0xaab50513
          45774	     22883	00003040	aaaab537	lui	x10,0xaaaab	 x10=0xaaaab000
          45776	     22884	00003044	aab50513	addi	x10,x10,-1365	 x10:0xaaaab000 x10=0xaaaaaaab
          45778	     22885	00003048	666665b7	lui	x11,0x66666	 x11=0x66666000
          45780	     22886	0000304c	66558593	addi	x11,x11,1637	 x11:0x66666000 x11=0x66666665
          45854	     22923	00003050	02b57633	remu	x12,x10,x11	 x10:0xaaaaaaab x11:0x66666665 x12=0x44444446
          45858	     22925	00003054	06c2a623	sw	x12,108(x5)	  x5:0x00005854 x12:0x44444446 PA:0x000058c0 store:0x44444446 load:0xaab50513
          45860	     22926	00003058	aaaab537	lui	x10,0xaaaab	 x10=0xaaaab000
          45862	     22927	0000305c	aab50513	addi	x10,x10,-1365	 x10:0xaaaab000 x10=0xaaaaaaab
          45864	     22928	00003060	0000b5b7	lui	x11,0xb	 x11=0x0000b000
          45866	     22929	00003064	50358593	addi	x11,x11,1283	 x11:0x0000b000 x11=0x0000b503
          45940	     22966	00003068	02b57633	remu	x12,x10,x11	 x10:0xaaaaaaab x11:0x0000b503 x12=0x00006091
          45944	     22968	0000306c	06c2a823	sw	x12,112(x5)	  x5:0x00005854 x12:0x00006091 PA:0x000058c4 store:0x00006091 load:0xaab50513
          45946	     22969	00003070	aaaab537	lui	x10,0xaaaab	 x10=0xaaaab000
          45948	     22970	00003074	aab50513	addi	x10,x10,-1365	 x10:0xaaaab000 x10=0xaaaaaaab
          45950	     22971	00003078	000105b7	lui	x11,0x10	 x11=0x00010000
          45952	     22972	0000307c	ffe58593	addi	x11,x11,-2	 x11:0x00010000 x11=0x0000fffe
          46026	     23009	00003080	02b57633	remu	x12,x10,x11	 x10:0xaaaaaaab x11:0x0000fffe x12=0x00000003
          46030	     23011	00003084	06c2aa23	sw	x12,116(x5)	  x5:0x00005854 x12:0x00000003 PA:0x000058c8 store:0x00000003 load:0xaab50513
          46032	     23012	00003088	aaaab537	lui	x10,0xaaaab	 x10=0xaaaab000
          46034	     23013	0000308c	aab50513	addi	x10,x10,-1365	 x10:0xaaaab000 x10=0xaaaaaaab
          46036	     23014	00003090	555555b7	lui	x11,0x55555	 x11=0x55555000
          46038	     23015	00003094	55658593	addi	x11,x11,1366	 x11:0x55555000 x11=0x55555556
          46112	     23052	00003098	02b57633	remu	x12,x10,x11	 x10:0xaaaaaaab x11:0x55555556 x12=0x55555555
          46116	     23054	0000309c	06c2ac23	sw	x12,120(x5)	  x5:0x00005854 x12:0x55555555 PA:0x000058cc store:0x55555555 load:0xaab50513
          46118	     23055	000030a0	aaaab537	lui	x10,0xaaaab	 x10=0xaaaab000
          46120	     23056	000030a4	aab50513	addi	x10,x10,-1365	 x10:0xaaaab000 x10=0xaaaaaaab
          46122	     23057	000030a8	aaaab5b7	lui	x11,0xaaaab	 x11=0xaaaab000
          46124	     23058	000030ac	aab58593	addi	x11,x11,-1365	 x11:0xaaaab000 x11=0xaaaaaaab
          46198	     23095	000030b0	02b57633	remu	x12,x10,x11	 x10:0xaaaaaaab x11:0xaaaaaaab x12=0x00000000
          46202	     23097	000030b4	06c2ae23	sw	x12,124(x5)	  x5:0x00005854 x12:0x00000000 PA:0x000058d0 store:0x00000000 load:0xaab50513
          46204	     23098	000030b8	aaaab537	lui	x10,0xaaaab	 x10=0xaaaab000
          46206	     23099	000030bc	aab50513	addi	x10,x10,-1365	 x10:0xaaaab000 x10=0xaaaaaaab
          46208	     23100	000030c0	00600593	addi	x11,x0,6	  x0:0x00000000 x11=0x00000006
          46282	     23137	000030c4	02b57633	remu	x12,x10,x11	 x10:0xaaaaaaab x11:0x00000006 x12=0x00000003
          46286	     23139	000030c8	08c2a023	sw	x12,128(x5)	  x5:0x00005854 x12:0x00000003 PA:0x000058d4 store:0x00000003 load:0xaab50513
          46288	     23140	000030cc	aaaab537	lui	x10,0xaaaab	 x10=0xaaaab000
          46290	     23141	000030d0	aab50513	addi	x10,x10,-1365	 x10:0xaaaab000 x10=0xaaaaaaab
          46292	     23142	000030d4	333335b7	lui	x11,0x33333	 x11=0x33333000
          46294	     23143	000030d8	33458593	addi	x11,x11,820	 x11:0x33333000 x11=0x33333334
          46368	     23180	000030dc	02b57633	remu	x12,x10,x11	 x10:0xaaaaaaab x11:0x33333334 x12=0x1111110f
          46372	     23182	000030e0	08c2a223	sw	x12,132(x5)	  x5:0x00005854 x12:0x1111110f PA:0x000058d8 store:0x1111110f load:0xaab50513
          46374	     23183	000030e4	aaaab537	lui	x10,0xaaaab	 x10=0xaaaab000
          46376	     23184	000030e8	aab50513	addi	x10,x10,-1365	 x10:0xaaaab000 x10=0xaaaaaaab
          46378	     23185	000030ec	666665b7	lui	x11,0x66666	 x11=0x66666000
          46380	     23186	000030f0	66758593	addi	x11,x11,1639	 x11:0x66666000 x11=0x66666667
          46454	     23223	000030f4	02b57633	remu	x12,x10,x11	 x10:0xaaaaaaab x11:0x66666667 x12=0x44444444
          46458	     23225	000030f8	08c2a423	sw	x12,136(x5)	  x5:0x00005854 x12:0x44444444 PA:0x000058dc store:0x44444444 load:0xaab50513
          46460	     23226	000030fc	aaaab537	lui	x10,0xaaaab	 x10=0xaaaab000
          46462	     23227	00003100	aab50513	addi	x10,x10,-1365	 x10:0xaaaab000 x10=0xaaaaaaab
          46464	     23228	00003104	0000b5b7	lui	x11,0xb	 x11=0x0000b000
          46466	     23229	00003108	50558593	addi	x11,x11,1285	 x11:0x0000b000 x11=0x0000b505
          46540	     23266	0000310c	02b57633	remu	x12,x10,x11	 x10:0xaaaaaaab x11:0x0000b505 x12=0x00009ce4
          46544	     23268	00003110	08c2a623	sw	x12,140(x5)	  x5:0x00005854 x12:0x00009ce4 PA:0x000058e0 store:0x00009ce4 load:0xaab50513
          46546	     23269	00003114	aaaab537	lui	x10,0xaaaab	 x10=0xaaaab000
          46548	     23270	00003118	aab50513	addi	x10,x10,-1365	 x10:0xaaaab000 x10=0xaaaaaaab
          46550	     23271	0000311c	00100593	addi	x11,x0,1	  x0:0x00000000 x11=0x00000001
          46624	     23308	00003120	02b57633	remu	x12,x10,x11	 x10:0xaaaaaaab x11:0x00000001 x12=0x00000000
          46628	     23310	00003124	08c2a823	sw	x12,144(x5)	  x5:0x00005854 x12:0x00000000 PA:0x000058e4 store:0x00000000 load:0xaab50513
          46630	     23311	00003128	aaaab537	lui	x10,0xaaaab	 x10=0xaaaab000
          46632	     23312	0000312c	aab50513	addi	x10,x10,-1365	 x10:0xaaaab000 x10=0xaaaaaaab
          46634	     23313	00003130	000105b7	lui	x11,0x10	 x11=0x00010000
          46708	     23350	00003134	02b57633	remu	x12,x10,x11	 x10:0xaaaaaaab x11:0x00010000 x12=0x0000aaab
          46712	     23352	00003138	08c2aa23	sw	x12,148(x5)	  x5:0x00005854 x12:0x0000aaab PA:0x000058e8 store:0x0000aaab load:0x00300593
          46714	     23353	0000313c	00600513	addi	x10,x0,6	  x0:0x00000000 x10=0x00000006
          46716	     23354	00003140	00300593	addi	x11,x0,3	  x0:0x00000000 x11=0x00000003
          46790	     23391	00003144	02b57633	remu	x12,x10,x11	 x10:0x00000006 x11:0x00000003 x12=0x00000000
          46794	     23393	00003148	08c2ac23	sw	x12,152(x5)	  x5:0x00005854 x12:0x00000000 PA:0x000058ec store:0x00000000 load:0x555555b7
          46796	     23394	0000314c	00600513	addi	x10,x0,6	  x0:0x00000000 x10=0x00000006
          46798	     23395	00003150	555555b7	lui	x11,0x55555	 x11=0x55555000
          46800	     23396	00003154	55558593	addi	x11,x11,1365	 x11:0x55555000 x11=0x55555555
          46874	     23433	00003158	02b57633	remu	x12,x10,x11	 x10:0x00000006 x11:0x55555555 x12=0x00000006
          46878	     23435	0000315c	08c2ae23	sw	x12,156(x5)	  x5:0x00005854 x12:0x00000006 PA:0x000058f0 store:0x00000006 load:0xaaaab5b7
          46880	     23436	00003160	00600513	addi	x10,x0,6	  x0:0x00000000 x10=0x00000006
          46882	     23437	00003164	aaaab5b7	lui	x11,0xaaaab	 x11=0xaaaab000
          46884	     23438	00003168	aaa58593	addi	x11,x11,-1366	 x11:0xaaaab000 x11=0xaaaaaaaa
          46958	     23475	0000316c	02b57633	remu	x12,x10,x11	 x10:0x00000006 x11:0xaaaaaaaa x12=0x00000006
          46962	     23477	00003170	0ac2a023	sw	x12,160(x5)	  x5:0x00005854 x12:0x00000006 PA:0x000058f4 store:0x00000006 load:0x00500593
          46964	     23478	00003174	00600513	addi	x10,x0,6	  x0:0x00000000 x10=0x00000006
          46966	     23479	00003178	00500593	addi	x11,x0,5	  x0:0x00000000 x11=0x00000005
          47040	     23516	0000317c	02b57633	remu	x12,x10,x11	 x10:0x00000006 x11:0x00000005 x12=0x00000001
          47044	     23518	00003180	0ac2a223	sw	x12,164(x5)	  x5:0x00005854 x12:0x00000001 PA:0x000058f8 store:0x00000001 load:0x333335b7
          47046	     23519	00003184	00600513	addi	x10,x0,6	  x0:0x00000000 x10=0x00000006
          47048	     23520	00003188	333335b7	lui	x11,0x33333	 x11=0x33333000
          47050	     23521	0000318c	33358593	addi	x11,x11,819	 x11:0x33333000 x11=0x33333333
          47124	     23558	00003190	02b57633	remu	x12,x10,x11	 x10:0x00000006 x11:0x33333333 x12=0x00000006
          47128	     23560	00003194	0ac2a423	sw	x12,168(x5)	  x5:0x00005854 x12:0x00000006 PA:0x000058fc store:0x00000006 load:0x666665b7
          47130	     23561	00003198	00600513	addi	x10,x0,6	  x0:0x00000000 x10=0x00000006
          47132	     23562	0000319c	666665b7	lui	x11,0x66666	 x11=0x66666000
          47134	     23563	000031a0	66658593	addi	x11,x11,1638	 x11:0x66666000 x11=0x66666666
          47208	     23600	000031a4	02b57633	remu	x12,x10,x11	 x10:0x00000006 x11:0x66666666 x12=0x00000006
          47212	     23602	000031a8	0ac2a623	sw	x12,172(x5)	  x5:0x00005854 x12:0x00000006 PA:0x00005900 store:0x00000006 load:0x0000b5b7
          47214	     23603	000031ac	00600513	addi	x10,x0,6	  x0:0x00000000 x10=0x00000006
          47216	     23604	000031b0	0000b5b7	lui	x11,0xb	 x11=0x0000b000
          47218	     23605	000031b4	50458593	addi	x11,x11,1284	 x11:0x0000b000 x11=0x0000b504
          47292	     23642	000031b8	02b57633	remu	x12,x10,x11	 x10:0x00000006 x11:0x0000b504 x12=0x00000006
          47296	     23644	000031bc	0ac2a823	sw	x12,176(x5)	  x5:0x00005854 x12:0x00000006 PA:0x00005904 store:0x00000006 load:0x00000593
          47298	     23645	000031c0	00600513	addi	x10,x0,6	  x0:0x00000000 x10=0x00000006
          47300	     23646	000031c4	00000593	addi	x11,x0,0	  x0:0x00000000 x11=0x00000000
          47304	     23648	000031c8	02b57633	remu	x12,x10,x11	 x10:0x00000006 x11:0x00000000 x12=0x00000006
          47308	     23650	000031cc	0ac2aa23	sw	x12,180(x5)	  x5:0x00005854 x12:0x00000006 PA:0x00005908 store:0x00000006 load:0x000105b7
          47310	     23651	000031d0	00600513	addi	x10,x0,6	  x0:0x00000000 x10=0x00000006
          47312	     23652	000031d4	000105b7	lui	x11,0x10	 x11=0x00010000
          47314	     23653	000031d8	fff58593	addi	x11,x11,-1	 x11:0x00010000 x11=0x0000ffff
          47388	     23690	000031dc	02b57633	remu	x12,x10,x11	 x10:0x00000006 x11:0x0000ffff x12=0x00000006
          47392	     23692	000031e0	0ac2ac23	sw	x12,184(x5)	  x5:0x00005854 x12:0x00000006 PA:0x0000590c store:0x00000006 load:0x00200593
          47394	     23693	000031e4	00600513	addi	x10,x0,6	  x0:0x00000000 x10=0x00000006
          47396	     23694	000031e8	00200593	addi	x11,x0,2	  x0:0x00000000 x11=0x00000002
          47470	     23731	000031ec	02b57633	remu	x12,x10,x11	 x10:0x00000006 x11:0x00000002 x12=0x00000000
          47474	     23733	000031f0	0ac2ae23	sw	x12,188(x5)	  x5:0x00005854 x12:0x00000000 PA:0x00005910 store:0x00000000 load:0x555555b7
          47476	     23734	000031f4	00600513	addi	x10,x0,6	  x0:0x00000000 x10=0x00000006
          47478	     23735	000031f8	555555b7	lui	x11,0x55555	 x11=0x55555000
          47480	     23736	000031fc	55458593	addi	x11,x11,1364	 x11:0x55555000 x11=0x55555554
          47554	     23773	00003200	02b57633	remu	x12,x10,x11	 x10:0x00000006 x11:0x55555554 x12=0x00000006
          47558	     23775	00003204	0cc2a023	sw	x12,192(x5)	  x5:0x00005854 x12:0x00000006 PA:0x00005914 store:0x00000006 load:0xaaaab5b7
          47560	     23776	00003208	00600513	addi	x10,x0,6	  x0:0x00000000 x10=0x00000006
          47562	     23777	0000320c	aaaab5b7	lui	x11,0xaaaab	 x11=0xaaaab000
          47564	     23778	00003210	aa958593	addi	x11,x11,-1367	 x11:0xaaaab000 x11=0xaaaaaaa9
          47638	     23815	00003214	02b57633	remu	x12,x10,x11	 x10:0x00000006 x11:0xaaaaaaa9 x12=0x00000006
          47642	     23817	00003218	0cc2a223	sw	x12,196(x5)	  x5:0x00005854 x12:0x00000006 PA:0x00005918 store:0x00000006 load:0x00400593
          47644	     23818	0000321c	00600513	addi	x10,x0,6	  x0:0x00000000 x10=0x00000006
          47646	     23819	00003220	00400593	addi	x11,x0,4	  x0:0x00000000 x11=0x00000004
          47720	     23856	00003224	02b57633	remu	x12,x10,x11	 x10:0x00000006 x11:0x00000004 x12=0x00000002
          47724	     23858	00003228	0cc2a423	sw	x12,200(x5)	  x5:0x00005854 x12:0x00000002 PA:0x0000591c store:0x00000002 load:0x333335b7
          47726	     23859	0000322c	00600513	addi	x10,x0,6	  x0:0x00000000 x10=0x00000006
          47728	     23860	00003230	333335b7	lui	x11,0x33333	 x11=0x33333000
          47730	     23861	00003234	33258593	addi	x11,x11,818	 x11:0x33333000 x11=0x33333332
          47804	     23898	00003238	02b57633	remu	x12,x10,x11	 x10:0x00000006 x11:0x33333332 x12=0x00000006
          47808	     23900	0000323c	0cc2a623	sw	x12,204(x5)	  x5:0x00005854 x12:0x00000006 PA:0x00005920 store:0x00000006 load:0x666665b7
          47810	     23901	00003240	00600513	addi	x10,x0,6	  x0:0x00000000 x10=0x00000006
          47812	     23902	00003244	666665b7	lui	x11,0x66666	 x11=0x66666000
          47814	     23903	00003248	66558593	addi	x11,x11,1637	 x11:0x66666000 x11=0x66666665
          47888	     23940	0000324c	02b57633	remu	x12,x10,x11	 x10:0x00000006 x11:0x66666665 x12=0x00000006
          47892	     23942	00003250	0cc2a823	sw	x12,208(x5)	  x5:0x00005854 x12:0x00000006 PA:0x00005924 store:0x00000006 load:0x0000b5b7
          47894	     23943	00003254	00600513	addi	x10,x0,6	  x0:0x00000000 x10=0x00000006
          47896	     23944	00003258	0000b5b7	lui	x11,0xb	 x11=0x0000b000
          47898	     23945	0000325c	50358593	addi	x11,x11,1283	 x11:0x0000b000 x11=0x0000b503
          47972	     23982	00003260	02b57633	remu	x12,x10,x11	 x10:0x00000006 x11:0x0000b503 x12=0x00000006
          47976	     23984	00003264	0cc2aa23	sw	x12,212(x5)	  x5:0x00005854 x12:0x00000006 PA:0x00005928 store:0x00000006 load:0x000105b7
          47978	     23985	00003268	00600513	addi	x10,x0,6	  x0:0x00000000 x10=0x00000006
          47980	     23986	0000326c	000105b7	lui	x11,0x10	 x11=0x00010000
          47982	     23987	00003270	ffe58593	addi	x11,x11,-2	 x11:0x00010000 x11=0x0000fffe
          48056	     24024	00003274	02b57633	remu	x12,x10,x11	 x10:0x00000006 x11:0x0000fffe x12=0x00000006
          48060	     24026	00003278	0cc2ac23	sw	x12,216(x5)	  x5:0x00005854 x12:0x00000006 PA:0x0000592c store:0x00000006 load:0x555555b7
          48062	     24027	0000327c	00600513	addi	x10,x0,6	  x0:0x00000000 x10=0x00000006
          48064	     24028	00003280	555555b7	lui	x11,0x55555	 x11=0x55555000
          48066	     24029	00003284	55658593	addi	x11,x11,1366	 x11:0x55555000 x11=0x55555556
          48140	     24066	00003288	02b57633	remu	x12,x10,x11	 x10:0x00000006 x11:0x55555556 x12=0x00000006
          48144	     24068	0000328c	0cc2ae23	sw	x12,220(x5)	  x5:0x00005854 x12:0x00000006 PA:0x00005930 store:0x00000006 load:0xaaaab5b7
          48146	     24069	00003290	00600513	addi	x10,x0,6	  x0:0x00000000 x10=0x00000006
          48148	     24070	00003294	aaaab5b7	lui	x11,0xaaaab	 x11=0xaaaab000
          48150	     24071	00003298	aab58593	addi	x11,x11,-1365	 x11:0xaaaab000 x11=0xaaaaaaab
          48224	     24108	0000329c	02b57633	remu	x12,x10,x11	 x10:0x00000006 x11:0xaaaaaaab x12=0x00000006
          48228	     24110	000032a0	0ec2a023	sw	x12,224(x5)	  x5:0x00005854 x12:0x00000006 PA:0x00005934 store:0x00000006 load:0x00600593
          48230	     24111	000032a4	00600513	addi	x10,x0,6	  x0:0x00000000 x10=0x00000006
          48232	     24112	000032a8	00600593	addi	x11,x0,6	  x0:0x00000000 x11=0x00000006
          48306	     24149	000032ac	02b57633	remu	x12,x10,x11	 x10:0x00000006 x11:0x00000006 x12=0x00000000
          48310	     24151	000032b0	0ec2a223	sw	x12,228(x5)	  x5:0x00005854 x12:0x00000000 PA:0x00005938 store:0x00000000 load:0x333335b7
          48312	     24152	000032b4	00600513	addi	x10,x0,6	  x0:0x00000000 x10=0x00000006
          48314	     24153	000032b8	333335b7	lui	x11,0x33333	 x11=0x33333000
          48316	     24154	000032bc	33458593	addi	x11,x11,820	 x11:0x33333000 x11=0x33333334
          48390	     24191	000032c0	02b57633	remu	x12,x10,x11	 x10:0x00000006 x11:0x33333334 x12=0x00000006
          48394	     24193	000032c4	0ec2a423	sw	x12,232(x5)	  x5:0x00005854 x12:0x00000006 PA:0x0000593c store:0x00000006 load:0x666665b7
          48396	     24194	000032c8	00600513	addi	x10,x0,6	  x0:0x00000000 x10=0x00000006
          48398	     24195	000032cc	666665b7	lui	x11,0x66666	 x11=0x66666000
          48400	     24196	000032d0	66758593	addi	x11,x11,1639	 x11:0x66666000 x11=0x66666667
          48474	     24233	000032d4	02b57633	remu	x12,x10,x11	 x10:0x00000006 x11:0x66666667 x12=0x00000006
          48478	     24235	000032d8	0ec2a623	sw	x12,236(x5)	  x5:0x00005854 x12:0x00000006 PA:0x00005940 store:0x00000006 load:0x0000b5b7
          48480	     24236	000032dc	00600513	addi	x10,x0,6	  x0:0x00000000 x10=0x00000006
          48482	     24237	000032e0	0000b5b7	lui	x11,0xb	 x11=0x0000b000
          48484	     24238	000032e4	50558593	addi	x11,x11,1285	 x11:0x0000b000 x11=0x0000b505
          48558	     24275	000032e8	02b57633	remu	x12,x10,x11	 x10:0x00000006 x11:0x0000b505 x12=0x00000006
          48562	     24277	000032ec	0ec2a823	sw	x12,240(x5)	  x5:0x00005854 x12:0x00000006 PA:0x00005944 store:0x00000006 load:0x00100593
          48564	     24278	000032f0	00600513	addi	x10,x0,6	  x0:0x00000000 x10=0x00000006
          48566	     24279	000032f4	00100593	addi	x11,x0,1	  x0:0x00000000 x11=0x00000001
          48640	     24316	000032f8	02b57633	remu	x12,x10,x11	 x10:0x00000006 x11:0x00000001 x12=0x00000000
          48644	     24318	000032fc	0ec2aa23	sw	x12,244(x5)	  x5:0x00005854 x12:0x00000000 PA:0x00005948 store:0x00000000 load:0x000105b7
          48646	     24319	00003300	00600513	addi	x10,x0,6	  x0:0x00000000 x10=0x00000006
          48648	     24320	00003304	000105b7	lui	x11,0x10	 x11=0x00010000
          48722	     24357	00003308	02b57633	remu	x12,x10,x11	 x10:0x00000006 x11:0x00010000 x12=0x00000006
          48726	     24359	0000330c	0ec2ac23	sw	x12,248(x5)	  x5:0x00005854 x12:0x00000006 PA:0x0000594c store:0x00000006 load:0x33450513
          48728	     24360	00003310	33333537	lui	x10,0x33333	 x10=0x33333000
          48730	     24361	00003314	33450513	addi	x10,x10,820	 x10:0x33333000 x10=0x33333334
          48732	     24362	00003318	00300593	addi	x11,x0,3	  x0:0x00000000 x11=0x00000003
          48806	     24399	0000331c	02b57633	remu	x12,x10,x11	 x10:0x33333334 x11:0x00000003 x12=0x00000001
          48810	     24401	00003320	0ec2ae23	sw	x12,252(x5)	  x5:0x00005854 x12:0x00000001 PA:0x00005950 store:0x00000001 load:0x33450513
          48812	     24402	00003324	33333537	lui	x10,0x33333	 x10=0x33333000
          48814	     24403	00003328	33450513	addi	x10,x10,820	 x10:0x33333000 x10=0x33333334
          48816	     24404	0000332c	555555b7	lui	x11,0x55555	 x11=0x55555000
          48818	     24405	00003330	55558593	addi	x11,x11,1365	 x11:0x55555000 x11=0x55555555
          48892	     24442	00003334	02b57633	remu	x12,x10,x11	 x10:0x33333334 x11:0x55555555 x12=0x33333334
          48896	     24444	00003338	10c2a023	sw	x12,256(x5)	  x5:0x00005854 x12:0x33333334 PA:0x00005954 store:0x33333334 load:0x33450513
          48898	     24445	0000333c	33333537	lui	x10,0x33333	 x10=0x33333000
          48900	     24446	00003340	33450513	addi	x10,x10,820	 x10:0x33333000 x10=0x33333334
          48902	     24447	00003344	aaaab5b7	lui	x11,0xaaaab	 x11=0xaaaab000
          48904	     24448	00003348	aaa58593	addi	x11,x11,-1366	 x11:0xaaaab000 x11=0xaaaaaaaa
          48978	     24485	0000334c	02b57633	remu	x12,x10,x11	 x10:0x33333334 x11:0xaaaaaaaa x12=0x33333334
          48982	     24487	00003350	10c2a223	sw	x12,260(x5)	  x5:0x00005854 x12:0x33333334 PA:0x00005958 store:0x33333334 load:0x33450513
          48984	     24488	00003354	33333537	lui	x10,0x33333	 x10=0x33333000
          48986	     24489	00003358	33450513	addi	x10,x10,820	 x10:0x33333000 x10=0x33333334
          48988	     24490	0000335c	00500593	addi	x11,x0,5	  x0:0x00000000 x11=0x00000005
          49062	     24527	00003360	02b57633	remu	x12,x10,x11	 x10:0x33333334 x11:0x00000005 x12=0x00000000
          49066	     24529	00003364	10c2a423	sw	x12,264(x5)	  x5:0x00005854 x12:0x00000000 PA:0x0000595c store:0x00000000 load:0x33450513
          49068	     24530	00003368	33333537	lui	x10,0x33333	 x10=0x33333000
          49070	     24531	0000336c	33450513	addi	x10,x10,820	 x10:0x33333000 x10=0x33333334
          49072	     24532	00003370	333335b7	lui	x11,0x33333	 x11=0x33333000
          49074	     24533	00003374	33358593	addi	x11,x11,819	 x11:0x33333000 x11=0x33333333
          49148	     24570	00003378	02b57633	remu	x12,x10,x11	 x10:0x33333334 x11:0x33333333 x12=0x00000001
          49152	     24572	0000337c	10c2a623	sw	x12,268(x5)	  x5:0x00005854 x12:0x00000001 PA:0x00005960 store:0x00000001 load:0x33450513
          49154	     24573	00003380	33333537	lui	x10,0x33333	 x10=0x33333000
          49156	     24574	00003384	33450513	addi	x10,x10,820	 x10:0x33333000 x10=0x33333334
          49158	     24575	00003388	666665b7	lui	x11,0x66666	 x11=0x66666000
          49160	     24576	0000338c	66658593	addi	x11,x11,1638	 x11:0x66666000 x11=0x66666666
          49234	     24613	00003390	02b57633	remu	x12,x10,x11	 x10:0x33333334 x11:0x66666666 x12=0x33333334
          49238	     24615	00003394	10c2a823	sw	x12,272(x5)	  x5:0x00005854 x12:0x33333334 PA:0x00005964 store:0x33333334 load:0x33450513
          49240	     24616	00003398	33333537	lui	x10,0x33333	 x10=0x33333000
          49242	     24617	0000339c	33450513	addi	x10,x10,820	 x10:0x33333000 x10=0x33333334
          49244	     24618	000033a0	0000b5b7	lui	x11,0xb	 x11=0x0000b000
          49246	     24619	000033a4	50458593	addi	x11,x11,1284	 x11:0x0000b000 x11=0x0000b504
          49320	     24656	000033a8	02b57633	remu	x12,x10,x11	 x10:0x33333334 x11:0x0000b504 x12=0x00008994
          49324	     24658	000033ac	10c2aa23	sw	x12,276(x5)	  x5:0x00005854 x12:0x00008994 PA:0x00005968 store:0x00008994 load:0x33450513
          49326	     24659	000033b0	33333537	lui	x10,0x33333	 x10=0x33333000
          49328	     24660	000033b4	33450513	addi	x10,x10,820	 x10:0x33333000 x10=0x33333334
          49330	     24661	000033b8	00000593	addi	x11,x0,0	  x0:0x00000000 x11=0x00000000
          49334	     24663	000033bc	02b57633	remu	x12,x10,x11	 x10:0x33333334 x11:0x00000000 x12=0x33333334
          49338	     24665	000033c0	10c2ac23	sw	x12,280(x5)	  x5:0x00005854 x12:0x33333334 PA:0x0000596c store:0x33333334 load:0x33450513
          49340	     24666	000033c4	33333537	lui	x10,0x33333	 x10=0x33333000
          49342	     24667	000033c8	33450513	addi	x10,x10,820	 x10:0x33333000 x10=0x33333334
          49344	     24668	000033cc	000105b7	lui	x11,0x10	 x11=0x00010000
          49346	     24669	000033d0	fff58593	addi	x11,x11,-1	 x11:0x00010000 x11=0x0000ffff
          49420	     24706	000033d4	02b57633	remu	x12,x10,x11	 x10:0x33333334 x11:0x0000ffff x12=0x00006667
          49424	     24708	000033d8	10c2ae23	sw	x12,284(x5)	  x5:0x00005854 x12:0x00006667 PA:0x00005970 store:0x00006667 load:0x33450513
          49426	     24709	000033dc	33333537	lui	x10,0x33333	 x10=0x33333000
          49428	     24710	000033e0	33450513	addi	x10,x10,820	 x10:0x33333000 x10=0x33333334
          49430	     24711	000033e4	00200593	addi	x11,x0,2	  x0:0x00000000 x11=0x00000002
          49504	     24748	000033e8	02b57633	remu	x12,x10,x11	 x10:0x33333334 x11:0x00000002 x12=0x00000000
          49508	     24750	000033ec	12c2a023	sw	x12,288(x5)	  x5:0x00005854 x12:0x00000000 PA:0x00005974 store:0x00000000 load:0x33450513
          49510	     24751	000033f0	33333537	lui	x10,0x33333	 x10=0x33333000
          49512	     24752	000033f4	33450513	addi	x10,x10,820	 x10:0x33333000 x10=0x33333334
          49514	     24753	000033f8	555555b7	lui	x11,0x55555	 x11=0x55555000
          49516	     24754	000033fc	55458593	addi	x11,x11,1364	 x11:0x55555000 x11=0x55555554
          49590	     24791	00003400	02b57633	remu	x12,x10,x11	 x10:0x33333334 x11:0x55555554 x12=0x33333334
          49594	     24793	00003404	12c2a223	sw	x12,292(x5)	  x5:0x00005854 x12:0x33333334 PA:0x00005978 store:0x33333334 load:0x33450513
          49596	     24794	00003408	33333537	lui	x10,0x33333	 x10=0x33333000
          49598	     24795	0000340c	33450513	addi	x10,x10,820	 x10:0x33333000 x10=0x33333334
          49600	     24796	00003410	aaaab5b7	lui	x11,0xaaaab	 x11=0xaaaab000
          49602	     24797	00003414	aa958593	addi	x11,x11,-1367	 x11:0xaaaab000 x11=0xaaaaaaa9
          49676	     24834	00003418	02b57633	remu	x12,x10,x11	 x10:0x33333334 x11:0xaaaaaaa9 x12=0x33333334
          49680	     24836	0000341c	12c2a423	sw	x12,296(x5)	  x5:0x00005854 x12:0x33333334 PA:0x0000597c store:0x33333334 load:0x33450513
          49682	     24837	00003420	33333537	lui	x10,0x33333	 x10=0x33333000
          49684	     24838	00003424	33450513	addi	x10,x10,820	 x10:0x33333000 x10=0x33333334
          49686	     24839	00003428	00400593	addi	x11,x0,4	  x0:0x00000000 x11=0x00000004
          49760	     24876	0000342c	02b57633	remu	x12,x10,x11	 x10:0x33333334 x11:0x00000004 x12=0x00000000
          49764	     24878	00003430	12c2a623	sw	x12,300(x5)	  x5:0x00005854 x12:0x00000000 PA:0x00005980 store:0x00000000 load:0x33450513
          49766	     24879	00003434	33333537	lui	x10,0x33333	 x10=0x33333000
          49768	     24880	00003438	33450513	addi	x10,x10,820	 x10:0x33333000 x10=0x33333334
          49770	     24881	0000343c	333335b7	lui	x11,0x33333	 x11=0x33333000
          49772	     24882	00003440	33258593	addi	x11,x11,818	 x11:0x33333000 x11=0x33333332
          49846	     24919	00003444	02b57633	remu	x12,x10,x11	 x10:0x33333334 x11:0x33333332 x12=0x00000002
          49850	     24921	00003448	12c2a823	sw	x12,304(x5)	  x5:0x00005854 x12:0x00000002 PA:0x00005984 store:0x00000002 load:0x33450513
          49852	     24922	0000344c	33333537	lui	x10,0x33333	 x10=0x33333000
          49854	     24923	00003450	33450513	addi	x10,x10,820	 x10:0x33333000 x10=0x33333334
          49856	     24924	00003454	666665b7	lui	x11,0x66666	 x11=0x66666000
          49858	     24925	00003458	66558593	addi	x11,x11,1637	 x11:0x66666000 x11=0x66666665
          49932	     24962	0000345c	02b57633	remu	x12,x10,x11	 x10:0x33333334 x11:0x66666665 x12=0x33333334
          49936	     24964	00003460	12c2aa23	sw	x12,308(x5)	  x5:0x00005854 x12:0x33333334 PA:0x00005988 store:0x33333334 load:0x33450513
          49938	     24965	00003464	33333537	lui	x10,0x33333	 x10=0x33333000
          49940	     24966	00003468	33450513	addi	x10,x10,820	 x10:0x33333000 x10=0x33333334
          49942	     24967	0000346c	0000b5b7	lui	x11,0xb	 x11=0x0000b000
          49944	     24968	00003470	50358593	addi	x11,x11,1283	 x11:0x0000b000 x11=0x0000b503
          50018	     25005	00003474	02b57633	remu	x12,x10,x11	 x10:0x33333334 x11:0x0000b503 x12=0x00001cf9
          50022	     25007	00003478	12c2ac23	sw	x12,312(x5)	  x5:0x00005854 x12:0x00001cf9 PA:0x0000598c store:0x00001cf9 load:0x33450513
          50024	     25008	0000347c	33333537	lui	x10,0x33333	 x10=0x33333000
          50026	     25009	00003480	33450513	addi	x10,x10,820	 x10:0x33333000 x10=0x33333334
          50028	     25010	00003484	000105b7	lui	x11,0x10	 x11=0x00010000
          50030	     25011	00003488	ffe58593	addi	x11,x11,-2	 x11:0x00010000 x11=0x0000fffe
          50104	     25048	0000348c	02b57633	remu	x12,x10,x11	 x10:0x33333334 x11:0x0000fffe x12=0x0000999a
          50108	     25050	00003490	12c2ae23	sw	x12,316(x5)	  x5:0x00005854 x12:0x0000999a PA:0x00005990 store:0x0000999a load:0x33450513
          50110	     25051	00003494	33333537	lui	x10,0x33333	 x10=0x33333000
          50112	     25052	00003498	33450513	addi	x10,x10,820	 x10:0x33333000 x10=0x33333334
          50114	     25053	0000349c	555555b7	lui	x11,0x55555	 x11=0x55555000
          50116	     25054	000034a0	55658593	addi	x11,x11,1366	 x11:0x55555000 x11=0x55555556
          50190	     25091	000034a4	02b57633	remu	x12,x10,x11	 x10:0x33333334 x11:0x55555556 x12=0x33333334
          50194	     25093	000034a8	14c2a023	sw	x12,320(x5)	  x5:0x00005854 x12:0x33333334 PA:0x00005994 store:0x33333334 load:0x33450513
          50196	     25094	000034ac	33333537	lui	x10,0x33333	 x10=0x33333000
          50198	     25095	000034b0	33450513	addi	x10,x10,820	 x10:0x33333000 x10=0x33333334
          50200	     25096	000034b4	aaaab5b7	lui	x11,0xaaaab	 x11=0xaaaab000
          50202	     25097	000034b8	aab58593	addi	x11,x11,-1365	 x11:0xaaaab000 x11=0xaaaaaaab
          50276	     25134	000034bc	02b57633	remu	x12,x10,x11	 x10:0x33333334 x11:0xaaaaaaab x12=0x33333334
          50280	     25136	000034c0	14c2a223	sw	x12,324(x5)	  x5:0x00005854 x12:0x33333334 PA:0x00005998 store:0x33333334 load:0x33450513
          50282	     25137	000034c4	33333537	lui	x10,0x33333	 x10=0x33333000
          50284	     25138	000034c8	33450513	addi	x10,x10,820	 x10:0x33333000 x10=0x33333334
          50286	     25139	000034cc	00600593	addi	x11,x0,6	  x0:0x00000000 x11=0x00000006
          50360	     25176	000034d0	02b57633	remu	x12,x10,x11	 x10:0x33333334 x11:0x00000006 x12=0x00000004
          50364	     25178	000034d4	14c2a423	sw	x12,328(x5)	  x5:0x00005854 x12:0x00000004 PA:0x0000599c store:0x00000004 load:0x33450513
          50366	     25179	000034d8	33333537	lui	x10,0x33333	 x10=0x33333000
          50368	     25180	000034dc	33450513	addi	x10,x10,820	 x10:0x33333000 x10=0x33333334
          50370	     25181	000034e0	333335b7	lui	x11,0x33333	 x11=0x33333000
          50372	     25182	000034e4	33458593	addi	x11,x11,820	 x11:0x33333000 x11=0x33333334
          50446	     25219	000034e8	02b57633	remu	x12,x10,x11	 x10:0x33333334 x11:0x33333334 x12=0x00000000
          50450	     25221	000034ec	14c2a623	sw	x12,332(x5)	  x5:0x00005854 x12:0x00000000 PA:0x000059a0 store:0x00000000 load:0x33450513
          50452	     25222	000034f0	33333537	lui	x10,0x33333	 x10=0x33333000
          50454	     25223	000034f4	33450513	addi	x10,x10,820	 x10:0x33333000 x10=0x33333334
          50456	     25224	000034f8	666665b7	lui	x11,0x66666	 x11=0x66666000
          50458	     25225	000034fc	66758593	addi	x11,x11,1639	 x11:0x66666000 x11=0x66666667
          50532	     25262	00003500	02b57633	remu	x12,x10,x11	 x10:0x33333334 x11:0x66666667 x12=0x33333334
          50536	     25264	00003504	14c2a823	sw	x12,336(x5)	  x5:0x00005854 x12:0x33333334 PA:0x000059a4 store:0x33333334 load:0x33450513
          50538	     25265	00003508	33333537	lui	x10,0x33333	 x10=0x33333000
          50540	     25266	0000350c	33450513	addi	x10,x10,820	 x10:0x33333000 x10=0x33333334
          50542	     25267	00003510	0000b5b7	lui	x11,0xb	 x11=0x0000b000
          50544	     25268	00003514	50558593	addi	x11,x11,1285	 x11:0x0000b000 x11=0x0000b505
          50618	     25305	00003518	02b57633	remu	x12,x10,x11	 x10:0x33333334 x11:0x0000b505 x12=0x0000412c
          50622	     25307	0000351c	14c2aa23	sw	x12,340(x5)	  x5:0x00005854 x12:0x0000412c PA:0x000059a8 store:0x0000412c load:0x33450513
          50624	     25308	00003520	33333537	lui	x10,0x33333	 x10=0x33333000
          50626	     25309	00003524	33450513	addi	x10,x10,820	 x10:0x33333000 x10=0x33333334
          50628	     25310	00003528	00100593	addi	x11,x0,1	  x0:0x00000000 x11=0x00000001
          50702	     25347	0000352c	02b57633	remu	x12,x10,x11	 x10:0x33333334 x11:0x00000001 x12=0x00000000
          50706	     25349	00003530	14c2ac23	sw	x12,344(x5)	  x5:0x00005854 x12:0x00000000 PA:0x000059ac store:0x00000000 load:0x33450513
          50708	     25350	00003534	33333537	lui	x10,0x33333	 x10=0x33333000
          50710	     25351	00003538	33450513	addi	x10,x10,820	 x10:0x33333000 x10=0x33333334
          50712	     25352	0000353c	000105b7	lui	x11,0x10	 x11=0x00010000
          50786	     25389	00003540	02b57633	remu	x12,x10,x11	 x10:0x33333334 x11:0x00010000 x12=0x00003334
          50790	     25391	00003544	14c2ae23	sw	x12,348(x5)	  x5:0x00005854 x12:0x00003334 PA:0x000059b0 store:0x00003334 load:0x66750513
          50792	     25392	00003548	66666537	lui	x10,0x66666	 x10=0x66666000
          50794	     25393	0000354c	66750513	addi	x10,x10,1639	 x10:0x66666000 x10=0x66666667
          50796	     25394	00003550	00300593	addi	x11,x0,3	  x0:0x00000000 x11=0x00000003
          50870	     25431	00003554	02b57633	remu	x12,x10,x11	 x10:0x66666667 x11:0x00000003 x12=0x00000001
          50874	     25433	00003558	16c2a023	sw	x12,352(x5)	  x5:0x00005854 x12:0x00000001 PA:0x000059b4 store:0x00000001 load:0x66750513
          50876	     25434	0000355c	66666537	lui	x10,0x66666	 x10=0x66666000
          50878	     25435	00003560	66750513	addi	x10,x10,1639	 x10:0x66666000 x10=0x66666667
          50880	     25436	00003564	555555b7	lui	x11,0x55555	 x11=0x55555000
          50882	     25437	00003568	55558593	addi	x11,x11,1365	 x11:0x55555000 x11=0x55555555
          50956	     25474	0000356c	02b57633	remu	x12,x10,x11	 x10:0x66666667 x11:0x55555555 x12=0x11111112
          50960	     25476	00003570	16c2a223	sw	x12,356(x5)	  x5:0x00005854 x12:0x11111112 PA:0x000059b8 store:0x11111112 load:0x66750513
          50962	     25477	00003574	66666537	lui	x10,0x66666	 x10=0x66666000
          50964	     25478	00003578	66750513	addi	x10,x10,1639	 x10:0x66666000 x10=0x66666667
          50966	     25479	0000357c	aaaab5b7	lui	x11,0xaaaab	 x11=0xaaaab000
          50968	     25480	00003580	aaa58593	addi	x11,x11,-1366	 x11:0xaaaab000 x11=0xaaaaaaaa
          51042	     25517	00003584	02b57633	remu	x12,x10,x11	 x10:0x66666667 x11:0xaaaaaaaa x12=0x66666667
          51046	     25519	00003588	16c2a423	sw	x12,360(x5)	  x5:0x00005854 x12:0x66666667 PA:0x000059bc store:0x66666667 load:0x66750513
          51048	     25520	0000358c	66666537	lui	x10,0x66666	 x10=0x66666000
          51050	     25521	00003590	66750513	addi	x10,x10,1639	 x10:0x66666000 x10=0x66666667
          51052	     25522	00003594	00500593	addi	x11,x0,5	  x0:0x00000000 x11=0x00000005
          51126	     25559	00003598	02b57633	remu	x12,x10,x11	 x10:0x66666667 x11:0x00000005 x12=0x00000004
          51130	     25561	0000359c	16c2a623	sw	x12,364(x5)	  x5:0x00005854 x12:0x00000004 PA:0x000059c0 store:0x00000004 load:0x66750513
          51132	     25562	000035a0	66666537	lui	x10,0x66666	 x10=0x66666000
          51134	     25563	000035a4	66750513	addi	x10,x10,1639	 x10:0x66666000 x10=0x66666667
          51136	     25564	000035a8	333335b7	lui	x11,0x33333	 x11=0x33333000
          51138	     25565	000035ac	33358593	addi	x11,x11,819	 x11:0x33333000 x11=0x33333333
          51212	     25602	000035b0	02b57633	remu	x12,x10,x11	 x10:0x66666667 x11:0x33333333 x12=0x00000001
          51216	     25604	000035b4	16c2a823	sw	x12,368(x5)	  x5:0x00005854 x12:0x00000001 PA:0x000059c4 store:0x00000001 load:0x66750513
          51218	     25605	000035b8	66666537	lui	x10,0x66666	 x10=0x66666000
          51220	     25606	000035bc	66750513	addi	x10,x10,1639	 x10:0x66666000 x10=0x66666667
          51222	     25607	000035c0	666665b7	lui	x11,0x66666	 x11=0x66666000
          51224	     25608	000035c4	66658593	addi	x11,x11,1638	 x11:0x66666000 x11=0x66666666
          51298	     25645	000035c8	02b57633	remu	x12,x10,x11	 x10:0x66666667 x11:0x66666666 x12=0x00000001
          51302	     25647	000035cc	16c2aa23	sw	x12,372(x5)	  x5:0x00005854 x12:0x00000001 PA:0x000059c8 store:0x00000001 load:0x66750513
          51304	     25648	000035d0	66666537	lui	x10,0x66666	 x10=0x66666000
          51306	     25649	000035d4	66750513	addi	x10,x10,1639	 x10:0x66666000 x10=0x66666667
          51308	     25650	000035d8	0000b5b7	lui	x11,0xb	 x11=0x0000b000
          51310	     25651	000035dc	50458593	addi	x11,x11,1284	 x11:0x0000b000 x11=0x0000b504
          51384	     25688	000035e0	02b57633	remu	x12,x10,x11	 x10:0x66666667 x11:0x0000b504 x12=0x00005e23
          51388	     25690	000035e4	16c2ac23	sw	x12,376(x5)	  x5:0x00005854 x12:0x00005e23 PA:0x000059cc store:0x00005e23 load:0x66750513
          51390	     25691	000035e8	66666537	lui	x10,0x66666	 x10=0x66666000
          51392	     25692	000035ec	66750513	addi	x10,x10,1639	 x10:0x66666000 x10=0x66666667
          51394	     25693	000035f0	00000593	addi	x11,x0,0	  x0:0x00000000 x11=0x00000000
          51398	     25695	000035f4	02b57633	remu	x12,x10,x11	 x10:0x66666667 x11:0x00000000 x12=0x66666667
          51402	     25697	000035f8	16c2ae23	sw	x12,380(x5)	  x5:0x00005854 x12:0x66666667 PA:0x000059d0 store:0x66666667 load:0x66750513
          51404	     25698	000035fc	66666537	lui	x10,0x66666	 x10=0x66666000
          51406	     25699	00003600	66750513	addi	x10,x10,1639	 x10:0x66666000 x10=0x66666667
          51408	     25700	00003604	000105b7	lui	x11,0x10	 x11=0x00010000
          51410	     25701	00003608	fff58593	addi	x11,x11,-1	 x11:0x00010000 x11=0x0000ffff
          51484	     25738	0000360c	02b57633	remu	x12,x10,x11	 x10:0x66666667 x11:0x0000ffff x12=0x0000cccd
          51488	     25740	00003610	18c2a023	sw	x12,384(x5)	  x5:0x00005854 x12:0x0000cccd PA:0x000059d4 store:0x0000cccd load:0x66750513
          51490	     25741	00003614	66666537	lui	x10,0x66666	 x10=0x66666000
          51492	     25742	00003618	66750513	addi	x10,x10,1639	 x10:0x66666000 x10=0x66666667
          51494	     25743	0000361c	00200593	addi	x11,x0,2	  x0:0x00000000 x11=0x00000002
          51568	     25780	00003620	02b57633	remu	x12,x10,x11	 x10:0x66666667 x11:0x00000002 x12=0x00000001
          51572	     25782	00003624	18c2a223	sw	x12,388(x5)	  x5:0x00005854 x12:0x00000001 PA:0x000059d8 store:0x00000001 load:0x66750513
          51574	     25783	00003628	66666537	lui	x10,0x66666	 x10=0x66666000
          51576	     25784	0000362c	66750513	addi	x10,x10,1639	 x10:0x66666000 x10=0x66666667
          51578	     25785	00003630	555555b7	lui	x11,0x55555	 x11=0x55555000
          51580	     25786	00003634	55458593	addi	x11,x11,1364	 x11:0x55555000 x11=0x55555554
          51654	     25823	00003638	02b57633	remu	x12,x10,x11	 x10:0x66666667 x11:0x55555554 x12=0x11111113
          51658	     25825	0000363c	18c2a423	sw	x12,392(x5)	  x5:0x00005854 x12:0x11111113 PA:0x000059dc store:0x11111113 load:0x66750513
          51660	     25826	00003640	66666537	lui	x10,0x66666	 x10=0x66666000
          51662	     25827	00003644	66750513	addi	x10,x10,1639	 x10:0x66666000 x10=0x66666667
          51664	     25828	00003648	aaaab5b7	lui	x11,0xaaaab	 x11=0xaaaab000
          51666	     25829	0000364c	aa958593	addi	x11,x11,-1367	 x11:0xaaaab000 x11=0xaaaaaaa9
          51740	     25866	00003650	02b57633	remu	x12,x10,x11	 x10:0x66666667 x11:0xaaaaaaa9 x12=0x66666667
          51744	     25868	00003654	18c2a623	sw	x12,396(x5)	  x5:0x00005854 x12:0x66666667 PA:0x000059e0 store:0x66666667 load:0x66750513
          51746	     25869	00003658	66666537	lui	x10,0x66666	 x10=0x66666000
          51748	     25870	0000365c	66750513	addi	x10,x10,1639	 x10:0x66666000 x10=0x66666667
          51750	     25871	00003660	00400593	addi	x11,x0,4	  x0:0x00000000 x11=0x00000004
          51824	     25908	00003664	02b57633	remu	x12,x10,x11	 x10:0x66666667 x11:0x00000004 x12=0x00000003
          51828	     25910	00003668	18c2a823	sw	x12,400(x5)	  x5:0x00005854 x12:0x00000003 PA:0x000059e4 store:0x00000003 load:0x66750513
          51830	     25911	0000366c	66666537	lui	x10,0x66666	 x10=0x66666000
          51832	     25912	00003670	66750513	addi	x10,x10,1639	 x10:0x66666000 x10=0x66666667
          51834	     25913	00003674	333335b7	lui	x11,0x33333	 x11=0x33333000
          51836	     25914	00003678	33258593	addi	x11,x11,818	 x11:0x33333000 x11=0x33333332
          51910	     25951	0000367c	02b57633	remu	x12,x10,x11	 x10:0x66666667 x11:0x33333332 x12=0x00000003
          51914	     25953	00003680	18c2aa23	sw	x12,404(x5)	  x5:0x00005854 x12:0x00000003 PA:0x000059e8 store:0x00000003 load:0x66750513
          51916	     25954	00003684	66666537	lui	x10,0x66666	 x10=0x66666000
          51918	     25955	00003688	66750513	addi	x10,x10,1639	 x10:0x66666000 x10=0x66666667
          51920	     25956	0000368c	666665b7	lui	x11,0x66666	 x11=0x66666000
          51922	     25957	00003690	66558593	addi	x11,x11,1637	 x11:0x66666000 x11=0x66666665
          51996	     25994	00003694	02b57633	remu	x12,x10,x11	 x10:0x66666667 x11:0x66666665 x12=0x00000002
          52000	     25996	00003698	18c2ac23	sw	x12,408(x5)	  x5:0x00005854 x12:0x00000002 PA:0x000059ec store:0x00000002 load:0x66750513
          52002	     25997	0000369c	66666537	lui	x10,0x66666	 x10=0x66666000
          52004	     25998	000036a0	66750513	addi	x10,x10,1639	 x10:0x66666000 x10=0x66666667
          52006	     25999	000036a4	0000b5b7	lui	x11,0xb	 x11=0x0000b000
          52008	     26000	000036a8	50358593	addi	x11,x11,1283	 x11:0x0000b000 x11=0x0000b503
          52082	     26037	000036ac	02b57633	remu	x12,x10,x11	 x10:0x66666667 x11:0x0000b503 x12=0x000039f1
          52086	     26039	000036b0	18c2ae23	sw	x12,412(x5)	  x5:0x00005854 x12:0x000039f1 PA:0x000059f0 store:0x000039f1 load:0x66750513
          52088	     26040	000036b4	66666537	lui	x10,0x66666	 x10=0x66666000
          52090	     26041	000036b8	66750513	addi	x10,x10,1639	 x10:0x66666000 x10=0x66666667
          52092	     26042	000036bc	000105b7	lui	x11,0x10	 x11=0x00010000
          52094	     26043	000036c0	ffe58593	addi	x11,x11,-2	 x11:0x00010000 x11=0x0000fffe
          52168	     26080	000036c4	02b57633	remu	x12,x10,x11	 x10:0x66666667 x11:0x0000fffe x12=0x00003335
          52172	     26082	000036c8	1ac2a023	sw	x12,416(x5)	  x5:0x00005854 x12:0x00003335 PA:0x000059f4 store:0x00003335 load:0x66750513
          52174	     26083	000036cc	66666537	lui	x10,0x66666	 x10=0x66666000
          52176	     26084	000036d0	66750513	addi	x10,x10,1639	 x10:0x66666000 x10=0x66666667
          52178	     26085	000036d4	555555b7	lui	x11,0x55555	 x11=0x55555000
          52180	     26086	000036d8	55658593	addi	x11,x11,1366	 x11:0x55555000 x11=0x55555556
          52254	     26123	000036dc	02b57633	remu	x12,x10,x11	 x10:0x66666667 x11:0x55555556 x12=0x11111111
          52258	     26125	000036e0	1ac2a223	sw	x12,420(x5)	  x5:0x00005854 x12:0x11111111 PA:0x000059f8 store:0x11111111 load:0x66750513
          52260	     26126	000036e4	66666537	lui	x10,0x66666	 x10=0x66666000
          52262	     26127	000036e8	66750513	addi	x10,x10,1639	 x10:0x66666000 x10=0x66666667
          52264	     26128	000036ec	aaaab5b7	lui	x11,0xaaaab	 x11=0xaaaab000
          52266	     26129	000036f0	aab58593	addi	x11,x11,-1365	 x11:0xaaaab000 x11=0xaaaaaaab
          52340	     26166	000036f4	02b57633	remu	x12,x10,x11	 x10:0x66666667 x11:0xaaaaaaab x12=0x66666667
          52344	     26168	000036f8	1ac2a423	sw	x12,424(x5)	  x5:0x00005854 x12:0x66666667 PA:0x000059fc store:0x66666667 load:0x66750513
          52346	     26169	000036fc	66666537	lui	x10,0x66666	 x10=0x66666000
          52348	     26170	00003700	66750513	addi	x10,x10,1639	 x10:0x66666000 x10=0x66666667
          52350	     26171	00003704	00600593	addi	x11,x0,6	  x0:0x00000000 x11=0x00000006
          52424	     26208	00003708	02b57633	remu	x12,x10,x11	 x10:0x66666667 x11:0x00000006 x12=0x00000001
          52428	     26210	0000370c	1ac2a623	sw	x12,428(x5)	  x5:0x00005854 x12:0x00000001 PA:0x00005a00 store:0x00000001 load:0x66750513
          52430	     26211	00003710	66666537	lui	x10,0x66666	 x10=0x66666000
          52432	     26212	00003714	66750513	addi	x10,x10,1639	 x10:0x66666000 x10=0x66666667
          52434	     26213	00003718	333335b7	lui	x11,0x33333	 x11=0x33333000
          52436	     26214	0000371c	33458593	addi	x11,x11,820	 x11:0x33333000 x11=0x33333334
          52510	     26251	00003720	02b57633	remu	x12,x10,x11	 x10:0x66666667 x11:0x33333334 x12=0x33333333
          52514	     26253	00003724	1ac2a823	sw	x12,432(x5)	  x5:0x00005854 x12:0x33333333 PA:0x00005a04 store:0x33333333 load:0x66750513
          52516	     26254	00003728	66666537	lui	x10,0x66666	 x10=0x66666000
          52518	     26255	0000372c	66750513	addi	x10,x10,1639	 x10:0x66666000 x10=0x66666667
          52520	     26256	00003730	666665b7	lui	x11,0x66666	 x11=0x66666000
          52522	     26257	00003734	66758593	addi	x11,x11,1639	 x11:0x66666000 x11=0x66666667
          52596	     26294	00003738	02b57633	remu	x12,x10,x11	 x10:0x66666667 x11:0x66666667 x12=0x00000000
          52600	     26296	0000373c	1ac2aa23	sw	x12,436(x5)	  x5:0x00005854 x12:0x00000000 PA:0x00005a08 store:0x00000000 load:0x66750513
          52602	     26297	00003740	66666537	lui	x10,0x66666	 x10=0x66666000
          52604	     26298	00003744	66750513	addi	x10,x10,1639	 x10:0x66666000 x10=0x66666667
          52606	     26299	00003748	0000b5b7	lui	x11,0xb	 x11=0x0000b000
          52608	     26300	0000374c	50558593	addi	x11,x11,1285	 x11:0x0000b000 x11=0x0000b505
          52682	     26337	00003750	02b57633	remu	x12,x10,x11	 x10:0x66666667 x11:0x0000b505 x12=0x00008257
          52686	     26339	00003754	1ac2ac23	sw	x12,440(x5)	  x5:0x00005854 x12:0x00008257 PA:0x00005a0c store:0x00008257 load:0x66750513
          52688	     26340	00003758	66666537	lui	x10,0x66666	 x10=0x66666000
          52690	     26341	0000375c	66750513	addi	x10,x10,1639	 x10:0x66666000 x10=0x66666667
          52692	     26342	00003760	00100593	addi	x11,x0,1	  x0:0x00000000 x11=0x00000001
          52766	     26379	00003764	02b57633	remu	x12,x10,x11	 x10:0x66666667 x11:0x00000001 x12=0x00000000
          52770	     26381	00003768	1ac2ae23	sw	x12,444(x5)	  x5:0x00005854 x12:0x00000000 PA:0x00005a10 store:0x00000000 load:0x66750513
          52772	     26382	0000376c	66666537	lui	x10,0x66666	 x10=0x66666000
          52774	     26383	00003770	66750513	addi	x10,x10,1639	 x10:0x66666000 x10=0x66666667
          52776	     26384	00003774	000105b7	lui	x11,0x10	 x11=0x00010000
          52850	     26421	00003778	02b57633	remu	x12,x10,x11	 x10:0x66666667 x11:0x00010000 x12=0x00006667
          52854	     26423	0000377c	1cc2a023	sw	x12,448(x5)	  x5:0x00005854 x12:0x00006667 PA:0x00005a14 store:0x00006667 load:0x50550513
          52856	     26424	00003780	0000b537	lui	x10,0xb	 x10=0x0000b000
          52858	     26425	00003784	50550513	addi	x10,x10,1285	 x10:0x0000b000 x10=0x0000b505
          52860	     26426	00003788	00300593	addi	x11,x0,3	  x0:0x00000000 x11=0x00000003
          52934	     26463	0000378c	02b57633	remu	x12,x10,x11	 x10:0x0000b505 x11:0x00000003 x12=0x00000000
          52938	     26465	00003790	1cc2a223	sw	x12,452(x5)	  x5:0x00005854 x12:0x00000000 PA:0x00005a18 store:0x00000000 load:0x50550513
          52940	     26466	00003794	0000b537	lui	x10,0xb	 x10=0x0000b000
          52942	     26467	00003798	50550513	addi	x10,x10,1285	 x10:0x0000b000 x10=0x0000b505
          52944	     26468	0000379c	555555b7	lui	x11,0x55555	 x11=0x55555000
          52946	     26469	000037a0	55558593	addi	x11,x11,1365	 x11:0x55555000 x11=0x55555555
          53020	     26506	000037a4	02b57633	remu	x12,x10,x11	 x10:0x0000b505 x11:0x55555555 x12=0x0000b505
          53024	     26508	000037a8	1cc2a423	sw	x12,456(x5)	  x5:0x00005854 x12:0x0000b505 PA:0x00005a1c store:0x0000b505 load:0x50550513
          53026	     26509	000037ac	0000b537	lui	x10,0xb	 x10=0x0000b000
          53028	     26510	000037b0	50550513	addi	x10,x10,1285	 x10:0x0000b000 x10=0x0000b505
          53030	     26511	000037b4	aaaab5b7	lui	x11,0xaaaab	 x11=0xaaaab000
          53032	     26512	000037b8	aaa58593	addi	x11,x11,-1366	 x11:0xaaaab000 x11=0xaaaaaaaa
          53106	     26549	000037bc	02b57633	remu	x12,x10,x11	 x10:0x0000b505 x11:0xaaaaaaaa x12=0x0000b505
          53110	     26551	000037c0	1cc2a623	sw	x12,460(x5)	  x5:0x00005854 x12:0x0000b505 PA:0x00005a20 store:0x0000b505 load:0x50550513
          53112	     26552	000037c4	0000b537	lui	x10,0xb	 x10=0x0000b000
          53114	     26553	000037c8	50550513	addi	x10,x10,1285	 x10:0x0000b000 x10=0x0000b505
          53116	     26554	000037cc	00500593	addi	x11,x0,5	  x0:0x00000000 x11=0x00000005
          53190	     26591	000037d0	02b57633	remu	x12,x10,x11	 x10:0x0000b505 x11:0x00000005 x12=0x00000001
          53194	     26593	000037d4	1cc2a823	sw	x12,464(x5)	  x5:0x00005854 x12:0x00000001 PA:0x00005a24 store:0x00000001 load:0x50550513
          53196	     26594	000037d8	0000b537	lui	x10,0xb	 x10=0x0000b000
          53198	     26595	000037dc	50550513	addi	x10,x10,1285	 x10:0x0000b000 x10=0x0000b505
          53200	     26596	000037e0	333335b7	lui	x11,0x33333	 x11=0x33333000
          53202	     26597	000037e4	33358593	addi	x11,x11,819	 x11:0x33333000 x11=0x33333333
          53276	     26634	000037e8	02b57633	remu	x12,x10,x11	 x10:0x0000b505 x11:0x33333333 x12=0x0000b505
          53280	     26636	000037ec	1cc2aa23	sw	x12,468(x5)	  x5:0x00005854 x12:0x0000b505 PA:0x00005a28 store:0x0000b505 load:0x50550513
          53282	     26637	000037f0	0000b537	lui	x10,0xb	 x10=0x0000b000
          53284	     26638	000037f4	50550513	addi	x10,x10,1285	 x10:0x0000b000 x10=0x0000b505
          53286	     26639	000037f8	666665b7	lui	x11,0x66666	 x11=0x66666000
          53288	     26640	000037fc	66658593	addi	x11,x11,1638	 x11:0x66666000 x11=0x66666666
          53362	     26677	00003800	02b57633	remu	x12,x10,x11	 x10:0x0000b505 x11:0x66666666 x12=0x0000b505
          53366	     26679	00003804	1cc2ac23	sw	x12,472(x5)	  x5:0x00005854 x12:0x0000b505 PA:0x00005a2c store:0x0000b505 load:0x50550513
          53368	     26680	00003808	0000b537	lui	x10,0xb	 x10=0x0000b000
          53370	     26681	0000380c	50550513	addi	x10,x10,1285	 x10:0x0000b000 x10=0x0000b505
          53372	     26682	00003810	0000b5b7	lui	x11,0xb	 x11=0x0000b000
          53374	     26683	00003814	50458593	addi	x11,x11,1284	 x11:0x0000b000 x11=0x0000b504
          53448	     26720	00003818	02b57633	remu	x12,x10,x11	 x10:0x0000b505 x11:0x0000b504 x12=0x00000001
          53452	     26722	0000381c	1cc2ae23	sw	x12,476(x5)	  x5:0x00005854 x12:0x00000001 PA:0x00005a30 store:0x00000001 load:0x50550513
          53454	     26723	00003820	0000b537	lui	x10,0xb	 x10=0x0000b000
          53456	     26724	00003824	50550513	addi	x10,x10,1285	 x10:0x0000b000 x10=0x0000b505
          53458	     26725	00003828	00000593	addi	x11,x0,0	  x0:0x00000000 x11=0x00000000
          53462	     26727	0000382c	02b57633	remu	x12,x10,x11	 x10:0x0000b505 x11:0x00000000 x12=0x0000b505
          53466	     26729	00003830	1ec2a023	sw	x12,480(x5)	  x5:0x00005854 x12:0x0000b505 PA:0x00005a34 store:0x0000b505 load:0x50550513
          53468	     26730	00003834	0000b537	lui	x10,0xb	 x10=0x0000b000
          53470	     26731	00003838	50550513	addi	x10,x10,1285	 x10:0x0000b000 x10=0x0000b505
          53472	     26732	0000383c	000105b7	lui	x11,0x10	 x11=0x00010000
          53474	     26733	00003840	fff58593	addi	x11,x11,-1	 x11:0x00010000 x11=0x0000ffff
          53548	     26770	00003844	02b57633	remu	x12,x10,x11	 x10:0x0000b505 x11:0x0000ffff x12=0x0000b505
          53552	     26772	00003848	1ec2a223	sw	x12,484(x5)	  x5:0x00005854 x12:0x0000b505 PA:0x00005a38 store:0x0000b505 load:0x50550513
          53554	     26773	0000384c	0000b537	lui	x10,0xb	 x10=0x0000b000
          53556	     26774	00003850	50550513	addi	x10,x10,1285	 x10:0x0000b000 x10=0x0000b505
          53558	     26775	00003854	00200593	addi	x11,x0,2	  x0:0x00000000 x11=0x00000002
          53632	     26812	00003858	02b57633	remu	x12,x10,x11	 x10:0x0000b505 x11:0x00000002 x12=0x00000001
          53636	     26814	0000385c	1ec2a423	sw	x12,488(x5)	  x5:0x00005854 x12:0x00000001 PA:0x00005a3c store:0x00000001 load:0x50550513
          53638	     26815	00003860	0000b537	lui	x10,0xb	 x10=0x0000b000
          53640	     26816	00003864	50550513	addi	x10,x10,1285	 x10:0x0000b000 x10=0x0000b505
          53642	     26817	00003868	555555b7	lui	x11,0x55555	 x11=0x55555000
          53644	     26818	0000386c	55458593	addi	x11,x11,1364	 x11:0x55555000 x11=0x55555554
          53718	     26855	00003870	02b57633	remu	x12,x10,x11	 x10:0x0000b505 x11:0x55555554 x12=0x0000b505
          53722	     26857	00003874	1ec2a623	sw	x12,492(x5)	  x5:0x00005854 x12:0x0000b505 PA:0x00005a40 store:0x0000b505 load:0x50550513
          53724	     26858	00003878	0000b537	lui	x10,0xb	 x10=0x0000b000
          53726	     26859	0000387c	50550513	addi	x10,x10,1285	 x10:0x0000b000 x10=0x0000b505
          53728	     26860	00003880	aaaab5b7	lui	x11,0xaaaab	 x11=0xaaaab000
          53730	     26861	00003884	aa958593	addi	x11,x11,-1367	 x11:0xaaaab000 x11=0xaaaaaaa9
          53804	     26898	00003888	02b57633	remu	x12,x10,x11	 x10:0x0000b505 x11:0xaaaaaaa9 x12=0x0000b505
          53808	     26900	0000388c	1ec2a823	sw	x12,496(x5)	  x5:0x00005854 x12:0x0000b505 PA:0x00005a44 store:0x0000b505 load:0x50550513
          53810	     26901	00003890	0000b537	lui	x10,0xb	 x10=0x0000b000
          53812	     26902	00003894	50550513	addi	x10,x10,1285	 x10:0x0000b000 x10=0x0000b505
          53814	     26903	00003898	00400593	addi	x11,x0,4	  x0:0x00000000 x11=0x00000004
          53888	     26940	0000389c	02b57633	remu	x12,x10,x11	 x10:0x0000b505 x11:0x00000004 x12=0x00000001
          53892	     26942	000038a0	1ec2aa23	sw	x12,500(x5)	  x5:0x00005854 x12:0x00000001 PA:0x00005a48 store:0x00000001 load:0x50550513
          53894	     26943	000038a4	0000b537	lui	x10,0xb	 x10=0x0000b000
          53896	     26944	000038a8	50550513	addi	x10,x10,1285	 x10:0x0000b000 x10=0x0000b505
          53898	     26945	000038ac	333335b7	lui	x11,0x33333	 x11=0x33333000
          53900	     26946	000038b0	33258593	addi	x11,x11,818	 x11:0x33333000 x11=0x33333332
          53974	     26983	000038b4	02b57633	remu	x12,x10,x11	 x10:0x0000b505 x11:0x33333332 x12=0x0000b505
          53978	     26985	000038b8	1ec2ac23	sw	x12,504(x5)	  x5:0x00005854 x12:0x0000b505 PA:0x00005a4c store:0x0000b505 load:0x50550513
          53980	     26986	000038bc	0000b537	lui	x10,0xb	 x10=0x0000b000
          53982	     26987	000038c0	50550513	addi	x10,x10,1285	 x10:0x0000b000 x10=0x0000b505
          53984	     26988	000038c4	666665b7	lui	x11,0x66666	 x11=0x66666000
          53986	     26989	000038c8	66558593	addi	x11,x11,1637	 x11:0x66666000 x11=0x66666665
          54060	     27026	000038cc	02b57633	remu	x12,x10,x11	 x10:0x0000b505 x11:0x66666665 x12=0x0000b505
          54064	     27028	000038d0	1ec2ae23	sw	x12,508(x5)	  x5:0x00005854 x12:0x0000b505 PA:0x00005a50 store:0x0000b505 load:0x50550513
          54066	     27029	000038d4	0000b537	lui	x10,0xb	 x10=0x0000b000
          54068	     27030	000038d8	50550513	addi	x10,x10,1285	 x10:0x0000b000 x10=0x0000b505
          54070	     27031	000038dc	0000b5b7	lui	x11,0xb	 x11=0x0000b000
          54072	     27032	000038e0	50358593	addi	x11,x11,1283	 x11:0x0000b000 x11=0x0000b503
          54146	     27069	000038e4	02b57633	remu	x12,x10,x11	 x10:0x0000b505 x11:0x0000b503 x12=0x00000002
          54150	     27071	000038e8	20c2a023	sw	x12,512(x5)	  x5:0x00005854 x12:0x00000002 PA:0x00005a54 store:0x00000002 load:0x50550513
          54152	     27072	000038ec	0000b537	lui	x10,0xb	 x10=0x0000b000
          54154	     27073	000038f0	50550513	addi	x10,x10,1285	 x10:0x0000b000 x10=0x0000b505
          54156	     27074	000038f4	000105b7	lui	x11,0x10	 x11=0x00010000
          54158	     27075	000038f8	ffe58593	addi	x11,x11,-2	 x11:0x00010000 x11=0x0000fffe
          54232	     27112	000038fc	02b57633	remu	x12,x10,x11	 x10:0x0000b505 x11:0x0000fffe x12=0x0000b505
          54236	     27114	00003900	20c2a223	sw	x12,516(x5)	  x5:0x00005854 x12:0x0000b505 PA:0x00005a58 store:0x0000b505 load:0x50550513
          54238	     27115	00003904	0000b537	lui	x10,0xb	 x10=0x0000b000
          54240	     27116	00003908	50550513	addi	x10,x10,1285	 x10:0x0000b000 x10=0x0000b505
          54242	     27117	0000390c	555555b7	lui	x11,0x55555	 x11=0x55555000
          54244	     27118	00003910	55658593	addi	x11,x11,1366	 x11:0x55555000 x11=0x55555556
          54318	     27155	00003914	02b57633	remu	x12,x10,x11	 x10:0x0000b505 x11:0x55555556 x12=0x0000b505
          54322	     27157	00003918	20c2a423	sw	x12,520(x5)	  x5:0x00005854 x12:0x0000b505 PA:0x00005a5c store:0x0000b505 load:0x50550513
          54324	     27158	0000391c	0000b537	lui	x10,0xb	 x10=0x0000b000
          54326	     27159	00003920	50550513	addi	x10,x10,1285	 x10:0x0000b000 x10=0x0000b505
          54328	     27160	00003924	aaaab5b7	lui	x11,0xaaaab	 x11=0xaaaab000
          54330	     27161	00003928	aab58593	addi	x11,x11,-1365	 x11:0xaaaab000 x11=0xaaaaaaab
          54404	     27198	0000392c	02b57633	remu	x12,x10,x11	 x10:0x0000b505 x11:0xaaaaaaab x12=0x0000b505
          54408	     27200	00003930	20c2a623	sw	x12,524(x5)	  x5:0x00005854 x12:0x0000b505 PA:0x00005a60 store:0x0000b505 load:0x50550513
          54410	     27201	00003934	0000b537	lui	x10,0xb	 x10=0x0000b000
          54412	     27202	00003938	50550513	addi	x10,x10,1285	 x10:0x0000b000 x10=0x0000b505
          54414	     27203	0000393c	00600593	addi	x11,x0,6	  x0:0x00000000 x11=0x00000006
          54488	     27240	00003940	02b57633	remu	x12,x10,x11	 x10:0x0000b505 x11:0x00000006 x12=0x00000003
          54492	     27242	00003944	20c2a823	sw	x12,528(x5)	  x5:0x00005854 x12:0x00000003 PA:0x00005a64 store:0x00000003 load:0x50550513
          54494	     27243	00003948	0000b537	lui	x10,0xb	 x10=0x0000b000
          54496	     27244	0000394c	50550513	addi	x10,x10,1285	 x10:0x0000b000 x10=0x0000b505
          54498	     27245	00003950	333335b7	lui	x11,0x33333	 x11=0x33333000
          54500	     27246	00003954	33458593	addi	x11,x11,820	 x11:0x33333000 x11=0x33333334
          54574	     27283	00003958	02b57633	remu	x12,x10,x11	 x10:0x0000b505 x11:0x33333334 x12=0x0000b505
          54578	     27285	0000395c	20c2aa23	sw	x12,532(x5)	  x5:0x00005854 x12:0x0000b505 PA:0x00005a68 store:0x0000b505 load:0x50550513
          54580	     27286	00003960	0000b537	lui	x10,0xb	 x10=0x0000b000
          54582	     27287	00003964	50550513	addi	x10,x10,1285	 x10:0x0000b000 x10=0x0000b505
          54584	     27288	00003968	666665b7	lui	x11,0x66666	 x11=0x66666000
          54586	     27289	0000396c	66758593	addi	x11,x11,1639	 x11:0x66666000 x11=0x66666667
          54660	     27326	00003970	02b57633	remu	x12,x10,x11	 x10:0x0000b505 x11:0x66666667 x12=0x0000b505
          54664	     27328	00003974	20c2ac23	sw	x12,536(x5)	  x5:0x00005854 x12:0x0000b505 PA:0x00005a6c store:0x0000b505 load:0x50550513
          54666	     27329	00003978	0000b537	lui	x10,0xb	 x10=0x0000b000
          54668	     27330	0000397c	50550513	addi	x10,x10,1285	 x10:0x0000b000 x10=0x0000b505
          54670	     27331	00003980	0000b5b7	lui	x11,0xb	 x11=0x0000b000
          54672	     27332	00003984	50558593	addi	x11,x11,1285	 x11:0x0000b000 x11=0x0000b505
          54746	     27369	00003988	02b57633	remu	x12,x10,x11	 x10:0x0000b505 x11:0x0000b505 x12=0x00000000
          54750	     27371	0000398c	20c2ae23	sw	x12,540(x5)	  x5:0x00005854 x12:0x00000000 PA:0x00005a70 store:0x00000000 load:0x50550513
          54752	     27372	00003990	0000b537	lui	x10,0xb	 x10=0x0000b000
          54754	     27373	00003994	50550513	addi	x10,x10,1285	 x10:0x0000b000 x10=0x0000b505
          54756	     27374	00003998	00100593	addi	x11,x0,1	  x0:0x00000000 x11=0x00000001
          54830	     27411	0000399c	02b57633	remu	x12,x10,x11	 x10:0x0000b505 x11:0x00000001 x12=0x00000000
          54834	     27413	000039a0	22c2a023	sw	x12,544(x5)	  x5:0x00005854 x12:0x00000000 PA:0x00005a74 store:0x00000000 load:0x50550513
          54836	     27414	000039a4	0000b537	lui	x10,0xb	 x10=0x0000b000
          54838	     27415	000039a8	50550513	addi	x10,x10,1285	 x10:0x0000b000 x10=0x0000b505
          54840	     27416	000039ac	000105b7	lui	x11,0x10	 x11=0x00010000
          54914	     27453	000039b0	02b57633	remu	x12,x10,x11	 x10:0x0000b505 x11:0x00010000 x12=0x0000b505
          54918	     27455	000039b4	22c2a223	sw	x12,548(x5)	  x5:0x00005854 x12:0x0000b505 PA:0x00005a78 store:0x0000b505 load:0x00300593
          54920	     27456	000039b8	00100513	addi	x10,x0,1	  x0:0x00000000 x10=0x00000001
          54922	     27457	000039bc	00300593	addi	x11,x0,3	  x0:0x00000000 x11=0x00000003
          54996	     27494	000039c0	02b57633	remu	x12,x10,x11	 x10:0x00000001 x11:0x00000003 x12=0x00000001
          55000	     27496	000039c4	22c2a423	sw	x12,552(x5)	  x5:0x00005854 x12:0x00000001 PA:0x00005a7c store:0x00000001 load:0x555555b7
          55002	     27497	000039c8	00100513	addi	x10,x0,1	  x0:0x00000000 x10=0x00000001
          55004	     27498	000039cc	555555b7	lui	x11,0x55555	 x11=0x55555000
          55006	     27499	000039d0	55558593	addi	x11,x11,1365	 x11:0x55555000 x11=0x55555555
          55080	     27536	000039d4	02b57633	remu	x12,x10,x11	 x10:0x00000001 x11:0x55555555 x12=0x00000001
          55084	     27538	000039d8	22c2a623	sw	x12,556(x5)	  x5:0x00005854 x12:0x00000001 PA:0x00005a80 store:0x00000001 load:0xaaaab5b7
          55086	     27539	000039dc	00100513	addi	x10,x0,1	  x0:0x00000000 x10=0x00000001
          55088	     27540	000039e0	aaaab5b7	lui	x11,0xaaaab	 x11=0xaaaab000
          55090	     27541	000039e4	aaa58593	addi	x11,x11,-1366	 x11:0xaaaab000 x11=0xaaaaaaaa
          55164	     27578	000039e8	02b57633	remu	x12,x10,x11	 x10:0x00000001 x11:0xaaaaaaaa x12=0x00000001
          55168	     27580	000039ec	22c2a823	sw	x12,560(x5)	  x5:0x00005854 x12:0x00000001 PA:0x00005a84 store:0x00000001 load:0x00500593
          55170	     27581	000039f0	00100513	addi	x10,x0,1	  x0:0x00000000 x10=0x00000001
          55172	     27582	000039f4	00500593	addi	x11,x0,5	  x0:0x00000000 x11=0x00000005
          55246	     27619	000039f8	02b57633	remu	x12,x10,x11	 x10:0x00000001 x11:0x00000005 x12=0x00000001
          55250	     27621	000039fc	22c2aa23	sw	x12,564(x5)	  x5:0x00005854 x12:0x00000001 PA:0x00005a88 store:0x00000001 load:0x333335b7
          55252	     27622	00003a00	00100513	addi	x10,x0,1	  x0:0x00000000 x10=0x00000001
          55254	     27623	00003a04	333335b7	lui	x11,0x33333	 x11=0x33333000
          55256	     27624	00003a08	33358593	addi	x11,x11,819	 x11:0x33333000 x11=0x33333333
          55330	     27661	00003a0c	02b57633	remu	x12,x10,x11	 x10:0x00000001 x11:0x33333333 x12=0x00000001
          55334	     27663	00003a10	22c2ac23	sw	x12,568(x5)	  x5:0x00005854 x12:0x00000001 PA:0x00005a8c store:0x00000001 load:0x666665b7
          55336	     27664	00003a14	00100513	addi	x10,x0,1	  x0:0x00000000 x10=0x00000001
          55338	     27665	00003a18	666665b7	lui	x11,0x66666	 x11=0x66666000
          55340	     27666	00003a1c	66658593	addi	x11,x11,1638	 x11:0x66666000 x11=0x66666666
          55414	     27703	00003a20	02b57633	remu	x12,x10,x11	 x10:0x00000001 x11:0x66666666 x12=0x00000001
          55418	     27705	00003a24	22c2ae23	sw	x12,572(x5)	  x5:0x00005854 x12:0x00000001 PA:0x00005a90 store:0x00000001 load:0x0000b5b7
          55420	     27706	00003a28	00100513	addi	x10,x0,1	  x0:0x00000000 x10=0x00000001
          55422	     27707	00003a2c	0000b5b7	lui	x11,0xb	 x11=0x0000b000
          55424	     27708	00003a30	50458593	addi	x11,x11,1284	 x11:0x0000b000 x11=0x0000b504
          55498	     27745	00003a34	02b57633	remu	x12,x10,x11	 x10:0x00000001 x11:0x0000b504 x12=0x00000001
          55502	     27747	00003a38	24c2a023	sw	x12,576(x5)	  x5:0x00005854 x12:0x00000001 PA:0x00005a94 store:0x00000001 load:0x00000593
          55504	     27748	00003a3c	00100513	addi	x10,x0,1	  x0:0x00000000 x10=0x00000001
          55506	     27749	00003a40	00000593	addi	x11,x0,0	  x0:0x00000000 x11=0x00000000
          55510	     27751	00003a44	02b57633	remu	x12,x10,x11	 x10:0x00000001 x11:0x00000000 x12=0x00000001
          55514	     27753	00003a48	24c2a223	sw	x12,580(x5)	  x5:0x00005854 x12:0x00000001 PA:0x00005a98 store:0x00000001 load:0x000105b7
          55516	     27754	00003a4c	00100513	addi	x10,x0,1	  x0:0x00000000 x10=0x00000001
          55518	     27755	00003a50	000105b7	lui	x11,0x10	 x11=0x00010000
          55520	     27756	00003a54	fff58593	addi	x11,x11,-1	 x11:0x00010000 x11=0x0000ffff
          55594	     27793	00003a58	02b57633	remu	x12,x10,x11	 x10:0x00000001 x11:0x0000ffff x12=0x00000001
          55598	     27795	00003a5c	24c2a423	sw	x12,584(x5)	  x5:0x00005854 x12:0x00000001 PA:0x00005a9c store:0x00000001 load:0x00200593
          55600	     27796	00003a60	00100513	addi	x10,x0,1	  x0:0x00000000 x10=0x00000001
          55602	     27797	00003a64	00200593	addi	x11,x0,2	  x0:0x00000000 x11=0x00000002
          55676	     27834	00003a68	02b57633	remu	x12,x10,x11	 x10:0x00000001 x11:0x00000002 x12=0x00000001
          55680	     27836	00003a6c	24c2a623	sw	x12,588(x5)	  x5:0x00005854 x12:0x00000001 PA:0x00005aa0 store:0x00000001 load:0x555555b7
          55682	     27837	00003a70	00100513	addi	x10,x0,1	  x0:0x00000000 x10=0x00000001
          55684	     27838	00003a74	555555b7	lui	x11,0x55555	 x11=0x55555000
          55686	     27839	00003a78	55458593	addi	x11,x11,1364	 x11:0x55555000 x11=0x55555554
          55760	     27876	00003a7c	02b57633	remu	x12,x10,x11	 x10:0x00000001 x11:0x55555554 x12=0x00000001
          55764	     27878	00003a80	24c2a823	sw	x12,592(x5)	  x5:0x00005854 x12:0x00000001 PA:0x00005aa4 store:0x00000001 load:0xaaaab5b7
          55766	     27879	00003a84	00100513	addi	x10,x0,1	  x0:0x00000000 x10=0x00000001
          55768	     27880	00003a88	aaaab5b7	lui	x11,0xaaaab	 x11=0xaaaab000
          55770	     27881	00003a8c	aa958593	addi	x11,x11,-1367	 x11:0xaaaab000 x11=0xaaaaaaa9
          55844	     27918	00003a90	02b57633	remu	x12,x10,x11	 x10:0x00000001 x11:0xaaaaaaa9 x12=0x00000001
          55848	     27920	00003a94	24c2aa23	sw	x12,596(x5)	  x5:0x00005854 x12:0x00000001 PA:0x00005aa8 store:0x00000001 load:0x00400593
          55850	     27921	00003a98	00100513	addi	x10,x0,1	  x0:0x00000000 x10=0x00000001
          55852	     27922	00003a9c	00400593	addi	x11,x0,4	  x0:0x00000000 x11=0x00000004
          55926	     27959	00003aa0	02b57633	remu	x12,x10,x11	 x10:0x00000001 x11:0x00000004 x12=0x00000001
          55930	     27961	00003aa4	24c2ac23	sw	x12,600(x5)	  x5:0x00005854 x12:0x00000001 PA:0x00005aac store:0x00000001 load:0x333335b7
          55932	     27962	00003aa8	00100513	addi	x10,x0,1	  x0:0x00000000 x10=0x00000001
          55934	     27963	00003aac	333335b7	lui	x11,0x33333	 x11=0x33333000
          55936	     27964	00003ab0	33258593	addi	x11,x11,818	 x11:0x33333000 x11=0x33333332
          56010	     28001	00003ab4	02b57633	remu	x12,x10,x11	 x10:0x00000001 x11:0x33333332 x12=0x00000001
          56014	     28003	00003ab8	24c2ae23	sw	x12,604(x5)	  x5:0x00005854 x12:0x00000001 PA:0x00005ab0 store:0x00000001 load:0x666665b7
          56016	     28004	00003abc	00100513	addi	x10,x0,1	  x0:0x00000000 x10=0x00000001
          56018	     28005	00003ac0	666665b7	lui	x11,0x66666	 x11=0x66666000
          56020	     28006	00003ac4	66558593	addi	x11,x11,1637	 x11:0x66666000 x11=0x66666665
          56094	     28043	00003ac8	02b57633	remu	x12,x10,x11	 x10:0x00000001 x11:0x66666665 x12=0x00000001
          56098	     28045	00003acc	26c2a023	sw	x12,608(x5)	  x5:0x00005854 x12:0x00000001 PA:0x00005ab4 store:0x00000001 load:0x0000b5b7
          56100	     28046	00003ad0	00100513	addi	x10,x0,1	  x0:0x00000000 x10=0x00000001
          56102	     28047	00003ad4	0000b5b7	lui	x11,0xb	 x11=0x0000b000
          56104	     28048	00003ad8	50358593	addi	x11,x11,1283	 x11:0x0000b000 x11=0x0000b503
          56178	     28085	00003adc	02b57633	remu	x12,x10,x11	 x10:0x00000001 x11:0x0000b503 x12=0x00000001
          56182	     28087	00003ae0	26c2a223	sw	x12,612(x5)	  x5:0x00005854 x12:0x00000001 PA:0x00005ab8 store:0x00000001 load:0x000105b7
          56184	     28088	00003ae4	00100513	addi	x10,x0,1	  x0:0x00000000 x10=0x00000001
          56186	     28089	00003ae8	000105b7	lui	x11,0x10	 x11=0x00010000
          56188	     28090	00003aec	ffe58593	addi	x11,x11,-2	 x11:0x00010000 x11=0x0000fffe
          56262	     28127	00003af0	02b57633	remu	x12,x10,x11	 x10:0x00000001 x11:0x0000fffe x12=0x00000001
          56266	     28129	00003af4	26c2a423	sw	x12,616(x5)	  x5:0x00005854 x12:0x00000001 PA:0x00005abc store:0x00000001 load:0x555555b7
          56268	     28130	00003af8	00100513	addi	x10,x0,1	  x0:0x00000000 x10=0x00000001
          56270	     28131	00003afc	555555b7	lui	x11,0x55555	 x11=0x55555000
          56272	     28132	00003b00	55658593	addi	x11,x11,1366	 x11:0x55555000 x11=0x55555556
          56346	     28169	00003b04	02b57633	remu	x12,x10,x11	 x10:0x00000001 x11:0x55555556 x12=0x00000001
          56350	     28171	00003b08	26c2a623	sw	x12,620(x5)	  x5:0x00005854 x12:0x00000001 PA:0x00005ac0 store:0x00000001 load:0xaaaab5b7
          56352	     28172	00003b0c	00100513	addi	x10,x0,1	  x0:0x00000000 x10=0x00000001
          56354	     28173	00003b10	aaaab5b7	lui	x11,0xaaaab	 x11=0xaaaab000
          56356	     28174	00003b14	aab58593	addi	x11,x11,-1365	 x11:0xaaaab000 x11=0xaaaaaaab
          56430	     28211	00003b18	02b57633	remu	x12,x10,x11	 x10:0x00000001 x11:0xaaaaaaab x12=0x00000001
          56434	     28213	00003b1c	26c2a823	sw	x12,624(x5)	  x5:0x00005854 x12:0x00000001 PA:0x00005ac4 store:0x00000001 load:0x00600593
          56436	     28214	00003b20	00100513	addi	x10,x0,1	  x0:0x00000000 x10=0x00000001
          56438	     28215	00003b24	00600593	addi	x11,x0,6	  x0:0x00000000 x11=0x00000006
          56512	     28252	00003b28	02b57633	remu	x12,x10,x11	 x10:0x00000001 x11:0x00000006 x12=0x00000001
          56516	     28254	00003b2c	26c2aa23	sw	x12,628(x5)	  x5:0x00005854 x12:0x00000001 PA:0x00005ac8 store:0x00000001 load:0x333335b7
          56518	     28255	00003b30	00100513	addi	x10,x0,1	  x0:0x00000000 x10=0x00000001
          56520	     28256	00003b34	333335b7	lui	x11,0x33333	 x11=0x33333000
          56522	     28257	00003b38	33458593	addi	x11,x11,820	 x11:0x33333000 x11=0x33333334
          56596	     28294	00003b3c	02b57633	remu	x12,x10,x11	 x10:0x00000001 x11:0x33333334 x12=0x00000001
          56600	     28296	00003b40	26c2ac23	sw	x12,632(x5)	  x5:0x00005854 x12:0x00000001 PA:0x00005acc store:0x00000001 load:0x666665b7
          56602	     28297	00003b44	00100513	addi	x10,x0,1	  x0:0x00000000 x10=0x00000001
          56604	     28298	00003b48	666665b7	lui	x11,0x66666	 x11=0x66666000
          56606	     28299	00003b4c	66758593	addi	x11,x11,1639	 x11:0x66666000 x11=0x66666667
          56680	     28336	00003b50	02b57633	remu	x12,x10,x11	 x10:0x00000001 x11:0x66666667 x12=0x00000001
          56684	     28338	00003b54	26c2ae23	sw	x12,636(x5)	  x5:0x00005854 x12:0x00000001 PA:0x00005ad0 store:0x00000001 load:0x0000b5b7
          56686	     28339	00003b58	00100513	addi	x10,x0,1	  x0:0x00000000 x10=0x00000001
          56688	     28340	00003b5c	0000b5b7	lui	x11,0xb	 x11=0x0000b000
          56690	     28341	00003b60	50558593	addi	x11,x11,1285	 x11:0x0000b000 x11=0x0000b505
          56764	     28378	00003b64	02b57633	remu	x12,x10,x11	 x10:0x00000001 x11:0x0000b505 x12=0x00000001
          56768	     28380	00003b68	28c2a023	sw	x12,640(x5)	  x5:0x00005854 x12:0x00000001 PA:0x00005ad4 store:0x00000001 load:0x00100593
          56770	     28381	00003b6c	00100513	addi	x10,x0,1	  x0:0x00000000 x10=0x00000001
          56772	     28382	00003b70	00100593	addi	x11,x0,1	  x0:0x00000000 x11=0x00000001
          56846	     28419	00003b74	02b57633	remu	x12,x10,x11	 x10:0x00000001 x11:0x00000001 x12=0x00000000
          56850	     28421	00003b78	28c2a223	sw	x12,644(x5)	  x5:0x00005854 x12:0x00000000 PA:0x00005ad8 store:0x00000000 load:0x000105b7
          56852	     28422	00003b7c	00100513	addi	x10,x0,1	  x0:0x00000000 x10=0x00000001
          56854	     28423	00003b80	000105b7	lui	x11,0x10	 x11=0x00010000
          56928	     28460	00003b84	02b57633	remu	x12,x10,x11	 x10:0x00000001 x11:0x00010000 x12=0x00000001
          56932	     28462	00003b88	28c2a423	sw	x12,648(x5)	  x5:0x00005854 x12:0x00000001 PA:0x00005adc store:0x00000001 load:0x00300593
          56934	     28463	00003b8c	00010537	lui	x10,0x10	 x10=0x00010000
          56936	     28464	00003b90	00300593	addi	x11,x0,3	  x0:0x00000000 x11=0x00000003
          57010	     28501	00003b94	02b57633	remu	x12,x10,x11	 x10:0x00010000 x11:0x00000003 x12=0x00000001
          57014	     28503	00003b98	28c2a623	sw	x12,652(x5)	  x5:0x00005854 x12:0x00000001 PA:0x00005ae0 store:0x00000001 load:0x555555b7
          57016	     28504	00003b9c	00010537	lui	x10,0x10	 x10=0x00010000
          57018	     28505	00003ba0	555555b7	lui	x11,0x55555	 x11=0x55555000
          57020	     28506	00003ba4	55558593	addi	x11,x11,1365	 x11:0x55555000 x11=0x55555555
          57094	     28543	00003ba8	02b57633	remu	x12,x10,x11	 x10:0x00010000 x11:0x55555555 x12=0x00010000
          57098	     28545	00003bac	28c2a823	sw	x12,656(x5)	  x5:0x00005854 x12:0x00010000 PA:0x00005ae4 store:0x00010000 load:0xaaaab5b7
          57100	     28546	00003bb0	00010537	lui	x10,0x10	 x10=0x00010000
          57102	     28547	00003bb4	aaaab5b7	lui	x11,0xaaaab	 x11=0xaaaab000
          57104	     28548	00003bb8	aaa58593	addi	x11,x11,-1366	 x11:0xaaaab000 x11=0xaaaaaaaa
          57178	     28585	00003bbc	02b57633	remu	x12,x10,x11	 x10:0x00010000 x11:0xaaaaaaaa x12=0x00010000
          57182	     28587	00003bc0	28c2aa23	sw	x12,660(x5)	  x5:0x00005854 x12:0x00010000 PA:0x00005ae8 store:0x00010000 load:0x00500593
          57184	     28588	00003bc4	00010537	lui	x10,0x10	 x10=0x00010000
          57186	     28589	00003bc8	00500593	addi	x11,x0,5	  x0:0x00000000 x11=0x00000005
          57260	     28626	00003bcc	02b57633	remu	x12,x10,x11	 x10:0x00010000 x11:0x00000005 x12=0x00000001
          57264	     28628	00003bd0	28c2ac23	sw	x12,664(x5)	  x5:0x00005854 x12:0x00000001 PA:0x00005aec store:0x00000001 load:0x333335b7
          57266	     28629	00003bd4	00010537	lui	x10,0x10	 x10=0x00010000
          57268	     28630	00003bd8	333335b7	lui	x11,0x33333	 x11=0x33333000
          57270	     28631	00003bdc	33358593	addi	x11,x11,819	 x11:0x33333000 x11=0x33333333
          57344	     28668	00003be0	02b57633	remu	x12,x10,x11	 x10:0x00010000 x11:0x33333333 x12=0x00010000
          57348	     28670	00003be4	28c2ae23	sw	x12,668(x5)	  x5:0x00005854 x12:0x00010000 PA:0x00005af0 store:0x00010000 load:0x666665b7
          57350	     28671	00003be8	00010537	lui	x10,0x10	 x10=0x00010000
          57352	     28672	00003bec	666665b7	lui	x11,0x66666	 x11=0x66666000
          57354	     28673	00003bf0	66658593	addi	x11,x11,1638	 x11:0x66666000 x11=0x66666666
          57428	     28710	00003bf4	02b57633	remu	x12,x10,x11	 x10:0x00010000 x11:0x66666666 x12=0x00010000
          57432	     28712	00003bf8	2ac2a023	sw	x12,672(x5)	  x5:0x00005854 x12:0x00010000 PA:0x00005af4 store:0x00010000 load:0x0000b5b7
          57434	     28713	00003bfc	00010537	lui	x10,0x10	 x10=0x00010000
          57436	     28714	00003c00	0000b5b7	lui	x11,0xb	 x11=0x0000b000
          57438	     28715	00003c04	50458593	addi	x11,x11,1284	 x11:0x0000b000 x11=0x0000b504
          57512	     28752	00003c08	02b57633	remu	x12,x10,x11	 x10:0x00010000 x11:0x0000b504 x12=0x00004afc
          57516	     28754	00003c0c	2ac2a223	sw	x12,676(x5)	  x5:0x00005854 x12:0x00004afc PA:0x00005af8 store:0x00004afc load:0x00000593
          57518	     28755	00003c10	00010537	lui	x10,0x10	 x10=0x00010000
          57520	     28756	00003c14	00000593	addi	x11,x0,0	  x0:0x00000000 x11=0x00000000
          57524	     28758	00003c18	02b57633	remu	x12,x10,x11	 x10:0x00010000 x11:0x00000000 x12=0x00010000
          57528	     28760	00003c1c	2ac2a423	sw	x12,680(x5)	  x5:0x00005854 x12:0x00010000 PA:0x00005afc store:0x00010000 load:0x000105b7
          57530	     28761	00003c20	00010537	lui	x10,0x10	 x10=0x00010000
          57532	     28762	00003c24	000105b7	lui	x11,0x10	 x11=0x00010000
          57534	     28763	00003c28	fff58593	addi	x11,x11,-1	 x11:0x00010000 x11=0x0000ffff
          57608	     28800	00003c2c	02b57633	remu	x12,x10,x11	 x10:0x00010000 x11:0x0000ffff x12=0x00000001
          57612	     28802	00003c30	2ac2a623	sw	x12,684(x5)	  x5:0x00005854 x12:0x00000001 PA:0x00005b00 store:0x00000001 load:0x00200593
          57614	     28803	00003c34	00010537	lui	x10,0x10	 x10=0x00010000
          57616	     28804	00003c38	00200593	addi	x11,x0,2	  x0:0x00000000 x11=0x00000002
          57690	     28841	00003c3c	02b57633	remu	x12,x10,x11	 x10:0x00010000 x11:0x00000002 x12=0x00000000
          57694	     28843	00003c40	2ac2a823	sw	x12,688(x5)	  x5:0x00005854 x12:0x00000000 PA:0x00005b04 store:0x00000000 load:0x555555b7
          57696	     28844	00003c44	00010537	lui	x10,0x10	 x10=0x00010000
          57698	     28845	00003c48	555555b7	lui	x11,0x55555	 x11=0x55555000
          57700	     28846	00003c4c	55458593	addi	x11,x11,1364	 x11:0x55555000 x11=0x55555554
          57774	     28883	00003c50	02b57633	remu	x12,x10,x11	 x10:0x00010000 x11:0x55555554 x12=0x00010000
          57778	     28885	00003c54	2ac2aa23	sw	x12,692(x5)	  x5:0x00005854 x12:0x00010000 PA:0x00005b08 store:0x00010000 load:0xaaaab5b7
          57780	     28886	00003c58	00010537	lui	x10,0x10	 x10=0x00010000
          57782	     28887	00003c5c	aaaab5b7	lui	x11,0xaaaab	 x11=0xaaaab000
          57784	     28888	00003c60	aa958593	addi	x11,x11,-1367	 x11:0xaaaab000 x11=0xaaaaaaa9
          57858	     28925	00003c64	02b57633	remu	x12,x10,x11	 x10:0x00010000 x11:0xaaaaaaa9 x12=0x00010000
          57862	     28927	00003c68	2ac2ac23	sw	x12,696(x5)	  x5:0x00005854 x12:0x00010000 PA:0x00005b0c store:0x00010000 load:0x00400593
          57864	     28928	00003c6c	00010537	lui	x10,0x10	 x10=0x00010000
          57866	     28929	00003c70	00400593	addi	x11,x0,4	  x0:0x00000000 x11=0x00000004
          57940	     28966	00003c74	02b57633	remu	x12,x10,x11	 x10:0x00010000 x11:0x00000004 x12=0x00000000
          57944	     28968	00003c78	2ac2ae23	sw	x12,700(x5)	  x5:0x00005854 x12:0x00000000 PA:0x00005b10 store:0x00000000 load:0x333335b7
          57946	     28969	00003c7c	00010537	lui	x10,0x10	 x10=0x00010000
          57948	     28970	00003c80	333335b7	lui	x11,0x33333	 x11=0x33333000
          57950	     28971	00003c84	33258593	addi	x11,x11,818	 x11:0x33333000 x11=0x33333332
          58024	     29008	00003c88	02b57633	remu	x12,x10,x11	 x10:0x00010000 x11:0x33333332 x12=0x00010000
          58028	     29010	00003c8c	2cc2a023	sw	x12,704(x5)	  x5:0x00005854 x12:0x00010000 PA:0x00005b14 store:0x00010000 load:0x666665b7
          58030	     29011	00003c90	00010537	lui	x10,0x10	 x10=0x00010000
          58032	     29012	00003c94	666665b7	lui	x11,0x66666	 x11=0x66666000
          58034	     29013	00003c98	66558593	addi	x11,x11,1637	 x11:0x66666000 x11=0x66666665
          58108	     29050	00003c9c	02b57633	remu	x12,x10,x11	 x10:0x00010000 x11:0x66666665 x12=0x00010000
          58112	     29052	00003ca0	2cc2a223	sw	x12,708(x5)	  x5:0x00005854 x12:0x00010000 PA:0x00005b18 store:0x00010000 load:0x0000b5b7
          58114	     29053	00003ca4	00010537	lui	x10,0x10	 x10=0x00010000
          58116	     29054	00003ca8	0000b5b7	lui	x11,0xb	 x11=0x0000b000
          58118	     29055	00003cac	50358593	addi	x11,x11,1283	 x11:0x0000b000 x11=0x0000b503
          58192	     29092	00003cb0	02b57633	remu	x12,x10,x11	 x10:0x00010000 x11:0x0000b503 x12=0x00004afd
          58196	     29094	00003cb4	2cc2a423	sw	x12,712(x5)	  x5:0x00005854 x12:0x00004afd PA:0x00005b1c store:0x00004afd load:0x000105b7
          58198	     29095	00003cb8	00010537	lui	x10,0x10	 x10=0x00010000
          58200	     29096	00003cbc	000105b7	lui	x11,0x10	 x11=0x00010000
          58202	     29097	00003cc0	ffe58593	addi	x11,x11,-2	 x11:0x00010000 x11=0x0000fffe
          58276	     29134	00003cc4	02b57633	remu	x12,x10,x11	 x10:0x00010000 x11:0x0000fffe x12=0x00000002
          58280	     29136	00003cc8	2cc2a623	sw	x12,716(x5)	  x5:0x00005854 x12:0x00000002 PA:0x00005b20 store:0x00000002 load:0x555555b7
          58282	     29137	00003ccc	00010537	lui	x10,0x10	 x10=0x00010000
          58284	     29138	00003cd0	555555b7	lui	x11,0x55555	 x11=0x55555000
          58286	     29139	00003cd4	55658593	addi	x11,x11,1366	 x11:0x55555000 x11=0x55555556
          58360	     29176	00003cd8	02b57633	remu	x12,x10,x11	 x10:0x00010000 x11:0x55555556 x12=0x00010000
          58364	     29178	00003cdc	2cc2a823	sw	x12,720(x5)	  x5:0x00005854 x12:0x00010000 PA:0x00005b24 store:0x00010000 load:0xaaaab5b7
          58366	     29179	00003ce0	00010537	lui	x10,0x10	 x10=0x00010000
          58368	     29180	00003ce4	aaaab5b7	lui	x11,0xaaaab	 x11=0xaaaab000
          58370	     29181	00003ce8	aab58593	addi	x11,x11,-1365	 x11:0xaaaab000 x11=0xaaaaaaab
          58444	     29218	00003cec	02b57633	remu	x12,x10,x11	 x10:0x00010000 x11:0xaaaaaaab x12=0x00010000
          58448	     29220	00003cf0	2cc2aa23	sw	x12,724(x5)	  x5:0x00005854 x12:0x00010000 PA:0x00005b28 store:0x00010000 load:0x00600593
          58450	     29221	00003cf4	00010537	lui	x10,0x10	 x10=0x00010000
          58452	     29222	00003cf8	00600593	addi	x11,x0,6	  x0:0x00000000 x11=0x00000006
          58526	     29259	00003cfc	02b57633	remu	x12,x10,x11	 x10:0x00010000 x11:0x00000006 x12=0x00000004
          58530	     29261	00003d00	2cc2ac23	sw	x12,728(x5)	  x5:0x00005854 x12:0x00000004 PA:0x00005b2c store:0x00000004 load:0x666665b7
          58532	     29262	00003d04	00010537	lui	x10,0x10	 x10=0x00010000
          58534	     29263	00003d08	666665b7	lui	x11,0x66666	 x11=0x66666000
          58536	     29264	00003d0c	66758593	addi	x11,x11,1639	 x11:0x66666000 x11=0x66666667
          58610	     29301	00003d10	02b57633	remu	x12,x10,x11	 x10:0x00010000 x11:0x66666667 x12=0x00010000
          58614	     29303	00003d14	2cc2ae23	sw	x12,732(x5)	  x5:0x00005854 x12:0x00010000 PA:0x00005b30 store:0x00010000 load:0x0000b5b7
          58616	     29304	00003d18	00010537	lui	x10,0x10	 x10=0x00010000
          58618	     29305	00003d1c	0000b5b7	lui	x11,0xb	 x11=0x0000b000
          58620	     29306	00003d20	50558593	addi	x11,x11,1285	 x11:0x0000b000 x11=0x0000b505
          58694	     29343	00003d24	02b57633	remu	x12,x10,x11	 x10:0x00010000 x11:0x0000b505 x12=0x00004afb
          58698	     29345	00003d28	2ec2a023	sw	x12,736(x5)	  x5:0x00005854 x12:0x00004afb PA:0x00005b34 store:0x00004afb load:0x00100593
          58700	     29346	00003d2c	00010537	lui	x10,0x10	 x10=0x00010000
          58702	     29347	00003d30	00100593	addi	x11,x0,1	  x0:0x00000000 x11=0x00000001
          58776	     29384	00003d34	02b57633	remu	x12,x10,x11	 x10:0x00010000 x11:0x00000001 x12=0x00000000
          58780	     29386	00003d38	2ec2a223	sw	x12,740(x5)	  x5:0x00005854 x12:0x00000000 PA:0x00005b38 store:0x00000000 load:0x000105b7
          58782	     29387	00003d3c	00010537	lui	x10,0x10	 x10=0x00010000
          58784	     29388	00003d40	000105b7	lui	x11,0x10	 x11=0x00010000
          58858	     29425	00003d44	02b57633	remu	x12,x10,x11	 x10:0x00010000 x11:0x00010000 x12=0x00000000
          58862	     29427	00003d48	2ec2a423	sw	x12,744(x5)	  x5:0x00005854 x12:0x00000000 PA:0x00005b3c store:0x00000000 load:0x66550513
          58864	     29428	00003d4c	66666537	lui	x10,0x66666	 x10=0x66666000
          58866	     29429	00003d50	66550513	addi	x10,x10,1637	 x10:0x66666000 x10=0x66666665
          58868	     29430	00003d54	00600593	addi	x11,x0,6	  x0:0x00000000 x11=0x00000006
          58942	     29467	00003d58	02b57633	remu	x12,x10,x11	 x10:0x66666665 x11:0x00000006 x12=0x00000005
          58946	     29469	00003d5c	2ec2a623	sw	x12,748(x5)	  x5:0x00005854 x12:0x00000005 PA:0x00005b40 store:0x00000005 load:0x66550513
          58948	     29470	00003d60	66666537	lui	x10,0x66666	 x10=0x66666000
          58950	     29471	00003d64	66550513	addi	x10,x10,1637	 x10:0x66666000 x10=0x66666665
          58952	     29472	00003d68	333335b7	lui	x11,0x33333	 x11=0x33333000
          58954	     29473	00003d6c	33458593	addi	x11,x11,820	 x11:0x33333000 x11=0x33333334
          59028	     29510	00003d70	02b57633	remu	x12,x10,x11	 x10:0x66666665 x11:0x33333334 x12=0x33333331
          59032	     29512	00003d74	2ec2a823	sw	x12,752(x5)	  x5:0x00005854 x12:0x33333331 PA:0x00005b44 store:0x33333331 load:0x66550513
          59034	     29513	00003d78	66666537	lui	x10,0x66666	 x10=0x66666000
          59036	     29514	00003d7c	66550513	addi	x10,x10,1637	 x10:0x66666000 x10=0x66666665
          59038	     29515	00003d80	666665b7	lui	x11,0x66666	 x11=0x66666000
          59040	     29516	00003d84	66758593	addi	x11,x11,1639	 x11:0x66666000 x11=0x66666667
          59114	     29553	00003d88	02b57633	remu	x12,x10,x11	 x10:0x66666665 x11:0x66666667 x12=0x66666665
          59118	     29555	00003d8c	2ec2aa23	sw	x12,756(x5)	  x5:0x00005854 x12:0x66666665 PA:0x00005b48 store:0x66666665 load:0x66550513
          59120	     29556	00003d90	66666537	lui	x10,0x66666	 x10=0x66666000
          59122	     29557	00003d94	66550513	addi	x10,x10,1637	 x10:0x66666000 x10=0x66666665
          59124	     29558	00003d98	0000b5b7	lui	x11,0xb	 x11=0x0000b000
          59126	     29559	00003d9c	50558593	addi	x11,x11,1285	 x11:0x0000b000 x11=0x0000b505
          59200	     29596	00003da0	02b57633	remu	x12,x10,x11	 x10:0x66666665 x11:0x0000b505 x12=0x00008255
          59204	     29598	00003da4	2ec2ac23	sw	x12,760(x5)	  x5:0x00005854 x12:0x00008255 PA:0x00005b4c store:0x00008255 load:0x008005b7
          59206	     29599	00003da8	00800537	lui	x10,0x800	 x10=0x00800000
          59208	     29600	00003dac	008005b7	lui	x11,0x800	 x11=0x00800000
          59282	     29637	00003db0	02b57633	remu	x12,x10,x11	 x10:0x00800000 x11:0x00800000 x12=0x00000000
          59286	     29639	00003db4	2ec2ae23	sw	x12,764(x5)	  x5:0x00005854 x12:0x00000000 PA:0x00005b50 store:0x00000000 load:0xaaa50513
          59288	     29640	00003db8	aaaab537	lui	x10,0xaaaab	 x10=0xaaaab000
          59290	     29641	00003dbc	aaa50513	addi	x10,x10,-1366	 x10:0xaaaab000 x10=0xaaaaaaaa
          59292	     29642	00003dc0	00100593	addi	x11,x0,1	  x0:0x00000000 x11=0x00000001
          59366	     29679	00003dc4	02b57633	remu	x12,x10,x11	 x10:0xaaaaaaaa x11:0x00000001 x12=0x00000000
          59370	     29681	00003dc8	30c2a023	sw	x12,768(x5)	  x5:0x00005854 x12:0x00000000 PA:0x00005b54 store:0x00000000 load:0xffff85b7
          59372	     29682	00003dcc	00100513	addi	x10,x0,1	  x0:0x00000000 x10=0x00000001
          59374	     29683	00003dd0	ffff85b7	lui	x11,0xffff8	 x11=0xffff8000
          59376	     29684	00003dd4	fff58593	addi	x11,x11,-1	 x11:0xffff8000 x11=0xffff7fff
          59450	     29721	00003dd8	02b57633	remu	x12,x10,x11	 x10:0x00000001 x11:0xffff7fff x12=0x00000001
          59454	     29723	00003ddc	30c2a223	sw	x12,772(x5)	  x5:0x00005854 x12:0x00000001 PA:0x00005b58 store:0x00000001 load:0xfff50513
          59456	     29724	00003de0	ffff0537	lui	x10,0xffff0	 x10=0xffff0000
          59458	     29725	00003de4	fff50513	addi	x10,x10,-1	 x10:0xffff0000 x10=0xfffeffff
          59460	     29726	00003de8	000015b7	lui	x11,0x1	 x11=0x00001000
          59534	     29763	00003dec	02b57633	remu	x12,x10,x11	 x10:0xfffeffff x11:0x00001000 x12=0x00000fff
          59538	     29765	00003df0	30c2a423	sw	x12,776(x5)	  x5:0x00005854 x12:0x00000fff PA:0x00005b5c store:0x00000fff load:0x00000013
          59540	     29766	00003df4	00000013	addi	x0,x0,0	  x0:0x00000000  x0=0x00000000
          59542	     29767	00003df8	00000013	addi	x0,x0,0	  x0:0x00000000  x0=0x00000000
          59544	     29768	00003dfc	00000013	addi	x0,x0,0	  x0:0x00000000  x0=0x00000000
          59546	     29769	00003e00	00001297	auipc	x5,0x1	  x5=0x00004e00
          59548	     29770	00003e04	21028293	addi	x5,x5,528	  x5:0x00004e00  x5=0x00005010
          59550	     29771	00003e08	00020337	lui	x6,0x20	  x6=0x00020000
          59552	     29772	00003e0c	00430313	addi	x6,x6,4	  x6:0x00020000  x6=0x00020004
          59556	     29774	00003e10	00532023	sw	x5,0(x6)	  x6:0x00020004  x5:0x00005010 PA:0x00020004 store:0x00005010 load:0x00000000
          59558	     29775	00003e14	00002297	auipc	x5,0x2	  x5=0x00005e14
          59560	     29776	00003e18	d4c28293	addi	x5,x5,-692	  x5:0x00005e14  x5=0x00005b60
          59562	     29777	00003e1c	00020337	lui	x6,0x20	  x6=0x00020000
          59564	     29778	00003e20	00830313	addi	x6,x6,8	  x6:0x00020000  x6=0x00020008
          59568	     29780	00003e24	00532023	sw	x5,0(x6)	  x6:0x00020008  x5:0x00005b60 PA:0x00020008 store:0x00005b60 load:0x00000000
          59570	     29781	00003e28	00100293	addi	x5,x0,1	  x0:0x00000000  x5=0x00000001
          59572	     29782	00003e2c	00020337	lui	x6,0x20	  x6=0x00020000
          59576	     29784	00003e30	00532023	sw	x5,0(x6)	  x6:0x00020000  x5:0x00000001 PA:0x00020000 store:0x00000001 load:0x00000000
          59578	     29785	00003e34	0ff0000f	fence	iorw,iorw	
          59580	     29786	00003e38	00100193	addi	x3,x0,1	  x0:0x00000000  x3=0x00000001
