enabling storing illegal instruction bits in mtval.
PMP count: 16
PMP grain: 0
setting ram-size to 8796093022208 MB
setting signature-granularity to 8 bytes
using /home/user/Work/New_Repo/riscv-arch-test-PR/riscof-plugins/rv64/riscof_work/pmp64-NA4-RW-priority-level-2.S/ref/Reference-sail_c_simulator.signature for test-signature output.
tohost located at 0x80000000002000
Running file ref.elf.
ELF Entry @ 0x80000000000000
begin_signature: 0x80000000004210
end_signature: 0x80000000004730
CSR mstatus <- 0x0000000A00000000 (input: 0x0000000000000000)
mem[X,0x0000000000001000] -> 0x0297
mem[X,0x0000000000001002] -> 0x0000
[0] [M]: 0x0000000000001000 (0x00000297) auipc t0, 0x0
x5 <- 0x0000000000001000

mem[X,0x0000000000001004] -> 0x8593
mem[X,0x0000000000001006] -> 0x0202
[1] [M]: 0x0000000000001004 (0x02028593) addi a1, t0, 0x20
x11 <- 0x0000000000001020

mem[X,0x0000000000001008] -> 0x2573
mem[X,0x000000000000100A] -> 0xF140
[2] [M]: 0x0000000000001008 (0xF1402573) csrrs a0, mhartid, zero
CSR mhartid -> 0x0000000000000000
x10 <- 0x0000000000000000

mem[X,0x000000000000100C] -> 0xB283
mem[X,0x000000000000100E] -> 0x0182
[3] [M]: 0x000000000000100C (0x0182B283) ld t0, 0x18(t0)
mem[R,0x0000000000001018] -> 0x0080000000000000
x5 <- 0x0080000000000000

mem[X,0x0000000000001010] -> 0x8067
mem[X,0x0000000000001012] -> 0x0002
[4] [M]: 0x0000000000001010 (0x00028067) jalr zero, 0x0(t0)

mem[X,0x0080000000000000] -> 0x3317
mem[X,0x0080000000000002] -> 0x0000
[5] [M]: 0x0080000000000000 (0x00003317) auipc t1, 0x3
x6 <- 0x0080000000003000

mem[X,0x0080000000000004] -> 0x0313
mem[X,0x0080000000000006] -> 0x0003
[6] [M]: 0x0080000000000004 (0x00030313) addi t1, t1, 0x0
x6 <- 0x0080000000003000

mem[X,0x0080000000000008] -> 0x0013
mem[X,0x008000000000000A] -> 0x0000
[7] [M]: 0x0080000000000008 (0x00000013) addi zero, zero, 0x0

mem[X,0x008000000000000C] -> 0x0013
mem[X,0x008000000000000E] -> 0x0000
[8] [M]: 0x008000000000000C (0x00000013) addi zero, zero, 0x0

mem[X,0x0080000000000010] -> 0x0013
mem[X,0x0080000000000012] -> 0x0000
[9] [M]: 0x0080000000000010 (0x00000013) addi zero, zero, 0x0

mem[X,0x0080000000000014] -> 0x0013
mem[X,0x0080000000000016] -> 0x0000
[10] [M]: 0x0080000000000014 (0x00000013) addi zero, zero, 0x0

mem[X,0x0080000000000018] -> 0x0013
mem[X,0x008000000000001A] -> 0x0000
[11] [M]: 0x0080000000000018 (0x00000013) addi zero, zero, 0x0

mem[X,0x008000000000001C] -> 0x0013
mem[X,0x008000000000001E] -> 0x0000
[12] [M]: 0x008000000000001C (0x00000013) addi zero, zero, 0x0

mem[X,0x0080000000000020] -> 0x1473
mem[X,0x0080000000000022] -> 0x3403
[13] [M]: 0x0080000000000020 (0x34031473) csrrw fp, mscratch, t1
CSR mscratch <- 0x0080000000003000 (input: 0x0080000000003000)
x8 <- 0x0000000000000000

mem[X,0x0080000000000024] -> 0x3823
mem[X,0x0080000000000026] -> 0x2483
[14] [M]: 0x0080000000000024 (0x24833823) sd fp, 0x250(t1)
mem[0x0080000000003250] <- 0x0000000000000000

mem[X,0x0080000000000028] -> 0x0393
mem[X,0x008000000000002A] -> 0x0000
[15] [M]: 0x0080000000000028 (0x00000393) addi t2, zero, 0x0
x7 <- 0x0000000000000000

mem[X,0x008000000000002C] -> 0x93F3
mem[X,0x008000000000002E] -> 0x3023
[16] [M]: 0x008000000000002C (0x302393F3) csrrw t2, medeleg, t2
CSR medeleg <- 0x0000000000000000 (input: 0x0000000000000000)
x7 <- 0x0000000000000000

mem[X,0x0080000000000030] -> 0x3C23
mem[X,0x0080000000000032] -> 0x2273
[17] [M]: 0x0080000000000030 (0x22733C23) sd t2, 0x238(t1)
mem[0x0080000000003238] <- 0x0000000000000000

mem[X,0x0080000000000034] -> 0x2473
mem[X,0x0080000000000036] -> 0x3050
[18] [M]: 0x0080000000000034 (0x30502473) csrrs fp, mtvec, zero
CSR mtvec -> 0x0000000000000000
x8 <- 0x0000000000000000

mem[X,0x0080000000000038] -> 0x3423
mem[X,0x008000000000003A] -> 0x2483
[19] [M]: 0x0080000000000038 (0x24833423) sd fp, 0x248(t1)
mem[0x0080000000003248] <- 0x0000000000000000

mem[X,0x008000000000003C] -> 0x7393
mem[X,0x008000000000003E] -> 0x0034
[20] [M]: 0x008000000000003C (0x00347393) andi t2, fp, 0x3
x7 <- 0x0000000000000000

mem[X,0x0080000000000040] -> 0x3483
mem[X,0x0080000000000042] -> 0x2303
[21] [M]: 0x0080000000000040 (0x23033483) ld s1, 0x230(t1)
mem[R,0x0080000000003230] -> 0x0080000000000AD4
x9 <- 0x0080000000000AD4

mem[X,0x0080000000000044] -> 0x8493
mem[X,0x0080000000000046] -> 0xE2C4
[22] [M]: 0x0080000000000044 (0xE2C48493) addi s1, s1, -0x1d4
x9 <- 0x0080000000000900

mem[X,0x0080000000000048] -> 0xE3B3
mem[X,0x008000000000004A] -> 0x0074
[23] [M]: 0x0080000000000048 (0x0074E3B3) or t2, s1, t2
x7 <- 0x0080000000000900

mem[X,0x008000000000004C] -> 0x3023
mem[X,0x008000000000004E] -> 0x2473
[24] [M]: 0x008000000000004C (0x24733023) sd t2, 0x240(t1)
mem[0x0080000000003240] <- 0x0080000000000900

mem[X,0x0080000000000050] -> 0x9073
mem[X,0x0080000000000052] -> 0x3053
[25] [M]: 0x0080000000000050 (0x30539073) csrrw zero, mtvec, t2
CSR mtvec <- 0x0080000000000900 (input: 0x0080000000000900)

mem[X,0x0080000000000054] -> 0x2573
mem[X,0x0080000000000056] -> 0x3050
[26] [M]: 0x0080000000000054 (0x30502573) csrrs a0, mtvec, zero
CSR mtvec -> 0x0080000000000900
x10 <- 0x0080000000000900

mem[X,0x0080000000000058] -> 0x0663
mem[X,0x008000000000005A] -> 0x0875
[27] [M]: 0x0080000000000058 (0x08750663) beq a0, t2, 0x8c

mem[X,0x00800000000000E4] -> 0x0013
mem[X,0x00800000000000E6] -> 0x0000
[28] [M]: 0x00800000000000E4 (0x00000013) addi zero, zero, 0x0

mem[X,0x00800000000000E8] -> 0x0013
mem[X,0x00800000000000EA] -> 0x0000
[29] [M]: 0x00800000000000E8 (0x00000013) addi zero, zero, 0x0

mem[X,0x00800000000000EC] -> 0x0013
mem[X,0x00800000000000EE] -> 0x0000
[30] [M]: 0x00800000000000EC (0x00000013) addi zero, zero, 0x0

mem[X,0x00800000000000F0] -> 0x0013
mem[X,0x00800000000000F2] -> 0x0000
[31] [M]: 0x00800000000000F0 (0x00000013) addi zero, zero, 0x0

mem[X,0x00800000000000F4] -> 0x0013
mem[X,0x00800000000000F6] -> 0x0000
[32] [M]: 0x00800000000000F4 (0x00000013) addi zero, zero, 0x0

mem[X,0x00800000000000F8] -> 0x0013
mem[X,0x00800000000000FA] -> 0x0000
[33] [M]: 0x00800000000000F8 (0x00000013) addi zero, zero, 0x0

mem[X,0x00800000000000FC] -> 0x0013
mem[X,0x00800000000000FE] -> 0x0000
[34] [M]: 0x00800000000000FC (0x00000013) addi zero, zero, 0x0

mem[X,0x0080000000000100] -> 0x3317
mem[X,0x0080000000000102] -> 0x0000
[35] [M]: 0x0080000000000100 (0x00003317) auipc t1, 0x3
x6 <- 0x0080000000003100

mem[X,0x0080000000000104] -> 0x0313
mem[X,0x0080000000000106] -> 0x1983
[36] [M]: 0x0080000000000104 (0x19830313) addi t1, t1, 0x198
x6 <- 0x0080000000003298

mem[X,0x0080000000000108] -> 0x0013
mem[X,0x008000000000010A] -> 0x0000
[37] [M]: 0x0080000000000108 (0x00000013) addi zero, zero, 0x0

mem[X,0x008000000000010C] -> 0x0013
mem[X,0x008000000000010E] -> 0x0000
[38] [M]: 0x008000000000010C (0x00000013) addi zero, zero, 0x0

mem[X,0x0080000000000110] -> 0x0013
mem[X,0x0080000000000112] -> 0x0000
[39] [M]: 0x0080000000000110 (0x00000013) addi zero, zero, 0x0

mem[X,0x0080000000000114] -> 0x0013
mem[X,0x0080000000000116] -> 0x0000
[40] [M]: 0x0080000000000114 (0x00000013) addi zero, zero, 0x0

mem[X,0x0080000000000118] -> 0x0013
mem[X,0x008000000000011A] -> 0x0000
[41] [M]: 0x0080000000000118 (0x00000013) addi zero, zero, 0x0

mem[X,0x008000000000011C] -> 0x0013
mem[X,0x008000000000011E] -> 0x0000
[42] [M]: 0x008000000000011C (0x00000013) addi zero, zero, 0x0

mem[X,0x0080000000000120] -> 0x1473
mem[X,0x0080000000000122] -> 0x1403
[43] [M]: 0x0080000000000120 (0x14031473) csrrw fp, sscratch, t1
CSR sscratch <- 0x0080000000003298 (input: 0x0080000000003298)
x8 <- 0x0000000000000000

mem[X,0x0080000000000124] -> 0x3823
mem[X,0x0080000000000126] -> 0x2483
[44] [M]: 0x0080000000000124 (0x24833823) sd fp, 0x250(t1)
mem[0x00800000000034E8] <- 0x0000000000000000

mem[X,0x0080000000000128] -> 0x0393
mem[X,0x008000000000012A] -> 0x0000
[45] [M]: 0x0080000000000128 (0x00000393) addi t2, zero, 0x0
x7 <- 0x0000000000000000

mem[X,0x008000000000012C] -> 0x3C23
mem[X,0x008000000000012E] -> 0x2273
[46] [M]: 0x008000000000012C (0x22733C23) sd t2, 0x238(t1)
mem[0x00800000000034D0] <- 0x0000000000000000

mem[X,0x0080000000000130] -> 0x0013
mem[X,0x0080000000000132] -> 0x0000
[47] [M]: 0x0080000000000130 (0x00000013) addi zero, zero, 0x0

mem[X,0x0080000000000134] -> 0x0013
mem[X,0x0080000000000136] -> 0x0000
[48] [M]: 0x0080000000000134 (0x00000013) addi zero, zero, 0x0

mem[X,0x0080000000000138] -> 0x0013
mem[X,0x008000000000013A] -> 0x0000
[49] [M]: 0x0080000000000138 (0x00000013) addi zero, zero, 0x0

mem[X,0x008000000000013C] -> 0x0013
mem[X,0x008000000000013E] -> 0x0000
[50] [M]: 0x008000000000013C (0x00000013) addi zero, zero, 0x0

mem[X,0x0080000000000140] -> 0x4497
mem[X,0x0080000000000142] -> 0x0000
[51] [M]: 0x0080000000000140 (0x00004497) auipc s1, 0x4
x9 <- 0x0080000000004140

mem[X,0x0080000000000144] -> 0x8493
mem[X,0x0080000000000146] -> 0xEC04
[52] [M]: 0x0080000000000144 (0xEC048493) addi s1, s1, -0x140
x9 <- 0x0080000000004000

mem[X,0x0080000000000148] -> 0x0013
mem[X,0x008000000000014A] -> 0x0000
[53] [M]: 0x0080000000000148 (0x00000013) addi zero, zero, 0x0

mem[X,0x008000000000014C] -> 0x0013
mem[X,0x008000000000014E] -> 0x0000
[54] [M]: 0x008000000000014C (0x00000013) addi zero, zero, 0x0

mem[X,0x0080000000000150] -> 0x0013
mem[X,0x0080000000000152] -> 0x0000
[55] [M]: 0x0080000000000150 (0x00000013) addi zero, zero, 0x0

mem[X,0x0080000000000154] -> 0x0013
mem[X,0x0080000000000156] -> 0x0000
[56] [M]: 0x0080000000000154 (0x00000013) addi zero, zero, 0x0

mem[X,0x0080000000000158] -> 0x0013
mem[X,0x008000000000015A] -> 0x0000
[57] [M]: 0x0080000000000158 (0x00000013) addi zero, zero, 0x0

mem[X,0x008000000000015C] -> 0x0013
mem[X,0x008000000000015E] -> 0x0000
[58] [M]: 0x008000000000015C (0x00000013) addi zero, zero, 0x0

mem[X,0x0080000000000160] -> 0xD493
mem[X,0x0080000000000162] -> 0x00C4
[59] [M]: 0x0080000000000160 (0x00C4D493) srli s1, s1, 0xc
x9 <- 0x0000080000000004

mem[X,0x0080000000000164] -> 0x0413
mem[X,0x0080000000000166] -> 0xFFF0
[60] [M]: 0x0080000000000164 (0xFFF00413) addi fp, zero, -0x1
x8 <- 0xFFFFFFFFFFFFFFFF

mem[X,0x0080000000000168] -> 0x1413
mem[X,0x008000000000016A] -> 0x03F4
[61] [M]: 0x0080000000000168 (0x03F41413) slli fp, fp, 0x3f
x8 <- 0x8000000000000000

mem[X,0x008000000000016C] -> 0xE4B3
mem[X,0x008000000000016E] -> 0x0084
[62] [M]: 0x008000000000016C (0x0084E4B3) or s1, s1, fp
x9 <- 0x8000080000000004

mem[X,0x0080000000000170] -> 0x94F3
mem[X,0x0080000000000172] -> 0x1804
[63] [M]: 0x0080000000000170 (0x180494F3) csrrw s1, satp, s1
CSR satp <- 0x8000080000000004 (input: 0x8000080000000004)
x9 <- 0x0000000000000000

mem[X,0x0080000000000174] -> 0x3023
mem[X,0x0080000000000176] -> 0x2293
[64] [M]: 0x0080000000000174 (0x22933023) sd s1, 0x220(t1)
mem[0x00800000000034B8] <- 0x0000000000000000

mem[X,0x0080000000000178] -> 0x2473
mem[X,0x008000000000017A] -> 0x1050
[65] [M]: 0x0080000000000178 (0x10502473) csrrs fp, stvec, zero
CSR stvec -> 0x0000000000000000
x8 <- 0x0000000000000000

mem[X,0x008000000000017C] -> 0x3423
mem[X,0x008000000000017E] -> 0x2483
[66] [M]: 0x008000000000017C (0x24833423) sd fp, 0x248(t1)
mem[0x00800000000034E0] <- 0x0000000000000000

mem[X,0x0080000000000180] -> 0x7393
mem[X,0x0080000000000182] -> 0x0034
[67] [M]: 0x0080000000000180 (0x00347393) andi t2, fp, 0x3
x7 <- 0x0000000000000000

mem[X,0x0080000000000184] -> 0x3483
mem[X,0x0080000000000186] -> 0x2303
[68] [M]: 0x0080000000000184 (0x23033483) ld s1, 0x230(t1)
mem[R,0x00800000000034C8] -> 0x0080000000001414
x9 <- 0x0080000000001414

mem[X,0x0080000000000188] -> 0x8493
mem[X,0x008000000000018A] -> 0xE2C4
[69] [M]: 0x0080000000000188 (0xE2C48493) addi s1, s1, -0x1d4
x9 <- 0x0080000000001240

mem[X,0x008000000000018C] -> 0xE3B3
mem[X,0x008000000000018E] -> 0x0074
[70] [M]: 0x008000000000018C (0x0074E3B3) or t2, s1, t2
x7 <- 0x0080000000001240

mem[X,0x0080000000000190] -> 0x3023
mem[X,0x0080000000000192] -> 0x2473
[71] [M]: 0x0080000000000190 (0x24733023) sd t2, 0x240(t1)
mem[0x00800000000034D8] <- 0x0080000000001240

mem[X,0x0080000000000194] -> 0x9073
mem[X,0x0080000000000196] -> 0x1053
[72] [M]: 0x0080000000000194 (0x10539073) csrrw zero, stvec, t2
CSR stvec <- 0x0080000000001240 (input: 0x0080000000001240)

mem[X,0x0080000000000198] -> 0x2573
mem[X,0x008000000000019A] -> 0x1050
[73] [M]: 0x0080000000000198 (0x10502573) csrrs a0, stvec, zero
CSR stvec -> 0x0080000000001240
x10 <- 0x0080000000001240

mem[X,0x008000000000019C] -> 0x0463
mem[X,0x008000000000019E] -> 0x0875
[74] [M]: 0x008000000000019C (0x08750463) beq a0, t2, 0x88

mem[X,0x0080000000000224] -> 0x0837
mem[X,0x0080000000000226] -> 0x7D5C
[75] [M]: 0x0080000000000224 (0x7D5C0837) lui a6, 0x7d5c0
x16 <- 0x000000007D5C0000

mem[X,0x0080000000000228] -> 0x0813
mem[X,0x008000000000022A] -> 0xDDB8
[76] [M]: 0x0080000000000228 (0xDDB80813) addi a6, a6, -0x225
x16 <- 0x000000007D5BFDDB

mem[X,0x008000000000022C] -> 0x1813
mem[X,0x008000000000022E] -> 0x00B8
[77] [M]: 0x008000000000022C (0x00B81813) slli a6, a6, 0xb
x16 <- 0x000003EADFEED800

mem[X,0x0080000000000230] -> 0x0813
mem[X,0x0080000000000232] -> 0x3EA8
[78] [M]: 0x0080000000000230 (0x3EA80813) addi a6, a6, 0x3ea
x16 <- 0x000003EADFEEDBEA

mem[X,0x0080000000000234] -> 0x1813
mem[X,0x0080000000000236] -> 0x00B8
[79] [M]: 0x0080000000000234 (0x00B81813) slli a6, a6, 0xb
x16 <- 0x001F56FF76DF5000

mem[X,0x0080000000000238] -> 0x0813
mem[X,0x008000000000023A] -> 0x6FF8
[80] [M]: 0x0080000000000238 (0x6FF80813) addi a6, a6, 0x6ff
x16 <- 0x001F56FF76DF56FF

mem[X,0x008000000000023C] -> 0x1813
mem[X,0x008000000000023E] -> 0x00A8
[81] [M]: 0x008000000000023C (0x00A81813) slli a6, a6, 0xa
x16 <- 0x7D5BFDDB7D5BFC00

mem[X,0x0080000000000240] -> 0x0813
mem[X,0x0080000000000242] -> 0x1DB8
[82] [M]: 0x0080000000000240 (0x1DB80813) addi a6, a6, 0x1db
x16 <- 0x7D5BFDDB7D5BFDDB

mem[X,0x0080000000000244] -> 0x5893
mem[X,0x0080000000000246] -> 0x0078
[83] [M]: 0x0080000000000244 (0x00785893) srli a7, a6, 0x7
x17 <- 0x00FAB7FBB6FAB7FB

mem[X,0x0080000000000248] -> 0x5793
mem[X,0x008000000000024A] -> 0x0398
[84] [M]: 0x0080000000000248 (0x03985793) srli a5, a6, 0x39
x15 <- 0x000000000000003E

mem[X,0x008000000000024C] -> 0xE8B3
mem[X,0x008000000000024E] -> 0x00F8
[85] [M]: 0x008000000000024C (0x00F8E8B3) or a7, a7, a5
x17 <- 0x00FAB7FBB6FAB7FF

mem[X,0x0080000000000250] -> 0xD913
mem[X,0x0080000000000252] -> 0x0078
[86] [M]: 0x0080000000000250 (0x0078D913) srli s2, a7, 0x7
x18 <- 0x0001F56FF76DF56F

mem[X,0x0080000000000254] -> 0xD793
mem[X,0x0080000000000256] -> 0x0398
[87] [M]: 0x0080000000000254 (0x0398D793) srli a5, a7, 0x39
x15 <- 0x0000000000000000

mem[X,0x0080000000000258] -> 0x6933
mem[X,0x008000000000025A] -> 0x00F9
[88] [M]: 0x0080000000000258 (0x00F96933) or s2, s2, a5
x18 <- 0x0001F56FF76DF56F

mem[X,0x008000000000025C] -> 0x5993
mem[X,0x008000000000025E] -> 0x0079
[89] [M]: 0x008000000000025C (0x00795993) srli s3, s2, 0x7
x19 <- 0x000003EADFEEDBEA

mem[X,0x0080000000000260] -> 0x5793
mem[X,0x0080000000000262] -> 0x0399
[90] [M]: 0x0080000000000260 (0x03995793) srli a5, s2, 0x39
x15 <- 0x0000000000000000

mem[X,0x0080000000000264] -> 0xE9B3
mem[X,0x0080000000000266] -> 0x00F9
[91] [M]: 0x0080000000000264 (0x00F9E9B3) or s3, s3, a5
x19 <- 0x000003EADFEEDBEA

mem[X,0x0080000000000268] -> 0xDA13
mem[X,0x008000000000026A] -> 0x0079
[92] [M]: 0x0080000000000268 (0x0079DA13) srli s4, s3, 0x7
x20 <- 0x00000007D5BFDDB7

mem[X,0x008000000000026C] -> 0xD793
mem[X,0x008000000000026E] -> 0x0399
[93] [M]: 0x008000000000026C (0x0399D793) srli a5, s3, 0x39
x15 <- 0x0000000000000000

mem[X,0x0080000000000270] -> 0x6A33
mem[X,0x0080000000000272] -> 0x00FA
[94] [M]: 0x0080000000000270 (0x00FA6A33) or s4, s4, a5
x20 <- 0x00000007D5BFDDB7

mem[X,0x0080000000000274] -> 0x5A93
mem[X,0x0080000000000276] -> 0x007A
[95] [M]: 0x0080000000000274 (0x007A5A93) srli s5, s4, 0x7
x21 <- 0x000000000FAB7FBB

mem[X,0x0080000000000278] -> 0x5793
mem[X,0x008000000000027A] -> 0x039A
[96] [M]: 0x0080000000000278 (0x039A5793) srli a5, s4, 0x39
x15 <- 0x0000000000000000

mem[X,0x008000000000027C] -> 0xEAB3
mem[X,0x008000000000027E] -> 0x00FA
[97] [M]: 0x008000000000027C (0x00FAEAB3) or s5, s5, a5
x21 <- 0x000000000FAB7FBB

mem[X,0x0080000000000280] -> 0xDB13
mem[X,0x0080000000000282] -> 0x007A
[98] [M]: 0x0080000000000280 (0x007ADB13) srli s6, s5, 0x7
x22 <- 0x00000000001F56FF

mem[X,0x0080000000000284] -> 0xD793
mem[X,0x0080000000000286] -> 0x039A
[99] [M]: 0x0080000000000284 (0x039AD793) srli a5, s5, 0x39
x15 <- 0x0000000000000000

clint::tick mtime <- 0x0000000000000001
 clint timer pending at mtime 0x0000000000000001
htif::tick 0x0000000000000000
mem[X,0x0080000000000288] -> 0x6B33
mem[X,0x008000000000028A] -> 0x00FB
[100] [M]: 0x0080000000000288 (0x00FB6B33) or s6, s6, a5
x22 <- 0x00000000001F56FF

mem[X,0x008000000000028C] -> 0x5B93
mem[X,0x008000000000028E] -> 0x007B
[101] [M]: 0x008000000000028C (0x007B5B93) srli s7, s6, 0x7
x23 <- 0x0000000000003EAD

mem[X,0x0080000000000290] -> 0x5793
mem[X,0x0080000000000292] -> 0x039B
[102] [M]: 0x0080000000000290 (0x039B5793) srli a5, s6, 0x39
x15 <- 0x0000000000000000

mem[X,0x0080000000000294] -> 0xEBB3
mem[X,0x0080000000000296] -> 0x00FB
[103] [M]: 0x0080000000000294 (0x00FBEBB3) or s7, s7, a5
x23 <- 0x0000000000003EAD

mem[X,0x0080000000000298] -> 0xDC13
mem[X,0x008000000000029A] -> 0x007B
[104] [M]: 0x0080000000000298 (0x007BDC13) srli s8, s7, 0x7
x24 <- 0x000000000000007D

mem[X,0x008000000000029C] -> 0xD793
mem[X,0x008000000000029E] -> 0x039B
[105] [M]: 0x008000000000029C (0x039BD793) srli a5, s7, 0x39
x15 <- 0x0000000000000000

mem[X,0x00800000000002A0] -> 0x6C33
mem[X,0x00800000000002A2] -> 0x00FC
[106] [M]: 0x00800000000002A0 (0x00FC6C33) or s8, s8, a5
x24 <- 0x000000000000007D

mem[X,0x00800000000002A4] -> 0x5C93
mem[X,0x00800000000002A6] -> 0x007C
[107] [M]: 0x00800000000002A4 (0x007C5C93) srli s9, s8, 0x7
x25 <- 0x0000000000000000

mem[X,0x00800000000002A8] -> 0x5793
mem[X,0x00800000000002AA] -> 0x039C
[108] [M]: 0x00800000000002A8 (0x039C5793) srli a5, s8, 0x39
x15 <- 0x0000000000000000

mem[X,0x00800000000002AC] -> 0xECB3
mem[X,0x00800000000002AE] -> 0x00FC
[109] [M]: 0x00800000000002AC (0x00FCECB3) or s9, s9, a5
x25 <- 0x0000000000000000

mem[X,0x00800000000002B0] -> 0xDD13
mem[X,0x00800000000002B2] -> 0x007C
[110] [M]: 0x00800000000002B0 (0x007CDD13) srli s10, s9, 0x7
x26 <- 0x0000000000000000

mem[X,0x00800000000002B4] -> 0xD793
mem[X,0x00800000000002B6] -> 0x039C
[111] [M]: 0x00800000000002B4 (0x039CD793) srli a5, s9, 0x39
x15 <- 0x0000000000000000

mem[X,0x00800000000002B8] -> 0x6D33
mem[X,0x00800000000002BA] -> 0x00FD
[112] [M]: 0x00800000000002B8 (0x00FD6D33) or s10, s10, a5
x26 <- 0x0000000000000000

mem[X,0x00800000000002BC] -> 0x5D93
mem[X,0x00800000000002BE] -> 0x007D
[113] [M]: 0x00800000000002BC (0x007D5D93) srli s11, s10, 0x7
x27 <- 0x0000000000000000

mem[X,0x00800000000002C0] -> 0x5793
mem[X,0x00800000000002C2] -> 0x039D
[114] [M]: 0x00800000000002C0 (0x039D5793) srli a5, s10, 0x39
x15 <- 0x0000000000000000

mem[X,0x00800000000002C4] -> 0xEDB3
mem[X,0x00800000000002C6] -> 0x00FD
[115] [M]: 0x00800000000002C4 (0x00FDEDB3) or s11, s11, a5
x27 <- 0x0000000000000000

mem[X,0x00800000000002C8] -> 0xDE13
mem[X,0x00800000000002CA] -> 0x007D
[116] [M]: 0x00800000000002C8 (0x007DDE13) srli t3, s11, 0x7
x28 <- 0x0000000000000000

mem[X,0x00800000000002CC] -> 0xD793
mem[X,0x00800000000002CE] -> 0x039D
[117] [M]: 0x00800000000002CC (0x039DD793) srli a5, s11, 0x39
x15 <- 0x0000000000000000

mem[X,0x00800000000002D0] -> 0x6E33
mem[X,0x00800000000002D2] -> 0x00FE
[118] [M]: 0x00800000000002D0 (0x00FE6E33) or t3, t3, a5
x28 <- 0x0000000000000000

mem[X,0x00800000000002D4] -> 0x5E93
mem[X,0x00800000000002D6] -> 0x007E
[119] [M]: 0x00800000000002D4 (0x007E5E93) srli t4, t3, 0x7
x29 <- 0x0000000000000000

mem[X,0x00800000000002D8] -> 0x5793
mem[X,0x00800000000002DA] -> 0x039E
[120] [M]: 0x00800000000002D8 (0x039E5793) srli a5, t3, 0x39
x15 <- 0x0000000000000000

mem[X,0x00800000000002DC] -> 0xEEB3
mem[X,0x00800000000002DE] -> 0x00FE
[121] [M]: 0x00800000000002DC (0x00FEEEB3) or t4, t4, a5
x29 <- 0x0000000000000000

mem[X,0x00800000000002E0] -> 0xDF13
mem[X,0x00800000000002E2] -> 0x007E
[122] [M]: 0x00800000000002E0 (0x007EDF13) srli t5, t4, 0x7
x30 <- 0x0000000000000000

mem[X,0x00800000000002E4] -> 0xD793
mem[X,0x00800000000002E6] -> 0x039E
[123] [M]: 0x00800000000002E4 (0x039ED793) srli a5, t4, 0x39
x15 <- 0x0000000000000000

mem[X,0x00800000000002E8] -> 0x6F33
mem[X,0x00800000000002EA] -> 0x00FF
[124] [M]: 0x00800000000002E8 (0x00FF6F33) or t5, t5, a5
x30 <- 0x0000000000000000

mem[X,0x00800000000002EC] -> 0xC0B7
mem[X,0x00800000000002EE] -> 0xFEED
[125] [M]: 0x00800000000002EC (0xFEEDC0B7) lui ra, -0x1124
x1 <- 0xFFFFFFFFFEEDC000

mem[X,0x00800000000002F0] -> 0x8093
mem[X,0x00800000000002F2] -> 0xEAD0
[126] [M]: 0x00800000000002F0 (0xEAD08093) addi ra, ra, -0x153
x1 <- 0xFFFFFFFFFEEDBEAD

mem[X,0x00800000000002F4] -> 0x9093
mem[X,0x00800000000002F6] -> 0x00B0
[127] [M]: 0x00800000000002F4 (0x00B09093) slli ra, ra, 0xb
x1 <- 0xFFFFFFF76DF56800

mem[X,0x00800000000002F8] -> 0x8093
mem[X,0x00800000000002FA] -> 0x7F70
[128] [M]: 0x00800000000002F8 (0x7F708093) addi ra, ra, 0x7f7
x1 <- 0xFFFFFFF76DF56FF7

mem[X,0x00800000000002FC] -> 0x9093
mem[X,0x00800000000002FE] -> 0x00B0
[129] [M]: 0x00800000000002FC (0x00B09093) slli ra, ra, 0xb
x1 <- 0xFFFFBB6FAB7FB800

mem[X,0x0080000000000300] -> 0x8093
mem[X,0x0080000000000302] -> 0x36F0
[130] [M]: 0x0080000000000300 (0x36F08093) addi ra, ra, 0x36f
x1 <- 0xFFFFBB6FAB7FBB6F

mem[X,0x0080000000000304] -> 0x9093
mem[X,0x0080000000000306] -> 0x00A0
[131] [M]: 0x0080000000000304 (0x00A09093) slli ra, ra, 0xa
x1 <- 0xFEEDBEADFEEDBC00

mem[X,0x0080000000000308] -> 0x8093
mem[X,0x008000000000030A] -> 0x2AD0
[132] [M]: 0x0080000000000308 (0x2AD08093) addi ra, ra, 0x2ad
x1 <- 0xFEEDBEADFEEDBEAD

mem[X,0x008000000000030C] -> 0xD113
mem[X,0x008000000000030E] -> 0x0070
[133] [M]: 0x008000000000030C (0x0070D113) srli sp, ra, 0x7
x2 <- 0x01FDDB7D5BFDDB7D

mem[X,0x0080000000000310] -> 0xD793
mem[X,0x0080000000000312] -> 0x0390
[134] [M]: 0x0080000000000310 (0x0390D793) srli a5, ra, 0x39
x15 <- 0x000000000000007F

mem[X,0x0080000000000314] -> 0x6133
mem[X,0x0080000000000316] -> 0x00F1
[135] [M]: 0x0080000000000314 (0x00F16133) or sp, sp, a5
x2 <- 0x01FDDB7D5BFDDB7F

mem[X,0x0080000000000318] -> 0x5193
mem[X,0x008000000000031A] -> 0x0071
[136] [M]: 0x0080000000000318 (0x00715193) srli gp, sp, 0x7
x3 <- 0x0003FBB6FAB7FBB6

mem[X,0x008000000000031C] -> 0x5793
mem[X,0x008000000000031E] -> 0x0391
[137] [M]: 0x008000000000031C (0x03915793) srli a5, sp, 0x39
x15 <- 0x0000000000000000

mem[X,0x0080000000000320] -> 0xE1B3
mem[X,0x0080000000000322] -> 0x00F1
[138] [M]: 0x0080000000000320 (0x00F1E1B3) or gp, gp, a5
x3 <- 0x0003FBB6FAB7FBB6

mem[X,0x0080000000000324] -> 0xD213
mem[X,0x0080000000000326] -> 0x0071
[139] [M]: 0x0080000000000324 (0x0071D213) srli tp, gp, 0x7
x4 <- 0x000007F76DF56FF7

mem[X,0x0080000000000328] -> 0xD793
mem[X,0x008000000000032A] -> 0x0391
[140] [M]: 0x0080000000000328 (0x0391D793) srli a5, gp, 0x39
x15 <- 0x0000000000000000

mem[X,0x008000000000032C] -> 0x6233
mem[X,0x008000000000032E] -> 0x00F2
[141] [M]: 0x008000000000032C (0x00F26233) or tp, tp, a5
x4 <- 0x000007F76DF56FF7

mem[X,0x0080000000000330] -> 0x5293
mem[X,0x0080000000000332] -> 0x0072
[142] [M]: 0x0080000000000330 (0x00725293) srli t0, tp, 0x7
x5 <- 0x0000000FEEDBEADF

mem[X,0x0080000000000334] -> 0x5793
mem[X,0x0080000000000336] -> 0x0392
[143] [M]: 0x0080000000000334 (0x03925793) srli a5, tp, 0x39
x15 <- 0x0000000000000000

mem[X,0x0080000000000338] -> 0xE2B3
mem[X,0x008000000000033A] -> 0x00F2
[144] [M]: 0x0080000000000338 (0x00F2E2B3) or t0, t0, a5
x5 <- 0x0000000FEEDBEADF

mem[X,0x008000000000033C] -> 0xD313
mem[X,0x008000000000033E] -> 0x0072
[145] [M]: 0x008000000000033C (0x0072D313) srli t1, t0, 0x7
x6 <- 0x000000001FDDB7D5

mem[X,0x0080000000000340] -> 0xD793
mem[X,0x0080000000000342] -> 0x0392
[146] [M]: 0x0080000000000340 (0x0392D793) srli a5, t0, 0x39
x15 <- 0x0000000000000000

mem[X,0x0080000000000344] -> 0x6333
mem[X,0x0080000000000346] -> 0x00F3
[147] [M]: 0x0080000000000344 (0x00F36333) or t1, t1, a5
x6 <- 0x000000001FDDB7D5

mem[X,0x0080000000000348] -> 0x5393
mem[X,0x008000000000034A] -> 0x0073
[148] [M]: 0x0080000000000348 (0x00735393) srli t2, t1, 0x7
x7 <- 0x00000000003FBB6F

mem[X,0x008000000000034C] -> 0x5793
mem[X,0x008000000000034E] -> 0x0393
[149] [M]: 0x008000000000034C (0x03935793) srli a5, t1, 0x39
x15 <- 0x0000000000000000

mem[X,0x0080000000000350] -> 0xE3B3
mem[X,0x0080000000000352] -> 0x00F3
[150] [M]: 0x0080000000000350 (0x00F3E3B3) or t2, t2, a5
x7 <- 0x00000000003FBB6F

mem[X,0x0080000000000354] -> 0xD413
mem[X,0x0080000000000356] -> 0x0073
[151] [M]: 0x0080000000000354 (0x0073D413) srli fp, t2, 0x7
x8 <- 0x0000000000007F76

mem[X,0x0080000000000358] -> 0xD793
mem[X,0x008000000000035A] -> 0x0393
[152] [M]: 0x0080000000000358 (0x0393D793) srli a5, t2, 0x39
x15 <- 0x0000000000000000

mem[X,0x008000000000035C] -> 0x6433
mem[X,0x008000000000035E] -> 0x00F4
[153] [M]: 0x008000000000035C (0x00F46433) or fp, fp, a5
x8 <- 0x0000000000007F76

mem[X,0x0080000000000360] -> 0x5493
mem[X,0x0080000000000362] -> 0x0074
[154] [M]: 0x0080000000000360 (0x00745493) srli s1, fp, 0x7
x9 <- 0x00000000000000FE

mem[X,0x0080000000000364] -> 0x5793
mem[X,0x0080000000000366] -> 0x0394
[155] [M]: 0x0080000000000364 (0x03945793) srli a5, fp, 0x39
x15 <- 0x0000000000000000

mem[X,0x0080000000000368] -> 0xE4B3
mem[X,0x008000000000036A] -> 0x00F4
[156] [M]: 0x0080000000000368 (0x00F4E4B3) or s1, s1, a5
x9 <- 0x00000000000000FE

mem[X,0x008000000000036C] -> 0xD513
mem[X,0x008000000000036E] -> 0x0074
[157] [M]: 0x008000000000036C (0x0074D513) srli a0, s1, 0x7
x10 <- 0x0000000000000001

mem[X,0x0080000000000370] -> 0xD793
mem[X,0x0080000000000372] -> 0x0394
[158] [M]: 0x0080000000000370 (0x0394D793) srli a5, s1, 0x39
x15 <- 0x0000000000000000

mem[X,0x0080000000000374] -> 0x6533
mem[X,0x0080000000000376] -> 0x00F5
[159] [M]: 0x0080000000000374 (0x00F56533) or a0, a0, a5
x10 <- 0x0000000000000001

mem[X,0x0080000000000378] -> 0x5593
mem[X,0x008000000000037A] -> 0x0075
[160] [M]: 0x0080000000000378 (0x00755593) srli a1, a0, 0x7
x11 <- 0x0000000000000000

mem[X,0x008000000000037C] -> 0x5793
mem[X,0x008000000000037E] -> 0x0395
[161] [M]: 0x008000000000037C (0x03955793) srli a5, a0, 0x39
x15 <- 0x0000000000000000

mem[X,0x0080000000000380] -> 0xE5B3
mem[X,0x0080000000000382] -> 0x00F5
[162] [M]: 0x0080000000000380 (0x00F5E5B3) or a1, a1, a5
x11 <- 0x0000000000000000

mem[X,0x0080000000000384] -> 0xD613
mem[X,0x0080000000000386] -> 0x0075
[163] [M]: 0x0080000000000384 (0x0075D613) srli a2, a1, 0x7
x12 <- 0x0000000000000000

mem[X,0x0080000000000388] -> 0xD793
mem[X,0x008000000000038A] -> 0x0395
[164] [M]: 0x0080000000000388 (0x0395D793) srli a5, a1, 0x39
x15 <- 0x0000000000000000

mem[X,0x008000000000038C] -> 0x6633
mem[X,0x008000000000038E] -> 0x00F6
[165] [M]: 0x008000000000038C (0x00F66633) or a2, a2, a5
x12 <- 0x0000000000000000

mem[X,0x0080000000000390] -> 0x5693
mem[X,0x0080000000000392] -> 0x0076
[166] [M]: 0x0080000000000390 (0x00765693) srli a3, a2, 0x7
x13 <- 0x0000000000000000

mem[X,0x0080000000000394] -> 0x5793
mem[X,0x0080000000000396] -> 0x0396
[167] [M]: 0x0080000000000394 (0x03965793) srli a5, a2, 0x39
x15 <- 0x0000000000000000

mem[X,0x0080000000000398] -> 0xE6B3
mem[X,0x008000000000039A] -> 0x00F6
[168] [M]: 0x0080000000000398 (0x00F6E6B3) or a3, a3, a5
x13 <- 0x0000000000000000

mem[X,0x008000000000039C] -> 0x0013
mem[X,0x008000000000039E] -> 0x0000
[169] [M]: 0x008000000000039C (0x00000013) addi zero, zero, 0x0

mem[X,0x00800000000003A0] -> 0x4697
mem[X,0x00800000000003A2] -> 0x0000
[170] [M]: 0x00800000000003A0 (0x00004697) auipc a3, 0x4
x13 <- 0x00800000000043A0

mem[X,0x00800000000003A4] -> 0x8693
mem[X,0x00800000000003A6] -> 0xE786
[171] [M]: 0x00800000000003A4 (0xE7868693) addi a3, a3, -0x188
x13 <- 0x0080000000004218

mem[X,0x00800000000003A8] -> 0x0013
mem[X,0x00800000000003AA] -> 0x0000
[172] [M]: 0x00800000000003A8 (0x00000013) addi zero, zero, 0x0

mem[X,0x00800000000003AC] -> 0x0013
mem[X,0x00800000000003AE] -> 0x0000
[173] [M]: 0x00800000000003AC (0x00000013) addi zero, zero, 0x0

mem[X,0x00800000000003B0] -> 0x0013
mem[X,0x00800000000003B2] -> 0x0000
[174] [M]: 0x00800000000003B0 (0x00000013) addi zero, zero, 0x0

mem[X,0x00800000000003B4] -> 0x0013
mem[X,0x00800000000003B6] -> 0x0000
[175] [M]: 0x00800000000003B4 (0x00000013) addi zero, zero, 0x0

mem[X,0x00800000000003B8] -> 0x0013
mem[X,0x00800000000003BA] -> 0x0000
[176] [M]: 0x00800000000003B8 (0x00000013) addi zero, zero, 0x0

mem[X,0x00800000000003BC] -> 0x0013
mem[X,0x00800000000003BE] -> 0x0000
[177] [M]: 0x00800000000003BC (0x00000013) addi zero, zero, 0x0

mem[X,0x00800000000003C0] -> 0x0793
mem[X,0x00800000000003C2] -> 0xFFF0
[178] [M]: 0x00800000000003C0 (0xFFF00793) addi a5, zero, -0x1
x15 <- 0xFFFFFFFFFFFFFFFF

mem[X,0x00800000000003C4] -> 0x0293
mem[X,0x00800000000003C6] -> 0x0640
[179] [M]: 0x00800000000003C4 (0x06400293) addi t0, zero, 0x64
x5 <- 0x0000000000000064

mem[X,0x00800000000003C8] -> 0x1073
mem[X,0x00800000000003CA] -> 0x3A00
[180] [M]: 0x00800000000003C8 (0x3A001073) csrrw zero, pmpcfg0, zero
CSR pmpcfg0 <- 0x0000000000000000 (input: 0x0000000000000000)

mem[X,0x00800000000003CC] -> 0x1073
mem[X,0x00800000000003CE] -> 0x3A20
[181] [M]: 0x00800000000003CC (0x3A201073) csrrw zero, pmpcfg2, zero
CSR pmpcfg2 <- 0x0000000000000000 (input: 0x0000000000000000)

mem[X,0x00800000000003D0] -> 0x1073
mem[X,0x00800000000003D2] -> 0x3B00
[182] [M]: 0x00800000000003D0 (0x3B001073) csrrw zero, pmpaddr0, zero
CSR pmpaddr0 <- 0x0000000000000000 (input: 0x0000000000000000)

mem[X,0x00800000000003D4] -> 0x1073
mem[X,0x00800000000003D6] -> 0x3B10
[183] [M]: 0x00800000000003D4 (0x3B101073) csrrw zero, pmpaddr1, zero
CSR pmpaddr1 <- 0x0000000000000000 (input: 0x0000000000000000)

mem[X,0x00800000000003D8] -> 0x1073
mem[X,0x00800000000003DA] -> 0x3B20
[184] [M]: 0x00800000000003D8 (0x3B201073) csrrw zero, pmpaddr2, zero
CSR pmpaddr2 <- 0x0000000000000000 (input: 0x0000000000000000)

mem[X,0x00800000000003DC] -> 0x1073
mem[X,0x00800000000003DE] -> 0x3B30
[185] [M]: 0x00800000000003DC (0x3B301073) csrrw zero, pmpaddr3, zero
CSR pmpaddr3 <- 0x0000000000000000 (input: 0x0000000000000000)

mem[X,0x00800000000003E0] -> 0x1073
mem[X,0x00800000000003E2] -> 0x3B40
[186] [M]: 0x00800000000003E0 (0x3B401073) csrrw zero, pmpaddr4, zero
CSR pmpaddr4 <- 0x0000000000000000 (input: 0x0000000000000000)

mem[X,0x00800000000003E4] -> 0x1073
mem[X,0x00800000000003E6] -> 0x3B50
[187] [M]: 0x00800000000003E4 (0x3B501073) csrrw zero, pmpaddr5, zero
CSR pmpaddr5 <- 0x0000000000000000 (input: 0x0000000000000000)

mem[X,0x00800000000003E8] -> 0x1073
mem[X,0x00800000000003EA] -> 0x3B60
[188] [M]: 0x00800000000003E8 (0x3B601073) csrrw zero, pmpaddr6, zero
CSR pmpaddr6 <- 0x0000000000000000 (input: 0x0000000000000000)

mem[X,0x00800000000003EC] -> 0x1073
mem[X,0x00800000000003EE] -> 0x3B70
[189] [M]: 0x00800000000003EC (0x3B701073) csrrw zero, pmpaddr7, zero
CSR pmpaddr7 <- 0x0000000000000000 (input: 0x0000000000000000)

mem[X,0x00800000000003F0] -> 0x1073
mem[X,0x00800000000003F2] -> 0x3B80
[190] [M]: 0x00800000000003F0 (0x3B801073) csrrw zero, pmpaddr8, zero
CSR pmpaddr8 <- 0x0000000000000000 (input: 0x0000000000000000)

mem[X,0x00800000000003F4] -> 0x1073
mem[X,0x00800000000003F6] -> 0x3B90
[191] [M]: 0x00800000000003F4 (0x3B901073) csrrw zero, pmpaddr9, zero
CSR pmpaddr9 <- 0x0000000000000000 (input: 0x0000000000000000)

mem[X,0x00800000000003F8] -> 0x1073
mem[X,0x00800000000003FA] -> 0x3BA0
[192] [M]: 0x00800000000003F8 (0x3BA01073) csrrw zero, pmpaddr10, zero
CSR pmpaddr10 <- 0x0000000000000000 (input: 0x0000000000000000)

mem[X,0x00800000000003FC] -> 0x1073
mem[X,0x00800000000003FE] -> 0x3BB0
[193] [M]: 0x00800000000003FC (0x3BB01073) csrrw zero, pmpaddr11, zero
CSR pmpaddr11 <- 0x0000000000000000 (input: 0x0000000000000000)

mem[X,0x0080000000000400] -> 0x1073
mem[X,0x0080000000000402] -> 0x3BC0
[194] [M]: 0x0080000000000400 (0x3BC01073) csrrw zero, pmpaddr12, zero
CSR pmpaddr12 <- 0x0000000000000000 (input: 0x0000000000000000)

mem[X,0x0080000000000404] -> 0x1073
mem[X,0x0080000000000406] -> 0x3BD0
[195] [M]: 0x0080000000000404 (0x3BD01073) csrrw zero, pmpaddr13, zero
CSR pmpaddr13 <- 0x0000000000000000 (input: 0x0000000000000000)

mem[X,0x0080000000000408] -> 0x1073
mem[X,0x008000000000040A] -> 0x3BE0
[196] [M]: 0x0080000000000408 (0x3BE01073) csrrw zero, pmpaddr14, zero
CSR pmpaddr14 <- 0x0000000000000000 (input: 0x0000000000000000)

mem[X,0x008000000000040C] -> 0x1073
mem[X,0x008000000000040E] -> 0x3BF0
[197] [M]: 0x008000000000040C (0x3BF01073) csrrw zero, pmpaddr15, zero
CSR pmpaddr15 <- 0x0000000000000000 (input: 0x0000000000000000)

mem[X,0x0080000000000410] -> 0x1073
mem[X,0x0080000000000412] -> 0x1800
[198] [M]: 0x0080000000000410 (0x18001073) csrrw zero, satp, zero
CSR satp <- 0x0000000000000000 (input: 0x0000000000000000)

mem[X,0x0080000000000414] -> 0x0213
mem[X,0x0080000000000416] -> 0x0010
[199] [M]: 0x0080000000000414 (0x00100213) addi tp, zero, 0x1
x4 <- 0x0000000000000001

clint::tick mtime <- 0x0000000000000002
 clint timer pending at mtime 0x0000000000000002
htif::tick 0x0000000000000000
mem[X,0x0080000000000418] -> 0x1213
mem[X,0x008000000000041A] -> 0x01F2
[200] [M]: 0x0080000000000418 (0x01F21213) slli tp, tp, 0x1f
x4 <- 0x0000000080000000

mem[X,0x008000000000041C] -> 0x5213
mem[X,0x008000000000041E] -> 0x0022
[201] [M]: 0x008000000000041C (0x00225213) srli tp, tp, 0x2
x4 <- 0x0000000020000000

mem[X,0x0080000000000420] -> 0x1073
mem[X,0x0080000000000422] -> 0x3BE2
[202] [M]: 0x0080000000000420 (0x3BE21073) csrrw zero, pmpaddr14, tp
CSR pmpaddr14 <- 0x0000000020000000 (input: 0x0000000020000000)

mem[X,0x0080000000000424] -> 0x0013
mem[X,0x0080000000000426] -> 0x0000
[203] [M]: 0x0080000000000424 (0x00000013) addi zero, zero, 0x0

mem[X,0x0080000000000428] -> 0x0013
mem[X,0x008000000000042A] -> 0x0000
[204] [M]: 0x0080000000000428 (0x00000013) addi zero, zero, 0x0

mem[X,0x008000000000042C] -> 0x0013
mem[X,0x008000000000042E] -> 0x0000
[205] [M]: 0x008000000000042C (0x00000013) addi zero, zero, 0x0

mem[X,0x0080000000000430] -> 0x0013
mem[X,0x0080000000000432] -> 0x0000
[206] [M]: 0x0080000000000430 (0x00000013) addi zero, zero, 0x0

mem[X,0x0080000000000434] -> 0x0013
mem[X,0x0080000000000436] -> 0x0000
[207] [M]: 0x0080000000000434 (0x00000013) addi zero, zero, 0x0

mem[X,0x0080000000000438] -> 0x0013
mem[X,0x008000000000043A] -> 0x0000
[208] [M]: 0x0080000000000438 (0x00000013) addi zero, zero, 0x0

mem[X,0x008000000000043C] -> 0x0013
mem[X,0x008000000000043E] -> 0x0000
[209] [M]: 0x008000000000043C (0x00000013) addi zero, zero, 0x0

mem[X,0x0080000000000440] -> 0x4217
mem[X,0x0080000000000442] -> 0x0000
[210] [M]: 0x0080000000000440 (0x00004217) auipc tp, 0x4
x4 <- 0x0080000000004440

mem[X,0x0080000000000444] -> 0x0213
mem[X,0x0080000000000446] -> 0x2F02
[211] [M]: 0x0080000000000444 (0x2F020213) addi tp, tp, 0x2f0
x4 <- 0x0080000000004730

mem[X,0x0080000000000448] -> 0x0013
mem[X,0x008000000000044A] -> 0x0000
[212] [M]: 0x0080000000000448 (0x00000013) addi zero, zero, 0x0

mem[X,0x008000000000044C] -> 0x0013
mem[X,0x008000000000044E] -> 0x0000
[213] [M]: 0x008000000000044C (0x00000013) addi zero, zero, 0x0

mem[X,0x0080000000000450] -> 0x0013
mem[X,0x0080000000000452] -> 0x0000
[214] [M]: 0x0080000000000450 (0x00000013) addi zero, zero, 0x0

mem[X,0x0080000000000454] -> 0x0013
mem[X,0x0080000000000456] -> 0x0000
[215] [M]: 0x0080000000000454 (0x00000013) addi zero, zero, 0x0

mem[X,0x0080000000000458] -> 0x0013
mem[X,0x008000000000045A] -> 0x0000
[216] [M]: 0x0080000000000458 (0x00000013) addi zero, zero, 0x0

mem[X,0x008000000000045C] -> 0x0013
mem[X,0x008000000000045E] -> 0x0000
[217] [M]: 0x008000000000045C (0x00000013) addi zero, zero, 0x0

mem[X,0x0080000000000460] -> 0x5213
mem[X,0x0080000000000462] -> 0x0022
[218] [M]: 0x0080000000000460 (0x00225213) srli tp, tp, 0x2
x4 <- 0x00200000000011CC

mem[X,0x0080000000000464] -> 0x1073
mem[X,0x0080000000000466] -> 0x3BF2
[219] [M]: 0x0080000000000464 (0x3BF21073) csrrw zero, pmpaddr15, tp
CSR pmpaddr15 <- 0x00200000000011CC (input: 0x00200000000011CC)

mem[X,0x0080000000000468] -> 0x0013
mem[X,0x008000000000046A] -> 0x0000
[220] [M]: 0x0080000000000468 (0x00000013) addi zero, zero, 0x0

mem[X,0x008000000000046C] -> 0x0013
mem[X,0x008000000000046E] -> 0x0000
[221] [M]: 0x008000000000046C (0x00000013) addi zero, zero, 0x0

mem[X,0x0080000000000470] -> 0x0013
mem[X,0x0080000000000472] -> 0x0000
[222] [M]: 0x0080000000000470 (0x00000013) addi zero, zero, 0x0

mem[X,0x0080000000000474] -> 0x0013
mem[X,0x0080000000000476] -> 0x0000
[223] [M]: 0x0080000000000474 (0x00000013) addi zero, zero, 0x0

mem[X,0x0080000000000478] -> 0x0013
mem[X,0x008000000000047A] -> 0x0000
[224] [M]: 0x0080000000000478 (0x00000013) addi zero, zero, 0x0

mem[X,0x008000000000047C] -> 0x0013
mem[X,0x008000000000047E] -> 0x0000
[225] [M]: 0x008000000000047C (0x00000013) addi zero, zero, 0x0

mem[X,0x0080000000000480] -> 0x0217
mem[X,0x0080000000000482] -> 0x0000
[226] [M]: 0x0080000000000480 (0x00000217) auipc tp, 0x0
x4 <- 0x0080000000000480

mem[X,0x0080000000000484] -> 0x0213
mem[X,0x0080000000000486] -> 0x3642
[227] [M]: 0x0080000000000484 (0x36420213) addi tp, tp, 0x364
x4 <- 0x00800000000007E4

mem[X,0x0080000000000488] -> 0x0013
mem[X,0x008000000000048A] -> 0x0000
[228] [M]: 0x0080000000000488 (0x00000013) addi zero, zero, 0x0

mem[X,0x008000000000048C] -> 0x0013
mem[X,0x008000000000048E] -> 0x0000
[229] [M]: 0x008000000000048C (0x00000013) addi zero, zero, 0x0

mem[X,0x0080000000000490] -> 0x0013
mem[X,0x0080000000000492] -> 0x0000
[230] [M]: 0x0080000000000490 (0x00000013) addi zero, zero, 0x0

mem[X,0x0080000000000494] -> 0x0013
mem[X,0x0080000000000496] -> 0x0000
[231] [M]: 0x0080000000000494 (0x00000013) addi zero, zero, 0x0

mem[X,0x0080000000000498] -> 0x0013
mem[X,0x008000000000049A] -> 0x0000
[232] [M]: 0x0080000000000498 (0x00000013) addi zero, zero, 0x0

mem[X,0x008000000000049C] -> 0x0013
mem[X,0x008000000000049E] -> 0x0000
[233] [M]: 0x008000000000049C (0x00000013) addi zero, zero, 0x0

mem[X,0x00800000000004A0] -> 0x5213
mem[X,0x00800000000004A2] -> 0x0022
[234] [M]: 0x00800000000004A0 (0x00225213) srli tp, tp, 0x2
x4 <- 0x00200000000001F9

mem[X,0x00800000000004A4] -> 0x1073
mem[X,0x00800000000004A6] -> 0x3B22
[235] [M]: 0x00800000000004A4 (0x3B221073) csrrw zero, pmpaddr2, tp
CSR pmpaddr2 <- 0x00200000000001F9 (input: 0x00200000000001F9)

mem[X,0x00800000000004A8] -> 0x0013
mem[X,0x00800000000004AA] -> 0x0000
[236] [M]: 0x00800000000004A8 (0x00000013) addi zero, zero, 0x0

mem[X,0x00800000000004AC] -> 0x0013
mem[X,0x00800000000004AE] -> 0x0000
[237] [M]: 0x00800000000004AC (0x00000013) addi zero, zero, 0x0

mem[X,0x00800000000004B0] -> 0x0013
mem[X,0x00800000000004B2] -> 0x0000
[238] [M]: 0x00800000000004B0 (0x00000013) addi zero, zero, 0x0

mem[X,0x00800000000004B4] -> 0x0013
mem[X,0x00800000000004B6] -> 0x0000
[239] [M]: 0x00800000000004B4 (0x00000013) addi zero, zero, 0x0

mem[X,0x00800000000004B8] -> 0x0013
mem[X,0x00800000000004BA] -> 0x0000
[240] [M]: 0x00800000000004B8 (0x00000013) addi zero, zero, 0x0

mem[X,0x00800000000004BC] -> 0x0013
mem[X,0x00800000000004BE] -> 0x0000
[241] [M]: 0x00800000000004BC (0x00000013) addi zero, zero, 0x0

mem[X,0x00800000000004C0] -> 0x0217
mem[X,0x00800000000004C2] -> 0x0000
[242] [M]: 0x00800000000004C0 (0x00000217) auipc tp, 0x0
x4 <- 0x00800000000004C0

mem[X,0x00800000000004C4] -> 0x0213
mem[X,0x00800000000004C6] -> 0x3302
[243] [M]: 0x00800000000004C4 (0x33020213) addi tp, tp, 0x330
x4 <- 0x00800000000007F0

mem[X,0x00800000000004C8] -> 0x0013
mem[X,0x00800000000004CA] -> 0x0000
[244] [M]: 0x00800000000004C8 (0x00000013) addi zero, zero, 0x0

mem[X,0x00800000000004CC] -> 0x0013
mem[X,0x00800000000004CE] -> 0x0000
[245] [M]: 0x00800000000004CC (0x00000013) addi zero, zero, 0x0

mem[X,0x00800000000004D0] -> 0x0013
mem[X,0x00800000000004D2] -> 0x0000
[246] [M]: 0x00800000000004D0 (0x00000013) addi zero, zero, 0x0

mem[X,0x00800000000004D4] -> 0x0013
mem[X,0x00800000000004D6] -> 0x0000
[247] [M]: 0x00800000000004D4 (0x00000013) addi zero, zero, 0x0

mem[X,0x00800000000004D8] -> 0x0013
mem[X,0x00800000000004DA] -> 0x0000
[248] [M]: 0x00800000000004D8 (0x00000013) addi zero, zero, 0x0

mem[X,0x00800000000004DC] -> 0x0013
mem[X,0x00800000000004DE] -> 0x0000
[249] [M]: 0x00800000000004DC (0x00000013) addi zero, zero, 0x0

mem[X,0x00800000000004E0] -> 0x5213
mem[X,0x00800000000004E2] -> 0x0022
[250] [M]: 0x00800000000004E0 (0x00225213) srli tp, tp, 0x2
x4 <- 0x00200000000001FC

mem[X,0x00800000000004E4] -> 0x1073
mem[X,0x00800000000004E6] -> 0x3B32
[251] [M]: 0x00800000000004E4 (0x3B321073) csrrw zero, pmpaddr3, tp
CSR pmpaddr3 <- 0x00200000000001FC (input: 0x00200000000001FC)

mem[X,0x00800000000004E8] -> 0x0013
mem[X,0x00800000000004EA] -> 0x0000
[252] [M]: 0x00800000000004E8 (0x00000013) addi zero, zero, 0x0

mem[X,0x00800000000004EC] -> 0x0013
mem[X,0x00800000000004EE] -> 0x0000
[253] [M]: 0x00800000000004EC (0x00000013) addi zero, zero, 0x0

mem[X,0x00800000000004F0] -> 0x0013
mem[X,0x00800000000004F2] -> 0x0000
[254] [M]: 0x00800000000004F0 (0x00000013) addi zero, zero, 0x0

mem[X,0x00800000000004F4] -> 0x0013
mem[X,0x00800000000004F6] -> 0x0000
[255] [M]: 0x00800000000004F4 (0x00000013) addi zero, zero, 0x0

mem[X,0x00800000000004F8] -> 0x0013
mem[X,0x00800000000004FA] -> 0x0000
[256] [M]: 0x00800000000004F8 (0x00000013) addi zero, zero, 0x0

mem[X,0x00800000000004FC] -> 0x0013
mem[X,0x00800000000004FE] -> 0x0000
[257] [M]: 0x00800000000004FC (0x00000013) addi zero, zero, 0x0

mem[X,0x0080000000000500] -> 0x0217
mem[X,0x0080000000000502] -> 0x0000
[258] [M]: 0x0080000000000500 (0x00000217) auipc tp, 0x0
x4 <- 0x0080000000000500

mem[X,0x0080000000000504] -> 0x0213
mem[X,0x0080000000000506] -> 0x2E82
[259] [M]: 0x0080000000000504 (0x2E820213) addi tp, tp, 0x2e8
x4 <- 0x00800000000007E8

mem[X,0x0080000000000508] -> 0x0013
mem[X,0x008000000000050A] -> 0x0000
[260] [M]: 0x0080000000000508 (0x00000013) addi zero, zero, 0x0

mem[X,0x008000000000050C] -> 0x0013
mem[X,0x008000000000050E] -> 0x0000
[261] [M]: 0x008000000000050C (0x00000013) addi zero, zero, 0x0

mem[X,0x0080000000000510] -> 0x0013
mem[X,0x0080000000000512] -> 0x0000
[262] [M]: 0x0080000000000510 (0x00000013) addi zero, zero, 0x0

mem[X,0x0080000000000514] -> 0x0013
mem[X,0x0080000000000516] -> 0x0000
[263] [M]: 0x0080000000000514 (0x00000013) addi zero, zero, 0x0

mem[X,0x0080000000000518] -> 0x0013
mem[X,0x008000000000051A] -> 0x0000
[264] [M]: 0x0080000000000518 (0x00000013) addi zero, zero, 0x0

mem[X,0x008000000000051C] -> 0x0013
mem[X,0x008000000000051E] -> 0x0000
[265] [M]: 0x008000000000051C (0x00000013) addi zero, zero, 0x0

mem[X,0x0080000000000520] -> 0x5213
mem[X,0x0080000000000522] -> 0x0022
[266] [M]: 0x0080000000000520 (0x00225213) srli tp, tp, 0x2
x4 <- 0x00200000000001FA

mem[X,0x0080000000000524] -> 0x1073
mem[X,0x0080000000000526] -> 0x3B12
[267] [M]: 0x0080000000000524 (0x3B121073) csrrw zero, pmpaddr1, tp
CSR pmpaddr1 <- 0x00200000000001FA (input: 0x00200000000001FA)

mem[X,0x0080000000000528] -> 0x0013
mem[X,0x008000000000052A] -> 0x0000
[268] [M]: 0x0080000000000528 (0x00000013) addi zero, zero, 0x0

mem[X,0x008000000000052C] -> 0x0213
mem[X,0x008000000000052E] -> 0x08F0
[269] [M]: 0x008000000000052C (0x08F00213) addi tp, zero, 0x8f
x4 <- 0x000000000000008F

mem[X,0x0080000000000530] -> 0x1213
mem[X,0x0080000000000532] -> 0x0382
[270] [M]: 0x0080000000000530 (0x03821213) slli tp, tp, 0x38
x4 <- 0x8F00000000000000

mem[X,0x0080000000000534] -> 0x2073
mem[X,0x0080000000000536] -> 0x3A22
[271] [M]: 0x0080000000000534 (0x3A222073) csrrs zero, pmpcfg2, tp
CSR pmpcfg2 <- 0x8F00000000000000 (input: 0x8F00000000000000)

mem[X,0x0080000000000538] -> 0x0013
mem[X,0x008000000000053A] -> 0x0000
[272] [M]: 0x0080000000000538 (0x00000013) addi zero, zero, 0x0

mem[X,0x008000000000053C] -> 0x0213
mem[X,0x008000000000053E] -> 0x0110
[273] [M]: 0x008000000000053C (0x01100213) addi tp, zero, 0x11
x4 <- 0x0000000000000011

mem[X,0x0080000000000540] -> 0x1213
mem[X,0x0080000000000542] -> 0x01B2
[274] [M]: 0x0080000000000540 (0x01B21213) slli tp, tp, 0x1b
x4 <- 0x0000000088000000

mem[X,0x0080000000000544] -> 0x2073
mem[X,0x0080000000000546] -> 0x3A02
[275] [M]: 0x0080000000000544 (0x3A022073) csrrs zero, pmpcfg0, tp
CSR pmpcfg0 <- 0x0000000088000000 (input: 0x0000000088000000)

mem[X,0x0080000000000548] -> 0x0013
mem[X,0x008000000000054A] -> 0x0000
[276] [M]: 0x0080000000000548 (0x00000013) addi zero, zero, 0x0

mem[X,0x008000000000054C] -> 0x0213
mem[X,0x008000000000054E] -> 0x0930
[277] [M]: 0x008000000000054C (0x09300213) addi tp, zero, 0x93
x4 <- 0x0000000000000093

mem[X,0x0080000000000550] -> 0x1213
mem[X,0x0080000000000552] -> 0x0082
[278] [M]: 0x0080000000000550 (0x00821213) slli tp, tp, 0x8
x4 <- 0x0000000000009300

mem[X,0x0080000000000554] -> 0x2073
mem[X,0x0080000000000556] -> 0x3A02
[279] [M]: 0x0080000000000554 (0x3A022073) csrrs zero, pmpcfg0, tp
CSR pmpcfg0 <- 0x0000000088009300 (input: 0x0000000088009300)

mem[X,0x0080000000000558] -> 0x0013
mem[X,0x008000000000055A] -> 0x0000
[280] [M]: 0x0080000000000558 (0x00000013) addi zero, zero, 0x0

mem[X,0x008000000000055C] -> 0x0013
mem[X,0x008000000000055E] -> 0x0000
[281] [M]: 0x008000000000055C (0x00000013) addi zero, zero, 0x0

mem[X,0x0080000000000560] -> 0x0797
mem[X,0x0080000000000562] -> 0x0000
[282] [M]: 0x0080000000000560 (0x00000797) auipc a5, 0x0
x15 <- 0x0080000000000560

mem[X,0x0080000000000564] -> 0x8793
mem[X,0x0080000000000566] -> 0x2887
[283] [M]: 0x0080000000000564 (0x28878793) addi a5, a5, 0x288
x15 <- 0x00800000000007E8

mem[X,0x0080000000000568] -> 0x0013
mem[X,0x008000000000056A] -> 0x0000
[284] [M]: 0x0080000000000568 (0x00000013) addi zero, zero, 0x0

mem[X,0x008000000000056C] -> 0x0013
mem[X,0x008000000000056E] -> 0x0000
[285] [M]: 0x008000000000056C (0x00000013) addi zero, zero, 0x0

mem[X,0x0080000000000570] -> 0x0013
mem[X,0x0080000000000572] -> 0x0000
[286] [M]: 0x0080000000000570 (0x00000013) addi zero, zero, 0x0

mem[X,0x0080000000000574] -> 0x0013
mem[X,0x0080000000000576] -> 0x0000
[287] [M]: 0x0080000000000574 (0x00000013) addi zero, zero, 0x0

mem[X,0x0080000000000578] -> 0x0013
mem[X,0x008000000000057A] -> 0x0000
[288] [M]: 0x0080000000000578 (0x00000013) addi zero, zero, 0x0

mem[X,0x008000000000057C] -> 0x0013
mem[X,0x008000000000057E] -> 0x0000
[289] [M]: 0x008000000000057C (0x00000013) addi zero, zero, 0x0

mem[X,0x0080000000000580] -> 0x0713
mem[X,0x0080000000000582] -> 0x0130
[290] [M]: 0x0080000000000580 (0x01300713) addi a4, zero, 0x13
x14 <- 0x0000000000000013

mem[X,0x0080000000000584] -> 0x8023
mem[X,0x0080000000000586] -> 0x00E7
[291] [M]: 0x0080000000000584 (0x00E78023) sb a4, 0x0(a5)
mem[0x00800000000007E8] <- 0x13

mem[X,0x0080000000000588] -> 0x0013
mem[X,0x008000000000058A] -> 0x0000
[292] [M]: 0x0080000000000588 (0x00000013) addi zero, zero, 0x0

mem[X,0x008000000000058C] -> 0x0013
mem[X,0x008000000000058E] -> 0x0000
[293] [M]: 0x008000000000058C (0x00000013) addi zero, zero, 0x0

mem[X,0x0080000000000590] -> 0x9023
mem[X,0x0080000000000592] -> 0x00E7
[294] [M]: 0x0080000000000590 (0x00E79023) sh a4, 0x0(a5)
mem[0x00800000000007E8] <- 0x0013

mem[X,0x0080000000000594] -> 0x0013
mem[X,0x0080000000000596] -> 0x0000
[295] [M]: 0x0080000000000594 (0x00000013) addi zero, zero, 0x0

mem[X,0x0080000000000598] -> 0x0013
mem[X,0x008000000000059A] -> 0x0000
[296] [M]: 0x0080000000000598 (0x00000013) addi zero, zero, 0x0

mem[X,0x008000000000059C] -> 0xA023
mem[X,0x008000000000059E] -> 0x00E7
[297] [M]: 0x008000000000059C (0x00E7A023) sw a4, 0x0(a5)
mem[0x00800000000007E8] <- 0x00000013

mem[X,0x00800000000005A0] -> 0x0013
mem[X,0x00800000000005A2] -> 0x0000
[298] [M]: 0x00800000000005A0 (0x00000013) addi zero, zero, 0x0

mem[X,0x00800000000005A4] -> 0x0013
mem[X,0x00800000000005A6] -> 0x0000
[299] [M]: 0x00800000000005A4 (0x00000013) addi zero, zero, 0x0

clint::tick mtime <- 0x0000000000000003
 clint timer pending at mtime 0x0000000000000003
htif::tick 0x0000000000000000
mem[X,0x00800000000005A8] -> 0xB023
mem[X,0x00800000000005AA] -> 0x00E7
[300] [M]: 0x00800000000005A8 (0x00E7B023) sd a4, 0x0(a5)
trapping from M to M to handle store/amo-access-fault
handling exc#0x07 at priv M with tval 0x00800000000007E8
CSR mstatus <- 0x0000000A00001800

mem[X,0x0080000000000900] -> 0x006F
mem[X,0x0080000000000902] -> 0x1000
[301] [M]: 0x0080000000000900 (0x1000006F) jal zero, 0x100

mem[X,0x0080000000000A00] -> 0x1173
mem[X,0x0080000000000A02] -> 0x3401
[302] [M]: 0x0080000000000A00 (0x34011173) csrrw sp, mscratch, sp
CSR mscratch <- 0x01FDDB7D5BFDDB7F (input: 0x01FDDB7D5BFDDB7F)
x2 <- 0x0080000000003000

mem[X,0x0080000000000A04] -> 0x3423
mem[X,0x0080000000000A06] -> 0x28B1
[303] [M]: 0x0080000000000A04 (0x28B13423) sd a1, 0x288(sp)
mem[0x0080000000003288] <- 0x0000000000000000

mem[X,0x0080000000000A08] -> 0x05EF
mem[X,0x0080000000000A0A] -> 0x0B80
[304] [M]: 0x0080000000000A08 (0x0B8005EF) jal a1, 0xb8
x11 <- 0x0080000000000A0C

mem[X,0x0080000000000AC0] -> 0x3023
mem[X,0x0080000000000AC2] -> 0x28A1
[305] [M]: 0x0080000000000AC0 (0x28A13023) sd a0, 0x280(sp)
mem[0x0080000000003280] <- 0x0000000000000001

mem[X,0x0080000000000AC4] -> 0x1573
mem[X,0x0080000000000AC6] -> 0x3401
[306] [M]: 0x0080000000000AC4 (0x34011573) csrrw a0, mscratch, sp
CSR mscratch <- 0x0080000000003000 (input: 0x0080000000003000)
x10 <- 0x01FDDB7D5BFDDB7F

mem[X,0x0080000000000AC8] -> 0x3823
mem[X,0x0080000000000ACA] -> 0x28A1
[307] [M]: 0x0080000000000AC8 (0x28A13823) sd a0, 0x290(sp)
mem[0x0080000000003290] <- 0x01FDDB7D5BFDDB7F

mem[X,0x0080000000000ACC] -> 0x3503
mem[X,0x0080000000000ACE] -> 0x2301
[308] [M]: 0x0080000000000ACC (0x23013503) ld a0, 0x230(sp)
mem[R,0x0080000000003230] -> 0x0080000000000AD4
x10 <- 0x0080000000000AD4

mem[X,0x0080000000000AD0] -> 0x0067
mem[X,0x0080000000000AD2] -> 0x0005
[309] [M]: 0x0080000000000AD0 (0x00050067) jalr zero, 0x0(a0)

mem[X,0x0080000000000AD4] -> 0x3C23
mem[X,0x0080000000000AD6] -> 0x2691
[310] [M]: 0x0080000000000AD4 (0x26913C23) sd s1, 0x278(sp)
mem[0x0080000000003278] <- 0x00000000000000FE

mem[X,0x0080000000000AD8] -> 0x3823
mem[X,0x0080000000000ADA] -> 0x2681
[311] [M]: 0x0080000000000AD8 (0x26813823) sd fp, 0x270(sp)
mem[0x0080000000003270] <- 0x0000000000007F76

mem[X,0x0080000000000ADC] -> 0x3423
mem[X,0x0080000000000ADE] -> 0x2671
[312] [M]: 0x0080000000000ADC (0x26713423) sd t2, 0x268(sp)
mem[0x0080000000003268] <- 0x00000000003FBB6F

mem[X,0x0080000000000AE0] -> 0x3023
mem[X,0x0080000000000AE2] -> 0x2661
[313] [M]: 0x0080000000000AE0 (0x26613023) sd t1, 0x260(sp)
mem[0x0080000000003260] <- 0x000000001FDDB7D5

mem[X,0x0080000000000AE4] -> 0x2573
mem[X,0x0080000000000AE6] -> 0x3420
[314] [M]: 0x0080000000000AE4 (0x34202573) csrrs a0, mcause, zero
CSR mcause -> 0x0000000000000007
x10 <- 0x0000000000000007

mem[X,0x0080000000000AE8] -> 0x04B7
mem[X,0x0080000000000AEA] -> 0x8000
[315] [M]: 0x0080000000000AE8 (0x800004B7) lui s1, -0x80000
x9 <- 0xFFFFFFFF80000000

mem[X,0x0080000000000AEC] -> 0x8493
mem[X,0x0080000000000AEE] -> 0x0004
[316] [M]: 0x0080000000000AEC (0x00048493) addi s1, s1, 0x0
x9 <- 0xFFFFFFFF80000000

mem[X,0x0080000000000AF0] -> 0x9493
mem[X,0x0080000000000AF2] -> 0x00B4
[317] [M]: 0x0080000000000AF0 (0x00B49493) slli s1, s1, 0xb
x9 <- 0xFFFFFC0000000000

mem[X,0x0080000000000AF4] -> 0x8493
mem[X,0x0080000000000AF6] -> 0x0004
[318] [M]: 0x0080000000000AF4 (0x00048493) addi s1, s1, 0x0
x9 <- 0xFFFFFC0000000000

mem[X,0x0080000000000AF8] -> 0x9493
mem[X,0x0080000000000AFA] -> 0x00B4
[319] [M]: 0x0080000000000AF8 (0x00B49493) slli s1, s1, 0xb
x9 <- 0xFFE0000000000000

mem[X,0x0080000000000AFC] -> 0x8493
mem[X,0x0080000000000AFE] -> 0x0034
[320] [M]: 0x0080000000000AFC (0x00348493) addi s1, s1, 0x3
x9 <- 0xFFE0000000000003

mem[X,0x0080000000000B00] -> 0x9493
mem[X,0x0080000000000B02] -> 0x00A4
[321] [M]: 0x0080000000000B00 (0x00A49493) slli s1, s1, 0xa
x9 <- 0x8000000000000C00

mem[X,0x0080000000000B04] -> 0x8493
mem[X,0x0080000000000B06] -> 0x3FC4
[322] [M]: 0x0080000000000B04 (0x3FC48493) addi s1, s1, 0x3fc
x9 <- 0x8000000000000FFC

mem[X,0x0080000000000B08] -> 0xF4B3
mem[X,0x0080000000000B0A] -> 0x00A4
[323] [M]: 0x0080000000000B08 (0x00A4F4B3) and s1, s1, a0
x9 <- 0x0000000000000004

mem[X,0x0080000000000B0C] -> 0x8493
mem[X,0x0080000000000B0E] -> 0xFF84
[324] [M]: 0x0080000000000B0C (0xFF848493) addi s1, s1, -0x8
x9 <- 0xFFFFFFFFFFFFFFFC

mem[X,0x0080000000000B10] -> 0x9663
mem[X,0x0080000000000B12] -> 0x0004
[325] [M]: 0x0080000000000B10 (0x00049663) bne s1, zero, 0xc

mem[X,0x0080000000000B1C] -> 0x0393
mem[X,0x0080000000000B1E] -> 0x0200
[326] [M]: 0x0080000000000B1C (0x02000393) addi t2, zero, 0x20
x7 <- 0x0000000000000020

mem[X,0x0080000000000B20] -> 0x5263
mem[X,0x0080000000000B22] -> 0x0405
[327] [M]: 0x0080000000000B20 (0x04055263) bge a0, zero, 0x44

mem[X,0x0080000000000B64] -> 0x2373
mem[X,0x0080000000000B66] -> 0x3010
[328] [M]: 0x0080000000000B64 (0x30102373) csrrs t1, misa, zero
CSR misa -> 0x800000000034112D
x6 <- 0x800000000034112D

mem[X,0x0080000000000B68] -> 0x1313
mem[X,0x0080000000000B6A] -> 0x0383
[329] [M]: 0x0080000000000B68 (0x03831313) slli t1, t1, 0x38
x6 <- 0x2D00000000000000

mem[X,0x0080000000000B6C] -> 0x5463
mem[X,0x0080000000000B6E] -> 0x0003
[330] [M]: 0x0080000000000B6C (0x00035463) bge t1, zero, 0x8

mem[X,0x0080000000000B74] -> 0x3303
mem[X,0x0080000000000B76] -> 0x2181
[331] [M]: 0x0080000000000B74 (0x21813303) ld t1, 0x218(sp)
mem[R,0x0080000000003218] -> 0x0080000000004320
x6 <- 0x0080000000004320

mem[X,0x0080000000000B78] -> 0x04B3
mem[X,0x0080000000000B7A] -> 0x0073
[332] [M]: 0x0080000000000B78 (0x007304B3) add s1, t1, t2
x9 <- 0x0080000000004340

mem[X,0x0080000000000B7C] -> 0x3C23
mem[X,0x0080000000000B7E] -> 0x2091
[333] [M]: 0x0080000000000B7C (0x20913C23) sd s1, 0x218(sp)
mem[0x0080000000003218] <- 0x0080000000004340

mem[X,0x0080000000000B80] -> 0x3403
mem[X,0x0080000000000B82] -> 0x1F81
[334] [M]: 0x0080000000000B80 (0x1F813403) ld fp, 0x1f8(sp)
mem[R,0x00800000000031F8] -> 0x0080000000004210
x8 <- 0x0080000000004210

mem[X,0x0080000000000B84] -> 0x0333
mem[X,0x0080000000000B86] -> 0x4083
[335] [M]: 0x0080000000000B84 (0x40830333) sub t1, t1, fp
x6 <- 0x0000000000000110

mem[X,0x0080000000000B88] -> 0x3403
mem[X,0x0080000000000B8A] -> 0x1F81
[336] [M]: 0x0080000000000B88 (0x1F813403) ld fp, 0x1f8(sp)
mem[R,0x00800000000031F8] -> 0x0080000000004210
x8 <- 0x0080000000004210

mem[X,0x0080000000000B8C] -> 0x0333
mem[X,0x0080000000000B8E] -> 0x0083
[337] [M]: 0x0080000000000B8C (0x00830333) add t1, t1, fp
x6 <- 0x0080000000004320

mem[X,0x0080000000000B90] -> 0x3403
mem[X,0x0080000000000B92] -> 0x2401
[338] [M]: 0x0080000000000B90 (0x24013403) ld fp, 0x240(sp)
mem[R,0x0080000000003240] -> 0x0080000000000900
x8 <- 0x0080000000000900

mem[X,0x0080000000000B94] -> 0x85B3
mem[X,0x0080000000000B96] -> 0x4085
[339] [M]: 0x0080000000000B94 (0x408585B3) sub a1, a1, fp
x11 <- 0x000000000000010C

mem[X,0x0080000000000B98] -> 0x9593
mem[X,0x0080000000000B9A] -> 0x0045
[340] [M]: 0x0080000000000B98 (0x00459593) slli a1, a1, 0x4
x11 <- 0x00000000000010C0

mem[X,0x0080000000000B9C] -> 0xE5B3
mem[X,0x0080000000000B9E] -> 0x0075
[341] [M]: 0x0080000000000B9C (0x0075E5B3) or a1, a1, t2
x11 <- 0x00000000000010E0

mem[X,0x0080000000000BA0] -> 0x8593
mem[X,0x0080000000000BA2] -> 0x0035
[342] [M]: 0x0080000000000BA0 (0x00358593) addi a1, a1, 0x3
x11 <- 0x00000000000010E3

mem[X,0x0080000000000BA4] -> 0x3023
mem[X,0x0080000000000BA6] -> 0x00B3
[343] [M]: 0x0080000000000BA4 (0x00B33023) sd a1, 0x0(t1)
mem[0x0080000000004320] <- 0x00000000000010E3

mem[X,0x0080000000000BA8] -> 0x3423
mem[X,0x0080000000000BAA] -> 0x00A3
[344] [M]: 0x0080000000000BA8 (0x00A33423) sd a0, 0x8(t1)
mem[0x0080000000004328] <- 0x0000000000000007

mem[X,0x0080000000000BAC] -> 0x4863
mem[X,0x0080000000000BAE] -> 0x1605
[345] [M]: 0x0080000000000BAC (0x16054863) blt a0, zero, 0x170

mem[X,0x0080000000000BB0] -> 0x25F3
mem[X,0x0080000000000BB2] -> 0x3000
[346] [M]: 0x0080000000000BB0 (0x300025F3) csrrs a1, mstatus, zero
CSR mstatus -> 0x0000000A00001800
x11 <- 0x0000000A00001800

mem[X,0x0080000000000BB4] -> 0x9413
mem[X,0x0080000000000BB6] -> 0x02E5
[347] [M]: 0x0080000000000BB4 (0x02E59413) slli fp, a1, 0x2e
x8 <- 0x0600000000000000

mem[X,0x0080000000000BB8] -> 0x5463
mem[X,0x0080000000000BBA] -> 0x0004
[348] [M]: 0x0080000000000BB8 (0x00045463) bge fp, zero, 0x8

mem[X,0x0080000000000BC0] -> 0xD493
mem[X,0x0080000000000BC2] -> 0x00B5
[349] [M]: 0x0080000000000BC0 (0x00B5D493) srli s1, a1, 0xb
x9 <- 0x0000000001400003

mem[X,0x0080000000000BC4] -> 0xF493
mem[X,0x0080000000000BC6] -> 0x0034
[350] [M]: 0x0080000000000BC4 (0x0034F493) andi s1, s1, 0x3
x9 <- 0x0000000000000003

mem[X,0x0080000000000BC8] -> 0x8493
mem[X,0x0080000000000BCA] -> 0x0014
[351] [M]: 0x0080000000000BC8 (0x00148493) addi s1, s1, 0x1
x9 <- 0x0000000000000004

mem[X,0x0080000000000BCC] -> 0xF493
mem[X,0x0080000000000BCE] -> 0x0044
[352] [M]: 0x0080000000000BCC (0x0044F493) andi s1, s1, 0x4
x9 <- 0x0000000000000004

mem[X,0x0080000000000BD0] -> 0x0593
mem[X,0x0080000000000BD2] -> 0x05D0
[353] [M]: 0x0080000000000BD0 (0x05D00593) addi a1, zero, 0x5d
x11 <- 0x000000000000005D

mem[X,0x0080000000000BD4] -> 0xD5B3
mem[X,0x0080000000000BD6] -> 0x0095
[354] [M]: 0x0080000000000BD4 (0x0095D5B3) srl a1, a1, s1
x11 <- 0x0000000000000005

mem[X,0x0080000000000BD8] -> 0xF593
mem[X,0x0080000000000BDA] -> 0x0015
[355] [M]: 0x0080000000000BD8 (0x0015F593) andi a1, a1, 0x1
x11 <- 0x0000000000000001

mem[X,0x0080000000000BDC] -> 0x8EE3
mem[X,0x0080000000000BDE] -> 0xF405
[356] [M]: 0x0080000000000BDC (0xF4058EE3) beq a1, zero, -0xa4

mem[X,0x0080000000000BE0] -> 0x0593
mem[X,0x0080000000000BE2] -> 0x2980
[357] [M]: 0x0080000000000BE0 (0x29800593) addi a1, zero, 0x298
x11 <- 0x0000000000000298

mem[X,0x0080000000000BE4] -> 0xF413
mem[X,0x0080000000000BE6] -> 0x0014
[358] [M]: 0x0080000000000BE4 (0x0014F413) andi fp, s1, 0x1
x8 <- 0x0000000000000000

mem[X,0x0080000000000BE8] -> 0x95B3
mem[X,0x0080000000000BEA] -> 0x0085
[359] [M]: 0x0080000000000BE8 (0x008595B3) sll a1, a1, fp
x11 <- 0x0000000000000298

mem[X,0x0080000000000BEC] -> 0x9413
mem[X,0x0080000000000BEE] -> 0x03D4
[360] [M]: 0x0080000000000BEC (0x03D49413) slli fp, s1, 0x3d
x8 <- 0x8000000000000000

mem[X,0x0080000000000BF0] -> 0x5413
mem[X,0x0080000000000BF2] -> 0x43F4
[361] [M]: 0x0080000000000BF0 (0x43F45413) srai fp, fp, 0x3f
x8 <- 0xFFFFFFFFFFFFFFFF

mem[X,0x0080000000000BF4] -> 0x4413
mem[X,0x0080000000000BF6] -> 0xFFF4
[362] [M]: 0x0080000000000BF4 (0xFFF44413) xori fp, fp, -0x1
x8 <- 0x0000000000000000

mem[X,0x0080000000000BF8] -> 0xF4B3
mem[X,0x0080000000000BFA] -> 0x0085
[363] [M]: 0x0080000000000BF8 (0x0085F4B3) and s1, a1, fp
x9 <- 0x0000000000000000

mem[X,0x0080000000000BFC] -> 0x84B3
mem[X,0x0080000000000BFE] -> 0x0024
[364] [M]: 0x0080000000000BFC (0x002484B3) add s1, s1, sp
x9 <- 0x0080000000003000

mem[X,0x0080000000000C00] -> 0x23F3
mem[X,0x0080000000000C02] -> 0x3410
[365] [M]: 0x0080000000000C00 (0x341023F3) csrrs t2, mepc, zero
CSR mepc -> 0x00800000000005A8
x7 <- 0x00800000000005A8

mem[X,0x0080000000000C04] -> 0xB403
mem[X,0x0080000000000C06] -> 0x2084
[366] [M]: 0x0080000000000C04 (0x2084B403) ld fp, 0x208(s1)
mem[R,0x0080000000003208] -> 0x008000000000039C
x8 <- 0x008000000000039C

mem[X,0x0080000000000C08] -> 0xB583
mem[X,0x0080000000000C0A] -> 0x2104
[367] [M]: 0x0080000000000C08 (0x2104B583) ld a1, 0x210(s1)
mem[R,0x0080000000003210] -> 0x0000000000000468
x11 <- 0x0000000000000468

mem[X,0x0080000000000C0C] -> 0x85B3
mem[X,0x0080000000000C0E] -> 0x0085
[368] [M]: 0x0080000000000C0C (0x008585B3) add a1, a1, fp
x11 <- 0x0080000000000804

mem[X,0x0080000000000C10] -> 0xF463
mem[X,0x0080000000000C12] -> 0x00B3
[369] [M]: 0x0080000000000C10 (0x00B3F463) bgeu t2, a1, 0x8

mem[X,0x0080000000000C14] -> 0xF663
mem[X,0x0080000000000C16] -> 0x0283
[370] [M]: 0x0080000000000C14 (0x0283F663) bgeu t2, fp, 0x2c

mem[X,0x0080000000000C40] -> 0x8433
mem[X,0x0080000000000C42] -> 0x4083
[371] [M]: 0x0080000000000C40 (0x40838433) sub fp, t2, fp
x8 <- 0x000000000000020C

mem[X,0x0080000000000C44] -> 0x3823
mem[X,0x0080000000000C46] -> 0x0083
[372] [M]: 0x0080000000000C44 (0x00833823) sd fp, 0x10(t1)
mem[0x0080000000004330] <- 0x000000000000020C

mem[X,0x0080000000000C48] -> 0xF593
mem[X,0x0080000000000C4A] -> 0xFFC3
[373] [M]: 0x0080000000000C48 (0xFFC3F593) andi a1, t2, -0x4
x11 <- 0x00800000000005A8

mem[X,0x0080000000000C4C] -> 0x8593
mem[X,0x0080000000000C4E] -> 0x0085
[374] [M]: 0x0080000000000C4C (0x00858593) addi a1, a1, 0x8
x11 <- 0x00800000000005B0

mem[X,0x0080000000000C50] -> 0x9073
mem[X,0x0080000000000C52] -> 0x3415
[375] [M]: 0x0080000000000C50 (0x34159073) csrrw zero, mepc, a1
CSR mepc <- 0x00800000000005B0 (input: 0x00800000000005B0)

mem[X,0x0080000000000C54] -> 0x23F3
mem[X,0x0080000000000C56] -> 0x3430
[376] [M]: 0x0080000000000C54 (0x343023F3) csrrs t2, mtval, zero
CSR mtval -> 0x00800000000007E8
x7 <- 0x00800000000007E8

mem[X,0x0080000000000C58] -> 0x7513
mem[X,0x0080000000000C5A] -> 0x00F5
[377] [M]: 0x0080000000000C58 (0x00F57513) andi a0, a0, 0xf
x10 <- 0x0000000000000007

mem[X,0x0080000000000C5C] -> 0x0437
mem[X,0x0080000000000C5E] -> 0x0000
[378] [M]: 0x0080000000000C5C (0x00000437) lui fp, 0x0
x8 <- 0x0000000000000000

mem[X,0x0080000000000C60] -> 0x0413
mem[X,0x0080000000000C62] -> 0x0004
[379] [M]: 0x0080000000000C60 (0x00040413) addi fp, fp, 0x0
x8 <- 0x0000000000000000

mem[X,0x0080000000000C64] -> 0x1413
mem[X,0x0080000000000C66] -> 0x00B4
[380] [M]: 0x0080000000000C64 (0x00B41413) slli fp, fp, 0xb
x8 <- 0x0000000000000000

mem[X,0x0080000000000C68] -> 0x0413
mem[X,0x0080000000000C6A] -> 0x0004
[381] [M]: 0x0080000000000C68 (0x00040413) addi fp, fp, 0x0
x8 <- 0x0000000000000000

mem[X,0x0080000000000C6C] -> 0x1413
mem[X,0x0080000000000C6E] -> 0x00B4
[382] [M]: 0x0080000000000C6C (0x00B41413) slli fp, fp, 0xb
x8 <- 0x0000000000000000

mem[X,0x0080000000000C70] -> 0x0413
mem[X,0x0080000000000C72] -> 0x02C4
[383] [M]: 0x0080000000000C70 (0x02C40413) addi fp, fp, 0x2c
x8 <- 0x000000000000002C

mem[X,0x0080000000000C74] -> 0x1413
mem[X,0x0080000000000C76] -> 0x00A4
[384] [M]: 0x0080000000000C74 (0x00A41413) slli fp, fp, 0xa
x8 <- 0x000000000000B000

mem[X,0x0080000000000C78] -> 0x0413
mem[X,0x0080000000000C7A] -> 0x0FB4
[385] [M]: 0x0080000000000C78 (0x0FB40413) addi fp, fp, 0xfb
x8 <- 0x000000000000B0FB

mem[X,0x0080000000000C7C] -> 0x5433
mem[X,0x0080000000000C7E] -> 0x00A4
[386] [M]: 0x0080000000000C7C (0x00A45433) srl fp, fp, a0
x8 <- 0x0000000000000161

mem[X,0x0080000000000C80] -> 0x1413
mem[X,0x0080000000000C82] -> 0x03F4
[387] [M]: 0x0080000000000C80 (0x03F41413) slli fp, fp, 0x3f
x8 <- 0x8000000000000000

mem[X,0x0080000000000C84] -> 0x5C63
mem[X,0x0080000000000C86] -> 0x0404
[388] [M]: 0x0080000000000C84 (0x04045C63) bge fp, zero, 0x58

mem[X,0x0080000000000C88] -> 0xB403
mem[X,0x0080000000000C8A] -> 0x2084
[389] [M]: 0x0080000000000C88 (0x2084B403) ld fp, 0x208(s1)
mem[R,0x0080000000003208] -> 0x008000000000039C
x8 <- 0x008000000000039C

mem[X,0x0080000000000C8C] -> 0xB583
mem[X,0x0080000000000C8E] -> 0x2104
[390] [M]: 0x0080000000000C8C (0x2104B583) ld a1, 0x210(s1)
mem[R,0x0080000000003210] -> 0x0000000000000468
x11 <- 0x0000000000000468

mem[X,0x0080000000000C90] -> 0x85B3
mem[X,0x0080000000000C92] -> 0x0085
[391] [M]: 0x0080000000000C90 (0x008585B3) add a1, a1, fp
x11 <- 0x0080000000000804

mem[X,0x0080000000000C94] -> 0xF463
mem[X,0x0080000000000C96] -> 0x00B3
[392] [M]: 0x0080000000000C94 (0x00B3F463) bgeu t2, a1, 0x8

mem[X,0x0080000000000C98] -> 0xF063
mem[X,0x0080000000000C9A] -> 0x0483
[393] [M]: 0x0080000000000C98 (0x0483F063) bgeu t2, fp, 0x40

mem[X,0x0080000000000CD8] -> 0x8433
mem[X,0x0080000000000CDA] -> 0x4083
[394] [M]: 0x0080000000000CD8 (0x40838433) sub fp, t2, fp
x8 <- 0x000000000000044C

mem[X,0x0080000000000CDC] -> 0x3C23
mem[X,0x0080000000000CDE] -> 0x0083
[395] [M]: 0x0080000000000CDC (0x00833C23) sd fp, 0x18(t1)
mem[0x0080000000004338] <- 0x000000000000044C

mem[X,0x0080000000000CE0] -> 0x3483
mem[X,0x0080000000000CE2] -> 0x2181
[396] [M]: 0x0080000000000CE0 (0x21813483) ld s1, 0x218(sp)
mem[R,0x0080000000003218] -> 0x0080000000004340
x9 <- 0x0080000000004340

mem[X,0x0080000000000CE4] -> 0x3383
mem[X,0x0080000000000CE6] -> 0x1F81
[397] [M]: 0x0080000000000CE4 (0x1F813383) ld t2, 0x1f8(sp)
mem[R,0x00800000000031F8] -> 0x0080000000004210
x7 <- 0x0080000000004210

mem[X,0x0080000000000CE8] -> 0x3303
mem[X,0x0080000000000CEA] -> 0x2001
[398] [M]: 0x0080000000000CE8 (0x20013303) ld t1, 0x200(sp)
mem[R,0x0080000000003200] -> 0x0000000000000520
x6 <- 0x0000000000000520

mem[X,0x0080000000000CEC] -> 0x0333
mem[X,0x0080000000000CEE] -> 0x0073
[399] [M]: 0x0080000000000CEC (0x00730333) add t1, t1, t2
x6 <- 0x0080000000004730

clint::tick mtime <- 0x0000000000000004
 clint timer pending at mtime 0x0000000000000004
htif::tick 0x0000000000000000
mem[X,0x0080000000000CF0] -> 0x6EE3
mem[X,0x0080000000000CF2] -> 0xB093
[400] [M]: 0x0080000000000CF0 (0xB0936EE3) bltu t1, s1, -0x4e4

mem[X,0x0080000000000CF4] -> 0x0393
mem[X,0x0080000000000CF6] -> 0x2000
[401] [M]: 0x0080000000000CF4 (0x20000393) addi t2, zero, 0x200
x7 <- 0x0000000000000200

mem[X,0x0080000000000CF8] -> 0x006F
mem[X,0x0080000000000CFA] -> 0x0400
[402] [M]: 0x0080000000000CF8 (0x0400006F) jal zero, 0x40

mem[X,0x0080000000000D38] -> 0x0417
mem[X,0x0080000000000D3A] -> 0x0000
[403] [M]: 0x0080000000000D38 (0x00000417) auipc fp, 0x0
x8 <- 0x0080000000000D38

mem[X,0x0080000000000D3C] -> 0x0413
mem[X,0x0080000000000D3E] -> 0x03C4
[404] [M]: 0x0080000000000D3C (0x03C40413) addi fp, fp, 0x3c
x8 <- 0x0080000000000D74

mem[X,0x0080000000000D40] -> 0x0433
mem[X,0x0080000000000D42] -> 0x0074
[405] [M]: 0x0080000000000D40 (0x00740433) add fp, fp, t2
x8 <- 0x0080000000000F74

mem[X,0x0080000000000D44] -> 0x1393
mem[X,0x0080000000000D46] -> 0x0035
[406] [M]: 0x0080000000000D44 (0x00351393) slli t2, a0, 0x3
x7 <- 0x0000000000000038

mem[X,0x0080000000000D48] -> 0x0433
mem[X,0x0080000000000D4A] -> 0x0074
[407] [M]: 0x0080000000000D48 (0x00740433) add fp, fp, t2
x8 <- 0x0080000000000FAC

mem[X,0x0080000000000D4C] -> 0x7413
mem[X,0x0080000000000D4E] -> 0xFF84
[408] [M]: 0x0080000000000D4C (0xFF847413) andi fp, fp, -0x8
x8 <- 0x0080000000000FA8

mem[X,0x0080000000000D50] -> 0x3403
mem[X,0x0080000000000D52] -> 0x0004
[409] [M]: 0x0080000000000D50 (0x00043403) ld fp, 0x0(fp)
mem[R,0x0080000000000FA8] -> 0x000000000000000F
x8 <- 0x000000000000000F

mem[X,0x0080000000000D54] -> 0x06E3
mem[X,0x0080000000000D56] -> 0xB404
[410] [M]: 0x0080000000000D54 (0xB40406E3) beq fp, zero, -0x4b4

mem[X,0x0080000000000D58] -> 0x1393
mem[X,0x0080000000000D5A] -> 0x03F4
[411] [M]: 0x0080000000000D58 (0x03F41393) slli t2, fp, 0x3f
x7 <- 0x8000000000000000

mem[X,0x0080000000000D5C] -> 0xD863
mem[X,0x0080000000000D5E] -> 0x0003
[412] [M]: 0x0080000000000D5C (0x0003D863) bge t2, zero, 0x10

mem[X,0x0080000000000D60] -> 0x5413
mem[X,0x0080000000000D62] -> 0x0014
[413] [M]: 0x0080000000000D60 (0x00145413) srli fp, fp, 0x1
x8 <- 0x0000000000000007

mem[X,0x0080000000000D64] -> 0x0CE3
mem[X,0x0080000000000D66] -> 0xF885
[414] [M]: 0x0080000000000D64 (0xF8850CE3) beq a0, fp, -0x68

mem[X,0x0080000000000CFC] -> 0x3303
mem[X,0x0080000000000CFE] -> 0x2601
[415] [M]: 0x0080000000000CFC (0x26013303) ld t1, 0x260(sp)
mem[R,0x0080000000003260] -> 0x000000001FDDB7D5
x6 <- 0x000000001FDDB7D5

mem[X,0x0080000000000D00] -> 0x3383
mem[X,0x0080000000000D02] -> 0x2681
[416] [M]: 0x0080000000000D00 (0x26813383) ld t2, 0x268(sp)
mem[R,0x0080000000003268] -> 0x00000000003FBB6F
x7 <- 0x00000000003FBB6F

mem[X,0x0080000000000D04] -> 0x3403
mem[X,0x0080000000000D06] -> 0x2701
[417] [M]: 0x0080000000000D04 (0x27013403) ld fp, 0x270(sp)
mem[R,0x0080000000003270] -> 0x0000000000007F76
x8 <- 0x0000000000007F76

mem[X,0x0080000000000D08] -> 0x3483
mem[X,0x0080000000000D0A] -> 0x2781
[418] [M]: 0x0080000000000D08 (0x27813483) ld s1, 0x278(sp)
mem[R,0x0080000000003278] -> 0x00000000000000FE
x9 <- 0x00000000000000FE

mem[X,0x0080000000000D0C] -> 0x3503
mem[X,0x0080000000000D0E] -> 0x2801
[419] [M]: 0x0080000000000D0C (0x28013503) ld a0, 0x280(sp)
mem[R,0x0080000000003280] -> 0x0000000000000001
x10 <- 0x0000000000000001

mem[X,0x0080000000000D10] -> 0x3583
mem[X,0x0080000000000D12] -> 0x2881
[420] [M]: 0x0080000000000D10 (0x28813583) ld a1, 0x288(sp)
mem[R,0x0080000000003288] -> 0x0000000000000000
x11 <- 0x0000000000000000

mem[X,0x0080000000000D14] -> 0x3103
mem[X,0x0080000000000D16] -> 0x2901
[421] [M]: 0x0080000000000D14 (0x29013103) ld sp, 0x290(sp)
mem[R,0x0080000000003290] -> 0x01FDDB7D5BFDDB7F
x2 <- 0x01FDDB7D5BFDDB7F

mem[X,0x0080000000000D18] -> 0x0073
mem[X,0x0080000000000D1A] -> 0x3020
[422] [M]: 0x0080000000000D18 (0x30200073) mret
CSR mstatus <- 0x0000000A00000080
ret-ing from M to M

mem[X,0x00800000000005B0] -> 0x0013
mem[X,0x00800000000005B2] -> 0x0000
[423] [M]: 0x00800000000005B0 (0x00000013) addi zero, zero, 0x0

mem[X,0x00800000000005B4] -> 0x8703
mem[X,0x00800000000005B6] -> 0x0007
[424] [M]: 0x00800000000005B4 (0x00078703) lb a4, 0x0(a5)
mem[R,0x00800000000007E8] -> 0x13
x14 <- 0x0000000000000013

mem[X,0x00800000000005B8] -> 0x0013
mem[X,0x00800000000005BA] -> 0x0000
[425] [M]: 0x00800000000005B8 (0x00000013) addi zero, zero, 0x0

mem[X,0x00800000000005BC] -> 0x0013
mem[X,0x00800000000005BE] -> 0x0000
[426] [M]: 0x00800000000005BC (0x00000013) addi zero, zero, 0x0

mem[X,0x00800000000005C0] -> 0xB023
mem[X,0x00800000000005C2] -> 0x00E6
[427] [M]: 0x00800000000005C0 (0x00E6B023) sd a4, 0x0(a3)
mem[0x0080000000004218] <- 0x0000000000000013

mem[X,0x00800000000005C4] -> 0x9703
mem[X,0x00800000000005C6] -> 0x0007
[428] [M]: 0x00800000000005C4 (0x00079703) lh a4, 0x0(a5)
mem[R,0x00800000000007E8] -> 0x0013
x14 <- 0x0000000000000013

mem[X,0x00800000000005C8] -> 0x0013
mem[X,0x00800000000005CA] -> 0x0000
[429] [M]: 0x00800000000005C8 (0x00000013) addi zero, zero, 0x0

mem[X,0x00800000000005CC] -> 0x0013
mem[X,0x00800000000005CE] -> 0x0000
[430] [M]: 0x00800000000005CC (0x00000013) addi zero, zero, 0x0

mem[X,0x00800000000005D0] -> 0xB423
mem[X,0x00800000000005D2] -> 0x00E6
[431] [M]: 0x00800000000005D0 (0x00E6B423) sd a4, 0x8(a3)
mem[0x0080000000004220] <- 0x0000000000000013

mem[X,0x00800000000005D4] -> 0xA703
mem[X,0x00800000000005D6] -> 0x0007
[432] [M]: 0x00800000000005D4 (0x0007A703) lw a4, 0x0(a5)
mem[R,0x00800000000007E8] -> 0x00000013
x14 <- 0x0000000000000013

mem[X,0x00800000000005D8] -> 0x0013
mem[X,0x00800000000005DA] -> 0x0000
[433] [M]: 0x00800000000005D8 (0x00000013) addi zero, zero, 0x0

mem[X,0x00800000000005DC] -> 0x0013
mem[X,0x00800000000005DE] -> 0x0000
[434] [M]: 0x00800000000005DC (0x00000013) addi zero, zero, 0x0

mem[X,0x00800000000005E0] -> 0xB703
mem[X,0x00800000000005E2] -> 0x0007
[435] [M]: 0x00800000000005E0 (0x0007B703) ld a4, 0x0(a5)
trapping from M to M to handle load-access-fault
handling exc#0x05 at priv M with tval 0x00800000000007E8
CSR mstatus <- 0x0000000A00001800

mem[X,0x0080000000000900] -> 0x006F
mem[X,0x0080000000000902] -> 0x1000
[436] [M]: 0x0080000000000900 (0x1000006F) jal zero, 0x100

mem[X,0x0080000000000A00] -> 0x1173
mem[X,0x0080000000000A02] -> 0x3401
[437] [M]: 0x0080000000000A00 (0x34011173) csrrw sp, mscratch, sp
CSR mscratch <- 0x01FDDB7D5BFDDB7F (input: 0x01FDDB7D5BFDDB7F)
x2 <- 0x0080000000003000

mem[X,0x0080000000000A04] -> 0x3423
mem[X,0x0080000000000A06] -> 0x28B1
[438] [M]: 0x0080000000000A04 (0x28B13423) sd a1, 0x288(sp)
mem[0x0080000000003288] <- 0x0000000000000000

mem[X,0x0080000000000A08] -> 0x05EF
mem[X,0x0080000000000A0A] -> 0x0B80
[439] [M]: 0x0080000000000A08 (0x0B8005EF) jal a1, 0xb8
x11 <- 0x0080000000000A0C

mem[X,0x0080000000000AC0] -> 0x3023
mem[X,0x0080000000000AC2] -> 0x28A1
[440] [M]: 0x0080000000000AC0 (0x28A13023) sd a0, 0x280(sp)
mem[0x0080000000003280] <- 0x0000000000000001

mem[X,0x0080000000000AC4] -> 0x1573
mem[X,0x0080000000000AC6] -> 0x3401
[441] [M]: 0x0080000000000AC4 (0x34011573) csrrw a0, mscratch, sp
CSR mscratch <- 0x0080000000003000 (input: 0x0080000000003000)
x10 <- 0x01FDDB7D5BFDDB7F

mem[X,0x0080000000000AC8] -> 0x3823
mem[X,0x0080000000000ACA] -> 0x28A1
[442] [M]: 0x0080000000000AC8 (0x28A13823) sd a0, 0x290(sp)
mem[0x0080000000003290] <- 0x01FDDB7D5BFDDB7F

mem[X,0x0080000000000ACC] -> 0x3503
mem[X,0x0080000000000ACE] -> 0x2301
[443] [M]: 0x0080000000000ACC (0x23013503) ld a0, 0x230(sp)
mem[R,0x0080000000003230] -> 0x0080000000000AD4
x10 <- 0x0080000000000AD4

mem[X,0x0080000000000AD0] -> 0x0067
mem[X,0x0080000000000AD2] -> 0x0005
[444] [M]: 0x0080000000000AD0 (0x00050067) jalr zero, 0x0(a0)

mem[X,0x0080000000000AD4] -> 0x3C23
mem[X,0x0080000000000AD6] -> 0x2691
[445] [M]: 0x0080000000000AD4 (0x26913C23) sd s1, 0x278(sp)
mem[0x0080000000003278] <- 0x00000000000000FE

mem[X,0x0080000000000AD8] -> 0x3823
mem[X,0x0080000000000ADA] -> 0x2681
[446] [M]: 0x0080000000000AD8 (0x26813823) sd fp, 0x270(sp)
mem[0x0080000000003270] <- 0x0000000000007F76

mem[X,0x0080000000000ADC] -> 0x3423
mem[X,0x0080000000000ADE] -> 0x2671
[447] [M]: 0x0080000000000ADC (0x26713423) sd t2, 0x268(sp)
mem[0x0080000000003268] <- 0x00000000003FBB6F

mem[X,0x0080000000000AE0] -> 0x3023
mem[X,0x0080000000000AE2] -> 0x2661
[448] [M]: 0x0080000000000AE0 (0x26613023) sd t1, 0x260(sp)
mem[0x0080000000003260] <- 0x000000001FDDB7D5

mem[X,0x0080000000000AE4] -> 0x2573
mem[X,0x0080000000000AE6] -> 0x3420
[449] [M]: 0x0080000000000AE4 (0x34202573) csrrs a0, mcause, zero
CSR mcause -> 0x0000000000000005
x10 <- 0x0000000000000005

mem[X,0x0080000000000AE8] -> 0x04B7
mem[X,0x0080000000000AEA] -> 0x8000
[450] [M]: 0x0080000000000AE8 (0x800004B7) lui s1, -0x80000
x9 <- 0xFFFFFFFF80000000

mem[X,0x0080000000000AEC] -> 0x8493
mem[X,0x0080000000000AEE] -> 0x0004
[451] [M]: 0x0080000000000AEC (0x00048493) addi s1, s1, 0x0
x9 <- 0xFFFFFFFF80000000

mem[X,0x0080000000000AF0] -> 0x9493
mem[X,0x0080000000000AF2] -> 0x00B4
[452] [M]: 0x0080000000000AF0 (0x00B49493) slli s1, s1, 0xb
x9 <- 0xFFFFFC0000000000

mem[X,0x0080000000000AF4] -> 0x8493
mem[X,0x0080000000000AF6] -> 0x0004
[453] [M]: 0x0080000000000AF4 (0x00048493) addi s1, s1, 0x0
x9 <- 0xFFFFFC0000000000

mem[X,0x0080000000000AF8] -> 0x9493
mem[X,0x0080000000000AFA] -> 0x00B4
[454] [M]: 0x0080000000000AF8 (0x00B49493) slli s1, s1, 0xb
x9 <- 0xFFE0000000000000

mem[X,0x0080000000000AFC] -> 0x8493
mem[X,0x0080000000000AFE] -> 0x0034
[455] [M]: 0x0080000000000AFC (0x00348493) addi s1, s1, 0x3
x9 <- 0xFFE0000000000003

mem[X,0x0080000000000B00] -> 0x9493
mem[X,0x0080000000000B02] -> 0x00A4
[456] [M]: 0x0080000000000B00 (0x00A49493) slli s1, s1, 0xa
x9 <- 0x8000000000000C00

mem[X,0x0080000000000B04] -> 0x8493
mem[X,0x0080000000000B06] -> 0x3FC4
[457] [M]: 0x0080000000000B04 (0x3FC48493) addi s1, s1, 0x3fc
x9 <- 0x8000000000000FFC

mem[X,0x0080000000000B08] -> 0xF4B3
mem[X,0x0080000000000B0A] -> 0x00A4
[458] [M]: 0x0080000000000B08 (0x00A4F4B3) and s1, s1, a0
x9 <- 0x0000000000000004

mem[X,0x0080000000000B0C] -> 0x8493
mem[X,0x0080000000000B0E] -> 0xFF84
[459] [M]: 0x0080000000000B0C (0xFF848493) addi s1, s1, -0x8
x9 <- 0xFFFFFFFFFFFFFFFC

mem[X,0x0080000000000B10] -> 0x9663
mem[X,0x0080000000000B12] -> 0x0004
[460] [M]: 0x0080000000000B10 (0x00049663) bne s1, zero, 0xc

mem[X,0x0080000000000B1C] -> 0x0393
mem[X,0x0080000000000B1E] -> 0x0200
[461] [M]: 0x0080000000000B1C (0x02000393) addi t2, zero, 0x20
x7 <- 0x0000000000000020

mem[X,0x0080000000000B20] -> 0x5263
mem[X,0x0080000000000B22] -> 0x0405
[462] [M]: 0x0080000000000B20 (0x04055263) bge a0, zero, 0x44

mem[X,0x0080000000000B64] -> 0x2373
mem[X,0x0080000000000B66] -> 0x3010
[463] [M]: 0x0080000000000B64 (0x30102373) csrrs t1, misa, zero
CSR misa -> 0x800000000034112D
x6 <- 0x800000000034112D

mem[X,0x0080000000000B68] -> 0x1313
mem[X,0x0080000000000B6A] -> 0x0383
[464] [M]: 0x0080000000000B68 (0x03831313) slli t1, t1, 0x38
x6 <- 0x2D00000000000000

mem[X,0x0080000000000B6C] -> 0x5463
mem[X,0x0080000000000B6E] -> 0x0003
[465] [M]: 0x0080000000000B6C (0x00035463) bge t1, zero, 0x8

mem[X,0x0080000000000B74] -> 0x3303
mem[X,0x0080000000000B76] -> 0x2181
[466] [M]: 0x0080000000000B74 (0x21813303) ld t1, 0x218(sp)
mem[R,0x0080000000003218] -> 0x0080000000004340
x6 <- 0x0080000000004340

mem[X,0x0080000000000B78] -> 0x04B3
mem[X,0x0080000000000B7A] -> 0x0073
[467] [M]: 0x0080000000000B78 (0x007304B3) add s1, t1, t2
x9 <- 0x0080000000004360

mem[X,0x0080000000000B7C] -> 0x3C23
mem[X,0x0080000000000B7E] -> 0x2091
[468] [M]: 0x0080000000000B7C (0x20913C23) sd s1, 0x218(sp)
mem[0x0080000000003218] <- 0x0080000000004360

mem[X,0x0080000000000B80] -> 0x3403
mem[X,0x0080000000000B82] -> 0x1F81
[469] [M]: 0x0080000000000B80 (0x1F813403) ld fp, 0x1f8(sp)
mem[R,0x00800000000031F8] -> 0x0080000000004210
x8 <- 0x0080000000004210

mem[X,0x0080000000000B84] -> 0x0333
mem[X,0x0080000000000B86] -> 0x4083
[470] [M]: 0x0080000000000B84 (0x40830333) sub t1, t1, fp
x6 <- 0x0000000000000130

mem[X,0x0080000000000B88] -> 0x3403
mem[X,0x0080000000000B8A] -> 0x1F81
[471] [M]: 0x0080000000000B88 (0x1F813403) ld fp, 0x1f8(sp)
mem[R,0x00800000000031F8] -> 0x0080000000004210
x8 <- 0x0080000000004210

mem[X,0x0080000000000B8C] -> 0x0333
mem[X,0x0080000000000B8E] -> 0x0083
[472] [M]: 0x0080000000000B8C (0x00830333) add t1, t1, fp
x6 <- 0x0080000000004340

mem[X,0x0080000000000B90] -> 0x3403
mem[X,0x0080000000000B92] -> 0x2401
[473] [M]: 0x0080000000000B90 (0x24013403) ld fp, 0x240(sp)
mem[R,0x0080000000003240] -> 0x0080000000000900
x8 <- 0x0080000000000900

mem[X,0x0080000000000B94] -> 0x85B3
mem[X,0x0080000000000B96] -> 0x4085
[474] [M]: 0x0080000000000B94 (0x408585B3) sub a1, a1, fp
x11 <- 0x000000000000010C

mem[X,0x0080000000000B98] -> 0x9593
mem[X,0x0080000000000B9A] -> 0x0045
[475] [M]: 0x0080000000000B98 (0x00459593) slli a1, a1, 0x4
x11 <- 0x00000000000010C0

mem[X,0x0080000000000B9C] -> 0xE5B3
mem[X,0x0080000000000B9E] -> 0x0075
[476] [M]: 0x0080000000000B9C (0x0075E5B3) or a1, a1, t2
x11 <- 0x00000000000010E0

mem[X,0x0080000000000BA0] -> 0x8593
mem[X,0x0080000000000BA2] -> 0x0035
[477] [M]: 0x0080000000000BA0 (0x00358593) addi a1, a1, 0x3
x11 <- 0x00000000000010E3

mem[X,0x0080000000000BA4] -> 0x3023
mem[X,0x0080000000000BA6] -> 0x00B3
[478] [M]: 0x0080000000000BA4 (0x00B33023) sd a1, 0x0(t1)
mem[0x0080000000004340] <- 0x00000000000010E3

mem[X,0x0080000000000BA8] -> 0x3423
mem[X,0x0080000000000BAA] -> 0x00A3
[479] [M]: 0x0080000000000BA8 (0x00A33423) sd a0, 0x8(t1)
mem[0x0080000000004348] <- 0x0000000000000005

mem[X,0x0080000000000BAC] -> 0x4863
mem[X,0x0080000000000BAE] -> 0x1605
[480] [M]: 0x0080000000000BAC (0x16054863) blt a0, zero, 0x170

mem[X,0x0080000000000BB0] -> 0x25F3
mem[X,0x0080000000000BB2] -> 0x3000
[481] [M]: 0x0080000000000BB0 (0x300025F3) csrrs a1, mstatus, zero
CSR mstatus -> 0x0000000A00001800
x11 <- 0x0000000A00001800

mem[X,0x0080000000000BB4] -> 0x9413
mem[X,0x0080000000000BB6] -> 0x02E5
[482] [M]: 0x0080000000000BB4 (0x02E59413) slli fp, a1, 0x2e
x8 <- 0x0600000000000000

mem[X,0x0080000000000BB8] -> 0x5463
mem[X,0x0080000000000BBA] -> 0x0004
[483] [M]: 0x0080000000000BB8 (0x00045463) bge fp, zero, 0x8

mem[X,0x0080000000000BC0] -> 0xD493
mem[X,0x0080000000000BC2] -> 0x00B5
[484] [M]: 0x0080000000000BC0 (0x00B5D493) srli s1, a1, 0xb
x9 <- 0x0000000001400003

mem[X,0x0080000000000BC4] -> 0xF493
mem[X,0x0080000000000BC6] -> 0x0034
[485] [M]: 0x0080000000000BC4 (0x0034F493) andi s1, s1, 0x3
x9 <- 0x0000000000000003

mem[X,0x0080000000000BC8] -> 0x8493
mem[X,0x0080000000000BCA] -> 0x0014
[486] [M]: 0x0080000000000BC8 (0x00148493) addi s1, s1, 0x1
x9 <- 0x0000000000000004

mem[X,0x0080000000000BCC] -> 0xF493
mem[X,0x0080000000000BCE] -> 0x0044
[487] [M]: 0x0080000000000BCC (0x0044F493) andi s1, s1, 0x4
x9 <- 0x0000000000000004

mem[X,0x0080000000000BD0] -> 0x0593
mem[X,0x0080000000000BD2] -> 0x05D0
[488] [M]: 0x0080000000000BD0 (0x05D00593) addi a1, zero, 0x5d
x11 <- 0x000000000000005D

mem[X,0x0080000000000BD4] -> 0xD5B3
mem[X,0x0080000000000BD6] -> 0x0095
[489] [M]: 0x0080000000000BD4 (0x0095D5B3) srl a1, a1, s1
x11 <- 0x0000000000000005

mem[X,0x0080000000000BD8] -> 0xF593
mem[X,0x0080000000000BDA] -> 0x0015
[490] [M]: 0x0080000000000BD8 (0x0015F593) andi a1, a1, 0x1
x11 <- 0x0000000000000001

mem[X,0x0080000000000BDC] -> 0x8EE3
mem[X,0x0080000000000BDE] -> 0xF405
[491] [M]: 0x0080000000000BDC (0xF4058EE3) beq a1, zero, -0xa4

mem[X,0x0080000000000BE0] -> 0x0593
mem[X,0x0080000000000BE2] -> 0x2980
[492] [M]: 0x0080000000000BE0 (0x29800593) addi a1, zero, 0x298
x11 <- 0x0000000000000298

mem[X,0x0080000000000BE4] -> 0xF413
mem[X,0x0080000000000BE6] -> 0x0014
[493] [M]: 0x0080000000000BE4 (0x0014F413) andi fp, s1, 0x1
x8 <- 0x0000000000000000

mem[X,0x0080000000000BE8] -> 0x95B3
mem[X,0x0080000000000BEA] -> 0x0085
[494] [M]: 0x0080000000000BE8 (0x008595B3) sll a1, a1, fp
x11 <- 0x0000000000000298

mem[X,0x0080000000000BEC] -> 0x9413
mem[X,0x0080000000000BEE] -> 0x03D4
[495] [M]: 0x0080000000000BEC (0x03D49413) slli fp, s1, 0x3d
x8 <- 0x8000000000000000

mem[X,0x0080000000000BF0] -> 0x5413
mem[X,0x0080000000000BF2] -> 0x43F4
[496] [M]: 0x0080000000000BF0 (0x43F45413) srai fp, fp, 0x3f
x8 <- 0xFFFFFFFFFFFFFFFF

mem[X,0x0080000000000BF4] -> 0x4413
mem[X,0x0080000000000BF6] -> 0xFFF4
[497] [M]: 0x0080000000000BF4 (0xFFF44413) xori fp, fp, -0x1
x8 <- 0x0000000000000000

mem[X,0x0080000000000BF8] -> 0xF4B3
mem[X,0x0080000000000BFA] -> 0x0085
[498] [M]: 0x0080000000000BF8 (0x0085F4B3) and s1, a1, fp
x9 <- 0x0000000000000000

mem[X,0x0080000000000BFC] -> 0x84B3
mem[X,0x0080000000000BFE] -> 0x0024
[499] [M]: 0x0080000000000BFC (0x002484B3) add s1, s1, sp
x9 <- 0x0080000000003000

clint::tick mtime <- 0x0000000000000005
 clint timer pending at mtime 0x0000000000000005
htif::tick 0x0000000000000000
mem[X,0x0080000000000C00] -> 0x23F3
mem[X,0x0080000000000C02] -> 0x3410
[500] [M]: 0x0080000000000C00 (0x341023F3) csrrs t2, mepc, zero
CSR mepc -> 0x00800000000005E0
x7 <- 0x00800000000005E0

mem[X,0x0080000000000C04] -> 0xB403
mem[X,0x0080000000000C06] -> 0x2084
[501] [M]: 0x0080000000000C04 (0x2084B403) ld fp, 0x208(s1)
mem[R,0x0080000000003208] -> 0x008000000000039C
x8 <- 0x008000000000039C

mem[X,0x0080000000000C08] -> 0xB583
mem[X,0x0080000000000C0A] -> 0x2104
[502] [M]: 0x0080000000000C08 (0x2104B583) ld a1, 0x210(s1)
mem[R,0x0080000000003210] -> 0x0000000000000468
x11 <- 0x0000000000000468

mem[X,0x0080000000000C0C] -> 0x85B3
mem[X,0x0080000000000C0E] -> 0x0085
[503] [M]: 0x0080000000000C0C (0x008585B3) add a1, a1, fp
x11 <- 0x0080000000000804

mem[X,0x0080000000000C10] -> 0xF463
mem[X,0x0080000000000C12] -> 0x00B3
[504] [M]: 0x0080000000000C10 (0x00B3F463) bgeu t2, a1, 0x8

mem[X,0x0080000000000C14] -> 0xF663
mem[X,0x0080000000000C16] -> 0x0283
[505] [M]: 0x0080000000000C14 (0x0283F663) bgeu t2, fp, 0x2c

mem[X,0x0080000000000C40] -> 0x8433
mem[X,0x0080000000000C42] -> 0x4083
[506] [M]: 0x0080000000000C40 (0x40838433) sub fp, t2, fp
x8 <- 0x0000000000000244

mem[X,0x0080000000000C44] -> 0x3823
mem[X,0x0080000000000C46] -> 0x0083
[507] [M]: 0x0080000000000C44 (0x00833823) sd fp, 0x10(t1)
mem[0x0080000000004350] <- 0x0000000000000244

mem[X,0x0080000000000C48] -> 0xF593
mem[X,0x0080000000000C4A] -> 0xFFC3
[508] [M]: 0x0080000000000C48 (0xFFC3F593) andi a1, t2, -0x4
x11 <- 0x00800000000005E0

mem[X,0x0080000000000C4C] -> 0x8593
mem[X,0x0080000000000C4E] -> 0x0085
[509] [M]: 0x0080000000000C4C (0x00858593) addi a1, a1, 0x8
x11 <- 0x00800000000005E8

mem[X,0x0080000000000C50] -> 0x9073
mem[X,0x0080000000000C52] -> 0x3415
[510] [M]: 0x0080000000000C50 (0x34159073) csrrw zero, mepc, a1
CSR mepc <- 0x00800000000005E8 (input: 0x00800000000005E8)

mem[X,0x0080000000000C54] -> 0x23F3
mem[X,0x0080000000000C56] -> 0x3430
[511] [M]: 0x0080000000000C54 (0x343023F3) csrrs t2, mtval, zero
CSR mtval -> 0x00800000000007E8
x7 <- 0x00800000000007E8

mem[X,0x0080000000000C58] -> 0x7513
mem[X,0x0080000000000C5A] -> 0x00F5
[512] [M]: 0x0080000000000C58 (0x00F57513) andi a0, a0, 0xf
x10 <- 0x0000000000000005

mem[X,0x0080000000000C5C] -> 0x0437
mem[X,0x0080000000000C5E] -> 0x0000
[513] [M]: 0x0080000000000C5C (0x00000437) lui fp, 0x0
x8 <- 0x0000000000000000

mem[X,0x0080000000000C60] -> 0x0413
mem[X,0x0080000000000C62] -> 0x0004
[514] [M]: 0x0080000000000C60 (0x00040413) addi fp, fp, 0x0
x8 <- 0x0000000000000000

mem[X,0x0080000000000C64] -> 0x1413
mem[X,0x0080000000000C66] -> 0x00B4
[515] [M]: 0x0080000000000C64 (0x00B41413) slli fp, fp, 0xb
x8 <- 0x0000000000000000

mem[X,0x0080000000000C68] -> 0x0413
mem[X,0x0080000000000C6A] -> 0x0004
[516] [M]: 0x0080000000000C68 (0x00040413) addi fp, fp, 0x0
x8 <- 0x0000000000000000

mem[X,0x0080000000000C6C] -> 0x1413
mem[X,0x0080000000000C6E] -> 0x00B4
[517] [M]: 0x0080000000000C6C (0x00B41413) slli fp, fp, 0xb
x8 <- 0x0000000000000000

mem[X,0x0080000000000C70] -> 0x0413
mem[X,0x0080000000000C72] -> 0x02C4
[518] [M]: 0x0080000000000C70 (0x02C40413) addi fp, fp, 0x2c
x8 <- 0x000000000000002C

mem[X,0x0080000000000C74] -> 0x1413
mem[X,0x0080000000000C76] -> 0x00A4
[519] [M]: 0x0080000000000C74 (0x00A41413) slli fp, fp, 0xa
x8 <- 0x000000000000B000

mem[X,0x0080000000000C78] -> 0x0413
mem[X,0x0080000000000C7A] -> 0x0FB4
[520] [M]: 0x0080000000000C78 (0x0FB40413) addi fp, fp, 0xfb
x8 <- 0x000000000000B0FB

mem[X,0x0080000000000C7C] -> 0x5433
mem[X,0x0080000000000C7E] -> 0x00A4
[521] [M]: 0x0080000000000C7C (0x00A45433) srl fp, fp, a0
x8 <- 0x0000000000000587

mem[X,0x0080000000000C80] -> 0x1413
mem[X,0x0080000000000C82] -> 0x03F4
[522] [M]: 0x0080000000000C80 (0x03F41413) slli fp, fp, 0x3f
x8 <- 0x8000000000000000

mem[X,0x0080000000000C84] -> 0x5C63
mem[X,0x0080000000000C86] -> 0x0404
[523] [M]: 0x0080000000000C84 (0x04045C63) bge fp, zero, 0x58

mem[X,0x0080000000000C88] -> 0xB403
mem[X,0x0080000000000C8A] -> 0x2084
[524] [M]: 0x0080000000000C88 (0x2084B403) ld fp, 0x208(s1)
mem[R,0x0080000000003208] -> 0x008000000000039C
x8 <- 0x008000000000039C

mem[X,0x0080000000000C8C] -> 0xB583
mem[X,0x0080000000000C8E] -> 0x2104
[525] [M]: 0x0080000000000C8C (0x2104B583) ld a1, 0x210(s1)
mem[R,0x0080000000003210] -> 0x0000000000000468
x11 <- 0x0000000000000468

mem[X,0x0080000000000C90] -> 0x85B3
mem[X,0x0080000000000C92] -> 0x0085
[526] [M]: 0x0080000000000C90 (0x008585B3) add a1, a1, fp
x11 <- 0x0080000000000804

mem[X,0x0080000000000C94] -> 0xF463
mem[X,0x0080000000000C96] -> 0x00B3
[527] [M]: 0x0080000000000C94 (0x00B3F463) bgeu t2, a1, 0x8

mem[X,0x0080000000000C98] -> 0xF063
mem[X,0x0080000000000C9A] -> 0x0483
[528] [M]: 0x0080000000000C98 (0x0483F063) bgeu t2, fp, 0x40

mem[X,0x0080000000000CD8] -> 0x8433
mem[X,0x0080000000000CDA] -> 0x4083
[529] [M]: 0x0080000000000CD8 (0x40838433) sub fp, t2, fp
x8 <- 0x000000000000044C

mem[X,0x0080000000000CDC] -> 0x3C23
mem[X,0x0080000000000CDE] -> 0x0083
[530] [M]: 0x0080000000000CDC (0x00833C23) sd fp, 0x18(t1)
mem[0x0080000000004358] <- 0x000000000000044C

mem[X,0x0080000000000CE0] -> 0x3483
mem[X,0x0080000000000CE2] -> 0x2181
[531] [M]: 0x0080000000000CE0 (0x21813483) ld s1, 0x218(sp)
mem[R,0x0080000000003218] -> 0x0080000000004360
x9 <- 0x0080000000004360

mem[X,0x0080000000000CE4] -> 0x3383
mem[X,0x0080000000000CE6] -> 0x1F81
[532] [M]: 0x0080000000000CE4 (0x1F813383) ld t2, 0x1f8(sp)
mem[R,0x00800000000031F8] -> 0x0080000000004210
x7 <- 0x0080000000004210

mem[X,0x0080000000000CE8] -> 0x3303
mem[X,0x0080000000000CEA] -> 0x2001
[533] [M]: 0x0080000000000CE8 (0x20013303) ld t1, 0x200(sp)
mem[R,0x0080000000003200] -> 0x0000000000000520
x6 <- 0x0000000000000520

mem[X,0x0080000000000CEC] -> 0x0333
mem[X,0x0080000000000CEE] -> 0x0073
[534] [M]: 0x0080000000000CEC (0x00730333) add t1, t1, t2
x6 <- 0x0080000000004730

mem[X,0x0080000000000CF0] -> 0x6EE3
mem[X,0x0080000000000CF2] -> 0xB093
[535] [M]: 0x0080000000000CF0 (0xB0936EE3) bltu t1, s1, -0x4e4

mem[X,0x0080000000000CF4] -> 0x0393
mem[X,0x0080000000000CF6] -> 0x2000
[536] [M]: 0x0080000000000CF4 (0x20000393) addi t2, zero, 0x200
x7 <- 0x0000000000000200

mem[X,0x0080000000000CF8] -> 0x006F
mem[X,0x0080000000000CFA] -> 0x0400
[537] [M]: 0x0080000000000CF8 (0x0400006F) jal zero, 0x40

mem[X,0x0080000000000D38] -> 0x0417
mem[X,0x0080000000000D3A] -> 0x0000
[538] [M]: 0x0080000000000D38 (0x00000417) auipc fp, 0x0
x8 <- 0x0080000000000D38

mem[X,0x0080000000000D3C] -> 0x0413
mem[X,0x0080000000000D3E] -> 0x03C4
[539] [M]: 0x0080000000000D3C (0x03C40413) addi fp, fp, 0x3c
x8 <- 0x0080000000000D74

mem[X,0x0080000000000D40] -> 0x0433
mem[X,0x0080000000000D42] -> 0x0074
[540] [M]: 0x0080000000000D40 (0x00740433) add fp, fp, t2
x8 <- 0x0080000000000F74

mem[X,0x0080000000000D44] -> 0x1393
mem[X,0x0080000000000D46] -> 0x0035
[541] [M]: 0x0080000000000D44 (0x00351393) slli t2, a0, 0x3
x7 <- 0x0000000000000028

mem[X,0x0080000000000D48] -> 0x0433
mem[X,0x0080000000000D4A] -> 0x0074
[542] [M]: 0x0080000000000D48 (0x00740433) add fp, fp, t2
x8 <- 0x0080000000000F9C

mem[X,0x0080000000000D4C] -> 0x7413
mem[X,0x0080000000000D4E] -> 0xFF84
[543] [M]: 0x0080000000000D4C (0xFF847413) andi fp, fp, -0x8
x8 <- 0x0080000000000F98

mem[X,0x0080000000000D50] -> 0x3403
mem[X,0x0080000000000D52] -> 0x0004
[544] [M]: 0x0080000000000D50 (0x00043403) ld fp, 0x0(fp)
mem[R,0x0080000000000F98] -> 0x000000000000000B
x8 <- 0x000000000000000B

mem[X,0x0080000000000D54] -> 0x06E3
mem[X,0x0080000000000D56] -> 0xB404
[545] [M]: 0x0080000000000D54 (0xB40406E3) beq fp, zero, -0x4b4

mem[X,0x0080000000000D58] -> 0x1393
mem[X,0x0080000000000D5A] -> 0x03F4
[546] [M]: 0x0080000000000D58 (0x03F41393) slli t2, fp, 0x3f
x7 <- 0x8000000000000000

mem[X,0x0080000000000D5C] -> 0xD863
mem[X,0x0080000000000D5E] -> 0x0003
[547] [M]: 0x0080000000000D5C (0x0003D863) bge t2, zero, 0x10

mem[X,0x0080000000000D60] -> 0x5413
mem[X,0x0080000000000D62] -> 0x0014
[548] [M]: 0x0080000000000D60 (0x00145413) srli fp, fp, 0x1
x8 <- 0x0000000000000005

mem[X,0x0080000000000D64] -> 0x0CE3
mem[X,0x0080000000000D66] -> 0xF885
[549] [M]: 0x0080000000000D64 (0xF8850CE3) beq a0, fp, -0x68

mem[X,0x0080000000000CFC] -> 0x3303
mem[X,0x0080000000000CFE] -> 0x2601
[550] [M]: 0x0080000000000CFC (0x26013303) ld t1, 0x260(sp)
mem[R,0x0080000000003260] -> 0x000000001FDDB7D5
x6 <- 0x000000001FDDB7D5

mem[X,0x0080000000000D00] -> 0x3383
mem[X,0x0080000000000D02] -> 0x2681
[551] [M]: 0x0080000000000D00 (0x26813383) ld t2, 0x268(sp)
mem[R,0x0080000000003268] -> 0x00000000003FBB6F
x7 <- 0x00000000003FBB6F

mem[X,0x0080000000000D04] -> 0x3403
mem[X,0x0080000000000D06] -> 0x2701
[552] [M]: 0x0080000000000D04 (0x27013403) ld fp, 0x270(sp)
mem[R,0x0080000000003270] -> 0x0000000000007F76
x8 <- 0x0000000000007F76

mem[X,0x0080000000000D08] -> 0x3483
mem[X,0x0080000000000D0A] -> 0x2781
[553] [M]: 0x0080000000000D08 (0x27813483) ld s1, 0x278(sp)
mem[R,0x0080000000003278] -> 0x00000000000000FE
x9 <- 0x00000000000000FE

mem[X,0x0080000000000D0C] -> 0x3503
mem[X,0x0080000000000D0E] -> 0x2801
[554] [M]: 0x0080000000000D0C (0x28013503) ld a0, 0x280(sp)
mem[R,0x0080000000003280] -> 0x0000000000000001
x10 <- 0x0000000000000001

mem[X,0x0080000000000D10] -> 0x3583
mem[X,0x0080000000000D12] -> 0x2881
[555] [M]: 0x0080000000000D10 (0x28813583) ld a1, 0x288(sp)
mem[R,0x0080000000003288] -> 0x0000000000000000
x11 <- 0x0000000000000000

mem[X,0x0080000000000D14] -> 0x3103
mem[X,0x0080000000000D16] -> 0x2901
[556] [M]: 0x0080000000000D14 (0x29013103) ld sp, 0x290(sp)
mem[R,0x0080000000003290] -> 0x01FDDB7D5BFDDB7F
x2 <- 0x01FDDB7D5BFDDB7F

mem[X,0x0080000000000D18] -> 0x0073
mem[X,0x0080000000000D1A] -> 0x3020
[557] [M]: 0x0080000000000D18 (0x30200073) mret
CSR mstatus <- 0x0000000A00000080
ret-ing from M to M

mem[X,0x00800000000005E8] -> 0x0013
mem[X,0x00800000000005EA] -> 0x0000
[558] [M]: 0x00800000000005E8 (0x00000013) addi zero, zero, 0x0

mem[X,0x00800000000005EC] -> 0xB823
mem[X,0x00800000000005EE] -> 0x00E6
[559] [M]: 0x00800000000005EC (0x00E6B823) sd a4, 0x10(a3)
mem[0x0080000000004228] <- 0x0000000000000013

mem[X,0x00800000000005F0] -> 0x00EF
mem[X,0x00800000000005F2] -> 0x1F80
[560] [M]: 0x00800000000005F0 (0x1F8000EF) jal ra, 0x1f8
x1 <- 0x00800000000005F4

trapping from M to M to handle fetch-access-fault
handling exc#0x01 at priv M with tval 0x00800000000007E8
CSR mstatus <- 0x0000000A00001800
mem[X,0x0080000000000900] -> 0x006F
mem[X,0x0080000000000902] -> 0x1000
[561] [M]: 0x0080000000000900 (0x1000006F) jal zero, 0x100

mem[X,0x0080000000000A00] -> 0x1173
mem[X,0x0080000000000A02] -> 0x3401
[562] [M]: 0x0080000000000A00 (0x34011173) csrrw sp, mscratch, sp
CSR mscratch <- 0x01FDDB7D5BFDDB7F (input: 0x01FDDB7D5BFDDB7F)
x2 <- 0x0080000000003000

mem[X,0x0080000000000A04] -> 0x3423
mem[X,0x0080000000000A06] -> 0x28B1
[563] [M]: 0x0080000000000A04 (0x28B13423) sd a1, 0x288(sp)
mem[0x0080000000003288] <- 0x0000000000000000

mem[X,0x0080000000000A08] -> 0x05EF
mem[X,0x0080000000000A0A] -> 0x0B80
[564] [M]: 0x0080000000000A08 (0x0B8005EF) jal a1, 0xb8
x11 <- 0x0080000000000A0C

mem[X,0x0080000000000AC0] -> 0x3023
mem[X,0x0080000000000AC2] -> 0x28A1
[565] [M]: 0x0080000000000AC0 (0x28A13023) sd a0, 0x280(sp)
mem[0x0080000000003280] <- 0x0000000000000001

mem[X,0x0080000000000AC4] -> 0x1573
mem[X,0x0080000000000AC6] -> 0x3401
[566] [M]: 0x0080000000000AC4 (0x34011573) csrrw a0, mscratch, sp
CSR mscratch <- 0x0080000000003000 (input: 0x0080000000003000)
x10 <- 0x01FDDB7D5BFDDB7F

mem[X,0x0080000000000AC8] -> 0x3823
mem[X,0x0080000000000ACA] -> 0x28A1
[567] [M]: 0x0080000000000AC8 (0x28A13823) sd a0, 0x290(sp)
mem[0x0080000000003290] <- 0x01FDDB7D5BFDDB7F

mem[X,0x0080000000000ACC] -> 0x3503
mem[X,0x0080000000000ACE] -> 0x2301
[568] [M]: 0x0080000000000ACC (0x23013503) ld a0, 0x230(sp)
mem[R,0x0080000000003230] -> 0x0080000000000AD4
x10 <- 0x0080000000000AD4

mem[X,0x0080000000000AD0] -> 0x0067
mem[X,0x0080000000000AD2] -> 0x0005
[569] [M]: 0x0080000000000AD0 (0x00050067) jalr zero, 0x0(a0)

mem[X,0x0080000000000AD4] -> 0x3C23
mem[X,0x0080000000000AD6] -> 0x2691
[570] [M]: 0x0080000000000AD4 (0x26913C23) sd s1, 0x278(sp)
mem[0x0080000000003278] <- 0x00000000000000FE

mem[X,0x0080000000000AD8] -> 0x3823
mem[X,0x0080000000000ADA] -> 0x2681
[571] [M]: 0x0080000000000AD8 (0x26813823) sd fp, 0x270(sp)
mem[0x0080000000003270] <- 0x0000000000007F76

mem[X,0x0080000000000ADC] -> 0x3423
mem[X,0x0080000000000ADE] -> 0x2671
[572] [M]: 0x0080000000000ADC (0x26713423) sd t2, 0x268(sp)
mem[0x0080000000003268] <- 0x00000000003FBB6F

mem[X,0x0080000000000AE0] -> 0x3023
mem[X,0x0080000000000AE2] -> 0x2661
[573] [M]: 0x0080000000000AE0 (0x26613023) sd t1, 0x260(sp)
mem[0x0080000000003260] <- 0x000000001FDDB7D5

mem[X,0x0080000000000AE4] -> 0x2573
mem[X,0x0080000000000AE6] -> 0x3420
[574] [M]: 0x0080000000000AE4 (0x34202573) csrrs a0, mcause, zero
CSR mcause -> 0x0000000000000001
x10 <- 0x0000000000000001

mem[X,0x0080000000000AE8] -> 0x04B7
mem[X,0x0080000000000AEA] -> 0x8000
[575] [M]: 0x0080000000000AE8 (0x800004B7) lui s1, -0x80000
x9 <- 0xFFFFFFFF80000000

mem[X,0x0080000000000AEC] -> 0x8493
mem[X,0x0080000000000AEE] -> 0x0004
[576] [M]: 0x0080000000000AEC (0x00048493) addi s1, s1, 0x0
x9 <- 0xFFFFFFFF80000000

mem[X,0x0080000000000AF0] -> 0x9493
mem[X,0x0080000000000AF2] -> 0x00B4
[577] [M]: 0x0080000000000AF0 (0x00B49493) slli s1, s1, 0xb
x9 <- 0xFFFFFC0000000000

mem[X,0x0080000000000AF4] -> 0x8493
mem[X,0x0080000000000AF6] -> 0x0004
[578] [M]: 0x0080000000000AF4 (0x00048493) addi s1, s1, 0x0
x9 <- 0xFFFFFC0000000000

mem[X,0x0080000000000AF8] -> 0x9493
mem[X,0x0080000000000AFA] -> 0x00B4
[579] [M]: 0x0080000000000AF8 (0x00B49493) slli s1, s1, 0xb
x9 <- 0xFFE0000000000000

mem[X,0x0080000000000AFC] -> 0x8493
mem[X,0x0080000000000AFE] -> 0x0034
[580] [M]: 0x0080000000000AFC (0x00348493) addi s1, s1, 0x3
x9 <- 0xFFE0000000000003

mem[X,0x0080000000000B00] -> 0x9493
mem[X,0x0080000000000B02] -> 0x00A4
[581] [M]: 0x0080000000000B00 (0x00A49493) slli s1, s1, 0xa
x9 <- 0x8000000000000C00

mem[X,0x0080000000000B04] -> 0x8493
mem[X,0x0080000000000B06] -> 0x3FC4
[582] [M]: 0x0080000000000B04 (0x3FC48493) addi s1, s1, 0x3fc
x9 <- 0x8000000000000FFC

mem[X,0x0080000000000B08] -> 0xF4B3
mem[X,0x0080000000000B0A] -> 0x00A4
[583] [M]: 0x0080000000000B08 (0x00A4F4B3) and s1, s1, a0
x9 <- 0x0000000000000000

mem[X,0x0080000000000B0C] -> 0x8493
mem[X,0x0080000000000B0E] -> 0xFF84
[584] [M]: 0x0080000000000B0C (0xFF848493) addi s1, s1, -0x8
x9 <- 0xFFFFFFFFFFFFFFF8

mem[X,0x0080000000000B10] -> 0x9663
mem[X,0x0080000000000B12] -> 0x0004
[585] [M]: 0x0080000000000B10 (0x00049663) bne s1, zero, 0xc

mem[X,0x0080000000000B1C] -> 0x0393
mem[X,0x0080000000000B1E] -> 0x0200
[586] [M]: 0x0080000000000B1C (0x02000393) addi t2, zero, 0x20
x7 <- 0x0000000000000020

mem[X,0x0080000000000B20] -> 0x5263
mem[X,0x0080000000000B22] -> 0x0405
[587] [M]: 0x0080000000000B20 (0x04055263) bge a0, zero, 0x44

mem[X,0x0080000000000B64] -> 0x2373
mem[X,0x0080000000000B66] -> 0x3010
[588] [M]: 0x0080000000000B64 (0x30102373) csrrs t1, misa, zero
CSR misa -> 0x800000000034112D
x6 <- 0x800000000034112D

mem[X,0x0080000000000B68] -> 0x1313
mem[X,0x0080000000000B6A] -> 0x0383
[589] [M]: 0x0080000000000B68 (0x03831313) slli t1, t1, 0x38
x6 <- 0x2D00000000000000

mem[X,0x0080000000000B6C] -> 0x5463
mem[X,0x0080000000000B6E] -> 0x0003
[590] [M]: 0x0080000000000B6C (0x00035463) bge t1, zero, 0x8

mem[X,0x0080000000000B74] -> 0x3303
mem[X,0x0080000000000B76] -> 0x2181
[591] [M]: 0x0080000000000B74 (0x21813303) ld t1, 0x218(sp)
mem[R,0x0080000000003218] -> 0x0080000000004360
x6 <- 0x0080000000004360

mem[X,0x0080000000000B78] -> 0x04B3
mem[X,0x0080000000000B7A] -> 0x0073
[592] [M]: 0x0080000000000B78 (0x007304B3) add s1, t1, t2
x9 <- 0x0080000000004380

mem[X,0x0080000000000B7C] -> 0x3C23
mem[X,0x0080000000000B7E] -> 0x2091
[593] [M]: 0x0080000000000B7C (0x20913C23) sd s1, 0x218(sp)
mem[0x0080000000003218] <- 0x0080000000004380

mem[X,0x0080000000000B80] -> 0x3403
mem[X,0x0080000000000B82] -> 0x1F81
[594] [M]: 0x0080000000000B80 (0x1F813403) ld fp, 0x1f8(sp)
mem[R,0x00800000000031F8] -> 0x0080000000004210
x8 <- 0x0080000000004210

mem[X,0x0080000000000B84] -> 0x0333
mem[X,0x0080000000000B86] -> 0x4083
[595] [M]: 0x0080000000000B84 (0x40830333) sub t1, t1, fp
x6 <- 0x0000000000000150

mem[X,0x0080000000000B88] -> 0x3403
mem[X,0x0080000000000B8A] -> 0x1F81
[596] [M]: 0x0080000000000B88 (0x1F813403) ld fp, 0x1f8(sp)
mem[R,0x00800000000031F8] -> 0x0080000000004210
x8 <- 0x0080000000004210

mem[X,0x0080000000000B8C] -> 0x0333
mem[X,0x0080000000000B8E] -> 0x0083
[597] [M]: 0x0080000000000B8C (0x00830333) add t1, t1, fp
x6 <- 0x0080000000004360

mem[X,0x0080000000000B90] -> 0x3403
mem[X,0x0080000000000B92] -> 0x2401
[598] [M]: 0x0080000000000B90 (0x24013403) ld fp, 0x240(sp)
mem[R,0x0080000000003240] -> 0x0080000000000900
x8 <- 0x0080000000000900

mem[X,0x0080000000000B94] -> 0x85B3
mem[X,0x0080000000000B96] -> 0x4085
[599] [M]: 0x0080000000000B94 (0x408585B3) sub a1, a1, fp
x11 <- 0x000000000000010C

clint::tick mtime <- 0x0000000000000006
 clint timer pending at mtime 0x0000000000000006
htif::tick 0x0000000000000000
mem[X,0x0080000000000B98] -> 0x9593
mem[X,0x0080000000000B9A] -> 0x0045
[600] [M]: 0x0080000000000B98 (0x00459593) slli a1, a1, 0x4
x11 <- 0x00000000000010C0

mem[X,0x0080000000000B9C] -> 0xE5B3
mem[X,0x0080000000000B9E] -> 0x0075
[601] [M]: 0x0080000000000B9C (0x0075E5B3) or a1, a1, t2
x11 <- 0x00000000000010E0

mem[X,0x0080000000000BA0] -> 0x8593
mem[X,0x0080000000000BA2] -> 0x0035
[602] [M]: 0x0080000000000BA0 (0x00358593) addi a1, a1, 0x3
x11 <- 0x00000000000010E3

mem[X,0x0080000000000BA4] -> 0x3023
mem[X,0x0080000000000BA6] -> 0x00B3
[603] [M]: 0x0080000000000BA4 (0x00B33023) sd a1, 0x0(t1)
mem[0x0080000000004360] <- 0x00000000000010E3

mem[X,0x0080000000000BA8] -> 0x3423
mem[X,0x0080000000000BAA] -> 0x00A3
[604] [M]: 0x0080000000000BA8 (0x00A33423) sd a0, 0x8(t1)
mem[0x0080000000004368] <- 0x0000000000000001

mem[X,0x0080000000000BAC] -> 0x4863
mem[X,0x0080000000000BAE] -> 0x1605
[605] [M]: 0x0080000000000BAC (0x16054863) blt a0, zero, 0x170

mem[X,0x0080000000000BB0] -> 0x25F3
mem[X,0x0080000000000BB2] -> 0x3000
[606] [M]: 0x0080000000000BB0 (0x300025F3) csrrs a1, mstatus, zero
CSR mstatus -> 0x0000000A00001800
x11 <- 0x0000000A00001800

mem[X,0x0080000000000BB4] -> 0x9413
mem[X,0x0080000000000BB6] -> 0x02E5
[607] [M]: 0x0080000000000BB4 (0x02E59413) slli fp, a1, 0x2e
x8 <- 0x0600000000000000

mem[X,0x0080000000000BB8] -> 0x5463
mem[X,0x0080000000000BBA] -> 0x0004
[608] [M]: 0x0080000000000BB8 (0x00045463) bge fp, zero, 0x8

mem[X,0x0080000000000BC0] -> 0xD493
mem[X,0x0080000000000BC2] -> 0x00B5
[609] [M]: 0x0080000000000BC0 (0x00B5D493) srli s1, a1, 0xb
x9 <- 0x0000000001400003

mem[X,0x0080000000000BC4] -> 0xF493
mem[X,0x0080000000000BC6] -> 0x0034
[610] [M]: 0x0080000000000BC4 (0x0034F493) andi s1, s1, 0x3
x9 <- 0x0000000000000003

mem[X,0x0080000000000BC8] -> 0x8493
mem[X,0x0080000000000BCA] -> 0x0014
[611] [M]: 0x0080000000000BC8 (0x00148493) addi s1, s1, 0x1
x9 <- 0x0000000000000004

mem[X,0x0080000000000BCC] -> 0xF493
mem[X,0x0080000000000BCE] -> 0x0044
[612] [M]: 0x0080000000000BCC (0x0044F493) andi s1, s1, 0x4
x9 <- 0x0000000000000004

mem[X,0x0080000000000BD0] -> 0x0593
mem[X,0x0080000000000BD2] -> 0x05D0
[613] [M]: 0x0080000000000BD0 (0x05D00593) addi a1, zero, 0x5d
x11 <- 0x000000000000005D

mem[X,0x0080000000000BD4] -> 0xD5B3
mem[X,0x0080000000000BD6] -> 0x0095
[614] [M]: 0x0080000000000BD4 (0x0095D5B3) srl a1, a1, s1
x11 <- 0x0000000000000005

mem[X,0x0080000000000BD8] -> 0xF593
mem[X,0x0080000000000BDA] -> 0x0015
[615] [M]: 0x0080000000000BD8 (0x0015F593) andi a1, a1, 0x1
x11 <- 0x0000000000000001

mem[X,0x0080000000000BDC] -> 0x8EE3
mem[X,0x0080000000000BDE] -> 0xF405
[616] [M]: 0x0080000000000BDC (0xF4058EE3) beq a1, zero, -0xa4

mem[X,0x0080000000000BE0] -> 0x0593
mem[X,0x0080000000000BE2] -> 0x2980
[617] [M]: 0x0080000000000BE0 (0x29800593) addi a1, zero, 0x298
x11 <- 0x0000000000000298

mem[X,0x0080000000000BE4] -> 0xF413
mem[X,0x0080000000000BE6] -> 0x0014
[618] [M]: 0x0080000000000BE4 (0x0014F413) andi fp, s1, 0x1
x8 <- 0x0000000000000000

mem[X,0x0080000000000BE8] -> 0x95B3
mem[X,0x0080000000000BEA] -> 0x0085
[619] [M]: 0x0080000000000BE8 (0x008595B3) sll a1, a1, fp
x11 <- 0x0000000000000298

mem[X,0x0080000000000BEC] -> 0x9413
mem[X,0x0080000000000BEE] -> 0x03D4
[620] [M]: 0x0080000000000BEC (0x03D49413) slli fp, s1, 0x3d
x8 <- 0x8000000000000000

mem[X,0x0080000000000BF0] -> 0x5413
mem[X,0x0080000000000BF2] -> 0x43F4
[621] [M]: 0x0080000000000BF0 (0x43F45413) srai fp, fp, 0x3f
x8 <- 0xFFFFFFFFFFFFFFFF

mem[X,0x0080000000000BF4] -> 0x4413
mem[X,0x0080000000000BF6] -> 0xFFF4
[622] [M]: 0x0080000000000BF4 (0xFFF44413) xori fp, fp, -0x1
x8 <- 0x0000000000000000

mem[X,0x0080000000000BF8] -> 0xF4B3
mem[X,0x0080000000000BFA] -> 0x0085
[623] [M]: 0x0080000000000BF8 (0x0085F4B3) and s1, a1, fp
x9 <- 0x0000000000000000

mem[X,0x0080000000000BFC] -> 0x84B3
mem[X,0x0080000000000BFE] -> 0x0024
[624] [M]: 0x0080000000000BFC (0x002484B3) add s1, s1, sp
x9 <- 0x0080000000003000

mem[X,0x0080000000000C00] -> 0x23F3
mem[X,0x0080000000000C02] -> 0x3410
[625] [M]: 0x0080000000000C00 (0x341023F3) csrrs t2, mepc, zero
CSR mepc -> 0x00800000000007E8
x7 <- 0x00800000000007E8

mem[X,0x0080000000000C04] -> 0xB403
mem[X,0x0080000000000C06] -> 0x2084
[626] [M]: 0x0080000000000C04 (0x2084B403) ld fp, 0x208(s1)
mem[R,0x0080000000003208] -> 0x008000000000039C
x8 <- 0x008000000000039C

mem[X,0x0080000000000C08] -> 0xB583
mem[X,0x0080000000000C0A] -> 0x2104
[627] [M]: 0x0080000000000C08 (0x2104B583) ld a1, 0x210(s1)
mem[R,0x0080000000003210] -> 0x0000000000000468
x11 <- 0x0000000000000468

mem[X,0x0080000000000C0C] -> 0x85B3
mem[X,0x0080000000000C0E] -> 0x0085
[628] [M]: 0x0080000000000C0C (0x008585B3) add a1, a1, fp
x11 <- 0x0080000000000804

mem[X,0x0080000000000C10] -> 0xF463
mem[X,0x0080000000000C12] -> 0x00B3
[629] [M]: 0x0080000000000C10 (0x00B3F463) bgeu t2, a1, 0x8

mem[X,0x0080000000000C14] -> 0xF663
mem[X,0x0080000000000C16] -> 0x0283
[630] [M]: 0x0080000000000C14 (0x0283F663) bgeu t2, fp, 0x2c

mem[X,0x0080000000000C40] -> 0x8433
mem[X,0x0080000000000C42] -> 0x4083
[631] [M]: 0x0080000000000C40 (0x40838433) sub fp, t2, fp
x8 <- 0x000000000000044C

mem[X,0x0080000000000C44] -> 0x3823
mem[X,0x0080000000000C46] -> 0x0083
[632] [M]: 0x0080000000000C44 (0x00833823) sd fp, 0x10(t1)
mem[0x0080000000004370] <- 0x000000000000044C

mem[X,0x0080000000000C48] -> 0xF593
mem[X,0x0080000000000C4A] -> 0xFFC3
[633] [M]: 0x0080000000000C48 (0xFFC3F593) andi a1, t2, -0x4
x11 <- 0x00800000000007E8

mem[X,0x0080000000000C4C] -> 0x8593
mem[X,0x0080000000000C4E] -> 0x0085
[634] [M]: 0x0080000000000C4C (0x00858593) addi a1, a1, 0x8
x11 <- 0x00800000000007F0

mem[X,0x0080000000000C50] -> 0x9073
mem[X,0x0080000000000C52] -> 0x3415
[635] [M]: 0x0080000000000C50 (0x34159073) csrrw zero, mepc, a1
CSR mepc <- 0x00800000000007F0 (input: 0x00800000000007F0)

mem[X,0x0080000000000C54] -> 0x23F3
mem[X,0x0080000000000C56] -> 0x3430
[636] [M]: 0x0080000000000C54 (0x343023F3) csrrs t2, mtval, zero
CSR mtval -> 0x00800000000007E8
x7 <- 0x00800000000007E8

mem[X,0x0080000000000C58] -> 0x7513
mem[X,0x0080000000000C5A] -> 0x00F5
[637] [M]: 0x0080000000000C58 (0x00F57513) andi a0, a0, 0xf
x10 <- 0x0000000000000001

mem[X,0x0080000000000C5C] -> 0x0437
mem[X,0x0080000000000C5E] -> 0x0000
[638] [M]: 0x0080000000000C5C (0x00000437) lui fp, 0x0
x8 <- 0x0000000000000000

mem[X,0x0080000000000C60] -> 0x0413
mem[X,0x0080000000000C62] -> 0x0004
[639] [M]: 0x0080000000000C60 (0x00040413) addi fp, fp, 0x0
x8 <- 0x0000000000000000

mem[X,0x0080000000000C64] -> 0x1413
mem[X,0x0080000000000C66] -> 0x00B4
[640] [M]: 0x0080000000000C64 (0x00B41413) slli fp, fp, 0xb
x8 <- 0x0000000000000000

mem[X,0x0080000000000C68] -> 0x0413
mem[X,0x0080000000000C6A] -> 0x0004
[641] [M]: 0x0080000000000C68 (0x00040413) addi fp, fp, 0x0
x8 <- 0x0000000000000000

mem[X,0x0080000000000C6C] -> 0x1413
mem[X,0x0080000000000C6E] -> 0x00B4
[642] [M]: 0x0080000000000C6C (0x00B41413) slli fp, fp, 0xb
x8 <- 0x0000000000000000

mem[X,0x0080000000000C70] -> 0x0413
mem[X,0x0080000000000C72] -> 0x02C4
[643] [M]: 0x0080000000000C70 (0x02C40413) addi fp, fp, 0x2c
x8 <- 0x000000000000002C

mem[X,0x0080000000000C74] -> 0x1413
mem[X,0x0080000000000C76] -> 0x00A4
[644] [M]: 0x0080000000000C74 (0x00A41413) slli fp, fp, 0xa
x8 <- 0x000000000000B000

mem[X,0x0080000000000C78] -> 0x0413
mem[X,0x0080000000000C7A] -> 0x0FB4
[645] [M]: 0x0080000000000C78 (0x0FB40413) addi fp, fp, 0xfb
x8 <- 0x000000000000B0FB

mem[X,0x0080000000000C7C] -> 0x5433
mem[X,0x0080000000000C7E] -> 0x00A4
[646] [M]: 0x0080000000000C7C (0x00A45433) srl fp, fp, a0
x8 <- 0x000000000000587D

mem[X,0x0080000000000C80] -> 0x1413
mem[X,0x0080000000000C82] -> 0x03F4
[647] [M]: 0x0080000000000C80 (0x03F41413) slli fp, fp, 0x3f
x8 <- 0x8000000000000000

mem[X,0x0080000000000C84] -> 0x5C63
mem[X,0x0080000000000C86] -> 0x0404
[648] [M]: 0x0080000000000C84 (0x04045C63) bge fp, zero, 0x58

mem[X,0x0080000000000C88] -> 0xB403
mem[X,0x0080000000000C8A] -> 0x2084
[649] [M]: 0x0080000000000C88 (0x2084B403) ld fp, 0x208(s1)
mem[R,0x0080000000003208] -> 0x008000000000039C
x8 <- 0x008000000000039C

mem[X,0x0080000000000C8C] -> 0xB583
mem[X,0x0080000000000C8E] -> 0x2104
[650] [M]: 0x0080000000000C8C (0x2104B583) ld a1, 0x210(s1)
mem[R,0x0080000000003210] -> 0x0000000000000468
x11 <- 0x0000000000000468

mem[X,0x0080000000000C90] -> 0x85B3
mem[X,0x0080000000000C92] -> 0x0085
[651] [M]: 0x0080000000000C90 (0x008585B3) add a1, a1, fp
x11 <- 0x0080000000000804

mem[X,0x0080000000000C94] -> 0xF463
mem[X,0x0080000000000C96] -> 0x00B3
[652] [M]: 0x0080000000000C94 (0x00B3F463) bgeu t2, a1, 0x8

mem[X,0x0080000000000C98] -> 0xF063
mem[X,0x0080000000000C9A] -> 0x0483
[653] [M]: 0x0080000000000C98 (0x0483F063) bgeu t2, fp, 0x40

mem[X,0x0080000000000CD8] -> 0x8433
mem[X,0x0080000000000CDA] -> 0x4083
[654] [M]: 0x0080000000000CD8 (0x40838433) sub fp, t2, fp
x8 <- 0x000000000000044C

mem[X,0x0080000000000CDC] -> 0x3C23
mem[X,0x0080000000000CDE] -> 0x0083
[655] [M]: 0x0080000000000CDC (0x00833C23) sd fp, 0x18(t1)
mem[0x0080000000004378] <- 0x000000000000044C

mem[X,0x0080000000000CE0] -> 0x3483
mem[X,0x0080000000000CE2] -> 0x2181
[656] [M]: 0x0080000000000CE0 (0x21813483) ld s1, 0x218(sp)
mem[R,0x0080000000003218] -> 0x0080000000004380
x9 <- 0x0080000000004380

mem[X,0x0080000000000CE4] -> 0x3383
mem[X,0x0080000000000CE6] -> 0x1F81
[657] [M]: 0x0080000000000CE4 (0x1F813383) ld t2, 0x1f8(sp)
mem[R,0x00800000000031F8] -> 0x0080000000004210
x7 <- 0x0080000000004210

mem[X,0x0080000000000CE8] -> 0x3303
mem[X,0x0080000000000CEA] -> 0x2001
[658] [M]: 0x0080000000000CE8 (0x20013303) ld t1, 0x200(sp)
mem[R,0x0080000000003200] -> 0x0000000000000520
x6 <- 0x0000000000000520

mem[X,0x0080000000000CEC] -> 0x0333
mem[X,0x0080000000000CEE] -> 0x0073
[659] [M]: 0x0080000000000CEC (0x00730333) add t1, t1, t2
x6 <- 0x0080000000004730

mem[X,0x0080000000000CF0] -> 0x6EE3
mem[X,0x0080000000000CF2] -> 0xB093
[660] [M]: 0x0080000000000CF0 (0xB0936EE3) bltu t1, s1, -0x4e4

mem[X,0x0080000000000CF4] -> 0x0393
mem[X,0x0080000000000CF6] -> 0x2000
[661] [M]: 0x0080000000000CF4 (0x20000393) addi t2, zero, 0x200
x7 <- 0x0000000000000200

mem[X,0x0080000000000CF8] -> 0x006F
mem[X,0x0080000000000CFA] -> 0x0400
[662] [M]: 0x0080000000000CF8 (0x0400006F) jal zero, 0x40

mem[X,0x0080000000000D38] -> 0x0417
mem[X,0x0080000000000D3A] -> 0x0000
[663] [M]: 0x0080000000000D38 (0x00000417) auipc fp, 0x0
x8 <- 0x0080000000000D38

mem[X,0x0080000000000D3C] -> 0x0413
mem[X,0x0080000000000D3E] -> 0x03C4
[664] [M]: 0x0080000000000D3C (0x03C40413) addi fp, fp, 0x3c
x8 <- 0x0080000000000D74

mem[X,0x0080000000000D40] -> 0x0433
mem[X,0x0080000000000D42] -> 0x0074
[665] [M]: 0x0080000000000D40 (0x00740433) add fp, fp, t2
x8 <- 0x0080000000000F74

mem[X,0x0080000000000D44] -> 0x1393
mem[X,0x0080000000000D46] -> 0x0035
[666] [M]: 0x0080000000000D44 (0x00351393) slli t2, a0, 0x3
x7 <- 0x0000000000000008

mem[X,0x0080000000000D48] -> 0x0433
mem[X,0x0080000000000D4A] -> 0x0074
[667] [M]: 0x0080000000000D48 (0x00740433) add fp, fp, t2
x8 <- 0x0080000000000F7C

mem[X,0x0080000000000D4C] -> 0x7413
mem[X,0x0080000000000D4E] -> 0xFF84
[668] [M]: 0x0080000000000D4C (0xFF847413) andi fp, fp, -0x8
x8 <- 0x0080000000000F78

mem[X,0x0080000000000D50] -> 0x3403
mem[X,0x0080000000000D52] -> 0x0004
[669] [M]: 0x0080000000000D50 (0x00043403) ld fp, 0x0(fp)
mem[R,0x0080000000000F78] -> 0x0000000000000003
x8 <- 0x0000000000000003

mem[X,0x0080000000000D54] -> 0x06E3
mem[X,0x0080000000000D56] -> 0xB404
[670] [M]: 0x0080000000000D54 (0xB40406E3) beq fp, zero, -0x4b4

mem[X,0x0080000000000D58] -> 0x1393
mem[X,0x0080000000000D5A] -> 0x03F4
[671] [M]: 0x0080000000000D58 (0x03F41393) slli t2, fp, 0x3f
x7 <- 0x8000000000000000

mem[X,0x0080000000000D5C] -> 0xD863
mem[X,0x0080000000000D5E] -> 0x0003
[672] [M]: 0x0080000000000D5C (0x0003D863) bge t2, zero, 0x10

mem[X,0x0080000000000D60] -> 0x5413
mem[X,0x0080000000000D62] -> 0x0014
[673] [M]: 0x0080000000000D60 (0x00145413) srli fp, fp, 0x1
x8 <- 0x0000000000000001

mem[X,0x0080000000000D64] -> 0x0CE3
mem[X,0x0080000000000D66] -> 0xF885
[674] [M]: 0x0080000000000D64 (0xF8850CE3) beq a0, fp, -0x68

mem[X,0x0080000000000CFC] -> 0x3303
mem[X,0x0080000000000CFE] -> 0x2601
[675] [M]: 0x0080000000000CFC (0x26013303) ld t1, 0x260(sp)
mem[R,0x0080000000003260] -> 0x000000001FDDB7D5
x6 <- 0x000000001FDDB7D5

mem[X,0x0080000000000D00] -> 0x3383
mem[X,0x0080000000000D02] -> 0x2681
[676] [M]: 0x0080000000000D00 (0x26813383) ld t2, 0x268(sp)
mem[R,0x0080000000003268] -> 0x00000000003FBB6F
x7 <- 0x00000000003FBB6F

mem[X,0x0080000000000D04] -> 0x3403
mem[X,0x0080000000000D06] -> 0x2701
[677] [M]: 0x0080000000000D04 (0x27013403) ld fp, 0x270(sp)
mem[R,0x0080000000003270] -> 0x0000000000007F76
x8 <- 0x0000000000007F76

mem[X,0x0080000000000D08] -> 0x3483
mem[X,0x0080000000000D0A] -> 0x2781
[678] [M]: 0x0080000000000D08 (0x27813483) ld s1, 0x278(sp)
mem[R,0x0080000000003278] -> 0x00000000000000FE
x9 <- 0x00000000000000FE

mem[X,0x0080000000000D0C] -> 0x3503
mem[X,0x0080000000000D0E] -> 0x2801
[679] [M]: 0x0080000000000D0C (0x28013503) ld a0, 0x280(sp)
mem[R,0x0080000000003280] -> 0x0000000000000001
x10 <- 0x0000000000000001

mem[X,0x0080000000000D10] -> 0x3583
mem[X,0x0080000000000D12] -> 0x2881
[680] [M]: 0x0080000000000D10 (0x28813583) ld a1, 0x288(sp)
mem[R,0x0080000000003288] -> 0x0000000000000000
x11 <- 0x0000000000000000

mem[X,0x0080000000000D14] -> 0x3103
mem[X,0x0080000000000D16] -> 0x2901
[681] [M]: 0x0080000000000D14 (0x29013103) ld sp, 0x290(sp)
mem[R,0x0080000000003290] -> 0x01FDDB7D5BFDDB7F
x2 <- 0x01FDDB7D5BFDDB7F

mem[X,0x0080000000000D18] -> 0x0073
mem[X,0x0080000000000D1A] -> 0x3020
[682] [M]: 0x0080000000000D18 (0x30200073) mret
CSR mstatus <- 0x0000000A00000080
ret-ing from M to M

mem[X,0x00800000000007F0] -> 0x0013
mem[X,0x00800000000007F2] -> 0x0000
[683] [M]: 0x00800000000007F0 (0x00000013) addi zero, zero, 0x0

mem[X,0x00800000000007F4] -> 0x0013
mem[X,0x00800000000007F6] -> 0x0000
[684] [M]: 0x00800000000007F4 (0x00000013) addi zero, zero, 0x0

mem[X,0x00800000000007F8] -> 0x0013
mem[X,0x00800000000007FA] -> 0x0000
[685] [M]: 0x00800000000007F8 (0x00000013) addi zero, zero, 0x0

mem[X,0x00800000000007FC] -> 0x0013
mem[X,0x00800000000007FE] -> 0x0000
[686] [M]: 0x00800000000007FC (0x00000013) addi zero, zero, 0x0

mem[X,0x0080000000000800] -> 0x8067
mem[X,0x0080000000000802] -> 0x0000
[687] [M]: 0x0080000000000800 (0x00008067) jalr zero, 0x0(ra)

mem[X,0x00800000000005F4] -> 0x0013
mem[X,0x00800000000005F6] -> 0x0000
[688] [M]: 0x00800000000005F4 (0x00000013) addi zero, zero, 0x0

mem[X,0x00800000000005F8] -> 0x0013
mem[X,0x00800000000005FA] -> 0x0000
[689] [M]: 0x00800000000005F8 (0x00000013) addi zero, zero, 0x0

mem[X,0x00800000000005FC] -> 0x00EF
mem[X,0x00800000000005FE] -> 0x1EC0
[690] [M]: 0x00800000000005FC (0x1EC000EF) jal ra, 0x1ec
x1 <- 0x0080000000000600

trapping from M to M to handle fetch-access-fault
handling exc#0x01 at priv M with tval 0x00800000000007E8
CSR mstatus <- 0x0000000A00001800
mem[X,0x0080000000000900] -> 0x006F
mem[X,0x0080000000000902] -> 0x1000
[691] [M]: 0x0080000000000900 (0x1000006F) jal zero, 0x100

mem[X,0x0080000000000A00] -> 0x1173
mem[X,0x0080000000000A02] -> 0x3401
[692] [M]: 0x0080000000000A00 (0x34011173) csrrw sp, mscratch, sp
CSR mscratch <- 0x01FDDB7D5BFDDB7F (input: 0x01FDDB7D5BFDDB7F)
x2 <- 0x0080000000003000

mem[X,0x0080000000000A04] -> 0x3423
mem[X,0x0080000000000A06] -> 0x28B1
[693] [M]: 0x0080000000000A04 (0x28B13423) sd a1, 0x288(sp)
mem[0x0080000000003288] <- 0x0000000000000000

mem[X,0x0080000000000A08] -> 0x05EF
mem[X,0x0080000000000A0A] -> 0x0B80
[694] [M]: 0x0080000000000A08 (0x0B8005EF) jal a1, 0xb8
x11 <- 0x0080000000000A0C

mem[X,0x0080000000000AC0] -> 0x3023
mem[X,0x0080000000000AC2] -> 0x28A1
[695] [M]: 0x0080000000000AC0 (0x28A13023) sd a0, 0x280(sp)
mem[0x0080000000003280] <- 0x0000000000000001

mem[X,0x0080000000000AC4] -> 0x1573
mem[X,0x0080000000000AC6] -> 0x3401
[696] [M]: 0x0080000000000AC4 (0x34011573) csrrw a0, mscratch, sp
CSR mscratch <- 0x0080000000003000 (input: 0x0080000000003000)
x10 <- 0x01FDDB7D5BFDDB7F

mem[X,0x0080000000000AC8] -> 0x3823
mem[X,0x0080000000000ACA] -> 0x28A1
[697] [M]: 0x0080000000000AC8 (0x28A13823) sd a0, 0x290(sp)
mem[0x0080000000003290] <- 0x01FDDB7D5BFDDB7F

mem[X,0x0080000000000ACC] -> 0x3503
mem[X,0x0080000000000ACE] -> 0x2301
[698] [M]: 0x0080000000000ACC (0x23013503) ld a0, 0x230(sp)
mem[R,0x0080000000003230] -> 0x0080000000000AD4
x10 <- 0x0080000000000AD4

mem[X,0x0080000000000AD0] -> 0x0067
mem[X,0x0080000000000AD2] -> 0x0005
[699] [M]: 0x0080000000000AD0 (0x00050067) jalr zero, 0x0(a0)

clint::tick mtime <- 0x0000000000000007
 clint timer pending at mtime 0x0000000000000007
htif::tick 0x0000000000000000
mem[X,0x0080000000000AD4] -> 0x3C23
mem[X,0x0080000000000AD6] -> 0x2691
[700] [M]: 0x0080000000000AD4 (0x26913C23) sd s1, 0x278(sp)
mem[0x0080000000003278] <- 0x00000000000000FE

mem[X,0x0080000000000AD8] -> 0x3823
mem[X,0x0080000000000ADA] -> 0x2681
[701] [M]: 0x0080000000000AD8 (0x26813823) sd fp, 0x270(sp)
mem[0x0080000000003270] <- 0x0000000000007F76

mem[X,0x0080000000000ADC] -> 0x3423
mem[X,0x0080000000000ADE] -> 0x2671
[702] [M]: 0x0080000000000ADC (0x26713423) sd t2, 0x268(sp)
mem[0x0080000000003268] <- 0x00000000003FBB6F

mem[X,0x0080000000000AE0] -> 0x3023
mem[X,0x0080000000000AE2] -> 0x2661
[703] [M]: 0x0080000000000AE0 (0x26613023) sd t1, 0x260(sp)
mem[0x0080000000003260] <- 0x000000001FDDB7D5

mem[X,0x0080000000000AE4] -> 0x2573
mem[X,0x0080000000000AE6] -> 0x3420
[704] [M]: 0x0080000000000AE4 (0x34202573) csrrs a0, mcause, zero
CSR mcause -> 0x0000000000000001
x10 <- 0x0000000000000001

mem[X,0x0080000000000AE8] -> 0x04B7
mem[X,0x0080000000000AEA] -> 0x8000
[705] [M]: 0x0080000000000AE8 (0x800004B7) lui s1, -0x80000
x9 <- 0xFFFFFFFF80000000

mem[X,0x0080000000000AEC] -> 0x8493
mem[X,0x0080000000000AEE] -> 0x0004
[706] [M]: 0x0080000000000AEC (0x00048493) addi s1, s1, 0x0
x9 <- 0xFFFFFFFF80000000

mem[X,0x0080000000000AF0] -> 0x9493
mem[X,0x0080000000000AF2] -> 0x00B4
[707] [M]: 0x0080000000000AF0 (0x00B49493) slli s1, s1, 0xb
x9 <- 0xFFFFFC0000000000

mem[X,0x0080000000000AF4] -> 0x8493
mem[X,0x0080000000000AF6] -> 0x0004
[708] [M]: 0x0080000000000AF4 (0x00048493) addi s1, s1, 0x0
x9 <- 0xFFFFFC0000000000

mem[X,0x0080000000000AF8] -> 0x9493
mem[X,0x0080000000000AFA] -> 0x00B4
[709] [M]: 0x0080000000000AF8 (0x00B49493) slli s1, s1, 0xb
x9 <- 0xFFE0000000000000

mem[X,0x0080000000000AFC] -> 0x8493
mem[X,0x0080000000000AFE] -> 0x0034
[710] [M]: 0x0080000000000AFC (0x00348493) addi s1, s1, 0x3
x9 <- 0xFFE0000000000003

mem[X,0x0080000000000B00] -> 0x9493
mem[X,0x0080000000000B02] -> 0x00A4
[711] [M]: 0x0080000000000B00 (0x00A49493) slli s1, s1, 0xa
x9 <- 0x8000000000000C00

mem[X,0x0080000000000B04] -> 0x8493
mem[X,0x0080000000000B06] -> 0x3FC4
[712] [M]: 0x0080000000000B04 (0x3FC48493) addi s1, s1, 0x3fc
x9 <- 0x8000000000000FFC

mem[X,0x0080000000000B08] -> 0xF4B3
mem[X,0x0080000000000B0A] -> 0x00A4
[713] [M]: 0x0080000000000B08 (0x00A4F4B3) and s1, s1, a0
x9 <- 0x0000000000000000

mem[X,0x0080000000000B0C] -> 0x8493
mem[X,0x0080000000000B0E] -> 0xFF84
[714] [M]: 0x0080000000000B0C (0xFF848493) addi s1, s1, -0x8
x9 <- 0xFFFFFFFFFFFFFFF8

mem[X,0x0080000000000B10] -> 0x9663
mem[X,0x0080000000000B12] -> 0x0004
[715] [M]: 0x0080000000000B10 (0x00049663) bne s1, zero, 0xc

mem[X,0x0080000000000B1C] -> 0x0393
mem[X,0x0080000000000B1E] -> 0x0200
[716] [M]: 0x0080000000000B1C (0x02000393) addi t2, zero, 0x20
x7 <- 0x0000000000000020

mem[X,0x0080000000000B20] -> 0x5263
mem[X,0x0080000000000B22] -> 0x0405
[717] [M]: 0x0080000000000B20 (0x04055263) bge a0, zero, 0x44

mem[X,0x0080000000000B64] -> 0x2373
mem[X,0x0080000000000B66] -> 0x3010
[718] [M]: 0x0080000000000B64 (0x30102373) csrrs t1, misa, zero
CSR misa -> 0x800000000034112D
x6 <- 0x800000000034112D

mem[X,0x0080000000000B68] -> 0x1313
mem[X,0x0080000000000B6A] -> 0x0383
[719] [M]: 0x0080000000000B68 (0x03831313) slli t1, t1, 0x38
x6 <- 0x2D00000000000000

mem[X,0x0080000000000B6C] -> 0x5463
mem[X,0x0080000000000B6E] -> 0x0003
[720] [M]: 0x0080000000000B6C (0x00035463) bge t1, zero, 0x8

mem[X,0x0080000000000B74] -> 0x3303
mem[X,0x0080000000000B76] -> 0x2181
[721] [M]: 0x0080000000000B74 (0x21813303) ld t1, 0x218(sp)
mem[R,0x0080000000003218] -> 0x0080000000004380
x6 <- 0x0080000000004380

mem[X,0x0080000000000B78] -> 0x04B3
mem[X,0x0080000000000B7A] -> 0x0073
[722] [M]: 0x0080000000000B78 (0x007304B3) add s1, t1, t2
x9 <- 0x00800000000043A0

mem[X,0x0080000000000B7C] -> 0x3C23
mem[X,0x0080000000000B7E] -> 0x2091
[723] [M]: 0x0080000000000B7C (0x20913C23) sd s1, 0x218(sp)
mem[0x0080000000003218] <- 0x00800000000043A0

mem[X,0x0080000000000B80] -> 0x3403
mem[X,0x0080000000000B82] -> 0x1F81
[724] [M]: 0x0080000000000B80 (0x1F813403) ld fp, 0x1f8(sp)
mem[R,0x00800000000031F8] -> 0x0080000000004210
x8 <- 0x0080000000004210

mem[X,0x0080000000000B84] -> 0x0333
mem[X,0x0080000000000B86] -> 0x4083
[725] [M]: 0x0080000000000B84 (0x40830333) sub t1, t1, fp
x6 <- 0x0000000000000170

mem[X,0x0080000000000B88] -> 0x3403
mem[X,0x0080000000000B8A] -> 0x1F81
[726] [M]: 0x0080000000000B88 (0x1F813403) ld fp, 0x1f8(sp)
mem[R,0x00800000000031F8] -> 0x0080000000004210
x8 <- 0x0080000000004210

mem[X,0x0080000000000B8C] -> 0x0333
mem[X,0x0080000000000B8E] -> 0x0083
[727] [M]: 0x0080000000000B8C (0x00830333) add t1, t1, fp
x6 <- 0x0080000000004380

mem[X,0x0080000000000B90] -> 0x3403
mem[X,0x0080000000000B92] -> 0x2401
[728] [M]: 0x0080000000000B90 (0x24013403) ld fp, 0x240(sp)
mem[R,0x0080000000003240] -> 0x0080000000000900
x8 <- 0x0080000000000900

mem[X,0x0080000000000B94] -> 0x85B3
mem[X,0x0080000000000B96] -> 0x4085
[729] [M]: 0x0080000000000B94 (0x408585B3) sub a1, a1, fp
x11 <- 0x000000000000010C

mem[X,0x0080000000000B98] -> 0x9593
mem[X,0x0080000000000B9A] -> 0x0045
[730] [M]: 0x0080000000000B98 (0x00459593) slli a1, a1, 0x4
x11 <- 0x00000000000010C0

mem[X,0x0080000000000B9C] -> 0xE5B3
mem[X,0x0080000000000B9E] -> 0x0075
[731] [M]: 0x0080000000000B9C (0x0075E5B3) or a1, a1, t2
x11 <- 0x00000000000010E0

mem[X,0x0080000000000BA0] -> 0x8593
mem[X,0x0080000000000BA2] -> 0x0035
[732] [M]: 0x0080000000000BA0 (0x00358593) addi a1, a1, 0x3
x11 <- 0x00000000000010E3

mem[X,0x0080000000000BA4] -> 0x3023
mem[X,0x0080000000000BA6] -> 0x00B3
[733] [M]: 0x0080000000000BA4 (0x00B33023) sd a1, 0x0(t1)
mem[0x0080000000004380] <- 0x00000000000010E3

mem[X,0x0080000000000BA8] -> 0x3423
mem[X,0x0080000000000BAA] -> 0x00A3
[734] [M]: 0x0080000000000BA8 (0x00A33423) sd a0, 0x8(t1)
mem[0x0080000000004388] <- 0x0000000000000001

mem[X,0x0080000000000BAC] -> 0x4863
mem[X,0x0080000000000BAE] -> 0x1605
[735] [M]: 0x0080000000000BAC (0x16054863) blt a0, zero, 0x170

mem[X,0x0080000000000BB0] -> 0x25F3
mem[X,0x0080000000000BB2] -> 0x3000
[736] [M]: 0x0080000000000BB0 (0x300025F3) csrrs a1, mstatus, zero
CSR mstatus -> 0x0000000A00001800
x11 <- 0x0000000A00001800

mem[X,0x0080000000000BB4] -> 0x9413
mem[X,0x0080000000000BB6] -> 0x02E5
[737] [M]: 0x0080000000000BB4 (0x02E59413) slli fp, a1, 0x2e
x8 <- 0x0600000000000000

mem[X,0x0080000000000BB8] -> 0x5463
mem[X,0x0080000000000BBA] -> 0x0004
[738] [M]: 0x0080000000000BB8 (0x00045463) bge fp, zero, 0x8

mem[X,0x0080000000000BC0] -> 0xD493
mem[X,0x0080000000000BC2] -> 0x00B5
[739] [M]: 0x0080000000000BC0 (0x00B5D493) srli s1, a1, 0xb
x9 <- 0x0000000001400003

mem[X,0x0080000000000BC4] -> 0xF493
mem[X,0x0080000000000BC6] -> 0x0034
[740] [M]: 0x0080000000000BC4 (0x0034F493) andi s1, s1, 0x3
x9 <- 0x0000000000000003

mem[X,0x0080000000000BC8] -> 0x8493
mem[X,0x0080000000000BCA] -> 0x0014
[741] [M]: 0x0080000000000BC8 (0x00148493) addi s1, s1, 0x1
x9 <- 0x0000000000000004

mem[X,0x0080000000000BCC] -> 0xF493
mem[X,0x0080000000000BCE] -> 0x0044
[742] [M]: 0x0080000000000BCC (0x0044F493) andi s1, s1, 0x4
x9 <- 0x0000000000000004

mem[X,0x0080000000000BD0] -> 0x0593
mem[X,0x0080000000000BD2] -> 0x05D0
[743] [M]: 0x0080000000000BD0 (0x05D00593) addi a1, zero, 0x5d
x11 <- 0x000000000000005D

mem[X,0x0080000000000BD4] -> 0xD5B3
mem[X,0x0080000000000BD6] -> 0x0095
[744] [M]: 0x0080000000000BD4 (0x0095D5B3) srl a1, a1, s1
x11 <- 0x0000000000000005

mem[X,0x0080000000000BD8] -> 0xF593
mem[X,0x0080000000000BDA] -> 0x0015
[745] [M]: 0x0080000000000BD8 (0x0015F593) andi a1, a1, 0x1
x11 <- 0x0000000000000001

mem[X,0x0080000000000BDC] -> 0x8EE3
mem[X,0x0080000000000BDE] -> 0xF405
[746] [M]: 0x0080000000000BDC (0xF4058EE3) beq a1, zero, -0xa4

mem[X,0x0080000000000BE0] -> 0x0593
mem[X,0x0080000000000BE2] -> 0x2980
[747] [M]: 0x0080000000000BE0 (0x29800593) addi a1, zero, 0x298
x11 <- 0x0000000000000298

mem[X,0x0080000000000BE4] -> 0xF413
mem[X,0x0080000000000BE6] -> 0x0014
[748] [M]: 0x0080000000000BE4 (0x0014F413) andi fp, s1, 0x1
x8 <- 0x0000000000000000

mem[X,0x0080000000000BE8] -> 0x95B3
mem[X,0x0080000000000BEA] -> 0x0085
[749] [M]: 0x0080000000000BE8 (0x008595B3) sll a1, a1, fp
x11 <- 0x0000000000000298

mem[X,0x0080000000000BEC] -> 0x9413
mem[X,0x0080000000000BEE] -> 0x03D4
[750] [M]: 0x0080000000000BEC (0x03D49413) slli fp, s1, 0x3d
x8 <- 0x8000000000000000

mem[X,0x0080000000000BF0] -> 0x5413
mem[X,0x0080000000000BF2] -> 0x43F4
[751] [M]: 0x0080000000000BF0 (0x43F45413) srai fp, fp, 0x3f
x8 <- 0xFFFFFFFFFFFFFFFF

mem[X,0x0080000000000BF4] -> 0x4413
mem[X,0x0080000000000BF6] -> 0xFFF4
[752] [M]: 0x0080000000000BF4 (0xFFF44413) xori fp, fp, -0x1
x8 <- 0x0000000000000000

mem[X,0x0080000000000BF8] -> 0xF4B3
mem[X,0x0080000000000BFA] -> 0x0085
[753] [M]: 0x0080000000000BF8 (0x0085F4B3) and s1, a1, fp
x9 <- 0x0000000000000000

mem[X,0x0080000000000BFC] -> 0x84B3
mem[X,0x0080000000000BFE] -> 0x0024
[754] [M]: 0x0080000000000BFC (0x002484B3) add s1, s1, sp
x9 <- 0x0080000000003000

mem[X,0x0080000000000C00] -> 0x23F3
mem[X,0x0080000000000C02] -> 0x3410
[755] [M]: 0x0080000000000C00 (0x341023F3) csrrs t2, mepc, zero
CSR mepc -> 0x00800000000007E8
x7 <- 0x00800000000007E8

mem[X,0x0080000000000C04] -> 0xB403
mem[X,0x0080000000000C06] -> 0x2084
[756] [M]: 0x0080000000000C04 (0x2084B403) ld fp, 0x208(s1)
mem[R,0x0080000000003208] -> 0x008000000000039C
x8 <- 0x008000000000039C

mem[X,0x0080000000000C08] -> 0xB583
mem[X,0x0080000000000C0A] -> 0x2104
[757] [M]: 0x0080000000000C08 (0x2104B583) ld a1, 0x210(s1)
mem[R,0x0080000000003210] -> 0x0000000000000468
x11 <- 0x0000000000000468

mem[X,0x0080000000000C0C] -> 0x85B3
mem[X,0x0080000000000C0E] -> 0x0085
[758] [M]: 0x0080000000000C0C (0x008585B3) add a1, a1, fp
x11 <- 0x0080000000000804

mem[X,0x0080000000000C10] -> 0xF463
mem[X,0x0080000000000C12] -> 0x00B3
[759] [M]: 0x0080000000000C10 (0x00B3F463) bgeu t2, a1, 0x8

mem[X,0x0080000000000C14] -> 0xF663
mem[X,0x0080000000000C16] -> 0x0283
[760] [M]: 0x0080000000000C14 (0x0283F663) bgeu t2, fp, 0x2c

mem[X,0x0080000000000C40] -> 0x8433
mem[X,0x0080000000000C42] -> 0x4083
[761] [M]: 0x0080000000000C40 (0x40838433) sub fp, t2, fp
x8 <- 0x000000000000044C

mem[X,0x0080000000000C44] -> 0x3823
mem[X,0x0080000000000C46] -> 0x0083
[762] [M]: 0x0080000000000C44 (0x00833823) sd fp, 0x10(t1)
mem[0x0080000000004390] <- 0x000000000000044C

mem[X,0x0080000000000C48] -> 0xF593
mem[X,0x0080000000000C4A] -> 0xFFC3
[763] [M]: 0x0080000000000C48 (0xFFC3F593) andi a1, t2, -0x4
x11 <- 0x00800000000007E8

mem[X,0x0080000000000C4C] -> 0x8593
mem[X,0x0080000000000C4E] -> 0x0085
[764] [M]: 0x0080000000000C4C (0x00858593) addi a1, a1, 0x8
x11 <- 0x00800000000007F0

mem[X,0x0080000000000C50] -> 0x9073
mem[X,0x0080000000000C52] -> 0x3415
[765] [M]: 0x0080000000000C50 (0x34159073) csrrw zero, mepc, a1
CSR mepc <- 0x00800000000007F0 (input: 0x00800000000007F0)

mem[X,0x0080000000000C54] -> 0x23F3
mem[X,0x0080000000000C56] -> 0x3430
[766] [M]: 0x0080000000000C54 (0x343023F3) csrrs t2, mtval, zero
CSR mtval -> 0x00800000000007E8
x7 <- 0x00800000000007E8

mem[X,0x0080000000000C58] -> 0x7513
mem[X,0x0080000000000C5A] -> 0x00F5
[767] [M]: 0x0080000000000C58 (0x00F57513) andi a0, a0, 0xf
x10 <- 0x0000000000000001

mem[X,0x0080000000000C5C] -> 0x0437
mem[X,0x0080000000000C5E] -> 0x0000
[768] [M]: 0x0080000000000C5C (0x00000437) lui fp, 0x0
x8 <- 0x0000000000000000

mem[X,0x0080000000000C60] -> 0x0413
mem[X,0x0080000000000C62] -> 0x0004
[769] [M]: 0x0080000000000C60 (0x00040413) addi fp, fp, 0x0
x8 <- 0x0000000000000000

mem[X,0x0080000000000C64] -> 0x1413
mem[X,0x0080000000000C66] -> 0x00B4
[770] [M]: 0x0080000000000C64 (0x00B41413) slli fp, fp, 0xb
x8 <- 0x0000000000000000

mem[X,0x0080000000000C68] -> 0x0413
mem[X,0x0080000000000C6A] -> 0x0004
[771] [M]: 0x0080000000000C68 (0x00040413) addi fp, fp, 0x0
x8 <- 0x0000000000000000

mem[X,0x0080000000000C6C] -> 0x1413
mem[X,0x0080000000000C6E] -> 0x00B4
[772] [M]: 0x0080000000000C6C (0x00B41413) slli fp, fp, 0xb
x8 <- 0x0000000000000000

mem[X,0x0080000000000C70] -> 0x0413
mem[X,0x0080000000000C72] -> 0x02C4
[773] [M]: 0x0080000000000C70 (0x02C40413) addi fp, fp, 0x2c
x8 <- 0x000000000000002C

mem[X,0x0080000000000C74] -> 0x1413
mem[X,0x0080000000000C76] -> 0x00A4
[774] [M]: 0x0080000000000C74 (0x00A41413) slli fp, fp, 0xa
x8 <- 0x000000000000B000

mem[X,0x0080000000000C78] -> 0x0413
mem[X,0x0080000000000C7A] -> 0x0FB4
[775] [M]: 0x0080000000000C78 (0x0FB40413) addi fp, fp, 0xfb
x8 <- 0x000000000000B0FB

mem[X,0x0080000000000C7C] -> 0x5433
mem[X,0x0080000000000C7E] -> 0x00A4
[776] [M]: 0x0080000000000C7C (0x00A45433) srl fp, fp, a0
x8 <- 0x000000000000587D

mem[X,0x0080000000000C80] -> 0x1413
mem[X,0x0080000000000C82] -> 0x03F4
[777] [M]: 0x0080000000000C80 (0x03F41413) slli fp, fp, 0x3f
x8 <- 0x8000000000000000

mem[X,0x0080000000000C84] -> 0x5C63
mem[X,0x0080000000000C86] -> 0x0404
[778] [M]: 0x0080000000000C84 (0x04045C63) bge fp, zero, 0x58

mem[X,0x0080000000000C88] -> 0xB403
mem[X,0x0080000000000C8A] -> 0x2084
[779] [M]: 0x0080000000000C88 (0x2084B403) ld fp, 0x208(s1)
mem[R,0x0080000000003208] -> 0x008000000000039C
x8 <- 0x008000000000039C

mem[X,0x0080000000000C8C] -> 0xB583
mem[X,0x0080000000000C8E] -> 0x2104
[780] [M]: 0x0080000000000C8C (0x2104B583) ld a1, 0x210(s1)
mem[R,0x0080000000003210] -> 0x0000000000000468
x11 <- 0x0000000000000468

mem[X,0x0080000000000C90] -> 0x85B3
mem[X,0x0080000000000C92] -> 0x0085
[781] [M]: 0x0080000000000C90 (0x008585B3) add a1, a1, fp
x11 <- 0x0080000000000804

mem[X,0x0080000000000C94] -> 0xF463
mem[X,0x0080000000000C96] -> 0x00B3
[782] [M]: 0x0080000000000C94 (0x00B3F463) bgeu t2, a1, 0x8

mem[X,0x0080000000000C98] -> 0xF063
mem[X,0x0080000000000C9A] -> 0x0483
[783] [M]: 0x0080000000000C98 (0x0483F063) bgeu t2, fp, 0x40

mem[X,0x0080000000000CD8] -> 0x8433
mem[X,0x0080000000000CDA] -> 0x4083
[784] [M]: 0x0080000000000CD8 (0x40838433) sub fp, t2, fp
x8 <- 0x000000000000044C

mem[X,0x0080000000000CDC] -> 0x3C23
mem[X,0x0080000000000CDE] -> 0x0083
[785] [M]: 0x0080000000000CDC (0x00833C23) sd fp, 0x18(t1)
mem[0x0080000000004398] <- 0x000000000000044C

mem[X,0x0080000000000CE0] -> 0x3483
mem[X,0x0080000000000CE2] -> 0x2181
[786] [M]: 0x0080000000000CE0 (0x21813483) ld s1, 0x218(sp)
mem[R,0x0080000000003218] -> 0x00800000000043A0
x9 <- 0x00800000000043A0

mem[X,0x0080000000000CE4] -> 0x3383
mem[X,0x0080000000000CE6] -> 0x1F81
[787] [M]: 0x0080000000000CE4 (0x1F813383) ld t2, 0x1f8(sp)
mem[R,0x00800000000031F8] -> 0x0080000000004210
x7 <- 0x0080000000004210

mem[X,0x0080000000000CE8] -> 0x3303
mem[X,0x0080000000000CEA] -> 0x2001
[788] [M]: 0x0080000000000CE8 (0x20013303) ld t1, 0x200(sp)
mem[R,0x0080000000003200] -> 0x0000000000000520
x6 <- 0x0000000000000520

mem[X,0x0080000000000CEC] -> 0x0333
mem[X,0x0080000000000CEE] -> 0x0073
[789] [M]: 0x0080000000000CEC (0x00730333) add t1, t1, t2
x6 <- 0x0080000000004730

mem[X,0x0080000000000CF0] -> 0x6EE3
mem[X,0x0080000000000CF2] -> 0xB093
[790] [M]: 0x0080000000000CF0 (0xB0936EE3) bltu t1, s1, -0x4e4

mem[X,0x0080000000000CF4] -> 0x0393
mem[X,0x0080000000000CF6] -> 0x2000
[791] [M]: 0x0080000000000CF4 (0x20000393) addi t2, zero, 0x200
x7 <- 0x0000000000000200

mem[X,0x0080000000000CF8] -> 0x006F
mem[X,0x0080000000000CFA] -> 0x0400
[792] [M]: 0x0080000000000CF8 (0x0400006F) jal zero, 0x40

mem[X,0x0080000000000D38] -> 0x0417
mem[X,0x0080000000000D3A] -> 0x0000
[793] [M]: 0x0080000000000D38 (0x00000417) auipc fp, 0x0
x8 <- 0x0080000000000D38

mem[X,0x0080000000000D3C] -> 0x0413
mem[X,0x0080000000000D3E] -> 0x03C4
[794] [M]: 0x0080000000000D3C (0x03C40413) addi fp, fp, 0x3c
x8 <- 0x0080000000000D74

mem[X,0x0080000000000D40] -> 0x0433
mem[X,0x0080000000000D42] -> 0x0074
[795] [M]: 0x0080000000000D40 (0x00740433) add fp, fp, t2
x8 <- 0x0080000000000F74

mem[X,0x0080000000000D44] -> 0x1393
mem[X,0x0080000000000D46] -> 0x0035
[796] [M]: 0x0080000000000D44 (0x00351393) slli t2, a0, 0x3
x7 <- 0x0000000000000008

mem[X,0x0080000000000D48] -> 0x0433
mem[X,0x0080000000000D4A] -> 0x0074
[797] [M]: 0x0080000000000D48 (0x00740433) add fp, fp, t2
x8 <- 0x0080000000000F7C

mem[X,0x0080000000000D4C] -> 0x7413
mem[X,0x0080000000000D4E] -> 0xFF84
[798] [M]: 0x0080000000000D4C (0xFF847413) andi fp, fp, -0x8
x8 <- 0x0080000000000F78

mem[X,0x0080000000000D50] -> 0x3403
mem[X,0x0080000000000D52] -> 0x0004
[799] [M]: 0x0080000000000D50 (0x00043403) ld fp, 0x0(fp)
mem[R,0x0080000000000F78] -> 0x0000000000000003
x8 <- 0x0000000000000003

clint::tick mtime <- 0x0000000000000008
 clint timer pending at mtime 0x0000000000000008
htif::tick 0x0000000000000000
mem[X,0x0080000000000D54] -> 0x06E3
mem[X,0x0080000000000D56] -> 0xB404
[800] [M]: 0x0080000000000D54 (0xB40406E3) beq fp, zero, -0x4b4

mem[X,0x0080000000000D58] -> 0x1393
mem[X,0x0080000000000D5A] -> 0x03F4
[801] [M]: 0x0080000000000D58 (0x03F41393) slli t2, fp, 0x3f
x7 <- 0x8000000000000000

mem[X,0x0080000000000D5C] -> 0xD863
mem[X,0x0080000000000D5E] -> 0x0003
[802] [M]: 0x0080000000000D5C (0x0003D863) bge t2, zero, 0x10

mem[X,0x0080000000000D60] -> 0x5413
mem[X,0x0080000000000D62] -> 0x0014
[803] [M]: 0x0080000000000D60 (0x00145413) srli fp, fp, 0x1
x8 <- 0x0000000000000001

mem[X,0x0080000000000D64] -> 0x0CE3
mem[X,0x0080000000000D66] -> 0xF885
[804] [M]: 0x0080000000000D64 (0xF8850CE3) beq a0, fp, -0x68

mem[X,0x0080000000000CFC] -> 0x3303
mem[X,0x0080000000000CFE] -> 0x2601
[805] [M]: 0x0080000000000CFC (0x26013303) ld t1, 0x260(sp)
mem[R,0x0080000000003260] -> 0x000000001FDDB7D5
x6 <- 0x000000001FDDB7D5

mem[X,0x0080000000000D00] -> 0x3383
mem[X,0x0080000000000D02] -> 0x2681
[806] [M]: 0x0080000000000D00 (0x26813383) ld t2, 0x268(sp)
mem[R,0x0080000000003268] -> 0x00000000003FBB6F
x7 <- 0x00000000003FBB6F

mem[X,0x0080000000000D04] -> 0x3403
mem[X,0x0080000000000D06] -> 0x2701
[807] [M]: 0x0080000000000D04 (0x27013403) ld fp, 0x270(sp)
mem[R,0x0080000000003270] -> 0x0000000000007F76
x8 <- 0x0000000000007F76

mem[X,0x0080000000000D08] -> 0x3483
mem[X,0x0080000000000D0A] -> 0x2781
[808] [M]: 0x0080000000000D08 (0x27813483) ld s1, 0x278(sp)
mem[R,0x0080000000003278] -> 0x00000000000000FE
x9 <- 0x00000000000000FE

mem[X,0x0080000000000D0C] -> 0x3503
mem[X,0x0080000000000D0E] -> 0x2801
[809] [M]: 0x0080000000000D0C (0x28013503) ld a0, 0x280(sp)
mem[R,0x0080000000003280] -> 0x0000000000000001
x10 <- 0x0000000000000001

mem[X,0x0080000000000D10] -> 0x3583
mem[X,0x0080000000000D12] -> 0x2881
[810] [M]: 0x0080000000000D10 (0x28813583) ld a1, 0x288(sp)
mem[R,0x0080000000003288] -> 0x0000000000000000
x11 <- 0x0000000000000000

mem[X,0x0080000000000D14] -> 0x3103
mem[X,0x0080000000000D16] -> 0x2901
[811] [M]: 0x0080000000000D14 (0x29013103) ld sp, 0x290(sp)
mem[R,0x0080000000003290] -> 0x01FDDB7D5BFDDB7F
x2 <- 0x01FDDB7D5BFDDB7F

mem[X,0x0080000000000D18] -> 0x0073
mem[X,0x0080000000000D1A] -> 0x3020
[812] [M]: 0x0080000000000D18 (0x30200073) mret
CSR mstatus <- 0x0000000A00000080
ret-ing from M to M

mem[X,0x00800000000007F0] -> 0x0013
mem[X,0x00800000000007F2] -> 0x0000
[813] [M]: 0x00800000000007F0 (0x00000013) addi zero, zero, 0x0

mem[X,0x00800000000007F4] -> 0x0013
mem[X,0x00800000000007F6] -> 0x0000
[814] [M]: 0x00800000000007F4 (0x00000013) addi zero, zero, 0x0

mem[X,0x00800000000007F8] -> 0x0013
mem[X,0x00800000000007FA] -> 0x0000
[815] [M]: 0x00800000000007F8 (0x00000013) addi zero, zero, 0x0

mem[X,0x00800000000007FC] -> 0x0013
mem[X,0x00800000000007FE] -> 0x0000
[816] [M]: 0x00800000000007FC (0x00000013) addi zero, zero, 0x0

mem[X,0x0080000000000800] -> 0x8067
mem[X,0x0080000000000802] -> 0x0000
[817] [M]: 0x0080000000000800 (0x00008067) jalr zero, 0x0(ra)

mem[X,0x0080000000000600] -> 0x0493
mem[X,0x0080000000000602] -> 0xFFF0
[818] [M]: 0x0080000000000600 (0xFFF00493) addi s1, zero, -0x1
x9 <- 0xFFFFFFFFFFFFFFFF

mem[X,0x0080000000000604] -> 0xD493
mem[X,0x0080000000000606] -> 0x03E4
[819] [M]: 0x0080000000000604 (0x03E4D493) srli s1, s1, 0x3e
x9 <- 0x0000000000000003

mem[X,0x0080000000000608] -> 0x9493
mem[X,0x008000000000060A] -> 0x00B4
[820] [M]: 0x0080000000000608 (0x00B49493) slli s1, s1, 0xb
x9 <- 0x0000000000001800

mem[X,0x008000000000060C] -> 0xB073
mem[X,0x008000000000060E] -> 0x3004
[821] [M]: 0x008000000000060C (0x3004B073) csrrc zero, mstatus, s1
CSR mstatus <- 0x0000000A00000080 (input: 0x0000000A00000080)

mem[X,0x0080000000000610] -> 0x0493
mem[X,0x0080000000000612] -> 0x0010
[822] [M]: 0x0080000000000610 (0x00100493) addi s1, zero, 0x1
x9 <- 0x0000000000000001

mem[X,0x0080000000000614] -> 0x9493
mem[X,0x0080000000000616] -> 0x00B4
[823] [M]: 0x0080000000000614 (0x00B49493) slli s1, s1, 0xb
x9 <- 0x0000000000000800

mem[X,0x0080000000000618] -> 0xA073
mem[X,0x008000000000061A] -> 0x3004
[824] [M]: 0x0080000000000618 (0x3004A073) csrrs zero, mstatus, s1
CSR mstatus <- 0x0000000A00000880 (input: 0x0000000A00000880)

mem[X,0x008000000000061C] -> 0x2173
mem[X,0x008000000000061E] -> 0x3400
[825] [M]: 0x008000000000061C (0x34002173) csrrs sp, mscratch, zero
CSR mscratch -> 0x0080000000003000
x2 <- 0x0080000000003000

mem[X,0x0080000000000620] -> 0x3303
mem[X,0x0080000000000622] -> 0x4701
[826] [M]: 0x0080000000000620 (0x47013303) ld t1, 0x470(sp)
mem[R,0x0080000000003470] -> 0x008000000000039C
x6 <- 0x008000000000039C

mem[X,0x0080000000000624] -> 0x3483
mem[X,0x0080000000000626] -> 0x1D81
[827] [M]: 0x0080000000000624 (0x1D813483) ld s1, 0x1d8(sp)
mem[R,0x00800000000031D8] -> 0x008000000000039C
x9 <- 0x008000000000039C

mem[X,0x0080000000000628] -> 0x0333
mem[X,0x008000000000062A] -> 0x4093
[828] [M]: 0x0080000000000628 (0x40930333) sub t1, t1, s1
x6 <- 0x0000000000000000

mem[X,0x008000000000062C] -> 0x0313
mem[X,0x008000000000062E] -> 0x0103
[829] [M]: 0x008000000000062C (0x01030313) addi t1, t1, 0x10
x6 <- 0x0000000000000010

mem[X,0x0080000000000630] -> 0x0497
mem[X,0x0080000000000632] -> 0x0000
[830] [M]: 0x0080000000000630 (0x00000497) auipc s1, 0x0
x9 <- 0x0080000000000630

mem[X,0x0080000000000634] -> 0x84B3
mem[X,0x0080000000000636] -> 0x0064
[831] [M]: 0x0080000000000634 (0x006484B3) add s1, s1, t1
x9 <- 0x0080000000000640

mem[X,0x0080000000000638] -> 0x94F3
mem[X,0x008000000000063A] -> 0x3414
[832] [M]: 0x0080000000000638 (0x341494F3) csrrw s1, mepc, s1
CSR mepc <- 0x0080000000000640 (input: 0x0080000000000640)
x9 <- 0x00800000000007F0

mem[X,0x008000000000063C] -> 0x0073
mem[X,0x008000000000063E] -> 0x3020
[833] [M]: 0x008000000000063C (0x30200073) mret
CSR mstatus <- 0x0000000A00000088
ret-ing from M to S

mem[X,0x0080000000000640] -> 0x0797
mem[X,0x0080000000000642] -> 0x0000
[834] [S]: 0x0080000000000640 (0x00000797) auipc a5, 0x0
x15 <- 0x0080000000000640

mem[X,0x0080000000000644] -> 0x8793
mem[X,0x0080000000000646] -> 0x1A87
[835] [S]: 0x0080000000000644 (0x1A878793) addi a5, a5, 0x1a8
x15 <- 0x00800000000007E8

mem[X,0x0080000000000648] -> 0x0013
mem[X,0x008000000000064A] -> 0x0000
[836] [S]: 0x0080000000000648 (0x00000013) addi zero, zero, 0x0

mem[X,0x008000000000064C] -> 0x0013
mem[X,0x008000000000064E] -> 0x0000
[837] [S]: 0x008000000000064C (0x00000013) addi zero, zero, 0x0

mem[X,0x0080000000000650] -> 0x0013
mem[X,0x0080000000000652] -> 0x0000
[838] [S]: 0x0080000000000650 (0x00000013) addi zero, zero, 0x0

mem[X,0x0080000000000654] -> 0x0013
mem[X,0x0080000000000656] -> 0x0000
[839] [S]: 0x0080000000000654 (0x00000013) addi zero, zero, 0x0

mem[X,0x0080000000000658] -> 0x0013
mem[X,0x008000000000065A] -> 0x0000
[840] [S]: 0x0080000000000658 (0x00000013) addi zero, zero, 0x0

mem[X,0x008000000000065C] -> 0x0013
mem[X,0x008000000000065E] -> 0x0000
[841] [S]: 0x008000000000065C (0x00000013) addi zero, zero, 0x0

mem[X,0x0080000000000660] -> 0x0713
mem[X,0x0080000000000662] -> 0x0130
[842] [S]: 0x0080000000000660 (0x01300713) addi a4, zero, 0x13
x14 <- 0x0000000000000013

mem[X,0x0080000000000664] -> 0x8023
mem[X,0x0080000000000666] -> 0x00E7
[843] [S]: 0x0080000000000664 (0x00E78023) sb a4, 0x0(a5)
mem[0x00800000000007E8] <- 0x13

mem[X,0x0080000000000668] -> 0x0013
mem[X,0x008000000000066A] -> 0x0000
[844] [S]: 0x0080000000000668 (0x00000013) addi zero, zero, 0x0

mem[X,0x008000000000066C] -> 0x0013
mem[X,0x008000000000066E] -> 0x0000
[845] [S]: 0x008000000000066C (0x00000013) addi zero, zero, 0x0

mem[X,0x0080000000000670] -> 0x9023
mem[X,0x0080000000000672] -> 0x00E7
[846] [S]: 0x0080000000000670 (0x00E79023) sh a4, 0x0(a5)
mem[0x00800000000007E8] <- 0x0013

mem[X,0x0080000000000674] -> 0x0013
mem[X,0x0080000000000676] -> 0x0000
[847] [S]: 0x0080000000000674 (0x00000013) addi zero, zero, 0x0

mem[X,0x0080000000000678] -> 0x0013
mem[X,0x008000000000067A] -> 0x0000
[848] [S]: 0x0080000000000678 (0x00000013) addi zero, zero, 0x0

mem[X,0x008000000000067C] -> 0xA023
mem[X,0x008000000000067E] -> 0x00E7
[849] [S]: 0x008000000000067C (0x00E7A023) sw a4, 0x0(a5)
mem[0x00800000000007E8] <- 0x00000013

mem[X,0x0080000000000680] -> 0x0013
mem[X,0x0080000000000682] -> 0x0000
[850] [S]: 0x0080000000000680 (0x00000013) addi zero, zero, 0x0

mem[X,0x0080000000000684] -> 0x0013
mem[X,0x0080000000000686] -> 0x0000
[851] [S]: 0x0080000000000684 (0x00000013) addi zero, zero, 0x0

mem[X,0x0080000000000688] -> 0xB023
mem[X,0x008000000000068A] -> 0x00E7
[852] [S]: 0x0080000000000688 (0x00E7B023) sd a4, 0x0(a5)
trapping from S to M to handle store/amo-access-fault
handling exc#0x07 at priv M with tval 0x00800000000007E8
CSR mstatus <- 0x0000000A00000880

mem[X,0x0080000000000900] -> 0x006F
mem[X,0x0080000000000902] -> 0x1000
[853] [M]: 0x0080000000000900 (0x1000006F) jal zero, 0x100

mem[X,0x0080000000000A00] -> 0x1173
mem[X,0x0080000000000A02] -> 0x3401
[854] [M]: 0x0080000000000A00 (0x34011173) csrrw sp, mscratch, sp
CSR mscratch <- 0x0080000000003000 (input: 0x0080000000003000)
x2 <- 0x0080000000003000

mem[X,0x0080000000000A04] -> 0x3423
mem[X,0x0080000000000A06] -> 0x28B1
[855] [M]: 0x0080000000000A04 (0x28B13423) sd a1, 0x288(sp)
mem[0x0080000000003288] <- 0x0000000000000000

mem[X,0x0080000000000A08] -> 0x05EF
mem[X,0x0080000000000A0A] -> 0x0B80
[856] [M]: 0x0080000000000A08 (0x0B8005EF) jal a1, 0xb8
x11 <- 0x0080000000000A0C

mem[X,0x0080000000000AC0] -> 0x3023
mem[X,0x0080000000000AC2] -> 0x28A1
[857] [M]: 0x0080000000000AC0 (0x28A13023) sd a0, 0x280(sp)
mem[0x0080000000003280] <- 0x0000000000000001

mem[X,0x0080000000000AC4] -> 0x1573
mem[X,0x0080000000000AC6] -> 0x3401
[858] [M]: 0x0080000000000AC4 (0x34011573) csrrw a0, mscratch, sp
CSR mscratch <- 0x0080000000003000 (input: 0x0080000000003000)
x10 <- 0x0080000000003000

mem[X,0x0080000000000AC8] -> 0x3823
mem[X,0x0080000000000ACA] -> 0x28A1
[859] [M]: 0x0080000000000AC8 (0x28A13823) sd a0, 0x290(sp)
mem[0x0080000000003290] <- 0x0080000000003000

mem[X,0x0080000000000ACC] -> 0x3503
mem[X,0x0080000000000ACE] -> 0x2301
[860] [M]: 0x0080000000000ACC (0x23013503) ld a0, 0x230(sp)
mem[R,0x0080000000003230] -> 0x0080000000000AD4
x10 <- 0x0080000000000AD4

mem[X,0x0080000000000AD0] -> 0x0067
mem[X,0x0080000000000AD2] -> 0x0005
[861] [M]: 0x0080000000000AD0 (0x00050067) jalr zero, 0x0(a0)

mem[X,0x0080000000000AD4] -> 0x3C23
mem[X,0x0080000000000AD6] -> 0x2691
[862] [M]: 0x0080000000000AD4 (0x26913C23) sd s1, 0x278(sp)
mem[0x0080000000003278] <- 0x00800000000007F0

mem[X,0x0080000000000AD8] -> 0x3823
mem[X,0x0080000000000ADA] -> 0x2681
[863] [M]: 0x0080000000000AD8 (0x26813823) sd fp, 0x270(sp)
mem[0x0080000000003270] <- 0x0000000000007F76

mem[X,0x0080000000000ADC] -> 0x3423
mem[X,0x0080000000000ADE] -> 0x2671
[864] [M]: 0x0080000000000ADC (0x26713423) sd t2, 0x268(sp)
mem[0x0080000000003268] <- 0x00000000003FBB6F

mem[X,0x0080000000000AE0] -> 0x3023
mem[X,0x0080000000000AE2] -> 0x2661
[865] [M]: 0x0080000000000AE0 (0x26613023) sd t1, 0x260(sp)
mem[0x0080000000003260] <- 0x0000000000000010

mem[X,0x0080000000000AE4] -> 0x2573
mem[X,0x0080000000000AE6] -> 0x3420
[866] [M]: 0x0080000000000AE4 (0x34202573) csrrs a0, mcause, zero
CSR mcause -> 0x0000000000000007
x10 <- 0x0000000000000007

mem[X,0x0080000000000AE8] -> 0x04B7
mem[X,0x0080000000000AEA] -> 0x8000
[867] [M]: 0x0080000000000AE8 (0x800004B7) lui s1, -0x80000
x9 <- 0xFFFFFFFF80000000

mem[X,0x0080000000000AEC] -> 0x8493
mem[X,0x0080000000000AEE] -> 0x0004
[868] [M]: 0x0080000000000AEC (0x00048493) addi s1, s1, 0x0
x9 <- 0xFFFFFFFF80000000

mem[X,0x0080000000000AF0] -> 0x9493
mem[X,0x0080000000000AF2] -> 0x00B4
[869] [M]: 0x0080000000000AF0 (0x00B49493) slli s1, s1, 0xb
x9 <- 0xFFFFFC0000000000

mem[X,0x0080000000000AF4] -> 0x8493
mem[X,0x0080000000000AF6] -> 0x0004
[870] [M]: 0x0080000000000AF4 (0x00048493) addi s1, s1, 0x0
x9 <- 0xFFFFFC0000000000

mem[X,0x0080000000000AF8] -> 0x9493
mem[X,0x0080000000000AFA] -> 0x00B4
[871] [M]: 0x0080000000000AF8 (0x00B49493) slli s1, s1, 0xb
x9 <- 0xFFE0000000000000

mem[X,0x0080000000000AFC] -> 0x8493
mem[X,0x0080000000000AFE] -> 0x0034
[872] [M]: 0x0080000000000AFC (0x00348493) addi s1, s1, 0x3
x9 <- 0xFFE0000000000003

mem[X,0x0080000000000B00] -> 0x9493
mem[X,0x0080000000000B02] -> 0x00A4
[873] [M]: 0x0080000000000B00 (0x00A49493) slli s1, s1, 0xa
x9 <- 0x8000000000000C00

mem[X,0x0080000000000B04] -> 0x8493
mem[X,0x0080000000000B06] -> 0x3FC4
[874] [M]: 0x0080000000000B04 (0x3FC48493) addi s1, s1, 0x3fc
x9 <- 0x8000000000000FFC

mem[X,0x0080000000000B08] -> 0xF4B3
mem[X,0x0080000000000B0A] -> 0x00A4
[875] [M]: 0x0080000000000B08 (0x00A4F4B3) and s1, s1, a0
x9 <- 0x0000000000000004

mem[X,0x0080000000000B0C] -> 0x8493
mem[X,0x0080000000000B0E] -> 0xFF84
[876] [M]: 0x0080000000000B0C (0xFF848493) addi s1, s1, -0x8
x9 <- 0xFFFFFFFFFFFFFFFC

mem[X,0x0080000000000B10] -> 0x9663
mem[X,0x0080000000000B12] -> 0x0004
[877] [M]: 0x0080000000000B10 (0x00049663) bne s1, zero, 0xc

mem[X,0x0080000000000B1C] -> 0x0393
mem[X,0x0080000000000B1E] -> 0x0200
[878] [M]: 0x0080000000000B1C (0x02000393) addi t2, zero, 0x20
x7 <- 0x0000000000000020

mem[X,0x0080000000000B20] -> 0x5263
mem[X,0x0080000000000B22] -> 0x0405
[879] [M]: 0x0080000000000B20 (0x04055263) bge a0, zero, 0x44

mem[X,0x0080000000000B64] -> 0x2373
mem[X,0x0080000000000B66] -> 0x3010
[880] [M]: 0x0080000000000B64 (0x30102373) csrrs t1, misa, zero
CSR misa -> 0x800000000034112D
x6 <- 0x800000000034112D

mem[X,0x0080000000000B68] -> 0x1313
mem[X,0x0080000000000B6A] -> 0x0383
[881] [M]: 0x0080000000000B68 (0x03831313) slli t1, t1, 0x38
x6 <- 0x2D00000000000000

mem[X,0x0080000000000B6C] -> 0x5463
mem[X,0x0080000000000B6E] -> 0x0003
[882] [M]: 0x0080000000000B6C (0x00035463) bge t1, zero, 0x8

mem[X,0x0080000000000B74] -> 0x3303
mem[X,0x0080000000000B76] -> 0x2181
[883] [M]: 0x0080000000000B74 (0x21813303) ld t1, 0x218(sp)
mem[R,0x0080000000003218] -> 0x00800000000043A0
x6 <- 0x00800000000043A0

mem[X,0x0080000000000B78] -> 0x04B3
mem[X,0x0080000000000B7A] -> 0x0073
[884] [M]: 0x0080000000000B78 (0x007304B3) add s1, t1, t2
x9 <- 0x00800000000043C0

mem[X,0x0080000000000B7C] -> 0x3C23
mem[X,0x0080000000000B7E] -> 0x2091
[885] [M]: 0x0080000000000B7C (0x20913C23) sd s1, 0x218(sp)
mem[0x0080000000003218] <- 0x00800000000043C0

mem[X,0x0080000000000B80] -> 0x3403
mem[X,0x0080000000000B82] -> 0x1F81
[886] [M]: 0x0080000000000B80 (0x1F813403) ld fp, 0x1f8(sp)
mem[R,0x00800000000031F8] -> 0x0080000000004210
x8 <- 0x0080000000004210

mem[X,0x0080000000000B84] -> 0x0333
mem[X,0x0080000000000B86] -> 0x4083
[887] [M]: 0x0080000000000B84 (0x40830333) sub t1, t1, fp
x6 <- 0x0000000000000190

mem[X,0x0080000000000B88] -> 0x3403
mem[X,0x0080000000000B8A] -> 0x1F81
[888] [M]: 0x0080000000000B88 (0x1F813403) ld fp, 0x1f8(sp)
mem[R,0x00800000000031F8] -> 0x0080000000004210
x8 <- 0x0080000000004210

mem[X,0x0080000000000B8C] -> 0x0333
mem[X,0x0080000000000B8E] -> 0x0083
[889] [M]: 0x0080000000000B8C (0x00830333) add t1, t1, fp
x6 <- 0x00800000000043A0

mem[X,0x0080000000000B90] -> 0x3403
mem[X,0x0080000000000B92] -> 0x2401
[890] [M]: 0x0080000000000B90 (0x24013403) ld fp, 0x240(sp)
mem[R,0x0080000000003240] -> 0x0080000000000900
x8 <- 0x0080000000000900

mem[X,0x0080000000000B94] -> 0x85B3
mem[X,0x0080000000000B96] -> 0x4085
[891] [M]: 0x0080000000000B94 (0x408585B3) sub a1, a1, fp
x11 <- 0x000000000000010C

mem[X,0x0080000000000B98] -> 0x9593
mem[X,0x0080000000000B9A] -> 0x0045
[892] [M]: 0x0080000000000B98 (0x00459593) slli a1, a1, 0x4
x11 <- 0x00000000000010C0

mem[X,0x0080000000000B9C] -> 0xE5B3
mem[X,0x0080000000000B9E] -> 0x0075
[893] [M]: 0x0080000000000B9C (0x0075E5B3) or a1, a1, t2
x11 <- 0x00000000000010E0

mem[X,0x0080000000000BA0] -> 0x8593
mem[X,0x0080000000000BA2] -> 0x0035
[894] [M]: 0x0080000000000BA0 (0x00358593) addi a1, a1, 0x3
x11 <- 0x00000000000010E3

mem[X,0x0080000000000BA4] -> 0x3023
mem[X,0x0080000000000BA6] -> 0x00B3
[895] [M]: 0x0080000000000BA4 (0x00B33023) sd a1, 0x0(t1)
mem[0x00800000000043A0] <- 0x00000000000010E3

mem[X,0x0080000000000BA8] -> 0x3423
mem[X,0x0080000000000BAA] -> 0x00A3
[896] [M]: 0x0080000000000BA8 (0x00A33423) sd a0, 0x8(t1)
mem[0x00800000000043A8] <- 0x0000000000000007

mem[X,0x0080000000000BAC] -> 0x4863
mem[X,0x0080000000000BAE] -> 0x1605
[897] [M]: 0x0080000000000BAC (0x16054863) blt a0, zero, 0x170

mem[X,0x0080000000000BB0] -> 0x25F3
mem[X,0x0080000000000BB2] -> 0x3000
[898] [M]: 0x0080000000000BB0 (0x300025F3) csrrs a1, mstatus, zero
CSR mstatus -> 0x0000000A00000880
x11 <- 0x0000000A00000880

mem[X,0x0080000000000BB4] -> 0x9413
mem[X,0x0080000000000BB6] -> 0x02E5
[899] [M]: 0x0080000000000BB4 (0x02E59413) slli fp, a1, 0x2e
x8 <- 0x0220000000000000

clint::tick mtime <- 0x0000000000000009
 clint timer pending at mtime 0x0000000000000009
htif::tick 0x0000000000000000
mem[X,0x0080000000000BB8] -> 0x5463
mem[X,0x0080000000000BBA] -> 0x0004
[900] [M]: 0x0080000000000BB8 (0x00045463) bge fp, zero, 0x8

mem[X,0x0080000000000BC0] -> 0xD493
mem[X,0x0080000000000BC2] -> 0x00B5
[901] [M]: 0x0080000000000BC0 (0x00B5D493) srli s1, a1, 0xb
x9 <- 0x0000000001400001

mem[X,0x0080000000000BC4] -> 0xF493
mem[X,0x0080000000000BC6] -> 0x0034
[902] [M]: 0x0080000000000BC4 (0x0034F493) andi s1, s1, 0x3
x9 <- 0x0000000000000001

mem[X,0x0080000000000BC8] -> 0x8493
mem[X,0x0080000000000BCA] -> 0x0014
[903] [M]: 0x0080000000000BC8 (0x00148493) addi s1, s1, 0x1
x9 <- 0x0000000000000002

mem[X,0x0080000000000BCC] -> 0xF493
mem[X,0x0080000000000BCE] -> 0x0044
[904] [M]: 0x0080000000000BCC (0x0044F493) andi s1, s1, 0x4
x9 <- 0x0000000000000000

mem[X,0x0080000000000BD0] -> 0x0593
mem[X,0x0080000000000BD2] -> 0x05D0
[905] [M]: 0x0080000000000BD0 (0x05D00593) addi a1, zero, 0x5d
x11 <- 0x000000000000005D

mem[X,0x0080000000000BD4] -> 0xD5B3
mem[X,0x0080000000000BD6] -> 0x0095
[906] [M]: 0x0080000000000BD4 (0x0095D5B3) srl a1, a1, s1
x11 <- 0x000000000000005D

mem[X,0x0080000000000BD8] -> 0xF593
mem[X,0x0080000000000BDA] -> 0x0015
[907] [M]: 0x0080000000000BD8 (0x0015F593) andi a1, a1, 0x1
x11 <- 0x0000000000000001

mem[X,0x0080000000000BDC] -> 0x8EE3
mem[X,0x0080000000000BDE] -> 0xF405
[908] [M]: 0x0080000000000BDC (0xF4058EE3) beq a1, zero, -0xa4

mem[X,0x0080000000000BE0] -> 0x0593
mem[X,0x0080000000000BE2] -> 0x2980
[909] [M]: 0x0080000000000BE0 (0x29800593) addi a1, zero, 0x298
x11 <- 0x0000000000000298

mem[X,0x0080000000000BE4] -> 0xF413
mem[X,0x0080000000000BE6] -> 0x0014
[910] [M]: 0x0080000000000BE4 (0x0014F413) andi fp, s1, 0x1
x8 <- 0x0000000000000000

mem[X,0x0080000000000BE8] -> 0x95B3
mem[X,0x0080000000000BEA] -> 0x0085
[911] [M]: 0x0080000000000BE8 (0x008595B3) sll a1, a1, fp
x11 <- 0x0000000000000298

mem[X,0x0080000000000BEC] -> 0x9413
mem[X,0x0080000000000BEE] -> 0x03D4
[912] [M]: 0x0080000000000BEC (0x03D49413) slli fp, s1, 0x3d
x8 <- 0x0000000000000000

mem[X,0x0080000000000BF0] -> 0x5413
mem[X,0x0080000000000BF2] -> 0x43F4
[913] [M]: 0x0080000000000BF0 (0x43F45413) srai fp, fp, 0x3f
x8 <- 0x0000000000000000

mem[X,0x0080000000000BF4] -> 0x4413
mem[X,0x0080000000000BF6] -> 0xFFF4
[914] [M]: 0x0080000000000BF4 (0xFFF44413) xori fp, fp, -0x1
x8 <- 0xFFFFFFFFFFFFFFFF

mem[X,0x0080000000000BF8] -> 0xF4B3
mem[X,0x0080000000000BFA] -> 0x0085
[915] [M]: 0x0080000000000BF8 (0x0085F4B3) and s1, a1, fp
x9 <- 0x0000000000000298

mem[X,0x0080000000000BFC] -> 0x84B3
mem[X,0x0080000000000BFE] -> 0x0024
[916] [M]: 0x0080000000000BFC (0x002484B3) add s1, s1, sp
x9 <- 0x0080000000003298

mem[X,0x0080000000000C00] -> 0x23F3
mem[X,0x0080000000000C02] -> 0x3410
[917] [M]: 0x0080000000000C00 (0x341023F3) csrrs t2, mepc, zero
CSR mepc -> 0x0080000000000688
x7 <- 0x0080000000000688

mem[X,0x0080000000000C04] -> 0xB403
mem[X,0x0080000000000C06] -> 0x2084
[918] [M]: 0x0080000000000C04 (0x2084B403) ld fp, 0x208(s1)
mem[R,0x00800000000034A0] -> 0x008000000000039C
x8 <- 0x008000000000039C

mem[X,0x0080000000000C08] -> 0xB583
mem[X,0x0080000000000C0A] -> 0x2104
[919] [M]: 0x0080000000000C08 (0x2104B583) ld a1, 0x210(s1)
mem[R,0x00800000000034A8] -> 0x0000000000000468
x11 <- 0x0000000000000468

mem[X,0x0080000000000C0C] -> 0x85B3
mem[X,0x0080000000000C0E] -> 0x0085
[920] [M]: 0x0080000000000C0C (0x008585B3) add a1, a1, fp
x11 <- 0x0080000000000804

mem[X,0x0080000000000C10] -> 0xF463
mem[X,0x0080000000000C12] -> 0x00B3
[921] [M]: 0x0080000000000C10 (0x00B3F463) bgeu t2, a1, 0x8

mem[X,0x0080000000000C14] -> 0xF663
mem[X,0x0080000000000C16] -> 0x0283
[922] [M]: 0x0080000000000C14 (0x0283F663) bgeu t2, fp, 0x2c

mem[X,0x0080000000000C40] -> 0x8433
mem[X,0x0080000000000C42] -> 0x4083
[923] [M]: 0x0080000000000C40 (0x40838433) sub fp, t2, fp
x8 <- 0x00000000000002EC

mem[X,0x0080000000000C44] -> 0x3823
mem[X,0x0080000000000C46] -> 0x0083
[924] [M]: 0x0080000000000C44 (0x00833823) sd fp, 0x10(t1)
mem[0x00800000000043B0] <- 0x00000000000002EC

mem[X,0x0080000000000C48] -> 0xF593
mem[X,0x0080000000000C4A] -> 0xFFC3
[925] [M]: 0x0080000000000C48 (0xFFC3F593) andi a1, t2, -0x4
x11 <- 0x0080000000000688

mem[X,0x0080000000000C4C] -> 0x8593
mem[X,0x0080000000000C4E] -> 0x0085
[926] [M]: 0x0080000000000C4C (0x00858593) addi a1, a1, 0x8
x11 <- 0x0080000000000690

mem[X,0x0080000000000C50] -> 0x9073
mem[X,0x0080000000000C52] -> 0x3415
[927] [M]: 0x0080000000000C50 (0x34159073) csrrw zero, mepc, a1
CSR mepc <- 0x0080000000000690 (input: 0x0080000000000690)

mem[X,0x0080000000000C54] -> 0x23F3
mem[X,0x0080000000000C56] -> 0x3430
[928] [M]: 0x0080000000000C54 (0x343023F3) csrrs t2, mtval, zero
CSR mtval -> 0x00800000000007E8
x7 <- 0x00800000000007E8

mem[X,0x0080000000000C58] -> 0x7513
mem[X,0x0080000000000C5A] -> 0x00F5
[929] [M]: 0x0080000000000C58 (0x00F57513) andi a0, a0, 0xf
x10 <- 0x0000000000000007

mem[X,0x0080000000000C5C] -> 0x0437
mem[X,0x0080000000000C5E] -> 0x0000
[930] [M]: 0x0080000000000C5C (0x00000437) lui fp, 0x0
x8 <- 0x0000000000000000

mem[X,0x0080000000000C60] -> 0x0413
mem[X,0x0080000000000C62] -> 0x0004
[931] [M]: 0x0080000000000C60 (0x00040413) addi fp, fp, 0x0
x8 <- 0x0000000000000000

mem[X,0x0080000000000C64] -> 0x1413
mem[X,0x0080000000000C66] -> 0x00B4
[932] [M]: 0x0080000000000C64 (0x00B41413) slli fp, fp, 0xb
x8 <- 0x0000000000000000

mem[X,0x0080000000000C68] -> 0x0413
mem[X,0x0080000000000C6A] -> 0x0004
[933] [M]: 0x0080000000000C68 (0x00040413) addi fp, fp, 0x0
x8 <- 0x0000000000000000

mem[X,0x0080000000000C6C] -> 0x1413
mem[X,0x0080000000000C6E] -> 0x00B4
[934] [M]: 0x0080000000000C6C (0x00B41413) slli fp, fp, 0xb
x8 <- 0x0000000000000000

mem[X,0x0080000000000C70] -> 0x0413
mem[X,0x0080000000000C72] -> 0x02C4
[935] [M]: 0x0080000000000C70 (0x02C40413) addi fp, fp, 0x2c
x8 <- 0x000000000000002C

mem[X,0x0080000000000C74] -> 0x1413
mem[X,0x0080000000000C76] -> 0x00A4
[936] [M]: 0x0080000000000C74 (0x00A41413) slli fp, fp, 0xa
x8 <- 0x000000000000B000

mem[X,0x0080000000000C78] -> 0x0413
mem[X,0x0080000000000C7A] -> 0x0FB4
[937] [M]: 0x0080000000000C78 (0x0FB40413) addi fp, fp, 0xfb
x8 <- 0x000000000000B0FB

mem[X,0x0080000000000C7C] -> 0x5433
mem[X,0x0080000000000C7E] -> 0x00A4
[938] [M]: 0x0080000000000C7C (0x00A45433) srl fp, fp, a0
x8 <- 0x0000000000000161

mem[X,0x0080000000000C80] -> 0x1413
mem[X,0x0080000000000C82] -> 0x03F4
[939] [M]: 0x0080000000000C80 (0x03F41413) slli fp, fp, 0x3f
x8 <- 0x8000000000000000

mem[X,0x0080000000000C84] -> 0x5C63
mem[X,0x0080000000000C86] -> 0x0404
[940] [M]: 0x0080000000000C84 (0x04045C63) bge fp, zero, 0x58

mem[X,0x0080000000000C88] -> 0xB403
mem[X,0x0080000000000C8A] -> 0x2084
[941] [M]: 0x0080000000000C88 (0x2084B403) ld fp, 0x208(s1)
mem[R,0x00800000000034A0] -> 0x008000000000039C
x8 <- 0x008000000000039C

mem[X,0x0080000000000C8C] -> 0xB583
mem[X,0x0080000000000C8E] -> 0x2104
[942] [M]: 0x0080000000000C8C (0x2104B583) ld a1, 0x210(s1)
mem[R,0x00800000000034A8] -> 0x0000000000000468
x11 <- 0x0000000000000468

mem[X,0x0080000000000C90] -> 0x85B3
mem[X,0x0080000000000C92] -> 0x0085
[943] [M]: 0x0080000000000C90 (0x008585B3) add a1, a1, fp
x11 <- 0x0080000000000804

mem[X,0x0080000000000C94] -> 0xF463
mem[X,0x0080000000000C96] -> 0x00B3
[944] [M]: 0x0080000000000C94 (0x00B3F463) bgeu t2, a1, 0x8

mem[X,0x0080000000000C98] -> 0xF063
mem[X,0x0080000000000C9A] -> 0x0483
[945] [M]: 0x0080000000000C98 (0x0483F063) bgeu t2, fp, 0x40

mem[X,0x0080000000000CD8] -> 0x8433
mem[X,0x0080000000000CDA] -> 0x4083
[946] [M]: 0x0080000000000CD8 (0x40838433) sub fp, t2, fp
x8 <- 0x000000000000044C

mem[X,0x0080000000000CDC] -> 0x3C23
mem[X,0x0080000000000CDE] -> 0x0083
[947] [M]: 0x0080000000000CDC (0x00833C23) sd fp, 0x18(t1)
mem[0x00800000000043B8] <- 0x000000000000044C

mem[X,0x0080000000000CE0] -> 0x3483
mem[X,0x0080000000000CE2] -> 0x2181
[948] [M]: 0x0080000000000CE0 (0x21813483) ld s1, 0x218(sp)
mem[R,0x0080000000003218] -> 0x00800000000043C0
x9 <- 0x00800000000043C0

mem[X,0x0080000000000CE4] -> 0x3383
mem[X,0x0080000000000CE6] -> 0x1F81
[949] [M]: 0x0080000000000CE4 (0x1F813383) ld t2, 0x1f8(sp)
mem[R,0x00800000000031F8] -> 0x0080000000004210
x7 <- 0x0080000000004210

mem[X,0x0080000000000CE8] -> 0x3303
mem[X,0x0080000000000CEA] -> 0x2001
[950] [M]: 0x0080000000000CE8 (0x20013303) ld t1, 0x200(sp)
mem[R,0x0080000000003200] -> 0x0000000000000520
x6 <- 0x0000000000000520

mem[X,0x0080000000000CEC] -> 0x0333
mem[X,0x0080000000000CEE] -> 0x0073
[951] [M]: 0x0080000000000CEC (0x00730333) add t1, t1, t2
x6 <- 0x0080000000004730

mem[X,0x0080000000000CF0] -> 0x6EE3
mem[X,0x0080000000000CF2] -> 0xB093
[952] [M]: 0x0080000000000CF0 (0xB0936EE3) bltu t1, s1, -0x4e4

mem[X,0x0080000000000CF4] -> 0x0393
mem[X,0x0080000000000CF6] -> 0x2000
[953] [M]: 0x0080000000000CF4 (0x20000393) addi t2, zero, 0x200
x7 <- 0x0000000000000200

mem[X,0x0080000000000CF8] -> 0x006F
mem[X,0x0080000000000CFA] -> 0x0400
[954] [M]: 0x0080000000000CF8 (0x0400006F) jal zero, 0x40

mem[X,0x0080000000000D38] -> 0x0417
mem[X,0x0080000000000D3A] -> 0x0000
[955] [M]: 0x0080000000000D38 (0x00000417) auipc fp, 0x0
x8 <- 0x0080000000000D38

mem[X,0x0080000000000D3C] -> 0x0413
mem[X,0x0080000000000D3E] -> 0x03C4
[956] [M]: 0x0080000000000D3C (0x03C40413) addi fp, fp, 0x3c
x8 <- 0x0080000000000D74

mem[X,0x0080000000000D40] -> 0x0433
mem[X,0x0080000000000D42] -> 0x0074
[957] [M]: 0x0080000000000D40 (0x00740433) add fp, fp, t2
x8 <- 0x0080000000000F74

mem[X,0x0080000000000D44] -> 0x1393
mem[X,0x0080000000000D46] -> 0x0035
[958] [M]: 0x0080000000000D44 (0x00351393) slli t2, a0, 0x3
x7 <- 0x0000000000000038

mem[X,0x0080000000000D48] -> 0x0433
mem[X,0x0080000000000D4A] -> 0x0074
[959] [M]: 0x0080000000000D48 (0x00740433) add fp, fp, t2
x8 <- 0x0080000000000FAC

mem[X,0x0080000000000D4C] -> 0x7413
mem[X,0x0080000000000D4E] -> 0xFF84
[960] [M]: 0x0080000000000D4C (0xFF847413) andi fp, fp, -0x8
x8 <- 0x0080000000000FA8

mem[X,0x0080000000000D50] -> 0x3403
mem[X,0x0080000000000D52] -> 0x0004
[961] [M]: 0x0080000000000D50 (0x00043403) ld fp, 0x0(fp)
mem[R,0x0080000000000FA8] -> 0x000000000000000F
x8 <- 0x000000000000000F

mem[X,0x0080000000000D54] -> 0x06E3
mem[X,0x0080000000000D56] -> 0xB404
[962] [M]: 0x0080000000000D54 (0xB40406E3) beq fp, zero, -0x4b4

mem[X,0x0080000000000D58] -> 0x1393
mem[X,0x0080000000000D5A] -> 0x03F4
[963] [M]: 0x0080000000000D58 (0x03F41393) slli t2, fp, 0x3f
x7 <- 0x8000000000000000

mem[X,0x0080000000000D5C] -> 0xD863
mem[X,0x0080000000000D5E] -> 0x0003
[964] [M]: 0x0080000000000D5C (0x0003D863) bge t2, zero, 0x10

mem[X,0x0080000000000D60] -> 0x5413
mem[X,0x0080000000000D62] -> 0x0014
[965] [M]: 0x0080000000000D60 (0x00145413) srli fp, fp, 0x1
x8 <- 0x0000000000000007

mem[X,0x0080000000000D64] -> 0x0CE3
mem[X,0x0080000000000D66] -> 0xF885
[966] [M]: 0x0080000000000D64 (0xF8850CE3) beq a0, fp, -0x68

mem[X,0x0080000000000CFC] -> 0x3303
mem[X,0x0080000000000CFE] -> 0x2601
[967] [M]: 0x0080000000000CFC (0x26013303) ld t1, 0x260(sp)
mem[R,0x0080000000003260] -> 0x0000000000000010
x6 <- 0x0000000000000010

mem[X,0x0080000000000D00] -> 0x3383
mem[X,0x0080000000000D02] -> 0x2681
[968] [M]: 0x0080000000000D00 (0x26813383) ld t2, 0x268(sp)
mem[R,0x0080000000003268] -> 0x00000000003FBB6F
x7 <- 0x00000000003FBB6F

mem[X,0x0080000000000D04] -> 0x3403
mem[X,0x0080000000000D06] -> 0x2701
[969] [M]: 0x0080000000000D04 (0x27013403) ld fp, 0x270(sp)
mem[R,0x0080000000003270] -> 0x0000000000007F76
x8 <- 0x0000000000007F76

mem[X,0x0080000000000D08] -> 0x3483
mem[X,0x0080000000000D0A] -> 0x2781
[970] [M]: 0x0080000000000D08 (0x27813483) ld s1, 0x278(sp)
mem[R,0x0080000000003278] -> 0x00800000000007F0
x9 <- 0x00800000000007F0

mem[X,0x0080000000000D0C] -> 0x3503
mem[X,0x0080000000000D0E] -> 0x2801
[971] [M]: 0x0080000000000D0C (0x28013503) ld a0, 0x280(sp)
mem[R,0x0080000000003280] -> 0x0000000000000001
x10 <- 0x0000000000000001

mem[X,0x0080000000000D10] -> 0x3583
mem[X,0x0080000000000D12] -> 0x2881
[972] [M]: 0x0080000000000D10 (0x28813583) ld a1, 0x288(sp)
mem[R,0x0080000000003288] -> 0x0000000000000000
x11 <- 0x0000000000000000

mem[X,0x0080000000000D14] -> 0x3103
mem[X,0x0080000000000D16] -> 0x2901
[973] [M]: 0x0080000000000D14 (0x29013103) ld sp, 0x290(sp)
mem[R,0x0080000000003290] -> 0x0080000000003000
x2 <- 0x0080000000003000

mem[X,0x0080000000000D18] -> 0x0073
mem[X,0x0080000000000D1A] -> 0x3020
[974] [M]: 0x0080000000000D18 (0x30200073) mret
CSR mstatus <- 0x0000000A00000088
ret-ing from M to S

mem[X,0x0080000000000690] -> 0x0013
mem[X,0x0080000000000692] -> 0x0000
[975] [S]: 0x0080000000000690 (0x00000013) addi zero, zero, 0x0

mem[X,0x0080000000000694] -> 0x8703
mem[X,0x0080000000000696] -> 0x0007
[976] [S]: 0x0080000000000694 (0x00078703) lb a4, 0x0(a5)
mem[R,0x00800000000007E8] -> 0x13
x14 <- 0x0000000000000013

mem[X,0x0080000000000698] -> 0x0013
mem[X,0x008000000000069A] -> 0x0000
[977] [S]: 0x0080000000000698 (0x00000013) addi zero, zero, 0x0

mem[X,0x008000000000069C] -> 0x0013
mem[X,0x008000000000069E] -> 0x0000
[978] [S]: 0x008000000000069C (0x00000013) addi zero, zero, 0x0

mem[X,0x00800000000006A0] -> 0xBC23
mem[X,0x00800000000006A2] -> 0x00E6
[979] [S]: 0x00800000000006A0 (0x00E6BC23) sd a4, 0x18(a3)
mem[0x0080000000004230] <- 0x0000000000000013

mem[X,0x00800000000006A4] -> 0x9703
mem[X,0x00800000000006A6] -> 0x0007
[980] [S]: 0x00800000000006A4 (0x00079703) lh a4, 0x0(a5)
mem[R,0x00800000000007E8] -> 0x0013
x14 <- 0x0000000000000013

mem[X,0x00800000000006A8] -> 0x0013
mem[X,0x00800000000006AA] -> 0x0000
[981] [S]: 0x00800000000006A8 (0x00000013) addi zero, zero, 0x0

mem[X,0x00800000000006AC] -> 0x0013
mem[X,0x00800000000006AE] -> 0x0000
[982] [S]: 0x00800000000006AC (0x00000013) addi zero, zero, 0x0

mem[X,0x00800000000006B0] -> 0xB023
mem[X,0x00800000000006B2] -> 0x02E6
[983] [S]: 0x00800000000006B0 (0x02E6B023) sd a4, 0x20(a3)
mem[0x0080000000004238] <- 0x0000000000000013

mem[X,0x00800000000006B4] -> 0xA703
mem[X,0x00800000000006B6] -> 0x0007
[984] [S]: 0x00800000000006B4 (0x0007A703) lw a4, 0x0(a5)
mem[R,0x00800000000007E8] -> 0x00000013
x14 <- 0x0000000000000013

mem[X,0x00800000000006B8] -> 0x0013
mem[X,0x00800000000006BA] -> 0x0000
[985] [S]: 0x00800000000006B8 (0x00000013) addi zero, zero, 0x0

mem[X,0x00800000000006BC] -> 0x0013
mem[X,0x00800000000006BE] -> 0x0000
[986] [S]: 0x00800000000006BC (0x00000013) addi zero, zero, 0x0

mem[X,0x00800000000006C0] -> 0xB703
mem[X,0x00800000000006C2] -> 0x0007
[987] [S]: 0x00800000000006C0 (0x0007B703) ld a4, 0x0(a5)
trapping from S to M to handle load-access-fault
handling exc#0x05 at priv M with tval 0x00800000000007E8
CSR mstatus <- 0x0000000A00000880

mem[X,0x0080000000000900] -> 0x006F
mem[X,0x0080000000000902] -> 0x1000
[988] [M]: 0x0080000000000900 (0x1000006F) jal zero, 0x100

mem[X,0x0080000000000A00] -> 0x1173
mem[X,0x0080000000000A02] -> 0x3401
[989] [M]: 0x0080000000000A00 (0x34011173) csrrw sp, mscratch, sp
CSR mscratch <- 0x0080000000003000 (input: 0x0080000000003000)
x2 <- 0x0080000000003000

mem[X,0x0080000000000A04] -> 0x3423
mem[X,0x0080000000000A06] -> 0x28B1
[990] [M]: 0x0080000000000A04 (0x28B13423) sd a1, 0x288(sp)
mem[0x0080000000003288] <- 0x0000000000000000

mem[X,0x0080000000000A08] -> 0x05EF
mem[X,0x0080000000000A0A] -> 0x0B80
[991] [M]: 0x0080000000000A08 (0x0B8005EF) jal a1, 0xb8
x11 <- 0x0080000000000A0C

mem[X,0x0080000000000AC0] -> 0x3023
mem[X,0x0080000000000AC2] -> 0x28A1
[992] [M]: 0x0080000000000AC0 (0x28A13023) sd a0, 0x280(sp)
mem[0x0080000000003280] <- 0x0000000000000001

mem[X,0x0080000000000AC4] -> 0x1573
mem[X,0x0080000000000AC6] -> 0x3401
[993] [M]: 0x0080000000000AC4 (0x34011573) csrrw a0, mscratch, sp
CSR mscratch <- 0x0080000000003000 (input: 0x0080000000003000)
x10 <- 0x0080000000003000

mem[X,0x0080000000000AC8] -> 0x3823
mem[X,0x0080000000000ACA] -> 0x28A1
[994] [M]: 0x0080000000000AC8 (0x28A13823) sd a0, 0x290(sp)
mem[0x0080000000003290] <- 0x0080000000003000

mem[X,0x0080000000000ACC] -> 0x3503
mem[X,0x0080000000000ACE] -> 0x2301
[995] [M]: 0x0080000000000ACC (0x23013503) ld a0, 0x230(sp)
mem[R,0x0080000000003230] -> 0x0080000000000AD4
x10 <- 0x0080000000000AD4

mem[X,0x0080000000000AD0] -> 0x0067
mem[X,0x0080000000000AD2] -> 0x0005
[996] [M]: 0x0080000000000AD0 (0x00050067) jalr zero, 0x0(a0)

mem[X,0x0080000000000AD4] -> 0x3C23
mem[X,0x0080000000000AD6] -> 0x2691
[997] [M]: 0x0080000000000AD4 (0x26913C23) sd s1, 0x278(sp)
mem[0x0080000000003278] <- 0x00800000000007F0

mem[X,0x0080000000000AD8] -> 0x3823
mem[X,0x0080000000000ADA] -> 0x2681
[998] [M]: 0x0080000000000AD8 (0x26813823) sd fp, 0x270(sp)
mem[0x0080000000003270] <- 0x0000000000007F76

mem[X,0x0080000000000ADC] -> 0x3423
mem[X,0x0080000000000ADE] -> 0x2671
[999] [M]: 0x0080000000000ADC (0x26713423) sd t2, 0x268(sp)
mem[0x0080000000003268] <- 0x00000000003FBB6F

clint::tick mtime <- 0x000000000000000A
 clint timer pending at mtime 0x000000000000000A
htif::tick 0x0000000000000000
mem[X,0x0080000000000AE0] -> 0x3023
mem[X,0x0080000000000AE2] -> 0x2661
[1000] [M]: 0x0080000000000AE0 (0x26613023) sd t1, 0x260(sp)
mem[0x0080000000003260] <- 0x0000000000000010

mem[X,0x0080000000000AE4] -> 0x2573
mem[X,0x0080000000000AE6] -> 0x3420
[1001] [M]: 0x0080000000000AE4 (0x34202573) csrrs a0, mcause, zero
CSR mcause -> 0x0000000000000005
x10 <- 0x0000000000000005

mem[X,0x0080000000000AE8] -> 0x04B7
mem[X,0x0080000000000AEA] -> 0x8000
[1002] [M]: 0x0080000000000AE8 (0x800004B7) lui s1, -0x80000
x9 <- 0xFFFFFFFF80000000

mem[X,0x0080000000000AEC] -> 0x8493
mem[X,0x0080000000000AEE] -> 0x0004
[1003] [M]: 0x0080000000000AEC (0x00048493) addi s1, s1, 0x0
x9 <- 0xFFFFFFFF80000000

mem[X,0x0080000000000AF0] -> 0x9493
mem[X,0x0080000000000AF2] -> 0x00B4
[1004] [M]: 0x0080000000000AF0 (0x00B49493) slli s1, s1, 0xb
x9 <- 0xFFFFFC0000000000

mem[X,0x0080000000000AF4] -> 0x8493
mem[X,0x0080000000000AF6] -> 0x0004
[1005] [M]: 0x0080000000000AF4 (0x00048493) addi s1, s1, 0x0
x9 <- 0xFFFFFC0000000000

mem[X,0x0080000000000AF8] -> 0x9493
mem[X,0x0080000000000AFA] -> 0x00B4
[1006] [M]: 0x0080000000000AF8 (0x00B49493) slli s1, s1, 0xb
x9 <- 0xFFE0000000000000

mem[X,0x0080000000000AFC] -> 0x8493
mem[X,0x0080000000000AFE] -> 0x0034
[1007] [M]: 0x0080000000000AFC (0x00348493) addi s1, s1, 0x3
x9 <- 0xFFE0000000000003

mem[X,0x0080000000000B00] -> 0x9493
mem[X,0x0080000000000B02] -> 0x00A4
[1008] [M]: 0x0080000000000B00 (0x00A49493) slli s1, s1, 0xa
x9 <- 0x8000000000000C00

mem[X,0x0080000000000B04] -> 0x8493
mem[X,0x0080000000000B06] -> 0x3FC4
[1009] [M]: 0x0080000000000B04 (0x3FC48493) addi s1, s1, 0x3fc
x9 <- 0x8000000000000FFC

mem[X,0x0080000000000B08] -> 0xF4B3
mem[X,0x0080000000000B0A] -> 0x00A4
[1010] [M]: 0x0080000000000B08 (0x00A4F4B3) and s1, s1, a0
x9 <- 0x0000000000000004

mem[X,0x0080000000000B0C] -> 0x8493
mem[X,0x0080000000000B0E] -> 0xFF84
[1011] [M]: 0x0080000000000B0C (0xFF848493) addi s1, s1, -0x8
x9 <- 0xFFFFFFFFFFFFFFFC

mem[X,0x0080000000000B10] -> 0x9663
mem[X,0x0080000000000B12] -> 0x0004
[1012] [M]: 0x0080000000000B10 (0x00049663) bne s1, zero, 0xc

mem[X,0x0080000000000B1C] -> 0x0393
mem[X,0x0080000000000B1E] -> 0x0200
[1013] [M]: 0x0080000000000B1C (0x02000393) addi t2, zero, 0x20
x7 <- 0x0000000000000020

mem[X,0x0080000000000B20] -> 0x5263
mem[X,0x0080000000000B22] -> 0x0405
[1014] [M]: 0x0080000000000B20 (0x04055263) bge a0, zero, 0x44

mem[X,0x0080000000000B64] -> 0x2373
mem[X,0x0080000000000B66] -> 0x3010
[1015] [M]: 0x0080000000000B64 (0x30102373) csrrs t1, misa, zero
CSR misa -> 0x800000000034112D
x6 <- 0x800000000034112D

mem[X,0x0080000000000B68] -> 0x1313
mem[X,0x0080000000000B6A] -> 0x0383
[1016] [M]: 0x0080000000000B68 (0x03831313) slli t1, t1, 0x38
x6 <- 0x2D00000000000000

mem[X,0x0080000000000B6C] -> 0x5463
mem[X,0x0080000000000B6E] -> 0x0003
[1017] [M]: 0x0080000000000B6C (0x00035463) bge t1, zero, 0x8

mem[X,0x0080000000000B74] -> 0x3303
mem[X,0x0080000000000B76] -> 0x2181
[1018] [M]: 0x0080000000000B74 (0x21813303) ld t1, 0x218(sp)
mem[R,0x0080000000003218] -> 0x00800000000043C0
x6 <- 0x00800000000043C0

mem[X,0x0080000000000B78] -> 0x04B3
mem[X,0x0080000000000B7A] -> 0x0073
[1019] [M]: 0x0080000000000B78 (0x007304B3) add s1, t1, t2
x9 <- 0x00800000000043E0

mem[X,0x0080000000000B7C] -> 0x3C23
mem[X,0x0080000000000B7E] -> 0x2091
[1020] [M]: 0x0080000000000B7C (0x20913C23) sd s1, 0x218(sp)
mem[0x0080000000003218] <- 0x00800000000043E0

mem[X,0x0080000000000B80] -> 0x3403
mem[X,0x0080000000000B82] -> 0x1F81
[1021] [M]: 0x0080000000000B80 (0x1F813403) ld fp, 0x1f8(sp)
mem[R,0x00800000000031F8] -> 0x0080000000004210
x8 <- 0x0080000000004210

mem[X,0x0080000000000B84] -> 0x0333
mem[X,0x0080000000000B86] -> 0x4083
[1022] [M]: 0x0080000000000B84 (0x40830333) sub t1, t1, fp
x6 <- 0x00000000000001B0

mem[X,0x0080000000000B88] -> 0x3403
mem[X,0x0080000000000B8A] -> 0x1F81
[1023] [M]: 0x0080000000000B88 (0x1F813403) ld fp, 0x1f8(sp)
mem[R,0x00800000000031F8] -> 0x0080000000004210
x8 <- 0x0080000000004210

mem[X,0x0080000000000B8C] -> 0x0333
mem[X,0x0080000000000B8E] -> 0x0083
[1024] [M]: 0x0080000000000B8C (0x00830333) add t1, t1, fp
x6 <- 0x00800000000043C0

mem[X,0x0080000000000B90] -> 0x3403
mem[X,0x0080000000000B92] -> 0x2401
[1025] [M]: 0x0080000000000B90 (0x24013403) ld fp, 0x240(sp)
mem[R,0x0080000000003240] -> 0x0080000000000900
x8 <- 0x0080000000000900

mem[X,0x0080000000000B94] -> 0x85B3
mem[X,0x0080000000000B96] -> 0x4085
[1026] [M]: 0x0080000000000B94 (0x408585B3) sub a1, a1, fp
x11 <- 0x000000000000010C

mem[X,0x0080000000000B98] -> 0x9593
mem[X,0x0080000000000B9A] -> 0x0045
[1027] [M]: 0x0080000000000B98 (0x00459593) slli a1, a1, 0x4
x11 <- 0x00000000000010C0

mem[X,0x0080000000000B9C] -> 0xE5B3
mem[X,0x0080000000000B9E] -> 0x0075
[1028] [M]: 0x0080000000000B9C (0x0075E5B3) or a1, a1, t2
x11 <- 0x00000000000010E0

mem[X,0x0080000000000BA0] -> 0x8593
mem[X,0x0080000000000BA2] -> 0x0035
[1029] [M]: 0x0080000000000BA0 (0x00358593) addi a1, a1, 0x3
x11 <- 0x00000000000010E3

mem[X,0x0080000000000BA4] -> 0x3023
mem[X,0x0080000000000BA6] -> 0x00B3
[1030] [M]: 0x0080000000000BA4 (0x00B33023) sd a1, 0x0(t1)
mem[0x00800000000043C0] <- 0x00000000000010E3

mem[X,0x0080000000000BA8] -> 0x3423
mem[X,0x0080000000000BAA] -> 0x00A3
[1031] [M]: 0x0080000000000BA8 (0x00A33423) sd a0, 0x8(t1)
mem[0x00800000000043C8] <- 0x0000000000000005

mem[X,0x0080000000000BAC] -> 0x4863
mem[X,0x0080000000000BAE] -> 0x1605
[1032] [M]: 0x0080000000000BAC (0x16054863) blt a0, zero, 0x170

mem[X,0x0080000000000BB0] -> 0x25F3
mem[X,0x0080000000000BB2] -> 0x3000
[1033] [M]: 0x0080000000000BB0 (0x300025F3) csrrs a1, mstatus, zero
CSR mstatus -> 0x0000000A00000880
x11 <- 0x0000000A00000880

mem[X,0x0080000000000BB4] -> 0x9413
mem[X,0x0080000000000BB6] -> 0x02E5
[1034] [M]: 0x0080000000000BB4 (0x02E59413) slli fp, a1, 0x2e
x8 <- 0x0220000000000000

mem[X,0x0080000000000BB8] -> 0x5463
mem[X,0x0080000000000BBA] -> 0x0004
[1035] [M]: 0x0080000000000BB8 (0x00045463) bge fp, zero, 0x8

mem[X,0x0080000000000BC0] -> 0xD493
mem[X,0x0080000000000BC2] -> 0x00B5
[1036] [M]: 0x0080000000000BC0 (0x00B5D493) srli s1, a1, 0xb
x9 <- 0x0000000001400001

mem[X,0x0080000000000BC4] -> 0xF493
mem[X,0x0080000000000BC6] -> 0x0034
[1037] [M]: 0x0080000000000BC4 (0x0034F493) andi s1, s1, 0x3
x9 <- 0x0000000000000001

mem[X,0x0080000000000BC8] -> 0x8493
mem[X,0x0080000000000BCA] -> 0x0014
[1038] [M]: 0x0080000000000BC8 (0x00148493) addi s1, s1, 0x1
x9 <- 0x0000000000000002

mem[X,0x0080000000000BCC] -> 0xF493
mem[X,0x0080000000000BCE] -> 0x0044
[1039] [M]: 0x0080000000000BCC (0x0044F493) andi s1, s1, 0x4
x9 <- 0x0000000000000000

mem[X,0x0080000000000BD0] -> 0x0593
mem[X,0x0080000000000BD2] -> 0x05D0
[1040] [M]: 0x0080000000000BD0 (0x05D00593) addi a1, zero, 0x5d
x11 <- 0x000000000000005D

mem[X,0x0080000000000BD4] -> 0xD5B3
mem[X,0x0080000000000BD6] -> 0x0095
[1041] [M]: 0x0080000000000BD4 (0x0095D5B3) srl a1, a1, s1
x11 <- 0x000000000000005D

mem[X,0x0080000000000BD8] -> 0xF593
mem[X,0x0080000000000BDA] -> 0x0015
[1042] [M]: 0x0080000000000BD8 (0x0015F593) andi a1, a1, 0x1
x11 <- 0x0000000000000001

mem[X,0x0080000000000BDC] -> 0x8EE3
mem[X,0x0080000000000BDE] -> 0xF405
[1043] [M]: 0x0080000000000BDC (0xF4058EE3) beq a1, zero, -0xa4

mem[X,0x0080000000000BE0] -> 0x0593
mem[X,0x0080000000000BE2] -> 0x2980
[1044] [M]: 0x0080000000000BE0 (0x29800593) addi a1, zero, 0x298
x11 <- 0x0000000000000298

mem[X,0x0080000000000BE4] -> 0xF413
mem[X,0x0080000000000BE6] -> 0x0014
[1045] [M]: 0x0080000000000BE4 (0x0014F413) andi fp, s1, 0x1
x8 <- 0x0000000000000000

mem[X,0x0080000000000BE8] -> 0x95B3
mem[X,0x0080000000000BEA] -> 0x0085
[1046] [M]: 0x0080000000000BE8 (0x008595B3) sll a1, a1, fp
x11 <- 0x0000000000000298

mem[X,0x0080000000000BEC] -> 0x9413
mem[X,0x0080000000000BEE] -> 0x03D4
[1047] [M]: 0x0080000000000BEC (0x03D49413) slli fp, s1, 0x3d
x8 <- 0x0000000000000000

mem[X,0x0080000000000BF0] -> 0x5413
mem[X,0x0080000000000BF2] -> 0x43F4
[1048] [M]: 0x0080000000000BF0 (0x43F45413) srai fp, fp, 0x3f
x8 <- 0x0000000000000000

mem[X,0x0080000000000BF4] -> 0x4413
mem[X,0x0080000000000BF6] -> 0xFFF4
[1049] [M]: 0x0080000000000BF4 (0xFFF44413) xori fp, fp, -0x1
x8 <- 0xFFFFFFFFFFFFFFFF

mem[X,0x0080000000000BF8] -> 0xF4B3
mem[X,0x0080000000000BFA] -> 0x0085
[1050] [M]: 0x0080000000000BF8 (0x0085F4B3) and s1, a1, fp
x9 <- 0x0000000000000298

mem[X,0x0080000000000BFC] -> 0x84B3
mem[X,0x0080000000000BFE] -> 0x0024
[1051] [M]: 0x0080000000000BFC (0x002484B3) add s1, s1, sp
x9 <- 0x0080000000003298

mem[X,0x0080000000000C00] -> 0x23F3
mem[X,0x0080000000000C02] -> 0x3410
[1052] [M]: 0x0080000000000C00 (0x341023F3) csrrs t2, mepc, zero
CSR mepc -> 0x00800000000006C0
x7 <- 0x00800000000006C0

mem[X,0x0080000000000C04] -> 0xB403
mem[X,0x0080000000000C06] -> 0x2084
[1053] [M]: 0x0080000000000C04 (0x2084B403) ld fp, 0x208(s1)
mem[R,0x00800000000034A0] -> 0x008000000000039C
x8 <- 0x008000000000039C

mem[X,0x0080000000000C08] -> 0xB583
mem[X,0x0080000000000C0A] -> 0x2104
[1054] [M]: 0x0080000000000C08 (0x2104B583) ld a1, 0x210(s1)
mem[R,0x00800000000034A8] -> 0x0000000000000468
x11 <- 0x0000000000000468

mem[X,0x0080000000000C0C] -> 0x85B3
mem[X,0x0080000000000C0E] -> 0x0085
[1055] [M]: 0x0080000000000C0C (0x008585B3) add a1, a1, fp
x11 <- 0x0080000000000804

mem[X,0x0080000000000C10] -> 0xF463
mem[X,0x0080000000000C12] -> 0x00B3
[1056] [M]: 0x0080000000000C10 (0x00B3F463) bgeu t2, a1, 0x8

mem[X,0x0080000000000C14] -> 0xF663
mem[X,0x0080000000000C16] -> 0x0283
[1057] [M]: 0x0080000000000C14 (0x0283F663) bgeu t2, fp, 0x2c

mem[X,0x0080000000000C40] -> 0x8433
mem[X,0x0080000000000C42] -> 0x4083
[1058] [M]: 0x0080000000000C40 (0x40838433) sub fp, t2, fp
x8 <- 0x0000000000000324

mem[X,0x0080000000000C44] -> 0x3823
mem[X,0x0080000000000C46] -> 0x0083
[1059] [M]: 0x0080000000000C44 (0x00833823) sd fp, 0x10(t1)
mem[0x00800000000043D0] <- 0x0000000000000324

mem[X,0x0080000000000C48] -> 0xF593
mem[X,0x0080000000000C4A] -> 0xFFC3
[1060] [M]: 0x0080000000000C48 (0xFFC3F593) andi a1, t2, -0x4
x11 <- 0x00800000000006C0

mem[X,0x0080000000000C4C] -> 0x8593
mem[X,0x0080000000000C4E] -> 0x0085
[1061] [M]: 0x0080000000000C4C (0x00858593) addi a1, a1, 0x8
x11 <- 0x00800000000006C8

mem[X,0x0080000000000C50] -> 0x9073
mem[X,0x0080000000000C52] -> 0x3415
[1062] [M]: 0x0080000000000C50 (0x34159073) csrrw zero, mepc, a1
CSR mepc <- 0x00800000000006C8 (input: 0x00800000000006C8)

mem[X,0x0080000000000C54] -> 0x23F3
mem[X,0x0080000000000C56] -> 0x3430
[1063] [M]: 0x0080000000000C54 (0x343023F3) csrrs t2, mtval, zero
CSR mtval -> 0x00800000000007E8
x7 <- 0x00800000000007E8

mem[X,0x0080000000000C58] -> 0x7513
mem[X,0x0080000000000C5A] -> 0x00F5
[1064] [M]: 0x0080000000000C58 (0x00F57513) andi a0, a0, 0xf
x10 <- 0x0000000000000005

mem[X,0x0080000000000C5C] -> 0x0437
mem[X,0x0080000000000C5E] -> 0x0000
[1065] [M]: 0x0080000000000C5C (0x00000437) lui fp, 0x0
x8 <- 0x0000000000000000

mem[X,0x0080000000000C60] -> 0x0413
mem[X,0x0080000000000C62] -> 0x0004
[1066] [M]: 0x0080000000000C60 (0x00040413) addi fp, fp, 0x0
x8 <- 0x0000000000000000

mem[X,0x0080000000000C64] -> 0x1413
mem[X,0x0080000000000C66] -> 0x00B4
[1067] [M]: 0x0080000000000C64 (0x00B41413) slli fp, fp, 0xb
x8 <- 0x0000000000000000

mem[X,0x0080000000000C68] -> 0x0413
mem[X,0x0080000000000C6A] -> 0x0004
[1068] [M]: 0x0080000000000C68 (0x00040413) addi fp, fp, 0x0
x8 <- 0x0000000000000000

mem[X,0x0080000000000C6C] -> 0x1413
mem[X,0x0080000000000C6E] -> 0x00B4
[1069] [M]: 0x0080000000000C6C (0x00B41413) slli fp, fp, 0xb
x8 <- 0x0000000000000000

mem[X,0x0080000000000C70] -> 0x0413
mem[X,0x0080000000000C72] -> 0x02C4
[1070] [M]: 0x0080000000000C70 (0x02C40413) addi fp, fp, 0x2c
x8 <- 0x000000000000002C

mem[X,0x0080000000000C74] -> 0x1413
mem[X,0x0080000000000C76] -> 0x00A4
[1071] [M]: 0x0080000000000C74 (0x00A41413) slli fp, fp, 0xa
x8 <- 0x000000000000B000

mem[X,0x0080000000000C78] -> 0x0413
mem[X,0x0080000000000C7A] -> 0x0FB4
[1072] [M]: 0x0080000000000C78 (0x0FB40413) addi fp, fp, 0xfb
x8 <- 0x000000000000B0FB

mem[X,0x0080000000000C7C] -> 0x5433
mem[X,0x0080000000000C7E] -> 0x00A4
[1073] [M]: 0x0080000000000C7C (0x00A45433) srl fp, fp, a0
x8 <- 0x0000000000000587

mem[X,0x0080000000000C80] -> 0x1413
mem[X,0x0080000000000C82] -> 0x03F4
[1074] [M]: 0x0080000000000C80 (0x03F41413) slli fp, fp, 0x3f
x8 <- 0x8000000000000000

mem[X,0x0080000000000C84] -> 0x5C63
mem[X,0x0080000000000C86] -> 0x0404
[1075] [M]: 0x0080000000000C84 (0x04045C63) bge fp, zero, 0x58

mem[X,0x0080000000000C88] -> 0xB403
mem[X,0x0080000000000C8A] -> 0x2084
[1076] [M]: 0x0080000000000C88 (0x2084B403) ld fp, 0x208(s1)
mem[R,0x00800000000034A0] -> 0x008000000000039C
x8 <- 0x008000000000039C

mem[X,0x0080000000000C8C] -> 0xB583
mem[X,0x0080000000000C8E] -> 0x2104
[1077] [M]: 0x0080000000000C8C (0x2104B583) ld a1, 0x210(s1)
mem[R,0x00800000000034A8] -> 0x0000000000000468
x11 <- 0x0000000000000468

mem[X,0x0080000000000C90] -> 0x85B3
mem[X,0x0080000000000C92] -> 0x0085
[1078] [M]: 0x0080000000000C90 (0x008585B3) add a1, a1, fp
x11 <- 0x0080000000000804

mem[X,0x0080000000000C94] -> 0xF463
mem[X,0x0080000000000C96] -> 0x00B3
[1079] [M]: 0x0080000000000C94 (0x00B3F463) bgeu t2, a1, 0x8

mem[X,0x0080000000000C98] -> 0xF063
mem[X,0x0080000000000C9A] -> 0x0483
[1080] [M]: 0x0080000000000C98 (0x0483F063) bgeu t2, fp, 0x40

mem[X,0x0080000000000CD8] -> 0x8433
mem[X,0x0080000000000CDA] -> 0x4083
[1081] [M]: 0x0080000000000CD8 (0x40838433) sub fp, t2, fp
x8 <- 0x000000000000044C

mem[X,0x0080000000000CDC] -> 0x3C23
mem[X,0x0080000000000CDE] -> 0x0083
[1082] [M]: 0x0080000000000CDC (0x00833C23) sd fp, 0x18(t1)
mem[0x00800000000043D8] <- 0x000000000000044C

mem[X,0x0080000000000CE0] -> 0x3483
mem[X,0x0080000000000CE2] -> 0x2181
[1083] [M]: 0x0080000000000CE0 (0x21813483) ld s1, 0x218(sp)
mem[R,0x0080000000003218] -> 0x00800000000043E0
x9 <- 0x00800000000043E0

mem[X,0x0080000000000CE4] -> 0x3383
mem[X,0x0080000000000CE6] -> 0x1F81
[1084] [M]: 0x0080000000000CE4 (0x1F813383) ld t2, 0x1f8(sp)
mem[R,0x00800000000031F8] -> 0x0080000000004210
x7 <- 0x0080000000004210

mem[X,0x0080000000000CE8] -> 0x3303
mem[X,0x0080000000000CEA] -> 0x2001
[1085] [M]: 0x0080000000000CE8 (0x20013303) ld t1, 0x200(sp)
mem[R,0x0080000000003200] -> 0x0000000000000520
x6 <- 0x0000000000000520

mem[X,0x0080000000000CEC] -> 0x0333
mem[X,0x0080000000000CEE] -> 0x0073
[1086] [M]: 0x0080000000000CEC (0x00730333) add t1, t1, t2
x6 <- 0x0080000000004730

mem[X,0x0080000000000CF0] -> 0x6EE3
mem[X,0x0080000000000CF2] -> 0xB093
[1087] [M]: 0x0080000000000CF0 (0xB0936EE3) bltu t1, s1, -0x4e4

mem[X,0x0080000000000CF4] -> 0x0393
mem[X,0x0080000000000CF6] -> 0x2000
[1088] [M]: 0x0080000000000CF4 (0x20000393) addi t2, zero, 0x200
x7 <- 0x0000000000000200

mem[X,0x0080000000000CF8] -> 0x006F
mem[X,0x0080000000000CFA] -> 0x0400
[1089] [M]: 0x0080000000000CF8 (0x0400006F) jal zero, 0x40

mem[X,0x0080000000000D38] -> 0x0417
mem[X,0x0080000000000D3A] -> 0x0000
[1090] [M]: 0x0080000000000D38 (0x00000417) auipc fp, 0x0
x8 <- 0x0080000000000D38

mem[X,0x0080000000000D3C] -> 0x0413
mem[X,0x0080000000000D3E] -> 0x03C4
[1091] [M]: 0x0080000000000D3C (0x03C40413) addi fp, fp, 0x3c
x8 <- 0x0080000000000D74

mem[X,0x0080000000000D40] -> 0x0433
mem[X,0x0080000000000D42] -> 0x0074
[1092] [M]: 0x0080000000000D40 (0x00740433) add fp, fp, t2
x8 <- 0x0080000000000F74

mem[X,0x0080000000000D44] -> 0x1393
mem[X,0x0080000000000D46] -> 0x0035
[1093] [M]: 0x0080000000000D44 (0x00351393) slli t2, a0, 0x3
x7 <- 0x0000000000000028

mem[X,0x0080000000000D48] -> 0x0433
mem[X,0x0080000000000D4A] -> 0x0074
[1094] [M]: 0x0080000000000D48 (0x00740433) add fp, fp, t2
x8 <- 0x0080000000000F9C

mem[X,0x0080000000000D4C] -> 0x7413
mem[X,0x0080000000000D4E] -> 0xFF84
[1095] [M]: 0x0080000000000D4C (0xFF847413) andi fp, fp, -0x8
x8 <- 0x0080000000000F98

mem[X,0x0080000000000D50] -> 0x3403
mem[X,0x0080000000000D52] -> 0x0004
[1096] [M]: 0x0080000000000D50 (0x00043403) ld fp, 0x0(fp)
mem[R,0x0080000000000F98] -> 0x000000000000000B
x8 <- 0x000000000000000B

mem[X,0x0080000000000D54] -> 0x06E3
mem[X,0x0080000000000D56] -> 0xB404
[1097] [M]: 0x0080000000000D54 (0xB40406E3) beq fp, zero, -0x4b4

mem[X,0x0080000000000D58] -> 0x1393
mem[X,0x0080000000000D5A] -> 0x03F4
[1098] [M]: 0x0080000000000D58 (0x03F41393) slli t2, fp, 0x3f
x7 <- 0x8000000000000000

mem[X,0x0080000000000D5C] -> 0xD863
mem[X,0x0080000000000D5E] -> 0x0003
[1099] [M]: 0x0080000000000D5C (0x0003D863) bge t2, zero, 0x10

clint::tick mtime <- 0x000000000000000B
 clint timer pending at mtime 0x000000000000000B
htif::tick 0x0000000000000000
mem[X,0x0080000000000D60] -> 0x5413
mem[X,0x0080000000000D62] -> 0x0014
[1100] [M]: 0x0080000000000D60 (0x00145413) srli fp, fp, 0x1
x8 <- 0x0000000000000005

mem[X,0x0080000000000D64] -> 0x0CE3
mem[X,0x0080000000000D66] -> 0xF885
[1101] [M]: 0x0080000000000D64 (0xF8850CE3) beq a0, fp, -0x68

mem[X,0x0080000000000CFC] -> 0x3303
mem[X,0x0080000000000CFE] -> 0x2601
[1102] [M]: 0x0080000000000CFC (0x26013303) ld t1, 0x260(sp)
mem[R,0x0080000000003260] -> 0x0000000000000010
x6 <- 0x0000000000000010

mem[X,0x0080000000000D00] -> 0x3383
mem[X,0x0080000000000D02] -> 0x2681
[1103] [M]: 0x0080000000000D00 (0x26813383) ld t2, 0x268(sp)
mem[R,0x0080000000003268] -> 0x00000000003FBB6F
x7 <- 0x00000000003FBB6F

mem[X,0x0080000000000D04] -> 0x3403
mem[X,0x0080000000000D06] -> 0x2701
[1104] [M]: 0x0080000000000D04 (0x27013403) ld fp, 0x270(sp)
mem[R,0x0080000000003270] -> 0x0000000000007F76
x8 <- 0x0000000000007F76

mem[X,0x0080000000000D08] -> 0x3483
mem[X,0x0080000000000D0A] -> 0x2781
[1105] [M]: 0x0080000000000D08 (0x27813483) ld s1, 0x278(sp)
mem[R,0x0080000000003278] -> 0x00800000000007F0
x9 <- 0x00800000000007F0

mem[X,0x0080000000000D0C] -> 0x3503
mem[X,0x0080000000000D0E] -> 0x2801
[1106] [M]: 0x0080000000000D0C (0x28013503) ld a0, 0x280(sp)
mem[R,0x0080000000003280] -> 0x0000000000000001
x10 <- 0x0000000000000001

mem[X,0x0080000000000D10] -> 0x3583
mem[X,0x0080000000000D12] -> 0x2881
[1107] [M]: 0x0080000000000D10 (0x28813583) ld a1, 0x288(sp)
mem[R,0x0080000000003288] -> 0x0000000000000000
x11 <- 0x0000000000000000

mem[X,0x0080000000000D14] -> 0x3103
mem[X,0x0080000000000D16] -> 0x2901
[1108] [M]: 0x0080000000000D14 (0x29013103) ld sp, 0x290(sp)
mem[R,0x0080000000003290] -> 0x0080000000003000
x2 <- 0x0080000000003000

mem[X,0x0080000000000D18] -> 0x0073
mem[X,0x0080000000000D1A] -> 0x3020
[1109] [M]: 0x0080000000000D18 (0x30200073) mret
CSR mstatus <- 0x0000000A00000088
ret-ing from M to S

mem[X,0x00800000000006C8] -> 0x0013
mem[X,0x00800000000006CA] -> 0x0000
[1110] [S]: 0x00800000000006C8 (0x00000013) addi zero, zero, 0x0

mem[X,0x00800000000006CC] -> 0xB423
mem[X,0x00800000000006CE] -> 0x02E6
[1111] [S]: 0x00800000000006CC (0x02E6B423) sd a4, 0x28(a3)
mem[0x0080000000004240] <- 0x0000000000000013

mem[X,0x00800000000006D0] -> 0x00EF
mem[X,0x00800000000006D2] -> 0x1180
[1112] [S]: 0x00800000000006D0 (0x118000EF) jal ra, 0x118
x1 <- 0x00800000000006D4

trapping from S to M to handle fetch-access-fault
handling exc#0x01 at priv M with tval 0x00800000000007E8
CSR mstatus <- 0x0000000A00000880
mem[X,0x0080000000000900] -> 0x006F
mem[X,0x0080000000000902] -> 0x1000
[1113] [M]: 0x0080000000000900 (0x1000006F) jal zero, 0x100

mem[X,0x0080000000000A00] -> 0x1173
mem[X,0x0080000000000A02] -> 0x3401
[1114] [M]: 0x0080000000000A00 (0x34011173) csrrw sp, mscratch, sp
CSR mscratch <- 0x0080000000003000 (input: 0x0080000000003000)
x2 <- 0x0080000000003000

mem[X,0x0080000000000A04] -> 0x3423
mem[X,0x0080000000000A06] -> 0x28B1
[1115] [M]: 0x0080000000000A04 (0x28B13423) sd a1, 0x288(sp)
mem[0x0080000000003288] <- 0x0000000000000000

mem[X,0x0080000000000A08] -> 0x05EF
mem[X,0x0080000000000A0A] -> 0x0B80
[1116] [M]: 0x0080000000000A08 (0x0B8005EF) jal a1, 0xb8
x11 <- 0x0080000000000A0C

mem[X,0x0080000000000AC0] -> 0x3023
mem[X,0x0080000000000AC2] -> 0x28A1
[1117] [M]: 0x0080000000000AC0 (0x28A13023) sd a0, 0x280(sp)
mem[0x0080000000003280] <- 0x0000000000000001

mem[X,0x0080000000000AC4] -> 0x1573
mem[X,0x0080000000000AC6] -> 0x3401
[1118] [M]: 0x0080000000000AC4 (0x34011573) csrrw a0, mscratch, sp
CSR mscratch <- 0x0080000000003000 (input: 0x0080000000003000)
x10 <- 0x0080000000003000

mem[X,0x0080000000000AC8] -> 0x3823
mem[X,0x0080000000000ACA] -> 0x28A1
[1119] [M]: 0x0080000000000AC8 (0x28A13823) sd a0, 0x290(sp)
mem[0x0080000000003290] <- 0x0080000000003000

mem[X,0x0080000000000ACC] -> 0x3503
mem[X,0x0080000000000ACE] -> 0x2301
[1120] [M]: 0x0080000000000ACC (0x23013503) ld a0, 0x230(sp)
mem[R,0x0080000000003230] -> 0x0080000000000AD4
x10 <- 0x0080000000000AD4

mem[X,0x0080000000000AD0] -> 0x0067
mem[X,0x0080000000000AD2] -> 0x0005
[1121] [M]: 0x0080000000000AD0 (0x00050067) jalr zero, 0x0(a0)

mem[X,0x0080000000000AD4] -> 0x3C23
mem[X,0x0080000000000AD6] -> 0x2691
[1122] [M]: 0x0080000000000AD4 (0x26913C23) sd s1, 0x278(sp)
mem[0x0080000000003278] <- 0x00800000000007F0

mem[X,0x0080000000000AD8] -> 0x3823
mem[X,0x0080000000000ADA] -> 0x2681
[1123] [M]: 0x0080000000000AD8 (0x26813823) sd fp, 0x270(sp)
mem[0x0080000000003270] <- 0x0000000000007F76

mem[X,0x0080000000000ADC] -> 0x3423
mem[X,0x0080000000000ADE] -> 0x2671
[1124] [M]: 0x0080000000000ADC (0x26713423) sd t2, 0x268(sp)
mem[0x0080000000003268] <- 0x00000000003FBB6F

mem[X,0x0080000000000AE0] -> 0x3023
mem[X,0x0080000000000AE2] -> 0x2661
[1125] [M]: 0x0080000000000AE0 (0x26613023) sd t1, 0x260(sp)
mem[0x0080000000003260] <- 0x0000000000000010

mem[X,0x0080000000000AE4] -> 0x2573
mem[X,0x0080000000000AE6] -> 0x3420
[1126] [M]: 0x0080000000000AE4 (0x34202573) csrrs a0, mcause, zero
CSR mcause -> 0x0000000000000001
x10 <- 0x0000000000000001

mem[X,0x0080000000000AE8] -> 0x04B7
mem[X,0x0080000000000AEA] -> 0x8000
[1127] [M]: 0x0080000000000AE8 (0x800004B7) lui s1, -0x80000
x9 <- 0xFFFFFFFF80000000

mem[X,0x0080000000000AEC] -> 0x8493
mem[X,0x0080000000000AEE] -> 0x0004
[1128] [M]: 0x0080000000000AEC (0x00048493) addi s1, s1, 0x0
x9 <- 0xFFFFFFFF80000000

mem[X,0x0080000000000AF0] -> 0x9493
mem[X,0x0080000000000AF2] -> 0x00B4
[1129] [M]: 0x0080000000000AF0 (0x00B49493) slli s1, s1, 0xb
x9 <- 0xFFFFFC0000000000

mem[X,0x0080000000000AF4] -> 0x8493
mem[X,0x0080000000000AF6] -> 0x0004
[1130] [M]: 0x0080000000000AF4 (0x00048493) addi s1, s1, 0x0
x9 <- 0xFFFFFC0000000000

mem[X,0x0080000000000AF8] -> 0x9493
mem[X,0x0080000000000AFA] -> 0x00B4
[1131] [M]: 0x0080000000000AF8 (0x00B49493) slli s1, s1, 0xb
x9 <- 0xFFE0000000000000

mem[X,0x0080000000000AFC] -> 0x8493
mem[X,0x0080000000000AFE] -> 0x0034
[1132] [M]: 0x0080000000000AFC (0x00348493) addi s1, s1, 0x3
x9 <- 0xFFE0000000000003

mem[X,0x0080000000000B00] -> 0x9493
mem[X,0x0080000000000B02] -> 0x00A4
[1133] [M]: 0x0080000000000B00 (0x00A49493) slli s1, s1, 0xa
x9 <- 0x8000000000000C00

mem[X,0x0080000000000B04] -> 0x8493
mem[X,0x0080000000000B06] -> 0x3FC4
[1134] [M]: 0x0080000000000B04 (0x3FC48493) addi s1, s1, 0x3fc
x9 <- 0x8000000000000FFC

mem[X,0x0080000000000B08] -> 0xF4B3
mem[X,0x0080000000000B0A] -> 0x00A4
[1135] [M]: 0x0080000000000B08 (0x00A4F4B3) and s1, s1, a0
x9 <- 0x0000000000000000

mem[X,0x0080000000000B0C] -> 0x8493
mem[X,0x0080000000000B0E] -> 0xFF84
[1136] [M]: 0x0080000000000B0C (0xFF848493) addi s1, s1, -0x8
x9 <- 0xFFFFFFFFFFFFFFF8

mem[X,0x0080000000000B10] -> 0x9663
mem[X,0x0080000000000B12] -> 0x0004
[1137] [M]: 0x0080000000000B10 (0x00049663) bne s1, zero, 0xc

mem[X,0x0080000000000B1C] -> 0x0393
mem[X,0x0080000000000B1E] -> 0x0200
[1138] [M]: 0x0080000000000B1C (0x02000393) addi t2, zero, 0x20
x7 <- 0x0000000000000020

mem[X,0x0080000000000B20] -> 0x5263
mem[X,0x0080000000000B22] -> 0x0405
[1139] [M]: 0x0080000000000B20 (0x04055263) bge a0, zero, 0x44

mem[X,0x0080000000000B64] -> 0x2373
mem[X,0x0080000000000B66] -> 0x3010
[1140] [M]: 0x0080000000000B64 (0x30102373) csrrs t1, misa, zero
CSR misa -> 0x800000000034112D
x6 <- 0x800000000034112D

mem[X,0x0080000000000B68] -> 0x1313
mem[X,0x0080000000000B6A] -> 0x0383
[1141] [M]: 0x0080000000000B68 (0x03831313) slli t1, t1, 0x38
x6 <- 0x2D00000000000000

mem[X,0x0080000000000B6C] -> 0x5463
mem[X,0x0080000000000B6E] -> 0x0003
[1142] [M]: 0x0080000000000B6C (0x00035463) bge t1, zero, 0x8

mem[X,0x0080000000000B74] -> 0x3303
mem[X,0x0080000000000B76] -> 0x2181
[1143] [M]: 0x0080000000000B74 (0x21813303) ld t1, 0x218(sp)
mem[R,0x0080000000003218] -> 0x00800000000043E0
x6 <- 0x00800000000043E0

mem[X,0x0080000000000B78] -> 0x04B3
mem[X,0x0080000000000B7A] -> 0x0073
[1144] [M]: 0x0080000000000B78 (0x007304B3) add s1, t1, t2
x9 <- 0x0080000000004400

mem[X,0x0080000000000B7C] -> 0x3C23
mem[X,0x0080000000000B7E] -> 0x2091
[1145] [M]: 0x0080000000000B7C (0x20913C23) sd s1, 0x218(sp)
mem[0x0080000000003218] <- 0x0080000000004400

mem[X,0x0080000000000B80] -> 0x3403
mem[X,0x0080000000000B82] -> 0x1F81
[1146] [M]: 0x0080000000000B80 (0x1F813403) ld fp, 0x1f8(sp)
mem[R,0x00800000000031F8] -> 0x0080000000004210
x8 <- 0x0080000000004210

mem[X,0x0080000000000B84] -> 0x0333
mem[X,0x0080000000000B86] -> 0x4083
[1147] [M]: 0x0080000000000B84 (0x40830333) sub t1, t1, fp
x6 <- 0x00000000000001D0

mem[X,0x0080000000000B88] -> 0x3403
mem[X,0x0080000000000B8A] -> 0x1F81
[1148] [M]: 0x0080000000000B88 (0x1F813403) ld fp, 0x1f8(sp)
mem[R,0x00800000000031F8] -> 0x0080000000004210
x8 <- 0x0080000000004210

mem[X,0x0080000000000B8C] -> 0x0333
mem[X,0x0080000000000B8E] -> 0x0083
[1149] [M]: 0x0080000000000B8C (0x00830333) add t1, t1, fp
x6 <- 0x00800000000043E0

mem[X,0x0080000000000B90] -> 0x3403
mem[X,0x0080000000000B92] -> 0x2401
[1150] [M]: 0x0080000000000B90 (0x24013403) ld fp, 0x240(sp)
mem[R,0x0080000000003240] -> 0x0080000000000900
x8 <- 0x0080000000000900

mem[X,0x0080000000000B94] -> 0x85B3
mem[X,0x0080000000000B96] -> 0x4085
[1151] [M]: 0x0080000000000B94 (0x408585B3) sub a1, a1, fp
x11 <- 0x000000000000010C

mem[X,0x0080000000000B98] -> 0x9593
mem[X,0x0080000000000B9A] -> 0x0045
[1152] [M]: 0x0080000000000B98 (0x00459593) slli a1, a1, 0x4
x11 <- 0x00000000000010C0

mem[X,0x0080000000000B9C] -> 0xE5B3
mem[X,0x0080000000000B9E] -> 0x0075
[1153] [M]: 0x0080000000000B9C (0x0075E5B3) or a1, a1, t2
x11 <- 0x00000000000010E0

mem[X,0x0080000000000BA0] -> 0x8593
mem[X,0x0080000000000BA2] -> 0x0035
[1154] [M]: 0x0080000000000BA0 (0x00358593) addi a1, a1, 0x3
x11 <- 0x00000000000010E3

mem[X,0x0080000000000BA4] -> 0x3023
mem[X,0x0080000000000BA6] -> 0x00B3
[1155] [M]: 0x0080000000000BA4 (0x00B33023) sd a1, 0x0(t1)
mem[0x00800000000043E0] <- 0x00000000000010E3

mem[X,0x0080000000000BA8] -> 0x3423
mem[X,0x0080000000000BAA] -> 0x00A3
[1156] [M]: 0x0080000000000BA8 (0x00A33423) sd a0, 0x8(t1)
mem[0x00800000000043E8] <- 0x0000000000000001

mem[X,0x0080000000000BAC] -> 0x4863
mem[X,0x0080000000000BAE] -> 0x1605
[1157] [M]: 0x0080000000000BAC (0x16054863) blt a0, zero, 0x170

mem[X,0x0080000000000BB0] -> 0x25F3
mem[X,0x0080000000000BB2] -> 0x3000
[1158] [M]: 0x0080000000000BB0 (0x300025F3) csrrs a1, mstatus, zero
CSR mstatus -> 0x0000000A00000880
x11 <- 0x0000000A00000880

mem[X,0x0080000000000BB4] -> 0x9413
mem[X,0x0080000000000BB6] -> 0x02E5
[1159] [M]: 0x0080000000000BB4 (0x02E59413) slli fp, a1, 0x2e
x8 <- 0x0220000000000000

mem[X,0x0080000000000BB8] -> 0x5463
mem[X,0x0080000000000BBA] -> 0x0004
[1160] [M]: 0x0080000000000BB8 (0x00045463) bge fp, zero, 0x8

mem[X,0x0080000000000BC0] -> 0xD493
mem[X,0x0080000000000BC2] -> 0x00B5
[1161] [M]: 0x0080000000000BC0 (0x00B5D493) srli s1, a1, 0xb
x9 <- 0x0000000001400001

mem[X,0x0080000000000BC4] -> 0xF493
mem[X,0x0080000000000BC6] -> 0x0034
[1162] [M]: 0x0080000000000BC4 (0x0034F493) andi s1, s1, 0x3
x9 <- 0x0000000000000001

mem[X,0x0080000000000BC8] -> 0x8493
mem[X,0x0080000000000BCA] -> 0x0014
[1163] [M]: 0x0080000000000BC8 (0x00148493) addi s1, s1, 0x1
x9 <- 0x0000000000000002

mem[X,0x0080000000000BCC] -> 0xF493
mem[X,0x0080000000000BCE] -> 0x0044
[1164] [M]: 0x0080000000000BCC (0x0044F493) andi s1, s1, 0x4
x9 <- 0x0000000000000000

mem[X,0x0080000000000BD0] -> 0x0593
mem[X,0x0080000000000BD2] -> 0x05D0
[1165] [M]: 0x0080000000000BD0 (0x05D00593) addi a1, zero, 0x5d
x11 <- 0x000000000000005D

mem[X,0x0080000000000BD4] -> 0xD5B3
mem[X,0x0080000000000BD6] -> 0x0095
[1166] [M]: 0x0080000000000BD4 (0x0095D5B3) srl a1, a1, s1
x11 <- 0x000000000000005D

mem[X,0x0080000000000BD8] -> 0xF593
mem[X,0x0080000000000BDA] -> 0x0015
[1167] [M]: 0x0080000000000BD8 (0x0015F593) andi a1, a1, 0x1
x11 <- 0x0000000000000001

mem[X,0x0080000000000BDC] -> 0x8EE3
mem[X,0x0080000000000BDE] -> 0xF405
[1168] [M]: 0x0080000000000BDC (0xF4058EE3) beq a1, zero, -0xa4

mem[X,0x0080000000000BE0] -> 0x0593
mem[X,0x0080000000000BE2] -> 0x2980
[1169] [M]: 0x0080000000000BE0 (0x29800593) addi a1, zero, 0x298
x11 <- 0x0000000000000298

mem[X,0x0080000000000BE4] -> 0xF413
mem[X,0x0080000000000BE6] -> 0x0014
[1170] [M]: 0x0080000000000BE4 (0x0014F413) andi fp, s1, 0x1
x8 <- 0x0000000000000000

mem[X,0x0080000000000BE8] -> 0x95B3
mem[X,0x0080000000000BEA] -> 0x0085
[1171] [M]: 0x0080000000000BE8 (0x008595B3) sll a1, a1, fp
x11 <- 0x0000000000000298

mem[X,0x0080000000000BEC] -> 0x9413
mem[X,0x0080000000000BEE] -> 0x03D4
[1172] [M]: 0x0080000000000BEC (0x03D49413) slli fp, s1, 0x3d
x8 <- 0x0000000000000000

mem[X,0x0080000000000BF0] -> 0x5413
mem[X,0x0080000000000BF2] -> 0x43F4
[1173] [M]: 0x0080000000000BF0 (0x43F45413) srai fp, fp, 0x3f
x8 <- 0x0000000000000000

mem[X,0x0080000000000BF4] -> 0x4413
mem[X,0x0080000000000BF6] -> 0xFFF4
[1174] [M]: 0x0080000000000BF4 (0xFFF44413) xori fp, fp, -0x1
x8 <- 0xFFFFFFFFFFFFFFFF

mem[X,0x0080000000000BF8] -> 0xF4B3
mem[X,0x0080000000000BFA] -> 0x0085
[1175] [M]: 0x0080000000000BF8 (0x0085F4B3) and s1, a1, fp
x9 <- 0x0000000000000298

mem[X,0x0080000000000BFC] -> 0x84B3
mem[X,0x0080000000000BFE] -> 0x0024
[1176] [M]: 0x0080000000000BFC (0x002484B3) add s1, s1, sp
x9 <- 0x0080000000003298

mem[X,0x0080000000000C00] -> 0x23F3
mem[X,0x0080000000000C02] -> 0x3410
[1177] [M]: 0x0080000000000C00 (0x341023F3) csrrs t2, mepc, zero
CSR mepc -> 0x00800000000007E8
x7 <- 0x00800000000007E8

mem[X,0x0080000000000C04] -> 0xB403
mem[X,0x0080000000000C06] -> 0x2084
[1178] [M]: 0x0080000000000C04 (0x2084B403) ld fp, 0x208(s1)
mem[R,0x00800000000034A0] -> 0x008000000000039C
x8 <- 0x008000000000039C

mem[X,0x0080000000000C08] -> 0xB583
mem[X,0x0080000000000C0A] -> 0x2104
[1179] [M]: 0x0080000000000C08 (0x2104B583) ld a1, 0x210(s1)
mem[R,0x00800000000034A8] -> 0x0000000000000468
x11 <- 0x0000000000000468

mem[X,0x0080000000000C0C] -> 0x85B3
mem[X,0x0080000000000C0E] -> 0x0085
[1180] [M]: 0x0080000000000C0C (0x008585B3) add a1, a1, fp
x11 <- 0x0080000000000804

mem[X,0x0080000000000C10] -> 0xF463
mem[X,0x0080000000000C12] -> 0x00B3
[1181] [M]: 0x0080000000000C10 (0x00B3F463) bgeu t2, a1, 0x8

mem[X,0x0080000000000C14] -> 0xF663
mem[X,0x0080000000000C16] -> 0x0283
[1182] [M]: 0x0080000000000C14 (0x0283F663) bgeu t2, fp, 0x2c

mem[X,0x0080000000000C40] -> 0x8433
mem[X,0x0080000000000C42] -> 0x4083
[1183] [M]: 0x0080000000000C40 (0x40838433) sub fp, t2, fp
x8 <- 0x000000000000044C

mem[X,0x0080000000000C44] -> 0x3823
mem[X,0x0080000000000C46] -> 0x0083
[1184] [M]: 0x0080000000000C44 (0x00833823) sd fp, 0x10(t1)
mem[0x00800000000043F0] <- 0x000000000000044C

mem[X,0x0080000000000C48] -> 0xF593
mem[X,0x0080000000000C4A] -> 0xFFC3
[1185] [M]: 0x0080000000000C48 (0xFFC3F593) andi a1, t2, -0x4
x11 <- 0x00800000000007E8

mem[X,0x0080000000000C4C] -> 0x8593
mem[X,0x0080000000000C4E] -> 0x0085
[1186] [M]: 0x0080000000000C4C (0x00858593) addi a1, a1, 0x8
x11 <- 0x00800000000007F0

mem[X,0x0080000000000C50] -> 0x9073
mem[X,0x0080000000000C52] -> 0x3415
[1187] [M]: 0x0080000000000C50 (0x34159073) csrrw zero, mepc, a1
CSR mepc <- 0x00800000000007F0 (input: 0x00800000000007F0)

mem[X,0x0080000000000C54] -> 0x23F3
mem[X,0x0080000000000C56] -> 0x3430
[1188] [M]: 0x0080000000000C54 (0x343023F3) csrrs t2, mtval, zero
CSR mtval -> 0x00800000000007E8
x7 <- 0x00800000000007E8

mem[X,0x0080000000000C58] -> 0x7513
mem[X,0x0080000000000C5A] -> 0x00F5
[1189] [M]: 0x0080000000000C58 (0x00F57513) andi a0, a0, 0xf
x10 <- 0x0000000000000001

mem[X,0x0080000000000C5C] -> 0x0437
mem[X,0x0080000000000C5E] -> 0x0000
[1190] [M]: 0x0080000000000C5C (0x00000437) lui fp, 0x0
x8 <- 0x0000000000000000

mem[X,0x0080000000000C60] -> 0x0413
mem[X,0x0080000000000C62] -> 0x0004
[1191] [M]: 0x0080000000000C60 (0x00040413) addi fp, fp, 0x0
x8 <- 0x0000000000000000

mem[X,0x0080000000000C64] -> 0x1413
mem[X,0x0080000000000C66] -> 0x00B4
[1192] [M]: 0x0080000000000C64 (0x00B41413) slli fp, fp, 0xb
x8 <- 0x0000000000000000

mem[X,0x0080000000000C68] -> 0x0413
mem[X,0x0080000000000C6A] -> 0x0004
[1193] [M]: 0x0080000000000C68 (0x00040413) addi fp, fp, 0x0
x8 <- 0x0000000000000000

mem[X,0x0080000000000C6C] -> 0x1413
mem[X,0x0080000000000C6E] -> 0x00B4
[1194] [M]: 0x0080000000000C6C (0x00B41413) slli fp, fp, 0xb
x8 <- 0x0000000000000000

mem[X,0x0080000000000C70] -> 0x0413
mem[X,0x0080000000000C72] -> 0x02C4
[1195] [M]: 0x0080000000000C70 (0x02C40413) addi fp, fp, 0x2c
x8 <- 0x000000000000002C

mem[X,0x0080000000000C74] -> 0x1413
mem[X,0x0080000000000C76] -> 0x00A4
[1196] [M]: 0x0080000000000C74 (0x00A41413) slli fp, fp, 0xa
x8 <- 0x000000000000B000

mem[X,0x0080000000000C78] -> 0x0413
mem[X,0x0080000000000C7A] -> 0x0FB4
[1197] [M]: 0x0080000000000C78 (0x0FB40413) addi fp, fp, 0xfb
x8 <- 0x000000000000B0FB

mem[X,0x0080000000000C7C] -> 0x5433
mem[X,0x0080000000000C7E] -> 0x00A4
[1198] [M]: 0x0080000000000C7C (0x00A45433) srl fp, fp, a0
x8 <- 0x000000000000587D

mem[X,0x0080000000000C80] -> 0x1413
mem[X,0x0080000000000C82] -> 0x03F4
[1199] [M]: 0x0080000000000C80 (0x03F41413) slli fp, fp, 0x3f
x8 <- 0x8000000000000000

clint::tick mtime <- 0x000000000000000C
 clint timer pending at mtime 0x000000000000000C
htif::tick 0x0000000000000000
mem[X,0x0080000000000C84] -> 0x5C63
mem[X,0x0080000000000C86] -> 0x0404
[1200] [M]: 0x0080000000000C84 (0x04045C63) bge fp, zero, 0x58

mem[X,0x0080000000000C88] -> 0xB403
mem[X,0x0080000000000C8A] -> 0x2084
[1201] [M]: 0x0080000000000C88 (0x2084B403) ld fp, 0x208(s1)
mem[R,0x00800000000034A0] -> 0x008000000000039C
x8 <- 0x008000000000039C

mem[X,0x0080000000000C8C] -> 0xB583
mem[X,0x0080000000000C8E] -> 0x2104
[1202] [M]: 0x0080000000000C8C (0x2104B583) ld a1, 0x210(s1)
mem[R,0x00800000000034A8] -> 0x0000000000000468
x11 <- 0x0000000000000468

mem[X,0x0080000000000C90] -> 0x85B3
mem[X,0x0080000000000C92] -> 0x0085
[1203] [M]: 0x0080000000000C90 (0x008585B3) add a1, a1, fp
x11 <- 0x0080000000000804

mem[X,0x0080000000000C94] -> 0xF463
mem[X,0x0080000000000C96] -> 0x00B3
[1204] [M]: 0x0080000000000C94 (0x00B3F463) bgeu t2, a1, 0x8

mem[X,0x0080000000000C98] -> 0xF063
mem[X,0x0080000000000C9A] -> 0x0483
[1205] [M]: 0x0080000000000C98 (0x0483F063) bgeu t2, fp, 0x40

mem[X,0x0080000000000CD8] -> 0x8433
mem[X,0x0080000000000CDA] -> 0x4083
[1206] [M]: 0x0080000000000CD8 (0x40838433) sub fp, t2, fp
x8 <- 0x000000000000044C

mem[X,0x0080000000000CDC] -> 0x3C23
mem[X,0x0080000000000CDE] -> 0x0083
[1207] [M]: 0x0080000000000CDC (0x00833C23) sd fp, 0x18(t1)
mem[0x00800000000043F8] <- 0x000000000000044C

mem[X,0x0080000000000CE0] -> 0x3483
mem[X,0x0080000000000CE2] -> 0x2181
[1208] [M]: 0x0080000000000CE0 (0x21813483) ld s1, 0x218(sp)
mem[R,0x0080000000003218] -> 0x0080000000004400
x9 <- 0x0080000000004400

mem[X,0x0080000000000CE4] -> 0x3383
mem[X,0x0080000000000CE6] -> 0x1F81
[1209] [M]: 0x0080000000000CE4 (0x1F813383) ld t2, 0x1f8(sp)
mem[R,0x00800000000031F8] -> 0x0080000000004210
x7 <- 0x0080000000004210

mem[X,0x0080000000000CE8] -> 0x3303
mem[X,0x0080000000000CEA] -> 0x2001
[1210] [M]: 0x0080000000000CE8 (0x20013303) ld t1, 0x200(sp)
mem[R,0x0080000000003200] -> 0x0000000000000520
x6 <- 0x0000000000000520

mem[X,0x0080000000000CEC] -> 0x0333
mem[X,0x0080000000000CEE] -> 0x0073
[1211] [M]: 0x0080000000000CEC (0x00730333) add t1, t1, t2
x6 <- 0x0080000000004730

mem[X,0x0080000000000CF0] -> 0x6EE3
mem[X,0x0080000000000CF2] -> 0xB093
[1212] [M]: 0x0080000000000CF0 (0xB0936EE3) bltu t1, s1, -0x4e4

mem[X,0x0080000000000CF4] -> 0x0393
mem[X,0x0080000000000CF6] -> 0x2000
[1213] [M]: 0x0080000000000CF4 (0x20000393) addi t2, zero, 0x200
x7 <- 0x0000000000000200

mem[X,0x0080000000000CF8] -> 0x006F
mem[X,0x0080000000000CFA] -> 0x0400
[1214] [M]: 0x0080000000000CF8 (0x0400006F) jal zero, 0x40

mem[X,0x0080000000000D38] -> 0x0417
mem[X,0x0080000000000D3A] -> 0x0000
[1215] [M]: 0x0080000000000D38 (0x00000417) auipc fp, 0x0
x8 <- 0x0080000000000D38

mem[X,0x0080000000000D3C] -> 0x0413
mem[X,0x0080000000000D3E] -> 0x03C4
[1216] [M]: 0x0080000000000D3C (0x03C40413) addi fp, fp, 0x3c
x8 <- 0x0080000000000D74

mem[X,0x0080000000000D40] -> 0x0433
mem[X,0x0080000000000D42] -> 0x0074
[1217] [M]: 0x0080000000000D40 (0x00740433) add fp, fp, t2
x8 <- 0x0080000000000F74

mem[X,0x0080000000000D44] -> 0x1393
mem[X,0x0080000000000D46] -> 0x0035
[1218] [M]: 0x0080000000000D44 (0x00351393) slli t2, a0, 0x3
x7 <- 0x0000000000000008

mem[X,0x0080000000000D48] -> 0x0433
mem[X,0x0080000000000D4A] -> 0x0074
[1219] [M]: 0x0080000000000D48 (0x00740433) add fp, fp, t2
x8 <- 0x0080000000000F7C

mem[X,0x0080000000000D4C] -> 0x7413
mem[X,0x0080000000000D4E] -> 0xFF84
[1220] [M]: 0x0080000000000D4C (0xFF847413) andi fp, fp, -0x8
x8 <- 0x0080000000000F78

mem[X,0x0080000000000D50] -> 0x3403
mem[X,0x0080000000000D52] -> 0x0004
[1221] [M]: 0x0080000000000D50 (0x00043403) ld fp, 0x0(fp)
mem[R,0x0080000000000F78] -> 0x0000000000000003
x8 <- 0x0000000000000003

mem[X,0x0080000000000D54] -> 0x06E3
mem[X,0x0080000000000D56] -> 0xB404
[1222] [M]: 0x0080000000000D54 (0xB40406E3) beq fp, zero, -0x4b4

mem[X,0x0080000000000D58] -> 0x1393
mem[X,0x0080000000000D5A] -> 0x03F4
[1223] [M]: 0x0080000000000D58 (0x03F41393) slli t2, fp, 0x3f
x7 <- 0x8000000000000000

mem[X,0x0080000000000D5C] -> 0xD863
mem[X,0x0080000000000D5E] -> 0x0003
[1224] [M]: 0x0080000000000D5C (0x0003D863) bge t2, zero, 0x10

mem[X,0x0080000000000D60] -> 0x5413
mem[X,0x0080000000000D62] -> 0x0014
[1225] [M]: 0x0080000000000D60 (0x00145413) srli fp, fp, 0x1
x8 <- 0x0000000000000001

mem[X,0x0080000000000D64] -> 0x0CE3
mem[X,0x0080000000000D66] -> 0xF885
[1226] [M]: 0x0080000000000D64 (0xF8850CE3) beq a0, fp, -0x68

mem[X,0x0080000000000CFC] -> 0x3303
mem[X,0x0080000000000CFE] -> 0x2601
[1227] [M]: 0x0080000000000CFC (0x26013303) ld t1, 0x260(sp)
mem[R,0x0080000000003260] -> 0x0000000000000010
x6 <- 0x0000000000000010

mem[X,0x0080000000000D00] -> 0x3383
mem[X,0x0080000000000D02] -> 0x2681
[1228] [M]: 0x0080000000000D00 (0x26813383) ld t2, 0x268(sp)
mem[R,0x0080000000003268] -> 0x00000000003FBB6F
x7 <- 0x00000000003FBB6F

mem[X,0x0080000000000D04] -> 0x3403
mem[X,0x0080000000000D06] -> 0x2701
[1229] [M]: 0x0080000000000D04 (0x27013403) ld fp, 0x270(sp)
mem[R,0x0080000000003270] -> 0x0000000000007F76
x8 <- 0x0000000000007F76

mem[X,0x0080000000000D08] -> 0x3483
mem[X,0x0080000000000D0A] -> 0x2781
[1230] [M]: 0x0080000000000D08 (0x27813483) ld s1, 0x278(sp)
mem[R,0x0080000000003278] -> 0x00800000000007F0
x9 <- 0x00800000000007F0

mem[X,0x0080000000000D0C] -> 0x3503
mem[X,0x0080000000000D0E] -> 0x2801
[1231] [M]: 0x0080000000000D0C (0x28013503) ld a0, 0x280(sp)
mem[R,0x0080000000003280] -> 0x0000000000000001
x10 <- 0x0000000000000001

mem[X,0x0080000000000D10] -> 0x3583
mem[X,0x0080000000000D12] -> 0x2881
[1232] [M]: 0x0080000000000D10 (0x28813583) ld a1, 0x288(sp)
mem[R,0x0080000000003288] -> 0x0000000000000000
x11 <- 0x0000000000000000

mem[X,0x0080000000000D14] -> 0x3103
mem[X,0x0080000000000D16] -> 0x2901
[1233] [M]: 0x0080000000000D14 (0x29013103) ld sp, 0x290(sp)
mem[R,0x0080000000003290] -> 0x0080000000003000
x2 <- 0x0080000000003000

mem[X,0x0080000000000D18] -> 0x0073
mem[X,0x0080000000000D1A] -> 0x3020
[1234] [M]: 0x0080000000000D18 (0x30200073) mret
CSR mstatus <- 0x0000000A00000088
ret-ing from M to S

mem[X,0x00800000000007F0] -> 0x0013
mem[X,0x00800000000007F2] -> 0x0000
[1235] [S]: 0x00800000000007F0 (0x00000013) addi zero, zero, 0x0

mem[X,0x00800000000007F4] -> 0x0013
mem[X,0x00800000000007F6] -> 0x0000
[1236] [S]: 0x00800000000007F4 (0x00000013) addi zero, zero, 0x0

mem[X,0x00800000000007F8] -> 0x0013
mem[X,0x00800000000007FA] -> 0x0000
[1237] [S]: 0x00800000000007F8 (0x00000013) addi zero, zero, 0x0

mem[X,0x00800000000007FC] -> 0x0013
mem[X,0x00800000000007FE] -> 0x0000
[1238] [S]: 0x00800000000007FC (0x00000013) addi zero, zero, 0x0

mem[X,0x0080000000000800] -> 0x8067
mem[X,0x0080000000000802] -> 0x0000
[1239] [S]: 0x0080000000000800 (0x00008067) jalr zero, 0x0(ra)

mem[X,0x00800000000006D4] -> 0x0013
mem[X,0x00800000000006D6] -> 0x0000
[1240] [S]: 0x00800000000006D4 (0x00000013) addi zero, zero, 0x0

mem[X,0x00800000000006D8] -> 0x0013
mem[X,0x00800000000006DA] -> 0x0000
[1241] [S]: 0x00800000000006D8 (0x00000013) addi zero, zero, 0x0

mem[X,0x00800000000006DC] -> 0x00EF
mem[X,0x00800000000006DE] -> 0x10C0
[1242] [S]: 0x00800000000006DC (0x10C000EF) jal ra, 0x10c
x1 <- 0x00800000000006E0

trapping from S to M to handle fetch-access-fault
handling exc#0x01 at priv M with tval 0x00800000000007E8
CSR mstatus <- 0x0000000A00000880
mem[X,0x0080000000000900] -> 0x006F
mem[X,0x0080000000000902] -> 0x1000
[1243] [M]: 0x0080000000000900 (0x1000006F) jal zero, 0x100

mem[X,0x0080000000000A00] -> 0x1173
mem[X,0x0080000000000A02] -> 0x3401
[1244] [M]: 0x0080000000000A00 (0x34011173) csrrw sp, mscratch, sp
CSR mscratch <- 0x0080000000003000 (input: 0x0080000000003000)
x2 <- 0x0080000000003000

mem[X,0x0080000000000A04] -> 0x3423
mem[X,0x0080000000000A06] -> 0x28B1
[1245] [M]: 0x0080000000000A04 (0x28B13423) sd a1, 0x288(sp)
mem[0x0080000000003288] <- 0x0000000000000000

mem[X,0x0080000000000A08] -> 0x05EF
mem[X,0x0080000000000A0A] -> 0x0B80
[1246] [M]: 0x0080000000000A08 (0x0B8005EF) jal a1, 0xb8
x11 <- 0x0080000000000A0C

mem[X,0x0080000000000AC0] -> 0x3023
mem[X,0x0080000000000AC2] -> 0x28A1
[1247] [M]: 0x0080000000000AC0 (0x28A13023) sd a0, 0x280(sp)
mem[0x0080000000003280] <- 0x0000000000000001

mem[X,0x0080000000000AC4] -> 0x1573
mem[X,0x0080000000000AC6] -> 0x3401
[1248] [M]: 0x0080000000000AC4 (0x34011573) csrrw a0, mscratch, sp
CSR mscratch <- 0x0080000000003000 (input: 0x0080000000003000)
x10 <- 0x0080000000003000

mem[X,0x0080000000000AC8] -> 0x3823
mem[X,0x0080000000000ACA] -> 0x28A1
[1249] [M]: 0x0080000000000AC8 (0x28A13823) sd a0, 0x290(sp)
mem[0x0080000000003290] <- 0x0080000000003000

mem[X,0x0080000000000ACC] -> 0x3503
mem[X,0x0080000000000ACE] -> 0x2301
[1250] [M]: 0x0080000000000ACC (0x23013503) ld a0, 0x230(sp)
mem[R,0x0080000000003230] -> 0x0080000000000AD4
x10 <- 0x0080000000000AD4

mem[X,0x0080000000000AD0] -> 0x0067
mem[X,0x0080000000000AD2] -> 0x0005
[1251] [M]: 0x0080000000000AD0 (0x00050067) jalr zero, 0x0(a0)

mem[X,0x0080000000000AD4] -> 0x3C23
mem[X,0x0080000000000AD6] -> 0x2691
[1252] [M]: 0x0080000000000AD4 (0x26913C23) sd s1, 0x278(sp)
mem[0x0080000000003278] <- 0x00800000000007F0

mem[X,0x0080000000000AD8] -> 0x3823
mem[X,0x0080000000000ADA] -> 0x2681
[1253] [M]: 0x0080000000000AD8 (0x26813823) sd fp, 0x270(sp)
mem[0x0080000000003270] <- 0x0000000000007F76

mem[X,0x0080000000000ADC] -> 0x3423
mem[X,0x0080000000000ADE] -> 0x2671
[1254] [M]: 0x0080000000000ADC (0x26713423) sd t2, 0x268(sp)
mem[0x0080000000003268] <- 0x00000000003FBB6F

mem[X,0x0080000000000AE0] -> 0x3023
mem[X,0x0080000000000AE2] -> 0x2661
[1255] [M]: 0x0080000000000AE0 (0x26613023) sd t1, 0x260(sp)
mem[0x0080000000003260] <- 0x0000000000000010

mem[X,0x0080000000000AE4] -> 0x2573
mem[X,0x0080000000000AE6] -> 0x3420
[1256] [M]: 0x0080000000000AE4 (0x34202573) csrrs a0, mcause, zero
CSR mcause -> 0x0000000000000001
x10 <- 0x0000000000000001

mem[X,0x0080000000000AE8] -> 0x04B7
mem[X,0x0080000000000AEA] -> 0x8000
[1257] [M]: 0x0080000000000AE8 (0x800004B7) lui s1, -0x80000
x9 <- 0xFFFFFFFF80000000

mem[X,0x0080000000000AEC] -> 0x8493
mem[X,0x0080000000000AEE] -> 0x0004
[1258] [M]: 0x0080000000000AEC (0x00048493) addi s1, s1, 0x0
x9 <- 0xFFFFFFFF80000000

mem[X,0x0080000000000AF0] -> 0x9493
mem[X,0x0080000000000AF2] -> 0x00B4
[1259] [M]: 0x0080000000000AF0 (0x00B49493) slli s1, s1, 0xb
x9 <- 0xFFFFFC0000000000

mem[X,0x0080000000000AF4] -> 0x8493
mem[X,0x0080000000000AF6] -> 0x0004
[1260] [M]: 0x0080000000000AF4 (0x00048493) addi s1, s1, 0x0
x9 <- 0xFFFFFC0000000000

mem[X,0x0080000000000AF8] -> 0x9493
mem[X,0x0080000000000AFA] -> 0x00B4
[1261] [M]: 0x0080000000000AF8 (0x00B49493) slli s1, s1, 0xb
x9 <- 0xFFE0000000000000

mem[X,0x0080000000000AFC] -> 0x8493
mem[X,0x0080000000000AFE] -> 0x0034
[1262] [M]: 0x0080000000000AFC (0x00348493) addi s1, s1, 0x3
x9 <- 0xFFE0000000000003

mem[X,0x0080000000000B00] -> 0x9493
mem[X,0x0080000000000B02] -> 0x00A4
[1263] [M]: 0x0080000000000B00 (0x00A49493) slli s1, s1, 0xa
x9 <- 0x8000000000000C00

mem[X,0x0080000000000B04] -> 0x8493
mem[X,0x0080000000000B06] -> 0x3FC4
[1264] [M]: 0x0080000000000B04 (0x3FC48493) addi s1, s1, 0x3fc
x9 <- 0x8000000000000FFC

mem[X,0x0080000000000B08] -> 0xF4B3
mem[X,0x0080000000000B0A] -> 0x00A4
[1265] [M]: 0x0080000000000B08 (0x00A4F4B3) and s1, s1, a0
x9 <- 0x0000000000000000

mem[X,0x0080000000000B0C] -> 0x8493
mem[X,0x0080000000000B0E] -> 0xFF84
[1266] [M]: 0x0080000000000B0C (0xFF848493) addi s1, s1, -0x8
x9 <- 0xFFFFFFFFFFFFFFF8

mem[X,0x0080000000000B10] -> 0x9663
mem[X,0x0080000000000B12] -> 0x0004
[1267] [M]: 0x0080000000000B10 (0x00049663) bne s1, zero, 0xc

mem[X,0x0080000000000B1C] -> 0x0393
mem[X,0x0080000000000B1E] -> 0x0200
[1268] [M]: 0x0080000000000B1C (0x02000393) addi t2, zero, 0x20
x7 <- 0x0000000000000020

mem[X,0x0080000000000B20] -> 0x5263
mem[X,0x0080000000000B22] -> 0x0405
[1269] [M]: 0x0080000000000B20 (0x04055263) bge a0, zero, 0x44

mem[X,0x0080000000000B64] -> 0x2373
mem[X,0x0080000000000B66] -> 0x3010
[1270] [M]: 0x0080000000000B64 (0x30102373) csrrs t1, misa, zero
CSR misa -> 0x800000000034112D
x6 <- 0x800000000034112D

mem[X,0x0080000000000B68] -> 0x1313
mem[X,0x0080000000000B6A] -> 0x0383
[1271] [M]: 0x0080000000000B68 (0x03831313) slli t1, t1, 0x38
x6 <- 0x2D00000000000000

mem[X,0x0080000000000B6C] -> 0x5463
mem[X,0x0080000000000B6E] -> 0x0003
[1272] [M]: 0x0080000000000B6C (0x00035463) bge t1, zero, 0x8

mem[X,0x0080000000000B74] -> 0x3303
mem[X,0x0080000000000B76] -> 0x2181
[1273] [M]: 0x0080000000000B74 (0x21813303) ld t1, 0x218(sp)
mem[R,0x0080000000003218] -> 0x0080000000004400
x6 <- 0x0080000000004400

mem[X,0x0080000000000B78] -> 0x04B3
mem[X,0x0080000000000B7A] -> 0x0073
[1274] [M]: 0x0080000000000B78 (0x007304B3) add s1, t1, t2
x9 <- 0x0080000000004420

mem[X,0x0080000000000B7C] -> 0x3C23
mem[X,0x0080000000000B7E] -> 0x2091
[1275] [M]: 0x0080000000000B7C (0x20913C23) sd s1, 0x218(sp)
mem[0x0080000000003218] <- 0x0080000000004420

mem[X,0x0080000000000B80] -> 0x3403
mem[X,0x0080000000000B82] -> 0x1F81
[1276] [M]: 0x0080000000000B80 (0x1F813403) ld fp, 0x1f8(sp)
mem[R,0x00800000000031F8] -> 0x0080000000004210
x8 <- 0x0080000000004210

mem[X,0x0080000000000B84] -> 0x0333
mem[X,0x0080000000000B86] -> 0x4083
[1277] [M]: 0x0080000000000B84 (0x40830333) sub t1, t1, fp
x6 <- 0x00000000000001F0

mem[X,0x0080000000000B88] -> 0x3403
mem[X,0x0080000000000B8A] -> 0x1F81
[1278] [M]: 0x0080000000000B88 (0x1F813403) ld fp, 0x1f8(sp)
mem[R,0x00800000000031F8] -> 0x0080000000004210
x8 <- 0x0080000000004210

mem[X,0x0080000000000B8C] -> 0x0333
mem[X,0x0080000000000B8E] -> 0x0083
[1279] [M]: 0x0080000000000B8C (0x00830333) add t1, t1, fp
x6 <- 0x0080000000004400

mem[X,0x0080000000000B90] -> 0x3403
mem[X,0x0080000000000B92] -> 0x2401
[1280] [M]: 0x0080000000000B90 (0x24013403) ld fp, 0x240(sp)
mem[R,0x0080000000003240] -> 0x0080000000000900
x8 <- 0x0080000000000900

mem[X,0x0080000000000B94] -> 0x85B3
mem[X,0x0080000000000B96] -> 0x4085
[1281] [M]: 0x0080000000000B94 (0x408585B3) sub a1, a1, fp
x11 <- 0x000000000000010C

mem[X,0x0080000000000B98] -> 0x9593
mem[X,0x0080000000000B9A] -> 0x0045
[1282] [M]: 0x0080000000000B98 (0x00459593) slli a1, a1, 0x4
x11 <- 0x00000000000010C0

mem[X,0x0080000000000B9C] -> 0xE5B3
mem[X,0x0080000000000B9E] -> 0x0075
[1283] [M]: 0x0080000000000B9C (0x0075E5B3) or a1, a1, t2
x11 <- 0x00000000000010E0

mem[X,0x0080000000000BA0] -> 0x8593
mem[X,0x0080000000000BA2] -> 0x0035
[1284] [M]: 0x0080000000000BA0 (0x00358593) addi a1, a1, 0x3
x11 <- 0x00000000000010E3

mem[X,0x0080000000000BA4] -> 0x3023
mem[X,0x0080000000000BA6] -> 0x00B3
[1285] [M]: 0x0080000000000BA4 (0x00B33023) sd a1, 0x0(t1)
mem[0x0080000000004400] <- 0x00000000000010E3

mem[X,0x0080000000000BA8] -> 0x3423
mem[X,0x0080000000000BAA] -> 0x00A3
[1286] [M]: 0x0080000000000BA8 (0x00A33423) sd a0, 0x8(t1)
mem[0x0080000000004408] <- 0x0000000000000001

mem[X,0x0080000000000BAC] -> 0x4863
mem[X,0x0080000000000BAE] -> 0x1605
[1287] [M]: 0x0080000000000BAC (0x16054863) blt a0, zero, 0x170

mem[X,0x0080000000000BB0] -> 0x25F3
mem[X,0x0080000000000BB2] -> 0x3000
[1288] [M]: 0x0080000000000BB0 (0x300025F3) csrrs a1, mstatus, zero
CSR mstatus -> 0x0000000A00000880
x11 <- 0x0000000A00000880

mem[X,0x0080000000000BB4] -> 0x9413
mem[X,0x0080000000000BB6] -> 0x02E5
[1289] [M]: 0x0080000000000BB4 (0x02E59413) slli fp, a1, 0x2e
x8 <- 0x0220000000000000

mem[X,0x0080000000000BB8] -> 0x5463
mem[X,0x0080000000000BBA] -> 0x0004
[1290] [M]: 0x0080000000000BB8 (0x00045463) bge fp, zero, 0x8

mem[X,0x0080000000000BC0] -> 0xD493
mem[X,0x0080000000000BC2] -> 0x00B5
[1291] [M]: 0x0080000000000BC0 (0x00B5D493) srli s1, a1, 0xb
x9 <- 0x0000000001400001

mem[X,0x0080000000000BC4] -> 0xF493
mem[X,0x0080000000000BC6] -> 0x0034
[1292] [M]: 0x0080000000000BC4 (0x0034F493) andi s1, s1, 0x3
x9 <- 0x0000000000000001

mem[X,0x0080000000000BC8] -> 0x8493
mem[X,0x0080000000000BCA] -> 0x0014
[1293] [M]: 0x0080000000000BC8 (0x00148493) addi s1, s1, 0x1
x9 <- 0x0000000000000002

mem[X,0x0080000000000BCC] -> 0xF493
mem[X,0x0080000000000BCE] -> 0x0044
[1294] [M]: 0x0080000000000BCC (0x0044F493) andi s1, s1, 0x4
x9 <- 0x0000000000000000

mem[X,0x0080000000000BD0] -> 0x0593
mem[X,0x0080000000000BD2] -> 0x05D0
[1295] [M]: 0x0080000000000BD0 (0x05D00593) addi a1, zero, 0x5d
x11 <- 0x000000000000005D

mem[X,0x0080000000000BD4] -> 0xD5B3
mem[X,0x0080000000000BD6] -> 0x0095
[1296] [M]: 0x0080000000000BD4 (0x0095D5B3) srl a1, a1, s1
x11 <- 0x000000000000005D

mem[X,0x0080000000000BD8] -> 0xF593
mem[X,0x0080000000000BDA] -> 0x0015
[1297] [M]: 0x0080000000000BD8 (0x0015F593) andi a1, a1, 0x1
x11 <- 0x0000000000000001

mem[X,0x0080000000000BDC] -> 0x8EE3
mem[X,0x0080000000000BDE] -> 0xF405
[1298] [M]: 0x0080000000000BDC (0xF4058EE3) beq a1, zero, -0xa4

mem[X,0x0080000000000BE0] -> 0x0593
mem[X,0x0080000000000BE2] -> 0x2980
[1299] [M]: 0x0080000000000BE0 (0x29800593) addi a1, zero, 0x298
x11 <- 0x0000000000000298

clint::tick mtime <- 0x000000000000000D
 clint timer pending at mtime 0x000000000000000D
htif::tick 0x0000000000000000
mem[X,0x0080000000000BE4] -> 0xF413
mem[X,0x0080000000000BE6] -> 0x0014
[1300] [M]: 0x0080000000000BE4 (0x0014F413) andi fp, s1, 0x1
x8 <- 0x0000000000000000

mem[X,0x0080000000000BE8] -> 0x95B3
mem[X,0x0080000000000BEA] -> 0x0085
[1301] [M]: 0x0080000000000BE8 (0x008595B3) sll a1, a1, fp
x11 <- 0x0000000000000298

mem[X,0x0080000000000BEC] -> 0x9413
mem[X,0x0080000000000BEE] -> 0x03D4
[1302] [M]: 0x0080000000000BEC (0x03D49413) slli fp, s1, 0x3d
x8 <- 0x0000000000000000

mem[X,0x0080000000000BF0] -> 0x5413
mem[X,0x0080000000000BF2] -> 0x43F4
[1303] [M]: 0x0080000000000BF0 (0x43F45413) srai fp, fp, 0x3f
x8 <- 0x0000000000000000

mem[X,0x0080000000000BF4] -> 0x4413
mem[X,0x0080000000000BF6] -> 0xFFF4
[1304] [M]: 0x0080000000000BF4 (0xFFF44413) xori fp, fp, -0x1
x8 <- 0xFFFFFFFFFFFFFFFF

mem[X,0x0080000000000BF8] -> 0xF4B3
mem[X,0x0080000000000BFA] -> 0x0085
[1305] [M]: 0x0080000000000BF8 (0x0085F4B3) and s1, a1, fp
x9 <- 0x0000000000000298

mem[X,0x0080000000000BFC] -> 0x84B3
mem[X,0x0080000000000BFE] -> 0x0024
[1306] [M]: 0x0080000000000BFC (0x002484B3) add s1, s1, sp
x9 <- 0x0080000000003298

mem[X,0x0080000000000C00] -> 0x23F3
mem[X,0x0080000000000C02] -> 0x3410
[1307] [M]: 0x0080000000000C00 (0x341023F3) csrrs t2, mepc, zero
CSR mepc -> 0x00800000000007E8
x7 <- 0x00800000000007E8

mem[X,0x0080000000000C04] -> 0xB403
mem[X,0x0080000000000C06] -> 0x2084
[1308] [M]: 0x0080000000000C04 (0x2084B403) ld fp, 0x208(s1)
mem[R,0x00800000000034A0] -> 0x008000000000039C
x8 <- 0x008000000000039C

mem[X,0x0080000000000C08] -> 0xB583
mem[X,0x0080000000000C0A] -> 0x2104
[1309] [M]: 0x0080000000000C08 (0x2104B583) ld a1, 0x210(s1)
mem[R,0x00800000000034A8] -> 0x0000000000000468
x11 <- 0x0000000000000468

mem[X,0x0080000000000C0C] -> 0x85B3
mem[X,0x0080000000000C0E] -> 0x0085
[1310] [M]: 0x0080000000000C0C (0x008585B3) add a1, a1, fp
x11 <- 0x0080000000000804

mem[X,0x0080000000000C10] -> 0xF463
mem[X,0x0080000000000C12] -> 0x00B3
[1311] [M]: 0x0080000000000C10 (0x00B3F463) bgeu t2, a1, 0x8

mem[X,0x0080000000000C14] -> 0xF663
mem[X,0x0080000000000C16] -> 0x0283
[1312] [M]: 0x0080000000000C14 (0x0283F663) bgeu t2, fp, 0x2c

mem[X,0x0080000000000C40] -> 0x8433
mem[X,0x0080000000000C42] -> 0x4083
[1313] [M]: 0x0080000000000C40 (0x40838433) sub fp, t2, fp
x8 <- 0x000000000000044C

mem[X,0x0080000000000C44] -> 0x3823
mem[X,0x0080000000000C46] -> 0x0083
[1314] [M]: 0x0080000000000C44 (0x00833823) sd fp, 0x10(t1)
mem[0x0080000000004410] <- 0x000000000000044C

mem[X,0x0080000000000C48] -> 0xF593
mem[X,0x0080000000000C4A] -> 0xFFC3
[1315] [M]: 0x0080000000000C48 (0xFFC3F593) andi a1, t2, -0x4
x11 <- 0x00800000000007E8

mem[X,0x0080000000000C4C] -> 0x8593
mem[X,0x0080000000000C4E] -> 0x0085
[1316] [M]: 0x0080000000000C4C (0x00858593) addi a1, a1, 0x8
x11 <- 0x00800000000007F0

mem[X,0x0080000000000C50] -> 0x9073
mem[X,0x0080000000000C52] -> 0x3415
[1317] [M]: 0x0080000000000C50 (0x34159073) csrrw zero, mepc, a1
CSR mepc <- 0x00800000000007F0 (input: 0x00800000000007F0)

mem[X,0x0080000000000C54] -> 0x23F3
mem[X,0x0080000000000C56] -> 0x3430
[1318] [M]: 0x0080000000000C54 (0x343023F3) csrrs t2, mtval, zero
CSR mtval -> 0x00800000000007E8
x7 <- 0x00800000000007E8

mem[X,0x0080000000000C58] -> 0x7513
mem[X,0x0080000000000C5A] -> 0x00F5
[1319] [M]: 0x0080000000000C58 (0x00F57513) andi a0, a0, 0xf
x10 <- 0x0000000000000001

mem[X,0x0080000000000C5C] -> 0x0437
mem[X,0x0080000000000C5E] -> 0x0000
[1320] [M]: 0x0080000000000C5C (0x00000437) lui fp, 0x0
x8 <- 0x0000000000000000

mem[X,0x0080000000000C60] -> 0x0413
mem[X,0x0080000000000C62] -> 0x0004
[1321] [M]: 0x0080000000000C60 (0x00040413) addi fp, fp, 0x0
x8 <- 0x0000000000000000

mem[X,0x0080000000000C64] -> 0x1413
mem[X,0x0080000000000C66] -> 0x00B4
[1322] [M]: 0x0080000000000C64 (0x00B41413) slli fp, fp, 0xb
x8 <- 0x0000000000000000

mem[X,0x0080000000000C68] -> 0x0413
mem[X,0x0080000000000C6A] -> 0x0004
[1323] [M]: 0x0080000000000C68 (0x00040413) addi fp, fp, 0x0
x8 <- 0x0000000000000000

mem[X,0x0080000000000C6C] -> 0x1413
mem[X,0x0080000000000C6E] -> 0x00B4
[1324] [M]: 0x0080000000000C6C (0x00B41413) slli fp, fp, 0xb
x8 <- 0x0000000000000000

mem[X,0x0080000000000C70] -> 0x0413
mem[X,0x0080000000000C72] -> 0x02C4
[1325] [M]: 0x0080000000000C70 (0x02C40413) addi fp, fp, 0x2c
x8 <- 0x000000000000002C

mem[X,0x0080000000000C74] -> 0x1413
mem[X,0x0080000000000C76] -> 0x00A4
[1326] [M]: 0x0080000000000C74 (0x00A41413) slli fp, fp, 0xa
x8 <- 0x000000000000B000

mem[X,0x0080000000000C78] -> 0x0413
mem[X,0x0080000000000C7A] -> 0x0FB4
[1327] [M]: 0x0080000000000C78 (0x0FB40413) addi fp, fp, 0xfb
x8 <- 0x000000000000B0FB

mem[X,0x0080000000000C7C] -> 0x5433
mem[X,0x0080000000000C7E] -> 0x00A4
[1328] [M]: 0x0080000000000C7C (0x00A45433) srl fp, fp, a0
x8 <- 0x000000000000587D

mem[X,0x0080000000000C80] -> 0x1413
mem[X,0x0080000000000C82] -> 0x03F4
[1329] [M]: 0x0080000000000C80 (0x03F41413) slli fp, fp, 0x3f
x8 <- 0x8000000000000000

mem[X,0x0080000000000C84] -> 0x5C63
mem[X,0x0080000000000C86] -> 0x0404
[1330] [M]: 0x0080000000000C84 (0x04045C63) bge fp, zero, 0x58

mem[X,0x0080000000000C88] -> 0xB403
mem[X,0x0080000000000C8A] -> 0x2084
[1331] [M]: 0x0080000000000C88 (0x2084B403) ld fp, 0x208(s1)
mem[R,0x00800000000034A0] -> 0x008000000000039C
x8 <- 0x008000000000039C

mem[X,0x0080000000000C8C] -> 0xB583
mem[X,0x0080000000000C8E] -> 0x2104
[1332] [M]: 0x0080000000000C8C (0x2104B583) ld a1, 0x210(s1)
mem[R,0x00800000000034A8] -> 0x0000000000000468
x11 <- 0x0000000000000468

mem[X,0x0080000000000C90] -> 0x85B3
mem[X,0x0080000000000C92] -> 0x0085
[1333] [M]: 0x0080000000000C90 (0x008585B3) add a1, a1, fp
x11 <- 0x0080000000000804

mem[X,0x0080000000000C94] -> 0xF463
mem[X,0x0080000000000C96] -> 0x00B3
[1334] [M]: 0x0080000000000C94 (0x00B3F463) bgeu t2, a1, 0x8

mem[X,0x0080000000000C98] -> 0xF063
mem[X,0x0080000000000C9A] -> 0x0483
[1335] [M]: 0x0080000000000C98 (0x0483F063) bgeu t2, fp, 0x40

mem[X,0x0080000000000CD8] -> 0x8433
mem[X,0x0080000000000CDA] -> 0x4083
[1336] [M]: 0x0080000000000CD8 (0x40838433) sub fp, t2, fp
x8 <- 0x000000000000044C

mem[X,0x0080000000000CDC] -> 0x3C23
mem[X,0x0080000000000CDE] -> 0x0083
[1337] [M]: 0x0080000000000CDC (0x00833C23) sd fp, 0x18(t1)
mem[0x0080000000004418] <- 0x000000000000044C

mem[X,0x0080000000000CE0] -> 0x3483
mem[X,0x0080000000000CE2] -> 0x2181
[1338] [M]: 0x0080000000000CE0 (0x21813483) ld s1, 0x218(sp)
mem[R,0x0080000000003218] -> 0x0080000000004420
x9 <- 0x0080000000004420

mem[X,0x0080000000000CE4] -> 0x3383
mem[X,0x0080000000000CE6] -> 0x1F81
[1339] [M]: 0x0080000000000CE4 (0x1F813383) ld t2, 0x1f8(sp)
mem[R,0x00800000000031F8] -> 0x0080000000004210
x7 <- 0x0080000000004210

mem[X,0x0080000000000CE8] -> 0x3303
mem[X,0x0080000000000CEA] -> 0x2001
[1340] [M]: 0x0080000000000CE8 (0x20013303) ld t1, 0x200(sp)
mem[R,0x0080000000003200] -> 0x0000000000000520
x6 <- 0x0000000000000520

mem[X,0x0080000000000CEC] -> 0x0333
mem[X,0x0080000000000CEE] -> 0x0073
[1341] [M]: 0x0080000000000CEC (0x00730333) add t1, t1, t2
x6 <- 0x0080000000004730

mem[X,0x0080000000000CF0] -> 0x6EE3
mem[X,0x0080000000000CF2] -> 0xB093
[1342] [M]: 0x0080000000000CF0 (0xB0936EE3) bltu t1, s1, -0x4e4

mem[X,0x0080000000000CF4] -> 0x0393
mem[X,0x0080000000000CF6] -> 0x2000
[1343] [M]: 0x0080000000000CF4 (0x20000393) addi t2, zero, 0x200
x7 <- 0x0000000000000200

mem[X,0x0080000000000CF8] -> 0x006F
mem[X,0x0080000000000CFA] -> 0x0400
[1344] [M]: 0x0080000000000CF8 (0x0400006F) jal zero, 0x40

mem[X,0x0080000000000D38] -> 0x0417
mem[X,0x0080000000000D3A] -> 0x0000
[1345] [M]: 0x0080000000000D38 (0x00000417) auipc fp, 0x0
x8 <- 0x0080000000000D38

mem[X,0x0080000000000D3C] -> 0x0413
mem[X,0x0080000000000D3E] -> 0x03C4
[1346] [M]: 0x0080000000000D3C (0x03C40413) addi fp, fp, 0x3c
x8 <- 0x0080000000000D74

mem[X,0x0080000000000D40] -> 0x0433
mem[X,0x0080000000000D42] -> 0x0074
[1347] [M]: 0x0080000000000D40 (0x00740433) add fp, fp, t2
x8 <- 0x0080000000000F74

mem[X,0x0080000000000D44] -> 0x1393
mem[X,0x0080000000000D46] -> 0x0035
[1348] [M]: 0x0080000000000D44 (0x00351393) slli t2, a0, 0x3
x7 <- 0x0000000000000008

mem[X,0x0080000000000D48] -> 0x0433
mem[X,0x0080000000000D4A] -> 0x0074
[1349] [M]: 0x0080000000000D48 (0x00740433) add fp, fp, t2
x8 <- 0x0080000000000F7C

mem[X,0x0080000000000D4C] -> 0x7413
mem[X,0x0080000000000D4E] -> 0xFF84
[1350] [M]: 0x0080000000000D4C (0xFF847413) andi fp, fp, -0x8
x8 <- 0x0080000000000F78

mem[X,0x0080000000000D50] -> 0x3403
mem[X,0x0080000000000D52] -> 0x0004
[1351] [M]: 0x0080000000000D50 (0x00043403) ld fp, 0x0(fp)
mem[R,0x0080000000000F78] -> 0x0000000000000003
x8 <- 0x0000000000000003

mem[X,0x0080000000000D54] -> 0x06E3
mem[X,0x0080000000000D56] -> 0xB404
[1352] [M]: 0x0080000000000D54 (0xB40406E3) beq fp, zero, -0x4b4

mem[X,0x0080000000000D58] -> 0x1393
mem[X,0x0080000000000D5A] -> 0x03F4
[1353] [M]: 0x0080000000000D58 (0x03F41393) slli t2, fp, 0x3f
x7 <- 0x8000000000000000

mem[X,0x0080000000000D5C] -> 0xD863
mem[X,0x0080000000000D5E] -> 0x0003
[1354] [M]: 0x0080000000000D5C (0x0003D863) bge t2, zero, 0x10

mem[X,0x0080000000000D60] -> 0x5413
mem[X,0x0080000000000D62] -> 0x0014
[1355] [M]: 0x0080000000000D60 (0x00145413) srli fp, fp, 0x1
x8 <- 0x0000000000000001

mem[X,0x0080000000000D64] -> 0x0CE3
mem[X,0x0080000000000D66] -> 0xF885
[1356] [M]: 0x0080000000000D64 (0xF8850CE3) beq a0, fp, -0x68

mem[X,0x0080000000000CFC] -> 0x3303
mem[X,0x0080000000000CFE] -> 0x2601
[1357] [M]: 0x0080000000000CFC (0x26013303) ld t1, 0x260(sp)
mem[R,0x0080000000003260] -> 0x0000000000000010
x6 <- 0x0000000000000010

mem[X,0x0080000000000D00] -> 0x3383
mem[X,0x0080000000000D02] -> 0x2681
[1358] [M]: 0x0080000000000D00 (0x26813383) ld t2, 0x268(sp)
mem[R,0x0080000000003268] -> 0x00000000003FBB6F
x7 <- 0x00000000003FBB6F

mem[X,0x0080000000000D04] -> 0x3403
mem[X,0x0080000000000D06] -> 0x2701
[1359] [M]: 0x0080000000000D04 (0x27013403) ld fp, 0x270(sp)
mem[R,0x0080000000003270] -> 0x0000000000007F76
x8 <- 0x0000000000007F76

mem[X,0x0080000000000D08] -> 0x3483
mem[X,0x0080000000000D0A] -> 0x2781
[1360] [M]: 0x0080000000000D08 (0x27813483) ld s1, 0x278(sp)
mem[R,0x0080000000003278] -> 0x00800000000007F0
x9 <- 0x00800000000007F0

mem[X,0x0080000000000D0C] -> 0x3503
mem[X,0x0080000000000D0E] -> 0x2801
[1361] [M]: 0x0080000000000D0C (0x28013503) ld a0, 0x280(sp)
mem[R,0x0080000000003280] -> 0x0000000000000001
x10 <- 0x0000000000000001

mem[X,0x0080000000000D10] -> 0x3583
mem[X,0x0080000000000D12] -> 0x2881
[1362] [M]: 0x0080000000000D10 (0x28813583) ld a1, 0x288(sp)
mem[R,0x0080000000003288] -> 0x0000000000000000
x11 <- 0x0000000000000000

mem[X,0x0080000000000D14] -> 0x3103
mem[X,0x0080000000000D16] -> 0x2901
[1363] [M]: 0x0080000000000D14 (0x29013103) ld sp, 0x290(sp)
mem[R,0x0080000000003290] -> 0x0080000000003000
x2 <- 0x0080000000003000

mem[X,0x0080000000000D18] -> 0x0073
mem[X,0x0080000000000D1A] -> 0x3020
[1364] [M]: 0x0080000000000D18 (0x30200073) mret
CSR mstatus <- 0x0000000A00000088
ret-ing from M to S

mem[X,0x00800000000007F0] -> 0x0013
mem[X,0x00800000000007F2] -> 0x0000
[1365] [S]: 0x00800000000007F0 (0x00000013) addi zero, zero, 0x0

mem[X,0x00800000000007F4] -> 0x0013
mem[X,0x00800000000007F6] -> 0x0000
[1366] [S]: 0x00800000000007F4 (0x00000013) addi zero, zero, 0x0

mem[X,0x00800000000007F8] -> 0x0013
mem[X,0x00800000000007FA] -> 0x0000
[1367] [S]: 0x00800000000007F8 (0x00000013) addi zero, zero, 0x0

mem[X,0x00800000000007FC] -> 0x0013
mem[X,0x00800000000007FE] -> 0x0000
[1368] [S]: 0x00800000000007FC (0x00000013) addi zero, zero, 0x0

mem[X,0x0080000000000800] -> 0x8067
mem[X,0x0080000000000802] -> 0x0000
[1369] [S]: 0x0080000000000800 (0x00008067) jalr zero, 0x0(ra)

mem[X,0x00800000000006E0] -> 0x0113
mem[X,0x00800000000006E2] -> 0x0000
[1370] [S]: 0x00800000000006E0 (0x00000113) addi sp, zero, 0x0
x2 <- 0x0000000000000000

mem[X,0x00800000000006E4] -> 0x0073
mem[X,0x00800000000006E6] -> 0x0000
[1371] [S]: 0x00800000000006E4 (0x00000073) ecall
trapping from S to M to handle s-call
handling exc#0x09 at priv M with tval 0x0000000000000000
CSR mstatus <- 0x0000000A00000880

mem[X,0x0080000000000900] -> 0x006F
mem[X,0x0080000000000902] -> 0x1000
[1372] [M]: 0x0080000000000900 (0x1000006F) jal zero, 0x100

mem[X,0x0080000000000A00] -> 0x1173
mem[X,0x0080000000000A02] -> 0x3401
[1373] [M]: 0x0080000000000A00 (0x34011173) csrrw sp, mscratch, sp
CSR mscratch <- 0x0000000000000000 (input: 0x0000000000000000)
x2 <- 0x0080000000003000

mem[X,0x0080000000000A04] -> 0x3423
mem[X,0x0080000000000A06] -> 0x28B1
[1374] [M]: 0x0080000000000A04 (0x28B13423) sd a1, 0x288(sp)
mem[0x0080000000003288] <- 0x0000000000000000

mem[X,0x0080000000000A08] -> 0x05EF
mem[X,0x0080000000000A0A] -> 0x0B80
[1375] [M]: 0x0080000000000A08 (0x0B8005EF) jal a1, 0xb8
x11 <- 0x0080000000000A0C

mem[X,0x0080000000000AC0] -> 0x3023
mem[X,0x0080000000000AC2] -> 0x28A1
[1376] [M]: 0x0080000000000AC0 (0x28A13023) sd a0, 0x280(sp)
mem[0x0080000000003280] <- 0x0000000000000001

mem[X,0x0080000000000AC4] -> 0x1573
mem[X,0x0080000000000AC6] -> 0x3401
[1377] [M]: 0x0080000000000AC4 (0x34011573) csrrw a0, mscratch, sp
CSR mscratch <- 0x0080000000003000 (input: 0x0080000000003000)
x10 <- 0x0000000000000000

mem[X,0x0080000000000AC8] -> 0x3823
mem[X,0x0080000000000ACA] -> 0x28A1
[1378] [M]: 0x0080000000000AC8 (0x28A13823) sd a0, 0x290(sp)
mem[0x0080000000003290] <- 0x0000000000000000

mem[X,0x0080000000000ACC] -> 0x3503
mem[X,0x0080000000000ACE] -> 0x2301
[1379] [M]: 0x0080000000000ACC (0x23013503) ld a0, 0x230(sp)
mem[R,0x0080000000003230] -> 0x0080000000000AD4
x10 <- 0x0080000000000AD4

mem[X,0x0080000000000AD0] -> 0x0067
mem[X,0x0080000000000AD2] -> 0x0005
[1380] [M]: 0x0080000000000AD0 (0x00050067) jalr zero, 0x0(a0)

mem[X,0x0080000000000AD4] -> 0x3C23
mem[X,0x0080000000000AD6] -> 0x2691
[1381] [M]: 0x0080000000000AD4 (0x26913C23) sd s1, 0x278(sp)
mem[0x0080000000003278] <- 0x00800000000007F0

mem[X,0x0080000000000AD8] -> 0x3823
mem[X,0x0080000000000ADA] -> 0x2681
[1382] [M]: 0x0080000000000AD8 (0x26813823) sd fp, 0x270(sp)
mem[0x0080000000003270] <- 0x0000000000007F76

mem[X,0x0080000000000ADC] -> 0x3423
mem[X,0x0080000000000ADE] -> 0x2671
[1383] [M]: 0x0080000000000ADC (0x26713423) sd t2, 0x268(sp)
mem[0x0080000000003268] <- 0x00000000003FBB6F

mem[X,0x0080000000000AE0] -> 0x3023
mem[X,0x0080000000000AE2] -> 0x2661
[1384] [M]: 0x0080000000000AE0 (0x26613023) sd t1, 0x260(sp)
mem[0x0080000000003260] <- 0x0000000000000010

mem[X,0x0080000000000AE4] -> 0x2573
mem[X,0x0080000000000AE6] -> 0x3420
[1385] [M]: 0x0080000000000AE4 (0x34202573) csrrs a0, mcause, zero
CSR mcause -> 0x0000000000000009
x10 <- 0x0000000000000009

mem[X,0x0080000000000AE8] -> 0x04B7
mem[X,0x0080000000000AEA] -> 0x8000
[1386] [M]: 0x0080000000000AE8 (0x800004B7) lui s1, -0x80000
x9 <- 0xFFFFFFFF80000000

mem[X,0x0080000000000AEC] -> 0x8493
mem[X,0x0080000000000AEE] -> 0x0004
[1387] [M]: 0x0080000000000AEC (0x00048493) addi s1, s1, 0x0
x9 <- 0xFFFFFFFF80000000

mem[X,0x0080000000000AF0] -> 0x9493
mem[X,0x0080000000000AF2] -> 0x00B4
[1388] [M]: 0x0080000000000AF0 (0x00B49493) slli s1, s1, 0xb
x9 <- 0xFFFFFC0000000000

mem[X,0x0080000000000AF4] -> 0x8493
mem[X,0x0080000000000AF6] -> 0x0004
[1389] [M]: 0x0080000000000AF4 (0x00048493) addi s1, s1, 0x0
x9 <- 0xFFFFFC0000000000

mem[X,0x0080000000000AF8] -> 0x9493
mem[X,0x0080000000000AFA] -> 0x00B4
[1390] [M]: 0x0080000000000AF8 (0x00B49493) slli s1, s1, 0xb
x9 <- 0xFFE0000000000000

mem[X,0x0080000000000AFC] -> 0x8493
mem[X,0x0080000000000AFE] -> 0x0034
[1391] [M]: 0x0080000000000AFC (0x00348493) addi s1, s1, 0x3
x9 <- 0xFFE0000000000003

mem[X,0x0080000000000B00] -> 0x9493
mem[X,0x0080000000000B02] -> 0x00A4
[1392] [M]: 0x0080000000000B00 (0x00A49493) slli s1, s1, 0xa
x9 <- 0x8000000000000C00

mem[X,0x0080000000000B04] -> 0x8493
mem[X,0x0080000000000B06] -> 0x3FC4
[1393] [M]: 0x0080000000000B04 (0x3FC48493) addi s1, s1, 0x3fc
x9 <- 0x8000000000000FFC

mem[X,0x0080000000000B08] -> 0xF4B3
mem[X,0x0080000000000B0A] -> 0x00A4
[1394] [M]: 0x0080000000000B08 (0x00A4F4B3) and s1, s1, a0
x9 <- 0x0000000000000008

mem[X,0x0080000000000B0C] -> 0x8493
mem[X,0x0080000000000B0E] -> 0xFF84
[1395] [M]: 0x0080000000000B0C (0xFF848493) addi s1, s1, -0x8
x9 <- 0x0000000000000000

mem[X,0x0080000000000B10] -> 0x9663
mem[X,0x0080000000000B12] -> 0x0004
[1396] [M]: 0x0080000000000B10 (0x00049663) bne s1, zero, 0xc

mem[X,0x0080000000000B14] -> 0x3383
mem[X,0x0080000000000B16] -> 0x2901
[1397] [M]: 0x0080000000000B14 (0x29013383) ld t2, 0x290(sp)
mem[R,0x0080000000003290] -> 0x0000000000000000
x7 <- 0x0000000000000000

mem[X,0x0080000000000B18] -> 0x8663
mem[X,0x0080000000000B1A] -> 0x6A03
[1398] [M]: 0x0080000000000B18 (0x6A038663) beq t2, zero, 0x6ac

mem[X,0x00800000000011C4] -> 0x0493
mem[X,0x00800000000011C6] -> 0xFF55
[1399] [M]: 0x00800000000011C4 (0xFF550493) addi s1, a0, -0xb
x9 <- 0xFFFFFFFFFFFFFFFE

clint::tick mtime <- 0x000000000000000E
 clint timer pending at mtime 0x000000000000000E
htif::tick 0x0000000000000000
mem[X,0x00800000000011C8] -> 0x8C63
mem[X,0x00800000000011CA] -> 0x0004
[1400] [M]: 0x00800000000011C8 (0x00048C63) beq s1, zero, 0x18

mem[X,0x00800000000011CC] -> 0x3583
mem[X,0x00800000000011CE] -> 0x4701
[1401] [M]: 0x00800000000011CC (0x47013583) ld a1, 0x470(sp)
mem[R,0x0080000000003470] -> 0x008000000000039C
x11 <- 0x008000000000039C

mem[X,0x00800000000011D0] -> 0xD463
mem[X,0x00800000000011D2] -> 0x0003
[1402] [M]: 0x00800000000011D0 (0x0003D463) bge t2, zero, 0x8

mem[X,0x00800000000011D8] -> 0x3483
mem[X,0x00800000000011DA] -> 0x1D81
[1403] [M]: 0x00800000000011D8 (0x1D813483) ld s1, 0x1d8(sp)
mem[R,0x00800000000031D8] -> 0x008000000000039C
x9 <- 0x008000000000039C

mem[X,0x00800000000011DC] -> 0x84B3
mem[X,0x00800000000011DE] -> 0x40B4
[1404] [M]: 0x00800000000011DC (0x40B484B3) sub s1, s1, a1
x9 <- 0x0000000000000000

mem[X,0x00800000000011E0] -> 0x23F3
mem[X,0x00800000000011E2] -> 0x3410
[1405] [M]: 0x00800000000011E0 (0x341023F3) csrrs t2, mepc, zero
CSR mepc -> 0x00800000000006E4
x7 <- 0x00800000000006E4

mem[X,0x00800000000011E4] -> 0x83B3
mem[X,0x00800000000011E6] -> 0x0093
[1406] [M]: 0x00800000000011E4 (0x009383B3) add t2, t2, s1
x7 <- 0x00800000000006E4

mem[X,0x00800000000011E8] -> 0x3303
mem[X,0x00800000000011EA] -> 0x2601
[1407] [M]: 0x00800000000011E8 (0x26013303) ld t1, 0x260(sp)
mem[R,0x0080000000003260] -> 0x0000000000000010
x6 <- 0x0000000000000010

mem[X,0x00800000000011EC] -> 0x3403
mem[X,0x00800000000011EE] -> 0x2701
[1408] [M]: 0x00800000000011EC (0x27013403) ld fp, 0x270(sp)
mem[R,0x0080000000003270] -> 0x0000000000007F76
x8 <- 0x0000000000007F76

mem[X,0x00800000000011F0] -> 0x3483
mem[X,0x00800000000011F2] -> 0x2781
[1409] [M]: 0x00800000000011F0 (0x27813483) ld s1, 0x278(sp)
mem[R,0x0080000000003278] -> 0x00800000000007F0
x9 <- 0x00800000000007F0

mem[X,0x00800000000011F4] -> 0x3503
mem[X,0x00800000000011F6] -> 0x2801
[1410] [M]: 0x00800000000011F4 (0x28013503) ld a0, 0x280(sp)
mem[R,0x0080000000003280] -> 0x0000000000000001
x10 <- 0x0000000000000001

mem[X,0x00800000000011F8] -> 0x3583
mem[X,0x00800000000011FA] -> 0x2881
[1411] [M]: 0x00800000000011F8 (0x28813583) ld a1, 0x288(sp)
mem[R,0x0080000000003288] -> 0x0000000000000000
x11 <- 0x0000000000000000

mem[X,0x00800000000011FC] -> 0x3103
mem[X,0x00800000000011FE] -> 0x2901
[1412] [M]: 0x00800000000011FC (0x29013103) ld sp, 0x290(sp)
mem[R,0x0080000000003290] -> 0x0000000000000000
x2 <- 0x0000000000000000

mem[X,0x0080000000001200] -> 0x8067
mem[X,0x0080000000001202] -> 0x0043
[1413] [M]: 0x0080000000001200 (0x00438067) jalr zero, 0x4(t2)

mem[X,0x00800000000006E8] -> 0x2773
mem[X,0x00800000000006EA] -> 0x3000
[1414] [M]: 0x00800000000006E8 (0x30002773) csrrs a4, mstatus, zero
CSR mstatus -> 0x0000000A00000880
x14 <- 0x0000000A00000880

mem[X,0x00800000000006EC] -> 0x0013
mem[X,0x00800000000006EE] -> 0x0000
[1415] [M]: 0x00800000000006EC (0x00000013) addi zero, zero, 0x0

mem[X,0x00800000000006F0] -> 0x0493
mem[X,0x00800000000006F2] -> 0xFFF0
[1416] [M]: 0x00800000000006F0 (0xFFF00493) addi s1, zero, -0x1
x9 <- 0xFFFFFFFFFFFFFFFF

mem[X,0x00800000000006F4] -> 0xD493
mem[X,0x00800000000006F6] -> 0x03E4
[1417] [M]: 0x00800000000006F4 (0x03E4D493) srli s1, s1, 0x3e
x9 <- 0x0000000000000003

mem[X,0x00800000000006F8] -> 0x9493
mem[X,0x00800000000006FA] -> 0x00B4
[1418] [M]: 0x00800000000006F8 (0x00B49493) slli s1, s1, 0xb
x9 <- 0x0000000000001800

mem[X,0x00800000000006FC] -> 0xB073
mem[X,0x00800000000006FE] -> 0x3004
[1419] [M]: 0x00800000000006FC (0x3004B073) csrrc zero, mstatus, s1
CSR mstatus <- 0x0000000A00000080 (input: 0x0000000A00000080)

mem[X,0x0080000000000700] -> 0x2173
mem[X,0x0080000000000702] -> 0x3400
[1420] [M]: 0x0080000000000700 (0x34002173) csrrs sp, mscratch, zero
CSR mscratch -> 0x0080000000003000
x2 <- 0x0080000000003000

mem[X,0x0080000000000704] -> 0x3303
mem[X,0x0080000000000706] -> 0x4701
[1421] [M]: 0x0080000000000704 (0x47013303) ld t1, 0x470(sp)
mem[R,0x0080000000003470] -> 0x008000000000039C
x6 <- 0x008000000000039C

mem[X,0x0080000000000708] -> 0x3483
mem[X,0x008000000000070A] -> 0x1D81
[1422] [M]: 0x0080000000000708 (0x1D813483) ld s1, 0x1d8(sp)
mem[R,0x00800000000031D8] -> 0x008000000000039C
x9 <- 0x008000000000039C

mem[X,0x008000000000070C] -> 0x0333
mem[X,0x008000000000070E] -> 0x4093
[1423] [M]: 0x008000000000070C (0x40930333) sub t1, t1, s1
x6 <- 0x0000000000000000

mem[X,0x0080000000000710] -> 0x0313
mem[X,0x0080000000000712] -> 0x0103
[1424] [M]: 0x0080000000000710 (0x01030313) addi t1, t1, 0x10
x6 <- 0x0000000000000010

mem[X,0x0080000000000714] -> 0x0497
mem[X,0x0080000000000716] -> 0x0000
[1425] [M]: 0x0080000000000714 (0x00000497) auipc s1, 0x0
x9 <- 0x0080000000000714

mem[X,0x0080000000000718] -> 0x84B3
mem[X,0x008000000000071A] -> 0x0064
[1426] [M]: 0x0080000000000718 (0x006484B3) add s1, s1, t1
x9 <- 0x0080000000000724

mem[X,0x008000000000071C] -> 0x94F3
mem[X,0x008000000000071E] -> 0x3414
[1427] [M]: 0x008000000000071C (0x341494F3) csrrw s1, mepc, s1
CSR mepc <- 0x0080000000000724 (input: 0x0080000000000724)
x9 <- 0x00800000000006E4

mem[X,0x0080000000000720] -> 0x0073
mem[X,0x0080000000000722] -> 0x3020
[1428] [M]: 0x0080000000000720 (0x30200073) mret
CSR mstatus <- 0x0000000A00000088
ret-ing from M to U

mem[X,0x0080000000000724] -> 0x0013
mem[X,0x0080000000000726] -> 0x0000
[1429] [U]: 0x0080000000000724 (0x00000013) addi zero, zero, 0x0

mem[X,0x0080000000000728] -> 0x0013
mem[X,0x008000000000072A] -> 0x0000
[1430] [U]: 0x0080000000000728 (0x00000013) addi zero, zero, 0x0

mem[X,0x008000000000072C] -> 0x0013
mem[X,0x008000000000072E] -> 0x0000
[1431] [U]: 0x008000000000072C (0x00000013) addi zero, zero, 0x0

mem[X,0x0080000000000730] -> 0x0013
mem[X,0x0080000000000732] -> 0x0000
[1432] [U]: 0x0080000000000730 (0x00000013) addi zero, zero, 0x0

mem[X,0x0080000000000734] -> 0x0013
mem[X,0x0080000000000736] -> 0x0000
[1433] [U]: 0x0080000000000734 (0x00000013) addi zero, zero, 0x0

mem[X,0x0080000000000738] -> 0x0013
mem[X,0x008000000000073A] -> 0x0000
[1434] [U]: 0x0080000000000738 (0x00000013) addi zero, zero, 0x0

mem[X,0x008000000000073C] -> 0x0013
mem[X,0x008000000000073E] -> 0x0000
[1435] [U]: 0x008000000000073C (0x00000013) addi zero, zero, 0x0

mem[X,0x0080000000000740] -> 0x0797
mem[X,0x0080000000000742] -> 0x0000
[1436] [U]: 0x0080000000000740 (0x00000797) auipc a5, 0x0
x15 <- 0x0080000000000740

mem[X,0x0080000000000744] -> 0x8793
mem[X,0x0080000000000746] -> 0x0A87
[1437] [U]: 0x0080000000000744 (0x0A878793) addi a5, a5, 0xa8
x15 <- 0x00800000000007E8

mem[X,0x0080000000000748] -> 0x0013
mem[X,0x008000000000074A] -> 0x0000
[1438] [U]: 0x0080000000000748 (0x00000013) addi zero, zero, 0x0

mem[X,0x008000000000074C] -> 0x0013
mem[X,0x008000000000074E] -> 0x0000
[1439] [U]: 0x008000000000074C (0x00000013) addi zero, zero, 0x0

mem[X,0x0080000000000750] -> 0x0013
mem[X,0x0080000000000752] -> 0x0000
[1440] [U]: 0x0080000000000750 (0x00000013) addi zero, zero, 0x0

mem[X,0x0080000000000754] -> 0x0013
mem[X,0x0080000000000756] -> 0x0000
[1441] [U]: 0x0080000000000754 (0x00000013) addi zero, zero, 0x0

mem[X,0x0080000000000758] -> 0x0013
mem[X,0x008000000000075A] -> 0x0000
[1442] [U]: 0x0080000000000758 (0x00000013) addi zero, zero, 0x0

mem[X,0x008000000000075C] -> 0x0013
mem[X,0x008000000000075E] -> 0x0000
[1443] [U]: 0x008000000000075C (0x00000013) addi zero, zero, 0x0

mem[X,0x0080000000000760] -> 0x0713
mem[X,0x0080000000000762] -> 0x0130
[1444] [U]: 0x0080000000000760 (0x01300713) addi a4, zero, 0x13
x14 <- 0x0000000000000013

mem[X,0x0080000000000764] -> 0x8023
mem[X,0x0080000000000766] -> 0x00E7
[1445] [U]: 0x0080000000000764 (0x00E78023) sb a4, 0x0(a5)
mem[0x00800000000007E8] <- 0x13

mem[X,0x0080000000000768] -> 0x0013
mem[X,0x008000000000076A] -> 0x0000
[1446] [U]: 0x0080000000000768 (0x00000013) addi zero, zero, 0x0

mem[X,0x008000000000076C] -> 0x0013
mem[X,0x008000000000076E] -> 0x0000
[1447] [U]: 0x008000000000076C (0x00000013) addi zero, zero, 0x0

mem[X,0x0080000000000770] -> 0x9023
mem[X,0x0080000000000772] -> 0x00E7
[1448] [U]: 0x0080000000000770 (0x00E79023) sh a4, 0x0(a5)
mem[0x00800000000007E8] <- 0x0013

mem[X,0x0080000000000774] -> 0x0013
mem[X,0x0080000000000776] -> 0x0000
[1449] [U]: 0x0080000000000774 (0x00000013) addi zero, zero, 0x0

mem[X,0x0080000000000778] -> 0x0013
mem[X,0x008000000000077A] -> 0x0000
[1450] [U]: 0x0080000000000778 (0x00000013) addi zero, zero, 0x0

mem[X,0x008000000000077C] -> 0xA023
mem[X,0x008000000000077E] -> 0x00E7
[1451] [U]: 0x008000000000077C (0x00E7A023) sw a4, 0x0(a5)
mem[0x00800000000007E8] <- 0x00000013

mem[X,0x0080000000000780] -> 0x0013
mem[X,0x0080000000000782] -> 0x0000
[1452] [U]: 0x0080000000000780 (0x00000013) addi zero, zero, 0x0

mem[X,0x0080000000000784] -> 0x0013
mem[X,0x0080000000000786] -> 0x0000
[1453] [U]: 0x0080000000000784 (0x00000013) addi zero, zero, 0x0

mem[X,0x0080000000000788] -> 0xB023
mem[X,0x008000000000078A] -> 0x00E7
[1454] [U]: 0x0080000000000788 (0x00E7B023) sd a4, 0x0(a5)
trapping from U to M to handle store/amo-access-fault
handling exc#0x07 at priv M with tval 0x00800000000007E8
CSR mstatus <- 0x0000000A00000080

mem[X,0x0080000000000900] -> 0x006F
mem[X,0x0080000000000902] -> 0x1000
[1455] [M]: 0x0080000000000900 (0x1000006F) jal zero, 0x100

mem[X,0x0080000000000A00] -> 0x1173
mem[X,0x0080000000000A02] -> 0x3401
[1456] [M]: 0x0080000000000A00 (0x34011173) csrrw sp, mscratch, sp
CSR mscratch <- 0x0080000000003000 (input: 0x0080000000003000)
x2 <- 0x0080000000003000

mem[X,0x0080000000000A04] -> 0x3423
mem[X,0x0080000000000A06] -> 0x28B1
[1457] [M]: 0x0080000000000A04 (0x28B13423) sd a1, 0x288(sp)
mem[0x0080000000003288] <- 0x0000000000000000

mem[X,0x0080000000000A08] -> 0x05EF
mem[X,0x0080000000000A0A] -> 0x0B80
[1458] [M]: 0x0080000000000A08 (0x0B8005EF) jal a1, 0xb8
x11 <- 0x0080000000000A0C

mem[X,0x0080000000000AC0] -> 0x3023
mem[X,0x0080000000000AC2] -> 0x28A1
[1459] [M]: 0x0080000000000AC0 (0x28A13023) sd a0, 0x280(sp)
mem[0x0080000000003280] <- 0x0000000000000001

mem[X,0x0080000000000AC4] -> 0x1573
mem[X,0x0080000000000AC6] -> 0x3401
[1460] [M]: 0x0080000000000AC4 (0x34011573) csrrw a0, mscratch, sp
CSR mscratch <- 0x0080000000003000 (input: 0x0080000000003000)
x10 <- 0x0080000000003000

mem[X,0x0080000000000AC8] -> 0x3823
mem[X,0x0080000000000ACA] -> 0x28A1
[1461] [M]: 0x0080000000000AC8 (0x28A13823) sd a0, 0x290(sp)
mem[0x0080000000003290] <- 0x0080000000003000

mem[X,0x0080000000000ACC] -> 0x3503
mem[X,0x0080000000000ACE] -> 0x2301
[1462] [M]: 0x0080000000000ACC (0x23013503) ld a0, 0x230(sp)
mem[R,0x0080000000003230] -> 0x0080000000000AD4
x10 <- 0x0080000000000AD4

mem[X,0x0080000000000AD0] -> 0x0067
mem[X,0x0080000000000AD2] -> 0x0005
[1463] [M]: 0x0080000000000AD0 (0x00050067) jalr zero, 0x0(a0)

mem[X,0x0080000000000AD4] -> 0x3C23
mem[X,0x0080000000000AD6] -> 0x2691
[1464] [M]: 0x0080000000000AD4 (0x26913C23) sd s1, 0x278(sp)
mem[0x0080000000003278] <- 0x00800000000006E4

mem[X,0x0080000000000AD8] -> 0x3823
mem[X,0x0080000000000ADA] -> 0x2681
[1465] [M]: 0x0080000000000AD8 (0x26813823) sd fp, 0x270(sp)
mem[0x0080000000003270] <- 0x0000000000007F76

mem[X,0x0080000000000ADC] -> 0x3423
mem[X,0x0080000000000ADE] -> 0x2671
[1466] [M]: 0x0080000000000ADC (0x26713423) sd t2, 0x268(sp)
mem[0x0080000000003268] <- 0x00800000000006E4

mem[X,0x0080000000000AE0] -> 0x3023
mem[X,0x0080000000000AE2] -> 0x2661
[1467] [M]: 0x0080000000000AE0 (0x26613023) sd t1, 0x260(sp)
mem[0x0080000000003260] <- 0x0000000000000010

mem[X,0x0080000000000AE4] -> 0x2573
mem[X,0x0080000000000AE6] -> 0x3420
[1468] [M]: 0x0080000000000AE4 (0x34202573) csrrs a0, mcause, zero
CSR mcause -> 0x0000000000000007
x10 <- 0x0000000000000007

mem[X,0x0080000000000AE8] -> 0x04B7
mem[X,0x0080000000000AEA] -> 0x8000
[1469] [M]: 0x0080000000000AE8 (0x800004B7) lui s1, -0x80000
x9 <- 0xFFFFFFFF80000000

mem[X,0x0080000000000AEC] -> 0x8493
mem[X,0x0080000000000AEE] -> 0x0004
[1470] [M]: 0x0080000000000AEC (0x00048493) addi s1, s1, 0x0
x9 <- 0xFFFFFFFF80000000

mem[X,0x0080000000000AF0] -> 0x9493
mem[X,0x0080000000000AF2] -> 0x00B4
[1471] [M]: 0x0080000000000AF0 (0x00B49493) slli s1, s1, 0xb
x9 <- 0xFFFFFC0000000000

mem[X,0x0080000000000AF4] -> 0x8493
mem[X,0x0080000000000AF6] -> 0x0004
[1472] [M]: 0x0080000000000AF4 (0x00048493) addi s1, s1, 0x0
x9 <- 0xFFFFFC0000000000

mem[X,0x0080000000000AF8] -> 0x9493
mem[X,0x0080000000000AFA] -> 0x00B4
[1473] [M]: 0x0080000000000AF8 (0x00B49493) slli s1, s1, 0xb
x9 <- 0xFFE0000000000000

mem[X,0x0080000000000AFC] -> 0x8493
mem[X,0x0080000000000AFE] -> 0x0034
[1474] [M]: 0x0080000000000AFC (0x00348493) addi s1, s1, 0x3
x9 <- 0xFFE0000000000003

mem[X,0x0080000000000B00] -> 0x9493
mem[X,0x0080000000000B02] -> 0x00A4
[1475] [M]: 0x0080000000000B00 (0x00A49493) slli s1, s1, 0xa
x9 <- 0x8000000000000C00

mem[X,0x0080000000000B04] -> 0x8493
mem[X,0x0080000000000B06] -> 0x3FC4
[1476] [M]: 0x0080000000000B04 (0x3FC48493) addi s1, s1, 0x3fc
x9 <- 0x8000000000000FFC

mem[X,0x0080000000000B08] -> 0xF4B3
mem[X,0x0080000000000B0A] -> 0x00A4
[1477] [M]: 0x0080000000000B08 (0x00A4F4B3) and s1, s1, a0
x9 <- 0x0000000000000004

mem[X,0x0080000000000B0C] -> 0x8493
mem[X,0x0080000000000B0E] -> 0xFF84
[1478] [M]: 0x0080000000000B0C (0xFF848493) addi s1, s1, -0x8
x9 <- 0xFFFFFFFFFFFFFFFC

mem[X,0x0080000000000B10] -> 0x9663
mem[X,0x0080000000000B12] -> 0x0004
[1479] [M]: 0x0080000000000B10 (0x00049663) bne s1, zero, 0xc

mem[X,0x0080000000000B1C] -> 0x0393
mem[X,0x0080000000000B1E] -> 0x0200
[1480] [M]: 0x0080000000000B1C (0x02000393) addi t2, zero, 0x20
x7 <- 0x0000000000000020

mem[X,0x0080000000000B20] -> 0x5263
mem[X,0x0080000000000B22] -> 0x0405
[1481] [M]: 0x0080000000000B20 (0x04055263) bge a0, zero, 0x44

mem[X,0x0080000000000B64] -> 0x2373
mem[X,0x0080000000000B66] -> 0x3010
[1482] [M]: 0x0080000000000B64 (0x30102373) csrrs t1, misa, zero
CSR misa -> 0x800000000034112D
x6 <- 0x800000000034112D

mem[X,0x0080000000000B68] -> 0x1313
mem[X,0x0080000000000B6A] -> 0x0383
[1483] [M]: 0x0080000000000B68 (0x03831313) slli t1, t1, 0x38
x6 <- 0x2D00000000000000

mem[X,0x0080000000000B6C] -> 0x5463
mem[X,0x0080000000000B6E] -> 0x0003
[1484] [M]: 0x0080000000000B6C (0x00035463) bge t1, zero, 0x8

mem[X,0x0080000000000B74] -> 0x3303
mem[X,0x0080000000000B76] -> 0x2181
[1485] [M]: 0x0080000000000B74 (0x21813303) ld t1, 0x218(sp)
mem[R,0x0080000000003218] -> 0x0080000000004420
x6 <- 0x0080000000004420

mem[X,0x0080000000000B78] -> 0x04B3
mem[X,0x0080000000000B7A] -> 0x0073
[1486] [M]: 0x0080000000000B78 (0x007304B3) add s1, t1, t2
x9 <- 0x0080000000004440

mem[X,0x0080000000000B7C] -> 0x3C23
mem[X,0x0080000000000B7E] -> 0x2091
[1487] [M]: 0x0080000000000B7C (0x20913C23) sd s1, 0x218(sp)
mem[0x0080000000003218] <- 0x0080000000004440

mem[X,0x0080000000000B80] -> 0x3403
mem[X,0x0080000000000B82] -> 0x1F81
[1488] [M]: 0x0080000000000B80 (0x1F813403) ld fp, 0x1f8(sp)
mem[R,0x00800000000031F8] -> 0x0080000000004210
x8 <- 0x0080000000004210

mem[X,0x0080000000000B84] -> 0x0333
mem[X,0x0080000000000B86] -> 0x4083
[1489] [M]: 0x0080000000000B84 (0x40830333) sub t1, t1, fp
x6 <- 0x0000000000000210

mem[X,0x0080000000000B88] -> 0x3403
mem[X,0x0080000000000B8A] -> 0x1F81
[1490] [M]: 0x0080000000000B88 (0x1F813403) ld fp, 0x1f8(sp)
mem[R,0x00800000000031F8] -> 0x0080000000004210
x8 <- 0x0080000000004210

mem[X,0x0080000000000B8C] -> 0x0333
mem[X,0x0080000000000B8E] -> 0x0083
[1491] [M]: 0x0080000000000B8C (0x00830333) add t1, t1, fp
x6 <- 0x0080000000004420

mem[X,0x0080000000000B90] -> 0x3403
mem[X,0x0080000000000B92] -> 0x2401
[1492] [M]: 0x0080000000000B90 (0x24013403) ld fp, 0x240(sp)
mem[R,0x0080000000003240] -> 0x0080000000000900
x8 <- 0x0080000000000900

mem[X,0x0080000000000B94] -> 0x85B3
mem[X,0x0080000000000B96] -> 0x4085
[1493] [M]: 0x0080000000000B94 (0x408585B3) sub a1, a1, fp
x11 <- 0x000000000000010C

mem[X,0x0080000000000B98] -> 0x9593
mem[X,0x0080000000000B9A] -> 0x0045
[1494] [M]: 0x0080000000000B98 (0x00459593) slli a1, a1, 0x4
x11 <- 0x00000000000010C0

mem[X,0x0080000000000B9C] -> 0xE5B3
mem[X,0x0080000000000B9E] -> 0x0075
[1495] [M]: 0x0080000000000B9C (0x0075E5B3) or a1, a1, t2
x11 <- 0x00000000000010E0

mem[X,0x0080000000000BA0] -> 0x8593
mem[X,0x0080000000000BA2] -> 0x0035
[1496] [M]: 0x0080000000000BA0 (0x00358593) addi a1, a1, 0x3
x11 <- 0x00000000000010E3

mem[X,0x0080000000000BA4] -> 0x3023
mem[X,0x0080000000000BA6] -> 0x00B3
[1497] [M]: 0x0080000000000BA4 (0x00B33023) sd a1, 0x0(t1)
mem[0x0080000000004420] <- 0x00000000000010E3

mem[X,0x0080000000000BA8] -> 0x3423
mem[X,0x0080000000000BAA] -> 0x00A3
[1498] [M]: 0x0080000000000BA8 (0x00A33423) sd a0, 0x8(t1)
mem[0x0080000000004428] <- 0x0000000000000007

mem[X,0x0080000000000BAC] -> 0x4863
mem[X,0x0080000000000BAE] -> 0x1605
[1499] [M]: 0x0080000000000BAC (0x16054863) blt a0, zero, 0x170

clint::tick mtime <- 0x000000000000000F
 clint timer pending at mtime 0x000000000000000F
htif::tick 0x0000000000000000
mem[X,0x0080000000000BB0] -> 0x25F3
mem[X,0x0080000000000BB2] -> 0x3000
[1500] [M]: 0x0080000000000BB0 (0x300025F3) csrrs a1, mstatus, zero
CSR mstatus -> 0x0000000A00000080
x11 <- 0x0000000A00000080

mem[X,0x0080000000000BB4] -> 0x9413
mem[X,0x0080000000000BB6] -> 0x02E5
[1501] [M]: 0x0080000000000BB4 (0x02E59413) slli fp, a1, 0x2e
x8 <- 0x0020000000000000

mem[X,0x0080000000000BB8] -> 0x5463
mem[X,0x0080000000000BBA] -> 0x0004
[1502] [M]: 0x0080000000000BB8 (0x00045463) bge fp, zero, 0x8

mem[X,0x0080000000000BC0] -> 0xD493
mem[X,0x0080000000000BC2] -> 0x00B5
[1503] [M]: 0x0080000000000BC0 (0x00B5D493) srli s1, a1, 0xb
x9 <- 0x0000000001400000

mem[X,0x0080000000000BC4] -> 0xF493
mem[X,0x0080000000000BC6] -> 0x0034
[1504] [M]: 0x0080000000000BC4 (0x0034F493) andi s1, s1, 0x3
x9 <- 0x0000000000000000

mem[X,0x0080000000000BC8] -> 0x8493
mem[X,0x0080000000000BCA] -> 0x0014
[1505] [M]: 0x0080000000000BC8 (0x00148493) addi s1, s1, 0x1
x9 <- 0x0000000000000001

mem[X,0x0080000000000BCC] -> 0xF493
mem[X,0x0080000000000BCE] -> 0x0044
[1506] [M]: 0x0080000000000BCC (0x0044F493) andi s1, s1, 0x4
x9 <- 0x0000000000000000

mem[X,0x0080000000000BD0] -> 0x0593
mem[X,0x0080000000000BD2] -> 0x05D0
[1507] [M]: 0x0080000000000BD0 (0x05D00593) addi a1, zero, 0x5d
x11 <- 0x000000000000005D

mem[X,0x0080000000000BD4] -> 0xD5B3
mem[X,0x0080000000000BD6] -> 0x0095
[1508] [M]: 0x0080000000000BD4 (0x0095D5B3) srl a1, a1, s1
x11 <- 0x000000000000005D

mem[X,0x0080000000000BD8] -> 0xF593
mem[X,0x0080000000000BDA] -> 0x0015
[1509] [M]: 0x0080000000000BD8 (0x0015F593) andi a1, a1, 0x1
x11 <- 0x0000000000000001

mem[X,0x0080000000000BDC] -> 0x8EE3
mem[X,0x0080000000000BDE] -> 0xF405
[1510] [M]: 0x0080000000000BDC (0xF4058EE3) beq a1, zero, -0xa4

mem[X,0x0080000000000BE0] -> 0x0593
mem[X,0x0080000000000BE2] -> 0x2980
[1511] [M]: 0x0080000000000BE0 (0x29800593) addi a1, zero, 0x298
x11 <- 0x0000000000000298

mem[X,0x0080000000000BE4] -> 0xF413
mem[X,0x0080000000000BE6] -> 0x0014
[1512] [M]: 0x0080000000000BE4 (0x0014F413) andi fp, s1, 0x1
x8 <- 0x0000000000000000

mem[X,0x0080000000000BE8] -> 0x95B3
mem[X,0x0080000000000BEA] -> 0x0085
[1513] [M]: 0x0080000000000BE8 (0x008595B3) sll a1, a1, fp
x11 <- 0x0000000000000298

mem[X,0x0080000000000BEC] -> 0x9413
mem[X,0x0080000000000BEE] -> 0x03D4
[1514] [M]: 0x0080000000000BEC (0x03D49413) slli fp, s1, 0x3d
x8 <- 0x0000000000000000

mem[X,0x0080000000000BF0] -> 0x5413
mem[X,0x0080000000000BF2] -> 0x43F4
[1515] [M]: 0x0080000000000BF0 (0x43F45413) srai fp, fp, 0x3f
x8 <- 0x0000000000000000

mem[X,0x0080000000000BF4] -> 0x4413
mem[X,0x0080000000000BF6] -> 0xFFF4
[1516] [M]: 0x0080000000000BF4 (0xFFF44413) xori fp, fp, -0x1
x8 <- 0xFFFFFFFFFFFFFFFF

mem[X,0x0080000000000BF8] -> 0xF4B3
mem[X,0x0080000000000BFA] -> 0x0085
[1517] [M]: 0x0080000000000BF8 (0x0085F4B3) and s1, a1, fp
x9 <- 0x0000000000000298

mem[X,0x0080000000000BFC] -> 0x84B3
mem[X,0x0080000000000BFE] -> 0x0024
[1518] [M]: 0x0080000000000BFC (0x002484B3) add s1, s1, sp
x9 <- 0x0080000000003298

mem[X,0x0080000000000C00] -> 0x23F3
mem[X,0x0080000000000C02] -> 0x3410
[1519] [M]: 0x0080000000000C00 (0x341023F3) csrrs t2, mepc, zero
CSR mepc -> 0x0080000000000788
x7 <- 0x0080000000000788

mem[X,0x0080000000000C04] -> 0xB403
mem[X,0x0080000000000C06] -> 0x2084
[1520] [M]: 0x0080000000000C04 (0x2084B403) ld fp, 0x208(s1)
mem[R,0x00800000000034A0] -> 0x008000000000039C
x8 <- 0x008000000000039C

mem[X,0x0080000000000C08] -> 0xB583
mem[X,0x0080000000000C0A] -> 0x2104
[1521] [M]: 0x0080000000000C08 (0x2104B583) ld a1, 0x210(s1)
mem[R,0x00800000000034A8] -> 0x0000000000000468
x11 <- 0x0000000000000468

mem[X,0x0080000000000C0C] -> 0x85B3
mem[X,0x0080000000000C0E] -> 0x0085
[1522] [M]: 0x0080000000000C0C (0x008585B3) add a1, a1, fp
x11 <- 0x0080000000000804

mem[X,0x0080000000000C10] -> 0xF463
mem[X,0x0080000000000C12] -> 0x00B3
[1523] [M]: 0x0080000000000C10 (0x00B3F463) bgeu t2, a1, 0x8

mem[X,0x0080000000000C14] -> 0xF663
mem[X,0x0080000000000C16] -> 0x0283
[1524] [M]: 0x0080000000000C14 (0x0283F663) bgeu t2, fp, 0x2c

mem[X,0x0080000000000C40] -> 0x8433
mem[X,0x0080000000000C42] -> 0x4083
[1525] [M]: 0x0080000000000C40 (0x40838433) sub fp, t2, fp
x8 <- 0x00000000000003EC

mem[X,0x0080000000000C44] -> 0x3823
mem[X,0x0080000000000C46] -> 0x0083
[1526] [M]: 0x0080000000000C44 (0x00833823) sd fp, 0x10(t1)
mem[0x0080000000004430] <- 0x00000000000003EC

mem[X,0x0080000000000C48] -> 0xF593
mem[X,0x0080000000000C4A] -> 0xFFC3
[1527] [M]: 0x0080000000000C48 (0xFFC3F593) andi a1, t2, -0x4
x11 <- 0x0080000000000788

mem[X,0x0080000000000C4C] -> 0x8593
mem[X,0x0080000000000C4E] -> 0x0085
[1528] [M]: 0x0080000000000C4C (0x00858593) addi a1, a1, 0x8
x11 <- 0x0080000000000790

mem[X,0x0080000000000C50] -> 0x9073
mem[X,0x0080000000000C52] -> 0x3415
[1529] [M]: 0x0080000000000C50 (0x34159073) csrrw zero, mepc, a1
CSR mepc <- 0x0080000000000790 (input: 0x0080000000000790)

mem[X,0x0080000000000C54] -> 0x23F3
mem[X,0x0080000000000C56] -> 0x3430
[1530] [M]: 0x0080000000000C54 (0x343023F3) csrrs t2, mtval, zero
CSR mtval -> 0x00800000000007E8
x7 <- 0x00800000000007E8

mem[X,0x0080000000000C58] -> 0x7513
mem[X,0x0080000000000C5A] -> 0x00F5
[1531] [M]: 0x0080000000000C58 (0x00F57513) andi a0, a0, 0xf
x10 <- 0x0000000000000007

mem[X,0x0080000000000C5C] -> 0x0437
mem[X,0x0080000000000C5E] -> 0x0000
[1532] [M]: 0x0080000000000C5C (0x00000437) lui fp, 0x0
x8 <- 0x0000000000000000

mem[X,0x0080000000000C60] -> 0x0413
mem[X,0x0080000000000C62] -> 0x0004
[1533] [M]: 0x0080000000000C60 (0x00040413) addi fp, fp, 0x0
x8 <- 0x0000000000000000

mem[X,0x0080000000000C64] -> 0x1413
mem[X,0x0080000000000C66] -> 0x00B4
[1534] [M]: 0x0080000000000C64 (0x00B41413) slli fp, fp, 0xb
x8 <- 0x0000000000000000

mem[X,0x0080000000000C68] -> 0x0413
mem[X,0x0080000000000C6A] -> 0x0004
[1535] [M]: 0x0080000000000C68 (0x00040413) addi fp, fp, 0x0
x8 <- 0x0000000000000000

mem[X,0x0080000000000C6C] -> 0x1413
mem[X,0x0080000000000C6E] -> 0x00B4
[1536] [M]: 0x0080000000000C6C (0x00B41413) slli fp, fp, 0xb
x8 <- 0x0000000000000000

mem[X,0x0080000000000C70] -> 0x0413
mem[X,0x0080000000000C72] -> 0x02C4
[1537] [M]: 0x0080000000000C70 (0x02C40413) addi fp, fp, 0x2c
x8 <- 0x000000000000002C

mem[X,0x0080000000000C74] -> 0x1413
mem[X,0x0080000000000C76] -> 0x00A4
[1538] [M]: 0x0080000000000C74 (0x00A41413) slli fp, fp, 0xa
x8 <- 0x000000000000B000

mem[X,0x0080000000000C78] -> 0x0413
mem[X,0x0080000000000C7A] -> 0x0FB4
[1539] [M]: 0x0080000000000C78 (0x0FB40413) addi fp, fp, 0xfb
x8 <- 0x000000000000B0FB

mem[X,0x0080000000000C7C] -> 0x5433
mem[X,0x0080000000000C7E] -> 0x00A4
[1540] [M]: 0x0080000000000C7C (0x00A45433) srl fp, fp, a0
x8 <- 0x0000000000000161

mem[X,0x0080000000000C80] -> 0x1413
mem[X,0x0080000000000C82] -> 0x03F4
[1541] [M]: 0x0080000000000C80 (0x03F41413) slli fp, fp, 0x3f
x8 <- 0x8000000000000000

mem[X,0x0080000000000C84] -> 0x5C63
mem[X,0x0080000000000C86] -> 0x0404
[1542] [M]: 0x0080000000000C84 (0x04045C63) bge fp, zero, 0x58

mem[X,0x0080000000000C88] -> 0xB403
mem[X,0x0080000000000C8A] -> 0x2084
[1543] [M]: 0x0080000000000C88 (0x2084B403) ld fp, 0x208(s1)
mem[R,0x00800000000034A0] -> 0x008000000000039C
x8 <- 0x008000000000039C

mem[X,0x0080000000000C8C] -> 0xB583
mem[X,0x0080000000000C8E] -> 0x2104
[1544] [M]: 0x0080000000000C8C (0x2104B583) ld a1, 0x210(s1)
mem[R,0x00800000000034A8] -> 0x0000000000000468
x11 <- 0x0000000000000468

mem[X,0x0080000000000C90] -> 0x85B3
mem[X,0x0080000000000C92] -> 0x0085
[1545] [M]: 0x0080000000000C90 (0x008585B3) add a1, a1, fp
x11 <- 0x0080000000000804

mem[X,0x0080000000000C94] -> 0xF463
mem[X,0x0080000000000C96] -> 0x00B3
[1546] [M]: 0x0080000000000C94 (0x00B3F463) bgeu t2, a1, 0x8

mem[X,0x0080000000000C98] -> 0xF063
mem[X,0x0080000000000C9A] -> 0x0483
[1547] [M]: 0x0080000000000C98 (0x0483F063) bgeu t2, fp, 0x40

mem[X,0x0080000000000CD8] -> 0x8433
mem[X,0x0080000000000CDA] -> 0x4083
[1548] [M]: 0x0080000000000CD8 (0x40838433) sub fp, t2, fp
x8 <- 0x000000000000044C

mem[X,0x0080000000000CDC] -> 0x3C23
mem[X,0x0080000000000CDE] -> 0x0083
[1549] [M]: 0x0080000000000CDC (0x00833C23) sd fp, 0x18(t1)
mem[0x0080000000004438] <- 0x000000000000044C

mem[X,0x0080000000000CE0] -> 0x3483
mem[X,0x0080000000000CE2] -> 0x2181
[1550] [M]: 0x0080000000000CE0 (0x21813483) ld s1, 0x218(sp)
mem[R,0x0080000000003218] -> 0x0080000000004440
x9 <- 0x0080000000004440

mem[X,0x0080000000000CE4] -> 0x3383
mem[X,0x0080000000000CE6] -> 0x1F81
[1551] [M]: 0x0080000000000CE4 (0x1F813383) ld t2, 0x1f8(sp)
mem[R,0x00800000000031F8] -> 0x0080000000004210
x7 <- 0x0080000000004210

mem[X,0x0080000000000CE8] -> 0x3303
mem[X,0x0080000000000CEA] -> 0x2001
[1552] [M]: 0x0080000000000CE8 (0x20013303) ld t1, 0x200(sp)
mem[R,0x0080000000003200] -> 0x0000000000000520
x6 <- 0x0000000000000520

mem[X,0x0080000000000CEC] -> 0x0333
mem[X,0x0080000000000CEE] -> 0x0073
[1553] [M]: 0x0080000000000CEC (0x00730333) add t1, t1, t2
x6 <- 0x0080000000004730

mem[X,0x0080000000000CF0] -> 0x6EE3
mem[X,0x0080000000000CF2] -> 0xB093
[1554] [M]: 0x0080000000000CF0 (0xB0936EE3) bltu t1, s1, -0x4e4

mem[X,0x0080000000000CF4] -> 0x0393
mem[X,0x0080000000000CF6] -> 0x2000
[1555] [M]: 0x0080000000000CF4 (0x20000393) addi t2, zero, 0x200
x7 <- 0x0000000000000200

mem[X,0x0080000000000CF8] -> 0x006F
mem[X,0x0080000000000CFA] -> 0x0400
[1556] [M]: 0x0080000000000CF8 (0x0400006F) jal zero, 0x40

mem[X,0x0080000000000D38] -> 0x0417
mem[X,0x0080000000000D3A] -> 0x0000
[1557] [M]: 0x0080000000000D38 (0x00000417) auipc fp, 0x0
x8 <- 0x0080000000000D38

mem[X,0x0080000000000D3C] -> 0x0413
mem[X,0x0080000000000D3E] -> 0x03C4
[1558] [M]: 0x0080000000000D3C (0x03C40413) addi fp, fp, 0x3c
x8 <- 0x0080000000000D74

mem[X,0x0080000000000D40] -> 0x0433
mem[X,0x0080000000000D42] -> 0x0074
[1559] [M]: 0x0080000000000D40 (0x00740433) add fp, fp, t2
x8 <- 0x0080000000000F74

mem[X,0x0080000000000D44] -> 0x1393
mem[X,0x0080000000000D46] -> 0x0035
[1560] [M]: 0x0080000000000D44 (0x00351393) slli t2, a0, 0x3
x7 <- 0x0000000000000038

mem[X,0x0080000000000D48] -> 0x0433
mem[X,0x0080000000000D4A] -> 0x0074
[1561] [M]: 0x0080000000000D48 (0x00740433) add fp, fp, t2
x8 <- 0x0080000000000FAC

mem[X,0x0080000000000D4C] -> 0x7413
mem[X,0x0080000000000D4E] -> 0xFF84
[1562] [M]: 0x0080000000000D4C (0xFF847413) andi fp, fp, -0x8
x8 <- 0x0080000000000FA8

mem[X,0x0080000000000D50] -> 0x3403
mem[X,0x0080000000000D52] -> 0x0004
[1563] [M]: 0x0080000000000D50 (0x00043403) ld fp, 0x0(fp)
mem[R,0x0080000000000FA8] -> 0x000000000000000F
x8 <- 0x000000000000000F

mem[X,0x0080000000000D54] -> 0x06E3
mem[X,0x0080000000000D56] -> 0xB404
[1564] [M]: 0x0080000000000D54 (0xB40406E3) beq fp, zero, -0x4b4

mem[X,0x0080000000000D58] -> 0x1393
mem[X,0x0080000000000D5A] -> 0x03F4
[1565] [M]: 0x0080000000000D58 (0x03F41393) slli t2, fp, 0x3f
x7 <- 0x8000000000000000

mem[X,0x0080000000000D5C] -> 0xD863
mem[X,0x0080000000000D5E] -> 0x0003
[1566] [M]: 0x0080000000000D5C (0x0003D863) bge t2, zero, 0x10

mem[X,0x0080000000000D60] -> 0x5413
mem[X,0x0080000000000D62] -> 0x0014
[1567] [M]: 0x0080000000000D60 (0x00145413) srli fp, fp, 0x1
x8 <- 0x0000000000000007

mem[X,0x0080000000000D64] -> 0x0CE3
mem[X,0x0080000000000D66] -> 0xF885
[1568] [M]: 0x0080000000000D64 (0xF8850CE3) beq a0, fp, -0x68

mem[X,0x0080000000000CFC] -> 0x3303
mem[X,0x0080000000000CFE] -> 0x2601
[1569] [M]: 0x0080000000000CFC (0x26013303) ld t1, 0x260(sp)
mem[R,0x0080000000003260] -> 0x0000000000000010
x6 <- 0x0000000000000010

mem[X,0x0080000000000D00] -> 0x3383
mem[X,0x0080000000000D02] -> 0x2681
[1570] [M]: 0x0080000000000D00 (0x26813383) ld t2, 0x268(sp)
mem[R,0x0080000000003268] -> 0x00800000000006E4
x7 <- 0x00800000000006E4

mem[X,0x0080000000000D04] -> 0x3403
mem[X,0x0080000000000D06] -> 0x2701
[1571] [M]: 0x0080000000000D04 (0x27013403) ld fp, 0x270(sp)
mem[R,0x0080000000003270] -> 0x0000000000007F76
x8 <- 0x0000000000007F76

mem[X,0x0080000000000D08] -> 0x3483
mem[X,0x0080000000000D0A] -> 0x2781
[1572] [M]: 0x0080000000000D08 (0x27813483) ld s1, 0x278(sp)
mem[R,0x0080000000003278] -> 0x00800000000006E4
x9 <- 0x00800000000006E4

mem[X,0x0080000000000D0C] -> 0x3503
mem[X,0x0080000000000D0E] -> 0x2801
[1573] [M]: 0x0080000000000D0C (0x28013503) ld a0, 0x280(sp)
mem[R,0x0080000000003280] -> 0x0000000000000001
x10 <- 0x0000000000000001

mem[X,0x0080000000000D10] -> 0x3583
mem[X,0x0080000000000D12] -> 0x2881
[1574] [M]: 0x0080000000000D10 (0x28813583) ld a1, 0x288(sp)
mem[R,0x0080000000003288] -> 0x0000000000000000
x11 <- 0x0000000000000000

mem[X,0x0080000000000D14] -> 0x3103
mem[X,0x0080000000000D16] -> 0x2901
[1575] [M]: 0x0080000000000D14 (0x29013103) ld sp, 0x290(sp)
mem[R,0x0080000000003290] -> 0x0080000000003000
x2 <- 0x0080000000003000

mem[X,0x0080000000000D18] -> 0x0073
mem[X,0x0080000000000D1A] -> 0x3020
[1576] [M]: 0x0080000000000D18 (0x30200073) mret
CSR mstatus <- 0x0000000A00000088
ret-ing from M to U

mem[X,0x0080000000000790] -> 0x0013
mem[X,0x0080000000000792] -> 0x0000
[1577] [U]: 0x0080000000000790 (0x00000013) addi zero, zero, 0x0

mem[X,0x0080000000000794] -> 0x8703
mem[X,0x0080000000000796] -> 0x0007
[1578] [U]: 0x0080000000000794 (0x00078703) lb a4, 0x0(a5)
mem[R,0x00800000000007E8] -> 0x13
x14 <- 0x0000000000000013

mem[X,0x0080000000000798] -> 0x0013
mem[X,0x008000000000079A] -> 0x0000
[1579] [U]: 0x0080000000000798 (0x00000013) addi zero, zero, 0x0

mem[X,0x008000000000079C] -> 0x0013
mem[X,0x008000000000079E] -> 0x0000
[1580] [U]: 0x008000000000079C (0x00000013) addi zero, zero, 0x0

mem[X,0x00800000000007A0] -> 0xB823
mem[X,0x00800000000007A2] -> 0x02E6
[1581] [U]: 0x00800000000007A0 (0x02E6B823) sd a4, 0x30(a3)
mem[0x0080000000004248] <- 0x0000000000000013

mem[X,0x00800000000007A4] -> 0x9703
mem[X,0x00800000000007A6] -> 0x0007
[1582] [U]: 0x00800000000007A4 (0x00079703) lh a4, 0x0(a5)
mem[R,0x00800000000007E8] -> 0x0013
x14 <- 0x0000000000000013

mem[X,0x00800000000007A8] -> 0x0013
mem[X,0x00800000000007AA] -> 0x0000
[1583] [U]: 0x00800000000007A8 (0x00000013) addi zero, zero, 0x0

mem[X,0x00800000000007AC] -> 0x0013
mem[X,0x00800000000007AE] -> 0x0000
[1584] [U]: 0x00800000000007AC (0x00000013) addi zero, zero, 0x0

mem[X,0x00800000000007B0] -> 0xBC23
mem[X,0x00800000000007B2] -> 0x02E6
[1585] [U]: 0x00800000000007B0 (0x02E6BC23) sd a4, 0x38(a3)
mem[0x0080000000004250] <- 0x0000000000000013

mem[X,0x00800000000007B4] -> 0xA703
mem[X,0x00800000000007B6] -> 0x0007
[1586] [U]: 0x00800000000007B4 (0x0007A703) lw a4, 0x0(a5)
mem[R,0x00800000000007E8] -> 0x00000013
x14 <- 0x0000000000000013

mem[X,0x00800000000007B8] -> 0x0013
mem[X,0x00800000000007BA] -> 0x0000
[1587] [U]: 0x00800000000007B8 (0x00000013) addi zero, zero, 0x0

mem[X,0x00800000000007BC] -> 0x0013
mem[X,0x00800000000007BE] -> 0x0000
[1588] [U]: 0x00800000000007BC (0x00000013) addi zero, zero, 0x0

mem[X,0x00800000000007C0] -> 0xB703
mem[X,0x00800000000007C2] -> 0x0007
[1589] [U]: 0x00800000000007C0 (0x0007B703) ld a4, 0x0(a5)
trapping from U to M to handle load-access-fault
handling exc#0x05 at priv M with tval 0x00800000000007E8
CSR mstatus <- 0x0000000A00000080

mem[X,0x0080000000000900] -> 0x006F
mem[X,0x0080000000000902] -> 0x1000
[1590] [M]: 0x0080000000000900 (0x1000006F) jal zero, 0x100

mem[X,0x0080000000000A00] -> 0x1173
mem[X,0x0080000000000A02] -> 0x3401
[1591] [M]: 0x0080000000000A00 (0x34011173) csrrw sp, mscratch, sp
CSR mscratch <- 0x0080000000003000 (input: 0x0080000000003000)
x2 <- 0x0080000000003000

mem[X,0x0080000000000A04] -> 0x3423
mem[X,0x0080000000000A06] -> 0x28B1
[1592] [M]: 0x0080000000000A04 (0x28B13423) sd a1, 0x288(sp)
mem[0x0080000000003288] <- 0x0000000000000000

mem[X,0x0080000000000A08] -> 0x05EF
mem[X,0x0080000000000A0A] -> 0x0B80
[1593] [M]: 0x0080000000000A08 (0x0B8005EF) jal a1, 0xb8
x11 <- 0x0080000000000A0C

mem[X,0x0080000000000AC0] -> 0x3023
mem[X,0x0080000000000AC2] -> 0x28A1
[1594] [M]: 0x0080000000000AC0 (0x28A13023) sd a0, 0x280(sp)
mem[0x0080000000003280] <- 0x0000000000000001

mem[X,0x0080000000000AC4] -> 0x1573
mem[X,0x0080000000000AC6] -> 0x3401
[1595] [M]: 0x0080000000000AC4 (0x34011573) csrrw a0, mscratch, sp
CSR mscratch <- 0x0080000000003000 (input: 0x0080000000003000)
x10 <- 0x0080000000003000

mem[X,0x0080000000000AC8] -> 0x3823
mem[X,0x0080000000000ACA] -> 0x28A1
[1596] [M]: 0x0080000000000AC8 (0x28A13823) sd a0, 0x290(sp)
mem[0x0080000000003290] <- 0x0080000000003000

mem[X,0x0080000000000ACC] -> 0x3503
mem[X,0x0080000000000ACE] -> 0x2301
[1597] [M]: 0x0080000000000ACC (0x23013503) ld a0, 0x230(sp)
mem[R,0x0080000000003230] -> 0x0080000000000AD4
x10 <- 0x0080000000000AD4

mem[X,0x0080000000000AD0] -> 0x0067
mem[X,0x0080000000000AD2] -> 0x0005
[1598] [M]: 0x0080000000000AD0 (0x00050067) jalr zero, 0x0(a0)

mem[X,0x0080000000000AD4] -> 0x3C23
mem[X,0x0080000000000AD6] -> 0x2691
[1599] [M]: 0x0080000000000AD4 (0x26913C23) sd s1, 0x278(sp)
mem[0x0080000000003278] <- 0x00800000000006E4

clint::tick mtime <- 0x0000000000000010
 clint timer pending at mtime 0x0000000000000010
htif::tick 0x0000000000000000
mem[X,0x0080000000000AD8] -> 0x3823
mem[X,0x0080000000000ADA] -> 0x2681
[1600] [M]: 0x0080000000000AD8 (0x26813823) sd fp, 0x270(sp)
mem[0x0080000000003270] <- 0x0000000000007F76

mem[X,0x0080000000000ADC] -> 0x3423
mem[X,0x0080000000000ADE] -> 0x2671
[1601] [M]: 0x0080000000000ADC (0x26713423) sd t2, 0x268(sp)
mem[0x0080000000003268] <- 0x00800000000006E4

mem[X,0x0080000000000AE0] -> 0x3023
mem[X,0x0080000000000AE2] -> 0x2661
[1602] [M]: 0x0080000000000AE0 (0x26613023) sd t1, 0x260(sp)
mem[0x0080000000003260] <- 0x0000000000000010

mem[X,0x0080000000000AE4] -> 0x2573
mem[X,0x0080000000000AE6] -> 0x3420
[1603] [M]: 0x0080000000000AE4 (0x34202573) csrrs a0, mcause, zero
CSR mcause -> 0x0000000000000005
x10 <- 0x0000000000000005

mem[X,0x0080000000000AE8] -> 0x04B7
mem[X,0x0080000000000AEA] -> 0x8000
[1604] [M]: 0x0080000000000AE8 (0x800004B7) lui s1, -0x80000
x9 <- 0xFFFFFFFF80000000

mem[X,0x0080000000000AEC] -> 0x8493
mem[X,0x0080000000000AEE] -> 0x0004
[1605] [M]: 0x0080000000000AEC (0x00048493) addi s1, s1, 0x0
x9 <- 0xFFFFFFFF80000000

mem[X,0x0080000000000AF0] -> 0x9493
mem[X,0x0080000000000AF2] -> 0x00B4
[1606] [M]: 0x0080000000000AF0 (0x00B49493) slli s1, s1, 0xb
x9 <- 0xFFFFFC0000000000

mem[X,0x0080000000000AF4] -> 0x8493
mem[X,0x0080000000000AF6] -> 0x0004
[1607] [M]: 0x0080000000000AF4 (0x00048493) addi s1, s1, 0x0
x9 <- 0xFFFFFC0000000000

mem[X,0x0080000000000AF8] -> 0x9493
mem[X,0x0080000000000AFA] -> 0x00B4
[1608] [M]: 0x0080000000000AF8 (0x00B49493) slli s1, s1, 0xb
x9 <- 0xFFE0000000000000

mem[X,0x0080000000000AFC] -> 0x8493
mem[X,0x0080000000000AFE] -> 0x0034
[1609] [M]: 0x0080000000000AFC (0x00348493) addi s1, s1, 0x3
x9 <- 0xFFE0000000000003

mem[X,0x0080000000000B00] -> 0x9493
mem[X,0x0080000000000B02] -> 0x00A4
[1610] [M]: 0x0080000000000B00 (0x00A49493) slli s1, s1, 0xa
x9 <- 0x8000000000000C00

mem[X,0x0080000000000B04] -> 0x8493
mem[X,0x0080000000000B06] -> 0x3FC4
[1611] [M]: 0x0080000000000B04 (0x3FC48493) addi s1, s1, 0x3fc
x9 <- 0x8000000000000FFC

mem[X,0x0080000000000B08] -> 0xF4B3
mem[X,0x0080000000000B0A] -> 0x00A4
[1612] [M]: 0x0080000000000B08 (0x00A4F4B3) and s1, s1, a0
x9 <- 0x0000000000000004

mem[X,0x0080000000000B0C] -> 0x8493
mem[X,0x0080000000000B0E] -> 0xFF84
[1613] [M]: 0x0080000000000B0C (0xFF848493) addi s1, s1, -0x8
x9 <- 0xFFFFFFFFFFFFFFFC

mem[X,0x0080000000000B10] -> 0x9663
mem[X,0x0080000000000B12] -> 0x0004
[1614] [M]: 0x0080000000000B10 (0x00049663) bne s1, zero, 0xc

mem[X,0x0080000000000B1C] -> 0x0393
mem[X,0x0080000000000B1E] -> 0x0200
[1615] [M]: 0x0080000000000B1C (0x02000393) addi t2, zero, 0x20
x7 <- 0x0000000000000020

mem[X,0x0080000000000B20] -> 0x5263
mem[X,0x0080000000000B22] -> 0x0405
[1616] [M]: 0x0080000000000B20 (0x04055263) bge a0, zero, 0x44

mem[X,0x0080000000000B64] -> 0x2373
mem[X,0x0080000000000B66] -> 0x3010
[1617] [M]: 0x0080000000000B64 (0x30102373) csrrs t1, misa, zero
CSR misa -> 0x800000000034112D
x6 <- 0x800000000034112D

mem[X,0x0080000000000B68] -> 0x1313
mem[X,0x0080000000000B6A] -> 0x0383
[1618] [M]: 0x0080000000000B68 (0x03831313) slli t1, t1, 0x38
x6 <- 0x2D00000000000000

mem[X,0x0080000000000B6C] -> 0x5463
mem[X,0x0080000000000B6E] -> 0x0003
[1619] [M]: 0x0080000000000B6C (0x00035463) bge t1, zero, 0x8

mem[X,0x0080000000000B74] -> 0x3303
mem[X,0x0080000000000B76] -> 0x2181
[1620] [M]: 0x0080000000000B74 (0x21813303) ld t1, 0x218(sp)
mem[R,0x0080000000003218] -> 0x0080000000004440
x6 <- 0x0080000000004440

mem[X,0x0080000000000B78] -> 0x04B3
mem[X,0x0080000000000B7A] -> 0x0073
[1621] [M]: 0x0080000000000B78 (0x007304B3) add s1, t1, t2
x9 <- 0x0080000000004460

mem[X,0x0080000000000B7C] -> 0x3C23
mem[X,0x0080000000000B7E] -> 0x2091
[1622] [M]: 0x0080000000000B7C (0x20913C23) sd s1, 0x218(sp)
mem[0x0080000000003218] <- 0x0080000000004460

mem[X,0x0080000000000B80] -> 0x3403
mem[X,0x0080000000000B82] -> 0x1F81
[1623] [M]: 0x0080000000000B80 (0x1F813403) ld fp, 0x1f8(sp)
mem[R,0x00800000000031F8] -> 0x0080000000004210
x8 <- 0x0080000000004210

mem[X,0x0080000000000B84] -> 0x0333
mem[X,0x0080000000000B86] -> 0x4083
[1624] [M]: 0x0080000000000B84 (0x40830333) sub t1, t1, fp
x6 <- 0x0000000000000230

mem[X,0x0080000000000B88] -> 0x3403
mem[X,0x0080000000000B8A] -> 0x1F81
[1625] [M]: 0x0080000000000B88 (0x1F813403) ld fp, 0x1f8(sp)
mem[R,0x00800000000031F8] -> 0x0080000000004210
x8 <- 0x0080000000004210

mem[X,0x0080000000000B8C] -> 0x0333
mem[X,0x0080000000000B8E] -> 0x0083
[1626] [M]: 0x0080000000000B8C (0x00830333) add t1, t1, fp
x6 <- 0x0080000000004440

mem[X,0x0080000000000B90] -> 0x3403
mem[X,0x0080000000000B92] -> 0x2401
[1627] [M]: 0x0080000000000B90 (0x24013403) ld fp, 0x240(sp)
mem[R,0x0080000000003240] -> 0x0080000000000900
x8 <- 0x0080000000000900

mem[X,0x0080000000000B94] -> 0x85B3
mem[X,0x0080000000000B96] -> 0x4085
[1628] [M]: 0x0080000000000B94 (0x408585B3) sub a1, a1, fp
x11 <- 0x000000000000010C

mem[X,0x0080000000000B98] -> 0x9593
mem[X,0x0080000000000B9A] -> 0x0045
[1629] [M]: 0x0080000000000B98 (0x00459593) slli a1, a1, 0x4
x11 <- 0x00000000000010C0

mem[X,0x0080000000000B9C] -> 0xE5B3
mem[X,0x0080000000000B9E] -> 0x0075
[1630] [M]: 0x0080000000000B9C (0x0075E5B3) or a1, a1, t2
x11 <- 0x00000000000010E0

mem[X,0x0080000000000BA0] -> 0x8593
mem[X,0x0080000000000BA2] -> 0x0035
[1631] [M]: 0x0080000000000BA0 (0x00358593) addi a1, a1, 0x3
x11 <- 0x00000000000010E3

mem[X,0x0080000000000BA4] -> 0x3023
mem[X,0x0080000000000BA6] -> 0x00B3
[1632] [M]: 0x0080000000000BA4 (0x00B33023) sd a1, 0x0(t1)
mem[0x0080000000004440] <- 0x00000000000010E3

mem[X,0x0080000000000BA8] -> 0x3423
mem[X,0x0080000000000BAA] -> 0x00A3
[1633] [M]: 0x0080000000000BA8 (0x00A33423) sd a0, 0x8(t1)
mem[0x0080000000004448] <- 0x0000000000000005

mem[X,0x0080000000000BAC] -> 0x4863
mem[X,0x0080000000000BAE] -> 0x1605
[1634] [M]: 0x0080000000000BAC (0x16054863) blt a0, zero, 0x170

mem[X,0x0080000000000BB0] -> 0x25F3
mem[X,0x0080000000000BB2] -> 0x3000
[1635] [M]: 0x0080000000000BB0 (0x300025F3) csrrs a1, mstatus, zero
CSR mstatus -> 0x0000000A00000080
x11 <- 0x0000000A00000080

mem[X,0x0080000000000BB4] -> 0x9413
mem[X,0x0080000000000BB6] -> 0x02E5
[1636] [M]: 0x0080000000000BB4 (0x02E59413) slli fp, a1, 0x2e
x8 <- 0x0020000000000000

mem[X,0x0080000000000BB8] -> 0x5463
mem[X,0x0080000000000BBA] -> 0x0004
[1637] [M]: 0x0080000000000BB8 (0x00045463) bge fp, zero, 0x8

mem[X,0x0080000000000BC0] -> 0xD493
mem[X,0x0080000000000BC2] -> 0x00B5
[1638] [M]: 0x0080000000000BC0 (0x00B5D493) srli s1, a1, 0xb
x9 <- 0x0000000001400000

mem[X,0x0080000000000BC4] -> 0xF493
mem[X,0x0080000000000BC6] -> 0x0034
[1639] [M]: 0x0080000000000BC4 (0x0034F493) andi s1, s1, 0x3
x9 <- 0x0000000000000000

mem[X,0x0080000000000BC8] -> 0x8493
mem[X,0x0080000000000BCA] -> 0x0014
[1640] [M]: 0x0080000000000BC8 (0x00148493) addi s1, s1, 0x1
x9 <- 0x0000000000000001

mem[X,0x0080000000000BCC] -> 0xF493
mem[X,0x0080000000000BCE] -> 0x0044
[1641] [M]: 0x0080000000000BCC (0x0044F493) andi s1, s1, 0x4
x9 <- 0x0000000000000000

mem[X,0x0080000000000BD0] -> 0x0593
mem[X,0x0080000000000BD2] -> 0x05D0
[1642] [M]: 0x0080000000000BD0 (0x05D00593) addi a1, zero, 0x5d
x11 <- 0x000000000000005D

mem[X,0x0080000000000BD4] -> 0xD5B3
mem[X,0x0080000000000BD6] -> 0x0095
[1643] [M]: 0x0080000000000BD4 (0x0095D5B3) srl a1, a1, s1
x11 <- 0x000000000000005D

mem[X,0x0080000000000BD8] -> 0xF593
mem[X,0x0080000000000BDA] -> 0x0015
[1644] [M]: 0x0080000000000BD8 (0x0015F593) andi a1, a1, 0x1
x11 <- 0x0000000000000001

mem[X,0x0080000000000BDC] -> 0x8EE3
mem[X,0x0080000000000BDE] -> 0xF405
[1645] [M]: 0x0080000000000BDC (0xF4058EE3) beq a1, zero, -0xa4

mem[X,0x0080000000000BE0] -> 0x0593
mem[X,0x0080000000000BE2] -> 0x2980
[1646] [M]: 0x0080000000000BE0 (0x29800593) addi a1, zero, 0x298
x11 <- 0x0000000000000298

mem[X,0x0080000000000BE4] -> 0xF413
mem[X,0x0080000000000BE6] -> 0x0014
[1647] [M]: 0x0080000000000BE4 (0x0014F413) andi fp, s1, 0x1
x8 <- 0x0000000000000000

mem[X,0x0080000000000BE8] -> 0x95B3
mem[X,0x0080000000000BEA] -> 0x0085
[1648] [M]: 0x0080000000000BE8 (0x008595B3) sll a1, a1, fp
x11 <- 0x0000000000000298

mem[X,0x0080000000000BEC] -> 0x9413
mem[X,0x0080000000000BEE] -> 0x03D4
[1649] [M]: 0x0080000000000BEC (0x03D49413) slli fp, s1, 0x3d
x8 <- 0x0000000000000000

mem[X,0x0080000000000BF0] -> 0x5413
mem[X,0x0080000000000BF2] -> 0x43F4
[1650] [M]: 0x0080000000000BF0 (0x43F45413) srai fp, fp, 0x3f
x8 <- 0x0000000000000000

mem[X,0x0080000000000BF4] -> 0x4413
mem[X,0x0080000000000BF6] -> 0xFFF4
[1651] [M]: 0x0080000000000BF4 (0xFFF44413) xori fp, fp, -0x1
x8 <- 0xFFFFFFFFFFFFFFFF

mem[X,0x0080000000000BF8] -> 0xF4B3
mem[X,0x0080000000000BFA] -> 0x0085
[1652] [M]: 0x0080000000000BF8 (0x0085F4B3) and s1, a1, fp
x9 <- 0x0000000000000298

mem[X,0x0080000000000BFC] -> 0x84B3
mem[X,0x0080000000000BFE] -> 0x0024
[1653] [M]: 0x0080000000000BFC (0x002484B3) add s1, s1, sp
x9 <- 0x0080000000003298

mem[X,0x0080000000000C00] -> 0x23F3
mem[X,0x0080000000000C02] -> 0x3410
[1654] [M]: 0x0080000000000C00 (0x341023F3) csrrs t2, mepc, zero
CSR mepc -> 0x00800000000007C0
x7 <- 0x00800000000007C0

mem[X,0x0080000000000C04] -> 0xB403
mem[X,0x0080000000000C06] -> 0x2084
[1655] [M]: 0x0080000000000C04 (0x2084B403) ld fp, 0x208(s1)
mem[R,0x00800000000034A0] -> 0x008000000000039C
x8 <- 0x008000000000039C

mem[X,0x0080000000000C08] -> 0xB583
mem[X,0x0080000000000C0A] -> 0x2104
[1656] [M]: 0x0080000000000C08 (0x2104B583) ld a1, 0x210(s1)
mem[R,0x00800000000034A8] -> 0x0000000000000468
x11 <- 0x0000000000000468

mem[X,0x0080000000000C0C] -> 0x85B3
mem[X,0x0080000000000C0E] -> 0x0085
[1657] [M]: 0x0080000000000C0C (0x008585B3) add a1, a1, fp
x11 <- 0x0080000000000804

mem[X,0x0080000000000C10] -> 0xF463
mem[X,0x0080000000000C12] -> 0x00B3
[1658] [M]: 0x0080000000000C10 (0x00B3F463) bgeu t2, a1, 0x8

mem[X,0x0080000000000C14] -> 0xF663
mem[X,0x0080000000000C16] -> 0x0283
[1659] [M]: 0x0080000000000C14 (0x0283F663) bgeu t2, fp, 0x2c

mem[X,0x0080000000000C40] -> 0x8433
mem[X,0x0080000000000C42] -> 0x4083
[1660] [M]: 0x0080000000000C40 (0x40838433) sub fp, t2, fp
x8 <- 0x0000000000000424

mem[X,0x0080000000000C44] -> 0x3823
mem[X,0x0080000000000C46] -> 0x0083
[1661] [M]: 0x0080000000000C44 (0x00833823) sd fp, 0x10(t1)
mem[0x0080000000004450] <- 0x0000000000000424

mem[X,0x0080000000000C48] -> 0xF593
mem[X,0x0080000000000C4A] -> 0xFFC3
[1662] [M]: 0x0080000000000C48 (0xFFC3F593) andi a1, t2, -0x4
x11 <- 0x00800000000007C0

mem[X,0x0080000000000C4C] -> 0x8593
mem[X,0x0080000000000C4E] -> 0x0085
[1663] [M]: 0x0080000000000C4C (0x00858593) addi a1, a1, 0x8
x11 <- 0x00800000000007C8

mem[X,0x0080000000000C50] -> 0x9073
mem[X,0x0080000000000C52] -> 0x3415
[1664] [M]: 0x0080000000000C50 (0x34159073) csrrw zero, mepc, a1
CSR mepc <- 0x00800000000007C8 (input: 0x00800000000007C8)

mem[X,0x0080000000000C54] -> 0x23F3
mem[X,0x0080000000000C56] -> 0x3430
[1665] [M]: 0x0080000000000C54 (0x343023F3) csrrs t2, mtval, zero
CSR mtval -> 0x00800000000007E8
x7 <- 0x00800000000007E8

mem[X,0x0080000000000C58] -> 0x7513
mem[X,0x0080000000000C5A] -> 0x00F5
[1666] [M]: 0x0080000000000C58 (0x00F57513) andi a0, a0, 0xf
x10 <- 0x0000000000000005

mem[X,0x0080000000000C5C] -> 0x0437
mem[X,0x0080000000000C5E] -> 0x0000
[1667] [M]: 0x0080000000000C5C (0x00000437) lui fp, 0x0
x8 <- 0x0000000000000000

mem[X,0x0080000000000C60] -> 0x0413
mem[X,0x0080000000000C62] -> 0x0004
[1668] [M]: 0x0080000000000C60 (0x00040413) addi fp, fp, 0x0
x8 <- 0x0000000000000000

mem[X,0x0080000000000C64] -> 0x1413
mem[X,0x0080000000000C66] -> 0x00B4
[1669] [M]: 0x0080000000000C64 (0x00B41413) slli fp, fp, 0xb
x8 <- 0x0000000000000000

mem[X,0x0080000000000C68] -> 0x0413
mem[X,0x0080000000000C6A] -> 0x0004
[1670] [M]: 0x0080000000000C68 (0x00040413) addi fp, fp, 0x0
x8 <- 0x0000000000000000

mem[X,0x0080000000000C6C] -> 0x1413
mem[X,0x0080000000000C6E] -> 0x00B4
[1671] [M]: 0x0080000000000C6C (0x00B41413) slli fp, fp, 0xb
x8 <- 0x0000000000000000

mem[X,0x0080000000000C70] -> 0x0413
mem[X,0x0080000000000C72] -> 0x02C4
[1672] [M]: 0x0080000000000C70 (0x02C40413) addi fp, fp, 0x2c
x8 <- 0x000000000000002C

mem[X,0x0080000000000C74] -> 0x1413
mem[X,0x0080000000000C76] -> 0x00A4
[1673] [M]: 0x0080000000000C74 (0x00A41413) slli fp, fp, 0xa
x8 <- 0x000000000000B000

mem[X,0x0080000000000C78] -> 0x0413
mem[X,0x0080000000000C7A] -> 0x0FB4
[1674] [M]: 0x0080000000000C78 (0x0FB40413) addi fp, fp, 0xfb
x8 <- 0x000000000000B0FB

mem[X,0x0080000000000C7C] -> 0x5433
mem[X,0x0080000000000C7E] -> 0x00A4
[1675] [M]: 0x0080000000000C7C (0x00A45433) srl fp, fp, a0
x8 <- 0x0000000000000587

mem[X,0x0080000000000C80] -> 0x1413
mem[X,0x0080000000000C82] -> 0x03F4
[1676] [M]: 0x0080000000000C80 (0x03F41413) slli fp, fp, 0x3f
x8 <- 0x8000000000000000

mem[X,0x0080000000000C84] -> 0x5C63
mem[X,0x0080000000000C86] -> 0x0404
[1677] [M]: 0x0080000000000C84 (0x04045C63) bge fp, zero, 0x58

mem[X,0x0080000000000C88] -> 0xB403
mem[X,0x0080000000000C8A] -> 0x2084
[1678] [M]: 0x0080000000000C88 (0x2084B403) ld fp, 0x208(s1)
mem[R,0x00800000000034A0] -> 0x008000000000039C
x8 <- 0x008000000000039C

mem[X,0x0080000000000C8C] -> 0xB583
mem[X,0x0080000000000C8E] -> 0x2104
[1679] [M]: 0x0080000000000C8C (0x2104B583) ld a1, 0x210(s1)
mem[R,0x00800000000034A8] -> 0x0000000000000468
x11 <- 0x0000000000000468

mem[X,0x0080000000000C90] -> 0x85B3
mem[X,0x0080000000000C92] -> 0x0085
[1680] [M]: 0x0080000000000C90 (0x008585B3) add a1, a1, fp
x11 <- 0x0080000000000804

mem[X,0x0080000000000C94] -> 0xF463
mem[X,0x0080000000000C96] -> 0x00B3
[1681] [M]: 0x0080000000000C94 (0x00B3F463) bgeu t2, a1, 0x8

mem[X,0x0080000000000C98] -> 0xF063
mem[X,0x0080000000000C9A] -> 0x0483
[1682] [M]: 0x0080000000000C98 (0x0483F063) bgeu t2, fp, 0x40

mem[X,0x0080000000000CD8] -> 0x8433
mem[X,0x0080000000000CDA] -> 0x4083
[1683] [M]: 0x0080000000000CD8 (0x40838433) sub fp, t2, fp
x8 <- 0x000000000000044C

mem[X,0x0080000000000CDC] -> 0x3C23
mem[X,0x0080000000000CDE] -> 0x0083
[1684] [M]: 0x0080000000000CDC (0x00833C23) sd fp, 0x18(t1)
mem[0x0080000000004458] <- 0x000000000000044C

mem[X,0x0080000000000CE0] -> 0x3483
mem[X,0x0080000000000CE2] -> 0x2181
[1685] [M]: 0x0080000000000CE0 (0x21813483) ld s1, 0x218(sp)
mem[R,0x0080000000003218] -> 0x0080000000004460
x9 <- 0x0080000000004460

mem[X,0x0080000000000CE4] -> 0x3383
mem[X,0x0080000000000CE6] -> 0x1F81
[1686] [M]: 0x0080000000000CE4 (0x1F813383) ld t2, 0x1f8(sp)
mem[R,0x00800000000031F8] -> 0x0080000000004210
x7 <- 0x0080000000004210

mem[X,0x0080000000000CE8] -> 0x3303
mem[X,0x0080000000000CEA] -> 0x2001
[1687] [M]: 0x0080000000000CE8 (0x20013303) ld t1, 0x200(sp)
mem[R,0x0080000000003200] -> 0x0000000000000520
x6 <- 0x0000000000000520

mem[X,0x0080000000000CEC] -> 0x0333
mem[X,0x0080000000000CEE] -> 0x0073
[1688] [M]: 0x0080000000000CEC (0x00730333) add t1, t1, t2
x6 <- 0x0080000000004730

mem[X,0x0080000000000CF0] -> 0x6EE3
mem[X,0x0080000000000CF2] -> 0xB093
[1689] [M]: 0x0080000000000CF0 (0xB0936EE3) bltu t1, s1, -0x4e4

mem[X,0x0080000000000CF4] -> 0x0393
mem[X,0x0080000000000CF6] -> 0x2000
[1690] [M]: 0x0080000000000CF4 (0x20000393) addi t2, zero, 0x200
x7 <- 0x0000000000000200

mem[X,0x0080000000000CF8] -> 0x006F
mem[X,0x0080000000000CFA] -> 0x0400
[1691] [M]: 0x0080000000000CF8 (0x0400006F) jal zero, 0x40

mem[X,0x0080000000000D38] -> 0x0417
mem[X,0x0080000000000D3A] -> 0x0000
[1692] [M]: 0x0080000000000D38 (0x00000417) auipc fp, 0x0
x8 <- 0x0080000000000D38

mem[X,0x0080000000000D3C] -> 0x0413
mem[X,0x0080000000000D3E] -> 0x03C4
[1693] [M]: 0x0080000000000D3C (0x03C40413) addi fp, fp, 0x3c
x8 <- 0x0080000000000D74

mem[X,0x0080000000000D40] -> 0x0433
mem[X,0x0080000000000D42] -> 0x0074
[1694] [M]: 0x0080000000000D40 (0x00740433) add fp, fp, t2
x8 <- 0x0080000000000F74

mem[X,0x0080000000000D44] -> 0x1393
mem[X,0x0080000000000D46] -> 0x0035
[1695] [M]: 0x0080000000000D44 (0x00351393) slli t2, a0, 0x3
x7 <- 0x0000000000000028

mem[X,0x0080000000000D48] -> 0x0433
mem[X,0x0080000000000D4A] -> 0x0074
[1696] [M]: 0x0080000000000D48 (0x00740433) add fp, fp, t2
x8 <- 0x0080000000000F9C

mem[X,0x0080000000000D4C] -> 0x7413
mem[X,0x0080000000000D4E] -> 0xFF84
[1697] [M]: 0x0080000000000D4C (0xFF847413) andi fp, fp, -0x8
x8 <- 0x0080000000000F98

mem[X,0x0080000000000D50] -> 0x3403
mem[X,0x0080000000000D52] -> 0x0004
[1698] [M]: 0x0080000000000D50 (0x00043403) ld fp, 0x0(fp)
mem[R,0x0080000000000F98] -> 0x000000000000000B
x8 <- 0x000000000000000B

mem[X,0x0080000000000D54] -> 0x06E3
mem[X,0x0080000000000D56] -> 0xB404
[1699] [M]: 0x0080000000000D54 (0xB40406E3) beq fp, zero, -0x4b4

clint::tick mtime <- 0x0000000000000011
 clint timer pending at mtime 0x0000000000000011
htif::tick 0x0000000000000000
mem[X,0x0080000000000D58] -> 0x1393
mem[X,0x0080000000000D5A] -> 0x03F4
[1700] [M]: 0x0080000000000D58 (0x03F41393) slli t2, fp, 0x3f
x7 <- 0x8000000000000000

mem[X,0x0080000000000D5C] -> 0xD863
mem[X,0x0080000000000D5E] -> 0x0003
[1701] [M]: 0x0080000000000D5C (0x0003D863) bge t2, zero, 0x10

mem[X,0x0080000000000D60] -> 0x5413
mem[X,0x0080000000000D62] -> 0x0014
[1702] [M]: 0x0080000000000D60 (0x00145413) srli fp, fp, 0x1
x8 <- 0x0000000000000005

mem[X,0x0080000000000D64] -> 0x0CE3
mem[X,0x0080000000000D66] -> 0xF885
[1703] [M]: 0x0080000000000D64 (0xF8850CE3) beq a0, fp, -0x68

mem[X,0x0080000000000CFC] -> 0x3303
mem[X,0x0080000000000CFE] -> 0x2601
[1704] [M]: 0x0080000000000CFC (0x26013303) ld t1, 0x260(sp)
mem[R,0x0080000000003260] -> 0x0000000000000010
x6 <- 0x0000000000000010

mem[X,0x0080000000000D00] -> 0x3383
mem[X,0x0080000000000D02] -> 0x2681
[1705] [M]: 0x0080000000000D00 (0x26813383) ld t2, 0x268(sp)
mem[R,0x0080000000003268] -> 0x00800000000006E4
x7 <- 0x00800000000006E4

mem[X,0x0080000000000D04] -> 0x3403
mem[X,0x0080000000000D06] -> 0x2701
[1706] [M]: 0x0080000000000D04 (0x27013403) ld fp, 0x270(sp)
mem[R,0x0080000000003270] -> 0x0000000000007F76
x8 <- 0x0000000000007F76

mem[X,0x0080000000000D08] -> 0x3483
mem[X,0x0080000000000D0A] -> 0x2781
[1707] [M]: 0x0080000000000D08 (0x27813483) ld s1, 0x278(sp)
mem[R,0x0080000000003278] -> 0x00800000000006E4
x9 <- 0x00800000000006E4

mem[X,0x0080000000000D0C] -> 0x3503
mem[X,0x0080000000000D0E] -> 0x2801
[1708] [M]: 0x0080000000000D0C (0x28013503) ld a0, 0x280(sp)
mem[R,0x0080000000003280] -> 0x0000000000000001
x10 <- 0x0000000000000001

mem[X,0x0080000000000D10] -> 0x3583
mem[X,0x0080000000000D12] -> 0x2881
[1709] [M]: 0x0080000000000D10 (0x28813583) ld a1, 0x288(sp)
mem[R,0x0080000000003288] -> 0x0000000000000000
x11 <- 0x0000000000000000

mem[X,0x0080000000000D14] -> 0x3103
mem[X,0x0080000000000D16] -> 0x2901
[1710] [M]: 0x0080000000000D14 (0x29013103) ld sp, 0x290(sp)
mem[R,0x0080000000003290] -> 0x0080000000003000
x2 <- 0x0080000000003000

mem[X,0x0080000000000D18] -> 0x0073
mem[X,0x0080000000000D1A] -> 0x3020
[1711] [M]: 0x0080000000000D18 (0x30200073) mret
CSR mstatus <- 0x0000000A00000088
ret-ing from M to U

mem[X,0x00800000000007C8] -> 0x0013
mem[X,0x00800000000007CA] -> 0x0000
[1712] [U]: 0x00800000000007C8 (0x00000013) addi zero, zero, 0x0

mem[X,0x00800000000007CC] -> 0xB023
mem[X,0x00800000000007CE] -> 0x04E6
[1713] [U]: 0x00800000000007CC (0x04E6B023) sd a4, 0x40(a3)
mem[0x0080000000004258] <- 0x0000000000000013

mem[X,0x00800000000007D0] -> 0x00EF
mem[X,0x00800000000007D2] -> 0x0180
[1714] [U]: 0x00800000000007D0 (0x018000EF) jal ra, 0x18
x1 <- 0x00800000000007D4

trapping from U to M to handle fetch-access-fault
handling exc#0x01 at priv M with tval 0x00800000000007E8
CSR mstatus <- 0x0000000A00000080
mem[X,0x0080000000000900] -> 0x006F
mem[X,0x0080000000000902] -> 0x1000
[1715] [M]: 0x0080000000000900 (0x1000006F) jal zero, 0x100

mem[X,0x0080000000000A00] -> 0x1173
mem[X,0x0080000000000A02] -> 0x3401
[1716] [M]: 0x0080000000000A00 (0x34011173) csrrw sp, mscratch, sp
CSR mscratch <- 0x0080000000003000 (input: 0x0080000000003000)
x2 <- 0x0080000000003000

mem[X,0x0080000000000A04] -> 0x3423
mem[X,0x0080000000000A06] -> 0x28B1
[1717] [M]: 0x0080000000000A04 (0x28B13423) sd a1, 0x288(sp)
mem[0x0080000000003288] <- 0x0000000000000000

mem[X,0x0080000000000A08] -> 0x05EF
mem[X,0x0080000000000A0A] -> 0x0B80
[1718] [M]: 0x0080000000000A08 (0x0B8005EF) jal a1, 0xb8
x11 <- 0x0080000000000A0C

mem[X,0x0080000000000AC0] -> 0x3023
mem[X,0x0080000000000AC2] -> 0x28A1
[1719] [M]: 0x0080000000000AC0 (0x28A13023) sd a0, 0x280(sp)
mem[0x0080000000003280] <- 0x0000000000000001

mem[X,0x0080000000000AC4] -> 0x1573
mem[X,0x0080000000000AC6] -> 0x3401
[1720] [M]: 0x0080000000000AC4 (0x34011573) csrrw a0, mscratch, sp
CSR mscratch <- 0x0080000000003000 (input: 0x0080000000003000)
x10 <- 0x0080000000003000

mem[X,0x0080000000000AC8] -> 0x3823
mem[X,0x0080000000000ACA] -> 0x28A1
[1721] [M]: 0x0080000000000AC8 (0x28A13823) sd a0, 0x290(sp)
mem[0x0080000000003290] <- 0x0080000000003000

mem[X,0x0080000000000ACC] -> 0x3503
mem[X,0x0080000000000ACE] -> 0x2301
[1722] [M]: 0x0080000000000ACC (0x23013503) ld a0, 0x230(sp)
mem[R,0x0080000000003230] -> 0x0080000000000AD4
x10 <- 0x0080000000000AD4

mem[X,0x0080000000000AD0] -> 0x0067
mem[X,0x0080000000000AD2] -> 0x0005
[1723] [M]: 0x0080000000000AD0 (0x00050067) jalr zero, 0x0(a0)

mem[X,0x0080000000000AD4] -> 0x3C23
mem[X,0x0080000000000AD6] -> 0x2691
[1724] [M]: 0x0080000000000AD4 (0x26913C23) sd s1, 0x278(sp)
mem[0x0080000000003278] <- 0x00800000000006E4

mem[X,0x0080000000000AD8] -> 0x3823
mem[X,0x0080000000000ADA] -> 0x2681
[1725] [M]: 0x0080000000000AD8 (0x26813823) sd fp, 0x270(sp)
mem[0x0080000000003270] <- 0x0000000000007F76

mem[X,0x0080000000000ADC] -> 0x3423
mem[X,0x0080000000000ADE] -> 0x2671
[1726] [M]: 0x0080000000000ADC (0x26713423) sd t2, 0x268(sp)
mem[0x0080000000003268] <- 0x00800000000006E4

mem[X,0x0080000000000AE0] -> 0x3023
mem[X,0x0080000000000AE2] -> 0x2661
[1727] [M]: 0x0080000000000AE0 (0x26613023) sd t1, 0x260(sp)
mem[0x0080000000003260] <- 0x0000000000000010

mem[X,0x0080000000000AE4] -> 0x2573
mem[X,0x0080000000000AE6] -> 0x3420
[1728] [M]: 0x0080000000000AE4 (0x34202573) csrrs a0, mcause, zero
CSR mcause -> 0x0000000000000001
x10 <- 0x0000000000000001

mem[X,0x0080000000000AE8] -> 0x04B7
mem[X,0x0080000000000AEA] -> 0x8000
[1729] [M]: 0x0080000000000AE8 (0x800004B7) lui s1, -0x80000
x9 <- 0xFFFFFFFF80000000

mem[X,0x0080000000000AEC] -> 0x8493
mem[X,0x0080000000000AEE] -> 0x0004
[1730] [M]: 0x0080000000000AEC (0x00048493) addi s1, s1, 0x0
x9 <- 0xFFFFFFFF80000000

mem[X,0x0080000000000AF0] -> 0x9493
mem[X,0x0080000000000AF2] -> 0x00B4
[1731] [M]: 0x0080000000000AF0 (0x00B49493) slli s1, s1, 0xb
x9 <- 0xFFFFFC0000000000

mem[X,0x0080000000000AF4] -> 0x8493
mem[X,0x0080000000000AF6] -> 0x0004
[1732] [M]: 0x0080000000000AF4 (0x00048493) addi s1, s1, 0x0
x9 <- 0xFFFFFC0000000000

mem[X,0x0080000000000AF8] -> 0x9493
mem[X,0x0080000000000AFA] -> 0x00B4
[1733] [M]: 0x0080000000000AF8 (0x00B49493) slli s1, s1, 0xb
x9 <- 0xFFE0000000000000

mem[X,0x0080000000000AFC] -> 0x8493
mem[X,0x0080000000000AFE] -> 0x0034
[1734] [M]: 0x0080000000000AFC (0x00348493) addi s1, s1, 0x3
x9 <- 0xFFE0000000000003

mem[X,0x0080000000000B00] -> 0x9493
mem[X,0x0080000000000B02] -> 0x00A4
[1735] [M]: 0x0080000000000B00 (0x00A49493) slli s1, s1, 0xa
x9 <- 0x8000000000000C00

mem[X,0x0080000000000B04] -> 0x8493
mem[X,0x0080000000000B06] -> 0x3FC4
[1736] [M]: 0x0080000000000B04 (0x3FC48493) addi s1, s1, 0x3fc
x9 <- 0x8000000000000FFC

mem[X,0x0080000000000B08] -> 0xF4B3
mem[X,0x0080000000000B0A] -> 0x00A4
[1737] [M]: 0x0080000000000B08 (0x00A4F4B3) and s1, s1, a0
x9 <- 0x0000000000000000

mem[X,0x0080000000000B0C] -> 0x8493
mem[X,0x0080000000000B0E] -> 0xFF84
[1738] [M]: 0x0080000000000B0C (0xFF848493) addi s1, s1, -0x8
x9 <- 0xFFFFFFFFFFFFFFF8

mem[X,0x0080000000000B10] -> 0x9663
mem[X,0x0080000000000B12] -> 0x0004
[1739] [M]: 0x0080000000000B10 (0x00049663) bne s1, zero, 0xc

mem[X,0x0080000000000B1C] -> 0x0393
mem[X,0x0080000000000B1E] -> 0x0200
[1740] [M]: 0x0080000000000B1C (0x02000393) addi t2, zero, 0x20
x7 <- 0x0000000000000020

mem[X,0x0080000000000B20] -> 0x5263
mem[X,0x0080000000000B22] -> 0x0405
[1741] [M]: 0x0080000000000B20 (0x04055263) bge a0, zero, 0x44

mem[X,0x0080000000000B64] -> 0x2373
mem[X,0x0080000000000B66] -> 0x3010
[1742] [M]: 0x0080000000000B64 (0x30102373) csrrs t1, misa, zero
CSR misa -> 0x800000000034112D
x6 <- 0x800000000034112D

mem[X,0x0080000000000B68] -> 0x1313
mem[X,0x0080000000000B6A] -> 0x0383
[1743] [M]: 0x0080000000000B68 (0x03831313) slli t1, t1, 0x38
x6 <- 0x2D00000000000000

mem[X,0x0080000000000B6C] -> 0x5463
mem[X,0x0080000000000B6E] -> 0x0003
[1744] [M]: 0x0080000000000B6C (0x00035463) bge t1, zero, 0x8

mem[X,0x0080000000000B74] -> 0x3303
mem[X,0x0080000000000B76] -> 0x2181
[1745] [M]: 0x0080000000000B74 (0x21813303) ld t1, 0x218(sp)
mem[R,0x0080000000003218] -> 0x0080000000004460
x6 <- 0x0080000000004460

mem[X,0x0080000000000B78] -> 0x04B3
mem[X,0x0080000000000B7A] -> 0x0073
[1746] [M]: 0x0080000000000B78 (0x007304B3) add s1, t1, t2
x9 <- 0x0080000000004480

mem[X,0x0080000000000B7C] -> 0x3C23
mem[X,0x0080000000000B7E] -> 0x2091
[1747] [M]: 0x0080000000000B7C (0x20913C23) sd s1, 0x218(sp)
mem[0x0080000000003218] <- 0x0080000000004480

mem[X,0x0080000000000B80] -> 0x3403
mem[X,0x0080000000000B82] -> 0x1F81
[1748] [M]: 0x0080000000000B80 (0x1F813403) ld fp, 0x1f8(sp)
mem[R,0x00800000000031F8] -> 0x0080000000004210
x8 <- 0x0080000000004210

mem[X,0x0080000000000B84] -> 0x0333
mem[X,0x0080000000000B86] -> 0x4083
[1749] [M]: 0x0080000000000B84 (0x40830333) sub t1, t1, fp
x6 <- 0x0000000000000250

mem[X,0x0080000000000B88] -> 0x3403
mem[X,0x0080000000000B8A] -> 0x1F81
[1750] [M]: 0x0080000000000B88 (0x1F813403) ld fp, 0x1f8(sp)
mem[R,0x00800000000031F8] -> 0x0080000000004210
x8 <- 0x0080000000004210

mem[X,0x0080000000000B8C] -> 0x0333
mem[X,0x0080000000000B8E] -> 0x0083
[1751] [M]: 0x0080000000000B8C (0x00830333) add t1, t1, fp
x6 <- 0x0080000000004460

mem[X,0x0080000000000B90] -> 0x3403
mem[X,0x0080000000000B92] -> 0x2401
[1752] [M]: 0x0080000000000B90 (0x24013403) ld fp, 0x240(sp)
mem[R,0x0080000000003240] -> 0x0080000000000900
x8 <- 0x0080000000000900

mem[X,0x0080000000000B94] -> 0x85B3
mem[X,0x0080000000000B96] -> 0x4085
[1753] [M]: 0x0080000000000B94 (0x408585B3) sub a1, a1, fp
x11 <- 0x000000000000010C

mem[X,0x0080000000000B98] -> 0x9593
mem[X,0x0080000000000B9A] -> 0x0045
[1754] [M]: 0x0080000000000B98 (0x00459593) slli a1, a1, 0x4
x11 <- 0x00000000000010C0

mem[X,0x0080000000000B9C] -> 0xE5B3
mem[X,0x0080000000000B9E] -> 0x0075
[1755] [M]: 0x0080000000000B9C (0x0075E5B3) or a1, a1, t2
x11 <- 0x00000000000010E0

mem[X,0x0080000000000BA0] -> 0x8593
mem[X,0x0080000000000BA2] -> 0x0035
[1756] [M]: 0x0080000000000BA0 (0x00358593) addi a1, a1, 0x3
x11 <- 0x00000000000010E3

mem[X,0x0080000000000BA4] -> 0x3023
mem[X,0x0080000000000BA6] -> 0x00B3
[1757] [M]: 0x0080000000000BA4 (0x00B33023) sd a1, 0x0(t1)
mem[0x0080000000004460] <- 0x00000000000010E3

mem[X,0x0080000000000BA8] -> 0x3423
mem[X,0x0080000000000BAA] -> 0x00A3
[1758] [M]: 0x0080000000000BA8 (0x00A33423) sd a0, 0x8(t1)
mem[0x0080000000004468] <- 0x0000000000000001

mem[X,0x0080000000000BAC] -> 0x4863
mem[X,0x0080000000000BAE] -> 0x1605
[1759] [M]: 0x0080000000000BAC (0x16054863) blt a0, zero, 0x170

mem[X,0x0080000000000BB0] -> 0x25F3
mem[X,0x0080000000000BB2] -> 0x3000
[1760] [M]: 0x0080000000000BB0 (0x300025F3) csrrs a1, mstatus, zero
CSR mstatus -> 0x0000000A00000080
x11 <- 0x0000000A00000080

mem[X,0x0080000000000BB4] -> 0x9413
mem[X,0x0080000000000BB6] -> 0x02E5
[1761] [M]: 0x0080000000000BB4 (0x02E59413) slli fp, a1, 0x2e
x8 <- 0x0020000000000000

mem[X,0x0080000000000BB8] -> 0x5463
mem[X,0x0080000000000BBA] -> 0x0004
[1762] [M]: 0x0080000000000BB8 (0x00045463) bge fp, zero, 0x8

mem[X,0x0080000000000BC0] -> 0xD493
mem[X,0x0080000000000BC2] -> 0x00B5
[1763] [M]: 0x0080000000000BC0 (0x00B5D493) srli s1, a1, 0xb
x9 <- 0x0000000001400000

mem[X,0x0080000000000BC4] -> 0xF493
mem[X,0x0080000000000BC6] -> 0x0034
[1764] [M]: 0x0080000000000BC4 (0x0034F493) andi s1, s1, 0x3
x9 <- 0x0000000000000000

mem[X,0x0080000000000BC8] -> 0x8493
mem[X,0x0080000000000BCA] -> 0x0014
[1765] [M]: 0x0080000000000BC8 (0x00148493) addi s1, s1, 0x1
x9 <- 0x0000000000000001

mem[X,0x0080000000000BCC] -> 0xF493
mem[X,0x0080000000000BCE] -> 0x0044
[1766] [M]: 0x0080000000000BCC (0x0044F493) andi s1, s1, 0x4
x9 <- 0x0000000000000000

mem[X,0x0080000000000BD0] -> 0x0593
mem[X,0x0080000000000BD2] -> 0x05D0
[1767] [M]: 0x0080000000000BD0 (0x05D00593) addi a1, zero, 0x5d
x11 <- 0x000000000000005D

mem[X,0x0080000000000BD4] -> 0xD5B3
mem[X,0x0080000000000BD6] -> 0x0095
[1768] [M]: 0x0080000000000BD4 (0x0095D5B3) srl a1, a1, s1
x11 <- 0x000000000000005D

mem[X,0x0080000000000BD8] -> 0xF593
mem[X,0x0080000000000BDA] -> 0x0015
[1769] [M]: 0x0080000000000BD8 (0x0015F593) andi a1, a1, 0x1
x11 <- 0x0000000000000001

mem[X,0x0080000000000BDC] -> 0x8EE3
mem[X,0x0080000000000BDE] -> 0xF405
[1770] [M]: 0x0080000000000BDC (0xF4058EE3) beq a1, zero, -0xa4

mem[X,0x0080000000000BE0] -> 0x0593
mem[X,0x0080000000000BE2] -> 0x2980
[1771] [M]: 0x0080000000000BE0 (0x29800593) addi a1, zero, 0x298
x11 <- 0x0000000000000298

mem[X,0x0080000000000BE4] -> 0xF413
mem[X,0x0080000000000BE6] -> 0x0014
[1772] [M]: 0x0080000000000BE4 (0x0014F413) andi fp, s1, 0x1
x8 <- 0x0000000000000000

mem[X,0x0080000000000BE8] -> 0x95B3
mem[X,0x0080000000000BEA] -> 0x0085
[1773] [M]: 0x0080000000000BE8 (0x008595B3) sll a1, a1, fp
x11 <- 0x0000000000000298

mem[X,0x0080000000000BEC] -> 0x9413
mem[X,0x0080000000000BEE] -> 0x03D4
[1774] [M]: 0x0080000000000BEC (0x03D49413) slli fp, s1, 0x3d
x8 <- 0x0000000000000000

mem[X,0x0080000000000BF0] -> 0x5413
mem[X,0x0080000000000BF2] -> 0x43F4
[1775] [M]: 0x0080000000000BF0 (0x43F45413) srai fp, fp, 0x3f
x8 <- 0x0000000000000000

mem[X,0x0080000000000BF4] -> 0x4413
mem[X,0x0080000000000BF6] -> 0xFFF4
[1776] [M]: 0x0080000000000BF4 (0xFFF44413) xori fp, fp, -0x1
x8 <- 0xFFFFFFFFFFFFFFFF

mem[X,0x0080000000000BF8] -> 0xF4B3
mem[X,0x0080000000000BFA] -> 0x0085
[1777] [M]: 0x0080000000000BF8 (0x0085F4B3) and s1, a1, fp
x9 <- 0x0000000000000298

mem[X,0x0080000000000BFC] -> 0x84B3
mem[X,0x0080000000000BFE] -> 0x0024
[1778] [M]: 0x0080000000000BFC (0x002484B3) add s1, s1, sp
x9 <- 0x0080000000003298

mem[X,0x0080000000000C00] -> 0x23F3
mem[X,0x0080000000000C02] -> 0x3410
[1779] [M]: 0x0080000000000C00 (0x341023F3) csrrs t2, mepc, zero
CSR mepc -> 0x00800000000007E8
x7 <- 0x00800000000007E8

mem[X,0x0080000000000C04] -> 0xB403
mem[X,0x0080000000000C06] -> 0x2084
[1780] [M]: 0x0080000000000C04 (0x2084B403) ld fp, 0x208(s1)
mem[R,0x00800000000034A0] -> 0x008000000000039C
x8 <- 0x008000000000039C

mem[X,0x0080000000000C08] -> 0xB583
mem[X,0x0080000000000C0A] -> 0x2104
[1781] [M]: 0x0080000000000C08 (0x2104B583) ld a1, 0x210(s1)
mem[R,0x00800000000034A8] -> 0x0000000000000468
x11 <- 0x0000000000000468

mem[X,0x0080000000000C0C] -> 0x85B3
mem[X,0x0080000000000C0E] -> 0x0085
[1782] [M]: 0x0080000000000C0C (0x008585B3) add a1, a1, fp
x11 <- 0x0080000000000804

mem[X,0x0080000000000C10] -> 0xF463
mem[X,0x0080000000000C12] -> 0x00B3
[1783] [M]: 0x0080000000000C10 (0x00B3F463) bgeu t2, a1, 0x8

mem[X,0x0080000000000C14] -> 0xF663
mem[X,0x0080000000000C16] -> 0x0283
[1784] [M]: 0x0080000000000C14 (0x0283F663) bgeu t2, fp, 0x2c

mem[X,0x0080000000000C40] -> 0x8433
mem[X,0x0080000000000C42] -> 0x4083
[1785] [M]: 0x0080000000000C40 (0x40838433) sub fp, t2, fp
x8 <- 0x000000000000044C

mem[X,0x0080000000000C44] -> 0x3823
mem[X,0x0080000000000C46] -> 0x0083
[1786] [M]: 0x0080000000000C44 (0x00833823) sd fp, 0x10(t1)
mem[0x0080000000004470] <- 0x000000000000044C

mem[X,0x0080000000000C48] -> 0xF593
mem[X,0x0080000000000C4A] -> 0xFFC3
[1787] [M]: 0x0080000000000C48 (0xFFC3F593) andi a1, t2, -0x4
x11 <- 0x00800000000007E8

mem[X,0x0080000000000C4C] -> 0x8593
mem[X,0x0080000000000C4E] -> 0x0085
[1788] [M]: 0x0080000000000C4C (0x00858593) addi a1, a1, 0x8
x11 <- 0x00800000000007F0

mem[X,0x0080000000000C50] -> 0x9073
mem[X,0x0080000000000C52] -> 0x3415
[1789] [M]: 0x0080000000000C50 (0x34159073) csrrw zero, mepc, a1
CSR mepc <- 0x00800000000007F0 (input: 0x00800000000007F0)

mem[X,0x0080000000000C54] -> 0x23F3
mem[X,0x0080000000000C56] -> 0x3430
[1790] [M]: 0x0080000000000C54 (0x343023F3) csrrs t2, mtval, zero
CSR mtval -> 0x00800000000007E8
x7 <- 0x00800000000007E8

mem[X,0x0080000000000C58] -> 0x7513
mem[X,0x0080000000000C5A] -> 0x00F5
[1791] [M]: 0x0080000000000C58 (0x00F57513) andi a0, a0, 0xf
x10 <- 0x0000000000000001

mem[X,0x0080000000000C5C] -> 0x0437
mem[X,0x0080000000000C5E] -> 0x0000
[1792] [M]: 0x0080000000000C5C (0x00000437) lui fp, 0x0
x8 <- 0x0000000000000000

mem[X,0x0080000000000C60] -> 0x0413
mem[X,0x0080000000000C62] -> 0x0004
[1793] [M]: 0x0080000000000C60 (0x00040413) addi fp, fp, 0x0
x8 <- 0x0000000000000000

mem[X,0x0080000000000C64] -> 0x1413
mem[X,0x0080000000000C66] -> 0x00B4
[1794] [M]: 0x0080000000000C64 (0x00B41413) slli fp, fp, 0xb
x8 <- 0x0000000000000000

mem[X,0x0080000000000C68] -> 0x0413
mem[X,0x0080000000000C6A] -> 0x0004
[1795] [M]: 0x0080000000000C68 (0x00040413) addi fp, fp, 0x0
x8 <- 0x0000000000000000

mem[X,0x0080000000000C6C] -> 0x1413
mem[X,0x0080000000000C6E] -> 0x00B4
[1796] [M]: 0x0080000000000C6C (0x00B41413) slli fp, fp, 0xb
x8 <- 0x0000000000000000

mem[X,0x0080000000000C70] -> 0x0413
mem[X,0x0080000000000C72] -> 0x02C4
[1797] [M]: 0x0080000000000C70 (0x02C40413) addi fp, fp, 0x2c
x8 <- 0x000000000000002C

mem[X,0x0080000000000C74] -> 0x1413
mem[X,0x0080000000000C76] -> 0x00A4
[1798] [M]: 0x0080000000000C74 (0x00A41413) slli fp, fp, 0xa
x8 <- 0x000000000000B000

mem[X,0x0080000000000C78] -> 0x0413
mem[X,0x0080000000000C7A] -> 0x0FB4
[1799] [M]: 0x0080000000000C78 (0x0FB40413) addi fp, fp, 0xfb
x8 <- 0x000000000000B0FB

clint::tick mtime <- 0x0000000000000012
 clint timer pending at mtime 0x0000000000000012
htif::tick 0x0000000000000000
mem[X,0x0080000000000C7C] -> 0x5433
mem[X,0x0080000000000C7E] -> 0x00A4
[1800] [M]: 0x0080000000000C7C (0x00A45433) srl fp, fp, a0
x8 <- 0x000000000000587D

mem[X,0x0080000000000C80] -> 0x1413
mem[X,0x0080000000000C82] -> 0x03F4
[1801] [M]: 0x0080000000000C80 (0x03F41413) slli fp, fp, 0x3f
x8 <- 0x8000000000000000

mem[X,0x0080000000000C84] -> 0x5C63
mem[X,0x0080000000000C86] -> 0x0404
[1802] [M]: 0x0080000000000C84 (0x04045C63) bge fp, zero, 0x58

mem[X,0x0080000000000C88] -> 0xB403
mem[X,0x0080000000000C8A] -> 0x2084
[1803] [M]: 0x0080000000000C88 (0x2084B403) ld fp, 0x208(s1)
mem[R,0x00800000000034A0] -> 0x008000000000039C
x8 <- 0x008000000000039C

mem[X,0x0080000000000C8C] -> 0xB583
mem[X,0x0080000000000C8E] -> 0x2104
[1804] [M]: 0x0080000000000C8C (0x2104B583) ld a1, 0x210(s1)
mem[R,0x00800000000034A8] -> 0x0000000000000468
x11 <- 0x0000000000000468

mem[X,0x0080000000000C90] -> 0x85B3
mem[X,0x0080000000000C92] -> 0x0085
[1805] [M]: 0x0080000000000C90 (0x008585B3) add a1, a1, fp
x11 <- 0x0080000000000804

mem[X,0x0080000000000C94] -> 0xF463
mem[X,0x0080000000000C96] -> 0x00B3
[1806] [M]: 0x0080000000000C94 (0x00B3F463) bgeu t2, a1, 0x8

mem[X,0x0080000000000C98] -> 0xF063
mem[X,0x0080000000000C9A] -> 0x0483
[1807] [M]: 0x0080000000000C98 (0x0483F063) bgeu t2, fp, 0x40

mem[X,0x0080000000000CD8] -> 0x8433
mem[X,0x0080000000000CDA] -> 0x4083
[1808] [M]: 0x0080000000000CD8 (0x40838433) sub fp, t2, fp
x8 <- 0x000000000000044C

mem[X,0x0080000000000CDC] -> 0x3C23
mem[X,0x0080000000000CDE] -> 0x0083
[1809] [M]: 0x0080000000000CDC (0x00833C23) sd fp, 0x18(t1)
mem[0x0080000000004478] <- 0x000000000000044C

mem[X,0x0080000000000CE0] -> 0x3483
mem[X,0x0080000000000CE2] -> 0x2181
[1810] [M]: 0x0080000000000CE0 (0x21813483) ld s1, 0x218(sp)
mem[R,0x0080000000003218] -> 0x0080000000004480
x9 <- 0x0080000000004480

mem[X,0x0080000000000CE4] -> 0x3383
mem[X,0x0080000000000CE6] -> 0x1F81
[1811] [M]: 0x0080000000000CE4 (0x1F813383) ld t2, 0x1f8(sp)
mem[R,0x00800000000031F8] -> 0x0080000000004210
x7 <- 0x0080000000004210

mem[X,0x0080000000000CE8] -> 0x3303
mem[X,0x0080000000000CEA] -> 0x2001
[1812] [M]: 0x0080000000000CE8 (0x20013303) ld t1, 0x200(sp)
mem[R,0x0080000000003200] -> 0x0000000000000520
x6 <- 0x0000000000000520

mem[X,0x0080000000000CEC] -> 0x0333
mem[X,0x0080000000000CEE] -> 0x0073
[1813] [M]: 0x0080000000000CEC (0x00730333) add t1, t1, t2
x6 <- 0x0080000000004730

mem[X,0x0080000000000CF0] -> 0x6EE3
mem[X,0x0080000000000CF2] -> 0xB093
[1814] [M]: 0x0080000000000CF0 (0xB0936EE3) bltu t1, s1, -0x4e4

mem[X,0x0080000000000CF4] -> 0x0393
mem[X,0x0080000000000CF6] -> 0x2000
[1815] [M]: 0x0080000000000CF4 (0x20000393) addi t2, zero, 0x200
x7 <- 0x0000000000000200

mem[X,0x0080000000000CF8] -> 0x006F
mem[X,0x0080000000000CFA] -> 0x0400
[1816] [M]: 0x0080000000000CF8 (0x0400006F) jal zero, 0x40

mem[X,0x0080000000000D38] -> 0x0417
mem[X,0x0080000000000D3A] -> 0x0000
[1817] [M]: 0x0080000000000D38 (0x00000417) auipc fp, 0x0
x8 <- 0x0080000000000D38

mem[X,0x0080000000000D3C] -> 0x0413
mem[X,0x0080000000000D3E] -> 0x03C4
[1818] [M]: 0x0080000000000D3C (0x03C40413) addi fp, fp, 0x3c
x8 <- 0x0080000000000D74

mem[X,0x0080000000000D40] -> 0x0433
mem[X,0x0080000000000D42] -> 0x0074
[1819] [M]: 0x0080000000000D40 (0x00740433) add fp, fp, t2
x8 <- 0x0080000000000F74

mem[X,0x0080000000000D44] -> 0x1393
mem[X,0x0080000000000D46] -> 0x0035
[1820] [M]: 0x0080000000000D44 (0x00351393) slli t2, a0, 0x3
x7 <- 0x0000000000000008

mem[X,0x0080000000000D48] -> 0x0433
mem[X,0x0080000000000D4A] -> 0x0074
[1821] [M]: 0x0080000000000D48 (0x00740433) add fp, fp, t2
x8 <- 0x0080000000000F7C

mem[X,0x0080000000000D4C] -> 0x7413
mem[X,0x0080000000000D4E] -> 0xFF84
[1822] [M]: 0x0080000000000D4C (0xFF847413) andi fp, fp, -0x8
x8 <- 0x0080000000000F78

mem[X,0x0080000000000D50] -> 0x3403
mem[X,0x0080000000000D52] -> 0x0004
[1823] [M]: 0x0080000000000D50 (0x00043403) ld fp, 0x0(fp)
mem[R,0x0080000000000F78] -> 0x0000000000000003
x8 <- 0x0000000000000003

mem[X,0x0080000000000D54] -> 0x06E3
mem[X,0x0080000000000D56] -> 0xB404
[1824] [M]: 0x0080000000000D54 (0xB40406E3) beq fp, zero, -0x4b4

mem[X,0x0080000000000D58] -> 0x1393
mem[X,0x0080000000000D5A] -> 0x03F4
[1825] [M]: 0x0080000000000D58 (0x03F41393) slli t2, fp, 0x3f
x7 <- 0x8000000000000000

mem[X,0x0080000000000D5C] -> 0xD863
mem[X,0x0080000000000D5E] -> 0x0003
[1826] [M]: 0x0080000000000D5C (0x0003D863) bge t2, zero, 0x10

mem[X,0x0080000000000D60] -> 0x5413
mem[X,0x0080000000000D62] -> 0x0014
[1827] [M]: 0x0080000000000D60 (0x00145413) srli fp, fp, 0x1
x8 <- 0x0000000000000001

mem[X,0x0080000000000D64] -> 0x0CE3
mem[X,0x0080000000000D66] -> 0xF885
[1828] [M]: 0x0080000000000D64 (0xF8850CE3) beq a0, fp, -0x68

mem[X,0x0080000000000CFC] -> 0x3303
mem[X,0x0080000000000CFE] -> 0x2601
[1829] [M]: 0x0080000000000CFC (0x26013303) ld t1, 0x260(sp)
mem[R,0x0080000000003260] -> 0x0000000000000010
x6 <- 0x0000000000000010

mem[X,0x0080000000000D00] -> 0x3383
mem[X,0x0080000000000D02] -> 0x2681
[1830] [M]: 0x0080000000000D00 (0x26813383) ld t2, 0x268(sp)
mem[R,0x0080000000003268] -> 0x00800000000006E4
x7 <- 0x00800000000006E4

mem[X,0x0080000000000D04] -> 0x3403
mem[X,0x0080000000000D06] -> 0x2701
[1831] [M]: 0x0080000000000D04 (0x27013403) ld fp, 0x270(sp)
mem[R,0x0080000000003270] -> 0x0000000000007F76
x8 <- 0x0000000000007F76

mem[X,0x0080000000000D08] -> 0x3483
mem[X,0x0080000000000D0A] -> 0x2781
[1832] [M]: 0x0080000000000D08 (0x27813483) ld s1, 0x278(sp)
mem[R,0x0080000000003278] -> 0x00800000000006E4
x9 <- 0x00800000000006E4

mem[X,0x0080000000000D0C] -> 0x3503
mem[X,0x0080000000000D0E] -> 0x2801
[1833] [M]: 0x0080000000000D0C (0x28013503) ld a0, 0x280(sp)
mem[R,0x0080000000003280] -> 0x0000000000000001
x10 <- 0x0000000000000001

mem[X,0x0080000000000D10] -> 0x3583
mem[X,0x0080000000000D12] -> 0x2881
[1834] [M]: 0x0080000000000D10 (0x28813583) ld a1, 0x288(sp)
mem[R,0x0080000000003288] -> 0x0000000000000000
x11 <- 0x0000000000000000

mem[X,0x0080000000000D14] -> 0x3103
mem[X,0x0080000000000D16] -> 0x2901
[1835] [M]: 0x0080000000000D14 (0x29013103) ld sp, 0x290(sp)
mem[R,0x0080000000003290] -> 0x0080000000003000
x2 <- 0x0080000000003000

mem[X,0x0080000000000D18] -> 0x0073
mem[X,0x0080000000000D1A] -> 0x3020
[1836] [M]: 0x0080000000000D18 (0x30200073) mret
CSR mstatus <- 0x0000000A00000088
ret-ing from M to U

mem[X,0x00800000000007F0] -> 0x0013
mem[X,0x00800000000007F2] -> 0x0000
[1837] [U]: 0x00800000000007F0 (0x00000013) addi zero, zero, 0x0

mem[X,0x00800000000007F4] -> 0x0013
mem[X,0x00800000000007F6] -> 0x0000
[1838] [U]: 0x00800000000007F4 (0x00000013) addi zero, zero, 0x0

mem[X,0x00800000000007F8] -> 0x0013
mem[X,0x00800000000007FA] -> 0x0000
[1839] [U]: 0x00800000000007F8 (0x00000013) addi zero, zero, 0x0

mem[X,0x00800000000007FC] -> 0x0013
mem[X,0x00800000000007FE] -> 0x0000
[1840] [U]: 0x00800000000007FC (0x00000013) addi zero, zero, 0x0

mem[X,0x0080000000000800] -> 0x8067
mem[X,0x0080000000000802] -> 0x0000
[1841] [U]: 0x0080000000000800 (0x00008067) jalr zero, 0x0(ra)

mem[X,0x00800000000007D4] -> 0x0013
mem[X,0x00800000000007D6] -> 0x0000
[1842] [U]: 0x00800000000007D4 (0x00000013) addi zero, zero, 0x0

mem[X,0x00800000000007D8] -> 0x0013
mem[X,0x00800000000007DA] -> 0x0000
[1843] [U]: 0x00800000000007D8 (0x00000013) addi zero, zero, 0x0

mem[X,0x00800000000007DC] -> 0x00EF
mem[X,0x00800000000007DE] -> 0x00C0
[1844] [U]: 0x00800000000007DC (0x00C000EF) jal ra, 0xc
x1 <- 0x00800000000007E0

trapping from U to M to handle fetch-access-fault
handling exc#0x01 at priv M with tval 0x00800000000007E8
CSR mstatus <- 0x0000000A00000080
mem[X,0x0080000000000900] -> 0x006F
mem[X,0x0080000000000902] -> 0x1000
[1845] [M]: 0x0080000000000900 (0x1000006F) jal zero, 0x100

mem[X,0x0080000000000A00] -> 0x1173
mem[X,0x0080000000000A02] -> 0x3401
[1846] [M]: 0x0080000000000A00 (0x34011173) csrrw sp, mscratch, sp
CSR mscratch <- 0x0080000000003000 (input: 0x0080000000003000)
x2 <- 0x0080000000003000

mem[X,0x0080000000000A04] -> 0x3423
mem[X,0x0080000000000A06] -> 0x28B1
[1847] [M]: 0x0080000000000A04 (0x28B13423) sd a1, 0x288(sp)
mem[0x0080000000003288] <- 0x0000000000000000

mem[X,0x0080000000000A08] -> 0x05EF
mem[X,0x0080000000000A0A] -> 0x0B80
[1848] [M]: 0x0080000000000A08 (0x0B8005EF) jal a1, 0xb8
x11 <- 0x0080000000000A0C

mem[X,0x0080000000000AC0] -> 0x3023
mem[X,0x0080000000000AC2] -> 0x28A1
[1849] [M]: 0x0080000000000AC0 (0x28A13023) sd a0, 0x280(sp)
mem[0x0080000000003280] <- 0x0000000000000001

mem[X,0x0080000000000AC4] -> 0x1573
mem[X,0x0080000000000AC6] -> 0x3401
[1850] [M]: 0x0080000000000AC4 (0x34011573) csrrw a0, mscratch, sp
CSR mscratch <- 0x0080000000003000 (input: 0x0080000000003000)
x10 <- 0x0080000000003000

mem[X,0x0080000000000AC8] -> 0x3823
mem[X,0x0080000000000ACA] -> 0x28A1
[1851] [M]: 0x0080000000000AC8 (0x28A13823) sd a0, 0x290(sp)
mem[0x0080000000003290] <- 0x0080000000003000

mem[X,0x0080000000000ACC] -> 0x3503
mem[X,0x0080000000000ACE] -> 0x2301
[1852] [M]: 0x0080000000000ACC (0x23013503) ld a0, 0x230(sp)
mem[R,0x0080000000003230] -> 0x0080000000000AD4
x10 <- 0x0080000000000AD4

mem[X,0x0080000000000AD0] -> 0x0067
mem[X,0x0080000000000AD2] -> 0x0005
[1853] [M]: 0x0080000000000AD0 (0x00050067) jalr zero, 0x0(a0)

mem[X,0x0080000000000AD4] -> 0x3C23
mem[X,0x0080000000000AD6] -> 0x2691
[1854] [M]: 0x0080000000000AD4 (0x26913C23) sd s1, 0x278(sp)
mem[0x0080000000003278] <- 0x00800000000006E4

mem[X,0x0080000000000AD8] -> 0x3823
mem[X,0x0080000000000ADA] -> 0x2681
[1855] [M]: 0x0080000000000AD8 (0x26813823) sd fp, 0x270(sp)
mem[0x0080000000003270] <- 0x0000000000007F76

mem[X,0x0080000000000ADC] -> 0x3423
mem[X,0x0080000000000ADE] -> 0x2671
[1856] [M]: 0x0080000000000ADC (0x26713423) sd t2, 0x268(sp)
mem[0x0080000000003268] <- 0x00800000000006E4

mem[X,0x0080000000000AE0] -> 0x3023
mem[X,0x0080000000000AE2] -> 0x2661
[1857] [M]: 0x0080000000000AE0 (0x26613023) sd t1, 0x260(sp)
mem[0x0080000000003260] <- 0x0000000000000010

mem[X,0x0080000000000AE4] -> 0x2573
mem[X,0x0080000000000AE6] -> 0x3420
[1858] [M]: 0x0080000000000AE4 (0x34202573) csrrs a0, mcause, zero
CSR mcause -> 0x0000000000000001
x10 <- 0x0000000000000001

mem[X,0x0080000000000AE8] -> 0x04B7
mem[X,0x0080000000000AEA] -> 0x8000
[1859] [M]: 0x0080000000000AE8 (0x800004B7) lui s1, -0x80000
x9 <- 0xFFFFFFFF80000000

mem[X,0x0080000000000AEC] -> 0x8493
mem[X,0x0080000000000AEE] -> 0x0004
[1860] [M]: 0x0080000000000AEC (0x00048493) addi s1, s1, 0x0
x9 <- 0xFFFFFFFF80000000

mem[X,0x0080000000000AF0] -> 0x9493
mem[X,0x0080000000000AF2] -> 0x00B4
[1861] [M]: 0x0080000000000AF0 (0x00B49493) slli s1, s1, 0xb
x9 <- 0xFFFFFC0000000000

mem[X,0x0080000000000AF4] -> 0x8493
mem[X,0x0080000000000AF6] -> 0x0004
[1862] [M]: 0x0080000000000AF4 (0x00048493) addi s1, s1, 0x0
x9 <- 0xFFFFFC0000000000

mem[X,0x0080000000000AF8] -> 0x9493
mem[X,0x0080000000000AFA] -> 0x00B4
[1863] [M]: 0x0080000000000AF8 (0x00B49493) slli s1, s1, 0xb
x9 <- 0xFFE0000000000000

mem[X,0x0080000000000AFC] -> 0x8493
mem[X,0x0080000000000AFE] -> 0x0034
[1864] [M]: 0x0080000000000AFC (0x00348493) addi s1, s1, 0x3
x9 <- 0xFFE0000000000003

mem[X,0x0080000000000B00] -> 0x9493
mem[X,0x0080000000000B02] -> 0x00A4
[1865] [M]: 0x0080000000000B00 (0x00A49493) slli s1, s1, 0xa
x9 <- 0x8000000000000C00

mem[X,0x0080000000000B04] -> 0x8493
mem[X,0x0080000000000B06] -> 0x3FC4
[1866] [M]: 0x0080000000000B04 (0x3FC48493) addi s1, s1, 0x3fc
x9 <- 0x8000000000000FFC

mem[X,0x0080000000000B08] -> 0xF4B3
mem[X,0x0080000000000B0A] -> 0x00A4
[1867] [M]: 0x0080000000000B08 (0x00A4F4B3) and s1, s1, a0
x9 <- 0x0000000000000000

mem[X,0x0080000000000B0C] -> 0x8493
mem[X,0x0080000000000B0E] -> 0xFF84
[1868] [M]: 0x0080000000000B0C (0xFF848493) addi s1, s1, -0x8
x9 <- 0xFFFFFFFFFFFFFFF8

mem[X,0x0080000000000B10] -> 0x9663
mem[X,0x0080000000000B12] -> 0x0004
[1869] [M]: 0x0080000000000B10 (0x00049663) bne s1, zero, 0xc

mem[X,0x0080000000000B1C] -> 0x0393
mem[X,0x0080000000000B1E] -> 0x0200
[1870] [M]: 0x0080000000000B1C (0x02000393) addi t2, zero, 0x20
x7 <- 0x0000000000000020

mem[X,0x0080000000000B20] -> 0x5263
mem[X,0x0080000000000B22] -> 0x0405
[1871] [M]: 0x0080000000000B20 (0x04055263) bge a0, zero, 0x44

mem[X,0x0080000000000B64] -> 0x2373
mem[X,0x0080000000000B66] -> 0x3010
[1872] [M]: 0x0080000000000B64 (0x30102373) csrrs t1, misa, zero
CSR misa -> 0x800000000034112D
x6 <- 0x800000000034112D

mem[X,0x0080000000000B68] -> 0x1313
mem[X,0x0080000000000B6A] -> 0x0383
[1873] [M]: 0x0080000000000B68 (0x03831313) slli t1, t1, 0x38
x6 <- 0x2D00000000000000

mem[X,0x0080000000000B6C] -> 0x5463
mem[X,0x0080000000000B6E] -> 0x0003
[1874] [M]: 0x0080000000000B6C (0x00035463) bge t1, zero, 0x8

mem[X,0x0080000000000B74] -> 0x3303
mem[X,0x0080000000000B76] -> 0x2181
[1875] [M]: 0x0080000000000B74 (0x21813303) ld t1, 0x218(sp)
mem[R,0x0080000000003218] -> 0x0080000000004480
x6 <- 0x0080000000004480

mem[X,0x0080000000000B78] -> 0x04B3
mem[X,0x0080000000000B7A] -> 0x0073
[1876] [M]: 0x0080000000000B78 (0x007304B3) add s1, t1, t2
x9 <- 0x00800000000044A0

mem[X,0x0080000000000B7C] -> 0x3C23
mem[X,0x0080000000000B7E] -> 0x2091
[1877] [M]: 0x0080000000000B7C (0x20913C23) sd s1, 0x218(sp)
mem[0x0080000000003218] <- 0x00800000000044A0

mem[X,0x0080000000000B80] -> 0x3403
mem[X,0x0080000000000B82] -> 0x1F81
[1878] [M]: 0x0080000000000B80 (0x1F813403) ld fp, 0x1f8(sp)
mem[R,0x00800000000031F8] -> 0x0080000000004210
x8 <- 0x0080000000004210

mem[X,0x0080000000000B84] -> 0x0333
mem[X,0x0080000000000B86] -> 0x4083
[1879] [M]: 0x0080000000000B84 (0x40830333) sub t1, t1, fp
x6 <- 0x0000000000000270

mem[X,0x0080000000000B88] -> 0x3403
mem[X,0x0080000000000B8A] -> 0x1F81
[1880] [M]: 0x0080000000000B88 (0x1F813403) ld fp, 0x1f8(sp)
mem[R,0x00800000000031F8] -> 0x0080000000004210
x8 <- 0x0080000000004210

mem[X,0x0080000000000B8C] -> 0x0333
mem[X,0x0080000000000B8E] -> 0x0083
[1881] [M]: 0x0080000000000B8C (0x00830333) add t1, t1, fp
x6 <- 0x0080000000004480

mem[X,0x0080000000000B90] -> 0x3403
mem[X,0x0080000000000B92] -> 0x2401
[1882] [M]: 0x0080000000000B90 (0x24013403) ld fp, 0x240(sp)
mem[R,0x0080000000003240] -> 0x0080000000000900
x8 <- 0x0080000000000900

mem[X,0x0080000000000B94] -> 0x85B3
mem[X,0x0080000000000B96] -> 0x4085
[1883] [M]: 0x0080000000000B94 (0x408585B3) sub a1, a1, fp
x11 <- 0x000000000000010C

mem[X,0x0080000000000B98] -> 0x9593
mem[X,0x0080000000000B9A] -> 0x0045
[1884] [M]: 0x0080000000000B98 (0x00459593) slli a1, a1, 0x4
x11 <- 0x00000000000010C0

mem[X,0x0080000000000B9C] -> 0xE5B3
mem[X,0x0080000000000B9E] -> 0x0075
[1885] [M]: 0x0080000000000B9C (0x0075E5B3) or a1, a1, t2
x11 <- 0x00000000000010E0

mem[X,0x0080000000000BA0] -> 0x8593
mem[X,0x0080000000000BA2] -> 0x0035
[1886] [M]: 0x0080000000000BA0 (0x00358593) addi a1, a1, 0x3
x11 <- 0x00000000000010E3

mem[X,0x0080000000000BA4] -> 0x3023
mem[X,0x0080000000000BA6] -> 0x00B3
[1887] [M]: 0x0080000000000BA4 (0x00B33023) sd a1, 0x0(t1)
mem[0x0080000000004480] <- 0x00000000000010E3

mem[X,0x0080000000000BA8] -> 0x3423
mem[X,0x0080000000000BAA] -> 0x00A3
[1888] [M]: 0x0080000000000BA8 (0x00A33423) sd a0, 0x8(t1)
mem[0x0080000000004488] <- 0x0000000000000001

mem[X,0x0080000000000BAC] -> 0x4863
mem[X,0x0080000000000BAE] -> 0x1605
[1889] [M]: 0x0080000000000BAC (0x16054863) blt a0, zero, 0x170

mem[X,0x0080000000000BB0] -> 0x25F3
mem[X,0x0080000000000BB2] -> 0x3000
[1890] [M]: 0x0080000000000BB0 (0x300025F3) csrrs a1, mstatus, zero
CSR mstatus -> 0x0000000A00000080
x11 <- 0x0000000A00000080

mem[X,0x0080000000000BB4] -> 0x9413
mem[X,0x0080000000000BB6] -> 0x02E5
[1891] [M]: 0x0080000000000BB4 (0x02E59413) slli fp, a1, 0x2e
x8 <- 0x0020000000000000

mem[X,0x0080000000000BB8] -> 0x5463
mem[X,0x0080000000000BBA] -> 0x0004
[1892] [M]: 0x0080000000000BB8 (0x00045463) bge fp, zero, 0x8

mem[X,0x0080000000000BC0] -> 0xD493
mem[X,0x0080000000000BC2] -> 0x00B5
[1893] [M]: 0x0080000000000BC0 (0x00B5D493) srli s1, a1, 0xb
x9 <- 0x0000000001400000

mem[X,0x0080000000000BC4] -> 0xF493
mem[X,0x0080000000000BC6] -> 0x0034
[1894] [M]: 0x0080000000000BC4 (0x0034F493) andi s1, s1, 0x3
x9 <- 0x0000000000000000

mem[X,0x0080000000000BC8] -> 0x8493
mem[X,0x0080000000000BCA] -> 0x0014
[1895] [M]: 0x0080000000000BC8 (0x00148493) addi s1, s1, 0x1
x9 <- 0x0000000000000001

mem[X,0x0080000000000BCC] -> 0xF493
mem[X,0x0080000000000BCE] -> 0x0044
[1896] [M]: 0x0080000000000BCC (0x0044F493) andi s1, s1, 0x4
x9 <- 0x0000000000000000

mem[X,0x0080000000000BD0] -> 0x0593
mem[X,0x0080000000000BD2] -> 0x05D0
[1897] [M]: 0x0080000000000BD0 (0x05D00593) addi a1, zero, 0x5d
x11 <- 0x000000000000005D

mem[X,0x0080000000000BD4] -> 0xD5B3
mem[X,0x0080000000000BD6] -> 0x0095
[1898] [M]: 0x0080000000000BD4 (0x0095D5B3) srl a1, a1, s1
x11 <- 0x000000000000005D

mem[X,0x0080000000000BD8] -> 0xF593
mem[X,0x0080000000000BDA] -> 0x0015
[1899] [M]: 0x0080000000000BD8 (0x0015F593) andi a1, a1, 0x1
x11 <- 0x0000000000000001

clint::tick mtime <- 0x0000000000000013
 clint timer pending at mtime 0x0000000000000013
htif::tick 0x0000000000000000
mem[X,0x0080000000000BDC] -> 0x8EE3
mem[X,0x0080000000000BDE] -> 0xF405
[1900] [M]: 0x0080000000000BDC (0xF4058EE3) beq a1, zero, -0xa4

mem[X,0x0080000000000BE0] -> 0x0593
mem[X,0x0080000000000BE2] -> 0x2980
[1901] [M]: 0x0080000000000BE0 (0x29800593) addi a1, zero, 0x298
x11 <- 0x0000000000000298

mem[X,0x0080000000000BE4] -> 0xF413
mem[X,0x0080000000000BE6] -> 0x0014
[1902] [M]: 0x0080000000000BE4 (0x0014F413) andi fp, s1, 0x1
x8 <- 0x0000000000000000

mem[X,0x0080000000000BE8] -> 0x95B3
mem[X,0x0080000000000BEA] -> 0x0085
[1903] [M]: 0x0080000000000BE8 (0x008595B3) sll a1, a1, fp
x11 <- 0x0000000000000298

mem[X,0x0080000000000BEC] -> 0x9413
mem[X,0x0080000000000BEE] -> 0x03D4
[1904] [M]: 0x0080000000000BEC (0x03D49413) slli fp, s1, 0x3d
x8 <- 0x0000000000000000

mem[X,0x0080000000000BF0] -> 0x5413
mem[X,0x0080000000000BF2] -> 0x43F4
[1905] [M]: 0x0080000000000BF0 (0x43F45413) srai fp, fp, 0x3f
x8 <- 0x0000000000000000

mem[X,0x0080000000000BF4] -> 0x4413
mem[X,0x0080000000000BF6] -> 0xFFF4
[1906] [M]: 0x0080000000000BF4 (0xFFF44413) xori fp, fp, -0x1
x8 <- 0xFFFFFFFFFFFFFFFF

mem[X,0x0080000000000BF8] -> 0xF4B3
mem[X,0x0080000000000BFA] -> 0x0085
[1907] [M]: 0x0080000000000BF8 (0x0085F4B3) and s1, a1, fp
x9 <- 0x0000000000000298

mem[X,0x0080000000000BFC] -> 0x84B3
mem[X,0x0080000000000BFE] -> 0x0024
[1908] [M]: 0x0080000000000BFC (0x002484B3) add s1, s1, sp
x9 <- 0x0080000000003298

mem[X,0x0080000000000C00] -> 0x23F3
mem[X,0x0080000000000C02] -> 0x3410
[1909] [M]: 0x0080000000000C00 (0x341023F3) csrrs t2, mepc, zero
CSR mepc -> 0x00800000000007E8
x7 <- 0x00800000000007E8

mem[X,0x0080000000000C04] -> 0xB403
mem[X,0x0080000000000C06] -> 0x2084
[1910] [M]: 0x0080000000000C04 (0x2084B403) ld fp, 0x208(s1)
mem[R,0x00800000000034A0] -> 0x008000000000039C
x8 <- 0x008000000000039C

mem[X,0x0080000000000C08] -> 0xB583
mem[X,0x0080000000000C0A] -> 0x2104
[1911] [M]: 0x0080000000000C08 (0x2104B583) ld a1, 0x210(s1)
mem[R,0x00800000000034A8] -> 0x0000000000000468
x11 <- 0x0000000000000468

mem[X,0x0080000000000C0C] -> 0x85B3
mem[X,0x0080000000000C0E] -> 0x0085
[1912] [M]: 0x0080000000000C0C (0x008585B3) add a1, a1, fp
x11 <- 0x0080000000000804

mem[X,0x0080000000000C10] -> 0xF463
mem[X,0x0080000000000C12] -> 0x00B3
[1913] [M]: 0x0080000000000C10 (0x00B3F463) bgeu t2, a1, 0x8

mem[X,0x0080000000000C14] -> 0xF663
mem[X,0x0080000000000C16] -> 0x0283
[1914] [M]: 0x0080000000000C14 (0x0283F663) bgeu t2, fp, 0x2c

mem[X,0x0080000000000C40] -> 0x8433
mem[X,0x0080000000000C42] -> 0x4083
[1915] [M]: 0x0080000000000C40 (0x40838433) sub fp, t2, fp
x8 <- 0x000000000000044C

mem[X,0x0080000000000C44] -> 0x3823
mem[X,0x0080000000000C46] -> 0x0083
[1916] [M]: 0x0080000000000C44 (0x00833823) sd fp, 0x10(t1)
mem[0x0080000000004490] <- 0x000000000000044C

mem[X,0x0080000000000C48] -> 0xF593
mem[X,0x0080000000000C4A] -> 0xFFC3
[1917] [M]: 0x0080000000000C48 (0xFFC3F593) andi a1, t2, -0x4
x11 <- 0x00800000000007E8

mem[X,0x0080000000000C4C] -> 0x8593
mem[X,0x0080000000000C4E] -> 0x0085
[1918] [M]: 0x0080000000000C4C (0x00858593) addi a1, a1, 0x8
x11 <- 0x00800000000007F0

mem[X,0x0080000000000C50] -> 0x9073
mem[X,0x0080000000000C52] -> 0x3415
[1919] [M]: 0x0080000000000C50 (0x34159073) csrrw zero, mepc, a1
CSR mepc <- 0x00800000000007F0 (input: 0x00800000000007F0)

mem[X,0x0080000000000C54] -> 0x23F3
mem[X,0x0080000000000C56] -> 0x3430
[1920] [M]: 0x0080000000000C54 (0x343023F3) csrrs t2, mtval, zero
CSR mtval -> 0x00800000000007E8
x7 <- 0x00800000000007E8

mem[X,0x0080000000000C58] -> 0x7513
mem[X,0x0080000000000C5A] -> 0x00F5
[1921] [M]: 0x0080000000000C58 (0x00F57513) andi a0, a0, 0xf
x10 <- 0x0000000000000001

mem[X,0x0080000000000C5C] -> 0x0437
mem[X,0x0080000000000C5E] -> 0x0000
[1922] [M]: 0x0080000000000C5C (0x00000437) lui fp, 0x0
x8 <- 0x0000000000000000

mem[X,0x0080000000000C60] -> 0x0413
mem[X,0x0080000000000C62] -> 0x0004
[1923] [M]: 0x0080000000000C60 (0x00040413) addi fp, fp, 0x0
x8 <- 0x0000000000000000

mem[X,0x0080000000000C64] -> 0x1413
mem[X,0x0080000000000C66] -> 0x00B4
[1924] [M]: 0x0080000000000C64 (0x00B41413) slli fp, fp, 0xb
x8 <- 0x0000000000000000

mem[X,0x0080000000000C68] -> 0x0413
mem[X,0x0080000000000C6A] -> 0x0004
[1925] [M]: 0x0080000000000C68 (0x00040413) addi fp, fp, 0x0
x8 <- 0x0000000000000000

mem[X,0x0080000000000C6C] -> 0x1413
mem[X,0x0080000000000C6E] -> 0x00B4
[1926] [M]: 0x0080000000000C6C (0x00B41413) slli fp, fp, 0xb
x8 <- 0x0000000000000000

mem[X,0x0080000000000C70] -> 0x0413
mem[X,0x0080000000000C72] -> 0x02C4
[1927] [M]: 0x0080000000000C70 (0x02C40413) addi fp, fp, 0x2c
x8 <- 0x000000000000002C

mem[X,0x0080000000000C74] -> 0x1413
mem[X,0x0080000000000C76] -> 0x00A4
[1928] [M]: 0x0080000000000C74 (0x00A41413) slli fp, fp, 0xa
x8 <- 0x000000000000B000

mem[X,0x0080000000000C78] -> 0x0413
mem[X,0x0080000000000C7A] -> 0x0FB4
[1929] [M]: 0x0080000000000C78 (0x0FB40413) addi fp, fp, 0xfb
x8 <- 0x000000000000B0FB

mem[X,0x0080000000000C7C] -> 0x5433
mem[X,0x0080000000000C7E] -> 0x00A4
[1930] [M]: 0x0080000000000C7C (0x00A45433) srl fp, fp, a0
x8 <- 0x000000000000587D

mem[X,0x0080000000000C80] -> 0x1413
mem[X,0x0080000000000C82] -> 0x03F4
[1931] [M]: 0x0080000000000C80 (0x03F41413) slli fp, fp, 0x3f
x8 <- 0x8000000000000000

mem[X,0x0080000000000C84] -> 0x5C63
mem[X,0x0080000000000C86] -> 0x0404
[1932] [M]: 0x0080000000000C84 (0x04045C63) bge fp, zero, 0x58

mem[X,0x0080000000000C88] -> 0xB403
mem[X,0x0080000000000C8A] -> 0x2084
[1933] [M]: 0x0080000000000C88 (0x2084B403) ld fp, 0x208(s1)
mem[R,0x00800000000034A0] -> 0x008000000000039C
x8 <- 0x008000000000039C

mem[X,0x0080000000000C8C] -> 0xB583
mem[X,0x0080000000000C8E] -> 0x2104
[1934] [M]: 0x0080000000000C8C (0x2104B583) ld a1, 0x210(s1)
mem[R,0x00800000000034A8] -> 0x0000000000000468
x11 <- 0x0000000000000468

mem[X,0x0080000000000C90] -> 0x85B3
mem[X,0x0080000000000C92] -> 0x0085
[1935] [M]: 0x0080000000000C90 (0x008585B3) add a1, a1, fp
x11 <- 0x0080000000000804

mem[X,0x0080000000000C94] -> 0xF463
mem[X,0x0080000000000C96] -> 0x00B3
[1936] [M]: 0x0080000000000C94 (0x00B3F463) bgeu t2, a1, 0x8

mem[X,0x0080000000000C98] -> 0xF063
mem[X,0x0080000000000C9A] -> 0x0483
[1937] [M]: 0x0080000000000C98 (0x0483F063) bgeu t2, fp, 0x40

mem[X,0x0080000000000CD8] -> 0x8433
mem[X,0x0080000000000CDA] -> 0x4083
[1938] [M]: 0x0080000000000CD8 (0x40838433) sub fp, t2, fp
x8 <- 0x000000000000044C

mem[X,0x0080000000000CDC] -> 0x3C23
mem[X,0x0080000000000CDE] -> 0x0083
[1939] [M]: 0x0080000000000CDC (0x00833C23) sd fp, 0x18(t1)
mem[0x0080000000004498] <- 0x000000000000044C

mem[X,0x0080000000000CE0] -> 0x3483
mem[X,0x0080000000000CE2] -> 0x2181
[1940] [M]: 0x0080000000000CE0 (0x21813483) ld s1, 0x218(sp)
mem[R,0x0080000000003218] -> 0x00800000000044A0
x9 <- 0x00800000000044A0

mem[X,0x0080000000000CE4] -> 0x3383
mem[X,0x0080000000000CE6] -> 0x1F81
[1941] [M]: 0x0080000000000CE4 (0x1F813383) ld t2, 0x1f8(sp)
mem[R,0x00800000000031F8] -> 0x0080000000004210
x7 <- 0x0080000000004210

mem[X,0x0080000000000CE8] -> 0x3303
mem[X,0x0080000000000CEA] -> 0x2001
[1942] [M]: 0x0080000000000CE8 (0x20013303) ld t1, 0x200(sp)
mem[R,0x0080000000003200] -> 0x0000000000000520
x6 <- 0x0000000000000520

mem[X,0x0080000000000CEC] -> 0x0333
mem[X,0x0080000000000CEE] -> 0x0073
[1943] [M]: 0x0080000000000CEC (0x00730333) add t1, t1, t2
x6 <- 0x0080000000004730

mem[X,0x0080000000000CF0] -> 0x6EE3
mem[X,0x0080000000000CF2] -> 0xB093
[1944] [M]: 0x0080000000000CF0 (0xB0936EE3) bltu t1, s1, -0x4e4

mem[X,0x0080000000000CF4] -> 0x0393
mem[X,0x0080000000000CF6] -> 0x2000
[1945] [M]: 0x0080000000000CF4 (0x20000393) addi t2, zero, 0x200
x7 <- 0x0000000000000200

mem[X,0x0080000000000CF8] -> 0x006F
mem[X,0x0080000000000CFA] -> 0x0400
[1946] [M]: 0x0080000000000CF8 (0x0400006F) jal zero, 0x40

mem[X,0x0080000000000D38] -> 0x0417
mem[X,0x0080000000000D3A] -> 0x0000
[1947] [M]: 0x0080000000000D38 (0x00000417) auipc fp, 0x0
x8 <- 0x0080000000000D38

mem[X,0x0080000000000D3C] -> 0x0413
mem[X,0x0080000000000D3E] -> 0x03C4
[1948] [M]: 0x0080000000000D3C (0x03C40413) addi fp, fp, 0x3c
x8 <- 0x0080000000000D74

mem[X,0x0080000000000D40] -> 0x0433
mem[X,0x0080000000000D42] -> 0x0074
[1949] [M]: 0x0080000000000D40 (0x00740433) add fp, fp, t2
x8 <- 0x0080000000000F74

mem[X,0x0080000000000D44] -> 0x1393
mem[X,0x0080000000000D46] -> 0x0035
[1950] [M]: 0x0080000000000D44 (0x00351393) slli t2, a0, 0x3
x7 <- 0x0000000000000008

mem[X,0x0080000000000D48] -> 0x0433
mem[X,0x0080000000000D4A] -> 0x0074
[1951] [M]: 0x0080000000000D48 (0x00740433) add fp, fp, t2
x8 <- 0x0080000000000F7C

mem[X,0x0080000000000D4C] -> 0x7413
mem[X,0x0080000000000D4E] -> 0xFF84
[1952] [M]: 0x0080000000000D4C (0xFF847413) andi fp, fp, -0x8
x8 <- 0x0080000000000F78

mem[X,0x0080000000000D50] -> 0x3403
mem[X,0x0080000000000D52] -> 0x0004
[1953] [M]: 0x0080000000000D50 (0x00043403) ld fp, 0x0(fp)
mem[R,0x0080000000000F78] -> 0x0000000000000003
x8 <- 0x0000000000000003

mem[X,0x0080000000000D54] -> 0x06E3
mem[X,0x0080000000000D56] -> 0xB404
[1954] [M]: 0x0080000000000D54 (0xB40406E3) beq fp, zero, -0x4b4

mem[X,0x0080000000000D58] -> 0x1393
mem[X,0x0080000000000D5A] -> 0x03F4
[1955] [M]: 0x0080000000000D58 (0x03F41393) slli t2, fp, 0x3f
x7 <- 0x8000000000000000

mem[X,0x0080000000000D5C] -> 0xD863
mem[X,0x0080000000000D5E] -> 0x0003
[1956] [M]: 0x0080000000000D5C (0x0003D863) bge t2, zero, 0x10

mem[X,0x0080000000000D60] -> 0x5413
mem[X,0x0080000000000D62] -> 0x0014
[1957] [M]: 0x0080000000000D60 (0x00145413) srli fp, fp, 0x1
x8 <- 0x0000000000000001

mem[X,0x0080000000000D64] -> 0x0CE3
mem[X,0x0080000000000D66] -> 0xF885
[1958] [M]: 0x0080000000000D64 (0xF8850CE3) beq a0, fp, -0x68

mem[X,0x0080000000000CFC] -> 0x3303
mem[X,0x0080000000000CFE] -> 0x2601
[1959] [M]: 0x0080000000000CFC (0x26013303) ld t1, 0x260(sp)
mem[R,0x0080000000003260] -> 0x0000000000000010
x6 <- 0x0000000000000010

mem[X,0x0080000000000D00] -> 0x3383
mem[X,0x0080000000000D02] -> 0x2681
[1960] [M]: 0x0080000000000D00 (0x26813383) ld t2, 0x268(sp)
mem[R,0x0080000000003268] -> 0x00800000000006E4
x7 <- 0x00800000000006E4

mem[X,0x0080000000000D04] -> 0x3403
mem[X,0x0080000000000D06] -> 0x2701
[1961] [M]: 0x0080000000000D04 (0x27013403) ld fp, 0x270(sp)
mem[R,0x0080000000003270] -> 0x0000000000007F76
x8 <- 0x0000000000007F76

mem[X,0x0080000000000D08] -> 0x3483
mem[X,0x0080000000000D0A] -> 0x2781
[1962] [M]: 0x0080000000000D08 (0x27813483) ld s1, 0x278(sp)
mem[R,0x0080000000003278] -> 0x00800000000006E4
x9 <- 0x00800000000006E4

mem[X,0x0080000000000D0C] -> 0x3503
mem[X,0x0080000000000D0E] -> 0x2801
[1963] [M]: 0x0080000000000D0C (0x28013503) ld a0, 0x280(sp)
mem[R,0x0080000000003280] -> 0x0000000000000001
x10 <- 0x0000000000000001

mem[X,0x0080000000000D10] -> 0x3583
mem[X,0x0080000000000D12] -> 0x2881
[1964] [M]: 0x0080000000000D10 (0x28813583) ld a1, 0x288(sp)
mem[R,0x0080000000003288] -> 0x0000000000000000
x11 <- 0x0000000000000000

mem[X,0x0080000000000D14] -> 0x3103
mem[X,0x0080000000000D16] -> 0x2901
[1965] [M]: 0x0080000000000D14 (0x29013103) ld sp, 0x290(sp)
mem[R,0x0080000000003290] -> 0x0080000000003000
x2 <- 0x0080000000003000

mem[X,0x0080000000000D18] -> 0x0073
mem[X,0x0080000000000D1A] -> 0x3020
[1966] [M]: 0x0080000000000D18 (0x30200073) mret
CSR mstatus <- 0x0000000A00000088
ret-ing from M to U

mem[X,0x00800000000007F0] -> 0x0013
mem[X,0x00800000000007F2] -> 0x0000
[1967] [U]: 0x00800000000007F0 (0x00000013) addi zero, zero, 0x0

mem[X,0x00800000000007F4] -> 0x0013
mem[X,0x00800000000007F6] -> 0x0000
[1968] [U]: 0x00800000000007F4 (0x00000013) addi zero, zero, 0x0

mem[X,0x00800000000007F8] -> 0x0013
mem[X,0x00800000000007FA] -> 0x0000
[1969] [U]: 0x00800000000007F8 (0x00000013) addi zero, zero, 0x0

mem[X,0x00800000000007FC] -> 0x0013
mem[X,0x00800000000007FE] -> 0x0000
[1970] [U]: 0x00800000000007FC (0x00000013) addi zero, zero, 0x0

mem[X,0x0080000000000800] -> 0x8067
mem[X,0x0080000000000802] -> 0x0000
[1971] [U]: 0x0080000000000800 (0x00008067) jalr zero, 0x0(ra)

mem[X,0x00800000000007E0] -> 0x006F
mem[X,0x00800000000007E2] -> 0x0240
[1972] [U]: 0x00800000000007E0 (0x0240006F) jal zero, 0x24

mem[X,0x0080000000000804] -> 0x0113
mem[X,0x0080000000000806] -> 0x0000
[1973] [U]: 0x0080000000000804 (0x00000113) addi sp, zero, 0x0
x2 <- 0x0000000000000000

mem[X,0x0080000000000808] -> 0x0073
mem[X,0x008000000000080A] -> 0x0000
[1974] [U]: 0x0080000000000808 (0x00000073) ecall
trapping from U to M to handle u-call
handling exc#0x08 at priv M with tval 0x0000000000000000
CSR mstatus <- 0x0000000A00000080

mem[X,0x0080000000000900] -> 0x006F
mem[X,0x0080000000000902] -> 0x1000
[1975] [M]: 0x0080000000000900 (0x1000006F) jal zero, 0x100

mem[X,0x0080000000000A00] -> 0x1173
mem[X,0x0080000000000A02] -> 0x3401
[1976] [M]: 0x0080000000000A00 (0x34011173) csrrw sp, mscratch, sp
CSR mscratch <- 0x0000000000000000 (input: 0x0000000000000000)
x2 <- 0x0080000000003000

mem[X,0x0080000000000A04] -> 0x3423
mem[X,0x0080000000000A06] -> 0x28B1
[1977] [M]: 0x0080000000000A04 (0x28B13423) sd a1, 0x288(sp)
mem[0x0080000000003288] <- 0x0000000000000000

mem[X,0x0080000000000A08] -> 0x05EF
mem[X,0x0080000000000A0A] -> 0x0B80
[1978] [M]: 0x0080000000000A08 (0x0B8005EF) jal a1, 0xb8
x11 <- 0x0080000000000A0C

mem[X,0x0080000000000AC0] -> 0x3023
mem[X,0x0080000000000AC2] -> 0x28A1
[1979] [M]: 0x0080000000000AC0 (0x28A13023) sd a0, 0x280(sp)
mem[0x0080000000003280] <- 0x0000000000000001

mem[X,0x0080000000000AC4] -> 0x1573
mem[X,0x0080000000000AC6] -> 0x3401
[1980] [M]: 0x0080000000000AC4 (0x34011573) csrrw a0, mscratch, sp
CSR mscratch <- 0x0080000000003000 (input: 0x0080000000003000)
x10 <- 0x0000000000000000

mem[X,0x0080000000000AC8] -> 0x3823
mem[X,0x0080000000000ACA] -> 0x28A1
[1981] [M]: 0x0080000000000AC8 (0x28A13823) sd a0, 0x290(sp)
mem[0x0080000000003290] <- 0x0000000000000000

mem[X,0x0080000000000ACC] -> 0x3503
mem[X,0x0080000000000ACE] -> 0x2301
[1982] [M]: 0x0080000000000ACC (0x23013503) ld a0, 0x230(sp)
mem[R,0x0080000000003230] -> 0x0080000000000AD4
x10 <- 0x0080000000000AD4

mem[X,0x0080000000000AD0] -> 0x0067
mem[X,0x0080000000000AD2] -> 0x0005
[1983] [M]: 0x0080000000000AD0 (0x00050067) jalr zero, 0x0(a0)

mem[X,0x0080000000000AD4] -> 0x3C23
mem[X,0x0080000000000AD6] -> 0x2691
[1984] [M]: 0x0080000000000AD4 (0x26913C23) sd s1, 0x278(sp)
mem[0x0080000000003278] <- 0x00800000000006E4

mem[X,0x0080000000000AD8] -> 0x3823
mem[X,0x0080000000000ADA] -> 0x2681
[1985] [M]: 0x0080000000000AD8 (0x26813823) sd fp, 0x270(sp)
mem[0x0080000000003270] <- 0x0000000000007F76

mem[X,0x0080000000000ADC] -> 0x3423
mem[X,0x0080000000000ADE] -> 0x2671
[1986] [M]: 0x0080000000000ADC (0x26713423) sd t2, 0x268(sp)
mem[0x0080000000003268] <- 0x00800000000006E4

mem[X,0x0080000000000AE0] -> 0x3023
mem[X,0x0080000000000AE2] -> 0x2661
[1987] [M]: 0x0080000000000AE0 (0x26613023) sd t1, 0x260(sp)
mem[0x0080000000003260] <- 0x0000000000000010

mem[X,0x0080000000000AE4] -> 0x2573
mem[X,0x0080000000000AE6] -> 0x3420
[1988] [M]: 0x0080000000000AE4 (0x34202573) csrrs a0, mcause, zero
CSR mcause -> 0x0000000000000008
x10 <- 0x0000000000000008

mem[X,0x0080000000000AE8] -> 0x04B7
mem[X,0x0080000000000AEA] -> 0x8000
[1989] [M]: 0x0080000000000AE8 (0x800004B7) lui s1, -0x80000
x9 <- 0xFFFFFFFF80000000

mem[X,0x0080000000000AEC] -> 0x8493
mem[X,0x0080000000000AEE] -> 0x0004
[1990] [M]: 0x0080000000000AEC (0x00048493) addi s1, s1, 0x0
x9 <- 0xFFFFFFFF80000000

mem[X,0x0080000000000AF0] -> 0x9493
mem[X,0x0080000000000AF2] -> 0x00B4
[1991] [M]: 0x0080000000000AF0 (0x00B49493) slli s1, s1, 0xb
x9 <- 0xFFFFFC0000000000

mem[X,0x0080000000000AF4] -> 0x8493
mem[X,0x0080000000000AF6] -> 0x0004
[1992] [M]: 0x0080000000000AF4 (0x00048493) addi s1, s1, 0x0
x9 <- 0xFFFFFC0000000000

mem[X,0x0080000000000AF8] -> 0x9493
mem[X,0x0080000000000AFA] -> 0x00B4
[1993] [M]: 0x0080000000000AF8 (0x00B49493) slli s1, s1, 0xb
x9 <- 0xFFE0000000000000

mem[X,0x0080000000000AFC] -> 0x8493
mem[X,0x0080000000000AFE] -> 0x0034
[1994] [M]: 0x0080000000000AFC (0x00348493) addi s1, s1, 0x3
x9 <- 0xFFE0000000000003

mem[X,0x0080000000000B00] -> 0x9493
mem[X,0x0080000000000B02] -> 0x00A4
[1995] [M]: 0x0080000000000B00 (0x00A49493) slli s1, s1, 0xa
x9 <- 0x8000000000000C00

mem[X,0x0080000000000B04] -> 0x8493
mem[X,0x0080000000000B06] -> 0x3FC4
[1996] [M]: 0x0080000000000B04 (0x3FC48493) addi s1, s1, 0x3fc
x9 <- 0x8000000000000FFC

mem[X,0x0080000000000B08] -> 0xF4B3
mem[X,0x0080000000000B0A] -> 0x00A4
[1997] [M]: 0x0080000000000B08 (0x00A4F4B3) and s1, s1, a0
x9 <- 0x0000000000000008

mem[X,0x0080000000000B0C] -> 0x8493
mem[X,0x0080000000000B0E] -> 0xFF84
[1998] [M]: 0x0080000000000B0C (0xFF848493) addi s1, s1, -0x8
x9 <- 0x0000000000000000

mem[X,0x0080000000000B10] -> 0x9663
mem[X,0x0080000000000B12] -> 0x0004
[1999] [M]: 0x0080000000000B10 (0x00049663) bne s1, zero, 0xc

clint::tick mtime <- 0x0000000000000014
 clint timer pending at mtime 0x0000000000000014
htif::tick 0x0000000000000000
mem[X,0x0080000000000B14] -> 0x3383
mem[X,0x0080000000000B16] -> 0x2901
[2000] [M]: 0x0080000000000B14 (0x29013383) ld t2, 0x290(sp)
mem[R,0x0080000000003290] -> 0x0000000000000000
x7 <- 0x0000000000000000

mem[X,0x0080000000000B18] -> 0x8663
mem[X,0x0080000000000B1A] -> 0x6A03
[2001] [M]: 0x0080000000000B18 (0x6A038663) beq t2, zero, 0x6ac

mem[X,0x00800000000011C4] -> 0x0493
mem[X,0x00800000000011C6] -> 0xFF55
[2002] [M]: 0x00800000000011C4 (0xFF550493) addi s1, a0, -0xb
x9 <- 0xFFFFFFFFFFFFFFFD

mem[X,0x00800000000011C8] -> 0x8C63
mem[X,0x00800000000011CA] -> 0x0004
[2003] [M]: 0x00800000000011C8 (0x00048C63) beq s1, zero, 0x18

mem[X,0x00800000000011CC] -> 0x3583
mem[X,0x00800000000011CE] -> 0x4701
[2004] [M]: 0x00800000000011CC (0x47013583) ld a1, 0x470(sp)
mem[R,0x0080000000003470] -> 0x008000000000039C
x11 <- 0x008000000000039C

mem[X,0x00800000000011D0] -> 0xD463
mem[X,0x00800000000011D2] -> 0x0003
[2005] [M]: 0x00800000000011D0 (0x0003D463) bge t2, zero, 0x8

mem[X,0x00800000000011D8] -> 0x3483
mem[X,0x00800000000011DA] -> 0x1D81
[2006] [M]: 0x00800000000011D8 (0x1D813483) ld s1, 0x1d8(sp)
mem[R,0x00800000000031D8] -> 0x008000000000039C
x9 <- 0x008000000000039C

mem[X,0x00800000000011DC] -> 0x84B3
mem[X,0x00800000000011DE] -> 0x40B4
[2007] [M]: 0x00800000000011DC (0x40B484B3) sub s1, s1, a1
x9 <- 0x0000000000000000

mem[X,0x00800000000011E0] -> 0x23F3
mem[X,0x00800000000011E2] -> 0x3410
[2008] [M]: 0x00800000000011E0 (0x341023F3) csrrs t2, mepc, zero
CSR mepc -> 0x0080000000000808
x7 <- 0x0080000000000808

mem[X,0x00800000000011E4] -> 0x83B3
mem[X,0x00800000000011E6] -> 0x0093
[2009] [M]: 0x00800000000011E4 (0x009383B3) add t2, t2, s1
x7 <- 0x0080000000000808

mem[X,0x00800000000011E8] -> 0x3303
mem[X,0x00800000000011EA] -> 0x2601
[2010] [M]: 0x00800000000011E8 (0x26013303) ld t1, 0x260(sp)
mem[R,0x0080000000003260] -> 0x0000000000000010
x6 <- 0x0000000000000010

mem[X,0x00800000000011EC] -> 0x3403
mem[X,0x00800000000011EE] -> 0x2701
[2011] [M]: 0x00800000000011EC (0x27013403) ld fp, 0x270(sp)
mem[R,0x0080000000003270] -> 0x0000000000007F76
x8 <- 0x0000000000007F76

mem[X,0x00800000000011F0] -> 0x3483
mem[X,0x00800000000011F2] -> 0x2781
[2012] [M]: 0x00800000000011F0 (0x27813483) ld s1, 0x278(sp)
mem[R,0x0080000000003278] -> 0x00800000000006E4
x9 <- 0x00800000000006E4

mem[X,0x00800000000011F4] -> 0x3503
mem[X,0x00800000000011F6] -> 0x2801
[2013] [M]: 0x00800000000011F4 (0x28013503) ld a0, 0x280(sp)
mem[R,0x0080000000003280] -> 0x0000000000000001
x10 <- 0x0000000000000001

mem[X,0x00800000000011F8] -> 0x3583
mem[X,0x00800000000011FA] -> 0x2881
[2014] [M]: 0x00800000000011F8 (0x28813583) ld a1, 0x288(sp)
mem[R,0x0080000000003288] -> 0x0000000000000000
x11 <- 0x0000000000000000

mem[X,0x00800000000011FC] -> 0x3103
mem[X,0x00800000000011FE] -> 0x2901
[2015] [M]: 0x00800000000011FC (0x29013103) ld sp, 0x290(sp)
mem[R,0x0080000000003290] -> 0x0000000000000000
x2 <- 0x0000000000000000

mem[X,0x0080000000001200] -> 0x8067
mem[X,0x0080000000001202] -> 0x0043
[2016] [M]: 0x0080000000001200 (0x00438067) jalr zero, 0x4(t2)

mem[X,0x008000000000080C] -> 0x2373
mem[X,0x008000000000080E] -> 0x3400
[2017] [M]: 0x008000000000080C (0x34002373) csrrs t1, mscratch, zero
CSR mscratch -> 0x0080000000003000
x6 <- 0x0080000000003000

mem[X,0x0080000000000810] -> 0x0313
mem[X,0x0080000000000812] -> 0x2983
[2018] [M]: 0x0080000000000810 (0x29830313) addi t1, t1, 0x298
x6 <- 0x0080000000003298

mem[X,0x0080000000000814] -> 0x3383
mem[X,0x0080000000000816] -> 0x2383
[2019] [M]: 0x0080000000000814 (0x23833383) ld t2, 0x238(t1)
mem[R,0x00800000000034D0] -> 0x0000000000000000
x7 <- 0x0000000000000000

mem[X,0x0080000000000818] -> 0x3383
mem[X,0x008000000000081A] -> 0x2203
[2020] [M]: 0x0080000000000818 (0x22033383) ld t2, 0x220(t1)
mem[R,0x00800000000034B8] -> 0x0000000000000000
x7 <- 0x0000000000000000

mem[X,0x008000000000081C] -> 0x9073
mem[X,0x008000000000081E] -> 0x1803
[2021] [M]: 0x008000000000081C (0x18039073) csrrw zero, satp, t2
CSR satp <- 0x0000000000000000 (input: 0x0000000000000000)

mem[X,0x0080000000000820] -> 0x3503
mem[X,0x0080000000000822] -> 0x2503
[2022] [M]: 0x0080000000000820 (0x25033503) ld a0, 0x250(t1)
mem[R,0x00800000000034E8] -> 0x0000000000000000
x10 <- 0x0000000000000000

mem[X,0x0080000000000824] -> 0x1073
mem[X,0x0080000000000826] -> 0x1405
[2023] [M]: 0x0080000000000824 (0x14051073) csrrw zero, sscratch, a0
CSR sscratch <- 0x0000000000000000 (input: 0x0000000000000000)

mem[X,0x0080000000000828] -> 0x3483
mem[X,0x008000000000082A] -> 0x2483
[2024] [M]: 0x0080000000000828 (0x24833483) ld s1, 0x248(t1)
mem[R,0x00800000000034E0] -> 0x0000000000000000
x9 <- 0x0000000000000000

mem[X,0x008000000000082C] -> 0x93F3
mem[X,0x008000000000082E] -> 0x1054
[2025] [M]: 0x008000000000082C (0x105493F3) csrrw t2, stvec, s1
CSR stvec <- 0x0000000000000000 (input: 0x0000000000000000)
x7 <- 0x0080000000001240

mem[X,0x0080000000000830] -> 0xF493
mem[X,0x0080000000000832] -> 0xFFC4
[2026] [M]: 0x0080000000000830 (0xFFC4F493) andi s1, s1, -0x4
x9 <- 0x0000000000000000

mem[X,0x0080000000000834] -> 0xF393
mem[X,0x0080000000000836] -> 0xFFC3
[2027] [M]: 0x0080000000000834 (0xFFC3F393) andi t2, t2, -0x4
x7 <- 0x0080000000001240

mem[X,0x0080000000000838] -> 0x9063
mem[X,0x008000000000083A] -> 0x0274
[2028] [M]: 0x0080000000000838 (0x02749063) bne s1, t2, 0x20

mem[X,0x0080000000000858] -> 0x2373
mem[X,0x008000000000085A] -> 0x3400
[2029] [M]: 0x0080000000000858 (0x34002373) csrrs t1, mscratch, zero
CSR mscratch -> 0x0080000000003000
x6 <- 0x0080000000003000

mem[X,0x008000000000085C] -> 0x3383
mem[X,0x008000000000085E] -> 0x2383
[2030] [M]: 0x008000000000085C (0x23833383) ld t2, 0x238(t1)
mem[R,0x0080000000003238] -> 0x0000000000000000
x7 <- 0x0000000000000000

mem[X,0x0080000000000860] -> 0x9073
mem[X,0x0080000000000862] -> 0x3023
[2031] [M]: 0x0080000000000860 (0x30239073) csrrw zero, medeleg, t2
CSR medeleg <- 0x0000000000000000 (input: 0x0000000000000000)

mem[X,0x0080000000000864] -> 0x3503
mem[X,0x0080000000000866] -> 0x2503
[2032] [M]: 0x0080000000000864 (0x25033503) ld a0, 0x250(t1)
mem[R,0x0080000000003250] -> 0x0000000000000000
x10 <- 0x0000000000000000

mem[X,0x0080000000000868] -> 0x1073
mem[X,0x008000000000086A] -> 0x3405
[2033] [M]: 0x0080000000000868 (0x34051073) csrrw zero, mscratch, a0
CSR mscratch <- 0x0000000000000000 (input: 0x0000000000000000)

mem[X,0x008000000000086C] -> 0x3483
mem[X,0x008000000000086E] -> 0x2483
[2034] [M]: 0x008000000000086C (0x24833483) ld s1, 0x248(t1)
mem[R,0x0080000000003248] -> 0x0000000000000000
x9 <- 0x0000000000000000

mem[X,0x0080000000000870] -> 0x93F3
mem[X,0x0080000000000872] -> 0x3054
[2035] [M]: 0x0080000000000870 (0x305493F3) csrrw t2, mtvec, s1
CSR mtvec <- 0x0000000000000000 (input: 0x0000000000000000)
x7 <- 0x0080000000000900

mem[X,0x0080000000000874] -> 0xF493
mem[X,0x0080000000000876] -> 0xFFC4
[2036] [M]: 0x0080000000000874 (0xFFC4F493) andi s1, s1, -0x4
x9 <- 0x0000000000000000

mem[X,0x0080000000000878] -> 0xF393
mem[X,0x008000000000087A] -> 0xFFC3
[2037] [M]: 0x0080000000000878 (0xFFC3F393) andi t2, t2, -0x4
x7 <- 0x0080000000000900

mem[X,0x008000000000087C] -> 0x9063
mem[X,0x008000000000087E] -> 0x0274
[2038] [M]: 0x008000000000087C (0x02749063) bne s1, t2, 0x20

mem[X,0x008000000000089C] -> 0x106F
mem[X,0x008000000000089E] -> 0x2100
[2039] [M]: 0x008000000000089C (0x2100106F) jal zero, 0x1210

mem[X,0x0080000000001AAC] -> 0x0093
mem[X,0x0080000000001AAE] -> 0x0010
[2040] [M]: 0x0080000000001AAC (0x00100093) addi ra, zero, 0x1
x1 <- 0x0000000000000001

mem[X,0x0080000000001AB0] -> 0x0397
mem[X,0x0080000000001AB2] -> 0x0000
[2041] [M]: 0x0080000000001AB0 (0x00000397) auipc t2, 0x0
x7 <- 0x0080000000001AB0

mem[X,0x0080000000001AB4] -> 0xA823
mem[X,0x0080000000001AB6] -> 0x5413
[2042] [M]: 0x0080000000001AB4 (0x5413A823) sw ra, 0x550(t2)
htif[0x0080000000002000] <- 0x00000001

mem[X,0x0080000000001AB8] -> 0xF06F
mem[X,0x0080000000001ABA] -> 0xFF9F
[2043] [M]: 0x0080000000001AB8 (0xFF9FF06F) jal zero, -0x8

mem[X,0x0080000000001AB0] -> 0x0397
mem[X,0x0080000000001AB2] -> 0x0000
[2044] [M]: 0x0080000000001AB0 (0x00000397) auipc t2, 0x0
x7 <- 0x0080000000001AB0

mem[X,0x0080000000001AB4] -> 0xA823
mem[X,0x0080000000001AB6] -> 0x5413
[2045] [M]: 0x0080000000001AB4 (0x5413A823) sw ra, 0x550(t2)
htif[0x0080000000002000] <- 0x00000001

mem[X,0x0080000000001AB8] -> 0xF06F
mem[X,0x0080000000001ABA] -> 0xFF9F
[2046] [M]: 0x0080000000001AB8 (0xFF9FF06F) jal zero, -0x8

mem[X,0x0080000000001AB0] -> 0x0397
mem[X,0x0080000000001AB2] -> 0x0000
[2047] [M]: 0x0080000000001AB0 (0x00000397) auipc t2, 0x0
x7 <- 0x0080000000001AB0

mem[X,0x0080000000001AB4] -> 0xA823
mem[X,0x0080000000001AB6] -> 0x5413
[2048] [M]: 0x0080000000001AB4 (0x5413A823) sw ra, 0x550(t2)
htif[0x0080000000002000] <- 0x00000001
htif-syscall-proxy cmd: 0x000000000001

SUCCESS
