enabling storing illegal instruction bits in mtval.
PMP count: 16
PMP grain: 0
setting ram-size to 8796093022208 MB
setting signature-granularity to 8 bytes
using /home/user/Work/New_Repo/riscv-arch-test-PR/riscof-plugins/rv64/riscof_work/pmp64-TOR-RX-priority-level-2.S/ref/Reference-sail_c_simulator.signature for test-signature output.
tohost located at 0x80000000002000
Running file ref.elf.
ELF Entry @ 0x80000000000000
begin_signature: 0x80000000004210
end_signature: 0x80000000004730
CSR mstatus <- 0x0000000A00000000 (input: 0x0000000000000000)
mem[X,0x0000000000001000] -> 0x0297
mem[X,0x0000000000001002] -> 0x0000
[0] [M]: 0x0000000000001000 (0x00000297) auipc t0, 0x0
x5 <- 0x0000000000001000

mem[X,0x0000000000001004] -> 0x8593
mem[X,0x0000000000001006] -> 0x0202
[1] [M]: 0x0000000000001004 (0x02028593) addi a1, t0, 0x20
x11 <- 0x0000000000001020

mem[X,0x0000000000001008] -> 0x2573
mem[X,0x000000000000100A] -> 0xF140
[2] [M]: 0x0000000000001008 (0xF1402573) csrrs a0, mhartid, zero
CSR mhartid -> 0x0000000000000000
x10 <- 0x0000000000000000

mem[X,0x000000000000100C] -> 0xB283
mem[X,0x000000000000100E] -> 0x0182
[3] [M]: 0x000000000000100C (0x0182B283) ld t0, 0x18(t0)
mem[R,0x0000000000001018] -> 0x0080000000000000
x5 <- 0x0080000000000000

mem[X,0x0000000000001010] -> 0x8067
mem[X,0x0000000000001012] -> 0x0002
[4] [M]: 0x0000000000001010 (0x00028067) jalr zero, 0x0(t0)

mem[X,0x0080000000000000] -> 0x3317
mem[X,0x0080000000000002] -> 0x0000
[5] [M]: 0x0080000000000000 (0x00003317) auipc t1, 0x3
x6 <- 0x0080000000003000

mem[X,0x0080000000000004] -> 0x0313
mem[X,0x0080000000000006] -> 0x0003
[6] [M]: 0x0080000000000004 (0x00030313) addi t1, t1, 0x0
x6 <- 0x0080000000003000

mem[X,0x0080000000000008] -> 0x0013
mem[X,0x008000000000000A] -> 0x0000
[7] [M]: 0x0080000000000008 (0x00000013) addi zero, zero, 0x0

mem[X,0x008000000000000C] -> 0x0013
mem[X,0x008000000000000E] -> 0x0000
[8] [M]: 0x008000000000000C (0x00000013) addi zero, zero, 0x0

mem[X,0x0080000000000010] -> 0x0013
mem[X,0x0080000000000012] -> 0x0000
[9] [M]: 0x0080000000000010 (0x00000013) addi zero, zero, 0x0

mem[X,0x0080000000000014] -> 0x0013
mem[X,0x0080000000000016] -> 0x0000
[10] [M]: 0x0080000000000014 (0x00000013) addi zero, zero, 0x0

mem[X,0x0080000000000018] -> 0x0013
mem[X,0x008000000000001A] -> 0x0000
[11] [M]: 0x0080000000000018 (0x00000013) addi zero, zero, 0x0

mem[X,0x008000000000001C] -> 0x0013
mem[X,0x008000000000001E] -> 0x0000
[12] [M]: 0x008000000000001C (0x00000013) addi zero, zero, 0x0

mem[X,0x0080000000000020] -> 0x1473
mem[X,0x0080000000000022] -> 0x3403
[13] [M]: 0x0080000000000020 (0x34031473) csrrw fp, mscratch, t1
CSR mscratch <- 0x0080000000003000 (input: 0x0080000000003000)
x8 <- 0x0000000000000000

mem[X,0x0080000000000024] -> 0x3823
mem[X,0x0080000000000026] -> 0x2483
[14] [M]: 0x0080000000000024 (0x24833823) sd fp, 0x250(t1)
mem[0x0080000000003250] <- 0x0000000000000000

mem[X,0x0080000000000028] -> 0x0393
mem[X,0x008000000000002A] -> 0x0000
[15] [M]: 0x0080000000000028 (0x00000393) addi t2, zero, 0x0
x7 <- 0x0000000000000000

mem[X,0x008000000000002C] -> 0x93F3
mem[X,0x008000000000002E] -> 0x3023
[16] [M]: 0x008000000000002C (0x302393F3) csrrw t2, medeleg, t2
CSR medeleg <- 0x0000000000000000 (input: 0x0000000000000000)
x7 <- 0x0000000000000000

mem[X,0x0080000000000030] -> 0x3C23
mem[X,0x0080000000000032] -> 0x2273
[17] [M]: 0x0080000000000030 (0x22733C23) sd t2, 0x238(t1)
mem[0x0080000000003238] <- 0x0000000000000000

mem[X,0x0080000000000034] -> 0x2473
mem[X,0x0080000000000036] -> 0x3050
[18] [M]: 0x0080000000000034 (0x30502473) csrrs fp, mtvec, zero
CSR mtvec -> 0x0000000000000000
x8 <- 0x0000000000000000

mem[X,0x0080000000000038] -> 0x3423
mem[X,0x008000000000003A] -> 0x2483
[19] [M]: 0x0080000000000038 (0x24833423) sd fp, 0x248(t1)
mem[0x0080000000003248] <- 0x0000000000000000

mem[X,0x008000000000003C] -> 0x7393
mem[X,0x008000000000003E] -> 0x0034
[20] [M]: 0x008000000000003C (0x00347393) andi t2, fp, 0x3
x7 <- 0x0000000000000000

mem[X,0x0080000000000040] -> 0x3483
mem[X,0x0080000000000042] -> 0x2303
[21] [M]: 0x0080000000000040 (0x23033483) ld s1, 0x230(t1)
mem[R,0x0080000000003230] -> 0x0080000000000B14
x9 <- 0x0080000000000B14

mem[X,0x0080000000000044] -> 0x8493
mem[X,0x0080000000000046] -> 0xE2C4
[22] [M]: 0x0080000000000044 (0xE2C48493) addi s1, s1, -0x1d4
x9 <- 0x0080000000000940

mem[X,0x0080000000000048] -> 0xE3B3
mem[X,0x008000000000004A] -> 0x0074
[23] [M]: 0x0080000000000048 (0x0074E3B3) or t2, s1, t2
x7 <- 0x0080000000000940

mem[X,0x008000000000004C] -> 0x3023
mem[X,0x008000000000004E] -> 0x2473
[24] [M]: 0x008000000000004C (0x24733023) sd t2, 0x240(t1)
mem[0x0080000000003240] <- 0x0080000000000940

mem[X,0x0080000000000050] -> 0x9073
mem[X,0x0080000000000052] -> 0x3053
[25] [M]: 0x0080000000000050 (0x30539073) csrrw zero, mtvec, t2
CSR mtvec <- 0x0080000000000940 (input: 0x0080000000000940)

mem[X,0x0080000000000054] -> 0x2573
mem[X,0x0080000000000056] -> 0x3050
[26] [M]: 0x0080000000000054 (0x30502573) csrrs a0, mtvec, zero
CSR mtvec -> 0x0080000000000940
x10 <- 0x0080000000000940

mem[X,0x0080000000000058] -> 0x0663
mem[X,0x008000000000005A] -> 0x0875
[27] [M]: 0x0080000000000058 (0x08750663) beq a0, t2, 0x8c

mem[X,0x00800000000000E4] -> 0x0013
mem[X,0x00800000000000E6] -> 0x0000
[28] [M]: 0x00800000000000E4 (0x00000013) addi zero, zero, 0x0

mem[X,0x00800000000000E8] -> 0x0013
mem[X,0x00800000000000EA] -> 0x0000
[29] [M]: 0x00800000000000E8 (0x00000013) addi zero, zero, 0x0

mem[X,0x00800000000000EC] -> 0x0013
mem[X,0x00800000000000EE] -> 0x0000
[30] [M]: 0x00800000000000EC (0x00000013) addi zero, zero, 0x0

mem[X,0x00800000000000F0] -> 0x0013
mem[X,0x00800000000000F2] -> 0x0000
[31] [M]: 0x00800000000000F0 (0x00000013) addi zero, zero, 0x0

mem[X,0x00800000000000F4] -> 0x0013
mem[X,0x00800000000000F6] -> 0x0000
[32] [M]: 0x00800000000000F4 (0x00000013) addi zero, zero, 0x0

mem[X,0x00800000000000F8] -> 0x0013
mem[X,0x00800000000000FA] -> 0x0000
[33] [M]: 0x00800000000000F8 (0x00000013) addi zero, zero, 0x0

mem[X,0x00800000000000FC] -> 0x0013
mem[X,0x00800000000000FE] -> 0x0000
[34] [M]: 0x00800000000000FC (0x00000013) addi zero, zero, 0x0

mem[X,0x0080000000000100] -> 0x3317
mem[X,0x0080000000000102] -> 0x0000
[35] [M]: 0x0080000000000100 (0x00003317) auipc t1, 0x3
x6 <- 0x0080000000003100

mem[X,0x0080000000000104] -> 0x0313
mem[X,0x0080000000000106] -> 0x1983
[36] [M]: 0x0080000000000104 (0x19830313) addi t1, t1, 0x198
x6 <- 0x0080000000003298

mem[X,0x0080000000000108] -> 0x0013
mem[X,0x008000000000010A] -> 0x0000
[37] [M]: 0x0080000000000108 (0x00000013) addi zero, zero, 0x0

mem[X,0x008000000000010C] -> 0x0013
mem[X,0x008000000000010E] -> 0x0000
[38] [M]: 0x008000000000010C (0x00000013) addi zero, zero, 0x0

mem[X,0x0080000000000110] -> 0x0013
mem[X,0x0080000000000112] -> 0x0000
[39] [M]: 0x0080000000000110 (0x00000013) addi zero, zero, 0x0

mem[X,0x0080000000000114] -> 0x0013
mem[X,0x0080000000000116] -> 0x0000
[40] [M]: 0x0080000000000114 (0x00000013) addi zero, zero, 0x0

mem[X,0x0080000000000118] -> 0x0013
mem[X,0x008000000000011A] -> 0x0000
[41] [M]: 0x0080000000000118 (0x00000013) addi zero, zero, 0x0

mem[X,0x008000000000011C] -> 0x0013
mem[X,0x008000000000011E] -> 0x0000
[42] [M]: 0x008000000000011C (0x00000013) addi zero, zero, 0x0

mem[X,0x0080000000000120] -> 0x1473
mem[X,0x0080000000000122] -> 0x1403
[43] [M]: 0x0080000000000120 (0x14031473) csrrw fp, sscratch, t1
CSR sscratch <- 0x0080000000003298 (input: 0x0080000000003298)
x8 <- 0x0000000000000000

mem[X,0x0080000000000124] -> 0x3823
mem[X,0x0080000000000126] -> 0x2483
[44] [M]: 0x0080000000000124 (0x24833823) sd fp, 0x250(t1)
mem[0x00800000000034E8] <- 0x0000000000000000

mem[X,0x0080000000000128] -> 0x0393
mem[X,0x008000000000012A] -> 0x0000
[45] [M]: 0x0080000000000128 (0x00000393) addi t2, zero, 0x0
x7 <- 0x0000000000000000

mem[X,0x008000000000012C] -> 0x3C23
mem[X,0x008000000000012E] -> 0x2273
[46] [M]: 0x008000000000012C (0x22733C23) sd t2, 0x238(t1)
mem[0x00800000000034D0] <- 0x0000000000000000

mem[X,0x0080000000000130] -> 0x0013
mem[X,0x0080000000000132] -> 0x0000
[47] [M]: 0x0080000000000130 (0x00000013) addi zero, zero, 0x0

mem[X,0x0080000000000134] -> 0x0013
mem[X,0x0080000000000136] -> 0x0000
[48] [M]: 0x0080000000000134 (0x00000013) addi zero, zero, 0x0

mem[X,0x0080000000000138] -> 0x0013
mem[X,0x008000000000013A] -> 0x0000
[49] [M]: 0x0080000000000138 (0x00000013) addi zero, zero, 0x0

mem[X,0x008000000000013C] -> 0x0013
mem[X,0x008000000000013E] -> 0x0000
[50] [M]: 0x008000000000013C (0x00000013) addi zero, zero, 0x0

mem[X,0x0080000000000140] -> 0x4497
mem[X,0x0080000000000142] -> 0x0000
[51] [M]: 0x0080000000000140 (0x00004497) auipc s1, 0x4
x9 <- 0x0080000000004140

mem[X,0x0080000000000144] -> 0x8493
mem[X,0x0080000000000146] -> 0xEC04
[52] [M]: 0x0080000000000144 (0xEC048493) addi s1, s1, -0x140
x9 <- 0x0080000000004000

mem[X,0x0080000000000148] -> 0x0013
mem[X,0x008000000000014A] -> 0x0000
[53] [M]: 0x0080000000000148 (0x00000013) addi zero, zero, 0x0

mem[X,0x008000000000014C] -> 0x0013
mem[X,0x008000000000014E] -> 0x0000
[54] [M]: 0x008000000000014C (0x00000013) addi zero, zero, 0x0

mem[X,0x0080000000000150] -> 0x0013
mem[X,0x0080000000000152] -> 0x0000
[55] [M]: 0x0080000000000150 (0x00000013) addi zero, zero, 0x0

mem[X,0x0080000000000154] -> 0x0013
mem[X,0x0080000000000156] -> 0x0000
[56] [M]: 0x0080000000000154 (0x00000013) addi zero, zero, 0x0

mem[X,0x0080000000000158] -> 0x0013
mem[X,0x008000000000015A] -> 0x0000
[57] [M]: 0x0080000000000158 (0x00000013) addi zero, zero, 0x0

mem[X,0x008000000000015C] -> 0x0013
mem[X,0x008000000000015E] -> 0x0000
[58] [M]: 0x008000000000015C (0x00000013) addi zero, zero, 0x0

mem[X,0x0080000000000160] -> 0xD493
mem[X,0x0080000000000162] -> 0x00C4
[59] [M]: 0x0080000000000160 (0x00C4D493) srli s1, s1, 0xc
x9 <- 0x0000080000000004

mem[X,0x0080000000000164] -> 0x0413
mem[X,0x0080000000000166] -> 0xFFF0
[60] [M]: 0x0080000000000164 (0xFFF00413) addi fp, zero, -0x1
x8 <- 0xFFFFFFFFFFFFFFFF

mem[X,0x0080000000000168] -> 0x1413
mem[X,0x008000000000016A] -> 0x03F4
[61] [M]: 0x0080000000000168 (0x03F41413) slli fp, fp, 0x3f
x8 <- 0x8000000000000000

mem[X,0x008000000000016C] -> 0xE4B3
mem[X,0x008000000000016E] -> 0x0084
[62] [M]: 0x008000000000016C (0x0084E4B3) or s1, s1, fp
x9 <- 0x8000080000000004

mem[X,0x0080000000000170] -> 0x94F3
mem[X,0x0080000000000172] -> 0x1804
[63] [M]: 0x0080000000000170 (0x180494F3) csrrw s1, satp, s1
CSR satp <- 0x8000080000000004 (input: 0x8000080000000004)
x9 <- 0x0000000000000000

mem[X,0x0080000000000174] -> 0x3023
mem[X,0x0080000000000176] -> 0x2293
[64] [M]: 0x0080000000000174 (0x22933023) sd s1, 0x220(t1)
mem[0x00800000000034B8] <- 0x0000000000000000

mem[X,0x0080000000000178] -> 0x2473
mem[X,0x008000000000017A] -> 0x1050
[65] [M]: 0x0080000000000178 (0x10502473) csrrs fp, stvec, zero
CSR stvec -> 0x0000000000000000
x8 <- 0x0000000000000000

mem[X,0x008000000000017C] -> 0x3423
mem[X,0x008000000000017E] -> 0x2483
[66] [M]: 0x008000000000017C (0x24833423) sd fp, 0x248(t1)
mem[0x00800000000034E0] <- 0x0000000000000000

mem[X,0x0080000000000180] -> 0x7393
mem[X,0x0080000000000182] -> 0x0034
[67] [M]: 0x0080000000000180 (0x00347393) andi t2, fp, 0x3
x7 <- 0x0000000000000000

mem[X,0x0080000000000184] -> 0x3483
mem[X,0x0080000000000186] -> 0x2303
[68] [M]: 0x0080000000000184 (0x23033483) ld s1, 0x230(t1)
mem[R,0x00800000000034C8] -> 0x0080000000001454
x9 <- 0x0080000000001454

mem[X,0x0080000000000188] -> 0x8493
mem[X,0x008000000000018A] -> 0xE2C4
[69] [M]: 0x0080000000000188 (0xE2C48493) addi s1, s1, -0x1d4
x9 <- 0x0080000000001280

mem[X,0x008000000000018C] -> 0xE3B3
mem[X,0x008000000000018E] -> 0x0074
[70] [M]: 0x008000000000018C (0x0074E3B3) or t2, s1, t2
x7 <- 0x0080000000001280

mem[X,0x0080000000000190] -> 0x3023
mem[X,0x0080000000000192] -> 0x2473
[71] [M]: 0x0080000000000190 (0x24733023) sd t2, 0x240(t1)
mem[0x00800000000034D8] <- 0x0080000000001280

mem[X,0x0080000000000194] -> 0x9073
mem[X,0x0080000000000196] -> 0x1053
[72] [M]: 0x0080000000000194 (0x10539073) csrrw zero, stvec, t2
CSR stvec <- 0x0080000000001280 (input: 0x0080000000001280)

mem[X,0x0080000000000198] -> 0x2573
mem[X,0x008000000000019A] -> 0x1050
[73] [M]: 0x0080000000000198 (0x10502573) csrrs a0, stvec, zero
CSR stvec -> 0x0080000000001280
x10 <- 0x0080000000001280

mem[X,0x008000000000019C] -> 0x0463
mem[X,0x008000000000019E] -> 0x0875
[74] [M]: 0x008000000000019C (0x08750463) beq a0, t2, 0x88

mem[X,0x0080000000000224] -> 0x0837
mem[X,0x0080000000000226] -> 0x7D5C
[75] [M]: 0x0080000000000224 (0x7D5C0837) lui a6, 0x7d5c0
x16 <- 0x000000007D5C0000

mem[X,0x0080000000000228] -> 0x0813
mem[X,0x008000000000022A] -> 0xDDB8
[76] [M]: 0x0080000000000228 (0xDDB80813) addi a6, a6, -0x225
x16 <- 0x000000007D5BFDDB

mem[X,0x008000000000022C] -> 0x1813
mem[X,0x008000000000022E] -> 0x00B8
[77] [M]: 0x008000000000022C (0x00B81813) slli a6, a6, 0xb
x16 <- 0x000003EADFEED800

mem[X,0x0080000000000230] -> 0x0813
mem[X,0x0080000000000232] -> 0x3EA8
[78] [M]: 0x0080000000000230 (0x3EA80813) addi a6, a6, 0x3ea
x16 <- 0x000003EADFEEDBEA

mem[X,0x0080000000000234] -> 0x1813
mem[X,0x0080000000000236] -> 0x00B8
[79] [M]: 0x0080000000000234 (0x00B81813) slli a6, a6, 0xb
x16 <- 0x001F56FF76DF5000

mem[X,0x0080000000000238] -> 0x0813
mem[X,0x008000000000023A] -> 0x6FF8
[80] [M]: 0x0080000000000238 (0x6FF80813) addi a6, a6, 0x6ff
x16 <- 0x001F56FF76DF56FF

mem[X,0x008000000000023C] -> 0x1813
mem[X,0x008000000000023E] -> 0x00A8
[81] [M]: 0x008000000000023C (0x00A81813) slli a6, a6, 0xa
x16 <- 0x7D5BFDDB7D5BFC00

mem[X,0x0080000000000240] -> 0x0813
mem[X,0x0080000000000242] -> 0x1DB8
[82] [M]: 0x0080000000000240 (0x1DB80813) addi a6, a6, 0x1db
x16 <- 0x7D5BFDDB7D5BFDDB

mem[X,0x0080000000000244] -> 0x5893
mem[X,0x0080000000000246] -> 0x0078
[83] [M]: 0x0080000000000244 (0x00785893) srli a7, a6, 0x7
x17 <- 0x00FAB7FBB6FAB7FB

mem[X,0x0080000000000248] -> 0x5793
mem[X,0x008000000000024A] -> 0x0398
[84] [M]: 0x0080000000000248 (0x03985793) srli a5, a6, 0x39
x15 <- 0x000000000000003E

mem[X,0x008000000000024C] -> 0xE8B3
mem[X,0x008000000000024E] -> 0x00F8
[85] [M]: 0x008000000000024C (0x00F8E8B3) or a7, a7, a5
x17 <- 0x00FAB7FBB6FAB7FF

mem[X,0x0080000000000250] -> 0xD913
mem[X,0x0080000000000252] -> 0x0078
[86] [M]: 0x0080000000000250 (0x0078D913) srli s2, a7, 0x7
x18 <- 0x0001F56FF76DF56F

mem[X,0x0080000000000254] -> 0xD793
mem[X,0x0080000000000256] -> 0x0398
[87] [M]: 0x0080000000000254 (0x0398D793) srli a5, a7, 0x39
x15 <- 0x0000000000000000

mem[X,0x0080000000000258] -> 0x6933
mem[X,0x008000000000025A] -> 0x00F9
[88] [M]: 0x0080000000000258 (0x00F96933) or s2, s2, a5
x18 <- 0x0001F56FF76DF56F

mem[X,0x008000000000025C] -> 0x5993
mem[X,0x008000000000025E] -> 0x0079
[89] [M]: 0x008000000000025C (0x00795993) srli s3, s2, 0x7
x19 <- 0x000003EADFEEDBEA

mem[X,0x0080000000000260] -> 0x5793
mem[X,0x0080000000000262] -> 0x0399
[90] [M]: 0x0080000000000260 (0x03995793) srli a5, s2, 0x39
x15 <- 0x0000000000000000

mem[X,0x0080000000000264] -> 0xE9B3
mem[X,0x0080000000000266] -> 0x00F9
[91] [M]: 0x0080000000000264 (0x00F9E9B3) or s3, s3, a5
x19 <- 0x000003EADFEEDBEA

mem[X,0x0080000000000268] -> 0xDA13
mem[X,0x008000000000026A] -> 0x0079
[92] [M]: 0x0080000000000268 (0x0079DA13) srli s4, s3, 0x7
x20 <- 0x00000007D5BFDDB7

mem[X,0x008000000000026C] -> 0xD793
mem[X,0x008000000000026E] -> 0x0399
[93] [M]: 0x008000000000026C (0x0399D793) srli a5, s3, 0x39
x15 <- 0x0000000000000000

mem[X,0x0080000000000270] -> 0x6A33
mem[X,0x0080000000000272] -> 0x00FA
[94] [M]: 0x0080000000000270 (0x00FA6A33) or s4, s4, a5
x20 <- 0x00000007D5BFDDB7

mem[X,0x0080000000000274] -> 0x5A93
mem[X,0x0080000000000276] -> 0x007A
[95] [M]: 0x0080000000000274 (0x007A5A93) srli s5, s4, 0x7
x21 <- 0x000000000FAB7FBB

mem[X,0x0080000000000278] -> 0x5793
mem[X,0x008000000000027A] -> 0x039A
[96] [M]: 0x0080000000000278 (0x039A5793) srli a5, s4, 0x39
x15 <- 0x0000000000000000

mem[X,0x008000000000027C] -> 0xEAB3
mem[X,0x008000000000027E] -> 0x00FA
[97] [M]: 0x008000000000027C (0x00FAEAB3) or s5, s5, a5
x21 <- 0x000000000FAB7FBB

mem[X,0x0080000000000280] -> 0xDB13
mem[X,0x0080000000000282] -> 0x007A
[98] [M]: 0x0080000000000280 (0x007ADB13) srli s6, s5, 0x7
x22 <- 0x00000000001F56FF

mem[X,0x0080000000000284] -> 0xD793
mem[X,0x0080000000000286] -> 0x039A
[99] [M]: 0x0080000000000284 (0x039AD793) srli a5, s5, 0x39
x15 <- 0x0000000000000000

clint::tick mtime <- 0x0000000000000001
 clint timer pending at mtime 0x0000000000000001
htif::tick 0x0000000000000000
mem[X,0x0080000000000288] -> 0x6B33
mem[X,0x008000000000028A] -> 0x00FB
[100] [M]: 0x0080000000000288 (0x00FB6B33) or s6, s6, a5
x22 <- 0x00000000001F56FF

mem[X,0x008000000000028C] -> 0x5B93
mem[X,0x008000000000028E] -> 0x007B
[101] [M]: 0x008000000000028C (0x007B5B93) srli s7, s6, 0x7
x23 <- 0x0000000000003EAD

mem[X,0x0080000000000290] -> 0x5793
mem[X,0x0080000000000292] -> 0x039B
[102] [M]: 0x0080000000000290 (0x039B5793) srli a5, s6, 0x39
x15 <- 0x0000000000000000

mem[X,0x0080000000000294] -> 0xEBB3
mem[X,0x0080000000000296] -> 0x00FB
[103] [M]: 0x0080000000000294 (0x00FBEBB3) or s7, s7, a5
x23 <- 0x0000000000003EAD

mem[X,0x0080000000000298] -> 0xDC13
mem[X,0x008000000000029A] -> 0x007B
[104] [M]: 0x0080000000000298 (0x007BDC13) srli s8, s7, 0x7
x24 <- 0x000000000000007D

mem[X,0x008000000000029C] -> 0xD793
mem[X,0x008000000000029E] -> 0x039B
[105] [M]: 0x008000000000029C (0x039BD793) srli a5, s7, 0x39
x15 <- 0x0000000000000000

mem[X,0x00800000000002A0] -> 0x6C33
mem[X,0x00800000000002A2] -> 0x00FC
[106] [M]: 0x00800000000002A0 (0x00FC6C33) or s8, s8, a5
x24 <- 0x000000000000007D

mem[X,0x00800000000002A4] -> 0x5C93
mem[X,0x00800000000002A6] -> 0x007C
[107] [M]: 0x00800000000002A4 (0x007C5C93) srli s9, s8, 0x7
x25 <- 0x0000000000000000

mem[X,0x00800000000002A8] -> 0x5793
mem[X,0x00800000000002AA] -> 0x039C
[108] [M]: 0x00800000000002A8 (0x039C5793) srli a5, s8, 0x39
x15 <- 0x0000000000000000

mem[X,0x00800000000002AC] -> 0xECB3
mem[X,0x00800000000002AE] -> 0x00FC
[109] [M]: 0x00800000000002AC (0x00FCECB3) or s9, s9, a5
x25 <- 0x0000000000000000

mem[X,0x00800000000002B0] -> 0xDD13
mem[X,0x00800000000002B2] -> 0x007C
[110] [M]: 0x00800000000002B0 (0x007CDD13) srli s10, s9, 0x7
x26 <- 0x0000000000000000

mem[X,0x00800000000002B4] -> 0xD793
mem[X,0x00800000000002B6] -> 0x039C
[111] [M]: 0x00800000000002B4 (0x039CD793) srli a5, s9, 0x39
x15 <- 0x0000000000000000

mem[X,0x00800000000002B8] -> 0x6D33
mem[X,0x00800000000002BA] -> 0x00FD
[112] [M]: 0x00800000000002B8 (0x00FD6D33) or s10, s10, a5
x26 <- 0x0000000000000000

mem[X,0x00800000000002BC] -> 0x5D93
mem[X,0x00800000000002BE] -> 0x007D
[113] [M]: 0x00800000000002BC (0x007D5D93) srli s11, s10, 0x7
x27 <- 0x0000000000000000

mem[X,0x00800000000002C0] -> 0x5793
mem[X,0x00800000000002C2] -> 0x039D
[114] [M]: 0x00800000000002C0 (0x039D5793) srli a5, s10, 0x39
x15 <- 0x0000000000000000

mem[X,0x00800000000002C4] -> 0xEDB3
mem[X,0x00800000000002C6] -> 0x00FD
[115] [M]: 0x00800000000002C4 (0x00FDEDB3) or s11, s11, a5
x27 <- 0x0000000000000000

mem[X,0x00800000000002C8] -> 0xDE13
mem[X,0x00800000000002CA] -> 0x007D
[116] [M]: 0x00800000000002C8 (0x007DDE13) srli t3, s11, 0x7
x28 <- 0x0000000000000000

mem[X,0x00800000000002CC] -> 0xD793
mem[X,0x00800000000002CE] -> 0x039D
[117] [M]: 0x00800000000002CC (0x039DD793) srli a5, s11, 0x39
x15 <- 0x0000000000000000

mem[X,0x00800000000002D0] -> 0x6E33
mem[X,0x00800000000002D2] -> 0x00FE
[118] [M]: 0x00800000000002D0 (0x00FE6E33) or t3, t3, a5
x28 <- 0x0000000000000000

mem[X,0x00800000000002D4] -> 0x5E93
mem[X,0x00800000000002D6] -> 0x007E
[119] [M]: 0x00800000000002D4 (0x007E5E93) srli t4, t3, 0x7
x29 <- 0x0000000000000000

mem[X,0x00800000000002D8] -> 0x5793
mem[X,0x00800000000002DA] -> 0x039E
[120] [M]: 0x00800000000002D8 (0x039E5793) srli a5, t3, 0x39
x15 <- 0x0000000000000000

mem[X,0x00800000000002DC] -> 0xEEB3
mem[X,0x00800000000002DE] -> 0x00FE
[121] [M]: 0x00800000000002DC (0x00FEEEB3) or t4, t4, a5
x29 <- 0x0000000000000000

mem[X,0x00800000000002E0] -> 0xDF13
mem[X,0x00800000000002E2] -> 0x007E
[122] [M]: 0x00800000000002E0 (0x007EDF13) srli t5, t4, 0x7
x30 <- 0x0000000000000000

mem[X,0x00800000000002E4] -> 0xD793
mem[X,0x00800000000002E6] -> 0x039E
[123] [M]: 0x00800000000002E4 (0x039ED793) srli a5, t4, 0x39
x15 <- 0x0000000000000000

mem[X,0x00800000000002E8] -> 0x6F33
mem[X,0x00800000000002EA] -> 0x00FF
[124] [M]: 0x00800000000002E8 (0x00FF6F33) or t5, t5, a5
x30 <- 0x0000000000000000

mem[X,0x00800000000002EC] -> 0xC0B7
mem[X,0x00800000000002EE] -> 0xFEED
[125] [M]: 0x00800000000002EC (0xFEEDC0B7) lui ra, -0x1124
x1 <- 0xFFFFFFFFFEEDC000

mem[X,0x00800000000002F0] -> 0x8093
mem[X,0x00800000000002F2] -> 0xEAD0
[126] [M]: 0x00800000000002F0 (0xEAD08093) addi ra, ra, -0x153
x1 <- 0xFFFFFFFFFEEDBEAD

mem[X,0x00800000000002F4] -> 0x9093
mem[X,0x00800000000002F6] -> 0x00B0
[127] [M]: 0x00800000000002F4 (0x00B09093) slli ra, ra, 0xb
x1 <- 0xFFFFFFF76DF56800

mem[X,0x00800000000002F8] -> 0x8093
mem[X,0x00800000000002FA] -> 0x7F70
[128] [M]: 0x00800000000002F8 (0x7F708093) addi ra, ra, 0x7f7
x1 <- 0xFFFFFFF76DF56FF7

mem[X,0x00800000000002FC] -> 0x9093
mem[X,0x00800000000002FE] -> 0x00B0
[129] [M]: 0x00800000000002FC (0x00B09093) slli ra, ra, 0xb
x1 <- 0xFFFFBB6FAB7FB800

mem[X,0x0080000000000300] -> 0x8093
mem[X,0x0080000000000302] -> 0x36F0
[130] [M]: 0x0080000000000300 (0x36F08093) addi ra, ra, 0x36f
x1 <- 0xFFFFBB6FAB7FBB6F

mem[X,0x0080000000000304] -> 0x9093
mem[X,0x0080000000000306] -> 0x00A0
[131] [M]: 0x0080000000000304 (0x00A09093) slli ra, ra, 0xa
x1 <- 0xFEEDBEADFEEDBC00

mem[X,0x0080000000000308] -> 0x8093
mem[X,0x008000000000030A] -> 0x2AD0
[132] [M]: 0x0080000000000308 (0x2AD08093) addi ra, ra, 0x2ad
x1 <- 0xFEEDBEADFEEDBEAD

mem[X,0x008000000000030C] -> 0xD113
mem[X,0x008000000000030E] -> 0x0070
[133] [M]: 0x008000000000030C (0x0070D113) srli sp, ra, 0x7
x2 <- 0x01FDDB7D5BFDDB7D

mem[X,0x0080000000000310] -> 0xD793
mem[X,0x0080000000000312] -> 0x0390
[134] [M]: 0x0080000000000310 (0x0390D793) srli a5, ra, 0x39
x15 <- 0x000000000000007F

mem[X,0x0080000000000314] -> 0x6133
mem[X,0x0080000000000316] -> 0x00F1
[135] [M]: 0x0080000000000314 (0x00F16133) or sp, sp, a5
x2 <- 0x01FDDB7D5BFDDB7F

mem[X,0x0080000000000318] -> 0x5193
mem[X,0x008000000000031A] -> 0x0071
[136] [M]: 0x0080000000000318 (0x00715193) srli gp, sp, 0x7
x3 <- 0x0003FBB6FAB7FBB6

mem[X,0x008000000000031C] -> 0x5793
mem[X,0x008000000000031E] -> 0x0391
[137] [M]: 0x008000000000031C (0x03915793) srli a5, sp, 0x39
x15 <- 0x0000000000000000

mem[X,0x0080000000000320] -> 0xE1B3
mem[X,0x0080000000000322] -> 0x00F1
[138] [M]: 0x0080000000000320 (0x00F1E1B3) or gp, gp, a5
x3 <- 0x0003FBB6FAB7FBB6

mem[X,0x0080000000000324] -> 0xD213
mem[X,0x0080000000000326] -> 0x0071
[139] [M]: 0x0080000000000324 (0x0071D213) srli tp, gp, 0x7
x4 <- 0x000007F76DF56FF7

mem[X,0x0080000000000328] -> 0xD793
mem[X,0x008000000000032A] -> 0x0391
[140] [M]: 0x0080000000000328 (0x0391D793) srli a5, gp, 0x39
x15 <- 0x0000000000000000

mem[X,0x008000000000032C] -> 0x6233
mem[X,0x008000000000032E] -> 0x00F2
[141] [M]: 0x008000000000032C (0x00F26233) or tp, tp, a5
x4 <- 0x000007F76DF56FF7

mem[X,0x0080000000000330] -> 0x5293
mem[X,0x0080000000000332] -> 0x0072
[142] [M]: 0x0080000000000330 (0x00725293) srli t0, tp, 0x7
x5 <- 0x0000000FEEDBEADF

mem[X,0x0080000000000334] -> 0x5793
mem[X,0x0080000000000336] -> 0x0392
[143] [M]: 0x0080000000000334 (0x03925793) srli a5, tp, 0x39
x15 <- 0x0000000000000000

mem[X,0x0080000000000338] -> 0xE2B3
mem[X,0x008000000000033A] -> 0x00F2
[144] [M]: 0x0080000000000338 (0x00F2E2B3) or t0, t0, a5
x5 <- 0x0000000FEEDBEADF

mem[X,0x008000000000033C] -> 0xD313
mem[X,0x008000000000033E] -> 0x0072
[145] [M]: 0x008000000000033C (0x0072D313) srli t1, t0, 0x7
x6 <- 0x000000001FDDB7D5

mem[X,0x0080000000000340] -> 0xD793
mem[X,0x0080000000000342] -> 0x0392
[146] [M]: 0x0080000000000340 (0x0392D793) srli a5, t0, 0x39
x15 <- 0x0000000000000000

mem[X,0x0080000000000344] -> 0x6333
mem[X,0x0080000000000346] -> 0x00F3
[147] [M]: 0x0080000000000344 (0x00F36333) or t1, t1, a5
x6 <- 0x000000001FDDB7D5

mem[X,0x0080000000000348] -> 0x5393
mem[X,0x008000000000034A] -> 0x0073
[148] [M]: 0x0080000000000348 (0x00735393) srli t2, t1, 0x7
x7 <- 0x00000000003FBB6F

mem[X,0x008000000000034C] -> 0x5793
mem[X,0x008000000000034E] -> 0x0393
[149] [M]: 0x008000000000034C (0x03935793) srli a5, t1, 0x39
x15 <- 0x0000000000000000

mem[X,0x0080000000000350] -> 0xE3B3
mem[X,0x0080000000000352] -> 0x00F3
[150] [M]: 0x0080000000000350 (0x00F3E3B3) or t2, t2, a5
x7 <- 0x00000000003FBB6F

mem[X,0x0080000000000354] -> 0xD413
mem[X,0x0080000000000356] -> 0x0073
[151] [M]: 0x0080000000000354 (0x0073D413) srli fp, t2, 0x7
x8 <- 0x0000000000007F76

mem[X,0x0080000000000358] -> 0xD793
mem[X,0x008000000000035A] -> 0x0393
[152] [M]: 0x0080000000000358 (0x0393D793) srli a5, t2, 0x39
x15 <- 0x0000000000000000

mem[X,0x008000000000035C] -> 0x6433
mem[X,0x008000000000035E] -> 0x00F4
[153] [M]: 0x008000000000035C (0x00F46433) or fp, fp, a5
x8 <- 0x0000000000007F76

mem[X,0x0080000000000360] -> 0x5493
mem[X,0x0080000000000362] -> 0x0074
[154] [M]: 0x0080000000000360 (0x00745493) srli s1, fp, 0x7
x9 <- 0x00000000000000FE

mem[X,0x0080000000000364] -> 0x5793
mem[X,0x0080000000000366] -> 0x0394
[155] [M]: 0x0080000000000364 (0x03945793) srli a5, fp, 0x39
x15 <- 0x0000000000000000

mem[X,0x0080000000000368] -> 0xE4B3
mem[X,0x008000000000036A] -> 0x00F4
[156] [M]: 0x0080000000000368 (0x00F4E4B3) or s1, s1, a5
x9 <- 0x00000000000000FE

mem[X,0x008000000000036C] -> 0xD513
mem[X,0x008000000000036E] -> 0x0074
[157] [M]: 0x008000000000036C (0x0074D513) srli a0, s1, 0x7
x10 <- 0x0000000000000001

mem[X,0x0080000000000370] -> 0xD793
mem[X,0x0080000000000372] -> 0x0394
[158] [M]: 0x0080000000000370 (0x0394D793) srli a5, s1, 0x39
x15 <- 0x0000000000000000

mem[X,0x0080000000000374] -> 0x6533
mem[X,0x0080000000000376] -> 0x00F5
[159] [M]: 0x0080000000000374 (0x00F56533) or a0, a0, a5
x10 <- 0x0000000000000001

mem[X,0x0080000000000378] -> 0x5593
mem[X,0x008000000000037A] -> 0x0075
[160] [M]: 0x0080000000000378 (0x00755593) srli a1, a0, 0x7
x11 <- 0x0000000000000000

mem[X,0x008000000000037C] -> 0x5793
mem[X,0x008000000000037E] -> 0x0395
[161] [M]: 0x008000000000037C (0x03955793) srli a5, a0, 0x39
x15 <- 0x0000000000000000

mem[X,0x0080000000000380] -> 0xE5B3
mem[X,0x0080000000000382] -> 0x00F5
[162] [M]: 0x0080000000000380 (0x00F5E5B3) or a1, a1, a5
x11 <- 0x0000000000000000

mem[X,0x0080000000000384] -> 0xD613
mem[X,0x0080000000000386] -> 0x0075
[163] [M]: 0x0080000000000384 (0x0075D613) srli a2, a1, 0x7
x12 <- 0x0000000000000000

mem[X,0x0080000000000388] -> 0xD793
mem[X,0x008000000000038A] -> 0x0395
[164] [M]: 0x0080000000000388 (0x0395D793) srli a5, a1, 0x39
x15 <- 0x0000000000000000

mem[X,0x008000000000038C] -> 0x6633
mem[X,0x008000000000038E] -> 0x00F6
[165] [M]: 0x008000000000038C (0x00F66633) or a2, a2, a5
x12 <- 0x0000000000000000

mem[X,0x0080000000000390] -> 0x5693
mem[X,0x0080000000000392] -> 0x0076
[166] [M]: 0x0080000000000390 (0x00765693) srli a3, a2, 0x7
x13 <- 0x0000000000000000

mem[X,0x0080000000000394] -> 0x5793
mem[X,0x0080000000000396] -> 0x0396
[167] [M]: 0x0080000000000394 (0x03965793) srli a5, a2, 0x39
x15 <- 0x0000000000000000

mem[X,0x0080000000000398] -> 0xE6B3
mem[X,0x008000000000039A] -> 0x00F6
[168] [M]: 0x0080000000000398 (0x00F6E6B3) or a3, a3, a5
x13 <- 0x0000000000000000

mem[X,0x008000000000039C] -> 0x0013
mem[X,0x008000000000039E] -> 0x0000
[169] [M]: 0x008000000000039C (0x00000013) addi zero, zero, 0x0

mem[X,0x00800000000003A0] -> 0x4697
mem[X,0x00800000000003A2] -> 0x0000
[170] [M]: 0x00800000000003A0 (0x00004697) auipc a3, 0x4
x13 <- 0x00800000000043A0

mem[X,0x00800000000003A4] -> 0x8693
mem[X,0x00800000000003A6] -> 0xE786
[171] [M]: 0x00800000000003A4 (0xE7868693) addi a3, a3, -0x188
x13 <- 0x0080000000004218

mem[X,0x00800000000003A8] -> 0x0013
mem[X,0x00800000000003AA] -> 0x0000
[172] [M]: 0x00800000000003A8 (0x00000013) addi zero, zero, 0x0

mem[X,0x00800000000003AC] -> 0x0013
mem[X,0x00800000000003AE] -> 0x0000
[173] [M]: 0x00800000000003AC (0x00000013) addi zero, zero, 0x0

mem[X,0x00800000000003B0] -> 0x0013
mem[X,0x00800000000003B2] -> 0x0000
[174] [M]: 0x00800000000003B0 (0x00000013) addi zero, zero, 0x0

mem[X,0x00800000000003B4] -> 0x0013
mem[X,0x00800000000003B6] -> 0x0000
[175] [M]: 0x00800000000003B4 (0x00000013) addi zero, zero, 0x0

mem[X,0x00800000000003B8] -> 0x0013
mem[X,0x00800000000003BA] -> 0x0000
[176] [M]: 0x00800000000003B8 (0x00000013) addi zero, zero, 0x0

mem[X,0x00800000000003BC] -> 0x0013
mem[X,0x00800000000003BE] -> 0x0000
[177] [M]: 0x00800000000003BC (0x00000013) addi zero, zero, 0x0

mem[X,0x00800000000003C0] -> 0x0793
mem[X,0x00800000000003C2] -> 0xFFF0
[178] [M]: 0x00800000000003C0 (0xFFF00793) addi a5, zero, -0x1
x15 <- 0xFFFFFFFFFFFFFFFF

mem[X,0x00800000000003C4] -> 0x0293
mem[X,0x00800000000003C6] -> 0x0640
[179] [M]: 0x00800000000003C4 (0x06400293) addi t0, zero, 0x64
x5 <- 0x0000000000000064

mem[X,0x00800000000003C8] -> 0x1073
mem[X,0x00800000000003CA] -> 0x3A00
[180] [M]: 0x00800000000003C8 (0x3A001073) csrrw zero, pmpcfg0, zero
CSR pmpcfg0 <- 0x0000000000000000 (input: 0x0000000000000000)

mem[X,0x00800000000003CC] -> 0x1073
mem[X,0x00800000000003CE] -> 0x3A20
[181] [M]: 0x00800000000003CC (0x3A201073) csrrw zero, pmpcfg2, zero
CSR pmpcfg2 <- 0x0000000000000000 (input: 0x0000000000000000)

mem[X,0x00800000000003D0] -> 0x1073
mem[X,0x00800000000003D2] -> 0x3B00
[182] [M]: 0x00800000000003D0 (0x3B001073) csrrw zero, pmpaddr0, zero
CSR pmpaddr0 <- 0x0000000000000000 (input: 0x0000000000000000)

mem[X,0x00800000000003D4] -> 0x1073
mem[X,0x00800000000003D6] -> 0x3B10
[183] [M]: 0x00800000000003D4 (0x3B101073) csrrw zero, pmpaddr1, zero
CSR pmpaddr1 <- 0x0000000000000000 (input: 0x0000000000000000)

mem[X,0x00800000000003D8] -> 0x1073
mem[X,0x00800000000003DA] -> 0x3B20
[184] [M]: 0x00800000000003D8 (0x3B201073) csrrw zero, pmpaddr2, zero
CSR pmpaddr2 <- 0x0000000000000000 (input: 0x0000000000000000)

mem[X,0x00800000000003DC] -> 0x1073
mem[X,0x00800000000003DE] -> 0x3B30
[185] [M]: 0x00800000000003DC (0x3B301073) csrrw zero, pmpaddr3, zero
CSR pmpaddr3 <- 0x0000000000000000 (input: 0x0000000000000000)

mem[X,0x00800000000003E0] -> 0x1073
mem[X,0x00800000000003E2] -> 0x3B40
[186] [M]: 0x00800000000003E0 (0x3B401073) csrrw zero, pmpaddr4, zero
CSR pmpaddr4 <- 0x0000000000000000 (input: 0x0000000000000000)

mem[X,0x00800000000003E4] -> 0x1073
mem[X,0x00800000000003E6] -> 0x3B50
[187] [M]: 0x00800000000003E4 (0x3B501073) csrrw zero, pmpaddr5, zero
CSR pmpaddr5 <- 0x0000000000000000 (input: 0x0000000000000000)

mem[X,0x00800000000003E8] -> 0x1073
mem[X,0x00800000000003EA] -> 0x3B60
[188] [M]: 0x00800000000003E8 (0x3B601073) csrrw zero, pmpaddr6, zero
CSR pmpaddr6 <- 0x0000000000000000 (input: 0x0000000000000000)

mem[X,0x00800000000003EC] -> 0x1073
mem[X,0x00800000000003EE] -> 0x3B70
[189] [M]: 0x00800000000003EC (0x3B701073) csrrw zero, pmpaddr7, zero
CSR pmpaddr7 <- 0x0000000000000000 (input: 0x0000000000000000)

mem[X,0x00800000000003F0] -> 0x1073
mem[X,0x00800000000003F2] -> 0x3B80
[190] [M]: 0x00800000000003F0 (0x3B801073) csrrw zero, pmpaddr8, zero
CSR pmpaddr8 <- 0x0000000000000000 (input: 0x0000000000000000)

mem[X,0x00800000000003F4] -> 0x1073
mem[X,0x00800000000003F6] -> 0x3B90
[191] [M]: 0x00800000000003F4 (0x3B901073) csrrw zero, pmpaddr9, zero
CSR pmpaddr9 <- 0x0000000000000000 (input: 0x0000000000000000)

mem[X,0x00800000000003F8] -> 0x1073
mem[X,0x00800000000003FA] -> 0x3BA0
[192] [M]: 0x00800000000003F8 (0x3BA01073) csrrw zero, pmpaddr10, zero
CSR pmpaddr10 <- 0x0000000000000000 (input: 0x0000000000000000)

mem[X,0x00800000000003FC] -> 0x1073
mem[X,0x00800000000003FE] -> 0x3BB0
[193] [M]: 0x00800000000003FC (0x3BB01073) csrrw zero, pmpaddr11, zero
CSR pmpaddr11 <- 0x0000000000000000 (input: 0x0000000000000000)

mem[X,0x0080000000000400] -> 0x1073
mem[X,0x0080000000000402] -> 0x3BC0
[194] [M]: 0x0080000000000400 (0x3BC01073) csrrw zero, pmpaddr12, zero
CSR pmpaddr12 <- 0x0000000000000000 (input: 0x0000000000000000)

mem[X,0x0080000000000404] -> 0x1073
mem[X,0x0080000000000406] -> 0x3BD0
[195] [M]: 0x0080000000000404 (0x3BD01073) csrrw zero, pmpaddr13, zero
CSR pmpaddr13 <- 0x0000000000000000 (input: 0x0000000000000000)

mem[X,0x0080000000000408] -> 0x1073
mem[X,0x008000000000040A] -> 0x3BE0
[196] [M]: 0x0080000000000408 (0x3BE01073) csrrw zero, pmpaddr14, zero
CSR pmpaddr14 <- 0x0000000000000000 (input: 0x0000000000000000)

mem[X,0x008000000000040C] -> 0x1073
mem[X,0x008000000000040E] -> 0x3BF0
[197] [M]: 0x008000000000040C (0x3BF01073) csrrw zero, pmpaddr15, zero
CSR pmpaddr15 <- 0x0000000000000000 (input: 0x0000000000000000)

mem[X,0x0080000000000410] -> 0x1073
mem[X,0x0080000000000412] -> 0x1800
[198] [M]: 0x0080000000000410 (0x18001073) csrrw zero, satp, zero
CSR satp <- 0x0000000000000000 (input: 0x0000000000000000)

mem[X,0x0080000000000414] -> 0x0213
mem[X,0x0080000000000416] -> 0x0010
[199] [M]: 0x0080000000000414 (0x00100213) addi tp, zero, 0x1
x4 <- 0x0000000000000001

clint::tick mtime <- 0x0000000000000002
 clint timer pending at mtime 0x0000000000000002
htif::tick 0x0000000000000000
mem[X,0x0080000000000418] -> 0x1213
mem[X,0x008000000000041A] -> 0x01F2
[200] [M]: 0x0080000000000418 (0x01F21213) slli tp, tp, 0x1f
x4 <- 0x0000000080000000

mem[X,0x008000000000041C] -> 0x5213
mem[X,0x008000000000041E] -> 0x0022
[201] [M]: 0x008000000000041C (0x00225213) srli tp, tp, 0x2
x4 <- 0x0000000020000000

mem[X,0x0080000000000420] -> 0x1073
mem[X,0x0080000000000422] -> 0x3BE2
[202] [M]: 0x0080000000000420 (0x3BE21073) csrrw zero, pmpaddr14, tp
CSR pmpaddr14 <- 0x0000000020000000 (input: 0x0000000020000000)

mem[X,0x0080000000000424] -> 0x0013
mem[X,0x0080000000000426] -> 0x0000
[203] [M]: 0x0080000000000424 (0x00000013) addi zero, zero, 0x0

mem[X,0x0080000000000428] -> 0x0013
mem[X,0x008000000000042A] -> 0x0000
[204] [M]: 0x0080000000000428 (0x00000013) addi zero, zero, 0x0

mem[X,0x008000000000042C] -> 0x0013
mem[X,0x008000000000042E] -> 0x0000
[205] [M]: 0x008000000000042C (0x00000013) addi zero, zero, 0x0

mem[X,0x0080000000000430] -> 0x0013
mem[X,0x0080000000000432] -> 0x0000
[206] [M]: 0x0080000000000430 (0x00000013) addi zero, zero, 0x0

mem[X,0x0080000000000434] -> 0x0013
mem[X,0x0080000000000436] -> 0x0000
[207] [M]: 0x0080000000000434 (0x00000013) addi zero, zero, 0x0

mem[X,0x0080000000000438] -> 0x0013
mem[X,0x008000000000043A] -> 0x0000
[208] [M]: 0x0080000000000438 (0x00000013) addi zero, zero, 0x0

mem[X,0x008000000000043C] -> 0x0013
mem[X,0x008000000000043E] -> 0x0000
[209] [M]: 0x008000000000043C (0x00000013) addi zero, zero, 0x0

mem[X,0x0080000000000440] -> 0x4217
mem[X,0x0080000000000442] -> 0x0000
[210] [M]: 0x0080000000000440 (0x00004217) auipc tp, 0x4
x4 <- 0x0080000000004440

mem[X,0x0080000000000444] -> 0x0213
mem[X,0x0080000000000446] -> 0x2F02
[211] [M]: 0x0080000000000444 (0x2F020213) addi tp, tp, 0x2f0
x4 <- 0x0080000000004730

mem[X,0x0080000000000448] -> 0x0013
mem[X,0x008000000000044A] -> 0x0000
[212] [M]: 0x0080000000000448 (0x00000013) addi zero, zero, 0x0

mem[X,0x008000000000044C] -> 0x0013
mem[X,0x008000000000044E] -> 0x0000
[213] [M]: 0x008000000000044C (0x00000013) addi zero, zero, 0x0

mem[X,0x0080000000000450] -> 0x0013
mem[X,0x0080000000000452] -> 0x0000
[214] [M]: 0x0080000000000450 (0x00000013) addi zero, zero, 0x0

mem[X,0x0080000000000454] -> 0x0013
mem[X,0x0080000000000456] -> 0x0000
[215] [M]: 0x0080000000000454 (0x00000013) addi zero, zero, 0x0

mem[X,0x0080000000000458] -> 0x0013
mem[X,0x008000000000045A] -> 0x0000
[216] [M]: 0x0080000000000458 (0x00000013) addi zero, zero, 0x0

mem[X,0x008000000000045C] -> 0x0013
mem[X,0x008000000000045E] -> 0x0000
[217] [M]: 0x008000000000045C (0x00000013) addi zero, zero, 0x0

mem[X,0x0080000000000460] -> 0x5213
mem[X,0x0080000000000462] -> 0x0022
[218] [M]: 0x0080000000000460 (0x00225213) srli tp, tp, 0x2
x4 <- 0x00200000000011CC

mem[X,0x0080000000000464] -> 0x1073
mem[X,0x0080000000000466] -> 0x3BF2
[219] [M]: 0x0080000000000464 (0x3BF21073) csrrw zero, pmpaddr15, tp
CSR pmpaddr15 <- 0x00200000000011CC (input: 0x00200000000011CC)

mem[X,0x0080000000000468] -> 0x0013
mem[X,0x008000000000046A] -> 0x0000
[220] [M]: 0x0080000000000468 (0x00000013) addi zero, zero, 0x0

mem[X,0x008000000000046C] -> 0x0013
mem[X,0x008000000000046E] -> 0x0000
[221] [M]: 0x008000000000046C (0x00000013) addi zero, zero, 0x0

mem[X,0x0080000000000470] -> 0x0013
mem[X,0x0080000000000472] -> 0x0000
[222] [M]: 0x0080000000000470 (0x00000013) addi zero, zero, 0x0

mem[X,0x0080000000000474] -> 0x0013
mem[X,0x0080000000000476] -> 0x0000
[223] [M]: 0x0080000000000474 (0x00000013) addi zero, zero, 0x0

mem[X,0x0080000000000478] -> 0x0013
mem[X,0x008000000000047A] -> 0x0000
[224] [M]: 0x0080000000000478 (0x00000013) addi zero, zero, 0x0

mem[X,0x008000000000047C] -> 0x0013
mem[X,0x008000000000047E] -> 0x0000
[225] [M]: 0x008000000000047C (0x00000013) addi zero, zero, 0x0

mem[X,0x0080000000000480] -> 0x0217
mem[X,0x0080000000000482] -> 0x0000
[226] [M]: 0x0080000000000480 (0x00000217) auipc tp, 0x0
x4 <- 0x0080000000000480

mem[X,0x0080000000000484] -> 0x0213
mem[X,0x0080000000000486] -> 0x3A42
[227] [M]: 0x0080000000000484 (0x3A420213) addi tp, tp, 0x3a4
x4 <- 0x0080000000000824

mem[X,0x0080000000000488] -> 0x0013
mem[X,0x008000000000048A] -> 0x0000
[228] [M]: 0x0080000000000488 (0x00000013) addi zero, zero, 0x0

mem[X,0x008000000000048C] -> 0x0013
mem[X,0x008000000000048E] -> 0x0000
[229] [M]: 0x008000000000048C (0x00000013) addi zero, zero, 0x0

mem[X,0x0080000000000490] -> 0x0013
mem[X,0x0080000000000492] -> 0x0000
[230] [M]: 0x0080000000000490 (0x00000013) addi zero, zero, 0x0

mem[X,0x0080000000000494] -> 0x0013
mem[X,0x0080000000000496] -> 0x0000
[231] [M]: 0x0080000000000494 (0x00000013) addi zero, zero, 0x0

mem[X,0x0080000000000498] -> 0x0013
mem[X,0x008000000000049A] -> 0x0000
[232] [M]: 0x0080000000000498 (0x00000013) addi zero, zero, 0x0

mem[X,0x008000000000049C] -> 0x0013
mem[X,0x008000000000049E] -> 0x0000
[233] [M]: 0x008000000000049C (0x00000013) addi zero, zero, 0x0

mem[X,0x00800000000004A0] -> 0x5213
mem[X,0x00800000000004A2] -> 0x0022
[234] [M]: 0x00800000000004A0 (0x00225213) srli tp, tp, 0x2
x4 <- 0x0020000000000209

mem[X,0x00800000000004A4] -> 0x1073
mem[X,0x00800000000004A6] -> 0x3B22
[235] [M]: 0x00800000000004A4 (0x3B221073) csrrw zero, pmpaddr2, tp
CSR pmpaddr2 <- 0x0020000000000209 (input: 0x0020000000000209)

mem[X,0x00800000000004A8] -> 0x0013
mem[X,0x00800000000004AA] -> 0x0000
[236] [M]: 0x00800000000004A8 (0x00000013) addi zero, zero, 0x0

mem[X,0x00800000000004AC] -> 0x0013
mem[X,0x00800000000004AE] -> 0x0000
[237] [M]: 0x00800000000004AC (0x00000013) addi zero, zero, 0x0

mem[X,0x00800000000004B0] -> 0x0013
mem[X,0x00800000000004B2] -> 0x0000
[238] [M]: 0x00800000000004B0 (0x00000013) addi zero, zero, 0x0

mem[X,0x00800000000004B4] -> 0x0013
mem[X,0x00800000000004B6] -> 0x0000
[239] [M]: 0x00800000000004B4 (0x00000013) addi zero, zero, 0x0

mem[X,0x00800000000004B8] -> 0x0013
mem[X,0x00800000000004BA] -> 0x0000
[240] [M]: 0x00800000000004B8 (0x00000013) addi zero, zero, 0x0

mem[X,0x00800000000004BC] -> 0x0013
mem[X,0x00800000000004BE] -> 0x0000
[241] [M]: 0x00800000000004BC (0x00000013) addi zero, zero, 0x0

mem[X,0x00800000000004C0] -> 0x0217
mem[X,0x00800000000004C2] -> 0x0000
[242] [M]: 0x00800000000004C0 (0x00000217) auipc tp, 0x0
x4 <- 0x00800000000004C0

mem[X,0x00800000000004C4] -> 0x0213
mem[X,0x00800000000004C6] -> 0x3782
[243] [M]: 0x00800000000004C4 (0x37820213) addi tp, tp, 0x378
x4 <- 0x0080000000000838

mem[X,0x00800000000004C8] -> 0x0013
mem[X,0x00800000000004CA] -> 0x0000
[244] [M]: 0x00800000000004C8 (0x00000013) addi zero, zero, 0x0

mem[X,0x00800000000004CC] -> 0x0013
mem[X,0x00800000000004CE] -> 0x0000
[245] [M]: 0x00800000000004CC (0x00000013) addi zero, zero, 0x0

mem[X,0x00800000000004D0] -> 0x0013
mem[X,0x00800000000004D2] -> 0x0000
[246] [M]: 0x00800000000004D0 (0x00000013) addi zero, zero, 0x0

mem[X,0x00800000000004D4] -> 0x0013
mem[X,0x00800000000004D6] -> 0x0000
[247] [M]: 0x00800000000004D4 (0x00000013) addi zero, zero, 0x0

mem[X,0x00800000000004D8] -> 0x0013
mem[X,0x00800000000004DA] -> 0x0000
[248] [M]: 0x00800000000004D8 (0x00000013) addi zero, zero, 0x0

mem[X,0x00800000000004DC] -> 0x0013
mem[X,0x00800000000004DE] -> 0x0000
[249] [M]: 0x00800000000004DC (0x00000013) addi zero, zero, 0x0

mem[X,0x00800000000004E0] -> 0x5213
mem[X,0x00800000000004E2] -> 0x0022
[250] [M]: 0x00800000000004E0 (0x00225213) srli tp, tp, 0x2
x4 <- 0x002000000000020E

mem[X,0x00800000000004E4] -> 0x1073
mem[X,0x00800000000004E6] -> 0x3B32
[251] [M]: 0x00800000000004E4 (0x3B321073) csrrw zero, pmpaddr3, tp
CSR pmpaddr3 <- 0x002000000000020E (input: 0x002000000000020E)

mem[X,0x00800000000004E8] -> 0x0013
mem[X,0x00800000000004EA] -> 0x0000
[252] [M]: 0x00800000000004E8 (0x00000013) addi zero, zero, 0x0

mem[X,0x00800000000004EC] -> 0x0013
mem[X,0x00800000000004EE] -> 0x0000
[253] [M]: 0x00800000000004EC (0x00000013) addi zero, zero, 0x0

mem[X,0x00800000000004F0] -> 0x0013
mem[X,0x00800000000004F2] -> 0x0000
[254] [M]: 0x00800000000004F0 (0x00000013) addi zero, zero, 0x0

mem[X,0x00800000000004F4] -> 0x0013
mem[X,0x00800000000004F6] -> 0x0000
[255] [M]: 0x00800000000004F4 (0x00000013) addi zero, zero, 0x0

mem[X,0x00800000000004F8] -> 0x0013
mem[X,0x00800000000004FA] -> 0x0000
[256] [M]: 0x00800000000004F8 (0x00000013) addi zero, zero, 0x0

mem[X,0x00800000000004FC] -> 0x0013
mem[X,0x00800000000004FE] -> 0x0000
[257] [M]: 0x00800000000004FC (0x00000013) addi zero, zero, 0x0

mem[X,0x0080000000000500] -> 0x0217
mem[X,0x0080000000000502] -> 0x0000
[258] [M]: 0x0080000000000500 (0x00000217) auipc tp, 0x0
x4 <- 0x0080000000000500

mem[X,0x0080000000000504] -> 0x0213
mem[X,0x0080000000000506] -> 0x3302
[259] [M]: 0x0080000000000504 (0x33020213) addi tp, tp, 0x330
x4 <- 0x0080000000000830

mem[X,0x0080000000000508] -> 0x0013
mem[X,0x008000000000050A] -> 0x0000
[260] [M]: 0x0080000000000508 (0x00000013) addi zero, zero, 0x0

mem[X,0x008000000000050C] -> 0x0013
mem[X,0x008000000000050E] -> 0x0000
[261] [M]: 0x008000000000050C (0x00000013) addi zero, zero, 0x0

mem[X,0x0080000000000510] -> 0x0013
mem[X,0x0080000000000512] -> 0x0000
[262] [M]: 0x0080000000000510 (0x00000013) addi zero, zero, 0x0

mem[X,0x0080000000000514] -> 0x0013
mem[X,0x0080000000000516] -> 0x0000
[263] [M]: 0x0080000000000514 (0x00000013) addi zero, zero, 0x0

mem[X,0x0080000000000518] -> 0x0013
mem[X,0x008000000000051A] -> 0x0000
[264] [M]: 0x0080000000000518 (0x00000013) addi zero, zero, 0x0

mem[X,0x008000000000051C] -> 0x0013
mem[X,0x008000000000051E] -> 0x0000
[265] [M]: 0x008000000000051C (0x00000013) addi zero, zero, 0x0

mem[X,0x0080000000000520] -> 0x5213
mem[X,0x0080000000000522] -> 0x0022
[266] [M]: 0x0080000000000520 (0x00225213) srli tp, tp, 0x2
x4 <- 0x002000000000020C

mem[X,0x0080000000000524] -> 0x1073
mem[X,0x0080000000000526] -> 0x3B02
[267] [M]: 0x0080000000000524 (0x3B021073) csrrw zero, pmpaddr0, tp
CSR pmpaddr0 <- 0x002000000000020C (input: 0x002000000000020C)

mem[X,0x0080000000000528] -> 0x0013
mem[X,0x008000000000052A] -> 0x0000
[268] [M]: 0x0080000000000528 (0x00000013) addi zero, zero, 0x0

mem[X,0x008000000000052C] -> 0x0013
mem[X,0x008000000000052E] -> 0x0000
[269] [M]: 0x008000000000052C (0x00000013) addi zero, zero, 0x0

mem[X,0x0080000000000530] -> 0x0013
mem[X,0x0080000000000532] -> 0x0000
[270] [M]: 0x0080000000000530 (0x00000013) addi zero, zero, 0x0

mem[X,0x0080000000000534] -> 0x0013
mem[X,0x0080000000000536] -> 0x0000
[271] [M]: 0x0080000000000534 (0x00000013) addi zero, zero, 0x0

mem[X,0x0080000000000538] -> 0x0013
mem[X,0x008000000000053A] -> 0x0000
[272] [M]: 0x0080000000000538 (0x00000013) addi zero, zero, 0x0

mem[X,0x008000000000053C] -> 0x0013
mem[X,0x008000000000053E] -> 0x0000
[273] [M]: 0x008000000000053C (0x00000013) addi zero, zero, 0x0

mem[X,0x0080000000000540] -> 0x0217
mem[X,0x0080000000000542] -> 0x0000
[274] [M]: 0x0080000000000540 (0x00000217) auipc tp, 0x0
x4 <- 0x0080000000000540

mem[X,0x0080000000000544] -> 0x0213
mem[X,0x0080000000000546] -> 0x2F82
[275] [M]: 0x0080000000000544 (0x2F820213) addi tp, tp, 0x2f8
x4 <- 0x0080000000000838

mem[X,0x0080000000000548] -> 0x0013
mem[X,0x008000000000054A] -> 0x0000
[276] [M]: 0x0080000000000548 (0x00000013) addi zero, zero, 0x0

mem[X,0x008000000000054C] -> 0x0013
mem[X,0x008000000000054E] -> 0x0000
[277] [M]: 0x008000000000054C (0x00000013) addi zero, zero, 0x0

mem[X,0x0080000000000550] -> 0x0013
mem[X,0x0080000000000552] -> 0x0000
[278] [M]: 0x0080000000000550 (0x00000013) addi zero, zero, 0x0

mem[X,0x0080000000000554] -> 0x0013
mem[X,0x0080000000000556] -> 0x0000
[279] [M]: 0x0080000000000554 (0x00000013) addi zero, zero, 0x0

mem[X,0x0080000000000558] -> 0x0013
mem[X,0x008000000000055A] -> 0x0000
[280] [M]: 0x0080000000000558 (0x00000013) addi zero, zero, 0x0

mem[X,0x008000000000055C] -> 0x0013
mem[X,0x008000000000055E] -> 0x0000
[281] [M]: 0x008000000000055C (0x00000013) addi zero, zero, 0x0

mem[X,0x0080000000000560] -> 0x5213
mem[X,0x0080000000000562] -> 0x0022
[282] [M]: 0x0080000000000560 (0x00225213) srli tp, tp, 0x2
x4 <- 0x002000000000020E

mem[X,0x0080000000000564] -> 0x1073
mem[X,0x0080000000000566] -> 0x3B12
[283] [M]: 0x0080000000000564 (0x3B121073) csrrw zero, pmpaddr1, tp
CSR pmpaddr1 <- 0x002000000000020E (input: 0x002000000000020E)

mem[X,0x0080000000000568] -> 0x0013
mem[X,0x008000000000056A] -> 0x0000
[284] [M]: 0x0080000000000568 (0x00000013) addi zero, zero, 0x0

mem[X,0x008000000000056C] -> 0x0213
mem[X,0x008000000000056E] -> 0x08F0
[285] [M]: 0x008000000000056C (0x08F00213) addi tp, zero, 0x8f
x4 <- 0x000000000000008F

mem[X,0x0080000000000570] -> 0x1213
mem[X,0x0080000000000572] -> 0x0382
[286] [M]: 0x0080000000000570 (0x03821213) slli tp, tp, 0x38
x4 <- 0x8F00000000000000

mem[X,0x0080000000000574] -> 0x2073
mem[X,0x0080000000000576] -> 0x3A22
[287] [M]: 0x0080000000000574 (0x3A222073) csrrs zero, pmpcfg2, tp
CSR pmpcfg2 <- 0x8F00000000000000 (input: 0x8F00000000000000)

mem[X,0x0080000000000578] -> 0x0013
mem[X,0x008000000000057A] -> 0x0000
[288] [M]: 0x0080000000000578 (0x00000013) addi zero, zero, 0x0

mem[X,0x008000000000057C] -> 0x0213
mem[X,0x008000000000057E] -> 0x0110
[289] [M]: 0x008000000000057C (0x01100213) addi tp, zero, 0x11
x4 <- 0x0000000000000011

mem[X,0x0080000000000580] -> 0x1213
mem[X,0x0080000000000582] -> 0x01B2
[290] [M]: 0x0080000000000580 (0x01B21213) slli tp, tp, 0x1b
x4 <- 0x0000000088000000

mem[X,0x0080000000000584] -> 0x2073
mem[X,0x0080000000000586] -> 0x3A02
[291] [M]: 0x0080000000000584 (0x3A022073) csrrs zero, pmpcfg0, tp
CSR pmpcfg0 <- 0x0000000088000000 (input: 0x0000000088000000)

mem[X,0x0080000000000588] -> 0x0013
mem[X,0x008000000000058A] -> 0x0000
[292] [M]: 0x0080000000000588 (0x00000013) addi zero, zero, 0x0

mem[X,0x008000000000058C] -> 0x0213
mem[X,0x008000000000058E] -> 0x08D0
[293] [M]: 0x008000000000058C (0x08D00213) addi tp, zero, 0x8d
x4 <- 0x000000000000008D

mem[X,0x0080000000000590] -> 0x1213
mem[X,0x0080000000000592] -> 0x0082
[294] [M]: 0x0080000000000590 (0x00821213) slli tp, tp, 0x8
x4 <- 0x0000000000008D00

mem[X,0x0080000000000594] -> 0x2073
mem[X,0x0080000000000596] -> 0x3A02
[295] [M]: 0x0080000000000594 (0x3A022073) csrrs zero, pmpcfg0, tp
CSR pmpcfg0 <- 0x0000000088008D00 (input: 0x0000000088008D00)

mem[X,0x0080000000000598] -> 0x0013
mem[X,0x008000000000059A] -> 0x0000
[296] [M]: 0x0080000000000598 (0x00000013) addi zero, zero, 0x0

mem[X,0x008000000000059C] -> 0x0013
mem[X,0x008000000000059E] -> 0x0000
[297] [M]: 0x008000000000059C (0x00000013) addi zero, zero, 0x0

mem[X,0x00800000000005A0] -> 0x0797
mem[X,0x00800000000005A2] -> 0x0000
[298] [M]: 0x00800000000005A0 (0x00000797) auipc a5, 0x0
x15 <- 0x00800000000005A0

mem[X,0x00800000000005A4] -> 0x8793
mem[X,0x00800000000005A6] -> 0x2907
[299] [M]: 0x00800000000005A4 (0x29078793) addi a5, a5, 0x290
x15 <- 0x0080000000000830

clint::tick mtime <- 0x0000000000000003
 clint timer pending at mtime 0x0000000000000003
htif::tick 0x0000000000000000
mem[X,0x00800000000005A8] -> 0x0013
mem[X,0x00800000000005AA] -> 0x0000
[300] [M]: 0x00800000000005A8 (0x00000013) addi zero, zero, 0x0

mem[X,0x00800000000005AC] -> 0x0013
mem[X,0x00800000000005AE] -> 0x0000
[301] [M]: 0x00800000000005AC (0x00000013) addi zero, zero, 0x0

mem[X,0x00800000000005B0] -> 0x0013
mem[X,0x00800000000005B2] -> 0x0000
[302] [M]: 0x00800000000005B0 (0x00000013) addi zero, zero, 0x0

mem[X,0x00800000000005B4] -> 0x0013
mem[X,0x00800000000005B6] -> 0x0000
[303] [M]: 0x00800000000005B4 (0x00000013) addi zero, zero, 0x0

mem[X,0x00800000000005B8] -> 0x0013
mem[X,0x00800000000005BA] -> 0x0000
[304] [M]: 0x00800000000005B8 (0x00000013) addi zero, zero, 0x0

mem[X,0x00800000000005BC] -> 0x0013
mem[X,0x00800000000005BE] -> 0x0000
[305] [M]: 0x00800000000005BC (0x00000013) addi zero, zero, 0x0

mem[X,0x00800000000005C0] -> 0x0713
mem[X,0x00800000000005C2] -> 0x0130
[306] [M]: 0x00800000000005C0 (0x01300713) addi a4, zero, 0x13
x14 <- 0x0000000000000013

mem[X,0x00800000000005C4] -> 0x8023
mem[X,0x00800000000005C6] -> 0x00E7
[307] [M]: 0x00800000000005C4 (0x00E78023) sb a4, 0x0(a5)
trapping from M to M to handle store/amo-access-fault
handling exc#0x07 at priv M with tval 0x0080000000000830
CSR mstatus <- 0x0000000A00001800

mem[X,0x0080000000000940] -> 0x006F
mem[X,0x0080000000000942] -> 0x1000
[308] [M]: 0x0080000000000940 (0x1000006F) jal zero, 0x100

mem[X,0x0080000000000A40] -> 0x1173
mem[X,0x0080000000000A42] -> 0x3401
[309] [M]: 0x0080000000000A40 (0x34011173) csrrw sp, mscratch, sp
CSR mscratch <- 0x01FDDB7D5BFDDB7F (input: 0x01FDDB7D5BFDDB7F)
x2 <- 0x0080000000003000

mem[X,0x0080000000000A44] -> 0x3423
mem[X,0x0080000000000A46] -> 0x28B1
[310] [M]: 0x0080000000000A44 (0x28B13423) sd a1, 0x288(sp)
mem[0x0080000000003288] <- 0x0000000000000000

mem[X,0x0080000000000A48] -> 0x05EF
mem[X,0x0080000000000A4A] -> 0x0B80
[311] [M]: 0x0080000000000A48 (0x0B8005EF) jal a1, 0xb8
x11 <- 0x0080000000000A4C

mem[X,0x0080000000000B00] -> 0x3023
mem[X,0x0080000000000B02] -> 0x28A1
[312] [M]: 0x0080000000000B00 (0x28A13023) sd a0, 0x280(sp)
mem[0x0080000000003280] <- 0x0000000000000001

mem[X,0x0080000000000B04] -> 0x1573
mem[X,0x0080000000000B06] -> 0x3401
[313] [M]: 0x0080000000000B04 (0x34011573) csrrw a0, mscratch, sp
CSR mscratch <- 0x0080000000003000 (input: 0x0080000000003000)
x10 <- 0x01FDDB7D5BFDDB7F

mem[X,0x0080000000000B08] -> 0x3823
mem[X,0x0080000000000B0A] -> 0x28A1
[314] [M]: 0x0080000000000B08 (0x28A13823) sd a0, 0x290(sp)
mem[0x0080000000003290] <- 0x01FDDB7D5BFDDB7F

mem[X,0x0080000000000B0C] -> 0x3503
mem[X,0x0080000000000B0E] -> 0x2301
[315] [M]: 0x0080000000000B0C (0x23013503) ld a0, 0x230(sp)
mem[R,0x0080000000003230] -> 0x0080000000000B14
x10 <- 0x0080000000000B14

mem[X,0x0080000000000B10] -> 0x0067
mem[X,0x0080000000000B12] -> 0x0005
[316] [M]: 0x0080000000000B10 (0x00050067) jalr zero, 0x0(a0)

mem[X,0x0080000000000B14] -> 0x3C23
mem[X,0x0080000000000B16] -> 0x2691
[317] [M]: 0x0080000000000B14 (0x26913C23) sd s1, 0x278(sp)
mem[0x0080000000003278] <- 0x00000000000000FE

mem[X,0x0080000000000B18] -> 0x3823
mem[X,0x0080000000000B1A] -> 0x2681
[318] [M]: 0x0080000000000B18 (0x26813823) sd fp, 0x270(sp)
mem[0x0080000000003270] <- 0x0000000000007F76

mem[X,0x0080000000000B1C] -> 0x3423
mem[X,0x0080000000000B1E] -> 0x2671
[319] [M]: 0x0080000000000B1C (0x26713423) sd t2, 0x268(sp)
mem[0x0080000000003268] <- 0x00000000003FBB6F

mem[X,0x0080000000000B20] -> 0x3023
mem[X,0x0080000000000B22] -> 0x2661
[320] [M]: 0x0080000000000B20 (0x26613023) sd t1, 0x260(sp)
mem[0x0080000000003260] <- 0x000000001FDDB7D5

mem[X,0x0080000000000B24] -> 0x2573
mem[X,0x0080000000000B26] -> 0x3420
[321] [M]: 0x0080000000000B24 (0x34202573) csrrs a0, mcause, zero
CSR mcause -> 0x0000000000000007
x10 <- 0x0000000000000007

mem[X,0x0080000000000B28] -> 0x04B7
mem[X,0x0080000000000B2A] -> 0x8000
[322] [M]: 0x0080000000000B28 (0x800004B7) lui s1, -0x80000
x9 <- 0xFFFFFFFF80000000

mem[X,0x0080000000000B2C] -> 0x8493
mem[X,0x0080000000000B2E] -> 0x0004
[323] [M]: 0x0080000000000B2C (0x00048493) addi s1, s1, 0x0
x9 <- 0xFFFFFFFF80000000

mem[X,0x0080000000000B30] -> 0x9493
mem[X,0x0080000000000B32] -> 0x00B4
[324] [M]: 0x0080000000000B30 (0x00B49493) slli s1, s1, 0xb
x9 <- 0xFFFFFC0000000000

mem[X,0x0080000000000B34] -> 0x8493
mem[X,0x0080000000000B36] -> 0x0004
[325] [M]: 0x0080000000000B34 (0x00048493) addi s1, s1, 0x0
x9 <- 0xFFFFFC0000000000

mem[X,0x0080000000000B38] -> 0x9493
mem[X,0x0080000000000B3A] -> 0x00B4
[326] [M]: 0x0080000000000B38 (0x00B49493) slli s1, s1, 0xb
x9 <- 0xFFE0000000000000

mem[X,0x0080000000000B3C] -> 0x8493
mem[X,0x0080000000000B3E] -> 0x0034
[327] [M]: 0x0080000000000B3C (0x00348493) addi s1, s1, 0x3
x9 <- 0xFFE0000000000003

mem[X,0x0080000000000B40] -> 0x9493
mem[X,0x0080000000000B42] -> 0x00A4
[328] [M]: 0x0080000000000B40 (0x00A49493) slli s1, s1, 0xa
x9 <- 0x8000000000000C00

mem[X,0x0080000000000B44] -> 0x8493
mem[X,0x0080000000000B46] -> 0x3FC4
[329] [M]: 0x0080000000000B44 (0x3FC48493) addi s1, s1, 0x3fc
x9 <- 0x8000000000000FFC

mem[X,0x0080000000000B48] -> 0xF4B3
mem[X,0x0080000000000B4A] -> 0x00A4
[330] [M]: 0x0080000000000B48 (0x00A4F4B3) and s1, s1, a0
x9 <- 0x0000000000000004

mem[X,0x0080000000000B4C] -> 0x8493
mem[X,0x0080000000000B4E] -> 0xFF84
[331] [M]: 0x0080000000000B4C (0xFF848493) addi s1, s1, -0x8
x9 <- 0xFFFFFFFFFFFFFFFC

mem[X,0x0080000000000B50] -> 0x9663
mem[X,0x0080000000000B52] -> 0x0004
[332] [M]: 0x0080000000000B50 (0x00049663) bne s1, zero, 0xc

mem[X,0x0080000000000B5C] -> 0x0393
mem[X,0x0080000000000B5E] -> 0x0200
[333] [M]: 0x0080000000000B5C (0x02000393) addi t2, zero, 0x20
x7 <- 0x0000000000000020

mem[X,0x0080000000000B60] -> 0x5263
mem[X,0x0080000000000B62] -> 0x0405
[334] [M]: 0x0080000000000B60 (0x04055263) bge a0, zero, 0x44

mem[X,0x0080000000000BA4] -> 0x2373
mem[X,0x0080000000000BA6] -> 0x3010
[335] [M]: 0x0080000000000BA4 (0x30102373) csrrs t1, misa, zero
CSR misa -> 0x800000000034112D
x6 <- 0x800000000034112D

mem[X,0x0080000000000BA8] -> 0x1313
mem[X,0x0080000000000BAA] -> 0x0383
[336] [M]: 0x0080000000000BA8 (0x03831313) slli t1, t1, 0x38
x6 <- 0x2D00000000000000

mem[X,0x0080000000000BAC] -> 0x5463
mem[X,0x0080000000000BAE] -> 0x0003
[337] [M]: 0x0080000000000BAC (0x00035463) bge t1, zero, 0x8

mem[X,0x0080000000000BB4] -> 0x3303
mem[X,0x0080000000000BB6] -> 0x2181
[338] [M]: 0x0080000000000BB4 (0x21813303) ld t1, 0x218(sp)
mem[R,0x0080000000003218] -> 0x0080000000004320
x6 <- 0x0080000000004320

mem[X,0x0080000000000BB8] -> 0x04B3
mem[X,0x0080000000000BBA] -> 0x0073
[339] [M]: 0x0080000000000BB8 (0x007304B3) add s1, t1, t2
x9 <- 0x0080000000004340

mem[X,0x0080000000000BBC] -> 0x3C23
mem[X,0x0080000000000BBE] -> 0x2091
[340] [M]: 0x0080000000000BBC (0x20913C23) sd s1, 0x218(sp)
mem[0x0080000000003218] <- 0x0080000000004340

mem[X,0x0080000000000BC0] -> 0x3403
mem[X,0x0080000000000BC2] -> 0x1F81
[341] [M]: 0x0080000000000BC0 (0x1F813403) ld fp, 0x1f8(sp)
mem[R,0x00800000000031F8] -> 0x0080000000004210
x8 <- 0x0080000000004210

mem[X,0x0080000000000BC4] -> 0x0333
mem[X,0x0080000000000BC6] -> 0x4083
[342] [M]: 0x0080000000000BC4 (0x40830333) sub t1, t1, fp
x6 <- 0x0000000000000110

mem[X,0x0080000000000BC8] -> 0x3403
mem[X,0x0080000000000BCA] -> 0x1F81
[343] [M]: 0x0080000000000BC8 (0x1F813403) ld fp, 0x1f8(sp)
mem[R,0x00800000000031F8] -> 0x0080000000004210
x8 <- 0x0080000000004210

mem[X,0x0080000000000BCC] -> 0x0333
mem[X,0x0080000000000BCE] -> 0x0083
[344] [M]: 0x0080000000000BCC (0x00830333) add t1, t1, fp
x6 <- 0x0080000000004320

mem[X,0x0080000000000BD0] -> 0x3403
mem[X,0x0080000000000BD2] -> 0x2401
[345] [M]: 0x0080000000000BD0 (0x24013403) ld fp, 0x240(sp)
mem[R,0x0080000000003240] -> 0x0080000000000940
x8 <- 0x0080000000000940

mem[X,0x0080000000000BD4] -> 0x85B3
mem[X,0x0080000000000BD6] -> 0x4085
[346] [M]: 0x0080000000000BD4 (0x408585B3) sub a1, a1, fp
x11 <- 0x000000000000010C

mem[X,0x0080000000000BD8] -> 0x9593
mem[X,0x0080000000000BDA] -> 0x0045
[347] [M]: 0x0080000000000BD8 (0x00459593) slli a1, a1, 0x4
x11 <- 0x00000000000010C0

mem[X,0x0080000000000BDC] -> 0xE5B3
mem[X,0x0080000000000BDE] -> 0x0075
[348] [M]: 0x0080000000000BDC (0x0075E5B3) or a1, a1, t2
x11 <- 0x00000000000010E0

mem[X,0x0080000000000BE0] -> 0x8593
mem[X,0x0080000000000BE2] -> 0x0035
[349] [M]: 0x0080000000000BE0 (0x00358593) addi a1, a1, 0x3
x11 <- 0x00000000000010E3

mem[X,0x0080000000000BE4] -> 0x3023
mem[X,0x0080000000000BE6] -> 0x00B3
[350] [M]: 0x0080000000000BE4 (0x00B33023) sd a1, 0x0(t1)
mem[0x0080000000004320] <- 0x00000000000010E3

mem[X,0x0080000000000BE8] -> 0x3423
mem[X,0x0080000000000BEA] -> 0x00A3
[351] [M]: 0x0080000000000BE8 (0x00A33423) sd a0, 0x8(t1)
mem[0x0080000000004328] <- 0x0000000000000007

mem[X,0x0080000000000BEC] -> 0x4863
mem[X,0x0080000000000BEE] -> 0x1605
[352] [M]: 0x0080000000000BEC (0x16054863) blt a0, zero, 0x170

mem[X,0x0080000000000BF0] -> 0x25F3
mem[X,0x0080000000000BF2] -> 0x3000
[353] [M]: 0x0080000000000BF0 (0x300025F3) csrrs a1, mstatus, zero
CSR mstatus -> 0x0000000A00001800
x11 <- 0x0000000A00001800

mem[X,0x0080000000000BF4] -> 0x9413
mem[X,0x0080000000000BF6] -> 0x02E5
[354] [M]: 0x0080000000000BF4 (0x02E59413) slli fp, a1, 0x2e
x8 <- 0x0600000000000000

mem[X,0x0080000000000BF8] -> 0x5463
mem[X,0x0080000000000BFA] -> 0x0004
[355] [M]: 0x0080000000000BF8 (0x00045463) bge fp, zero, 0x8

mem[X,0x0080000000000C00] -> 0xD493
mem[X,0x0080000000000C02] -> 0x00B5
[356] [M]: 0x0080000000000C00 (0x00B5D493) srli s1, a1, 0xb
x9 <- 0x0000000001400003

mem[X,0x0080000000000C04] -> 0xF493
mem[X,0x0080000000000C06] -> 0x0034
[357] [M]: 0x0080000000000C04 (0x0034F493) andi s1, s1, 0x3
x9 <- 0x0000000000000003

mem[X,0x0080000000000C08] -> 0x8493
mem[X,0x0080000000000C0A] -> 0x0014
[358] [M]: 0x0080000000000C08 (0x00148493) addi s1, s1, 0x1
x9 <- 0x0000000000000004

mem[X,0x0080000000000C0C] -> 0xF493
mem[X,0x0080000000000C0E] -> 0x0044
[359] [M]: 0x0080000000000C0C (0x0044F493) andi s1, s1, 0x4
x9 <- 0x0000000000000004

mem[X,0x0080000000000C10] -> 0x0593
mem[X,0x0080000000000C12] -> 0x05D0
[360] [M]: 0x0080000000000C10 (0x05D00593) addi a1, zero, 0x5d
x11 <- 0x000000000000005D

mem[X,0x0080000000000C14] -> 0xD5B3
mem[X,0x0080000000000C16] -> 0x0095
[361] [M]: 0x0080000000000C14 (0x0095D5B3) srl a1, a1, s1
x11 <- 0x0000000000000005

mem[X,0x0080000000000C18] -> 0xF593
mem[X,0x0080000000000C1A] -> 0x0015
[362] [M]: 0x0080000000000C18 (0x0015F593) andi a1, a1, 0x1
x11 <- 0x0000000000000001

mem[X,0x0080000000000C1C] -> 0x8EE3
mem[X,0x0080000000000C1E] -> 0xF405
[363] [M]: 0x0080000000000C1C (0xF4058EE3) beq a1, zero, -0xa4

mem[X,0x0080000000000C20] -> 0x0593
mem[X,0x0080000000000C22] -> 0x2980
[364] [M]: 0x0080000000000C20 (0x29800593) addi a1, zero, 0x298
x11 <- 0x0000000000000298

mem[X,0x0080000000000C24] -> 0xF413
mem[X,0x0080000000000C26] -> 0x0014
[365] [M]: 0x0080000000000C24 (0x0014F413) andi fp, s1, 0x1
x8 <- 0x0000000000000000

mem[X,0x0080000000000C28] -> 0x95B3
mem[X,0x0080000000000C2A] -> 0x0085
[366] [M]: 0x0080000000000C28 (0x008595B3) sll a1, a1, fp
x11 <- 0x0000000000000298

mem[X,0x0080000000000C2C] -> 0x9413
mem[X,0x0080000000000C2E] -> 0x03D4
[367] [M]: 0x0080000000000C2C (0x03D49413) slli fp, s1, 0x3d
x8 <- 0x8000000000000000

mem[X,0x0080000000000C30] -> 0x5413
mem[X,0x0080000000000C32] -> 0x43F4
[368] [M]: 0x0080000000000C30 (0x43F45413) srai fp, fp, 0x3f
x8 <- 0xFFFFFFFFFFFFFFFF

mem[X,0x0080000000000C34] -> 0x4413
mem[X,0x0080000000000C36] -> 0xFFF4
[369] [M]: 0x0080000000000C34 (0xFFF44413) xori fp, fp, -0x1
x8 <- 0x0000000000000000

mem[X,0x0080000000000C38] -> 0xF4B3
mem[X,0x0080000000000C3A] -> 0x0085
[370] [M]: 0x0080000000000C38 (0x0085F4B3) and s1, a1, fp
x9 <- 0x0000000000000000

mem[X,0x0080000000000C3C] -> 0x84B3
mem[X,0x0080000000000C3E] -> 0x0024
[371] [M]: 0x0080000000000C3C (0x002484B3) add s1, s1, sp
x9 <- 0x0080000000003000

mem[X,0x0080000000000C40] -> 0x23F3
mem[X,0x0080000000000C42] -> 0x3410
[372] [M]: 0x0080000000000C40 (0x341023F3) csrrs t2, mepc, zero
CSR mepc -> 0x00800000000005C4
x7 <- 0x00800000000005C4

mem[X,0x0080000000000C44] -> 0xB403
mem[X,0x0080000000000C46] -> 0x2084
[373] [M]: 0x0080000000000C44 (0x2084B403) ld fp, 0x208(s1)
mem[R,0x0080000000003208] -> 0x008000000000039C
x8 <- 0x008000000000039C

mem[X,0x0080000000000C48] -> 0xB583
mem[X,0x0080000000000C4A] -> 0x2104
[374] [M]: 0x0080000000000C48 (0x2104B583) ld a1, 0x210(s1)
mem[R,0x0080000000003210] -> 0x00000000000004B0
x11 <- 0x00000000000004B0

mem[X,0x0080000000000C4C] -> 0x85B3
mem[X,0x0080000000000C4E] -> 0x0085
[375] [M]: 0x0080000000000C4C (0x008585B3) add a1, a1, fp
x11 <- 0x008000000000084C

mem[X,0x0080000000000C50] -> 0xF463
mem[X,0x0080000000000C52] -> 0x00B3
[376] [M]: 0x0080000000000C50 (0x00B3F463) bgeu t2, a1, 0x8

mem[X,0x0080000000000C54] -> 0xF663
mem[X,0x0080000000000C56] -> 0x0283
[377] [M]: 0x0080000000000C54 (0x0283F663) bgeu t2, fp, 0x2c

mem[X,0x0080000000000C80] -> 0x8433
mem[X,0x0080000000000C82] -> 0x4083
[378] [M]: 0x0080000000000C80 (0x40838433) sub fp, t2, fp
x8 <- 0x0000000000000228

mem[X,0x0080000000000C84] -> 0x3823
mem[X,0x0080000000000C86] -> 0x0083
[379] [M]: 0x0080000000000C84 (0x00833823) sd fp, 0x10(t1)
mem[0x0080000000004330] <- 0x0000000000000228

mem[X,0x0080000000000C88] -> 0xF593
mem[X,0x0080000000000C8A] -> 0xFFC3
[380] [M]: 0x0080000000000C88 (0xFFC3F593) andi a1, t2, -0x4
x11 <- 0x00800000000005C4

mem[X,0x0080000000000C8C] -> 0x8593
mem[X,0x0080000000000C8E] -> 0x0085
[381] [M]: 0x0080000000000C8C (0x00858593) addi a1, a1, 0x8
x11 <- 0x00800000000005CC

mem[X,0x0080000000000C90] -> 0x9073
mem[X,0x0080000000000C92] -> 0x3415
[382] [M]: 0x0080000000000C90 (0x34159073) csrrw zero, mepc, a1
CSR mepc <- 0x00800000000005CC (input: 0x00800000000005CC)

mem[X,0x0080000000000C94] -> 0x23F3
mem[X,0x0080000000000C96] -> 0x3430
[383] [M]: 0x0080000000000C94 (0x343023F3) csrrs t2, mtval, zero
CSR mtval -> 0x0080000000000830
x7 <- 0x0080000000000830

mem[X,0x0080000000000C98] -> 0x7513
mem[X,0x0080000000000C9A] -> 0x00F5
[384] [M]: 0x0080000000000C98 (0x00F57513) andi a0, a0, 0xf
x10 <- 0x0000000000000007

mem[X,0x0080000000000C9C] -> 0x0437
mem[X,0x0080000000000C9E] -> 0x0000
[385] [M]: 0x0080000000000C9C (0x00000437) lui fp, 0x0
x8 <- 0x0000000000000000

mem[X,0x0080000000000CA0] -> 0x0413
mem[X,0x0080000000000CA2] -> 0x0004
[386] [M]: 0x0080000000000CA0 (0x00040413) addi fp, fp, 0x0
x8 <- 0x0000000000000000

mem[X,0x0080000000000CA4] -> 0x1413
mem[X,0x0080000000000CA6] -> 0x00B4
[387] [M]: 0x0080000000000CA4 (0x00B41413) slli fp, fp, 0xb
x8 <- 0x0000000000000000

mem[X,0x0080000000000CA8] -> 0x0413
mem[X,0x0080000000000CAA] -> 0x0004
[388] [M]: 0x0080000000000CA8 (0x00040413) addi fp, fp, 0x0
x8 <- 0x0000000000000000

mem[X,0x0080000000000CAC] -> 0x1413
mem[X,0x0080000000000CAE] -> 0x00B4
[389] [M]: 0x0080000000000CAC (0x00B41413) slli fp, fp, 0xb
x8 <- 0x0000000000000000

mem[X,0x0080000000000CB0] -> 0x0413
mem[X,0x0080000000000CB2] -> 0x02C4
[390] [M]: 0x0080000000000CB0 (0x02C40413) addi fp, fp, 0x2c
x8 <- 0x000000000000002C

mem[X,0x0080000000000CB4] -> 0x1413
mem[X,0x0080000000000CB6] -> 0x00A4
[391] [M]: 0x0080000000000CB4 (0x00A41413) slli fp, fp, 0xa
x8 <- 0x000000000000B000

mem[X,0x0080000000000CB8] -> 0x0413
mem[X,0x0080000000000CBA] -> 0x0FB4
[392] [M]: 0x0080000000000CB8 (0x0FB40413) addi fp, fp, 0xfb
x8 <- 0x000000000000B0FB

mem[X,0x0080000000000CBC] -> 0x5433
mem[X,0x0080000000000CBE] -> 0x00A4
[393] [M]: 0x0080000000000CBC (0x00A45433) srl fp, fp, a0
x8 <- 0x0000000000000161

mem[X,0x0080000000000CC0] -> 0x1413
mem[X,0x0080000000000CC2] -> 0x03F4
[394] [M]: 0x0080000000000CC0 (0x03F41413) slli fp, fp, 0x3f
x8 <- 0x8000000000000000

mem[X,0x0080000000000CC4] -> 0x5C63
mem[X,0x0080000000000CC6] -> 0x0404
[395] [M]: 0x0080000000000CC4 (0x04045C63) bge fp, zero, 0x58

mem[X,0x0080000000000CC8] -> 0xB403
mem[X,0x0080000000000CCA] -> 0x2084
[396] [M]: 0x0080000000000CC8 (0x2084B403) ld fp, 0x208(s1)
mem[R,0x0080000000003208] -> 0x008000000000039C
x8 <- 0x008000000000039C

mem[X,0x0080000000000CCC] -> 0xB583
mem[X,0x0080000000000CCE] -> 0x2104
[397] [M]: 0x0080000000000CCC (0x2104B583) ld a1, 0x210(s1)
mem[R,0x0080000000003210] -> 0x00000000000004B0
x11 <- 0x00000000000004B0

mem[X,0x0080000000000CD0] -> 0x85B3
mem[X,0x0080000000000CD2] -> 0x0085
[398] [M]: 0x0080000000000CD0 (0x008585B3) add a1, a1, fp
x11 <- 0x008000000000084C

mem[X,0x0080000000000CD4] -> 0xF463
mem[X,0x0080000000000CD6] -> 0x00B3
[399] [M]: 0x0080000000000CD4 (0x00B3F463) bgeu t2, a1, 0x8

clint::tick mtime <- 0x0000000000000004
 clint timer pending at mtime 0x0000000000000004
htif::tick 0x0000000000000000
mem[X,0x0080000000000CD8] -> 0xF063
mem[X,0x0080000000000CDA] -> 0x0483
[400] [M]: 0x0080000000000CD8 (0x0483F063) bgeu t2, fp, 0x40

mem[X,0x0080000000000D18] -> 0x8433
mem[X,0x0080000000000D1A] -> 0x4083
[401] [M]: 0x0080000000000D18 (0x40838433) sub fp, t2, fp
x8 <- 0x0000000000000494

mem[X,0x0080000000000D1C] -> 0x3C23
mem[X,0x0080000000000D1E] -> 0x0083
[402] [M]: 0x0080000000000D1C (0x00833C23) sd fp, 0x18(t1)
mem[0x0080000000004338] <- 0x0000000000000494

mem[X,0x0080000000000D20] -> 0x3483
mem[X,0x0080000000000D22] -> 0x2181
[403] [M]: 0x0080000000000D20 (0x21813483) ld s1, 0x218(sp)
mem[R,0x0080000000003218] -> 0x0080000000004340
x9 <- 0x0080000000004340

mem[X,0x0080000000000D24] -> 0x3383
mem[X,0x0080000000000D26] -> 0x1F81
[404] [M]: 0x0080000000000D24 (0x1F813383) ld t2, 0x1f8(sp)
mem[R,0x00800000000031F8] -> 0x0080000000004210
x7 <- 0x0080000000004210

mem[X,0x0080000000000D28] -> 0x3303
mem[X,0x0080000000000D2A] -> 0x2001
[405] [M]: 0x0080000000000D28 (0x20013303) ld t1, 0x200(sp)
mem[R,0x0080000000003200] -> 0x0000000000000520
x6 <- 0x0000000000000520

mem[X,0x0080000000000D2C] -> 0x0333
mem[X,0x0080000000000D2E] -> 0x0073
[406] [M]: 0x0080000000000D2C (0x00730333) add t1, t1, t2
x6 <- 0x0080000000004730

mem[X,0x0080000000000D30] -> 0x62E3
mem[X,0x0080000000000D32] -> 0xB293
[407] [M]: 0x0080000000000D30 (0xB29362E3) bltu t1, s1, -0x4dc

mem[X,0x0080000000000D34] -> 0x0393
mem[X,0x0080000000000D36] -> 0x2000
[408] [M]: 0x0080000000000D34 (0x20000393) addi t2, zero, 0x200
x7 <- 0x0000000000000200

mem[X,0x0080000000000D38] -> 0x006F
mem[X,0x0080000000000D3A] -> 0x0400
[409] [M]: 0x0080000000000D38 (0x0400006F) jal zero, 0x40

mem[X,0x0080000000000D78] -> 0x0417
mem[X,0x0080000000000D7A] -> 0x0000
[410] [M]: 0x0080000000000D78 (0x00000417) auipc fp, 0x0
x8 <- 0x0080000000000D78

mem[X,0x0080000000000D7C] -> 0x0413
mem[X,0x0080000000000D7E] -> 0x03C4
[411] [M]: 0x0080000000000D7C (0x03C40413) addi fp, fp, 0x3c
x8 <- 0x0080000000000DB4

mem[X,0x0080000000000D80] -> 0x0433
mem[X,0x0080000000000D82] -> 0x0074
[412] [M]: 0x0080000000000D80 (0x00740433) add fp, fp, t2
x8 <- 0x0080000000000FB4

mem[X,0x0080000000000D84] -> 0x1393
mem[X,0x0080000000000D86] -> 0x0035
[413] [M]: 0x0080000000000D84 (0x00351393) slli t2, a0, 0x3
x7 <- 0x0000000000000038

mem[X,0x0080000000000D88] -> 0x0433
mem[X,0x0080000000000D8A] -> 0x0074
[414] [M]: 0x0080000000000D88 (0x00740433) add fp, fp, t2
x8 <- 0x0080000000000FEC

mem[X,0x0080000000000D8C] -> 0x7413
mem[X,0x0080000000000D8E] -> 0xFF84
[415] [M]: 0x0080000000000D8C (0xFF847413) andi fp, fp, -0x8
x8 <- 0x0080000000000FE8

mem[X,0x0080000000000D90] -> 0x3403
mem[X,0x0080000000000D92] -> 0x0004
[416] [M]: 0x0080000000000D90 (0x00043403) ld fp, 0x0(fp)
mem[R,0x0080000000000FE8] -> 0x000000000000000F
x8 <- 0x000000000000000F

mem[X,0x0080000000000D94] -> 0x0AE3
mem[X,0x0080000000000D96] -> 0xB404
[417] [M]: 0x0080000000000D94 (0xB4040AE3) beq fp, zero, -0x4ac

mem[X,0x0080000000000D98] -> 0x1393
mem[X,0x0080000000000D9A] -> 0x03F4
[418] [M]: 0x0080000000000D98 (0x03F41393) slli t2, fp, 0x3f
x7 <- 0x8000000000000000

mem[X,0x0080000000000D9C] -> 0xD863
mem[X,0x0080000000000D9E] -> 0x0003
[419] [M]: 0x0080000000000D9C (0x0003D863) bge t2, zero, 0x10

mem[X,0x0080000000000DA0] -> 0x5413
mem[X,0x0080000000000DA2] -> 0x0014
[420] [M]: 0x0080000000000DA0 (0x00145413) srli fp, fp, 0x1
x8 <- 0x0000000000000007

mem[X,0x0080000000000DA4] -> 0x0CE3
mem[X,0x0080000000000DA6] -> 0xF885
[421] [M]: 0x0080000000000DA4 (0xF8850CE3) beq a0, fp, -0x68

mem[X,0x0080000000000D3C] -> 0x3303
mem[X,0x0080000000000D3E] -> 0x2601
[422] [M]: 0x0080000000000D3C (0x26013303) ld t1, 0x260(sp)
mem[R,0x0080000000003260] -> 0x000000001FDDB7D5
x6 <- 0x000000001FDDB7D5

mem[X,0x0080000000000D40] -> 0x3383
mem[X,0x0080000000000D42] -> 0x2681
[423] [M]: 0x0080000000000D40 (0x26813383) ld t2, 0x268(sp)
mem[R,0x0080000000003268] -> 0x00000000003FBB6F
x7 <- 0x00000000003FBB6F

mem[X,0x0080000000000D44] -> 0x3403
mem[X,0x0080000000000D46] -> 0x2701
[424] [M]: 0x0080000000000D44 (0x27013403) ld fp, 0x270(sp)
mem[R,0x0080000000003270] -> 0x0000000000007F76
x8 <- 0x0000000000007F76

mem[X,0x0080000000000D48] -> 0x3483
mem[X,0x0080000000000D4A] -> 0x2781
[425] [M]: 0x0080000000000D48 (0x27813483) ld s1, 0x278(sp)
mem[R,0x0080000000003278] -> 0x00000000000000FE
x9 <- 0x00000000000000FE

mem[X,0x0080000000000D4C] -> 0x3503
mem[X,0x0080000000000D4E] -> 0x2801
[426] [M]: 0x0080000000000D4C (0x28013503) ld a0, 0x280(sp)
mem[R,0x0080000000003280] -> 0x0000000000000001
x10 <- 0x0000000000000001

mem[X,0x0080000000000D50] -> 0x3583
mem[X,0x0080000000000D52] -> 0x2881
[427] [M]: 0x0080000000000D50 (0x28813583) ld a1, 0x288(sp)
mem[R,0x0080000000003288] -> 0x0000000000000000
x11 <- 0x0000000000000000

mem[X,0x0080000000000D54] -> 0x3103
mem[X,0x0080000000000D56] -> 0x2901
[428] [M]: 0x0080000000000D54 (0x29013103) ld sp, 0x290(sp)
mem[R,0x0080000000003290] -> 0x01FDDB7D5BFDDB7F
x2 <- 0x01FDDB7D5BFDDB7F

mem[X,0x0080000000000D58] -> 0x0073
mem[X,0x0080000000000D5A] -> 0x3020
[429] [M]: 0x0080000000000D58 (0x30200073) mret
CSR mstatus <- 0x0000000A00000080
ret-ing from M to M

mem[X,0x00800000000005CC] -> 0x0013
mem[X,0x00800000000005CE] -> 0x0000
[430] [M]: 0x00800000000005CC (0x00000013) addi zero, zero, 0x0

mem[X,0x00800000000005D0] -> 0x9023
mem[X,0x00800000000005D2] -> 0x00E7
[431] [M]: 0x00800000000005D0 (0x00E79023) sh a4, 0x0(a5)
trapping from M to M to handle store/amo-access-fault
handling exc#0x07 at priv M with tval 0x0080000000000830
CSR mstatus <- 0x0000000A00001800

mem[X,0x0080000000000940] -> 0x006F
mem[X,0x0080000000000942] -> 0x1000
[432] [M]: 0x0080000000000940 (0x1000006F) jal zero, 0x100

mem[X,0x0080000000000A40] -> 0x1173
mem[X,0x0080000000000A42] -> 0x3401
[433] [M]: 0x0080000000000A40 (0x34011173) csrrw sp, mscratch, sp
CSR mscratch <- 0x01FDDB7D5BFDDB7F (input: 0x01FDDB7D5BFDDB7F)
x2 <- 0x0080000000003000

mem[X,0x0080000000000A44] -> 0x3423
mem[X,0x0080000000000A46] -> 0x28B1
[434] [M]: 0x0080000000000A44 (0x28B13423) sd a1, 0x288(sp)
mem[0x0080000000003288] <- 0x0000000000000000

mem[X,0x0080000000000A48] -> 0x05EF
mem[X,0x0080000000000A4A] -> 0x0B80
[435] [M]: 0x0080000000000A48 (0x0B8005EF) jal a1, 0xb8
x11 <- 0x0080000000000A4C

mem[X,0x0080000000000B00] -> 0x3023
mem[X,0x0080000000000B02] -> 0x28A1
[436] [M]: 0x0080000000000B00 (0x28A13023) sd a0, 0x280(sp)
mem[0x0080000000003280] <- 0x0000000000000001

mem[X,0x0080000000000B04] -> 0x1573
mem[X,0x0080000000000B06] -> 0x3401
[437] [M]: 0x0080000000000B04 (0x34011573) csrrw a0, mscratch, sp
CSR mscratch <- 0x0080000000003000 (input: 0x0080000000003000)
x10 <- 0x01FDDB7D5BFDDB7F

mem[X,0x0080000000000B08] -> 0x3823
mem[X,0x0080000000000B0A] -> 0x28A1
[438] [M]: 0x0080000000000B08 (0x28A13823) sd a0, 0x290(sp)
mem[0x0080000000003290] <- 0x01FDDB7D5BFDDB7F

mem[X,0x0080000000000B0C] -> 0x3503
mem[X,0x0080000000000B0E] -> 0x2301
[439] [M]: 0x0080000000000B0C (0x23013503) ld a0, 0x230(sp)
mem[R,0x0080000000003230] -> 0x0080000000000B14
x10 <- 0x0080000000000B14

mem[X,0x0080000000000B10] -> 0x0067
mem[X,0x0080000000000B12] -> 0x0005
[440] [M]: 0x0080000000000B10 (0x00050067) jalr zero, 0x0(a0)

mem[X,0x0080000000000B14] -> 0x3C23
mem[X,0x0080000000000B16] -> 0x2691
[441] [M]: 0x0080000000000B14 (0x26913C23) sd s1, 0x278(sp)
mem[0x0080000000003278] <- 0x00000000000000FE

mem[X,0x0080000000000B18] -> 0x3823
mem[X,0x0080000000000B1A] -> 0x2681
[442] [M]: 0x0080000000000B18 (0x26813823) sd fp, 0x270(sp)
mem[0x0080000000003270] <- 0x0000000000007F76

mem[X,0x0080000000000B1C] -> 0x3423
mem[X,0x0080000000000B1E] -> 0x2671
[443] [M]: 0x0080000000000B1C (0x26713423) sd t2, 0x268(sp)
mem[0x0080000000003268] <- 0x00000000003FBB6F

mem[X,0x0080000000000B20] -> 0x3023
mem[X,0x0080000000000B22] -> 0x2661
[444] [M]: 0x0080000000000B20 (0x26613023) sd t1, 0x260(sp)
mem[0x0080000000003260] <- 0x000000001FDDB7D5

mem[X,0x0080000000000B24] -> 0x2573
mem[X,0x0080000000000B26] -> 0x3420
[445] [M]: 0x0080000000000B24 (0x34202573) csrrs a0, mcause, zero
CSR mcause -> 0x0000000000000007
x10 <- 0x0000000000000007

mem[X,0x0080000000000B28] -> 0x04B7
mem[X,0x0080000000000B2A] -> 0x8000
[446] [M]: 0x0080000000000B28 (0x800004B7) lui s1, -0x80000
x9 <- 0xFFFFFFFF80000000

mem[X,0x0080000000000B2C] -> 0x8493
mem[X,0x0080000000000B2E] -> 0x0004
[447] [M]: 0x0080000000000B2C (0x00048493) addi s1, s1, 0x0
x9 <- 0xFFFFFFFF80000000

mem[X,0x0080000000000B30] -> 0x9493
mem[X,0x0080000000000B32] -> 0x00B4
[448] [M]: 0x0080000000000B30 (0x00B49493) slli s1, s1, 0xb
x9 <- 0xFFFFFC0000000000

mem[X,0x0080000000000B34] -> 0x8493
mem[X,0x0080000000000B36] -> 0x0004
[449] [M]: 0x0080000000000B34 (0x00048493) addi s1, s1, 0x0
x9 <- 0xFFFFFC0000000000

mem[X,0x0080000000000B38] -> 0x9493
mem[X,0x0080000000000B3A] -> 0x00B4
[450] [M]: 0x0080000000000B38 (0x00B49493) slli s1, s1, 0xb
x9 <- 0xFFE0000000000000

mem[X,0x0080000000000B3C] -> 0x8493
mem[X,0x0080000000000B3E] -> 0x0034
[451] [M]: 0x0080000000000B3C (0x00348493) addi s1, s1, 0x3
x9 <- 0xFFE0000000000003

mem[X,0x0080000000000B40] -> 0x9493
mem[X,0x0080000000000B42] -> 0x00A4
[452] [M]: 0x0080000000000B40 (0x00A49493) slli s1, s1, 0xa
x9 <- 0x8000000000000C00

mem[X,0x0080000000000B44] -> 0x8493
mem[X,0x0080000000000B46] -> 0x3FC4
[453] [M]: 0x0080000000000B44 (0x3FC48493) addi s1, s1, 0x3fc
x9 <- 0x8000000000000FFC

mem[X,0x0080000000000B48] -> 0xF4B3
mem[X,0x0080000000000B4A] -> 0x00A4
[454] [M]: 0x0080000000000B48 (0x00A4F4B3) and s1, s1, a0
x9 <- 0x0000000000000004

mem[X,0x0080000000000B4C] -> 0x8493
mem[X,0x0080000000000B4E] -> 0xFF84
[455] [M]: 0x0080000000000B4C (0xFF848493) addi s1, s1, -0x8
x9 <- 0xFFFFFFFFFFFFFFFC

mem[X,0x0080000000000B50] -> 0x9663
mem[X,0x0080000000000B52] -> 0x0004
[456] [M]: 0x0080000000000B50 (0x00049663) bne s1, zero, 0xc

mem[X,0x0080000000000B5C] -> 0x0393
mem[X,0x0080000000000B5E] -> 0x0200
[457] [M]: 0x0080000000000B5C (0x02000393) addi t2, zero, 0x20
x7 <- 0x0000000000000020

mem[X,0x0080000000000B60] -> 0x5263
mem[X,0x0080000000000B62] -> 0x0405
[458] [M]: 0x0080000000000B60 (0x04055263) bge a0, zero, 0x44

mem[X,0x0080000000000BA4] -> 0x2373
mem[X,0x0080000000000BA6] -> 0x3010
[459] [M]: 0x0080000000000BA4 (0x30102373) csrrs t1, misa, zero
CSR misa -> 0x800000000034112D
x6 <- 0x800000000034112D

mem[X,0x0080000000000BA8] -> 0x1313
mem[X,0x0080000000000BAA] -> 0x0383
[460] [M]: 0x0080000000000BA8 (0x03831313) slli t1, t1, 0x38
x6 <- 0x2D00000000000000

mem[X,0x0080000000000BAC] -> 0x5463
mem[X,0x0080000000000BAE] -> 0x0003
[461] [M]: 0x0080000000000BAC (0x00035463) bge t1, zero, 0x8

mem[X,0x0080000000000BB4] -> 0x3303
mem[X,0x0080000000000BB6] -> 0x2181
[462] [M]: 0x0080000000000BB4 (0x21813303) ld t1, 0x218(sp)
mem[R,0x0080000000003218] -> 0x0080000000004340
x6 <- 0x0080000000004340

mem[X,0x0080000000000BB8] -> 0x04B3
mem[X,0x0080000000000BBA] -> 0x0073
[463] [M]: 0x0080000000000BB8 (0x007304B3) add s1, t1, t2
x9 <- 0x0080000000004360

mem[X,0x0080000000000BBC] -> 0x3C23
mem[X,0x0080000000000BBE] -> 0x2091
[464] [M]: 0x0080000000000BBC (0x20913C23) sd s1, 0x218(sp)
mem[0x0080000000003218] <- 0x0080000000004360

mem[X,0x0080000000000BC0] -> 0x3403
mem[X,0x0080000000000BC2] -> 0x1F81
[465] [M]: 0x0080000000000BC0 (0x1F813403) ld fp, 0x1f8(sp)
mem[R,0x00800000000031F8] -> 0x0080000000004210
x8 <- 0x0080000000004210

mem[X,0x0080000000000BC4] -> 0x0333
mem[X,0x0080000000000BC6] -> 0x4083
[466] [M]: 0x0080000000000BC4 (0x40830333) sub t1, t1, fp
x6 <- 0x0000000000000130

mem[X,0x0080000000000BC8] -> 0x3403
mem[X,0x0080000000000BCA] -> 0x1F81
[467] [M]: 0x0080000000000BC8 (0x1F813403) ld fp, 0x1f8(sp)
mem[R,0x00800000000031F8] -> 0x0080000000004210
x8 <- 0x0080000000004210

mem[X,0x0080000000000BCC] -> 0x0333
mem[X,0x0080000000000BCE] -> 0x0083
[468] [M]: 0x0080000000000BCC (0x00830333) add t1, t1, fp
x6 <- 0x0080000000004340

mem[X,0x0080000000000BD0] -> 0x3403
mem[X,0x0080000000000BD2] -> 0x2401
[469] [M]: 0x0080000000000BD0 (0x24013403) ld fp, 0x240(sp)
mem[R,0x0080000000003240] -> 0x0080000000000940
x8 <- 0x0080000000000940

mem[X,0x0080000000000BD4] -> 0x85B3
mem[X,0x0080000000000BD6] -> 0x4085
[470] [M]: 0x0080000000000BD4 (0x408585B3) sub a1, a1, fp
x11 <- 0x000000000000010C

mem[X,0x0080000000000BD8] -> 0x9593
mem[X,0x0080000000000BDA] -> 0x0045
[471] [M]: 0x0080000000000BD8 (0x00459593) slli a1, a1, 0x4
x11 <- 0x00000000000010C0

mem[X,0x0080000000000BDC] -> 0xE5B3
mem[X,0x0080000000000BDE] -> 0x0075
[472] [M]: 0x0080000000000BDC (0x0075E5B3) or a1, a1, t2
x11 <- 0x00000000000010E0

mem[X,0x0080000000000BE0] -> 0x8593
mem[X,0x0080000000000BE2] -> 0x0035
[473] [M]: 0x0080000000000BE0 (0x00358593) addi a1, a1, 0x3
x11 <- 0x00000000000010E3

mem[X,0x0080000000000BE4] -> 0x3023
mem[X,0x0080000000000BE6] -> 0x00B3
[474] [M]: 0x0080000000000BE4 (0x00B33023) sd a1, 0x0(t1)
mem[0x0080000000004340] <- 0x00000000000010E3

mem[X,0x0080000000000BE8] -> 0x3423
mem[X,0x0080000000000BEA] -> 0x00A3
[475] [M]: 0x0080000000000BE8 (0x00A33423) sd a0, 0x8(t1)
mem[0x0080000000004348] <- 0x0000000000000007

mem[X,0x0080000000000BEC] -> 0x4863
mem[X,0x0080000000000BEE] -> 0x1605
[476] [M]: 0x0080000000000BEC (0x16054863) blt a0, zero, 0x170

mem[X,0x0080000000000BF0] -> 0x25F3
mem[X,0x0080000000000BF2] -> 0x3000
[477] [M]: 0x0080000000000BF0 (0x300025F3) csrrs a1, mstatus, zero
CSR mstatus -> 0x0000000A00001800
x11 <- 0x0000000A00001800

mem[X,0x0080000000000BF4] -> 0x9413
mem[X,0x0080000000000BF6] -> 0x02E5
[478] [M]: 0x0080000000000BF4 (0x02E59413) slli fp, a1, 0x2e
x8 <- 0x0600000000000000

mem[X,0x0080000000000BF8] -> 0x5463
mem[X,0x0080000000000BFA] -> 0x0004
[479] [M]: 0x0080000000000BF8 (0x00045463) bge fp, zero, 0x8

mem[X,0x0080000000000C00] -> 0xD493
mem[X,0x0080000000000C02] -> 0x00B5
[480] [M]: 0x0080000000000C00 (0x00B5D493) srli s1, a1, 0xb
x9 <- 0x0000000001400003

mem[X,0x0080000000000C04] -> 0xF493
mem[X,0x0080000000000C06] -> 0x0034
[481] [M]: 0x0080000000000C04 (0x0034F493) andi s1, s1, 0x3
x9 <- 0x0000000000000003

mem[X,0x0080000000000C08] -> 0x8493
mem[X,0x0080000000000C0A] -> 0x0014
[482] [M]: 0x0080000000000C08 (0x00148493) addi s1, s1, 0x1
x9 <- 0x0000000000000004

mem[X,0x0080000000000C0C] -> 0xF493
mem[X,0x0080000000000C0E] -> 0x0044
[483] [M]: 0x0080000000000C0C (0x0044F493) andi s1, s1, 0x4
x9 <- 0x0000000000000004

mem[X,0x0080000000000C10] -> 0x0593
mem[X,0x0080000000000C12] -> 0x05D0
[484] [M]: 0x0080000000000C10 (0x05D00593) addi a1, zero, 0x5d
x11 <- 0x000000000000005D

mem[X,0x0080000000000C14] -> 0xD5B3
mem[X,0x0080000000000C16] -> 0x0095
[485] [M]: 0x0080000000000C14 (0x0095D5B3) srl a1, a1, s1
x11 <- 0x0000000000000005

mem[X,0x0080000000000C18] -> 0xF593
mem[X,0x0080000000000C1A] -> 0x0015
[486] [M]: 0x0080000000000C18 (0x0015F593) andi a1, a1, 0x1
x11 <- 0x0000000000000001

mem[X,0x0080000000000C1C] -> 0x8EE3
mem[X,0x0080000000000C1E] -> 0xF405
[487] [M]: 0x0080000000000C1C (0xF4058EE3) beq a1, zero, -0xa4

mem[X,0x0080000000000C20] -> 0x0593
mem[X,0x0080000000000C22] -> 0x2980
[488] [M]: 0x0080000000000C20 (0x29800593) addi a1, zero, 0x298
x11 <- 0x0000000000000298

mem[X,0x0080000000000C24] -> 0xF413
mem[X,0x0080000000000C26] -> 0x0014
[489] [M]: 0x0080000000000C24 (0x0014F413) andi fp, s1, 0x1
x8 <- 0x0000000000000000

mem[X,0x0080000000000C28] -> 0x95B3
mem[X,0x0080000000000C2A] -> 0x0085
[490] [M]: 0x0080000000000C28 (0x008595B3) sll a1, a1, fp
x11 <- 0x0000000000000298

mem[X,0x0080000000000C2C] -> 0x9413
mem[X,0x0080000000000C2E] -> 0x03D4
[491] [M]: 0x0080000000000C2C (0x03D49413) slli fp, s1, 0x3d
x8 <- 0x8000000000000000

mem[X,0x0080000000000C30] -> 0x5413
mem[X,0x0080000000000C32] -> 0x43F4
[492] [M]: 0x0080000000000C30 (0x43F45413) srai fp, fp, 0x3f
x8 <- 0xFFFFFFFFFFFFFFFF

mem[X,0x0080000000000C34] -> 0x4413
mem[X,0x0080000000000C36] -> 0xFFF4
[493] [M]: 0x0080000000000C34 (0xFFF44413) xori fp, fp, -0x1
x8 <- 0x0000000000000000

mem[X,0x0080000000000C38] -> 0xF4B3
mem[X,0x0080000000000C3A] -> 0x0085
[494] [M]: 0x0080000000000C38 (0x0085F4B3) and s1, a1, fp
x9 <- 0x0000000000000000

mem[X,0x0080000000000C3C] -> 0x84B3
mem[X,0x0080000000000C3E] -> 0x0024
[495] [M]: 0x0080000000000C3C (0x002484B3) add s1, s1, sp
x9 <- 0x0080000000003000

mem[X,0x0080000000000C40] -> 0x23F3
mem[X,0x0080000000000C42] -> 0x3410
[496] [M]: 0x0080000000000C40 (0x341023F3) csrrs t2, mepc, zero
CSR mepc -> 0x00800000000005D0
x7 <- 0x00800000000005D0

mem[X,0x0080000000000C44] -> 0xB403
mem[X,0x0080000000000C46] -> 0x2084
[497] [M]: 0x0080000000000C44 (0x2084B403) ld fp, 0x208(s1)
mem[R,0x0080000000003208] -> 0x008000000000039C
x8 <- 0x008000000000039C

mem[X,0x0080000000000C48] -> 0xB583
mem[X,0x0080000000000C4A] -> 0x2104
[498] [M]: 0x0080000000000C48 (0x2104B583) ld a1, 0x210(s1)
mem[R,0x0080000000003210] -> 0x00000000000004B0
x11 <- 0x00000000000004B0

mem[X,0x0080000000000C4C] -> 0x85B3
mem[X,0x0080000000000C4E] -> 0x0085
[499] [M]: 0x0080000000000C4C (0x008585B3) add a1, a1, fp
x11 <- 0x008000000000084C

clint::tick mtime <- 0x0000000000000005
 clint timer pending at mtime 0x0000000000000005
htif::tick 0x0000000000000000
mem[X,0x0080000000000C50] -> 0xF463
mem[X,0x0080000000000C52] -> 0x00B3
[500] [M]: 0x0080000000000C50 (0x00B3F463) bgeu t2, a1, 0x8

mem[X,0x0080000000000C54] -> 0xF663
mem[X,0x0080000000000C56] -> 0x0283
[501] [M]: 0x0080000000000C54 (0x0283F663) bgeu t2, fp, 0x2c

mem[X,0x0080000000000C80] -> 0x8433
mem[X,0x0080000000000C82] -> 0x4083
[502] [M]: 0x0080000000000C80 (0x40838433) sub fp, t2, fp
x8 <- 0x0000000000000234

mem[X,0x0080000000000C84] -> 0x3823
mem[X,0x0080000000000C86] -> 0x0083
[503] [M]: 0x0080000000000C84 (0x00833823) sd fp, 0x10(t1)
mem[0x0080000000004350] <- 0x0000000000000234

mem[X,0x0080000000000C88] -> 0xF593
mem[X,0x0080000000000C8A] -> 0xFFC3
[504] [M]: 0x0080000000000C88 (0xFFC3F593) andi a1, t2, -0x4
x11 <- 0x00800000000005D0

mem[X,0x0080000000000C8C] -> 0x8593
mem[X,0x0080000000000C8E] -> 0x0085
[505] [M]: 0x0080000000000C8C (0x00858593) addi a1, a1, 0x8
x11 <- 0x00800000000005D8

mem[X,0x0080000000000C90] -> 0x9073
mem[X,0x0080000000000C92] -> 0x3415
[506] [M]: 0x0080000000000C90 (0x34159073) csrrw zero, mepc, a1
CSR mepc <- 0x00800000000005D8 (input: 0x00800000000005D8)

mem[X,0x0080000000000C94] -> 0x23F3
mem[X,0x0080000000000C96] -> 0x3430
[507] [M]: 0x0080000000000C94 (0x343023F3) csrrs t2, mtval, zero
CSR mtval -> 0x0080000000000830
x7 <- 0x0080000000000830

mem[X,0x0080000000000C98] -> 0x7513
mem[X,0x0080000000000C9A] -> 0x00F5
[508] [M]: 0x0080000000000C98 (0x00F57513) andi a0, a0, 0xf
x10 <- 0x0000000000000007

mem[X,0x0080000000000C9C] -> 0x0437
mem[X,0x0080000000000C9E] -> 0x0000
[509] [M]: 0x0080000000000C9C (0x00000437) lui fp, 0x0
x8 <- 0x0000000000000000

mem[X,0x0080000000000CA0] -> 0x0413
mem[X,0x0080000000000CA2] -> 0x0004
[510] [M]: 0x0080000000000CA0 (0x00040413) addi fp, fp, 0x0
x8 <- 0x0000000000000000

mem[X,0x0080000000000CA4] -> 0x1413
mem[X,0x0080000000000CA6] -> 0x00B4
[511] [M]: 0x0080000000000CA4 (0x00B41413) slli fp, fp, 0xb
x8 <- 0x0000000000000000

mem[X,0x0080000000000CA8] -> 0x0413
mem[X,0x0080000000000CAA] -> 0x0004
[512] [M]: 0x0080000000000CA8 (0x00040413) addi fp, fp, 0x0
x8 <- 0x0000000000000000

mem[X,0x0080000000000CAC] -> 0x1413
mem[X,0x0080000000000CAE] -> 0x00B4
[513] [M]: 0x0080000000000CAC (0x00B41413) slli fp, fp, 0xb
x8 <- 0x0000000000000000

mem[X,0x0080000000000CB0] -> 0x0413
mem[X,0x0080000000000CB2] -> 0x02C4
[514] [M]: 0x0080000000000CB0 (0x02C40413) addi fp, fp, 0x2c
x8 <- 0x000000000000002C

mem[X,0x0080000000000CB4] -> 0x1413
mem[X,0x0080000000000CB6] -> 0x00A4
[515] [M]: 0x0080000000000CB4 (0x00A41413) slli fp, fp, 0xa
x8 <- 0x000000000000B000

mem[X,0x0080000000000CB8] -> 0x0413
mem[X,0x0080000000000CBA] -> 0x0FB4
[516] [M]: 0x0080000000000CB8 (0x0FB40413) addi fp, fp, 0xfb
x8 <- 0x000000000000B0FB

mem[X,0x0080000000000CBC] -> 0x5433
mem[X,0x0080000000000CBE] -> 0x00A4
[517] [M]: 0x0080000000000CBC (0x00A45433) srl fp, fp, a0
x8 <- 0x0000000000000161

mem[X,0x0080000000000CC0] -> 0x1413
mem[X,0x0080000000000CC2] -> 0x03F4
[518] [M]: 0x0080000000000CC0 (0x03F41413) slli fp, fp, 0x3f
x8 <- 0x8000000000000000

mem[X,0x0080000000000CC4] -> 0x5C63
mem[X,0x0080000000000CC6] -> 0x0404
[519] [M]: 0x0080000000000CC4 (0x04045C63) bge fp, zero, 0x58

mem[X,0x0080000000000CC8] -> 0xB403
mem[X,0x0080000000000CCA] -> 0x2084
[520] [M]: 0x0080000000000CC8 (0x2084B403) ld fp, 0x208(s1)
mem[R,0x0080000000003208] -> 0x008000000000039C
x8 <- 0x008000000000039C

mem[X,0x0080000000000CCC] -> 0xB583
mem[X,0x0080000000000CCE] -> 0x2104
[521] [M]: 0x0080000000000CCC (0x2104B583) ld a1, 0x210(s1)
mem[R,0x0080000000003210] -> 0x00000000000004B0
x11 <- 0x00000000000004B0

mem[X,0x0080000000000CD0] -> 0x85B3
mem[X,0x0080000000000CD2] -> 0x0085
[522] [M]: 0x0080000000000CD0 (0x008585B3) add a1, a1, fp
x11 <- 0x008000000000084C

mem[X,0x0080000000000CD4] -> 0xF463
mem[X,0x0080000000000CD6] -> 0x00B3
[523] [M]: 0x0080000000000CD4 (0x00B3F463) bgeu t2, a1, 0x8

mem[X,0x0080000000000CD8] -> 0xF063
mem[X,0x0080000000000CDA] -> 0x0483
[524] [M]: 0x0080000000000CD8 (0x0483F063) bgeu t2, fp, 0x40

mem[X,0x0080000000000D18] -> 0x8433
mem[X,0x0080000000000D1A] -> 0x4083
[525] [M]: 0x0080000000000D18 (0x40838433) sub fp, t2, fp
x8 <- 0x0000000000000494

mem[X,0x0080000000000D1C] -> 0x3C23
mem[X,0x0080000000000D1E] -> 0x0083
[526] [M]: 0x0080000000000D1C (0x00833C23) sd fp, 0x18(t1)
mem[0x0080000000004358] <- 0x0000000000000494

mem[X,0x0080000000000D20] -> 0x3483
mem[X,0x0080000000000D22] -> 0x2181
[527] [M]: 0x0080000000000D20 (0x21813483) ld s1, 0x218(sp)
mem[R,0x0080000000003218] -> 0x0080000000004360
x9 <- 0x0080000000004360

mem[X,0x0080000000000D24] -> 0x3383
mem[X,0x0080000000000D26] -> 0x1F81
[528] [M]: 0x0080000000000D24 (0x1F813383) ld t2, 0x1f8(sp)
mem[R,0x00800000000031F8] -> 0x0080000000004210
x7 <- 0x0080000000004210

mem[X,0x0080000000000D28] -> 0x3303
mem[X,0x0080000000000D2A] -> 0x2001
[529] [M]: 0x0080000000000D28 (0x20013303) ld t1, 0x200(sp)
mem[R,0x0080000000003200] -> 0x0000000000000520
x6 <- 0x0000000000000520

mem[X,0x0080000000000D2C] -> 0x0333
mem[X,0x0080000000000D2E] -> 0x0073
[530] [M]: 0x0080000000000D2C (0x00730333) add t1, t1, t2
x6 <- 0x0080000000004730

mem[X,0x0080000000000D30] -> 0x62E3
mem[X,0x0080000000000D32] -> 0xB293
[531] [M]: 0x0080000000000D30 (0xB29362E3) bltu t1, s1, -0x4dc

mem[X,0x0080000000000D34] -> 0x0393
mem[X,0x0080000000000D36] -> 0x2000
[532] [M]: 0x0080000000000D34 (0x20000393) addi t2, zero, 0x200
x7 <- 0x0000000000000200

mem[X,0x0080000000000D38] -> 0x006F
mem[X,0x0080000000000D3A] -> 0x0400
[533] [M]: 0x0080000000000D38 (0x0400006F) jal zero, 0x40

mem[X,0x0080000000000D78] -> 0x0417
mem[X,0x0080000000000D7A] -> 0x0000
[534] [M]: 0x0080000000000D78 (0x00000417) auipc fp, 0x0
x8 <- 0x0080000000000D78

mem[X,0x0080000000000D7C] -> 0x0413
mem[X,0x0080000000000D7E] -> 0x03C4
[535] [M]: 0x0080000000000D7C (0x03C40413) addi fp, fp, 0x3c
x8 <- 0x0080000000000DB4

mem[X,0x0080000000000D80] -> 0x0433
mem[X,0x0080000000000D82] -> 0x0074
[536] [M]: 0x0080000000000D80 (0x00740433) add fp, fp, t2
x8 <- 0x0080000000000FB4

mem[X,0x0080000000000D84] -> 0x1393
mem[X,0x0080000000000D86] -> 0x0035
[537] [M]: 0x0080000000000D84 (0x00351393) slli t2, a0, 0x3
x7 <- 0x0000000000000038

mem[X,0x0080000000000D88] -> 0x0433
mem[X,0x0080000000000D8A] -> 0x0074
[538] [M]: 0x0080000000000D88 (0x00740433) add fp, fp, t2
x8 <- 0x0080000000000FEC

mem[X,0x0080000000000D8C] -> 0x7413
mem[X,0x0080000000000D8E] -> 0xFF84
[539] [M]: 0x0080000000000D8C (0xFF847413) andi fp, fp, -0x8
x8 <- 0x0080000000000FE8

mem[X,0x0080000000000D90] -> 0x3403
mem[X,0x0080000000000D92] -> 0x0004
[540] [M]: 0x0080000000000D90 (0x00043403) ld fp, 0x0(fp)
mem[R,0x0080000000000FE8] -> 0x000000000000000F
x8 <- 0x000000000000000F

mem[X,0x0080000000000D94] -> 0x0AE3
mem[X,0x0080000000000D96] -> 0xB404
[541] [M]: 0x0080000000000D94 (0xB4040AE3) beq fp, zero, -0x4ac

mem[X,0x0080000000000D98] -> 0x1393
mem[X,0x0080000000000D9A] -> 0x03F4
[542] [M]: 0x0080000000000D98 (0x03F41393) slli t2, fp, 0x3f
x7 <- 0x8000000000000000

mem[X,0x0080000000000D9C] -> 0xD863
mem[X,0x0080000000000D9E] -> 0x0003
[543] [M]: 0x0080000000000D9C (0x0003D863) bge t2, zero, 0x10

mem[X,0x0080000000000DA0] -> 0x5413
mem[X,0x0080000000000DA2] -> 0x0014
[544] [M]: 0x0080000000000DA0 (0x00145413) srli fp, fp, 0x1
x8 <- 0x0000000000000007

mem[X,0x0080000000000DA4] -> 0x0CE3
mem[X,0x0080000000000DA6] -> 0xF885
[545] [M]: 0x0080000000000DA4 (0xF8850CE3) beq a0, fp, -0x68

mem[X,0x0080000000000D3C] -> 0x3303
mem[X,0x0080000000000D3E] -> 0x2601
[546] [M]: 0x0080000000000D3C (0x26013303) ld t1, 0x260(sp)
mem[R,0x0080000000003260] -> 0x000000001FDDB7D5
x6 <- 0x000000001FDDB7D5

mem[X,0x0080000000000D40] -> 0x3383
mem[X,0x0080000000000D42] -> 0x2681
[547] [M]: 0x0080000000000D40 (0x26813383) ld t2, 0x268(sp)
mem[R,0x0080000000003268] -> 0x00000000003FBB6F
x7 <- 0x00000000003FBB6F

mem[X,0x0080000000000D44] -> 0x3403
mem[X,0x0080000000000D46] -> 0x2701
[548] [M]: 0x0080000000000D44 (0x27013403) ld fp, 0x270(sp)
mem[R,0x0080000000003270] -> 0x0000000000007F76
x8 <- 0x0000000000007F76

mem[X,0x0080000000000D48] -> 0x3483
mem[X,0x0080000000000D4A] -> 0x2781
[549] [M]: 0x0080000000000D48 (0x27813483) ld s1, 0x278(sp)
mem[R,0x0080000000003278] -> 0x00000000000000FE
x9 <- 0x00000000000000FE

mem[X,0x0080000000000D4C] -> 0x3503
mem[X,0x0080000000000D4E] -> 0x2801
[550] [M]: 0x0080000000000D4C (0x28013503) ld a0, 0x280(sp)
mem[R,0x0080000000003280] -> 0x0000000000000001
x10 <- 0x0000000000000001

mem[X,0x0080000000000D50] -> 0x3583
mem[X,0x0080000000000D52] -> 0x2881
[551] [M]: 0x0080000000000D50 (0x28813583) ld a1, 0x288(sp)
mem[R,0x0080000000003288] -> 0x0000000000000000
x11 <- 0x0000000000000000

mem[X,0x0080000000000D54] -> 0x3103
mem[X,0x0080000000000D56] -> 0x2901
[552] [M]: 0x0080000000000D54 (0x29013103) ld sp, 0x290(sp)
mem[R,0x0080000000003290] -> 0x01FDDB7D5BFDDB7F
x2 <- 0x01FDDB7D5BFDDB7F

mem[X,0x0080000000000D58] -> 0x0073
mem[X,0x0080000000000D5A] -> 0x3020
[553] [M]: 0x0080000000000D58 (0x30200073) mret
CSR mstatus <- 0x0000000A00000080
ret-ing from M to M

mem[X,0x00800000000005D8] -> 0x0013
mem[X,0x00800000000005DA] -> 0x0000
[554] [M]: 0x00800000000005D8 (0x00000013) addi zero, zero, 0x0

mem[X,0x00800000000005DC] -> 0xA023
mem[X,0x00800000000005DE] -> 0x00E7
[555] [M]: 0x00800000000005DC (0x00E7A023) sw a4, 0x0(a5)
trapping from M to M to handle store/amo-access-fault
handling exc#0x07 at priv M with tval 0x0080000000000830
CSR mstatus <- 0x0000000A00001800

mem[X,0x0080000000000940] -> 0x006F
mem[X,0x0080000000000942] -> 0x1000
[556] [M]: 0x0080000000000940 (0x1000006F) jal zero, 0x100

mem[X,0x0080000000000A40] -> 0x1173
mem[X,0x0080000000000A42] -> 0x3401
[557] [M]: 0x0080000000000A40 (0x34011173) csrrw sp, mscratch, sp
CSR mscratch <- 0x01FDDB7D5BFDDB7F (input: 0x01FDDB7D5BFDDB7F)
x2 <- 0x0080000000003000

mem[X,0x0080000000000A44] -> 0x3423
mem[X,0x0080000000000A46] -> 0x28B1
[558] [M]: 0x0080000000000A44 (0x28B13423) sd a1, 0x288(sp)
mem[0x0080000000003288] <- 0x0000000000000000

mem[X,0x0080000000000A48] -> 0x05EF
mem[X,0x0080000000000A4A] -> 0x0B80
[559] [M]: 0x0080000000000A48 (0x0B8005EF) jal a1, 0xb8
x11 <- 0x0080000000000A4C

mem[X,0x0080000000000B00] -> 0x3023
mem[X,0x0080000000000B02] -> 0x28A1
[560] [M]: 0x0080000000000B00 (0x28A13023) sd a0, 0x280(sp)
mem[0x0080000000003280] <- 0x0000000000000001

mem[X,0x0080000000000B04] -> 0x1573
mem[X,0x0080000000000B06] -> 0x3401
[561] [M]: 0x0080000000000B04 (0x34011573) csrrw a0, mscratch, sp
CSR mscratch <- 0x0080000000003000 (input: 0x0080000000003000)
x10 <- 0x01FDDB7D5BFDDB7F

mem[X,0x0080000000000B08] -> 0x3823
mem[X,0x0080000000000B0A] -> 0x28A1
[562] [M]: 0x0080000000000B08 (0x28A13823) sd a0, 0x290(sp)
mem[0x0080000000003290] <- 0x01FDDB7D5BFDDB7F

mem[X,0x0080000000000B0C] -> 0x3503
mem[X,0x0080000000000B0E] -> 0x2301
[563] [M]: 0x0080000000000B0C (0x23013503) ld a0, 0x230(sp)
mem[R,0x0080000000003230] -> 0x0080000000000B14
x10 <- 0x0080000000000B14

mem[X,0x0080000000000B10] -> 0x0067
mem[X,0x0080000000000B12] -> 0x0005
[564] [M]: 0x0080000000000B10 (0x00050067) jalr zero, 0x0(a0)

mem[X,0x0080000000000B14] -> 0x3C23
mem[X,0x0080000000000B16] -> 0x2691
[565] [M]: 0x0080000000000B14 (0x26913C23) sd s1, 0x278(sp)
mem[0x0080000000003278] <- 0x00000000000000FE

mem[X,0x0080000000000B18] -> 0x3823
mem[X,0x0080000000000B1A] -> 0x2681
[566] [M]: 0x0080000000000B18 (0x26813823) sd fp, 0x270(sp)
mem[0x0080000000003270] <- 0x0000000000007F76

mem[X,0x0080000000000B1C] -> 0x3423
mem[X,0x0080000000000B1E] -> 0x2671
[567] [M]: 0x0080000000000B1C (0x26713423) sd t2, 0x268(sp)
mem[0x0080000000003268] <- 0x00000000003FBB6F

mem[X,0x0080000000000B20] -> 0x3023
mem[X,0x0080000000000B22] -> 0x2661
[568] [M]: 0x0080000000000B20 (0x26613023) sd t1, 0x260(sp)
mem[0x0080000000003260] <- 0x000000001FDDB7D5

mem[X,0x0080000000000B24] -> 0x2573
mem[X,0x0080000000000B26] -> 0x3420
[569] [M]: 0x0080000000000B24 (0x34202573) csrrs a0, mcause, zero
CSR mcause -> 0x0000000000000007
x10 <- 0x0000000000000007

mem[X,0x0080000000000B28] -> 0x04B7
mem[X,0x0080000000000B2A] -> 0x8000
[570] [M]: 0x0080000000000B28 (0x800004B7) lui s1, -0x80000
x9 <- 0xFFFFFFFF80000000

mem[X,0x0080000000000B2C] -> 0x8493
mem[X,0x0080000000000B2E] -> 0x0004
[571] [M]: 0x0080000000000B2C (0x00048493) addi s1, s1, 0x0
x9 <- 0xFFFFFFFF80000000

mem[X,0x0080000000000B30] -> 0x9493
mem[X,0x0080000000000B32] -> 0x00B4
[572] [M]: 0x0080000000000B30 (0x00B49493) slli s1, s1, 0xb
x9 <- 0xFFFFFC0000000000

mem[X,0x0080000000000B34] -> 0x8493
mem[X,0x0080000000000B36] -> 0x0004
[573] [M]: 0x0080000000000B34 (0x00048493) addi s1, s1, 0x0
x9 <- 0xFFFFFC0000000000

mem[X,0x0080000000000B38] -> 0x9493
mem[X,0x0080000000000B3A] -> 0x00B4
[574] [M]: 0x0080000000000B38 (0x00B49493) slli s1, s1, 0xb
x9 <- 0xFFE0000000000000

mem[X,0x0080000000000B3C] -> 0x8493
mem[X,0x0080000000000B3E] -> 0x0034
[575] [M]: 0x0080000000000B3C (0x00348493) addi s1, s1, 0x3
x9 <- 0xFFE0000000000003

mem[X,0x0080000000000B40] -> 0x9493
mem[X,0x0080000000000B42] -> 0x00A4
[576] [M]: 0x0080000000000B40 (0x00A49493) slli s1, s1, 0xa
x9 <- 0x8000000000000C00

mem[X,0x0080000000000B44] -> 0x8493
mem[X,0x0080000000000B46] -> 0x3FC4
[577] [M]: 0x0080000000000B44 (0x3FC48493) addi s1, s1, 0x3fc
x9 <- 0x8000000000000FFC

mem[X,0x0080000000000B48] -> 0xF4B3
mem[X,0x0080000000000B4A] -> 0x00A4
[578] [M]: 0x0080000000000B48 (0x00A4F4B3) and s1, s1, a0
x9 <- 0x0000000000000004

mem[X,0x0080000000000B4C] -> 0x8493
mem[X,0x0080000000000B4E] -> 0xFF84
[579] [M]: 0x0080000000000B4C (0xFF848493) addi s1, s1, -0x8
x9 <- 0xFFFFFFFFFFFFFFFC

mem[X,0x0080000000000B50] -> 0x9663
mem[X,0x0080000000000B52] -> 0x0004
[580] [M]: 0x0080000000000B50 (0x00049663) bne s1, zero, 0xc

mem[X,0x0080000000000B5C] -> 0x0393
mem[X,0x0080000000000B5E] -> 0x0200
[581] [M]: 0x0080000000000B5C (0x02000393) addi t2, zero, 0x20
x7 <- 0x0000000000000020

mem[X,0x0080000000000B60] -> 0x5263
mem[X,0x0080000000000B62] -> 0x0405
[582] [M]: 0x0080000000000B60 (0x04055263) bge a0, zero, 0x44

mem[X,0x0080000000000BA4] -> 0x2373
mem[X,0x0080000000000BA6] -> 0x3010
[583] [M]: 0x0080000000000BA4 (0x30102373) csrrs t1, misa, zero
CSR misa -> 0x800000000034112D
x6 <- 0x800000000034112D

mem[X,0x0080000000000BA8] -> 0x1313
mem[X,0x0080000000000BAA] -> 0x0383
[584] [M]: 0x0080000000000BA8 (0x03831313) slli t1, t1, 0x38
x6 <- 0x2D00000000000000

mem[X,0x0080000000000BAC] -> 0x5463
mem[X,0x0080000000000BAE] -> 0x0003
[585] [M]: 0x0080000000000BAC (0x00035463) bge t1, zero, 0x8

mem[X,0x0080000000000BB4] -> 0x3303
mem[X,0x0080000000000BB6] -> 0x2181
[586] [M]: 0x0080000000000BB4 (0x21813303) ld t1, 0x218(sp)
mem[R,0x0080000000003218] -> 0x0080000000004360
x6 <- 0x0080000000004360

mem[X,0x0080000000000BB8] -> 0x04B3
mem[X,0x0080000000000BBA] -> 0x0073
[587] [M]: 0x0080000000000BB8 (0x007304B3) add s1, t1, t2
x9 <- 0x0080000000004380

mem[X,0x0080000000000BBC] -> 0x3C23
mem[X,0x0080000000000BBE] -> 0x2091
[588] [M]: 0x0080000000000BBC (0x20913C23) sd s1, 0x218(sp)
mem[0x0080000000003218] <- 0x0080000000004380

mem[X,0x0080000000000BC0] -> 0x3403
mem[X,0x0080000000000BC2] -> 0x1F81
[589] [M]: 0x0080000000000BC0 (0x1F813403) ld fp, 0x1f8(sp)
mem[R,0x00800000000031F8] -> 0x0080000000004210
x8 <- 0x0080000000004210

mem[X,0x0080000000000BC4] -> 0x0333
mem[X,0x0080000000000BC6] -> 0x4083
[590] [M]: 0x0080000000000BC4 (0x40830333) sub t1, t1, fp
x6 <- 0x0000000000000150

mem[X,0x0080000000000BC8] -> 0x3403
mem[X,0x0080000000000BCA] -> 0x1F81
[591] [M]: 0x0080000000000BC8 (0x1F813403) ld fp, 0x1f8(sp)
mem[R,0x00800000000031F8] -> 0x0080000000004210
x8 <- 0x0080000000004210

mem[X,0x0080000000000BCC] -> 0x0333
mem[X,0x0080000000000BCE] -> 0x0083
[592] [M]: 0x0080000000000BCC (0x00830333) add t1, t1, fp
x6 <- 0x0080000000004360

mem[X,0x0080000000000BD0] -> 0x3403
mem[X,0x0080000000000BD2] -> 0x2401
[593] [M]: 0x0080000000000BD0 (0x24013403) ld fp, 0x240(sp)
mem[R,0x0080000000003240] -> 0x0080000000000940
x8 <- 0x0080000000000940

mem[X,0x0080000000000BD4] -> 0x85B3
mem[X,0x0080000000000BD6] -> 0x4085
[594] [M]: 0x0080000000000BD4 (0x408585B3) sub a1, a1, fp
x11 <- 0x000000000000010C

mem[X,0x0080000000000BD8] -> 0x9593
mem[X,0x0080000000000BDA] -> 0x0045
[595] [M]: 0x0080000000000BD8 (0x00459593) slli a1, a1, 0x4
x11 <- 0x00000000000010C0

mem[X,0x0080000000000BDC] -> 0xE5B3
mem[X,0x0080000000000BDE] -> 0x0075
[596] [M]: 0x0080000000000BDC (0x0075E5B3) or a1, a1, t2
x11 <- 0x00000000000010E0

mem[X,0x0080000000000BE0] -> 0x8593
mem[X,0x0080000000000BE2] -> 0x0035
[597] [M]: 0x0080000000000BE0 (0x00358593) addi a1, a1, 0x3
x11 <- 0x00000000000010E3

mem[X,0x0080000000000BE4] -> 0x3023
mem[X,0x0080000000000BE6] -> 0x00B3
[598] [M]: 0x0080000000000BE4 (0x00B33023) sd a1, 0x0(t1)
mem[0x0080000000004360] <- 0x00000000000010E3

mem[X,0x0080000000000BE8] -> 0x3423
mem[X,0x0080000000000BEA] -> 0x00A3
[599] [M]: 0x0080000000000BE8 (0x00A33423) sd a0, 0x8(t1)
mem[0x0080000000004368] <- 0x0000000000000007

clint::tick mtime <- 0x0000000000000006
 clint timer pending at mtime 0x0000000000000006
htif::tick 0x0000000000000000
mem[X,0x0080000000000BEC] -> 0x4863
mem[X,0x0080000000000BEE] -> 0x1605
[600] [M]: 0x0080000000000BEC (0x16054863) blt a0, zero, 0x170

mem[X,0x0080000000000BF0] -> 0x25F3
mem[X,0x0080000000000BF2] -> 0x3000
[601] [M]: 0x0080000000000BF0 (0x300025F3) csrrs a1, mstatus, zero
CSR mstatus -> 0x0000000A00001800
x11 <- 0x0000000A00001800

mem[X,0x0080000000000BF4] -> 0x9413
mem[X,0x0080000000000BF6] -> 0x02E5
[602] [M]: 0x0080000000000BF4 (0x02E59413) slli fp, a1, 0x2e
x8 <- 0x0600000000000000

mem[X,0x0080000000000BF8] -> 0x5463
mem[X,0x0080000000000BFA] -> 0x0004
[603] [M]: 0x0080000000000BF8 (0x00045463) bge fp, zero, 0x8

mem[X,0x0080000000000C00] -> 0xD493
mem[X,0x0080000000000C02] -> 0x00B5
[604] [M]: 0x0080000000000C00 (0x00B5D493) srli s1, a1, 0xb
x9 <- 0x0000000001400003

mem[X,0x0080000000000C04] -> 0xF493
mem[X,0x0080000000000C06] -> 0x0034
[605] [M]: 0x0080000000000C04 (0x0034F493) andi s1, s1, 0x3
x9 <- 0x0000000000000003

mem[X,0x0080000000000C08] -> 0x8493
mem[X,0x0080000000000C0A] -> 0x0014
[606] [M]: 0x0080000000000C08 (0x00148493) addi s1, s1, 0x1
x9 <- 0x0000000000000004

mem[X,0x0080000000000C0C] -> 0xF493
mem[X,0x0080000000000C0E] -> 0x0044
[607] [M]: 0x0080000000000C0C (0x0044F493) andi s1, s1, 0x4
x9 <- 0x0000000000000004

mem[X,0x0080000000000C10] -> 0x0593
mem[X,0x0080000000000C12] -> 0x05D0
[608] [M]: 0x0080000000000C10 (0x05D00593) addi a1, zero, 0x5d
x11 <- 0x000000000000005D

mem[X,0x0080000000000C14] -> 0xD5B3
mem[X,0x0080000000000C16] -> 0x0095
[609] [M]: 0x0080000000000C14 (0x0095D5B3) srl a1, a1, s1
x11 <- 0x0000000000000005

mem[X,0x0080000000000C18] -> 0xF593
mem[X,0x0080000000000C1A] -> 0x0015
[610] [M]: 0x0080000000000C18 (0x0015F593) andi a1, a1, 0x1
x11 <- 0x0000000000000001

mem[X,0x0080000000000C1C] -> 0x8EE3
mem[X,0x0080000000000C1E] -> 0xF405
[611] [M]: 0x0080000000000C1C (0xF4058EE3) beq a1, zero, -0xa4

mem[X,0x0080000000000C20] -> 0x0593
mem[X,0x0080000000000C22] -> 0x2980
[612] [M]: 0x0080000000000C20 (0x29800593) addi a1, zero, 0x298
x11 <- 0x0000000000000298

mem[X,0x0080000000000C24] -> 0xF413
mem[X,0x0080000000000C26] -> 0x0014
[613] [M]: 0x0080000000000C24 (0x0014F413) andi fp, s1, 0x1
x8 <- 0x0000000000000000

mem[X,0x0080000000000C28] -> 0x95B3
mem[X,0x0080000000000C2A] -> 0x0085
[614] [M]: 0x0080000000000C28 (0x008595B3) sll a1, a1, fp
x11 <- 0x0000000000000298

mem[X,0x0080000000000C2C] -> 0x9413
mem[X,0x0080000000000C2E] -> 0x03D4
[615] [M]: 0x0080000000000C2C (0x03D49413) slli fp, s1, 0x3d
x8 <- 0x8000000000000000

mem[X,0x0080000000000C30] -> 0x5413
mem[X,0x0080000000000C32] -> 0x43F4
[616] [M]: 0x0080000000000C30 (0x43F45413) srai fp, fp, 0x3f
x8 <- 0xFFFFFFFFFFFFFFFF

mem[X,0x0080000000000C34] -> 0x4413
mem[X,0x0080000000000C36] -> 0xFFF4
[617] [M]: 0x0080000000000C34 (0xFFF44413) xori fp, fp, -0x1
x8 <- 0x0000000000000000

mem[X,0x0080000000000C38] -> 0xF4B3
mem[X,0x0080000000000C3A] -> 0x0085
[618] [M]: 0x0080000000000C38 (0x0085F4B3) and s1, a1, fp
x9 <- 0x0000000000000000

mem[X,0x0080000000000C3C] -> 0x84B3
mem[X,0x0080000000000C3E] -> 0x0024
[619] [M]: 0x0080000000000C3C (0x002484B3) add s1, s1, sp
x9 <- 0x0080000000003000

mem[X,0x0080000000000C40] -> 0x23F3
mem[X,0x0080000000000C42] -> 0x3410
[620] [M]: 0x0080000000000C40 (0x341023F3) csrrs t2, mepc, zero
CSR mepc -> 0x00800000000005DC
x7 <- 0x00800000000005DC

mem[X,0x0080000000000C44] -> 0xB403
mem[X,0x0080000000000C46] -> 0x2084
[621] [M]: 0x0080000000000C44 (0x2084B403) ld fp, 0x208(s1)
mem[R,0x0080000000003208] -> 0x008000000000039C
x8 <- 0x008000000000039C

mem[X,0x0080000000000C48] -> 0xB583
mem[X,0x0080000000000C4A] -> 0x2104
[622] [M]: 0x0080000000000C48 (0x2104B583) ld a1, 0x210(s1)
mem[R,0x0080000000003210] -> 0x00000000000004B0
x11 <- 0x00000000000004B0

mem[X,0x0080000000000C4C] -> 0x85B3
mem[X,0x0080000000000C4E] -> 0x0085
[623] [M]: 0x0080000000000C4C (0x008585B3) add a1, a1, fp
x11 <- 0x008000000000084C

mem[X,0x0080000000000C50] -> 0xF463
mem[X,0x0080000000000C52] -> 0x00B3
[624] [M]: 0x0080000000000C50 (0x00B3F463) bgeu t2, a1, 0x8

mem[X,0x0080000000000C54] -> 0xF663
mem[X,0x0080000000000C56] -> 0x0283
[625] [M]: 0x0080000000000C54 (0x0283F663) bgeu t2, fp, 0x2c

mem[X,0x0080000000000C80] -> 0x8433
mem[X,0x0080000000000C82] -> 0x4083
[626] [M]: 0x0080000000000C80 (0x40838433) sub fp, t2, fp
x8 <- 0x0000000000000240

mem[X,0x0080000000000C84] -> 0x3823
mem[X,0x0080000000000C86] -> 0x0083
[627] [M]: 0x0080000000000C84 (0x00833823) sd fp, 0x10(t1)
mem[0x0080000000004370] <- 0x0000000000000240

mem[X,0x0080000000000C88] -> 0xF593
mem[X,0x0080000000000C8A] -> 0xFFC3
[628] [M]: 0x0080000000000C88 (0xFFC3F593) andi a1, t2, -0x4
x11 <- 0x00800000000005DC

mem[X,0x0080000000000C8C] -> 0x8593
mem[X,0x0080000000000C8E] -> 0x0085
[629] [M]: 0x0080000000000C8C (0x00858593) addi a1, a1, 0x8
x11 <- 0x00800000000005E4

mem[X,0x0080000000000C90] -> 0x9073
mem[X,0x0080000000000C92] -> 0x3415
[630] [M]: 0x0080000000000C90 (0x34159073) csrrw zero, mepc, a1
CSR mepc <- 0x00800000000005E4 (input: 0x00800000000005E4)

mem[X,0x0080000000000C94] -> 0x23F3
mem[X,0x0080000000000C96] -> 0x3430
[631] [M]: 0x0080000000000C94 (0x343023F3) csrrs t2, mtval, zero
CSR mtval -> 0x0080000000000830
x7 <- 0x0080000000000830

mem[X,0x0080000000000C98] -> 0x7513
mem[X,0x0080000000000C9A] -> 0x00F5
[632] [M]: 0x0080000000000C98 (0x00F57513) andi a0, a0, 0xf
x10 <- 0x0000000000000007

mem[X,0x0080000000000C9C] -> 0x0437
mem[X,0x0080000000000C9E] -> 0x0000
[633] [M]: 0x0080000000000C9C (0x00000437) lui fp, 0x0
x8 <- 0x0000000000000000

mem[X,0x0080000000000CA0] -> 0x0413
mem[X,0x0080000000000CA2] -> 0x0004
[634] [M]: 0x0080000000000CA0 (0x00040413) addi fp, fp, 0x0
x8 <- 0x0000000000000000

mem[X,0x0080000000000CA4] -> 0x1413
mem[X,0x0080000000000CA6] -> 0x00B4
[635] [M]: 0x0080000000000CA4 (0x00B41413) slli fp, fp, 0xb
x8 <- 0x0000000000000000

mem[X,0x0080000000000CA8] -> 0x0413
mem[X,0x0080000000000CAA] -> 0x0004
[636] [M]: 0x0080000000000CA8 (0x00040413) addi fp, fp, 0x0
x8 <- 0x0000000000000000

mem[X,0x0080000000000CAC] -> 0x1413
mem[X,0x0080000000000CAE] -> 0x00B4
[637] [M]: 0x0080000000000CAC (0x00B41413) slli fp, fp, 0xb
x8 <- 0x0000000000000000

mem[X,0x0080000000000CB0] -> 0x0413
mem[X,0x0080000000000CB2] -> 0x02C4
[638] [M]: 0x0080000000000CB0 (0x02C40413) addi fp, fp, 0x2c
x8 <- 0x000000000000002C

mem[X,0x0080000000000CB4] -> 0x1413
mem[X,0x0080000000000CB6] -> 0x00A4
[639] [M]: 0x0080000000000CB4 (0x00A41413) slli fp, fp, 0xa
x8 <- 0x000000000000B000

mem[X,0x0080000000000CB8] -> 0x0413
mem[X,0x0080000000000CBA] -> 0x0FB4
[640] [M]: 0x0080000000000CB8 (0x0FB40413) addi fp, fp, 0xfb
x8 <- 0x000000000000B0FB

mem[X,0x0080000000000CBC] -> 0x5433
mem[X,0x0080000000000CBE] -> 0x00A4
[641] [M]: 0x0080000000000CBC (0x00A45433) srl fp, fp, a0
x8 <- 0x0000000000000161

mem[X,0x0080000000000CC0] -> 0x1413
mem[X,0x0080000000000CC2] -> 0x03F4
[642] [M]: 0x0080000000000CC0 (0x03F41413) slli fp, fp, 0x3f
x8 <- 0x8000000000000000

mem[X,0x0080000000000CC4] -> 0x5C63
mem[X,0x0080000000000CC6] -> 0x0404
[643] [M]: 0x0080000000000CC4 (0x04045C63) bge fp, zero, 0x58

mem[X,0x0080000000000CC8] -> 0xB403
mem[X,0x0080000000000CCA] -> 0x2084
[644] [M]: 0x0080000000000CC8 (0x2084B403) ld fp, 0x208(s1)
mem[R,0x0080000000003208] -> 0x008000000000039C
x8 <- 0x008000000000039C

mem[X,0x0080000000000CCC] -> 0xB583
mem[X,0x0080000000000CCE] -> 0x2104
[645] [M]: 0x0080000000000CCC (0x2104B583) ld a1, 0x210(s1)
mem[R,0x0080000000003210] -> 0x00000000000004B0
x11 <- 0x00000000000004B0

mem[X,0x0080000000000CD0] -> 0x85B3
mem[X,0x0080000000000CD2] -> 0x0085
[646] [M]: 0x0080000000000CD0 (0x008585B3) add a1, a1, fp
x11 <- 0x008000000000084C

mem[X,0x0080000000000CD4] -> 0xF463
mem[X,0x0080000000000CD6] -> 0x00B3
[647] [M]: 0x0080000000000CD4 (0x00B3F463) bgeu t2, a1, 0x8

mem[X,0x0080000000000CD8] -> 0xF063
mem[X,0x0080000000000CDA] -> 0x0483
[648] [M]: 0x0080000000000CD8 (0x0483F063) bgeu t2, fp, 0x40

mem[X,0x0080000000000D18] -> 0x8433
mem[X,0x0080000000000D1A] -> 0x4083
[649] [M]: 0x0080000000000D18 (0x40838433) sub fp, t2, fp
x8 <- 0x0000000000000494

mem[X,0x0080000000000D1C] -> 0x3C23
mem[X,0x0080000000000D1E] -> 0x0083
[650] [M]: 0x0080000000000D1C (0x00833C23) sd fp, 0x18(t1)
mem[0x0080000000004378] <- 0x0000000000000494

mem[X,0x0080000000000D20] -> 0x3483
mem[X,0x0080000000000D22] -> 0x2181
[651] [M]: 0x0080000000000D20 (0x21813483) ld s1, 0x218(sp)
mem[R,0x0080000000003218] -> 0x0080000000004380
x9 <- 0x0080000000004380

mem[X,0x0080000000000D24] -> 0x3383
mem[X,0x0080000000000D26] -> 0x1F81
[652] [M]: 0x0080000000000D24 (0x1F813383) ld t2, 0x1f8(sp)
mem[R,0x00800000000031F8] -> 0x0080000000004210
x7 <- 0x0080000000004210

mem[X,0x0080000000000D28] -> 0x3303
mem[X,0x0080000000000D2A] -> 0x2001
[653] [M]: 0x0080000000000D28 (0x20013303) ld t1, 0x200(sp)
mem[R,0x0080000000003200] -> 0x0000000000000520
x6 <- 0x0000000000000520

mem[X,0x0080000000000D2C] -> 0x0333
mem[X,0x0080000000000D2E] -> 0x0073
[654] [M]: 0x0080000000000D2C (0x00730333) add t1, t1, t2
x6 <- 0x0080000000004730

mem[X,0x0080000000000D30] -> 0x62E3
mem[X,0x0080000000000D32] -> 0xB293
[655] [M]: 0x0080000000000D30 (0xB29362E3) bltu t1, s1, -0x4dc

mem[X,0x0080000000000D34] -> 0x0393
mem[X,0x0080000000000D36] -> 0x2000
[656] [M]: 0x0080000000000D34 (0x20000393) addi t2, zero, 0x200
x7 <- 0x0000000000000200

mem[X,0x0080000000000D38] -> 0x006F
mem[X,0x0080000000000D3A] -> 0x0400
[657] [M]: 0x0080000000000D38 (0x0400006F) jal zero, 0x40

mem[X,0x0080000000000D78] -> 0x0417
mem[X,0x0080000000000D7A] -> 0x0000
[658] [M]: 0x0080000000000D78 (0x00000417) auipc fp, 0x0
x8 <- 0x0080000000000D78

mem[X,0x0080000000000D7C] -> 0x0413
mem[X,0x0080000000000D7E] -> 0x03C4
[659] [M]: 0x0080000000000D7C (0x03C40413) addi fp, fp, 0x3c
x8 <- 0x0080000000000DB4

mem[X,0x0080000000000D80] -> 0x0433
mem[X,0x0080000000000D82] -> 0x0074
[660] [M]: 0x0080000000000D80 (0x00740433) add fp, fp, t2
x8 <- 0x0080000000000FB4

mem[X,0x0080000000000D84] -> 0x1393
mem[X,0x0080000000000D86] -> 0x0035
[661] [M]: 0x0080000000000D84 (0x00351393) slli t2, a0, 0x3
x7 <- 0x0000000000000038

mem[X,0x0080000000000D88] -> 0x0433
mem[X,0x0080000000000D8A] -> 0x0074
[662] [M]: 0x0080000000000D88 (0x00740433) add fp, fp, t2
x8 <- 0x0080000000000FEC

mem[X,0x0080000000000D8C] -> 0x7413
mem[X,0x0080000000000D8E] -> 0xFF84
[663] [M]: 0x0080000000000D8C (0xFF847413) andi fp, fp, -0x8
x8 <- 0x0080000000000FE8

mem[X,0x0080000000000D90] -> 0x3403
mem[X,0x0080000000000D92] -> 0x0004
[664] [M]: 0x0080000000000D90 (0x00043403) ld fp, 0x0(fp)
mem[R,0x0080000000000FE8] -> 0x000000000000000F
x8 <- 0x000000000000000F

mem[X,0x0080000000000D94] -> 0x0AE3
mem[X,0x0080000000000D96] -> 0xB404
[665] [M]: 0x0080000000000D94 (0xB4040AE3) beq fp, zero, -0x4ac

mem[X,0x0080000000000D98] -> 0x1393
mem[X,0x0080000000000D9A] -> 0x03F4
[666] [M]: 0x0080000000000D98 (0x03F41393) slli t2, fp, 0x3f
x7 <- 0x8000000000000000

mem[X,0x0080000000000D9C] -> 0xD863
mem[X,0x0080000000000D9E] -> 0x0003
[667] [M]: 0x0080000000000D9C (0x0003D863) bge t2, zero, 0x10

mem[X,0x0080000000000DA0] -> 0x5413
mem[X,0x0080000000000DA2] -> 0x0014
[668] [M]: 0x0080000000000DA0 (0x00145413) srli fp, fp, 0x1
x8 <- 0x0000000000000007

mem[X,0x0080000000000DA4] -> 0x0CE3
mem[X,0x0080000000000DA6] -> 0xF885
[669] [M]: 0x0080000000000DA4 (0xF8850CE3) beq a0, fp, -0x68

mem[X,0x0080000000000D3C] -> 0x3303
mem[X,0x0080000000000D3E] -> 0x2601
[670] [M]: 0x0080000000000D3C (0x26013303) ld t1, 0x260(sp)
mem[R,0x0080000000003260] -> 0x000000001FDDB7D5
x6 <- 0x000000001FDDB7D5

mem[X,0x0080000000000D40] -> 0x3383
mem[X,0x0080000000000D42] -> 0x2681
[671] [M]: 0x0080000000000D40 (0x26813383) ld t2, 0x268(sp)
mem[R,0x0080000000003268] -> 0x00000000003FBB6F
x7 <- 0x00000000003FBB6F

mem[X,0x0080000000000D44] -> 0x3403
mem[X,0x0080000000000D46] -> 0x2701
[672] [M]: 0x0080000000000D44 (0x27013403) ld fp, 0x270(sp)
mem[R,0x0080000000003270] -> 0x0000000000007F76
x8 <- 0x0000000000007F76

mem[X,0x0080000000000D48] -> 0x3483
mem[X,0x0080000000000D4A] -> 0x2781
[673] [M]: 0x0080000000000D48 (0x27813483) ld s1, 0x278(sp)
mem[R,0x0080000000003278] -> 0x00000000000000FE
x9 <- 0x00000000000000FE

mem[X,0x0080000000000D4C] -> 0x3503
mem[X,0x0080000000000D4E] -> 0x2801
[674] [M]: 0x0080000000000D4C (0x28013503) ld a0, 0x280(sp)
mem[R,0x0080000000003280] -> 0x0000000000000001
x10 <- 0x0000000000000001

mem[X,0x0080000000000D50] -> 0x3583
mem[X,0x0080000000000D52] -> 0x2881
[675] [M]: 0x0080000000000D50 (0x28813583) ld a1, 0x288(sp)
mem[R,0x0080000000003288] -> 0x0000000000000000
x11 <- 0x0000000000000000

mem[X,0x0080000000000D54] -> 0x3103
mem[X,0x0080000000000D56] -> 0x2901
[676] [M]: 0x0080000000000D54 (0x29013103) ld sp, 0x290(sp)
mem[R,0x0080000000003290] -> 0x01FDDB7D5BFDDB7F
x2 <- 0x01FDDB7D5BFDDB7F

mem[X,0x0080000000000D58] -> 0x0073
mem[X,0x0080000000000D5A] -> 0x3020
[677] [M]: 0x0080000000000D58 (0x30200073) mret
CSR mstatus <- 0x0000000A00000080
ret-ing from M to M

mem[X,0x00800000000005E4] -> 0x0013
mem[X,0x00800000000005E6] -> 0x0000
[678] [M]: 0x00800000000005E4 (0x00000013) addi zero, zero, 0x0

mem[X,0x00800000000005E8] -> 0xB023
mem[X,0x00800000000005EA] -> 0x00E7
[679] [M]: 0x00800000000005E8 (0x00E7B023) sd a4, 0x0(a5)
trapping from M to M to handle store/amo-access-fault
handling exc#0x07 at priv M with tval 0x0080000000000830
CSR mstatus <- 0x0000000A00001800

mem[X,0x0080000000000940] -> 0x006F
mem[X,0x0080000000000942] -> 0x1000
[680] [M]: 0x0080000000000940 (0x1000006F) jal zero, 0x100

mem[X,0x0080000000000A40] -> 0x1173
mem[X,0x0080000000000A42] -> 0x3401
[681] [M]: 0x0080000000000A40 (0x34011173) csrrw sp, mscratch, sp
CSR mscratch <- 0x01FDDB7D5BFDDB7F (input: 0x01FDDB7D5BFDDB7F)
x2 <- 0x0080000000003000

mem[X,0x0080000000000A44] -> 0x3423
mem[X,0x0080000000000A46] -> 0x28B1
[682] [M]: 0x0080000000000A44 (0x28B13423) sd a1, 0x288(sp)
mem[0x0080000000003288] <- 0x0000000000000000

mem[X,0x0080000000000A48] -> 0x05EF
mem[X,0x0080000000000A4A] -> 0x0B80
[683] [M]: 0x0080000000000A48 (0x0B8005EF) jal a1, 0xb8
x11 <- 0x0080000000000A4C

mem[X,0x0080000000000B00] -> 0x3023
mem[X,0x0080000000000B02] -> 0x28A1
[684] [M]: 0x0080000000000B00 (0x28A13023) sd a0, 0x280(sp)
mem[0x0080000000003280] <- 0x0000000000000001

mem[X,0x0080000000000B04] -> 0x1573
mem[X,0x0080000000000B06] -> 0x3401
[685] [M]: 0x0080000000000B04 (0x34011573) csrrw a0, mscratch, sp
CSR mscratch <- 0x0080000000003000 (input: 0x0080000000003000)
x10 <- 0x01FDDB7D5BFDDB7F

mem[X,0x0080000000000B08] -> 0x3823
mem[X,0x0080000000000B0A] -> 0x28A1
[686] [M]: 0x0080000000000B08 (0x28A13823) sd a0, 0x290(sp)
mem[0x0080000000003290] <- 0x01FDDB7D5BFDDB7F

mem[X,0x0080000000000B0C] -> 0x3503
mem[X,0x0080000000000B0E] -> 0x2301
[687] [M]: 0x0080000000000B0C (0x23013503) ld a0, 0x230(sp)
mem[R,0x0080000000003230] -> 0x0080000000000B14
x10 <- 0x0080000000000B14

mem[X,0x0080000000000B10] -> 0x0067
mem[X,0x0080000000000B12] -> 0x0005
[688] [M]: 0x0080000000000B10 (0x00050067) jalr zero, 0x0(a0)

mem[X,0x0080000000000B14] -> 0x3C23
mem[X,0x0080000000000B16] -> 0x2691
[689] [M]: 0x0080000000000B14 (0x26913C23) sd s1, 0x278(sp)
mem[0x0080000000003278] <- 0x00000000000000FE

mem[X,0x0080000000000B18] -> 0x3823
mem[X,0x0080000000000B1A] -> 0x2681
[690] [M]: 0x0080000000000B18 (0x26813823) sd fp, 0x270(sp)
mem[0x0080000000003270] <- 0x0000000000007F76

mem[X,0x0080000000000B1C] -> 0x3423
mem[X,0x0080000000000B1E] -> 0x2671
[691] [M]: 0x0080000000000B1C (0x26713423) sd t2, 0x268(sp)
mem[0x0080000000003268] <- 0x00000000003FBB6F

mem[X,0x0080000000000B20] -> 0x3023
mem[X,0x0080000000000B22] -> 0x2661
[692] [M]: 0x0080000000000B20 (0x26613023) sd t1, 0x260(sp)
mem[0x0080000000003260] <- 0x000000001FDDB7D5

mem[X,0x0080000000000B24] -> 0x2573
mem[X,0x0080000000000B26] -> 0x3420
[693] [M]: 0x0080000000000B24 (0x34202573) csrrs a0, mcause, zero
CSR mcause -> 0x0000000000000007
x10 <- 0x0000000000000007

mem[X,0x0080000000000B28] -> 0x04B7
mem[X,0x0080000000000B2A] -> 0x8000
[694] [M]: 0x0080000000000B28 (0x800004B7) lui s1, -0x80000
x9 <- 0xFFFFFFFF80000000

mem[X,0x0080000000000B2C] -> 0x8493
mem[X,0x0080000000000B2E] -> 0x0004
[695] [M]: 0x0080000000000B2C (0x00048493) addi s1, s1, 0x0
x9 <- 0xFFFFFFFF80000000

mem[X,0x0080000000000B30] -> 0x9493
mem[X,0x0080000000000B32] -> 0x00B4
[696] [M]: 0x0080000000000B30 (0x00B49493) slli s1, s1, 0xb
x9 <- 0xFFFFFC0000000000

mem[X,0x0080000000000B34] -> 0x8493
mem[X,0x0080000000000B36] -> 0x0004
[697] [M]: 0x0080000000000B34 (0x00048493) addi s1, s1, 0x0
x9 <- 0xFFFFFC0000000000

mem[X,0x0080000000000B38] -> 0x9493
mem[X,0x0080000000000B3A] -> 0x00B4
[698] [M]: 0x0080000000000B38 (0x00B49493) slli s1, s1, 0xb
x9 <- 0xFFE0000000000000

mem[X,0x0080000000000B3C] -> 0x8493
mem[X,0x0080000000000B3E] -> 0x0034
[699] [M]: 0x0080000000000B3C (0x00348493) addi s1, s1, 0x3
x9 <- 0xFFE0000000000003

clint::tick mtime <- 0x0000000000000007
 clint timer pending at mtime 0x0000000000000007
htif::tick 0x0000000000000000
mem[X,0x0080000000000B40] -> 0x9493
mem[X,0x0080000000000B42] -> 0x00A4
[700] [M]: 0x0080000000000B40 (0x00A49493) slli s1, s1, 0xa
x9 <- 0x8000000000000C00

mem[X,0x0080000000000B44] -> 0x8493
mem[X,0x0080000000000B46] -> 0x3FC4
[701] [M]: 0x0080000000000B44 (0x3FC48493) addi s1, s1, 0x3fc
x9 <- 0x8000000000000FFC

mem[X,0x0080000000000B48] -> 0xF4B3
mem[X,0x0080000000000B4A] -> 0x00A4
[702] [M]: 0x0080000000000B48 (0x00A4F4B3) and s1, s1, a0
x9 <- 0x0000000000000004

mem[X,0x0080000000000B4C] -> 0x8493
mem[X,0x0080000000000B4E] -> 0xFF84
[703] [M]: 0x0080000000000B4C (0xFF848493) addi s1, s1, -0x8
x9 <- 0xFFFFFFFFFFFFFFFC

mem[X,0x0080000000000B50] -> 0x9663
mem[X,0x0080000000000B52] -> 0x0004
[704] [M]: 0x0080000000000B50 (0x00049663) bne s1, zero, 0xc

mem[X,0x0080000000000B5C] -> 0x0393
mem[X,0x0080000000000B5E] -> 0x0200
[705] [M]: 0x0080000000000B5C (0x02000393) addi t2, zero, 0x20
x7 <- 0x0000000000000020

mem[X,0x0080000000000B60] -> 0x5263
mem[X,0x0080000000000B62] -> 0x0405
[706] [M]: 0x0080000000000B60 (0x04055263) bge a0, zero, 0x44

mem[X,0x0080000000000BA4] -> 0x2373
mem[X,0x0080000000000BA6] -> 0x3010
[707] [M]: 0x0080000000000BA4 (0x30102373) csrrs t1, misa, zero
CSR misa -> 0x800000000034112D
x6 <- 0x800000000034112D

mem[X,0x0080000000000BA8] -> 0x1313
mem[X,0x0080000000000BAA] -> 0x0383
[708] [M]: 0x0080000000000BA8 (0x03831313) slli t1, t1, 0x38
x6 <- 0x2D00000000000000

mem[X,0x0080000000000BAC] -> 0x5463
mem[X,0x0080000000000BAE] -> 0x0003
[709] [M]: 0x0080000000000BAC (0x00035463) bge t1, zero, 0x8

mem[X,0x0080000000000BB4] -> 0x3303
mem[X,0x0080000000000BB6] -> 0x2181
[710] [M]: 0x0080000000000BB4 (0x21813303) ld t1, 0x218(sp)
mem[R,0x0080000000003218] -> 0x0080000000004380
x6 <- 0x0080000000004380

mem[X,0x0080000000000BB8] -> 0x04B3
mem[X,0x0080000000000BBA] -> 0x0073
[711] [M]: 0x0080000000000BB8 (0x007304B3) add s1, t1, t2
x9 <- 0x00800000000043A0

mem[X,0x0080000000000BBC] -> 0x3C23
mem[X,0x0080000000000BBE] -> 0x2091
[712] [M]: 0x0080000000000BBC (0x20913C23) sd s1, 0x218(sp)
mem[0x0080000000003218] <- 0x00800000000043A0

mem[X,0x0080000000000BC0] -> 0x3403
mem[X,0x0080000000000BC2] -> 0x1F81
[713] [M]: 0x0080000000000BC0 (0x1F813403) ld fp, 0x1f8(sp)
mem[R,0x00800000000031F8] -> 0x0080000000004210
x8 <- 0x0080000000004210

mem[X,0x0080000000000BC4] -> 0x0333
mem[X,0x0080000000000BC6] -> 0x4083
[714] [M]: 0x0080000000000BC4 (0x40830333) sub t1, t1, fp
x6 <- 0x0000000000000170

mem[X,0x0080000000000BC8] -> 0x3403
mem[X,0x0080000000000BCA] -> 0x1F81
[715] [M]: 0x0080000000000BC8 (0x1F813403) ld fp, 0x1f8(sp)
mem[R,0x00800000000031F8] -> 0x0080000000004210
x8 <- 0x0080000000004210

mem[X,0x0080000000000BCC] -> 0x0333
mem[X,0x0080000000000BCE] -> 0x0083
[716] [M]: 0x0080000000000BCC (0x00830333) add t1, t1, fp
x6 <- 0x0080000000004380

mem[X,0x0080000000000BD0] -> 0x3403
mem[X,0x0080000000000BD2] -> 0x2401
[717] [M]: 0x0080000000000BD0 (0x24013403) ld fp, 0x240(sp)
mem[R,0x0080000000003240] -> 0x0080000000000940
x8 <- 0x0080000000000940

mem[X,0x0080000000000BD4] -> 0x85B3
mem[X,0x0080000000000BD6] -> 0x4085
[718] [M]: 0x0080000000000BD4 (0x408585B3) sub a1, a1, fp
x11 <- 0x000000000000010C

mem[X,0x0080000000000BD8] -> 0x9593
mem[X,0x0080000000000BDA] -> 0x0045
[719] [M]: 0x0080000000000BD8 (0x00459593) slli a1, a1, 0x4
x11 <- 0x00000000000010C0

mem[X,0x0080000000000BDC] -> 0xE5B3
mem[X,0x0080000000000BDE] -> 0x0075
[720] [M]: 0x0080000000000BDC (0x0075E5B3) or a1, a1, t2
x11 <- 0x00000000000010E0

mem[X,0x0080000000000BE0] -> 0x8593
mem[X,0x0080000000000BE2] -> 0x0035
[721] [M]: 0x0080000000000BE0 (0x00358593) addi a1, a1, 0x3
x11 <- 0x00000000000010E3

mem[X,0x0080000000000BE4] -> 0x3023
mem[X,0x0080000000000BE6] -> 0x00B3
[722] [M]: 0x0080000000000BE4 (0x00B33023) sd a1, 0x0(t1)
mem[0x0080000000004380] <- 0x00000000000010E3

mem[X,0x0080000000000BE8] -> 0x3423
mem[X,0x0080000000000BEA] -> 0x00A3
[723] [M]: 0x0080000000000BE8 (0x00A33423) sd a0, 0x8(t1)
mem[0x0080000000004388] <- 0x0000000000000007

mem[X,0x0080000000000BEC] -> 0x4863
mem[X,0x0080000000000BEE] -> 0x1605
[724] [M]: 0x0080000000000BEC (0x16054863) blt a0, zero, 0x170

mem[X,0x0080000000000BF0] -> 0x25F3
mem[X,0x0080000000000BF2] -> 0x3000
[725] [M]: 0x0080000000000BF0 (0x300025F3) csrrs a1, mstatus, zero
CSR mstatus -> 0x0000000A00001800
x11 <- 0x0000000A00001800

mem[X,0x0080000000000BF4] -> 0x9413
mem[X,0x0080000000000BF6] -> 0x02E5
[726] [M]: 0x0080000000000BF4 (0x02E59413) slli fp, a1, 0x2e
x8 <- 0x0600000000000000

mem[X,0x0080000000000BF8] -> 0x5463
mem[X,0x0080000000000BFA] -> 0x0004
[727] [M]: 0x0080000000000BF8 (0x00045463) bge fp, zero, 0x8

mem[X,0x0080000000000C00] -> 0xD493
mem[X,0x0080000000000C02] -> 0x00B5
[728] [M]: 0x0080000000000C00 (0x00B5D493) srli s1, a1, 0xb
x9 <- 0x0000000001400003

mem[X,0x0080000000000C04] -> 0xF493
mem[X,0x0080000000000C06] -> 0x0034
[729] [M]: 0x0080000000000C04 (0x0034F493) andi s1, s1, 0x3
x9 <- 0x0000000000000003

mem[X,0x0080000000000C08] -> 0x8493
mem[X,0x0080000000000C0A] -> 0x0014
[730] [M]: 0x0080000000000C08 (0x00148493) addi s1, s1, 0x1
x9 <- 0x0000000000000004

mem[X,0x0080000000000C0C] -> 0xF493
mem[X,0x0080000000000C0E] -> 0x0044
[731] [M]: 0x0080000000000C0C (0x0044F493) andi s1, s1, 0x4
x9 <- 0x0000000000000004

mem[X,0x0080000000000C10] -> 0x0593
mem[X,0x0080000000000C12] -> 0x05D0
[732] [M]: 0x0080000000000C10 (0x05D00593) addi a1, zero, 0x5d
x11 <- 0x000000000000005D

mem[X,0x0080000000000C14] -> 0xD5B3
mem[X,0x0080000000000C16] -> 0x0095
[733] [M]: 0x0080000000000C14 (0x0095D5B3) srl a1, a1, s1
x11 <- 0x0000000000000005

mem[X,0x0080000000000C18] -> 0xF593
mem[X,0x0080000000000C1A] -> 0x0015
[734] [M]: 0x0080000000000C18 (0x0015F593) andi a1, a1, 0x1
x11 <- 0x0000000000000001

mem[X,0x0080000000000C1C] -> 0x8EE3
mem[X,0x0080000000000C1E] -> 0xF405
[735] [M]: 0x0080000000000C1C (0xF4058EE3) beq a1, zero, -0xa4

mem[X,0x0080000000000C20] -> 0x0593
mem[X,0x0080000000000C22] -> 0x2980
[736] [M]: 0x0080000000000C20 (0x29800593) addi a1, zero, 0x298
x11 <- 0x0000000000000298

mem[X,0x0080000000000C24] -> 0xF413
mem[X,0x0080000000000C26] -> 0x0014
[737] [M]: 0x0080000000000C24 (0x0014F413) andi fp, s1, 0x1
x8 <- 0x0000000000000000

mem[X,0x0080000000000C28] -> 0x95B3
mem[X,0x0080000000000C2A] -> 0x0085
[738] [M]: 0x0080000000000C28 (0x008595B3) sll a1, a1, fp
x11 <- 0x0000000000000298

mem[X,0x0080000000000C2C] -> 0x9413
mem[X,0x0080000000000C2E] -> 0x03D4
[739] [M]: 0x0080000000000C2C (0x03D49413) slli fp, s1, 0x3d
x8 <- 0x8000000000000000

mem[X,0x0080000000000C30] -> 0x5413
mem[X,0x0080000000000C32] -> 0x43F4
[740] [M]: 0x0080000000000C30 (0x43F45413) srai fp, fp, 0x3f
x8 <- 0xFFFFFFFFFFFFFFFF

mem[X,0x0080000000000C34] -> 0x4413
mem[X,0x0080000000000C36] -> 0xFFF4
[741] [M]: 0x0080000000000C34 (0xFFF44413) xori fp, fp, -0x1
x8 <- 0x0000000000000000

mem[X,0x0080000000000C38] -> 0xF4B3
mem[X,0x0080000000000C3A] -> 0x0085
[742] [M]: 0x0080000000000C38 (0x0085F4B3) and s1, a1, fp
x9 <- 0x0000000000000000

mem[X,0x0080000000000C3C] -> 0x84B3
mem[X,0x0080000000000C3E] -> 0x0024
[743] [M]: 0x0080000000000C3C (0x002484B3) add s1, s1, sp
x9 <- 0x0080000000003000

mem[X,0x0080000000000C40] -> 0x23F3
mem[X,0x0080000000000C42] -> 0x3410
[744] [M]: 0x0080000000000C40 (0x341023F3) csrrs t2, mepc, zero
CSR mepc -> 0x00800000000005E8
x7 <- 0x00800000000005E8

mem[X,0x0080000000000C44] -> 0xB403
mem[X,0x0080000000000C46] -> 0x2084
[745] [M]: 0x0080000000000C44 (0x2084B403) ld fp, 0x208(s1)
mem[R,0x0080000000003208] -> 0x008000000000039C
x8 <- 0x008000000000039C

mem[X,0x0080000000000C48] -> 0xB583
mem[X,0x0080000000000C4A] -> 0x2104
[746] [M]: 0x0080000000000C48 (0x2104B583) ld a1, 0x210(s1)
mem[R,0x0080000000003210] -> 0x00000000000004B0
x11 <- 0x00000000000004B0

mem[X,0x0080000000000C4C] -> 0x85B3
mem[X,0x0080000000000C4E] -> 0x0085
[747] [M]: 0x0080000000000C4C (0x008585B3) add a1, a1, fp
x11 <- 0x008000000000084C

mem[X,0x0080000000000C50] -> 0xF463
mem[X,0x0080000000000C52] -> 0x00B3
[748] [M]: 0x0080000000000C50 (0x00B3F463) bgeu t2, a1, 0x8

mem[X,0x0080000000000C54] -> 0xF663
mem[X,0x0080000000000C56] -> 0x0283
[749] [M]: 0x0080000000000C54 (0x0283F663) bgeu t2, fp, 0x2c

mem[X,0x0080000000000C80] -> 0x8433
mem[X,0x0080000000000C82] -> 0x4083
[750] [M]: 0x0080000000000C80 (0x40838433) sub fp, t2, fp
x8 <- 0x000000000000024C

mem[X,0x0080000000000C84] -> 0x3823
mem[X,0x0080000000000C86] -> 0x0083
[751] [M]: 0x0080000000000C84 (0x00833823) sd fp, 0x10(t1)
mem[0x0080000000004390] <- 0x000000000000024C

mem[X,0x0080000000000C88] -> 0xF593
mem[X,0x0080000000000C8A] -> 0xFFC3
[752] [M]: 0x0080000000000C88 (0xFFC3F593) andi a1, t2, -0x4
x11 <- 0x00800000000005E8

mem[X,0x0080000000000C8C] -> 0x8593
mem[X,0x0080000000000C8E] -> 0x0085
[753] [M]: 0x0080000000000C8C (0x00858593) addi a1, a1, 0x8
x11 <- 0x00800000000005F0

mem[X,0x0080000000000C90] -> 0x9073
mem[X,0x0080000000000C92] -> 0x3415
[754] [M]: 0x0080000000000C90 (0x34159073) csrrw zero, mepc, a1
CSR mepc <- 0x00800000000005F0 (input: 0x00800000000005F0)

mem[X,0x0080000000000C94] -> 0x23F3
mem[X,0x0080000000000C96] -> 0x3430
[755] [M]: 0x0080000000000C94 (0x343023F3) csrrs t2, mtval, zero
CSR mtval -> 0x0080000000000830
x7 <- 0x0080000000000830

mem[X,0x0080000000000C98] -> 0x7513
mem[X,0x0080000000000C9A] -> 0x00F5
[756] [M]: 0x0080000000000C98 (0x00F57513) andi a0, a0, 0xf
x10 <- 0x0000000000000007

mem[X,0x0080000000000C9C] -> 0x0437
mem[X,0x0080000000000C9E] -> 0x0000
[757] [M]: 0x0080000000000C9C (0x00000437) lui fp, 0x0
x8 <- 0x0000000000000000

mem[X,0x0080000000000CA0] -> 0x0413
mem[X,0x0080000000000CA2] -> 0x0004
[758] [M]: 0x0080000000000CA0 (0x00040413) addi fp, fp, 0x0
x8 <- 0x0000000000000000

mem[X,0x0080000000000CA4] -> 0x1413
mem[X,0x0080000000000CA6] -> 0x00B4
[759] [M]: 0x0080000000000CA4 (0x00B41413) slli fp, fp, 0xb
x8 <- 0x0000000000000000

mem[X,0x0080000000000CA8] -> 0x0413
mem[X,0x0080000000000CAA] -> 0x0004
[760] [M]: 0x0080000000000CA8 (0x00040413) addi fp, fp, 0x0
x8 <- 0x0000000000000000

mem[X,0x0080000000000CAC] -> 0x1413
mem[X,0x0080000000000CAE] -> 0x00B4
[761] [M]: 0x0080000000000CAC (0x00B41413) slli fp, fp, 0xb
x8 <- 0x0000000000000000

mem[X,0x0080000000000CB0] -> 0x0413
mem[X,0x0080000000000CB2] -> 0x02C4
[762] [M]: 0x0080000000000CB0 (0x02C40413) addi fp, fp, 0x2c
x8 <- 0x000000000000002C

mem[X,0x0080000000000CB4] -> 0x1413
mem[X,0x0080000000000CB6] -> 0x00A4
[763] [M]: 0x0080000000000CB4 (0x00A41413) slli fp, fp, 0xa
x8 <- 0x000000000000B000

mem[X,0x0080000000000CB8] -> 0x0413
mem[X,0x0080000000000CBA] -> 0x0FB4
[764] [M]: 0x0080000000000CB8 (0x0FB40413) addi fp, fp, 0xfb
x8 <- 0x000000000000B0FB

mem[X,0x0080000000000CBC] -> 0x5433
mem[X,0x0080000000000CBE] -> 0x00A4
[765] [M]: 0x0080000000000CBC (0x00A45433) srl fp, fp, a0
x8 <- 0x0000000000000161

mem[X,0x0080000000000CC0] -> 0x1413
mem[X,0x0080000000000CC2] -> 0x03F4
[766] [M]: 0x0080000000000CC0 (0x03F41413) slli fp, fp, 0x3f
x8 <- 0x8000000000000000

mem[X,0x0080000000000CC4] -> 0x5C63
mem[X,0x0080000000000CC6] -> 0x0404
[767] [M]: 0x0080000000000CC4 (0x04045C63) bge fp, zero, 0x58

mem[X,0x0080000000000CC8] -> 0xB403
mem[X,0x0080000000000CCA] -> 0x2084
[768] [M]: 0x0080000000000CC8 (0x2084B403) ld fp, 0x208(s1)
mem[R,0x0080000000003208] -> 0x008000000000039C
x8 <- 0x008000000000039C

mem[X,0x0080000000000CCC] -> 0xB583
mem[X,0x0080000000000CCE] -> 0x2104
[769] [M]: 0x0080000000000CCC (0x2104B583) ld a1, 0x210(s1)
mem[R,0x0080000000003210] -> 0x00000000000004B0
x11 <- 0x00000000000004B0

mem[X,0x0080000000000CD0] -> 0x85B3
mem[X,0x0080000000000CD2] -> 0x0085
[770] [M]: 0x0080000000000CD0 (0x008585B3) add a1, a1, fp
x11 <- 0x008000000000084C

mem[X,0x0080000000000CD4] -> 0xF463
mem[X,0x0080000000000CD6] -> 0x00B3
[771] [M]: 0x0080000000000CD4 (0x00B3F463) bgeu t2, a1, 0x8

mem[X,0x0080000000000CD8] -> 0xF063
mem[X,0x0080000000000CDA] -> 0x0483
[772] [M]: 0x0080000000000CD8 (0x0483F063) bgeu t2, fp, 0x40

mem[X,0x0080000000000D18] -> 0x8433
mem[X,0x0080000000000D1A] -> 0x4083
[773] [M]: 0x0080000000000D18 (0x40838433) sub fp, t2, fp
x8 <- 0x0000000000000494

mem[X,0x0080000000000D1C] -> 0x3C23
mem[X,0x0080000000000D1E] -> 0x0083
[774] [M]: 0x0080000000000D1C (0x00833C23) sd fp, 0x18(t1)
mem[0x0080000000004398] <- 0x0000000000000494

mem[X,0x0080000000000D20] -> 0x3483
mem[X,0x0080000000000D22] -> 0x2181
[775] [M]: 0x0080000000000D20 (0x21813483) ld s1, 0x218(sp)
mem[R,0x0080000000003218] -> 0x00800000000043A0
x9 <- 0x00800000000043A0

mem[X,0x0080000000000D24] -> 0x3383
mem[X,0x0080000000000D26] -> 0x1F81
[776] [M]: 0x0080000000000D24 (0x1F813383) ld t2, 0x1f8(sp)
mem[R,0x00800000000031F8] -> 0x0080000000004210
x7 <- 0x0080000000004210

mem[X,0x0080000000000D28] -> 0x3303
mem[X,0x0080000000000D2A] -> 0x2001
[777] [M]: 0x0080000000000D28 (0x20013303) ld t1, 0x200(sp)
mem[R,0x0080000000003200] -> 0x0000000000000520
x6 <- 0x0000000000000520

mem[X,0x0080000000000D2C] -> 0x0333
mem[X,0x0080000000000D2E] -> 0x0073
[778] [M]: 0x0080000000000D2C (0x00730333) add t1, t1, t2
x6 <- 0x0080000000004730

mem[X,0x0080000000000D30] -> 0x62E3
mem[X,0x0080000000000D32] -> 0xB293
[779] [M]: 0x0080000000000D30 (0xB29362E3) bltu t1, s1, -0x4dc

mem[X,0x0080000000000D34] -> 0x0393
mem[X,0x0080000000000D36] -> 0x2000
[780] [M]: 0x0080000000000D34 (0x20000393) addi t2, zero, 0x200
x7 <- 0x0000000000000200

mem[X,0x0080000000000D38] -> 0x006F
mem[X,0x0080000000000D3A] -> 0x0400
[781] [M]: 0x0080000000000D38 (0x0400006F) jal zero, 0x40

mem[X,0x0080000000000D78] -> 0x0417
mem[X,0x0080000000000D7A] -> 0x0000
[782] [M]: 0x0080000000000D78 (0x00000417) auipc fp, 0x0
x8 <- 0x0080000000000D78

mem[X,0x0080000000000D7C] -> 0x0413
mem[X,0x0080000000000D7E] -> 0x03C4
[783] [M]: 0x0080000000000D7C (0x03C40413) addi fp, fp, 0x3c
x8 <- 0x0080000000000DB4

mem[X,0x0080000000000D80] -> 0x0433
mem[X,0x0080000000000D82] -> 0x0074
[784] [M]: 0x0080000000000D80 (0x00740433) add fp, fp, t2
x8 <- 0x0080000000000FB4

mem[X,0x0080000000000D84] -> 0x1393
mem[X,0x0080000000000D86] -> 0x0035
[785] [M]: 0x0080000000000D84 (0x00351393) slli t2, a0, 0x3
x7 <- 0x0000000000000038

mem[X,0x0080000000000D88] -> 0x0433
mem[X,0x0080000000000D8A] -> 0x0074
[786] [M]: 0x0080000000000D88 (0x00740433) add fp, fp, t2
x8 <- 0x0080000000000FEC

mem[X,0x0080000000000D8C] -> 0x7413
mem[X,0x0080000000000D8E] -> 0xFF84
[787] [M]: 0x0080000000000D8C (0xFF847413) andi fp, fp, -0x8
x8 <- 0x0080000000000FE8

mem[X,0x0080000000000D90] -> 0x3403
mem[X,0x0080000000000D92] -> 0x0004
[788] [M]: 0x0080000000000D90 (0x00043403) ld fp, 0x0(fp)
mem[R,0x0080000000000FE8] -> 0x000000000000000F
x8 <- 0x000000000000000F

mem[X,0x0080000000000D94] -> 0x0AE3
mem[X,0x0080000000000D96] -> 0xB404
[789] [M]: 0x0080000000000D94 (0xB4040AE3) beq fp, zero, -0x4ac

mem[X,0x0080000000000D98] -> 0x1393
mem[X,0x0080000000000D9A] -> 0x03F4
[790] [M]: 0x0080000000000D98 (0x03F41393) slli t2, fp, 0x3f
x7 <- 0x8000000000000000

mem[X,0x0080000000000D9C] -> 0xD863
mem[X,0x0080000000000D9E] -> 0x0003
[791] [M]: 0x0080000000000D9C (0x0003D863) bge t2, zero, 0x10

mem[X,0x0080000000000DA0] -> 0x5413
mem[X,0x0080000000000DA2] -> 0x0014
[792] [M]: 0x0080000000000DA0 (0x00145413) srli fp, fp, 0x1
x8 <- 0x0000000000000007

mem[X,0x0080000000000DA4] -> 0x0CE3
mem[X,0x0080000000000DA6] -> 0xF885
[793] [M]: 0x0080000000000DA4 (0xF8850CE3) beq a0, fp, -0x68

mem[X,0x0080000000000D3C] -> 0x3303
mem[X,0x0080000000000D3E] -> 0x2601
[794] [M]: 0x0080000000000D3C (0x26013303) ld t1, 0x260(sp)
mem[R,0x0080000000003260] -> 0x000000001FDDB7D5
x6 <- 0x000000001FDDB7D5

mem[X,0x0080000000000D40] -> 0x3383
mem[X,0x0080000000000D42] -> 0x2681
[795] [M]: 0x0080000000000D40 (0x26813383) ld t2, 0x268(sp)
mem[R,0x0080000000003268] -> 0x00000000003FBB6F
x7 <- 0x00000000003FBB6F

mem[X,0x0080000000000D44] -> 0x3403
mem[X,0x0080000000000D46] -> 0x2701
[796] [M]: 0x0080000000000D44 (0x27013403) ld fp, 0x270(sp)
mem[R,0x0080000000003270] -> 0x0000000000007F76
x8 <- 0x0000000000007F76

mem[X,0x0080000000000D48] -> 0x3483
mem[X,0x0080000000000D4A] -> 0x2781
[797] [M]: 0x0080000000000D48 (0x27813483) ld s1, 0x278(sp)
mem[R,0x0080000000003278] -> 0x00000000000000FE
x9 <- 0x00000000000000FE

mem[X,0x0080000000000D4C] -> 0x3503
mem[X,0x0080000000000D4E] -> 0x2801
[798] [M]: 0x0080000000000D4C (0x28013503) ld a0, 0x280(sp)
mem[R,0x0080000000003280] -> 0x0000000000000001
x10 <- 0x0000000000000001

mem[X,0x0080000000000D50] -> 0x3583
mem[X,0x0080000000000D52] -> 0x2881
[799] [M]: 0x0080000000000D50 (0x28813583) ld a1, 0x288(sp)
mem[R,0x0080000000003288] -> 0x0000000000000000
x11 <- 0x0000000000000000

clint::tick mtime <- 0x0000000000000008
 clint timer pending at mtime 0x0000000000000008
htif::tick 0x0000000000000000
mem[X,0x0080000000000D54] -> 0x3103
mem[X,0x0080000000000D56] -> 0x2901
[800] [M]: 0x0080000000000D54 (0x29013103) ld sp, 0x290(sp)
mem[R,0x0080000000003290] -> 0x01FDDB7D5BFDDB7F
x2 <- 0x01FDDB7D5BFDDB7F

mem[X,0x0080000000000D58] -> 0x0073
mem[X,0x0080000000000D5A] -> 0x3020
[801] [M]: 0x0080000000000D58 (0x30200073) mret
CSR mstatus <- 0x0000000A00000080
ret-ing from M to M

mem[X,0x00800000000005F0] -> 0x0013
mem[X,0x00800000000005F2] -> 0x0000
[802] [M]: 0x00800000000005F0 (0x00000013) addi zero, zero, 0x0

mem[X,0x00800000000005F4] -> 0x8703
mem[X,0x00800000000005F6] -> 0x0007
[803] [M]: 0x00800000000005F4 (0x00078703) lb a4, 0x0(a5)
mem[R,0x0080000000000830] -> 0x93
x14 <- 0xFFFFFFFFFFFFFF93

mem[X,0x00800000000005F8] -> 0x0013
mem[X,0x00800000000005FA] -> 0x0000
[804] [M]: 0x00800000000005F8 (0x00000013) addi zero, zero, 0x0

mem[X,0x00800000000005FC] -> 0x0013
mem[X,0x00800000000005FE] -> 0x0000
[805] [M]: 0x00800000000005FC (0x00000013) addi zero, zero, 0x0

mem[X,0x0080000000000600] -> 0xB023
mem[X,0x0080000000000602] -> 0x00E6
[806] [M]: 0x0080000000000600 (0x00E6B023) sd a4, 0x0(a3)
mem[0x0080000000004218] <- 0xFFFFFFFFFFFFFF93

mem[X,0x0080000000000604] -> 0x9703
mem[X,0x0080000000000606] -> 0x0007
[807] [M]: 0x0080000000000604 (0x00079703) lh a4, 0x0(a5)
mem[R,0x0080000000000830] -> 0x8493
x14 <- 0xFFFFFFFFFFFF8493

mem[X,0x0080000000000608] -> 0x0013
mem[X,0x008000000000060A] -> 0x0000
[808] [M]: 0x0080000000000608 (0x00000013) addi zero, zero, 0x0

mem[X,0x008000000000060C] -> 0x0013
mem[X,0x008000000000060E] -> 0x0000
[809] [M]: 0x008000000000060C (0x00000013) addi zero, zero, 0x0

mem[X,0x0080000000000610] -> 0xB423
mem[X,0x0080000000000612] -> 0x00E6
[810] [M]: 0x0080000000000610 (0x00E6B423) sd a4, 0x8(a3)
mem[0x0080000000004220] <- 0xFFFFFFFFFFFF8493

mem[X,0x0080000000000614] -> 0xA703
mem[X,0x0080000000000616] -> 0x0007
[811] [M]: 0x0080000000000614 (0x0007A703) lw a4, 0x0(a5)
mem[R,0x0080000000000830] -> 0x00148493
x14 <- 0x0000000000148493

mem[X,0x0080000000000618] -> 0x0013
mem[X,0x008000000000061A] -> 0x0000
[812] [M]: 0x0080000000000618 (0x00000013) addi zero, zero, 0x0

mem[X,0x008000000000061C] -> 0x0013
mem[X,0x008000000000061E] -> 0x0000
[813] [M]: 0x008000000000061C (0x00000013) addi zero, zero, 0x0

mem[X,0x0080000000000620] -> 0xB703
mem[X,0x0080000000000622] -> 0x0007
[814] [M]: 0x0080000000000620 (0x0007B703) ld a4, 0x0(a5)
mem[R,0x0080000000000830] -> 0x0000001300148493
x14 <- 0x0000001300148493

mem[X,0x0080000000000624] -> 0x0013
mem[X,0x0080000000000626] -> 0x0000
[815] [M]: 0x0080000000000624 (0x00000013) addi zero, zero, 0x0

mem[X,0x0080000000000628] -> 0x0013
mem[X,0x008000000000062A] -> 0x0000
[816] [M]: 0x0080000000000628 (0x00000013) addi zero, zero, 0x0

mem[X,0x008000000000062C] -> 0xB823
mem[X,0x008000000000062E] -> 0x00E6
[817] [M]: 0x008000000000062C (0x00E6B823) sd a4, 0x10(a3)
mem[0x0080000000004228] <- 0x0000001300148493

mem[X,0x0080000000000630] -> 0x00EF
mem[X,0x0080000000000632] -> 0x2000
[818] [M]: 0x0080000000000630 (0x200000EF) jal ra, 0x200
x1 <- 0x0080000000000634

mem[X,0x0080000000000830] -> 0x8493
mem[X,0x0080000000000832] -> 0x0014
[819] [M]: 0x0080000000000830 (0x00148493) addi s1, s1, 0x1
x9 <- 0x00000000000000FF

mem[X,0x0080000000000834] -> 0x0013
mem[X,0x0080000000000836] -> 0x0000
[820] [M]: 0x0080000000000834 (0x00000013) addi zero, zero, 0x0

mem[X,0x0080000000000838] -> 0x0013
mem[X,0x008000000000083A] -> 0x0000
[821] [M]: 0x0080000000000838 (0x00000013) addi zero, zero, 0x0

mem[X,0x008000000000083C] -> 0x0013
mem[X,0x008000000000083E] -> 0x0000
[822] [M]: 0x008000000000083C (0x00000013) addi zero, zero, 0x0

mem[X,0x0080000000000840] -> 0x0013
mem[X,0x0080000000000842] -> 0x0000
[823] [M]: 0x0080000000000840 (0x00000013) addi zero, zero, 0x0

mem[X,0x0080000000000844] -> 0x0013
mem[X,0x0080000000000846] -> 0x0000
[824] [M]: 0x0080000000000844 (0x00000013) addi zero, zero, 0x0

mem[X,0x0080000000000848] -> 0x8067
mem[X,0x008000000000084A] -> 0x0000
[825] [M]: 0x0080000000000848 (0x00008067) jalr zero, 0x0(ra)

mem[X,0x0080000000000634] -> 0x0013
mem[X,0x0080000000000636] -> 0x0000
[826] [M]: 0x0080000000000634 (0x00000013) addi zero, zero, 0x0

mem[X,0x0080000000000638] -> 0x0013
mem[X,0x008000000000063A] -> 0x0000
[827] [M]: 0x0080000000000638 (0x00000013) addi zero, zero, 0x0

mem[X,0x008000000000063C] -> 0x00EF
mem[X,0x008000000000063E] -> 0x1F40
[828] [M]: 0x008000000000063C (0x1F4000EF) jal ra, 0x1f4
x1 <- 0x0080000000000640

mem[X,0x0080000000000830] -> 0x8493
mem[X,0x0080000000000832] -> 0x0014
[829] [M]: 0x0080000000000830 (0x00148493) addi s1, s1, 0x1
x9 <- 0x0000000000000100

mem[X,0x0080000000000834] -> 0x0013
mem[X,0x0080000000000836] -> 0x0000
[830] [M]: 0x0080000000000834 (0x00000013) addi zero, zero, 0x0

mem[X,0x0080000000000838] -> 0x0013
mem[X,0x008000000000083A] -> 0x0000
[831] [M]: 0x0080000000000838 (0x00000013) addi zero, zero, 0x0

mem[X,0x008000000000083C] -> 0x0013
mem[X,0x008000000000083E] -> 0x0000
[832] [M]: 0x008000000000083C (0x00000013) addi zero, zero, 0x0

mem[X,0x0080000000000840] -> 0x0013
mem[X,0x0080000000000842] -> 0x0000
[833] [M]: 0x0080000000000840 (0x00000013) addi zero, zero, 0x0

mem[X,0x0080000000000844] -> 0x0013
mem[X,0x0080000000000846] -> 0x0000
[834] [M]: 0x0080000000000844 (0x00000013) addi zero, zero, 0x0

mem[X,0x0080000000000848] -> 0x8067
mem[X,0x008000000000084A] -> 0x0000
[835] [M]: 0x0080000000000848 (0x00008067) jalr zero, 0x0(ra)

mem[X,0x0080000000000640] -> 0x0493
mem[X,0x0080000000000642] -> 0xFFF0
[836] [M]: 0x0080000000000640 (0xFFF00493) addi s1, zero, -0x1
x9 <- 0xFFFFFFFFFFFFFFFF

mem[X,0x0080000000000644] -> 0xD493
mem[X,0x0080000000000646] -> 0x03E4
[837] [M]: 0x0080000000000644 (0x03E4D493) srli s1, s1, 0x3e
x9 <- 0x0000000000000003

mem[X,0x0080000000000648] -> 0x9493
mem[X,0x008000000000064A] -> 0x00B4
[838] [M]: 0x0080000000000648 (0x00B49493) slli s1, s1, 0xb
x9 <- 0x0000000000001800

mem[X,0x008000000000064C] -> 0xB073
mem[X,0x008000000000064E] -> 0x3004
[839] [M]: 0x008000000000064C (0x3004B073) csrrc zero, mstatus, s1
CSR mstatus <- 0x0000000A00000080 (input: 0x0000000A00000080)

mem[X,0x0080000000000650] -> 0x0493
mem[X,0x0080000000000652] -> 0x0010
[840] [M]: 0x0080000000000650 (0x00100493) addi s1, zero, 0x1
x9 <- 0x0000000000000001

mem[X,0x0080000000000654] -> 0x9493
mem[X,0x0080000000000656] -> 0x00B4
[841] [M]: 0x0080000000000654 (0x00B49493) slli s1, s1, 0xb
x9 <- 0x0000000000000800

mem[X,0x0080000000000658] -> 0xA073
mem[X,0x008000000000065A] -> 0x3004
[842] [M]: 0x0080000000000658 (0x3004A073) csrrs zero, mstatus, s1
CSR mstatus <- 0x0000000A00000880 (input: 0x0000000A00000880)

mem[X,0x008000000000065C] -> 0x2173
mem[X,0x008000000000065E] -> 0x3400
[843] [M]: 0x008000000000065C (0x34002173) csrrs sp, mscratch, zero
CSR mscratch -> 0x0080000000003000
x2 <- 0x0080000000003000

mem[X,0x0080000000000660] -> 0x3303
mem[X,0x0080000000000662] -> 0x4701
[844] [M]: 0x0080000000000660 (0x47013303) ld t1, 0x470(sp)
mem[R,0x0080000000003470] -> 0x008000000000039C
x6 <- 0x008000000000039C

mem[X,0x0080000000000664] -> 0x3483
mem[X,0x0080000000000666] -> 0x1D81
[845] [M]: 0x0080000000000664 (0x1D813483) ld s1, 0x1d8(sp)
mem[R,0x00800000000031D8] -> 0x008000000000039C
x9 <- 0x008000000000039C

mem[X,0x0080000000000668] -> 0x0333
mem[X,0x008000000000066A] -> 0x4093
[846] [M]: 0x0080000000000668 (0x40930333) sub t1, t1, s1
x6 <- 0x0000000000000000

mem[X,0x008000000000066C] -> 0x0313
mem[X,0x008000000000066E] -> 0x0103
[847] [M]: 0x008000000000066C (0x01030313) addi t1, t1, 0x10
x6 <- 0x0000000000000010

mem[X,0x0080000000000670] -> 0x0497
mem[X,0x0080000000000672] -> 0x0000
[848] [M]: 0x0080000000000670 (0x00000497) auipc s1, 0x0
x9 <- 0x0080000000000670

mem[X,0x0080000000000674] -> 0x84B3
mem[X,0x0080000000000676] -> 0x0064
[849] [M]: 0x0080000000000674 (0x006484B3) add s1, s1, t1
x9 <- 0x0080000000000680

mem[X,0x0080000000000678] -> 0x94F3
mem[X,0x008000000000067A] -> 0x3414
[850] [M]: 0x0080000000000678 (0x341494F3) csrrw s1, mepc, s1
CSR mepc <- 0x0080000000000680 (input: 0x0080000000000680)
x9 <- 0x00800000000005F0

mem[X,0x008000000000067C] -> 0x0073
mem[X,0x008000000000067E] -> 0x3020
[851] [M]: 0x008000000000067C (0x30200073) mret
CSR mstatus <- 0x0000000A00000088
ret-ing from M to S

mem[X,0x0080000000000680] -> 0x0797
mem[X,0x0080000000000682] -> 0x0000
[852] [S]: 0x0080000000000680 (0x00000797) auipc a5, 0x0
x15 <- 0x0080000000000680

mem[X,0x0080000000000684] -> 0x8793
mem[X,0x0080000000000686] -> 0x1B07
[853] [S]: 0x0080000000000684 (0x1B078793) addi a5, a5, 0x1b0
x15 <- 0x0080000000000830

mem[X,0x0080000000000688] -> 0x0013
mem[X,0x008000000000068A] -> 0x0000
[854] [S]: 0x0080000000000688 (0x00000013) addi zero, zero, 0x0

mem[X,0x008000000000068C] -> 0x0013
mem[X,0x008000000000068E] -> 0x0000
[855] [S]: 0x008000000000068C (0x00000013) addi zero, zero, 0x0

mem[X,0x0080000000000690] -> 0x0013
mem[X,0x0080000000000692] -> 0x0000
[856] [S]: 0x0080000000000690 (0x00000013) addi zero, zero, 0x0

mem[X,0x0080000000000694] -> 0x0013
mem[X,0x0080000000000696] -> 0x0000
[857] [S]: 0x0080000000000694 (0x00000013) addi zero, zero, 0x0

mem[X,0x0080000000000698] -> 0x0013
mem[X,0x008000000000069A] -> 0x0000
[858] [S]: 0x0080000000000698 (0x00000013) addi zero, zero, 0x0

mem[X,0x008000000000069C] -> 0x0013
mem[X,0x008000000000069E] -> 0x0000
[859] [S]: 0x008000000000069C (0x00000013) addi zero, zero, 0x0

mem[X,0x00800000000006A0] -> 0x0713
mem[X,0x00800000000006A2] -> 0x0130
[860] [S]: 0x00800000000006A0 (0x01300713) addi a4, zero, 0x13
x14 <- 0x0000000000000013

mem[X,0x00800000000006A4] -> 0x8023
mem[X,0x00800000000006A6] -> 0x00E7
[861] [S]: 0x00800000000006A4 (0x00E78023) sb a4, 0x0(a5)
trapping from S to M to handle store/amo-access-fault
handling exc#0x07 at priv M with tval 0x0080000000000830
CSR mstatus <- 0x0000000A00000880

mem[X,0x0080000000000940] -> 0x006F
mem[X,0x0080000000000942] -> 0x1000
[862] [M]: 0x0080000000000940 (0x1000006F) jal zero, 0x100

mem[X,0x0080000000000A40] -> 0x1173
mem[X,0x0080000000000A42] -> 0x3401
[863] [M]: 0x0080000000000A40 (0x34011173) csrrw sp, mscratch, sp
CSR mscratch <- 0x0080000000003000 (input: 0x0080000000003000)
x2 <- 0x0080000000003000

mem[X,0x0080000000000A44] -> 0x3423
mem[X,0x0080000000000A46] -> 0x28B1
[864] [M]: 0x0080000000000A44 (0x28B13423) sd a1, 0x288(sp)
mem[0x0080000000003288] <- 0x0000000000000000

mem[X,0x0080000000000A48] -> 0x05EF
mem[X,0x0080000000000A4A] -> 0x0B80
[865] [M]: 0x0080000000000A48 (0x0B8005EF) jal a1, 0xb8
x11 <- 0x0080000000000A4C

mem[X,0x0080000000000B00] -> 0x3023
mem[X,0x0080000000000B02] -> 0x28A1
[866] [M]: 0x0080000000000B00 (0x28A13023) sd a0, 0x280(sp)
mem[0x0080000000003280] <- 0x0000000000000001

mem[X,0x0080000000000B04] -> 0x1573
mem[X,0x0080000000000B06] -> 0x3401
[867] [M]: 0x0080000000000B04 (0x34011573) csrrw a0, mscratch, sp
CSR mscratch <- 0x0080000000003000 (input: 0x0080000000003000)
x10 <- 0x0080000000003000

mem[X,0x0080000000000B08] -> 0x3823
mem[X,0x0080000000000B0A] -> 0x28A1
[868] [M]: 0x0080000000000B08 (0x28A13823) sd a0, 0x290(sp)
mem[0x0080000000003290] <- 0x0080000000003000

mem[X,0x0080000000000B0C] -> 0x3503
mem[X,0x0080000000000B0E] -> 0x2301
[869] [M]: 0x0080000000000B0C (0x23013503) ld a0, 0x230(sp)
mem[R,0x0080000000003230] -> 0x0080000000000B14
x10 <- 0x0080000000000B14

mem[X,0x0080000000000B10] -> 0x0067
mem[X,0x0080000000000B12] -> 0x0005
[870] [M]: 0x0080000000000B10 (0x00050067) jalr zero, 0x0(a0)

mem[X,0x0080000000000B14] -> 0x3C23
mem[X,0x0080000000000B16] -> 0x2691
[871] [M]: 0x0080000000000B14 (0x26913C23) sd s1, 0x278(sp)
mem[0x0080000000003278] <- 0x00800000000005F0

mem[X,0x0080000000000B18] -> 0x3823
mem[X,0x0080000000000B1A] -> 0x2681
[872] [M]: 0x0080000000000B18 (0x26813823) sd fp, 0x270(sp)
mem[0x0080000000003270] <- 0x0000000000007F76

mem[X,0x0080000000000B1C] -> 0x3423
mem[X,0x0080000000000B1E] -> 0x2671
[873] [M]: 0x0080000000000B1C (0x26713423) sd t2, 0x268(sp)
mem[0x0080000000003268] <- 0x00000000003FBB6F

mem[X,0x0080000000000B20] -> 0x3023
mem[X,0x0080000000000B22] -> 0x2661
[874] [M]: 0x0080000000000B20 (0x26613023) sd t1, 0x260(sp)
mem[0x0080000000003260] <- 0x0000000000000010

mem[X,0x0080000000000B24] -> 0x2573
mem[X,0x0080000000000B26] -> 0x3420
[875] [M]: 0x0080000000000B24 (0x34202573) csrrs a0, mcause, zero
CSR mcause -> 0x0000000000000007
x10 <- 0x0000000000000007

mem[X,0x0080000000000B28] -> 0x04B7
mem[X,0x0080000000000B2A] -> 0x8000
[876] [M]: 0x0080000000000B28 (0x800004B7) lui s1, -0x80000
x9 <- 0xFFFFFFFF80000000

mem[X,0x0080000000000B2C] -> 0x8493
mem[X,0x0080000000000B2E] -> 0x0004
[877] [M]: 0x0080000000000B2C (0x00048493) addi s1, s1, 0x0
x9 <- 0xFFFFFFFF80000000

mem[X,0x0080000000000B30] -> 0x9493
mem[X,0x0080000000000B32] -> 0x00B4
[878] [M]: 0x0080000000000B30 (0x00B49493) slli s1, s1, 0xb
x9 <- 0xFFFFFC0000000000

mem[X,0x0080000000000B34] -> 0x8493
mem[X,0x0080000000000B36] -> 0x0004
[879] [M]: 0x0080000000000B34 (0x00048493) addi s1, s1, 0x0
x9 <- 0xFFFFFC0000000000

mem[X,0x0080000000000B38] -> 0x9493
mem[X,0x0080000000000B3A] -> 0x00B4
[880] [M]: 0x0080000000000B38 (0x00B49493) slli s1, s1, 0xb
x9 <- 0xFFE0000000000000

mem[X,0x0080000000000B3C] -> 0x8493
mem[X,0x0080000000000B3E] -> 0x0034
[881] [M]: 0x0080000000000B3C (0x00348493) addi s1, s1, 0x3
x9 <- 0xFFE0000000000003

mem[X,0x0080000000000B40] -> 0x9493
mem[X,0x0080000000000B42] -> 0x00A4
[882] [M]: 0x0080000000000B40 (0x00A49493) slli s1, s1, 0xa
x9 <- 0x8000000000000C00

mem[X,0x0080000000000B44] -> 0x8493
mem[X,0x0080000000000B46] -> 0x3FC4
[883] [M]: 0x0080000000000B44 (0x3FC48493) addi s1, s1, 0x3fc
x9 <- 0x8000000000000FFC

mem[X,0x0080000000000B48] -> 0xF4B3
mem[X,0x0080000000000B4A] -> 0x00A4
[884] [M]: 0x0080000000000B48 (0x00A4F4B3) and s1, s1, a0
x9 <- 0x0000000000000004

mem[X,0x0080000000000B4C] -> 0x8493
mem[X,0x0080000000000B4E] -> 0xFF84
[885] [M]: 0x0080000000000B4C (0xFF848493) addi s1, s1, -0x8
x9 <- 0xFFFFFFFFFFFFFFFC

mem[X,0x0080000000000B50] -> 0x9663
mem[X,0x0080000000000B52] -> 0x0004
[886] [M]: 0x0080000000000B50 (0x00049663) bne s1, zero, 0xc

mem[X,0x0080000000000B5C] -> 0x0393
mem[X,0x0080000000000B5E] -> 0x0200
[887] [M]: 0x0080000000000B5C (0x02000393) addi t2, zero, 0x20
x7 <- 0x0000000000000020

mem[X,0x0080000000000B60] -> 0x5263
mem[X,0x0080000000000B62] -> 0x0405
[888] [M]: 0x0080000000000B60 (0x04055263) bge a0, zero, 0x44

mem[X,0x0080000000000BA4] -> 0x2373
mem[X,0x0080000000000BA6] -> 0x3010
[889] [M]: 0x0080000000000BA4 (0x30102373) csrrs t1, misa, zero
CSR misa -> 0x800000000034112D
x6 <- 0x800000000034112D

mem[X,0x0080000000000BA8] -> 0x1313
mem[X,0x0080000000000BAA] -> 0x0383
[890] [M]: 0x0080000000000BA8 (0x03831313) slli t1, t1, 0x38
x6 <- 0x2D00000000000000

mem[X,0x0080000000000BAC] -> 0x5463
mem[X,0x0080000000000BAE] -> 0x0003
[891] [M]: 0x0080000000000BAC (0x00035463) bge t1, zero, 0x8

mem[X,0x0080000000000BB4] -> 0x3303
mem[X,0x0080000000000BB6] -> 0x2181
[892] [M]: 0x0080000000000BB4 (0x21813303) ld t1, 0x218(sp)
mem[R,0x0080000000003218] -> 0x00800000000043A0
x6 <- 0x00800000000043A0

mem[X,0x0080000000000BB8] -> 0x04B3
mem[X,0x0080000000000BBA] -> 0x0073
[893] [M]: 0x0080000000000BB8 (0x007304B3) add s1, t1, t2
x9 <- 0x00800000000043C0

mem[X,0x0080000000000BBC] -> 0x3C23
mem[X,0x0080000000000BBE] -> 0x2091
[894] [M]: 0x0080000000000BBC (0x20913C23) sd s1, 0x218(sp)
mem[0x0080000000003218] <- 0x00800000000043C0

mem[X,0x0080000000000BC0] -> 0x3403
mem[X,0x0080000000000BC2] -> 0x1F81
[895] [M]: 0x0080000000000BC0 (0x1F813403) ld fp, 0x1f8(sp)
mem[R,0x00800000000031F8] -> 0x0080000000004210
x8 <- 0x0080000000004210

mem[X,0x0080000000000BC4] -> 0x0333
mem[X,0x0080000000000BC6] -> 0x4083
[896] [M]: 0x0080000000000BC4 (0x40830333) sub t1, t1, fp
x6 <- 0x0000000000000190

mem[X,0x0080000000000BC8] -> 0x3403
mem[X,0x0080000000000BCA] -> 0x1F81
[897] [M]: 0x0080000000000BC8 (0x1F813403) ld fp, 0x1f8(sp)
mem[R,0x00800000000031F8] -> 0x0080000000004210
x8 <- 0x0080000000004210

mem[X,0x0080000000000BCC] -> 0x0333
mem[X,0x0080000000000BCE] -> 0x0083
[898] [M]: 0x0080000000000BCC (0x00830333) add t1, t1, fp
x6 <- 0x00800000000043A0

mem[X,0x0080000000000BD0] -> 0x3403
mem[X,0x0080000000000BD2] -> 0x2401
[899] [M]: 0x0080000000000BD0 (0x24013403) ld fp, 0x240(sp)
mem[R,0x0080000000003240] -> 0x0080000000000940
x8 <- 0x0080000000000940

clint::tick mtime <- 0x0000000000000009
 clint timer pending at mtime 0x0000000000000009
htif::tick 0x0000000000000000
mem[X,0x0080000000000BD4] -> 0x85B3
mem[X,0x0080000000000BD6] -> 0x4085
[900] [M]: 0x0080000000000BD4 (0x408585B3) sub a1, a1, fp
x11 <- 0x000000000000010C

mem[X,0x0080000000000BD8] -> 0x9593
mem[X,0x0080000000000BDA] -> 0x0045
[901] [M]: 0x0080000000000BD8 (0x00459593) slli a1, a1, 0x4
x11 <- 0x00000000000010C0

mem[X,0x0080000000000BDC] -> 0xE5B3
mem[X,0x0080000000000BDE] -> 0x0075
[902] [M]: 0x0080000000000BDC (0x0075E5B3) or a1, a1, t2
x11 <- 0x00000000000010E0

mem[X,0x0080000000000BE0] -> 0x8593
mem[X,0x0080000000000BE2] -> 0x0035
[903] [M]: 0x0080000000000BE0 (0x00358593) addi a1, a1, 0x3
x11 <- 0x00000000000010E3

mem[X,0x0080000000000BE4] -> 0x3023
mem[X,0x0080000000000BE6] -> 0x00B3
[904] [M]: 0x0080000000000BE4 (0x00B33023) sd a1, 0x0(t1)
mem[0x00800000000043A0] <- 0x00000000000010E3

mem[X,0x0080000000000BE8] -> 0x3423
mem[X,0x0080000000000BEA] -> 0x00A3
[905] [M]: 0x0080000000000BE8 (0x00A33423) sd a0, 0x8(t1)
mem[0x00800000000043A8] <- 0x0000000000000007

mem[X,0x0080000000000BEC] -> 0x4863
mem[X,0x0080000000000BEE] -> 0x1605
[906] [M]: 0x0080000000000BEC (0x16054863) blt a0, zero, 0x170

mem[X,0x0080000000000BF0] -> 0x25F3
mem[X,0x0080000000000BF2] -> 0x3000
[907] [M]: 0x0080000000000BF0 (0x300025F3) csrrs a1, mstatus, zero
CSR mstatus -> 0x0000000A00000880
x11 <- 0x0000000A00000880

mem[X,0x0080000000000BF4] -> 0x9413
mem[X,0x0080000000000BF6] -> 0x02E5
[908] [M]: 0x0080000000000BF4 (0x02E59413) slli fp, a1, 0x2e
x8 <- 0x0220000000000000

mem[X,0x0080000000000BF8] -> 0x5463
mem[X,0x0080000000000BFA] -> 0x0004
[909] [M]: 0x0080000000000BF8 (0x00045463) bge fp, zero, 0x8

mem[X,0x0080000000000C00] -> 0xD493
mem[X,0x0080000000000C02] -> 0x00B5
[910] [M]: 0x0080000000000C00 (0x00B5D493) srli s1, a1, 0xb
x9 <- 0x0000000001400001

mem[X,0x0080000000000C04] -> 0xF493
mem[X,0x0080000000000C06] -> 0x0034
[911] [M]: 0x0080000000000C04 (0x0034F493) andi s1, s1, 0x3
x9 <- 0x0000000000000001

mem[X,0x0080000000000C08] -> 0x8493
mem[X,0x0080000000000C0A] -> 0x0014
[912] [M]: 0x0080000000000C08 (0x00148493) addi s1, s1, 0x1
x9 <- 0x0000000000000002

mem[X,0x0080000000000C0C] -> 0xF493
mem[X,0x0080000000000C0E] -> 0x0044
[913] [M]: 0x0080000000000C0C (0x0044F493) andi s1, s1, 0x4
x9 <- 0x0000000000000000

mem[X,0x0080000000000C10] -> 0x0593
mem[X,0x0080000000000C12] -> 0x05D0
[914] [M]: 0x0080000000000C10 (0x05D00593) addi a1, zero, 0x5d
x11 <- 0x000000000000005D

mem[X,0x0080000000000C14] -> 0xD5B3
mem[X,0x0080000000000C16] -> 0x0095
[915] [M]: 0x0080000000000C14 (0x0095D5B3) srl a1, a1, s1
x11 <- 0x000000000000005D

mem[X,0x0080000000000C18] -> 0xF593
mem[X,0x0080000000000C1A] -> 0x0015
[916] [M]: 0x0080000000000C18 (0x0015F593) andi a1, a1, 0x1
x11 <- 0x0000000000000001

mem[X,0x0080000000000C1C] -> 0x8EE3
mem[X,0x0080000000000C1E] -> 0xF405
[917] [M]: 0x0080000000000C1C (0xF4058EE3) beq a1, zero, -0xa4

mem[X,0x0080000000000C20] -> 0x0593
mem[X,0x0080000000000C22] -> 0x2980
[918] [M]: 0x0080000000000C20 (0x29800593) addi a1, zero, 0x298
x11 <- 0x0000000000000298

mem[X,0x0080000000000C24] -> 0xF413
mem[X,0x0080000000000C26] -> 0x0014
[919] [M]: 0x0080000000000C24 (0x0014F413) andi fp, s1, 0x1
x8 <- 0x0000000000000000

mem[X,0x0080000000000C28] -> 0x95B3
mem[X,0x0080000000000C2A] -> 0x0085
[920] [M]: 0x0080000000000C28 (0x008595B3) sll a1, a1, fp
x11 <- 0x0000000000000298

mem[X,0x0080000000000C2C] -> 0x9413
mem[X,0x0080000000000C2E] -> 0x03D4
[921] [M]: 0x0080000000000C2C (0x03D49413) slli fp, s1, 0x3d
x8 <- 0x0000000000000000

mem[X,0x0080000000000C30] -> 0x5413
mem[X,0x0080000000000C32] -> 0x43F4
[922] [M]: 0x0080000000000C30 (0x43F45413) srai fp, fp, 0x3f
x8 <- 0x0000000000000000

mem[X,0x0080000000000C34] -> 0x4413
mem[X,0x0080000000000C36] -> 0xFFF4
[923] [M]: 0x0080000000000C34 (0xFFF44413) xori fp, fp, -0x1
x8 <- 0xFFFFFFFFFFFFFFFF

mem[X,0x0080000000000C38] -> 0xF4B3
mem[X,0x0080000000000C3A] -> 0x0085
[924] [M]: 0x0080000000000C38 (0x0085F4B3) and s1, a1, fp
x9 <- 0x0000000000000298

mem[X,0x0080000000000C3C] -> 0x84B3
mem[X,0x0080000000000C3E] -> 0x0024
[925] [M]: 0x0080000000000C3C (0x002484B3) add s1, s1, sp
x9 <- 0x0080000000003298

mem[X,0x0080000000000C40] -> 0x23F3
mem[X,0x0080000000000C42] -> 0x3410
[926] [M]: 0x0080000000000C40 (0x341023F3) csrrs t2, mepc, zero
CSR mepc -> 0x00800000000006A4
x7 <- 0x00800000000006A4

mem[X,0x0080000000000C44] -> 0xB403
mem[X,0x0080000000000C46] -> 0x2084
[927] [M]: 0x0080000000000C44 (0x2084B403) ld fp, 0x208(s1)
mem[R,0x00800000000034A0] -> 0x008000000000039C
x8 <- 0x008000000000039C

mem[X,0x0080000000000C48] -> 0xB583
mem[X,0x0080000000000C4A] -> 0x2104
[928] [M]: 0x0080000000000C48 (0x2104B583) ld a1, 0x210(s1)
mem[R,0x00800000000034A8] -> 0x00000000000004B0
x11 <- 0x00000000000004B0

mem[X,0x0080000000000C4C] -> 0x85B3
mem[X,0x0080000000000C4E] -> 0x0085
[929] [M]: 0x0080000000000C4C (0x008585B3) add a1, a1, fp
x11 <- 0x008000000000084C

mem[X,0x0080000000000C50] -> 0xF463
mem[X,0x0080000000000C52] -> 0x00B3
[930] [M]: 0x0080000000000C50 (0x00B3F463) bgeu t2, a1, 0x8

mem[X,0x0080000000000C54] -> 0xF663
mem[X,0x0080000000000C56] -> 0x0283
[931] [M]: 0x0080000000000C54 (0x0283F663) bgeu t2, fp, 0x2c

mem[X,0x0080000000000C80] -> 0x8433
mem[X,0x0080000000000C82] -> 0x4083
[932] [M]: 0x0080000000000C80 (0x40838433) sub fp, t2, fp
x8 <- 0x0000000000000308

mem[X,0x0080000000000C84] -> 0x3823
mem[X,0x0080000000000C86] -> 0x0083
[933] [M]: 0x0080000000000C84 (0x00833823) sd fp, 0x10(t1)
mem[0x00800000000043B0] <- 0x0000000000000308

mem[X,0x0080000000000C88] -> 0xF593
mem[X,0x0080000000000C8A] -> 0xFFC3
[934] [M]: 0x0080000000000C88 (0xFFC3F593) andi a1, t2, -0x4
x11 <- 0x00800000000006A4

mem[X,0x0080000000000C8C] -> 0x8593
mem[X,0x0080000000000C8E] -> 0x0085
[935] [M]: 0x0080000000000C8C (0x00858593) addi a1, a1, 0x8
x11 <- 0x00800000000006AC

mem[X,0x0080000000000C90] -> 0x9073
mem[X,0x0080000000000C92] -> 0x3415
[936] [M]: 0x0080000000000C90 (0x34159073) csrrw zero, mepc, a1
CSR mepc <- 0x00800000000006AC (input: 0x00800000000006AC)

mem[X,0x0080000000000C94] -> 0x23F3
mem[X,0x0080000000000C96] -> 0x3430
[937] [M]: 0x0080000000000C94 (0x343023F3) csrrs t2, mtval, zero
CSR mtval -> 0x0080000000000830
x7 <- 0x0080000000000830

mem[X,0x0080000000000C98] -> 0x7513
mem[X,0x0080000000000C9A] -> 0x00F5
[938] [M]: 0x0080000000000C98 (0x00F57513) andi a0, a0, 0xf
x10 <- 0x0000000000000007

mem[X,0x0080000000000C9C] -> 0x0437
mem[X,0x0080000000000C9E] -> 0x0000
[939] [M]: 0x0080000000000C9C (0x00000437) lui fp, 0x0
x8 <- 0x0000000000000000

mem[X,0x0080000000000CA0] -> 0x0413
mem[X,0x0080000000000CA2] -> 0x0004
[940] [M]: 0x0080000000000CA0 (0x00040413) addi fp, fp, 0x0
x8 <- 0x0000000000000000

mem[X,0x0080000000000CA4] -> 0x1413
mem[X,0x0080000000000CA6] -> 0x00B4
[941] [M]: 0x0080000000000CA4 (0x00B41413) slli fp, fp, 0xb
x8 <- 0x0000000000000000

mem[X,0x0080000000000CA8] -> 0x0413
mem[X,0x0080000000000CAA] -> 0x0004
[942] [M]: 0x0080000000000CA8 (0x00040413) addi fp, fp, 0x0
x8 <- 0x0000000000000000

mem[X,0x0080000000000CAC] -> 0x1413
mem[X,0x0080000000000CAE] -> 0x00B4
[943] [M]: 0x0080000000000CAC (0x00B41413) slli fp, fp, 0xb
x8 <- 0x0000000000000000

mem[X,0x0080000000000CB0] -> 0x0413
mem[X,0x0080000000000CB2] -> 0x02C4
[944] [M]: 0x0080000000000CB0 (0x02C40413) addi fp, fp, 0x2c
x8 <- 0x000000000000002C

mem[X,0x0080000000000CB4] -> 0x1413
mem[X,0x0080000000000CB6] -> 0x00A4
[945] [M]: 0x0080000000000CB4 (0x00A41413) slli fp, fp, 0xa
x8 <- 0x000000000000B000

mem[X,0x0080000000000CB8] -> 0x0413
mem[X,0x0080000000000CBA] -> 0x0FB4
[946] [M]: 0x0080000000000CB8 (0x0FB40413) addi fp, fp, 0xfb
x8 <- 0x000000000000B0FB

mem[X,0x0080000000000CBC] -> 0x5433
mem[X,0x0080000000000CBE] -> 0x00A4
[947] [M]: 0x0080000000000CBC (0x00A45433) srl fp, fp, a0
x8 <- 0x0000000000000161

mem[X,0x0080000000000CC0] -> 0x1413
mem[X,0x0080000000000CC2] -> 0x03F4
[948] [M]: 0x0080000000000CC0 (0x03F41413) slli fp, fp, 0x3f
x8 <- 0x8000000000000000

mem[X,0x0080000000000CC4] -> 0x5C63
mem[X,0x0080000000000CC6] -> 0x0404
[949] [M]: 0x0080000000000CC4 (0x04045C63) bge fp, zero, 0x58

mem[X,0x0080000000000CC8] -> 0xB403
mem[X,0x0080000000000CCA] -> 0x2084
[950] [M]: 0x0080000000000CC8 (0x2084B403) ld fp, 0x208(s1)
mem[R,0x00800000000034A0] -> 0x008000000000039C
x8 <- 0x008000000000039C

mem[X,0x0080000000000CCC] -> 0xB583
mem[X,0x0080000000000CCE] -> 0x2104
[951] [M]: 0x0080000000000CCC (0x2104B583) ld a1, 0x210(s1)
mem[R,0x00800000000034A8] -> 0x00000000000004B0
x11 <- 0x00000000000004B0

mem[X,0x0080000000000CD0] -> 0x85B3
mem[X,0x0080000000000CD2] -> 0x0085
[952] [M]: 0x0080000000000CD0 (0x008585B3) add a1, a1, fp
x11 <- 0x008000000000084C

mem[X,0x0080000000000CD4] -> 0xF463
mem[X,0x0080000000000CD6] -> 0x00B3
[953] [M]: 0x0080000000000CD4 (0x00B3F463) bgeu t2, a1, 0x8

mem[X,0x0080000000000CD8] -> 0xF063
mem[X,0x0080000000000CDA] -> 0x0483
[954] [M]: 0x0080000000000CD8 (0x0483F063) bgeu t2, fp, 0x40

mem[X,0x0080000000000D18] -> 0x8433
mem[X,0x0080000000000D1A] -> 0x4083
[955] [M]: 0x0080000000000D18 (0x40838433) sub fp, t2, fp
x8 <- 0x0000000000000494

mem[X,0x0080000000000D1C] -> 0x3C23
mem[X,0x0080000000000D1E] -> 0x0083
[956] [M]: 0x0080000000000D1C (0x00833C23) sd fp, 0x18(t1)
mem[0x00800000000043B8] <- 0x0000000000000494

mem[X,0x0080000000000D20] -> 0x3483
mem[X,0x0080000000000D22] -> 0x2181
[957] [M]: 0x0080000000000D20 (0x21813483) ld s1, 0x218(sp)
mem[R,0x0080000000003218] -> 0x00800000000043C0
x9 <- 0x00800000000043C0

mem[X,0x0080000000000D24] -> 0x3383
mem[X,0x0080000000000D26] -> 0x1F81
[958] [M]: 0x0080000000000D24 (0x1F813383) ld t2, 0x1f8(sp)
mem[R,0x00800000000031F8] -> 0x0080000000004210
x7 <- 0x0080000000004210

mem[X,0x0080000000000D28] -> 0x3303
mem[X,0x0080000000000D2A] -> 0x2001
[959] [M]: 0x0080000000000D28 (0x20013303) ld t1, 0x200(sp)
mem[R,0x0080000000003200] -> 0x0000000000000520
x6 <- 0x0000000000000520

mem[X,0x0080000000000D2C] -> 0x0333
mem[X,0x0080000000000D2E] -> 0x0073
[960] [M]: 0x0080000000000D2C (0x00730333) add t1, t1, t2
x6 <- 0x0080000000004730

mem[X,0x0080000000000D30] -> 0x62E3
mem[X,0x0080000000000D32] -> 0xB293
[961] [M]: 0x0080000000000D30 (0xB29362E3) bltu t1, s1, -0x4dc

mem[X,0x0080000000000D34] -> 0x0393
mem[X,0x0080000000000D36] -> 0x2000
[962] [M]: 0x0080000000000D34 (0x20000393) addi t2, zero, 0x200
x7 <- 0x0000000000000200

mem[X,0x0080000000000D38] -> 0x006F
mem[X,0x0080000000000D3A] -> 0x0400
[963] [M]: 0x0080000000000D38 (0x0400006F) jal zero, 0x40

mem[X,0x0080000000000D78] -> 0x0417
mem[X,0x0080000000000D7A] -> 0x0000
[964] [M]: 0x0080000000000D78 (0x00000417) auipc fp, 0x0
x8 <- 0x0080000000000D78

mem[X,0x0080000000000D7C] -> 0x0413
mem[X,0x0080000000000D7E] -> 0x03C4
[965] [M]: 0x0080000000000D7C (0x03C40413) addi fp, fp, 0x3c
x8 <- 0x0080000000000DB4

mem[X,0x0080000000000D80] -> 0x0433
mem[X,0x0080000000000D82] -> 0x0074
[966] [M]: 0x0080000000000D80 (0x00740433) add fp, fp, t2
x8 <- 0x0080000000000FB4

mem[X,0x0080000000000D84] -> 0x1393
mem[X,0x0080000000000D86] -> 0x0035
[967] [M]: 0x0080000000000D84 (0x00351393) slli t2, a0, 0x3
x7 <- 0x0000000000000038

mem[X,0x0080000000000D88] -> 0x0433
mem[X,0x0080000000000D8A] -> 0x0074
[968] [M]: 0x0080000000000D88 (0x00740433) add fp, fp, t2
x8 <- 0x0080000000000FEC

mem[X,0x0080000000000D8C] -> 0x7413
mem[X,0x0080000000000D8E] -> 0xFF84
[969] [M]: 0x0080000000000D8C (0xFF847413) andi fp, fp, -0x8
x8 <- 0x0080000000000FE8

mem[X,0x0080000000000D90] -> 0x3403
mem[X,0x0080000000000D92] -> 0x0004
[970] [M]: 0x0080000000000D90 (0x00043403) ld fp, 0x0(fp)
mem[R,0x0080000000000FE8] -> 0x000000000000000F
x8 <- 0x000000000000000F

mem[X,0x0080000000000D94] -> 0x0AE3
mem[X,0x0080000000000D96] -> 0xB404
[971] [M]: 0x0080000000000D94 (0xB4040AE3) beq fp, zero, -0x4ac

mem[X,0x0080000000000D98] -> 0x1393
mem[X,0x0080000000000D9A] -> 0x03F4
[972] [M]: 0x0080000000000D98 (0x03F41393) slli t2, fp, 0x3f
x7 <- 0x8000000000000000

mem[X,0x0080000000000D9C] -> 0xD863
mem[X,0x0080000000000D9E] -> 0x0003
[973] [M]: 0x0080000000000D9C (0x0003D863) bge t2, zero, 0x10

mem[X,0x0080000000000DA0] -> 0x5413
mem[X,0x0080000000000DA2] -> 0x0014
[974] [M]: 0x0080000000000DA0 (0x00145413) srli fp, fp, 0x1
x8 <- 0x0000000000000007

mem[X,0x0080000000000DA4] -> 0x0CE3
mem[X,0x0080000000000DA6] -> 0xF885
[975] [M]: 0x0080000000000DA4 (0xF8850CE3) beq a0, fp, -0x68

mem[X,0x0080000000000D3C] -> 0x3303
mem[X,0x0080000000000D3E] -> 0x2601
[976] [M]: 0x0080000000000D3C (0x26013303) ld t1, 0x260(sp)
mem[R,0x0080000000003260] -> 0x0000000000000010
x6 <- 0x0000000000000010

mem[X,0x0080000000000D40] -> 0x3383
mem[X,0x0080000000000D42] -> 0x2681
[977] [M]: 0x0080000000000D40 (0x26813383) ld t2, 0x268(sp)
mem[R,0x0080000000003268] -> 0x00000000003FBB6F
x7 <- 0x00000000003FBB6F

mem[X,0x0080000000000D44] -> 0x3403
mem[X,0x0080000000000D46] -> 0x2701
[978] [M]: 0x0080000000000D44 (0x27013403) ld fp, 0x270(sp)
mem[R,0x0080000000003270] -> 0x0000000000007F76
x8 <- 0x0000000000007F76

mem[X,0x0080000000000D48] -> 0x3483
mem[X,0x0080000000000D4A] -> 0x2781
[979] [M]: 0x0080000000000D48 (0x27813483) ld s1, 0x278(sp)
mem[R,0x0080000000003278] -> 0x00800000000005F0
x9 <- 0x00800000000005F0

mem[X,0x0080000000000D4C] -> 0x3503
mem[X,0x0080000000000D4E] -> 0x2801
[980] [M]: 0x0080000000000D4C (0x28013503) ld a0, 0x280(sp)
mem[R,0x0080000000003280] -> 0x0000000000000001
x10 <- 0x0000000000000001

mem[X,0x0080000000000D50] -> 0x3583
mem[X,0x0080000000000D52] -> 0x2881
[981] [M]: 0x0080000000000D50 (0x28813583) ld a1, 0x288(sp)
mem[R,0x0080000000003288] -> 0x0000000000000000
x11 <- 0x0000000000000000

mem[X,0x0080000000000D54] -> 0x3103
mem[X,0x0080000000000D56] -> 0x2901
[982] [M]: 0x0080000000000D54 (0x29013103) ld sp, 0x290(sp)
mem[R,0x0080000000003290] -> 0x0080000000003000
x2 <- 0x0080000000003000

mem[X,0x0080000000000D58] -> 0x0073
mem[X,0x0080000000000D5A] -> 0x3020
[983] [M]: 0x0080000000000D58 (0x30200073) mret
CSR mstatus <- 0x0000000A00000088
ret-ing from M to S

mem[X,0x00800000000006AC] -> 0x0013
mem[X,0x00800000000006AE] -> 0x0000
[984] [S]: 0x00800000000006AC (0x00000013) addi zero, zero, 0x0

mem[X,0x00800000000006B0] -> 0x9023
mem[X,0x00800000000006B2] -> 0x00E7
[985] [S]: 0x00800000000006B0 (0x00E79023) sh a4, 0x0(a5)
trapping from S to M to handle store/amo-access-fault
handling exc#0x07 at priv M with tval 0x0080000000000830
CSR mstatus <- 0x0000000A00000880

mem[X,0x0080000000000940] -> 0x006F
mem[X,0x0080000000000942] -> 0x1000
[986] [M]: 0x0080000000000940 (0x1000006F) jal zero, 0x100

mem[X,0x0080000000000A40] -> 0x1173
mem[X,0x0080000000000A42] -> 0x3401
[987] [M]: 0x0080000000000A40 (0x34011173) csrrw sp, mscratch, sp
CSR mscratch <- 0x0080000000003000 (input: 0x0080000000003000)
x2 <- 0x0080000000003000

mem[X,0x0080000000000A44] -> 0x3423
mem[X,0x0080000000000A46] -> 0x28B1
[988] [M]: 0x0080000000000A44 (0x28B13423) sd a1, 0x288(sp)
mem[0x0080000000003288] <- 0x0000000000000000

mem[X,0x0080000000000A48] -> 0x05EF
mem[X,0x0080000000000A4A] -> 0x0B80
[989] [M]: 0x0080000000000A48 (0x0B8005EF) jal a1, 0xb8
x11 <- 0x0080000000000A4C

mem[X,0x0080000000000B00] -> 0x3023
mem[X,0x0080000000000B02] -> 0x28A1
[990] [M]: 0x0080000000000B00 (0x28A13023) sd a0, 0x280(sp)
mem[0x0080000000003280] <- 0x0000000000000001

mem[X,0x0080000000000B04] -> 0x1573
mem[X,0x0080000000000B06] -> 0x3401
[991] [M]: 0x0080000000000B04 (0x34011573) csrrw a0, mscratch, sp
CSR mscratch <- 0x0080000000003000 (input: 0x0080000000003000)
x10 <- 0x0080000000003000

mem[X,0x0080000000000B08] -> 0x3823
mem[X,0x0080000000000B0A] -> 0x28A1
[992] [M]: 0x0080000000000B08 (0x28A13823) sd a0, 0x290(sp)
mem[0x0080000000003290] <- 0x0080000000003000

mem[X,0x0080000000000B0C] -> 0x3503
mem[X,0x0080000000000B0E] -> 0x2301
[993] [M]: 0x0080000000000B0C (0x23013503) ld a0, 0x230(sp)
mem[R,0x0080000000003230] -> 0x0080000000000B14
x10 <- 0x0080000000000B14

mem[X,0x0080000000000B10] -> 0x0067
mem[X,0x0080000000000B12] -> 0x0005
[994] [M]: 0x0080000000000B10 (0x00050067) jalr zero, 0x0(a0)

mem[X,0x0080000000000B14] -> 0x3C23
mem[X,0x0080000000000B16] -> 0x2691
[995] [M]: 0x0080000000000B14 (0x26913C23) sd s1, 0x278(sp)
mem[0x0080000000003278] <- 0x00800000000005F0

mem[X,0x0080000000000B18] -> 0x3823
mem[X,0x0080000000000B1A] -> 0x2681
[996] [M]: 0x0080000000000B18 (0x26813823) sd fp, 0x270(sp)
mem[0x0080000000003270] <- 0x0000000000007F76

mem[X,0x0080000000000B1C] -> 0x3423
mem[X,0x0080000000000B1E] -> 0x2671
[997] [M]: 0x0080000000000B1C (0x26713423) sd t2, 0x268(sp)
mem[0x0080000000003268] <- 0x00000000003FBB6F

mem[X,0x0080000000000B20] -> 0x3023
mem[X,0x0080000000000B22] -> 0x2661
[998] [M]: 0x0080000000000B20 (0x26613023) sd t1, 0x260(sp)
mem[0x0080000000003260] <- 0x0000000000000010

mem[X,0x0080000000000B24] -> 0x2573
mem[X,0x0080000000000B26] -> 0x3420
[999] [M]: 0x0080000000000B24 (0x34202573) csrrs a0, mcause, zero
CSR mcause -> 0x0000000000000007
x10 <- 0x0000000000000007

clint::tick mtime <- 0x000000000000000A
 clint timer pending at mtime 0x000000000000000A
htif::tick 0x0000000000000000
mem[X,0x0080000000000B28] -> 0x04B7
mem[X,0x0080000000000B2A] -> 0x8000
[1000] [M]: 0x0080000000000B28 (0x800004B7) lui s1, -0x80000
x9 <- 0xFFFFFFFF80000000

mem[X,0x0080000000000B2C] -> 0x8493
mem[X,0x0080000000000B2E] -> 0x0004
[1001] [M]: 0x0080000000000B2C (0x00048493) addi s1, s1, 0x0
x9 <- 0xFFFFFFFF80000000

mem[X,0x0080000000000B30] -> 0x9493
mem[X,0x0080000000000B32] -> 0x00B4
[1002] [M]: 0x0080000000000B30 (0x00B49493) slli s1, s1, 0xb
x9 <- 0xFFFFFC0000000000

mem[X,0x0080000000000B34] -> 0x8493
mem[X,0x0080000000000B36] -> 0x0004
[1003] [M]: 0x0080000000000B34 (0x00048493) addi s1, s1, 0x0
x9 <- 0xFFFFFC0000000000

mem[X,0x0080000000000B38] -> 0x9493
mem[X,0x0080000000000B3A] -> 0x00B4
[1004] [M]: 0x0080000000000B38 (0x00B49493) slli s1, s1, 0xb
x9 <- 0xFFE0000000000000

mem[X,0x0080000000000B3C] -> 0x8493
mem[X,0x0080000000000B3E] -> 0x0034
[1005] [M]: 0x0080000000000B3C (0x00348493) addi s1, s1, 0x3
x9 <- 0xFFE0000000000003

mem[X,0x0080000000000B40] -> 0x9493
mem[X,0x0080000000000B42] -> 0x00A4
[1006] [M]: 0x0080000000000B40 (0x00A49493) slli s1, s1, 0xa
x9 <- 0x8000000000000C00

mem[X,0x0080000000000B44] -> 0x8493
mem[X,0x0080000000000B46] -> 0x3FC4
[1007] [M]: 0x0080000000000B44 (0x3FC48493) addi s1, s1, 0x3fc
x9 <- 0x8000000000000FFC

mem[X,0x0080000000000B48] -> 0xF4B3
mem[X,0x0080000000000B4A] -> 0x00A4
[1008] [M]: 0x0080000000000B48 (0x00A4F4B3) and s1, s1, a0
x9 <- 0x0000000000000004

mem[X,0x0080000000000B4C] -> 0x8493
mem[X,0x0080000000000B4E] -> 0xFF84
[1009] [M]: 0x0080000000000B4C (0xFF848493) addi s1, s1, -0x8
x9 <- 0xFFFFFFFFFFFFFFFC

mem[X,0x0080000000000B50] -> 0x9663
mem[X,0x0080000000000B52] -> 0x0004
[1010] [M]: 0x0080000000000B50 (0x00049663) bne s1, zero, 0xc

mem[X,0x0080000000000B5C] -> 0x0393
mem[X,0x0080000000000B5E] -> 0x0200
[1011] [M]: 0x0080000000000B5C (0x02000393) addi t2, zero, 0x20
x7 <- 0x0000000000000020

mem[X,0x0080000000000B60] -> 0x5263
mem[X,0x0080000000000B62] -> 0x0405
[1012] [M]: 0x0080000000000B60 (0x04055263) bge a0, zero, 0x44

mem[X,0x0080000000000BA4] -> 0x2373
mem[X,0x0080000000000BA6] -> 0x3010
[1013] [M]: 0x0080000000000BA4 (0x30102373) csrrs t1, misa, zero
CSR misa -> 0x800000000034112D
x6 <- 0x800000000034112D

mem[X,0x0080000000000BA8] -> 0x1313
mem[X,0x0080000000000BAA] -> 0x0383
[1014] [M]: 0x0080000000000BA8 (0x03831313) slli t1, t1, 0x38
x6 <- 0x2D00000000000000

mem[X,0x0080000000000BAC] -> 0x5463
mem[X,0x0080000000000BAE] -> 0x0003
[1015] [M]: 0x0080000000000BAC (0x00035463) bge t1, zero, 0x8

mem[X,0x0080000000000BB4] -> 0x3303
mem[X,0x0080000000000BB6] -> 0x2181
[1016] [M]: 0x0080000000000BB4 (0x21813303) ld t1, 0x218(sp)
mem[R,0x0080000000003218] -> 0x00800000000043C0
x6 <- 0x00800000000043C0

mem[X,0x0080000000000BB8] -> 0x04B3
mem[X,0x0080000000000BBA] -> 0x0073
[1017] [M]: 0x0080000000000BB8 (0x007304B3) add s1, t1, t2
x9 <- 0x00800000000043E0

mem[X,0x0080000000000BBC] -> 0x3C23
mem[X,0x0080000000000BBE] -> 0x2091
[1018] [M]: 0x0080000000000BBC (0x20913C23) sd s1, 0x218(sp)
mem[0x0080000000003218] <- 0x00800000000043E0

mem[X,0x0080000000000BC0] -> 0x3403
mem[X,0x0080000000000BC2] -> 0x1F81
[1019] [M]: 0x0080000000000BC0 (0x1F813403) ld fp, 0x1f8(sp)
mem[R,0x00800000000031F8] -> 0x0080000000004210
x8 <- 0x0080000000004210

mem[X,0x0080000000000BC4] -> 0x0333
mem[X,0x0080000000000BC6] -> 0x4083
[1020] [M]: 0x0080000000000BC4 (0x40830333) sub t1, t1, fp
x6 <- 0x00000000000001B0

mem[X,0x0080000000000BC8] -> 0x3403
mem[X,0x0080000000000BCA] -> 0x1F81
[1021] [M]: 0x0080000000000BC8 (0x1F813403) ld fp, 0x1f8(sp)
mem[R,0x00800000000031F8] -> 0x0080000000004210
x8 <- 0x0080000000004210

mem[X,0x0080000000000BCC] -> 0x0333
mem[X,0x0080000000000BCE] -> 0x0083
[1022] [M]: 0x0080000000000BCC (0x00830333) add t1, t1, fp
x6 <- 0x00800000000043C0

mem[X,0x0080000000000BD0] -> 0x3403
mem[X,0x0080000000000BD2] -> 0x2401
[1023] [M]: 0x0080000000000BD0 (0x24013403) ld fp, 0x240(sp)
mem[R,0x0080000000003240] -> 0x0080000000000940
x8 <- 0x0080000000000940

mem[X,0x0080000000000BD4] -> 0x85B3
mem[X,0x0080000000000BD6] -> 0x4085
[1024] [M]: 0x0080000000000BD4 (0x408585B3) sub a1, a1, fp
x11 <- 0x000000000000010C

mem[X,0x0080000000000BD8] -> 0x9593
mem[X,0x0080000000000BDA] -> 0x0045
[1025] [M]: 0x0080000000000BD8 (0x00459593) slli a1, a1, 0x4
x11 <- 0x00000000000010C0

mem[X,0x0080000000000BDC] -> 0xE5B3
mem[X,0x0080000000000BDE] -> 0x0075
[1026] [M]: 0x0080000000000BDC (0x0075E5B3) or a1, a1, t2
x11 <- 0x00000000000010E0

mem[X,0x0080000000000BE0] -> 0x8593
mem[X,0x0080000000000BE2] -> 0x0035
[1027] [M]: 0x0080000000000BE0 (0x00358593) addi a1, a1, 0x3
x11 <- 0x00000000000010E3

mem[X,0x0080000000000BE4] -> 0x3023
mem[X,0x0080000000000BE6] -> 0x00B3
[1028] [M]: 0x0080000000000BE4 (0x00B33023) sd a1, 0x0(t1)
mem[0x00800000000043C0] <- 0x00000000000010E3

mem[X,0x0080000000000BE8] -> 0x3423
mem[X,0x0080000000000BEA] -> 0x00A3
[1029] [M]: 0x0080000000000BE8 (0x00A33423) sd a0, 0x8(t1)
mem[0x00800000000043C8] <- 0x0000000000000007

mem[X,0x0080000000000BEC] -> 0x4863
mem[X,0x0080000000000BEE] -> 0x1605
[1030] [M]: 0x0080000000000BEC (0x16054863) blt a0, zero, 0x170

mem[X,0x0080000000000BF0] -> 0x25F3
mem[X,0x0080000000000BF2] -> 0x3000
[1031] [M]: 0x0080000000000BF0 (0x300025F3) csrrs a1, mstatus, zero
CSR mstatus -> 0x0000000A00000880
x11 <- 0x0000000A00000880

mem[X,0x0080000000000BF4] -> 0x9413
mem[X,0x0080000000000BF6] -> 0x02E5
[1032] [M]: 0x0080000000000BF4 (0x02E59413) slli fp, a1, 0x2e
x8 <- 0x0220000000000000

mem[X,0x0080000000000BF8] -> 0x5463
mem[X,0x0080000000000BFA] -> 0x0004
[1033] [M]: 0x0080000000000BF8 (0x00045463) bge fp, zero, 0x8

mem[X,0x0080000000000C00] -> 0xD493
mem[X,0x0080000000000C02] -> 0x00B5
[1034] [M]: 0x0080000000000C00 (0x00B5D493) srli s1, a1, 0xb
x9 <- 0x0000000001400001

mem[X,0x0080000000000C04] -> 0xF493
mem[X,0x0080000000000C06] -> 0x0034
[1035] [M]: 0x0080000000000C04 (0x0034F493) andi s1, s1, 0x3
x9 <- 0x0000000000000001

mem[X,0x0080000000000C08] -> 0x8493
mem[X,0x0080000000000C0A] -> 0x0014
[1036] [M]: 0x0080000000000C08 (0x00148493) addi s1, s1, 0x1
x9 <- 0x0000000000000002

mem[X,0x0080000000000C0C] -> 0xF493
mem[X,0x0080000000000C0E] -> 0x0044
[1037] [M]: 0x0080000000000C0C (0x0044F493) andi s1, s1, 0x4
x9 <- 0x0000000000000000

mem[X,0x0080000000000C10] -> 0x0593
mem[X,0x0080000000000C12] -> 0x05D0
[1038] [M]: 0x0080000000000C10 (0x05D00593) addi a1, zero, 0x5d
x11 <- 0x000000000000005D

mem[X,0x0080000000000C14] -> 0xD5B3
mem[X,0x0080000000000C16] -> 0x0095
[1039] [M]: 0x0080000000000C14 (0x0095D5B3) srl a1, a1, s1
x11 <- 0x000000000000005D

mem[X,0x0080000000000C18] -> 0xF593
mem[X,0x0080000000000C1A] -> 0x0015
[1040] [M]: 0x0080000000000C18 (0x0015F593) andi a1, a1, 0x1
x11 <- 0x0000000000000001

mem[X,0x0080000000000C1C] -> 0x8EE3
mem[X,0x0080000000000C1E] -> 0xF405
[1041] [M]: 0x0080000000000C1C (0xF4058EE3) beq a1, zero, -0xa4

mem[X,0x0080000000000C20] -> 0x0593
mem[X,0x0080000000000C22] -> 0x2980
[1042] [M]: 0x0080000000000C20 (0x29800593) addi a1, zero, 0x298
x11 <- 0x0000000000000298

mem[X,0x0080000000000C24] -> 0xF413
mem[X,0x0080000000000C26] -> 0x0014
[1043] [M]: 0x0080000000000C24 (0x0014F413) andi fp, s1, 0x1
x8 <- 0x0000000000000000

mem[X,0x0080000000000C28] -> 0x95B3
mem[X,0x0080000000000C2A] -> 0x0085
[1044] [M]: 0x0080000000000C28 (0x008595B3) sll a1, a1, fp
x11 <- 0x0000000000000298

mem[X,0x0080000000000C2C] -> 0x9413
mem[X,0x0080000000000C2E] -> 0x03D4
[1045] [M]: 0x0080000000000C2C (0x03D49413) slli fp, s1, 0x3d
x8 <- 0x0000000000000000

mem[X,0x0080000000000C30] -> 0x5413
mem[X,0x0080000000000C32] -> 0x43F4
[1046] [M]: 0x0080000000000C30 (0x43F45413) srai fp, fp, 0x3f
x8 <- 0x0000000000000000

mem[X,0x0080000000000C34] -> 0x4413
mem[X,0x0080000000000C36] -> 0xFFF4
[1047] [M]: 0x0080000000000C34 (0xFFF44413) xori fp, fp, -0x1
x8 <- 0xFFFFFFFFFFFFFFFF

mem[X,0x0080000000000C38] -> 0xF4B3
mem[X,0x0080000000000C3A] -> 0x0085
[1048] [M]: 0x0080000000000C38 (0x0085F4B3) and s1, a1, fp
x9 <- 0x0000000000000298

mem[X,0x0080000000000C3C] -> 0x84B3
mem[X,0x0080000000000C3E] -> 0x0024
[1049] [M]: 0x0080000000000C3C (0x002484B3) add s1, s1, sp
x9 <- 0x0080000000003298

mem[X,0x0080000000000C40] -> 0x23F3
mem[X,0x0080000000000C42] -> 0x3410
[1050] [M]: 0x0080000000000C40 (0x341023F3) csrrs t2, mepc, zero
CSR mepc -> 0x00800000000006B0
x7 <- 0x00800000000006B0

mem[X,0x0080000000000C44] -> 0xB403
mem[X,0x0080000000000C46] -> 0x2084
[1051] [M]: 0x0080000000000C44 (0x2084B403) ld fp, 0x208(s1)
mem[R,0x00800000000034A0] -> 0x008000000000039C
x8 <- 0x008000000000039C

mem[X,0x0080000000000C48] -> 0xB583
mem[X,0x0080000000000C4A] -> 0x2104
[1052] [M]: 0x0080000000000C48 (0x2104B583) ld a1, 0x210(s1)
mem[R,0x00800000000034A8] -> 0x00000000000004B0
x11 <- 0x00000000000004B0

mem[X,0x0080000000000C4C] -> 0x85B3
mem[X,0x0080000000000C4E] -> 0x0085
[1053] [M]: 0x0080000000000C4C (0x008585B3) add a1, a1, fp
x11 <- 0x008000000000084C

mem[X,0x0080000000000C50] -> 0xF463
mem[X,0x0080000000000C52] -> 0x00B3
[1054] [M]: 0x0080000000000C50 (0x00B3F463) bgeu t2, a1, 0x8

mem[X,0x0080000000000C54] -> 0xF663
mem[X,0x0080000000000C56] -> 0x0283
[1055] [M]: 0x0080000000000C54 (0x0283F663) bgeu t2, fp, 0x2c

mem[X,0x0080000000000C80] -> 0x8433
mem[X,0x0080000000000C82] -> 0x4083
[1056] [M]: 0x0080000000000C80 (0x40838433) sub fp, t2, fp
x8 <- 0x0000000000000314

mem[X,0x0080000000000C84] -> 0x3823
mem[X,0x0080000000000C86] -> 0x0083
[1057] [M]: 0x0080000000000C84 (0x00833823) sd fp, 0x10(t1)
mem[0x00800000000043D0] <- 0x0000000000000314

mem[X,0x0080000000000C88] -> 0xF593
mem[X,0x0080000000000C8A] -> 0xFFC3
[1058] [M]: 0x0080000000000C88 (0xFFC3F593) andi a1, t2, -0x4
x11 <- 0x00800000000006B0

mem[X,0x0080000000000C8C] -> 0x8593
mem[X,0x0080000000000C8E] -> 0x0085
[1059] [M]: 0x0080000000000C8C (0x00858593) addi a1, a1, 0x8
x11 <- 0x00800000000006B8

mem[X,0x0080000000000C90] -> 0x9073
mem[X,0x0080000000000C92] -> 0x3415
[1060] [M]: 0x0080000000000C90 (0x34159073) csrrw zero, mepc, a1
CSR mepc <- 0x00800000000006B8 (input: 0x00800000000006B8)

mem[X,0x0080000000000C94] -> 0x23F3
mem[X,0x0080000000000C96] -> 0x3430
[1061] [M]: 0x0080000000000C94 (0x343023F3) csrrs t2, mtval, zero
CSR mtval -> 0x0080000000000830
x7 <- 0x0080000000000830

mem[X,0x0080000000000C98] -> 0x7513
mem[X,0x0080000000000C9A] -> 0x00F5
[1062] [M]: 0x0080000000000C98 (0x00F57513) andi a0, a0, 0xf
x10 <- 0x0000000000000007

mem[X,0x0080000000000C9C] -> 0x0437
mem[X,0x0080000000000C9E] -> 0x0000
[1063] [M]: 0x0080000000000C9C (0x00000437) lui fp, 0x0
x8 <- 0x0000000000000000

mem[X,0x0080000000000CA0] -> 0x0413
mem[X,0x0080000000000CA2] -> 0x0004
[1064] [M]: 0x0080000000000CA0 (0x00040413) addi fp, fp, 0x0
x8 <- 0x0000000000000000

mem[X,0x0080000000000CA4] -> 0x1413
mem[X,0x0080000000000CA6] -> 0x00B4
[1065] [M]: 0x0080000000000CA4 (0x00B41413) slli fp, fp, 0xb
x8 <- 0x0000000000000000

mem[X,0x0080000000000CA8] -> 0x0413
mem[X,0x0080000000000CAA] -> 0x0004
[1066] [M]: 0x0080000000000CA8 (0x00040413) addi fp, fp, 0x0
x8 <- 0x0000000000000000

mem[X,0x0080000000000CAC] -> 0x1413
mem[X,0x0080000000000CAE] -> 0x00B4
[1067] [M]: 0x0080000000000CAC (0x00B41413) slli fp, fp, 0xb
x8 <- 0x0000000000000000

mem[X,0x0080000000000CB0] -> 0x0413
mem[X,0x0080000000000CB2] -> 0x02C4
[1068] [M]: 0x0080000000000CB0 (0x02C40413) addi fp, fp, 0x2c
x8 <- 0x000000000000002C

mem[X,0x0080000000000CB4] -> 0x1413
mem[X,0x0080000000000CB6] -> 0x00A4
[1069] [M]: 0x0080000000000CB4 (0x00A41413) slli fp, fp, 0xa
x8 <- 0x000000000000B000

mem[X,0x0080000000000CB8] -> 0x0413
mem[X,0x0080000000000CBA] -> 0x0FB4
[1070] [M]: 0x0080000000000CB8 (0x0FB40413) addi fp, fp, 0xfb
x8 <- 0x000000000000B0FB

mem[X,0x0080000000000CBC] -> 0x5433
mem[X,0x0080000000000CBE] -> 0x00A4
[1071] [M]: 0x0080000000000CBC (0x00A45433) srl fp, fp, a0
x8 <- 0x0000000000000161

mem[X,0x0080000000000CC0] -> 0x1413
mem[X,0x0080000000000CC2] -> 0x03F4
[1072] [M]: 0x0080000000000CC0 (0x03F41413) slli fp, fp, 0x3f
x8 <- 0x8000000000000000

mem[X,0x0080000000000CC4] -> 0x5C63
mem[X,0x0080000000000CC6] -> 0x0404
[1073] [M]: 0x0080000000000CC4 (0x04045C63) bge fp, zero, 0x58

mem[X,0x0080000000000CC8] -> 0xB403
mem[X,0x0080000000000CCA] -> 0x2084
[1074] [M]: 0x0080000000000CC8 (0x2084B403) ld fp, 0x208(s1)
mem[R,0x00800000000034A0] -> 0x008000000000039C
x8 <- 0x008000000000039C

mem[X,0x0080000000000CCC] -> 0xB583
mem[X,0x0080000000000CCE] -> 0x2104
[1075] [M]: 0x0080000000000CCC (0x2104B583) ld a1, 0x210(s1)
mem[R,0x00800000000034A8] -> 0x00000000000004B0
x11 <- 0x00000000000004B0

mem[X,0x0080000000000CD0] -> 0x85B3
mem[X,0x0080000000000CD2] -> 0x0085
[1076] [M]: 0x0080000000000CD0 (0x008585B3) add a1, a1, fp
x11 <- 0x008000000000084C

mem[X,0x0080000000000CD4] -> 0xF463
mem[X,0x0080000000000CD6] -> 0x00B3
[1077] [M]: 0x0080000000000CD4 (0x00B3F463) bgeu t2, a1, 0x8

mem[X,0x0080000000000CD8] -> 0xF063
mem[X,0x0080000000000CDA] -> 0x0483
[1078] [M]: 0x0080000000000CD8 (0x0483F063) bgeu t2, fp, 0x40

mem[X,0x0080000000000D18] -> 0x8433
mem[X,0x0080000000000D1A] -> 0x4083
[1079] [M]: 0x0080000000000D18 (0x40838433) sub fp, t2, fp
x8 <- 0x0000000000000494

mem[X,0x0080000000000D1C] -> 0x3C23
mem[X,0x0080000000000D1E] -> 0x0083
[1080] [M]: 0x0080000000000D1C (0x00833C23) sd fp, 0x18(t1)
mem[0x00800000000043D8] <- 0x0000000000000494

mem[X,0x0080000000000D20] -> 0x3483
mem[X,0x0080000000000D22] -> 0x2181
[1081] [M]: 0x0080000000000D20 (0x21813483) ld s1, 0x218(sp)
mem[R,0x0080000000003218] -> 0x00800000000043E0
x9 <- 0x00800000000043E0

mem[X,0x0080000000000D24] -> 0x3383
mem[X,0x0080000000000D26] -> 0x1F81
[1082] [M]: 0x0080000000000D24 (0x1F813383) ld t2, 0x1f8(sp)
mem[R,0x00800000000031F8] -> 0x0080000000004210
x7 <- 0x0080000000004210

mem[X,0x0080000000000D28] -> 0x3303
mem[X,0x0080000000000D2A] -> 0x2001
[1083] [M]: 0x0080000000000D28 (0x20013303) ld t1, 0x200(sp)
mem[R,0x0080000000003200] -> 0x0000000000000520
x6 <- 0x0000000000000520

mem[X,0x0080000000000D2C] -> 0x0333
mem[X,0x0080000000000D2E] -> 0x0073
[1084] [M]: 0x0080000000000D2C (0x00730333) add t1, t1, t2
x6 <- 0x0080000000004730

mem[X,0x0080000000000D30] -> 0x62E3
mem[X,0x0080000000000D32] -> 0xB293
[1085] [M]: 0x0080000000000D30 (0xB29362E3) bltu t1, s1, -0x4dc

mem[X,0x0080000000000D34] -> 0x0393
mem[X,0x0080000000000D36] -> 0x2000
[1086] [M]: 0x0080000000000D34 (0x20000393) addi t2, zero, 0x200
x7 <- 0x0000000000000200

mem[X,0x0080000000000D38] -> 0x006F
mem[X,0x0080000000000D3A] -> 0x0400
[1087] [M]: 0x0080000000000D38 (0x0400006F) jal zero, 0x40

mem[X,0x0080000000000D78] -> 0x0417
mem[X,0x0080000000000D7A] -> 0x0000
[1088] [M]: 0x0080000000000D78 (0x00000417) auipc fp, 0x0
x8 <- 0x0080000000000D78

mem[X,0x0080000000000D7C] -> 0x0413
mem[X,0x0080000000000D7E] -> 0x03C4
[1089] [M]: 0x0080000000000D7C (0x03C40413) addi fp, fp, 0x3c
x8 <- 0x0080000000000DB4

mem[X,0x0080000000000D80] -> 0x0433
mem[X,0x0080000000000D82] -> 0x0074
[1090] [M]: 0x0080000000000D80 (0x00740433) add fp, fp, t2
x8 <- 0x0080000000000FB4

mem[X,0x0080000000000D84] -> 0x1393
mem[X,0x0080000000000D86] -> 0x0035
[1091] [M]: 0x0080000000000D84 (0x00351393) slli t2, a0, 0x3
x7 <- 0x0000000000000038

mem[X,0x0080000000000D88] -> 0x0433
mem[X,0x0080000000000D8A] -> 0x0074
[1092] [M]: 0x0080000000000D88 (0x00740433) add fp, fp, t2
x8 <- 0x0080000000000FEC

mem[X,0x0080000000000D8C] -> 0x7413
mem[X,0x0080000000000D8E] -> 0xFF84
[1093] [M]: 0x0080000000000D8C (0xFF847413) andi fp, fp, -0x8
x8 <- 0x0080000000000FE8

mem[X,0x0080000000000D90] -> 0x3403
mem[X,0x0080000000000D92] -> 0x0004
[1094] [M]: 0x0080000000000D90 (0x00043403) ld fp, 0x0(fp)
mem[R,0x0080000000000FE8] -> 0x000000000000000F
x8 <- 0x000000000000000F

mem[X,0x0080000000000D94] -> 0x0AE3
mem[X,0x0080000000000D96] -> 0xB404
[1095] [M]: 0x0080000000000D94 (0xB4040AE3) beq fp, zero, -0x4ac

mem[X,0x0080000000000D98] -> 0x1393
mem[X,0x0080000000000D9A] -> 0x03F4
[1096] [M]: 0x0080000000000D98 (0x03F41393) slli t2, fp, 0x3f
x7 <- 0x8000000000000000

mem[X,0x0080000000000D9C] -> 0xD863
mem[X,0x0080000000000D9E] -> 0x0003
[1097] [M]: 0x0080000000000D9C (0x0003D863) bge t2, zero, 0x10

mem[X,0x0080000000000DA0] -> 0x5413
mem[X,0x0080000000000DA2] -> 0x0014
[1098] [M]: 0x0080000000000DA0 (0x00145413) srli fp, fp, 0x1
x8 <- 0x0000000000000007

mem[X,0x0080000000000DA4] -> 0x0CE3
mem[X,0x0080000000000DA6] -> 0xF885
[1099] [M]: 0x0080000000000DA4 (0xF8850CE3) beq a0, fp, -0x68

clint::tick mtime <- 0x000000000000000B
 clint timer pending at mtime 0x000000000000000B
htif::tick 0x0000000000000000
mem[X,0x0080000000000D3C] -> 0x3303
mem[X,0x0080000000000D3E] -> 0x2601
[1100] [M]: 0x0080000000000D3C (0x26013303) ld t1, 0x260(sp)
mem[R,0x0080000000003260] -> 0x0000000000000010
x6 <- 0x0000000000000010

mem[X,0x0080000000000D40] -> 0x3383
mem[X,0x0080000000000D42] -> 0x2681
[1101] [M]: 0x0080000000000D40 (0x26813383) ld t2, 0x268(sp)
mem[R,0x0080000000003268] -> 0x00000000003FBB6F
x7 <- 0x00000000003FBB6F

mem[X,0x0080000000000D44] -> 0x3403
mem[X,0x0080000000000D46] -> 0x2701
[1102] [M]: 0x0080000000000D44 (0x27013403) ld fp, 0x270(sp)
mem[R,0x0080000000003270] -> 0x0000000000007F76
x8 <- 0x0000000000007F76

mem[X,0x0080000000000D48] -> 0x3483
mem[X,0x0080000000000D4A] -> 0x2781
[1103] [M]: 0x0080000000000D48 (0x27813483) ld s1, 0x278(sp)
mem[R,0x0080000000003278] -> 0x00800000000005F0
x9 <- 0x00800000000005F0

mem[X,0x0080000000000D4C] -> 0x3503
mem[X,0x0080000000000D4E] -> 0x2801
[1104] [M]: 0x0080000000000D4C (0x28013503) ld a0, 0x280(sp)
mem[R,0x0080000000003280] -> 0x0000000000000001
x10 <- 0x0000000000000001

mem[X,0x0080000000000D50] -> 0x3583
mem[X,0x0080000000000D52] -> 0x2881
[1105] [M]: 0x0080000000000D50 (0x28813583) ld a1, 0x288(sp)
mem[R,0x0080000000003288] -> 0x0000000000000000
x11 <- 0x0000000000000000

mem[X,0x0080000000000D54] -> 0x3103
mem[X,0x0080000000000D56] -> 0x2901
[1106] [M]: 0x0080000000000D54 (0x29013103) ld sp, 0x290(sp)
mem[R,0x0080000000003290] -> 0x0080000000003000
x2 <- 0x0080000000003000

mem[X,0x0080000000000D58] -> 0x0073
mem[X,0x0080000000000D5A] -> 0x3020
[1107] [M]: 0x0080000000000D58 (0x30200073) mret
CSR mstatus <- 0x0000000A00000088
ret-ing from M to S

mem[X,0x00800000000006B8] -> 0x0013
mem[X,0x00800000000006BA] -> 0x0000
[1108] [S]: 0x00800000000006B8 (0x00000013) addi zero, zero, 0x0

mem[X,0x00800000000006BC] -> 0xA023
mem[X,0x00800000000006BE] -> 0x00E7
[1109] [S]: 0x00800000000006BC (0x00E7A023) sw a4, 0x0(a5)
trapping from S to M to handle store/amo-access-fault
handling exc#0x07 at priv M with tval 0x0080000000000830
CSR mstatus <- 0x0000000A00000880

mem[X,0x0080000000000940] -> 0x006F
mem[X,0x0080000000000942] -> 0x1000
[1110] [M]: 0x0080000000000940 (0x1000006F) jal zero, 0x100

mem[X,0x0080000000000A40] -> 0x1173
mem[X,0x0080000000000A42] -> 0x3401
[1111] [M]: 0x0080000000000A40 (0x34011173) csrrw sp, mscratch, sp
CSR mscratch <- 0x0080000000003000 (input: 0x0080000000003000)
x2 <- 0x0080000000003000

mem[X,0x0080000000000A44] -> 0x3423
mem[X,0x0080000000000A46] -> 0x28B1
[1112] [M]: 0x0080000000000A44 (0x28B13423) sd a1, 0x288(sp)
mem[0x0080000000003288] <- 0x0000000000000000

mem[X,0x0080000000000A48] -> 0x05EF
mem[X,0x0080000000000A4A] -> 0x0B80
[1113] [M]: 0x0080000000000A48 (0x0B8005EF) jal a1, 0xb8
x11 <- 0x0080000000000A4C

mem[X,0x0080000000000B00] -> 0x3023
mem[X,0x0080000000000B02] -> 0x28A1
[1114] [M]: 0x0080000000000B00 (0x28A13023) sd a0, 0x280(sp)
mem[0x0080000000003280] <- 0x0000000000000001

mem[X,0x0080000000000B04] -> 0x1573
mem[X,0x0080000000000B06] -> 0x3401
[1115] [M]: 0x0080000000000B04 (0x34011573) csrrw a0, mscratch, sp
CSR mscratch <- 0x0080000000003000 (input: 0x0080000000003000)
x10 <- 0x0080000000003000

mem[X,0x0080000000000B08] -> 0x3823
mem[X,0x0080000000000B0A] -> 0x28A1
[1116] [M]: 0x0080000000000B08 (0x28A13823) sd a0, 0x290(sp)
mem[0x0080000000003290] <- 0x0080000000003000

mem[X,0x0080000000000B0C] -> 0x3503
mem[X,0x0080000000000B0E] -> 0x2301
[1117] [M]: 0x0080000000000B0C (0x23013503) ld a0, 0x230(sp)
mem[R,0x0080000000003230] -> 0x0080000000000B14
x10 <- 0x0080000000000B14

mem[X,0x0080000000000B10] -> 0x0067
mem[X,0x0080000000000B12] -> 0x0005
[1118] [M]: 0x0080000000000B10 (0x00050067) jalr zero, 0x0(a0)

mem[X,0x0080000000000B14] -> 0x3C23
mem[X,0x0080000000000B16] -> 0x2691
[1119] [M]: 0x0080000000000B14 (0x26913C23) sd s1, 0x278(sp)
mem[0x0080000000003278] <- 0x00800000000005F0

mem[X,0x0080000000000B18] -> 0x3823
mem[X,0x0080000000000B1A] -> 0x2681
[1120] [M]: 0x0080000000000B18 (0x26813823) sd fp, 0x270(sp)
mem[0x0080000000003270] <- 0x0000000000007F76

mem[X,0x0080000000000B1C] -> 0x3423
mem[X,0x0080000000000B1E] -> 0x2671
[1121] [M]: 0x0080000000000B1C (0x26713423) sd t2, 0x268(sp)
mem[0x0080000000003268] <- 0x00000000003FBB6F

mem[X,0x0080000000000B20] -> 0x3023
mem[X,0x0080000000000B22] -> 0x2661
[1122] [M]: 0x0080000000000B20 (0x26613023) sd t1, 0x260(sp)
mem[0x0080000000003260] <- 0x0000000000000010

mem[X,0x0080000000000B24] -> 0x2573
mem[X,0x0080000000000B26] -> 0x3420
[1123] [M]: 0x0080000000000B24 (0x34202573) csrrs a0, mcause, zero
CSR mcause -> 0x0000000000000007
x10 <- 0x0000000000000007

mem[X,0x0080000000000B28] -> 0x04B7
mem[X,0x0080000000000B2A] -> 0x8000
[1124] [M]: 0x0080000000000B28 (0x800004B7) lui s1, -0x80000
x9 <- 0xFFFFFFFF80000000

mem[X,0x0080000000000B2C] -> 0x8493
mem[X,0x0080000000000B2E] -> 0x0004
[1125] [M]: 0x0080000000000B2C (0x00048493) addi s1, s1, 0x0
x9 <- 0xFFFFFFFF80000000

mem[X,0x0080000000000B30] -> 0x9493
mem[X,0x0080000000000B32] -> 0x00B4
[1126] [M]: 0x0080000000000B30 (0x00B49493) slli s1, s1, 0xb
x9 <- 0xFFFFFC0000000000

mem[X,0x0080000000000B34] -> 0x8493
mem[X,0x0080000000000B36] -> 0x0004
[1127] [M]: 0x0080000000000B34 (0x00048493) addi s1, s1, 0x0
x9 <- 0xFFFFFC0000000000

mem[X,0x0080000000000B38] -> 0x9493
mem[X,0x0080000000000B3A] -> 0x00B4
[1128] [M]: 0x0080000000000B38 (0x00B49493) slli s1, s1, 0xb
x9 <- 0xFFE0000000000000

mem[X,0x0080000000000B3C] -> 0x8493
mem[X,0x0080000000000B3E] -> 0x0034
[1129] [M]: 0x0080000000000B3C (0x00348493) addi s1, s1, 0x3
x9 <- 0xFFE0000000000003

mem[X,0x0080000000000B40] -> 0x9493
mem[X,0x0080000000000B42] -> 0x00A4
[1130] [M]: 0x0080000000000B40 (0x00A49493) slli s1, s1, 0xa
x9 <- 0x8000000000000C00

mem[X,0x0080000000000B44] -> 0x8493
mem[X,0x0080000000000B46] -> 0x3FC4
[1131] [M]: 0x0080000000000B44 (0x3FC48493) addi s1, s1, 0x3fc
x9 <- 0x8000000000000FFC

mem[X,0x0080000000000B48] -> 0xF4B3
mem[X,0x0080000000000B4A] -> 0x00A4
[1132] [M]: 0x0080000000000B48 (0x00A4F4B3) and s1, s1, a0
x9 <- 0x0000000000000004

mem[X,0x0080000000000B4C] -> 0x8493
mem[X,0x0080000000000B4E] -> 0xFF84
[1133] [M]: 0x0080000000000B4C (0xFF848493) addi s1, s1, -0x8
x9 <- 0xFFFFFFFFFFFFFFFC

mem[X,0x0080000000000B50] -> 0x9663
mem[X,0x0080000000000B52] -> 0x0004
[1134] [M]: 0x0080000000000B50 (0x00049663) bne s1, zero, 0xc

mem[X,0x0080000000000B5C] -> 0x0393
mem[X,0x0080000000000B5E] -> 0x0200
[1135] [M]: 0x0080000000000B5C (0x02000393) addi t2, zero, 0x20
x7 <- 0x0000000000000020

mem[X,0x0080000000000B60] -> 0x5263
mem[X,0x0080000000000B62] -> 0x0405
[1136] [M]: 0x0080000000000B60 (0x04055263) bge a0, zero, 0x44

mem[X,0x0080000000000BA4] -> 0x2373
mem[X,0x0080000000000BA6] -> 0x3010
[1137] [M]: 0x0080000000000BA4 (0x30102373) csrrs t1, misa, zero
CSR misa -> 0x800000000034112D
x6 <- 0x800000000034112D

mem[X,0x0080000000000BA8] -> 0x1313
mem[X,0x0080000000000BAA] -> 0x0383
[1138] [M]: 0x0080000000000BA8 (0x03831313) slli t1, t1, 0x38
x6 <- 0x2D00000000000000

mem[X,0x0080000000000BAC] -> 0x5463
mem[X,0x0080000000000BAE] -> 0x0003
[1139] [M]: 0x0080000000000BAC (0x00035463) bge t1, zero, 0x8

mem[X,0x0080000000000BB4] -> 0x3303
mem[X,0x0080000000000BB6] -> 0x2181
[1140] [M]: 0x0080000000000BB4 (0x21813303) ld t1, 0x218(sp)
mem[R,0x0080000000003218] -> 0x00800000000043E0
x6 <- 0x00800000000043E0

mem[X,0x0080000000000BB8] -> 0x04B3
mem[X,0x0080000000000BBA] -> 0x0073
[1141] [M]: 0x0080000000000BB8 (0x007304B3) add s1, t1, t2
x9 <- 0x0080000000004400

mem[X,0x0080000000000BBC] -> 0x3C23
mem[X,0x0080000000000BBE] -> 0x2091
[1142] [M]: 0x0080000000000BBC (0x20913C23) sd s1, 0x218(sp)
mem[0x0080000000003218] <- 0x0080000000004400

mem[X,0x0080000000000BC0] -> 0x3403
mem[X,0x0080000000000BC2] -> 0x1F81
[1143] [M]: 0x0080000000000BC0 (0x1F813403) ld fp, 0x1f8(sp)
mem[R,0x00800000000031F8] -> 0x0080000000004210
x8 <- 0x0080000000004210

mem[X,0x0080000000000BC4] -> 0x0333
mem[X,0x0080000000000BC6] -> 0x4083
[1144] [M]: 0x0080000000000BC4 (0x40830333) sub t1, t1, fp
x6 <- 0x00000000000001D0

mem[X,0x0080000000000BC8] -> 0x3403
mem[X,0x0080000000000BCA] -> 0x1F81
[1145] [M]: 0x0080000000000BC8 (0x1F813403) ld fp, 0x1f8(sp)
mem[R,0x00800000000031F8] -> 0x0080000000004210
x8 <- 0x0080000000004210

mem[X,0x0080000000000BCC] -> 0x0333
mem[X,0x0080000000000BCE] -> 0x0083
[1146] [M]: 0x0080000000000BCC (0x00830333) add t1, t1, fp
x6 <- 0x00800000000043E0

mem[X,0x0080000000000BD0] -> 0x3403
mem[X,0x0080000000000BD2] -> 0x2401
[1147] [M]: 0x0080000000000BD0 (0x24013403) ld fp, 0x240(sp)
mem[R,0x0080000000003240] -> 0x0080000000000940
x8 <- 0x0080000000000940

mem[X,0x0080000000000BD4] -> 0x85B3
mem[X,0x0080000000000BD6] -> 0x4085
[1148] [M]: 0x0080000000000BD4 (0x408585B3) sub a1, a1, fp
x11 <- 0x000000000000010C

mem[X,0x0080000000000BD8] -> 0x9593
mem[X,0x0080000000000BDA] -> 0x0045
[1149] [M]: 0x0080000000000BD8 (0x00459593) slli a1, a1, 0x4
x11 <- 0x00000000000010C0

mem[X,0x0080000000000BDC] -> 0xE5B3
mem[X,0x0080000000000BDE] -> 0x0075
[1150] [M]: 0x0080000000000BDC (0x0075E5B3) or a1, a1, t2
x11 <- 0x00000000000010E0

mem[X,0x0080000000000BE0] -> 0x8593
mem[X,0x0080000000000BE2] -> 0x0035
[1151] [M]: 0x0080000000000BE0 (0x00358593) addi a1, a1, 0x3
x11 <- 0x00000000000010E3

mem[X,0x0080000000000BE4] -> 0x3023
mem[X,0x0080000000000BE6] -> 0x00B3
[1152] [M]: 0x0080000000000BE4 (0x00B33023) sd a1, 0x0(t1)
mem[0x00800000000043E0] <- 0x00000000000010E3

mem[X,0x0080000000000BE8] -> 0x3423
mem[X,0x0080000000000BEA] -> 0x00A3
[1153] [M]: 0x0080000000000BE8 (0x00A33423) sd a0, 0x8(t1)
mem[0x00800000000043E8] <- 0x0000000000000007

mem[X,0x0080000000000BEC] -> 0x4863
mem[X,0x0080000000000BEE] -> 0x1605
[1154] [M]: 0x0080000000000BEC (0x16054863) blt a0, zero, 0x170

mem[X,0x0080000000000BF0] -> 0x25F3
mem[X,0x0080000000000BF2] -> 0x3000
[1155] [M]: 0x0080000000000BF0 (0x300025F3) csrrs a1, mstatus, zero
CSR mstatus -> 0x0000000A00000880
x11 <- 0x0000000A00000880

mem[X,0x0080000000000BF4] -> 0x9413
mem[X,0x0080000000000BF6] -> 0x02E5
[1156] [M]: 0x0080000000000BF4 (0x02E59413) slli fp, a1, 0x2e
x8 <- 0x0220000000000000

mem[X,0x0080000000000BF8] -> 0x5463
mem[X,0x0080000000000BFA] -> 0x0004
[1157] [M]: 0x0080000000000BF8 (0x00045463) bge fp, zero, 0x8

mem[X,0x0080000000000C00] -> 0xD493
mem[X,0x0080000000000C02] -> 0x00B5
[1158] [M]: 0x0080000000000C00 (0x00B5D493) srli s1, a1, 0xb
x9 <- 0x0000000001400001

mem[X,0x0080000000000C04] -> 0xF493
mem[X,0x0080000000000C06] -> 0x0034
[1159] [M]: 0x0080000000000C04 (0x0034F493) andi s1, s1, 0x3
x9 <- 0x0000000000000001

mem[X,0x0080000000000C08] -> 0x8493
mem[X,0x0080000000000C0A] -> 0x0014
[1160] [M]: 0x0080000000000C08 (0x00148493) addi s1, s1, 0x1
x9 <- 0x0000000000000002

mem[X,0x0080000000000C0C] -> 0xF493
mem[X,0x0080000000000C0E] -> 0x0044
[1161] [M]: 0x0080000000000C0C (0x0044F493) andi s1, s1, 0x4
x9 <- 0x0000000000000000

mem[X,0x0080000000000C10] -> 0x0593
mem[X,0x0080000000000C12] -> 0x05D0
[1162] [M]: 0x0080000000000C10 (0x05D00593) addi a1, zero, 0x5d
x11 <- 0x000000000000005D

mem[X,0x0080000000000C14] -> 0xD5B3
mem[X,0x0080000000000C16] -> 0x0095
[1163] [M]: 0x0080000000000C14 (0x0095D5B3) srl a1, a1, s1
x11 <- 0x000000000000005D

mem[X,0x0080000000000C18] -> 0xF593
mem[X,0x0080000000000C1A] -> 0x0015
[1164] [M]: 0x0080000000000C18 (0x0015F593) andi a1, a1, 0x1
x11 <- 0x0000000000000001

mem[X,0x0080000000000C1C] -> 0x8EE3
mem[X,0x0080000000000C1E] -> 0xF405
[1165] [M]: 0x0080000000000C1C (0xF4058EE3) beq a1, zero, -0xa4

mem[X,0x0080000000000C20] -> 0x0593
mem[X,0x0080000000000C22] -> 0x2980
[1166] [M]: 0x0080000000000C20 (0x29800593) addi a1, zero, 0x298
x11 <- 0x0000000000000298

mem[X,0x0080000000000C24] -> 0xF413
mem[X,0x0080000000000C26] -> 0x0014
[1167] [M]: 0x0080000000000C24 (0x0014F413) andi fp, s1, 0x1
x8 <- 0x0000000000000000

mem[X,0x0080000000000C28] -> 0x95B3
mem[X,0x0080000000000C2A] -> 0x0085
[1168] [M]: 0x0080000000000C28 (0x008595B3) sll a1, a1, fp
x11 <- 0x0000000000000298

mem[X,0x0080000000000C2C] -> 0x9413
mem[X,0x0080000000000C2E] -> 0x03D4
[1169] [M]: 0x0080000000000C2C (0x03D49413) slli fp, s1, 0x3d
x8 <- 0x0000000000000000

mem[X,0x0080000000000C30] -> 0x5413
mem[X,0x0080000000000C32] -> 0x43F4
[1170] [M]: 0x0080000000000C30 (0x43F45413) srai fp, fp, 0x3f
x8 <- 0x0000000000000000

mem[X,0x0080000000000C34] -> 0x4413
mem[X,0x0080000000000C36] -> 0xFFF4
[1171] [M]: 0x0080000000000C34 (0xFFF44413) xori fp, fp, -0x1
x8 <- 0xFFFFFFFFFFFFFFFF

mem[X,0x0080000000000C38] -> 0xF4B3
mem[X,0x0080000000000C3A] -> 0x0085
[1172] [M]: 0x0080000000000C38 (0x0085F4B3) and s1, a1, fp
x9 <- 0x0000000000000298

mem[X,0x0080000000000C3C] -> 0x84B3
mem[X,0x0080000000000C3E] -> 0x0024
[1173] [M]: 0x0080000000000C3C (0x002484B3) add s1, s1, sp
x9 <- 0x0080000000003298

mem[X,0x0080000000000C40] -> 0x23F3
mem[X,0x0080000000000C42] -> 0x3410
[1174] [M]: 0x0080000000000C40 (0x341023F3) csrrs t2, mepc, zero
CSR mepc -> 0x00800000000006BC
x7 <- 0x00800000000006BC

mem[X,0x0080000000000C44] -> 0xB403
mem[X,0x0080000000000C46] -> 0x2084
[1175] [M]: 0x0080000000000C44 (0x2084B403) ld fp, 0x208(s1)
mem[R,0x00800000000034A0] -> 0x008000000000039C
x8 <- 0x008000000000039C

mem[X,0x0080000000000C48] -> 0xB583
mem[X,0x0080000000000C4A] -> 0x2104
[1176] [M]: 0x0080000000000C48 (0x2104B583) ld a1, 0x210(s1)
mem[R,0x00800000000034A8] -> 0x00000000000004B0
x11 <- 0x00000000000004B0

mem[X,0x0080000000000C4C] -> 0x85B3
mem[X,0x0080000000000C4E] -> 0x0085
[1177] [M]: 0x0080000000000C4C (0x008585B3) add a1, a1, fp
x11 <- 0x008000000000084C

mem[X,0x0080000000000C50] -> 0xF463
mem[X,0x0080000000000C52] -> 0x00B3
[1178] [M]: 0x0080000000000C50 (0x00B3F463) bgeu t2, a1, 0x8

mem[X,0x0080000000000C54] -> 0xF663
mem[X,0x0080000000000C56] -> 0x0283
[1179] [M]: 0x0080000000000C54 (0x0283F663) bgeu t2, fp, 0x2c

mem[X,0x0080000000000C80] -> 0x8433
mem[X,0x0080000000000C82] -> 0x4083
[1180] [M]: 0x0080000000000C80 (0x40838433) sub fp, t2, fp
x8 <- 0x0000000000000320

mem[X,0x0080000000000C84] -> 0x3823
mem[X,0x0080000000000C86] -> 0x0083
[1181] [M]: 0x0080000000000C84 (0x00833823) sd fp, 0x10(t1)
mem[0x00800000000043F0] <- 0x0000000000000320

mem[X,0x0080000000000C88] -> 0xF593
mem[X,0x0080000000000C8A] -> 0xFFC3
[1182] [M]: 0x0080000000000C88 (0xFFC3F593) andi a1, t2, -0x4
x11 <- 0x00800000000006BC

mem[X,0x0080000000000C8C] -> 0x8593
mem[X,0x0080000000000C8E] -> 0x0085
[1183] [M]: 0x0080000000000C8C (0x00858593) addi a1, a1, 0x8
x11 <- 0x00800000000006C4

mem[X,0x0080000000000C90] -> 0x9073
mem[X,0x0080000000000C92] -> 0x3415
[1184] [M]: 0x0080000000000C90 (0x34159073) csrrw zero, mepc, a1
CSR mepc <- 0x00800000000006C4 (input: 0x00800000000006C4)

mem[X,0x0080000000000C94] -> 0x23F3
mem[X,0x0080000000000C96] -> 0x3430
[1185] [M]: 0x0080000000000C94 (0x343023F3) csrrs t2, mtval, zero
CSR mtval -> 0x0080000000000830
x7 <- 0x0080000000000830

mem[X,0x0080000000000C98] -> 0x7513
mem[X,0x0080000000000C9A] -> 0x00F5
[1186] [M]: 0x0080000000000C98 (0x00F57513) andi a0, a0, 0xf
x10 <- 0x0000000000000007

mem[X,0x0080000000000C9C] -> 0x0437
mem[X,0x0080000000000C9E] -> 0x0000
[1187] [M]: 0x0080000000000C9C (0x00000437) lui fp, 0x0
x8 <- 0x0000000000000000

mem[X,0x0080000000000CA0] -> 0x0413
mem[X,0x0080000000000CA2] -> 0x0004
[1188] [M]: 0x0080000000000CA0 (0x00040413) addi fp, fp, 0x0
x8 <- 0x0000000000000000

mem[X,0x0080000000000CA4] -> 0x1413
mem[X,0x0080000000000CA6] -> 0x00B4
[1189] [M]: 0x0080000000000CA4 (0x00B41413) slli fp, fp, 0xb
x8 <- 0x0000000000000000

mem[X,0x0080000000000CA8] -> 0x0413
mem[X,0x0080000000000CAA] -> 0x0004
[1190] [M]: 0x0080000000000CA8 (0x00040413) addi fp, fp, 0x0
x8 <- 0x0000000000000000

mem[X,0x0080000000000CAC] -> 0x1413
mem[X,0x0080000000000CAE] -> 0x00B4
[1191] [M]: 0x0080000000000CAC (0x00B41413) slli fp, fp, 0xb
x8 <- 0x0000000000000000

mem[X,0x0080000000000CB0] -> 0x0413
mem[X,0x0080000000000CB2] -> 0x02C4
[1192] [M]: 0x0080000000000CB0 (0x02C40413) addi fp, fp, 0x2c
x8 <- 0x000000000000002C

mem[X,0x0080000000000CB4] -> 0x1413
mem[X,0x0080000000000CB6] -> 0x00A4
[1193] [M]: 0x0080000000000CB4 (0x00A41413) slli fp, fp, 0xa
x8 <- 0x000000000000B000

mem[X,0x0080000000000CB8] -> 0x0413
mem[X,0x0080000000000CBA] -> 0x0FB4
[1194] [M]: 0x0080000000000CB8 (0x0FB40413) addi fp, fp, 0xfb
x8 <- 0x000000000000B0FB

mem[X,0x0080000000000CBC] -> 0x5433
mem[X,0x0080000000000CBE] -> 0x00A4
[1195] [M]: 0x0080000000000CBC (0x00A45433) srl fp, fp, a0
x8 <- 0x0000000000000161

mem[X,0x0080000000000CC0] -> 0x1413
mem[X,0x0080000000000CC2] -> 0x03F4
[1196] [M]: 0x0080000000000CC0 (0x03F41413) slli fp, fp, 0x3f
x8 <- 0x8000000000000000

mem[X,0x0080000000000CC4] -> 0x5C63
mem[X,0x0080000000000CC6] -> 0x0404
[1197] [M]: 0x0080000000000CC4 (0x04045C63) bge fp, zero, 0x58

mem[X,0x0080000000000CC8] -> 0xB403
mem[X,0x0080000000000CCA] -> 0x2084
[1198] [M]: 0x0080000000000CC8 (0x2084B403) ld fp, 0x208(s1)
mem[R,0x00800000000034A0] -> 0x008000000000039C
x8 <- 0x008000000000039C

mem[X,0x0080000000000CCC] -> 0xB583
mem[X,0x0080000000000CCE] -> 0x2104
[1199] [M]: 0x0080000000000CCC (0x2104B583) ld a1, 0x210(s1)
mem[R,0x00800000000034A8] -> 0x00000000000004B0
x11 <- 0x00000000000004B0

clint::tick mtime <- 0x000000000000000C
 clint timer pending at mtime 0x000000000000000C
htif::tick 0x0000000000000000
mem[X,0x0080000000000CD0] -> 0x85B3
mem[X,0x0080000000000CD2] -> 0x0085
[1200] [M]: 0x0080000000000CD0 (0x008585B3) add a1, a1, fp
x11 <- 0x008000000000084C

mem[X,0x0080000000000CD4] -> 0xF463
mem[X,0x0080000000000CD6] -> 0x00B3
[1201] [M]: 0x0080000000000CD4 (0x00B3F463) bgeu t2, a1, 0x8

mem[X,0x0080000000000CD8] -> 0xF063
mem[X,0x0080000000000CDA] -> 0x0483
[1202] [M]: 0x0080000000000CD8 (0x0483F063) bgeu t2, fp, 0x40

mem[X,0x0080000000000D18] -> 0x8433
mem[X,0x0080000000000D1A] -> 0x4083
[1203] [M]: 0x0080000000000D18 (0x40838433) sub fp, t2, fp
x8 <- 0x0000000000000494

mem[X,0x0080000000000D1C] -> 0x3C23
mem[X,0x0080000000000D1E] -> 0x0083
[1204] [M]: 0x0080000000000D1C (0x00833C23) sd fp, 0x18(t1)
mem[0x00800000000043F8] <- 0x0000000000000494

mem[X,0x0080000000000D20] -> 0x3483
mem[X,0x0080000000000D22] -> 0x2181
[1205] [M]: 0x0080000000000D20 (0x21813483) ld s1, 0x218(sp)
mem[R,0x0080000000003218] -> 0x0080000000004400
x9 <- 0x0080000000004400

mem[X,0x0080000000000D24] -> 0x3383
mem[X,0x0080000000000D26] -> 0x1F81
[1206] [M]: 0x0080000000000D24 (0x1F813383) ld t2, 0x1f8(sp)
mem[R,0x00800000000031F8] -> 0x0080000000004210
x7 <- 0x0080000000004210

mem[X,0x0080000000000D28] -> 0x3303
mem[X,0x0080000000000D2A] -> 0x2001
[1207] [M]: 0x0080000000000D28 (0x20013303) ld t1, 0x200(sp)
mem[R,0x0080000000003200] -> 0x0000000000000520
x6 <- 0x0000000000000520

mem[X,0x0080000000000D2C] -> 0x0333
mem[X,0x0080000000000D2E] -> 0x0073
[1208] [M]: 0x0080000000000D2C (0x00730333) add t1, t1, t2
x6 <- 0x0080000000004730

mem[X,0x0080000000000D30] -> 0x62E3
mem[X,0x0080000000000D32] -> 0xB293
[1209] [M]: 0x0080000000000D30 (0xB29362E3) bltu t1, s1, -0x4dc

mem[X,0x0080000000000D34] -> 0x0393
mem[X,0x0080000000000D36] -> 0x2000
[1210] [M]: 0x0080000000000D34 (0x20000393) addi t2, zero, 0x200
x7 <- 0x0000000000000200

mem[X,0x0080000000000D38] -> 0x006F
mem[X,0x0080000000000D3A] -> 0x0400
[1211] [M]: 0x0080000000000D38 (0x0400006F) jal zero, 0x40

mem[X,0x0080000000000D78] -> 0x0417
mem[X,0x0080000000000D7A] -> 0x0000
[1212] [M]: 0x0080000000000D78 (0x00000417) auipc fp, 0x0
x8 <- 0x0080000000000D78

mem[X,0x0080000000000D7C] -> 0x0413
mem[X,0x0080000000000D7E] -> 0x03C4
[1213] [M]: 0x0080000000000D7C (0x03C40413) addi fp, fp, 0x3c
x8 <- 0x0080000000000DB4

mem[X,0x0080000000000D80] -> 0x0433
mem[X,0x0080000000000D82] -> 0x0074
[1214] [M]: 0x0080000000000D80 (0x00740433) add fp, fp, t2
x8 <- 0x0080000000000FB4

mem[X,0x0080000000000D84] -> 0x1393
mem[X,0x0080000000000D86] -> 0x0035
[1215] [M]: 0x0080000000000D84 (0x00351393) slli t2, a0, 0x3
x7 <- 0x0000000000000038

mem[X,0x0080000000000D88] -> 0x0433
mem[X,0x0080000000000D8A] -> 0x0074
[1216] [M]: 0x0080000000000D88 (0x00740433) add fp, fp, t2
x8 <- 0x0080000000000FEC

mem[X,0x0080000000000D8C] -> 0x7413
mem[X,0x0080000000000D8E] -> 0xFF84
[1217] [M]: 0x0080000000000D8C (0xFF847413) andi fp, fp, -0x8
x8 <- 0x0080000000000FE8

mem[X,0x0080000000000D90] -> 0x3403
mem[X,0x0080000000000D92] -> 0x0004
[1218] [M]: 0x0080000000000D90 (0x00043403) ld fp, 0x0(fp)
mem[R,0x0080000000000FE8] -> 0x000000000000000F
x8 <- 0x000000000000000F

mem[X,0x0080000000000D94] -> 0x0AE3
mem[X,0x0080000000000D96] -> 0xB404
[1219] [M]: 0x0080000000000D94 (0xB4040AE3) beq fp, zero, -0x4ac

mem[X,0x0080000000000D98] -> 0x1393
mem[X,0x0080000000000D9A] -> 0x03F4
[1220] [M]: 0x0080000000000D98 (0x03F41393) slli t2, fp, 0x3f
x7 <- 0x8000000000000000

mem[X,0x0080000000000D9C] -> 0xD863
mem[X,0x0080000000000D9E] -> 0x0003
[1221] [M]: 0x0080000000000D9C (0x0003D863) bge t2, zero, 0x10

mem[X,0x0080000000000DA0] -> 0x5413
mem[X,0x0080000000000DA2] -> 0x0014
[1222] [M]: 0x0080000000000DA0 (0x00145413) srli fp, fp, 0x1
x8 <- 0x0000000000000007

mem[X,0x0080000000000DA4] -> 0x0CE3
mem[X,0x0080000000000DA6] -> 0xF885
[1223] [M]: 0x0080000000000DA4 (0xF8850CE3) beq a0, fp, -0x68

mem[X,0x0080000000000D3C] -> 0x3303
mem[X,0x0080000000000D3E] -> 0x2601
[1224] [M]: 0x0080000000000D3C (0x26013303) ld t1, 0x260(sp)
mem[R,0x0080000000003260] -> 0x0000000000000010
x6 <- 0x0000000000000010

mem[X,0x0080000000000D40] -> 0x3383
mem[X,0x0080000000000D42] -> 0x2681
[1225] [M]: 0x0080000000000D40 (0x26813383) ld t2, 0x268(sp)
mem[R,0x0080000000003268] -> 0x00000000003FBB6F
x7 <- 0x00000000003FBB6F

mem[X,0x0080000000000D44] -> 0x3403
mem[X,0x0080000000000D46] -> 0x2701
[1226] [M]: 0x0080000000000D44 (0x27013403) ld fp, 0x270(sp)
mem[R,0x0080000000003270] -> 0x0000000000007F76
x8 <- 0x0000000000007F76

mem[X,0x0080000000000D48] -> 0x3483
mem[X,0x0080000000000D4A] -> 0x2781
[1227] [M]: 0x0080000000000D48 (0x27813483) ld s1, 0x278(sp)
mem[R,0x0080000000003278] -> 0x00800000000005F0
x9 <- 0x00800000000005F0

mem[X,0x0080000000000D4C] -> 0x3503
mem[X,0x0080000000000D4E] -> 0x2801
[1228] [M]: 0x0080000000000D4C (0x28013503) ld a0, 0x280(sp)
mem[R,0x0080000000003280] -> 0x0000000000000001
x10 <- 0x0000000000000001

mem[X,0x0080000000000D50] -> 0x3583
mem[X,0x0080000000000D52] -> 0x2881
[1229] [M]: 0x0080000000000D50 (0x28813583) ld a1, 0x288(sp)
mem[R,0x0080000000003288] -> 0x0000000000000000
x11 <- 0x0000000000000000

mem[X,0x0080000000000D54] -> 0x3103
mem[X,0x0080000000000D56] -> 0x2901
[1230] [M]: 0x0080000000000D54 (0x29013103) ld sp, 0x290(sp)
mem[R,0x0080000000003290] -> 0x0080000000003000
x2 <- 0x0080000000003000

mem[X,0x0080000000000D58] -> 0x0073
mem[X,0x0080000000000D5A] -> 0x3020
[1231] [M]: 0x0080000000000D58 (0x30200073) mret
CSR mstatus <- 0x0000000A00000088
ret-ing from M to S

mem[X,0x00800000000006C4] -> 0x0013
mem[X,0x00800000000006C6] -> 0x0000
[1232] [S]: 0x00800000000006C4 (0x00000013) addi zero, zero, 0x0

mem[X,0x00800000000006C8] -> 0xB023
mem[X,0x00800000000006CA] -> 0x00E7
[1233] [S]: 0x00800000000006C8 (0x00E7B023) sd a4, 0x0(a5)
trapping from S to M to handle store/amo-access-fault
handling exc#0x07 at priv M with tval 0x0080000000000830
CSR mstatus <- 0x0000000A00000880

mem[X,0x0080000000000940] -> 0x006F
mem[X,0x0080000000000942] -> 0x1000
[1234] [M]: 0x0080000000000940 (0x1000006F) jal zero, 0x100

mem[X,0x0080000000000A40] -> 0x1173
mem[X,0x0080000000000A42] -> 0x3401
[1235] [M]: 0x0080000000000A40 (0x34011173) csrrw sp, mscratch, sp
CSR mscratch <- 0x0080000000003000 (input: 0x0080000000003000)
x2 <- 0x0080000000003000

mem[X,0x0080000000000A44] -> 0x3423
mem[X,0x0080000000000A46] -> 0x28B1
[1236] [M]: 0x0080000000000A44 (0x28B13423) sd a1, 0x288(sp)
mem[0x0080000000003288] <- 0x0000000000000000

mem[X,0x0080000000000A48] -> 0x05EF
mem[X,0x0080000000000A4A] -> 0x0B80
[1237] [M]: 0x0080000000000A48 (0x0B8005EF) jal a1, 0xb8
x11 <- 0x0080000000000A4C

mem[X,0x0080000000000B00] -> 0x3023
mem[X,0x0080000000000B02] -> 0x28A1
[1238] [M]: 0x0080000000000B00 (0x28A13023) sd a0, 0x280(sp)
mem[0x0080000000003280] <- 0x0000000000000001

mem[X,0x0080000000000B04] -> 0x1573
mem[X,0x0080000000000B06] -> 0x3401
[1239] [M]: 0x0080000000000B04 (0x34011573) csrrw a0, mscratch, sp
CSR mscratch <- 0x0080000000003000 (input: 0x0080000000003000)
x10 <- 0x0080000000003000

mem[X,0x0080000000000B08] -> 0x3823
mem[X,0x0080000000000B0A] -> 0x28A1
[1240] [M]: 0x0080000000000B08 (0x28A13823) sd a0, 0x290(sp)
mem[0x0080000000003290] <- 0x0080000000003000

mem[X,0x0080000000000B0C] -> 0x3503
mem[X,0x0080000000000B0E] -> 0x2301
[1241] [M]: 0x0080000000000B0C (0x23013503) ld a0, 0x230(sp)
mem[R,0x0080000000003230] -> 0x0080000000000B14
x10 <- 0x0080000000000B14

mem[X,0x0080000000000B10] -> 0x0067
mem[X,0x0080000000000B12] -> 0x0005
[1242] [M]: 0x0080000000000B10 (0x00050067) jalr zero, 0x0(a0)

mem[X,0x0080000000000B14] -> 0x3C23
mem[X,0x0080000000000B16] -> 0x2691
[1243] [M]: 0x0080000000000B14 (0x26913C23) sd s1, 0x278(sp)
mem[0x0080000000003278] <- 0x00800000000005F0

mem[X,0x0080000000000B18] -> 0x3823
mem[X,0x0080000000000B1A] -> 0x2681
[1244] [M]: 0x0080000000000B18 (0x26813823) sd fp, 0x270(sp)
mem[0x0080000000003270] <- 0x0000000000007F76

mem[X,0x0080000000000B1C] -> 0x3423
mem[X,0x0080000000000B1E] -> 0x2671
[1245] [M]: 0x0080000000000B1C (0x26713423) sd t2, 0x268(sp)
mem[0x0080000000003268] <- 0x00000000003FBB6F

mem[X,0x0080000000000B20] -> 0x3023
mem[X,0x0080000000000B22] -> 0x2661
[1246] [M]: 0x0080000000000B20 (0x26613023) sd t1, 0x260(sp)
mem[0x0080000000003260] <- 0x0000000000000010

mem[X,0x0080000000000B24] -> 0x2573
mem[X,0x0080000000000B26] -> 0x3420
[1247] [M]: 0x0080000000000B24 (0x34202573) csrrs a0, mcause, zero
CSR mcause -> 0x0000000000000007
x10 <- 0x0000000000000007

mem[X,0x0080000000000B28] -> 0x04B7
mem[X,0x0080000000000B2A] -> 0x8000
[1248] [M]: 0x0080000000000B28 (0x800004B7) lui s1, -0x80000
x9 <- 0xFFFFFFFF80000000

mem[X,0x0080000000000B2C] -> 0x8493
mem[X,0x0080000000000B2E] -> 0x0004
[1249] [M]: 0x0080000000000B2C (0x00048493) addi s1, s1, 0x0
x9 <- 0xFFFFFFFF80000000

mem[X,0x0080000000000B30] -> 0x9493
mem[X,0x0080000000000B32] -> 0x00B4
[1250] [M]: 0x0080000000000B30 (0x00B49493) slli s1, s1, 0xb
x9 <- 0xFFFFFC0000000000

mem[X,0x0080000000000B34] -> 0x8493
mem[X,0x0080000000000B36] -> 0x0004
[1251] [M]: 0x0080000000000B34 (0x00048493) addi s1, s1, 0x0
x9 <- 0xFFFFFC0000000000

mem[X,0x0080000000000B38] -> 0x9493
mem[X,0x0080000000000B3A] -> 0x00B4
[1252] [M]: 0x0080000000000B38 (0x00B49493) slli s1, s1, 0xb
x9 <- 0xFFE0000000000000

mem[X,0x0080000000000B3C] -> 0x8493
mem[X,0x0080000000000B3E] -> 0x0034
[1253] [M]: 0x0080000000000B3C (0x00348493) addi s1, s1, 0x3
x9 <- 0xFFE0000000000003

mem[X,0x0080000000000B40] -> 0x9493
mem[X,0x0080000000000B42] -> 0x00A4
[1254] [M]: 0x0080000000000B40 (0x00A49493) slli s1, s1, 0xa
x9 <- 0x8000000000000C00

mem[X,0x0080000000000B44] -> 0x8493
mem[X,0x0080000000000B46] -> 0x3FC4
[1255] [M]: 0x0080000000000B44 (0x3FC48493) addi s1, s1, 0x3fc
x9 <- 0x8000000000000FFC

mem[X,0x0080000000000B48] -> 0xF4B3
mem[X,0x0080000000000B4A] -> 0x00A4
[1256] [M]: 0x0080000000000B48 (0x00A4F4B3) and s1, s1, a0
x9 <- 0x0000000000000004

mem[X,0x0080000000000B4C] -> 0x8493
mem[X,0x0080000000000B4E] -> 0xFF84
[1257] [M]: 0x0080000000000B4C (0xFF848493) addi s1, s1, -0x8
x9 <- 0xFFFFFFFFFFFFFFFC

mem[X,0x0080000000000B50] -> 0x9663
mem[X,0x0080000000000B52] -> 0x0004
[1258] [M]: 0x0080000000000B50 (0x00049663) bne s1, zero, 0xc

mem[X,0x0080000000000B5C] -> 0x0393
mem[X,0x0080000000000B5E] -> 0x0200
[1259] [M]: 0x0080000000000B5C (0x02000393) addi t2, zero, 0x20
x7 <- 0x0000000000000020

mem[X,0x0080000000000B60] -> 0x5263
mem[X,0x0080000000000B62] -> 0x0405
[1260] [M]: 0x0080000000000B60 (0x04055263) bge a0, zero, 0x44

mem[X,0x0080000000000BA4] -> 0x2373
mem[X,0x0080000000000BA6] -> 0x3010
[1261] [M]: 0x0080000000000BA4 (0x30102373) csrrs t1, misa, zero
CSR misa -> 0x800000000034112D
x6 <- 0x800000000034112D

mem[X,0x0080000000000BA8] -> 0x1313
mem[X,0x0080000000000BAA] -> 0x0383
[1262] [M]: 0x0080000000000BA8 (0x03831313) slli t1, t1, 0x38
x6 <- 0x2D00000000000000

mem[X,0x0080000000000BAC] -> 0x5463
mem[X,0x0080000000000BAE] -> 0x0003
[1263] [M]: 0x0080000000000BAC (0x00035463) bge t1, zero, 0x8

mem[X,0x0080000000000BB4] -> 0x3303
mem[X,0x0080000000000BB6] -> 0x2181
[1264] [M]: 0x0080000000000BB4 (0x21813303) ld t1, 0x218(sp)
mem[R,0x0080000000003218] -> 0x0080000000004400
x6 <- 0x0080000000004400

mem[X,0x0080000000000BB8] -> 0x04B3
mem[X,0x0080000000000BBA] -> 0x0073
[1265] [M]: 0x0080000000000BB8 (0x007304B3) add s1, t1, t2
x9 <- 0x0080000000004420

mem[X,0x0080000000000BBC] -> 0x3C23
mem[X,0x0080000000000BBE] -> 0x2091
[1266] [M]: 0x0080000000000BBC (0x20913C23) sd s1, 0x218(sp)
mem[0x0080000000003218] <- 0x0080000000004420

mem[X,0x0080000000000BC0] -> 0x3403
mem[X,0x0080000000000BC2] -> 0x1F81
[1267] [M]: 0x0080000000000BC0 (0x1F813403) ld fp, 0x1f8(sp)
mem[R,0x00800000000031F8] -> 0x0080000000004210
x8 <- 0x0080000000004210

mem[X,0x0080000000000BC4] -> 0x0333
mem[X,0x0080000000000BC6] -> 0x4083
[1268] [M]: 0x0080000000000BC4 (0x40830333) sub t1, t1, fp
x6 <- 0x00000000000001F0

mem[X,0x0080000000000BC8] -> 0x3403
mem[X,0x0080000000000BCA] -> 0x1F81
[1269] [M]: 0x0080000000000BC8 (0x1F813403) ld fp, 0x1f8(sp)
mem[R,0x00800000000031F8] -> 0x0080000000004210
x8 <- 0x0080000000004210

mem[X,0x0080000000000BCC] -> 0x0333
mem[X,0x0080000000000BCE] -> 0x0083
[1270] [M]: 0x0080000000000BCC (0x00830333) add t1, t1, fp
x6 <- 0x0080000000004400

mem[X,0x0080000000000BD0] -> 0x3403
mem[X,0x0080000000000BD2] -> 0x2401
[1271] [M]: 0x0080000000000BD0 (0x24013403) ld fp, 0x240(sp)
mem[R,0x0080000000003240] -> 0x0080000000000940
x8 <- 0x0080000000000940

mem[X,0x0080000000000BD4] -> 0x85B3
mem[X,0x0080000000000BD6] -> 0x4085
[1272] [M]: 0x0080000000000BD4 (0x408585B3) sub a1, a1, fp
x11 <- 0x000000000000010C

mem[X,0x0080000000000BD8] -> 0x9593
mem[X,0x0080000000000BDA] -> 0x0045
[1273] [M]: 0x0080000000000BD8 (0x00459593) slli a1, a1, 0x4
x11 <- 0x00000000000010C0

mem[X,0x0080000000000BDC] -> 0xE5B3
mem[X,0x0080000000000BDE] -> 0x0075
[1274] [M]: 0x0080000000000BDC (0x0075E5B3) or a1, a1, t2
x11 <- 0x00000000000010E0

mem[X,0x0080000000000BE0] -> 0x8593
mem[X,0x0080000000000BE2] -> 0x0035
[1275] [M]: 0x0080000000000BE0 (0x00358593) addi a1, a1, 0x3
x11 <- 0x00000000000010E3

mem[X,0x0080000000000BE4] -> 0x3023
mem[X,0x0080000000000BE6] -> 0x00B3
[1276] [M]: 0x0080000000000BE4 (0x00B33023) sd a1, 0x0(t1)
mem[0x0080000000004400] <- 0x00000000000010E3

mem[X,0x0080000000000BE8] -> 0x3423
mem[X,0x0080000000000BEA] -> 0x00A3
[1277] [M]: 0x0080000000000BE8 (0x00A33423) sd a0, 0x8(t1)
mem[0x0080000000004408] <- 0x0000000000000007

mem[X,0x0080000000000BEC] -> 0x4863
mem[X,0x0080000000000BEE] -> 0x1605
[1278] [M]: 0x0080000000000BEC (0x16054863) blt a0, zero, 0x170

mem[X,0x0080000000000BF0] -> 0x25F3
mem[X,0x0080000000000BF2] -> 0x3000
[1279] [M]: 0x0080000000000BF0 (0x300025F3) csrrs a1, mstatus, zero
CSR mstatus -> 0x0000000A00000880
x11 <- 0x0000000A00000880

mem[X,0x0080000000000BF4] -> 0x9413
mem[X,0x0080000000000BF6] -> 0x02E5
[1280] [M]: 0x0080000000000BF4 (0x02E59413) slli fp, a1, 0x2e
x8 <- 0x0220000000000000

mem[X,0x0080000000000BF8] -> 0x5463
mem[X,0x0080000000000BFA] -> 0x0004
[1281] [M]: 0x0080000000000BF8 (0x00045463) bge fp, zero, 0x8

mem[X,0x0080000000000C00] -> 0xD493
mem[X,0x0080000000000C02] -> 0x00B5
[1282] [M]: 0x0080000000000C00 (0x00B5D493) srli s1, a1, 0xb
x9 <- 0x0000000001400001

mem[X,0x0080000000000C04] -> 0xF493
mem[X,0x0080000000000C06] -> 0x0034
[1283] [M]: 0x0080000000000C04 (0x0034F493) andi s1, s1, 0x3
x9 <- 0x0000000000000001

mem[X,0x0080000000000C08] -> 0x8493
mem[X,0x0080000000000C0A] -> 0x0014
[1284] [M]: 0x0080000000000C08 (0x00148493) addi s1, s1, 0x1
x9 <- 0x0000000000000002

mem[X,0x0080000000000C0C] -> 0xF493
mem[X,0x0080000000000C0E] -> 0x0044
[1285] [M]: 0x0080000000000C0C (0x0044F493) andi s1, s1, 0x4
x9 <- 0x0000000000000000

mem[X,0x0080000000000C10] -> 0x0593
mem[X,0x0080000000000C12] -> 0x05D0
[1286] [M]: 0x0080000000000C10 (0x05D00593) addi a1, zero, 0x5d
x11 <- 0x000000000000005D

mem[X,0x0080000000000C14] -> 0xD5B3
mem[X,0x0080000000000C16] -> 0x0095
[1287] [M]: 0x0080000000000C14 (0x0095D5B3) srl a1, a1, s1
x11 <- 0x000000000000005D

mem[X,0x0080000000000C18] -> 0xF593
mem[X,0x0080000000000C1A] -> 0x0015
[1288] [M]: 0x0080000000000C18 (0x0015F593) andi a1, a1, 0x1
x11 <- 0x0000000000000001

mem[X,0x0080000000000C1C] -> 0x8EE3
mem[X,0x0080000000000C1E] -> 0xF405
[1289] [M]: 0x0080000000000C1C (0xF4058EE3) beq a1, zero, -0xa4

mem[X,0x0080000000000C20] -> 0x0593
mem[X,0x0080000000000C22] -> 0x2980
[1290] [M]: 0x0080000000000C20 (0x29800593) addi a1, zero, 0x298
x11 <- 0x0000000000000298

mem[X,0x0080000000000C24] -> 0xF413
mem[X,0x0080000000000C26] -> 0x0014
[1291] [M]: 0x0080000000000C24 (0x0014F413) andi fp, s1, 0x1
x8 <- 0x0000000000000000

mem[X,0x0080000000000C28] -> 0x95B3
mem[X,0x0080000000000C2A] -> 0x0085
[1292] [M]: 0x0080000000000C28 (0x008595B3) sll a1, a1, fp
x11 <- 0x0000000000000298

mem[X,0x0080000000000C2C] -> 0x9413
mem[X,0x0080000000000C2E] -> 0x03D4
[1293] [M]: 0x0080000000000C2C (0x03D49413) slli fp, s1, 0x3d
x8 <- 0x0000000000000000

mem[X,0x0080000000000C30] -> 0x5413
mem[X,0x0080000000000C32] -> 0x43F4
[1294] [M]: 0x0080000000000C30 (0x43F45413) srai fp, fp, 0x3f
x8 <- 0x0000000000000000

mem[X,0x0080000000000C34] -> 0x4413
mem[X,0x0080000000000C36] -> 0xFFF4
[1295] [M]: 0x0080000000000C34 (0xFFF44413) xori fp, fp, -0x1
x8 <- 0xFFFFFFFFFFFFFFFF

mem[X,0x0080000000000C38] -> 0xF4B3
mem[X,0x0080000000000C3A] -> 0x0085
[1296] [M]: 0x0080000000000C38 (0x0085F4B3) and s1, a1, fp
x9 <- 0x0000000000000298

mem[X,0x0080000000000C3C] -> 0x84B3
mem[X,0x0080000000000C3E] -> 0x0024
[1297] [M]: 0x0080000000000C3C (0x002484B3) add s1, s1, sp
x9 <- 0x0080000000003298

mem[X,0x0080000000000C40] -> 0x23F3
mem[X,0x0080000000000C42] -> 0x3410
[1298] [M]: 0x0080000000000C40 (0x341023F3) csrrs t2, mepc, zero
CSR mepc -> 0x00800000000006C8
x7 <- 0x00800000000006C8

mem[X,0x0080000000000C44] -> 0xB403
mem[X,0x0080000000000C46] -> 0x2084
[1299] [M]: 0x0080000000000C44 (0x2084B403) ld fp, 0x208(s1)
mem[R,0x00800000000034A0] -> 0x008000000000039C
x8 <- 0x008000000000039C

clint::tick mtime <- 0x000000000000000D
 clint timer pending at mtime 0x000000000000000D
htif::tick 0x0000000000000000
mem[X,0x0080000000000C48] -> 0xB583
mem[X,0x0080000000000C4A] -> 0x2104
[1300] [M]: 0x0080000000000C48 (0x2104B583) ld a1, 0x210(s1)
mem[R,0x00800000000034A8] -> 0x00000000000004B0
x11 <- 0x00000000000004B0

mem[X,0x0080000000000C4C] -> 0x85B3
mem[X,0x0080000000000C4E] -> 0x0085
[1301] [M]: 0x0080000000000C4C (0x008585B3) add a1, a1, fp
x11 <- 0x008000000000084C

mem[X,0x0080000000000C50] -> 0xF463
mem[X,0x0080000000000C52] -> 0x00B3
[1302] [M]: 0x0080000000000C50 (0x00B3F463) bgeu t2, a1, 0x8

mem[X,0x0080000000000C54] -> 0xF663
mem[X,0x0080000000000C56] -> 0x0283
[1303] [M]: 0x0080000000000C54 (0x0283F663) bgeu t2, fp, 0x2c

mem[X,0x0080000000000C80] -> 0x8433
mem[X,0x0080000000000C82] -> 0x4083
[1304] [M]: 0x0080000000000C80 (0x40838433) sub fp, t2, fp
x8 <- 0x000000000000032C

mem[X,0x0080000000000C84] -> 0x3823
mem[X,0x0080000000000C86] -> 0x0083
[1305] [M]: 0x0080000000000C84 (0x00833823) sd fp, 0x10(t1)
mem[0x0080000000004410] <- 0x000000000000032C

mem[X,0x0080000000000C88] -> 0xF593
mem[X,0x0080000000000C8A] -> 0xFFC3
[1306] [M]: 0x0080000000000C88 (0xFFC3F593) andi a1, t2, -0x4
x11 <- 0x00800000000006C8

mem[X,0x0080000000000C8C] -> 0x8593
mem[X,0x0080000000000C8E] -> 0x0085
[1307] [M]: 0x0080000000000C8C (0x00858593) addi a1, a1, 0x8
x11 <- 0x00800000000006D0

mem[X,0x0080000000000C90] -> 0x9073
mem[X,0x0080000000000C92] -> 0x3415
[1308] [M]: 0x0080000000000C90 (0x34159073) csrrw zero, mepc, a1
CSR mepc <- 0x00800000000006D0 (input: 0x00800000000006D0)

mem[X,0x0080000000000C94] -> 0x23F3
mem[X,0x0080000000000C96] -> 0x3430
[1309] [M]: 0x0080000000000C94 (0x343023F3) csrrs t2, mtval, zero
CSR mtval -> 0x0080000000000830
x7 <- 0x0080000000000830

mem[X,0x0080000000000C98] -> 0x7513
mem[X,0x0080000000000C9A] -> 0x00F5
[1310] [M]: 0x0080000000000C98 (0x00F57513) andi a0, a0, 0xf
x10 <- 0x0000000000000007

mem[X,0x0080000000000C9C] -> 0x0437
mem[X,0x0080000000000C9E] -> 0x0000
[1311] [M]: 0x0080000000000C9C (0x00000437) lui fp, 0x0
x8 <- 0x0000000000000000

mem[X,0x0080000000000CA0] -> 0x0413
mem[X,0x0080000000000CA2] -> 0x0004
[1312] [M]: 0x0080000000000CA0 (0x00040413) addi fp, fp, 0x0
x8 <- 0x0000000000000000

mem[X,0x0080000000000CA4] -> 0x1413
mem[X,0x0080000000000CA6] -> 0x00B4
[1313] [M]: 0x0080000000000CA4 (0x00B41413) slli fp, fp, 0xb
x8 <- 0x0000000000000000

mem[X,0x0080000000000CA8] -> 0x0413
mem[X,0x0080000000000CAA] -> 0x0004
[1314] [M]: 0x0080000000000CA8 (0x00040413) addi fp, fp, 0x0
x8 <- 0x0000000000000000

mem[X,0x0080000000000CAC] -> 0x1413
mem[X,0x0080000000000CAE] -> 0x00B4
[1315] [M]: 0x0080000000000CAC (0x00B41413) slli fp, fp, 0xb
x8 <- 0x0000000000000000

mem[X,0x0080000000000CB0] -> 0x0413
mem[X,0x0080000000000CB2] -> 0x02C4
[1316] [M]: 0x0080000000000CB0 (0x02C40413) addi fp, fp, 0x2c
x8 <- 0x000000000000002C

mem[X,0x0080000000000CB4] -> 0x1413
mem[X,0x0080000000000CB6] -> 0x00A4
[1317] [M]: 0x0080000000000CB4 (0x00A41413) slli fp, fp, 0xa
x8 <- 0x000000000000B000

mem[X,0x0080000000000CB8] -> 0x0413
mem[X,0x0080000000000CBA] -> 0x0FB4
[1318] [M]: 0x0080000000000CB8 (0x0FB40413) addi fp, fp, 0xfb
x8 <- 0x000000000000B0FB

mem[X,0x0080000000000CBC] -> 0x5433
mem[X,0x0080000000000CBE] -> 0x00A4
[1319] [M]: 0x0080000000000CBC (0x00A45433) srl fp, fp, a0
x8 <- 0x0000000000000161

mem[X,0x0080000000000CC0] -> 0x1413
mem[X,0x0080000000000CC2] -> 0x03F4
[1320] [M]: 0x0080000000000CC0 (0x03F41413) slli fp, fp, 0x3f
x8 <- 0x8000000000000000

mem[X,0x0080000000000CC4] -> 0x5C63
mem[X,0x0080000000000CC6] -> 0x0404
[1321] [M]: 0x0080000000000CC4 (0x04045C63) bge fp, zero, 0x58

mem[X,0x0080000000000CC8] -> 0xB403
mem[X,0x0080000000000CCA] -> 0x2084
[1322] [M]: 0x0080000000000CC8 (0x2084B403) ld fp, 0x208(s1)
mem[R,0x00800000000034A0] -> 0x008000000000039C
x8 <- 0x008000000000039C

mem[X,0x0080000000000CCC] -> 0xB583
mem[X,0x0080000000000CCE] -> 0x2104
[1323] [M]: 0x0080000000000CCC (0x2104B583) ld a1, 0x210(s1)
mem[R,0x00800000000034A8] -> 0x00000000000004B0
x11 <- 0x00000000000004B0

mem[X,0x0080000000000CD0] -> 0x85B3
mem[X,0x0080000000000CD2] -> 0x0085
[1324] [M]: 0x0080000000000CD0 (0x008585B3) add a1, a1, fp
x11 <- 0x008000000000084C

mem[X,0x0080000000000CD4] -> 0xF463
mem[X,0x0080000000000CD6] -> 0x00B3
[1325] [M]: 0x0080000000000CD4 (0x00B3F463) bgeu t2, a1, 0x8

mem[X,0x0080000000000CD8] -> 0xF063
mem[X,0x0080000000000CDA] -> 0x0483
[1326] [M]: 0x0080000000000CD8 (0x0483F063) bgeu t2, fp, 0x40

mem[X,0x0080000000000D18] -> 0x8433
mem[X,0x0080000000000D1A] -> 0x4083
[1327] [M]: 0x0080000000000D18 (0x40838433) sub fp, t2, fp
x8 <- 0x0000000000000494

mem[X,0x0080000000000D1C] -> 0x3C23
mem[X,0x0080000000000D1E] -> 0x0083
[1328] [M]: 0x0080000000000D1C (0x00833C23) sd fp, 0x18(t1)
mem[0x0080000000004418] <- 0x0000000000000494

mem[X,0x0080000000000D20] -> 0x3483
mem[X,0x0080000000000D22] -> 0x2181
[1329] [M]: 0x0080000000000D20 (0x21813483) ld s1, 0x218(sp)
mem[R,0x0080000000003218] -> 0x0080000000004420
x9 <- 0x0080000000004420

mem[X,0x0080000000000D24] -> 0x3383
mem[X,0x0080000000000D26] -> 0x1F81
[1330] [M]: 0x0080000000000D24 (0x1F813383) ld t2, 0x1f8(sp)
mem[R,0x00800000000031F8] -> 0x0080000000004210
x7 <- 0x0080000000004210

mem[X,0x0080000000000D28] -> 0x3303
mem[X,0x0080000000000D2A] -> 0x2001
[1331] [M]: 0x0080000000000D28 (0x20013303) ld t1, 0x200(sp)
mem[R,0x0080000000003200] -> 0x0000000000000520
x6 <- 0x0000000000000520

mem[X,0x0080000000000D2C] -> 0x0333
mem[X,0x0080000000000D2E] -> 0x0073
[1332] [M]: 0x0080000000000D2C (0x00730333) add t1, t1, t2
x6 <- 0x0080000000004730

mem[X,0x0080000000000D30] -> 0x62E3
mem[X,0x0080000000000D32] -> 0xB293
[1333] [M]: 0x0080000000000D30 (0xB29362E3) bltu t1, s1, -0x4dc

mem[X,0x0080000000000D34] -> 0x0393
mem[X,0x0080000000000D36] -> 0x2000
[1334] [M]: 0x0080000000000D34 (0x20000393) addi t2, zero, 0x200
x7 <- 0x0000000000000200

mem[X,0x0080000000000D38] -> 0x006F
mem[X,0x0080000000000D3A] -> 0x0400
[1335] [M]: 0x0080000000000D38 (0x0400006F) jal zero, 0x40

mem[X,0x0080000000000D78] -> 0x0417
mem[X,0x0080000000000D7A] -> 0x0000
[1336] [M]: 0x0080000000000D78 (0x00000417) auipc fp, 0x0
x8 <- 0x0080000000000D78

mem[X,0x0080000000000D7C] -> 0x0413
mem[X,0x0080000000000D7E] -> 0x03C4
[1337] [M]: 0x0080000000000D7C (0x03C40413) addi fp, fp, 0x3c
x8 <- 0x0080000000000DB4

mem[X,0x0080000000000D80] -> 0x0433
mem[X,0x0080000000000D82] -> 0x0074
[1338] [M]: 0x0080000000000D80 (0x00740433) add fp, fp, t2
x8 <- 0x0080000000000FB4

mem[X,0x0080000000000D84] -> 0x1393
mem[X,0x0080000000000D86] -> 0x0035
[1339] [M]: 0x0080000000000D84 (0x00351393) slli t2, a0, 0x3
x7 <- 0x0000000000000038

mem[X,0x0080000000000D88] -> 0x0433
mem[X,0x0080000000000D8A] -> 0x0074
[1340] [M]: 0x0080000000000D88 (0x00740433) add fp, fp, t2
x8 <- 0x0080000000000FEC

mem[X,0x0080000000000D8C] -> 0x7413
mem[X,0x0080000000000D8E] -> 0xFF84
[1341] [M]: 0x0080000000000D8C (0xFF847413) andi fp, fp, -0x8
x8 <- 0x0080000000000FE8

mem[X,0x0080000000000D90] -> 0x3403
mem[X,0x0080000000000D92] -> 0x0004
[1342] [M]: 0x0080000000000D90 (0x00043403) ld fp, 0x0(fp)
mem[R,0x0080000000000FE8] -> 0x000000000000000F
x8 <- 0x000000000000000F

mem[X,0x0080000000000D94] -> 0x0AE3
mem[X,0x0080000000000D96] -> 0xB404
[1343] [M]: 0x0080000000000D94 (0xB4040AE3) beq fp, zero, -0x4ac

mem[X,0x0080000000000D98] -> 0x1393
mem[X,0x0080000000000D9A] -> 0x03F4
[1344] [M]: 0x0080000000000D98 (0x03F41393) slli t2, fp, 0x3f
x7 <- 0x8000000000000000

mem[X,0x0080000000000D9C] -> 0xD863
mem[X,0x0080000000000D9E] -> 0x0003
[1345] [M]: 0x0080000000000D9C (0x0003D863) bge t2, zero, 0x10

mem[X,0x0080000000000DA0] -> 0x5413
mem[X,0x0080000000000DA2] -> 0x0014
[1346] [M]: 0x0080000000000DA0 (0x00145413) srli fp, fp, 0x1
x8 <- 0x0000000000000007

mem[X,0x0080000000000DA4] -> 0x0CE3
mem[X,0x0080000000000DA6] -> 0xF885
[1347] [M]: 0x0080000000000DA4 (0xF8850CE3) beq a0, fp, -0x68

mem[X,0x0080000000000D3C] -> 0x3303
mem[X,0x0080000000000D3E] -> 0x2601
[1348] [M]: 0x0080000000000D3C (0x26013303) ld t1, 0x260(sp)
mem[R,0x0080000000003260] -> 0x0000000000000010
x6 <- 0x0000000000000010

mem[X,0x0080000000000D40] -> 0x3383
mem[X,0x0080000000000D42] -> 0x2681
[1349] [M]: 0x0080000000000D40 (0x26813383) ld t2, 0x268(sp)
mem[R,0x0080000000003268] -> 0x00000000003FBB6F
x7 <- 0x00000000003FBB6F

mem[X,0x0080000000000D44] -> 0x3403
mem[X,0x0080000000000D46] -> 0x2701
[1350] [M]: 0x0080000000000D44 (0x27013403) ld fp, 0x270(sp)
mem[R,0x0080000000003270] -> 0x0000000000007F76
x8 <- 0x0000000000007F76

mem[X,0x0080000000000D48] -> 0x3483
mem[X,0x0080000000000D4A] -> 0x2781
[1351] [M]: 0x0080000000000D48 (0x27813483) ld s1, 0x278(sp)
mem[R,0x0080000000003278] -> 0x00800000000005F0
x9 <- 0x00800000000005F0

mem[X,0x0080000000000D4C] -> 0x3503
mem[X,0x0080000000000D4E] -> 0x2801
[1352] [M]: 0x0080000000000D4C (0x28013503) ld a0, 0x280(sp)
mem[R,0x0080000000003280] -> 0x0000000000000001
x10 <- 0x0000000000000001

mem[X,0x0080000000000D50] -> 0x3583
mem[X,0x0080000000000D52] -> 0x2881
[1353] [M]: 0x0080000000000D50 (0x28813583) ld a1, 0x288(sp)
mem[R,0x0080000000003288] -> 0x0000000000000000
x11 <- 0x0000000000000000

mem[X,0x0080000000000D54] -> 0x3103
mem[X,0x0080000000000D56] -> 0x2901
[1354] [M]: 0x0080000000000D54 (0x29013103) ld sp, 0x290(sp)
mem[R,0x0080000000003290] -> 0x0080000000003000
x2 <- 0x0080000000003000

mem[X,0x0080000000000D58] -> 0x0073
mem[X,0x0080000000000D5A] -> 0x3020
[1355] [M]: 0x0080000000000D58 (0x30200073) mret
CSR mstatus <- 0x0000000A00000088
ret-ing from M to S

mem[X,0x00800000000006D0] -> 0x0013
mem[X,0x00800000000006D2] -> 0x0000
[1356] [S]: 0x00800000000006D0 (0x00000013) addi zero, zero, 0x0

mem[X,0x00800000000006D4] -> 0x8703
mem[X,0x00800000000006D6] -> 0x0007
[1357] [S]: 0x00800000000006D4 (0x00078703) lb a4, 0x0(a5)
mem[R,0x0080000000000830] -> 0x93
x14 <- 0xFFFFFFFFFFFFFF93

mem[X,0x00800000000006D8] -> 0x0013
mem[X,0x00800000000006DA] -> 0x0000
[1358] [S]: 0x00800000000006D8 (0x00000013) addi zero, zero, 0x0

mem[X,0x00800000000006DC] -> 0x0013
mem[X,0x00800000000006DE] -> 0x0000
[1359] [S]: 0x00800000000006DC (0x00000013) addi zero, zero, 0x0

mem[X,0x00800000000006E0] -> 0xBC23
mem[X,0x00800000000006E2] -> 0x00E6
[1360] [S]: 0x00800000000006E0 (0x00E6BC23) sd a4, 0x18(a3)
mem[0x0080000000004230] <- 0xFFFFFFFFFFFFFF93

mem[X,0x00800000000006E4] -> 0x9703
mem[X,0x00800000000006E6] -> 0x0007
[1361] [S]: 0x00800000000006E4 (0x00079703) lh a4, 0x0(a5)
mem[R,0x0080000000000830] -> 0x8493
x14 <- 0xFFFFFFFFFFFF8493

mem[X,0x00800000000006E8] -> 0x0013
mem[X,0x00800000000006EA] -> 0x0000
[1362] [S]: 0x00800000000006E8 (0x00000013) addi zero, zero, 0x0

mem[X,0x00800000000006EC] -> 0x0013
mem[X,0x00800000000006EE] -> 0x0000
[1363] [S]: 0x00800000000006EC (0x00000013) addi zero, zero, 0x0

mem[X,0x00800000000006F0] -> 0xB023
mem[X,0x00800000000006F2] -> 0x02E6
[1364] [S]: 0x00800000000006F0 (0x02E6B023) sd a4, 0x20(a3)
mem[0x0080000000004238] <- 0xFFFFFFFFFFFF8493

mem[X,0x00800000000006F4] -> 0xA703
mem[X,0x00800000000006F6] -> 0x0007
[1365] [S]: 0x00800000000006F4 (0x0007A703) lw a4, 0x0(a5)
mem[R,0x0080000000000830] -> 0x00148493
x14 <- 0x0000000000148493

mem[X,0x00800000000006F8] -> 0x0013
mem[X,0x00800000000006FA] -> 0x0000
[1366] [S]: 0x00800000000006F8 (0x00000013) addi zero, zero, 0x0

mem[X,0x00800000000006FC] -> 0x0013
mem[X,0x00800000000006FE] -> 0x0000
[1367] [S]: 0x00800000000006FC (0x00000013) addi zero, zero, 0x0

mem[X,0x0080000000000700] -> 0xB703
mem[X,0x0080000000000702] -> 0x0007
[1368] [S]: 0x0080000000000700 (0x0007B703) ld a4, 0x0(a5)
mem[R,0x0080000000000830] -> 0x0000001300148493
x14 <- 0x0000001300148493

mem[X,0x0080000000000704] -> 0x0013
mem[X,0x0080000000000706] -> 0x0000
[1369] [S]: 0x0080000000000704 (0x00000013) addi zero, zero, 0x0

mem[X,0x0080000000000708] -> 0x0013
mem[X,0x008000000000070A] -> 0x0000
[1370] [S]: 0x0080000000000708 (0x00000013) addi zero, zero, 0x0

mem[X,0x008000000000070C] -> 0xB423
mem[X,0x008000000000070E] -> 0x02E6
[1371] [S]: 0x008000000000070C (0x02E6B423) sd a4, 0x28(a3)
mem[0x0080000000004240] <- 0x0000001300148493

mem[X,0x0080000000000710] -> 0x00EF
mem[X,0x0080000000000712] -> 0x1200
[1372] [S]: 0x0080000000000710 (0x120000EF) jal ra, 0x120
x1 <- 0x0080000000000714

mem[X,0x0080000000000830] -> 0x8493
mem[X,0x0080000000000832] -> 0x0014
[1373] [S]: 0x0080000000000830 (0x00148493) addi s1, s1, 0x1
x9 <- 0x00800000000005F1

mem[X,0x0080000000000834] -> 0x0013
mem[X,0x0080000000000836] -> 0x0000
[1374] [S]: 0x0080000000000834 (0x00000013) addi zero, zero, 0x0

mem[X,0x0080000000000838] -> 0x0013
mem[X,0x008000000000083A] -> 0x0000
[1375] [S]: 0x0080000000000838 (0x00000013) addi zero, zero, 0x0

mem[X,0x008000000000083C] -> 0x0013
mem[X,0x008000000000083E] -> 0x0000
[1376] [S]: 0x008000000000083C (0x00000013) addi zero, zero, 0x0

mem[X,0x0080000000000840] -> 0x0013
mem[X,0x0080000000000842] -> 0x0000
[1377] [S]: 0x0080000000000840 (0x00000013) addi zero, zero, 0x0

mem[X,0x0080000000000844] -> 0x0013
mem[X,0x0080000000000846] -> 0x0000
[1378] [S]: 0x0080000000000844 (0x00000013) addi zero, zero, 0x0

mem[X,0x0080000000000848] -> 0x8067
mem[X,0x008000000000084A] -> 0x0000
[1379] [S]: 0x0080000000000848 (0x00008067) jalr zero, 0x0(ra)

mem[X,0x0080000000000714] -> 0x0013
mem[X,0x0080000000000716] -> 0x0000
[1380] [S]: 0x0080000000000714 (0x00000013) addi zero, zero, 0x0

mem[X,0x0080000000000718] -> 0x0013
mem[X,0x008000000000071A] -> 0x0000
[1381] [S]: 0x0080000000000718 (0x00000013) addi zero, zero, 0x0

mem[X,0x008000000000071C] -> 0x00EF
mem[X,0x008000000000071E] -> 0x1140
[1382] [S]: 0x008000000000071C (0x114000EF) jal ra, 0x114
x1 <- 0x0080000000000720

mem[X,0x0080000000000830] -> 0x8493
mem[X,0x0080000000000832] -> 0x0014
[1383] [S]: 0x0080000000000830 (0x00148493) addi s1, s1, 0x1
x9 <- 0x00800000000005F2

mem[X,0x0080000000000834] -> 0x0013
mem[X,0x0080000000000836] -> 0x0000
[1384] [S]: 0x0080000000000834 (0x00000013) addi zero, zero, 0x0

mem[X,0x0080000000000838] -> 0x0013
mem[X,0x008000000000083A] -> 0x0000
[1385] [S]: 0x0080000000000838 (0x00000013) addi zero, zero, 0x0

mem[X,0x008000000000083C] -> 0x0013
mem[X,0x008000000000083E] -> 0x0000
[1386] [S]: 0x008000000000083C (0x00000013) addi zero, zero, 0x0

mem[X,0x0080000000000840] -> 0x0013
mem[X,0x0080000000000842] -> 0x0000
[1387] [S]: 0x0080000000000840 (0x00000013) addi zero, zero, 0x0

mem[X,0x0080000000000844] -> 0x0013
mem[X,0x0080000000000846] -> 0x0000
[1388] [S]: 0x0080000000000844 (0x00000013) addi zero, zero, 0x0

mem[X,0x0080000000000848] -> 0x8067
mem[X,0x008000000000084A] -> 0x0000
[1389] [S]: 0x0080000000000848 (0x00008067) jalr zero, 0x0(ra)

mem[X,0x0080000000000720] -> 0x0113
mem[X,0x0080000000000722] -> 0x0000
[1390] [S]: 0x0080000000000720 (0x00000113) addi sp, zero, 0x0
x2 <- 0x0000000000000000

mem[X,0x0080000000000724] -> 0x0073
mem[X,0x0080000000000726] -> 0x0000
[1391] [S]: 0x0080000000000724 (0x00000073) ecall
trapping from S to M to handle s-call
handling exc#0x09 at priv M with tval 0x0000000000000000
CSR mstatus <- 0x0000000A00000880

mem[X,0x0080000000000940] -> 0x006F
mem[X,0x0080000000000942] -> 0x1000
[1392] [M]: 0x0080000000000940 (0x1000006F) jal zero, 0x100

mem[X,0x0080000000000A40] -> 0x1173
mem[X,0x0080000000000A42] -> 0x3401
[1393] [M]: 0x0080000000000A40 (0x34011173) csrrw sp, mscratch, sp
CSR mscratch <- 0x0000000000000000 (input: 0x0000000000000000)
x2 <- 0x0080000000003000

mem[X,0x0080000000000A44] -> 0x3423
mem[X,0x0080000000000A46] -> 0x28B1
[1394] [M]: 0x0080000000000A44 (0x28B13423) sd a1, 0x288(sp)
mem[0x0080000000003288] <- 0x0000000000000000

mem[X,0x0080000000000A48] -> 0x05EF
mem[X,0x0080000000000A4A] -> 0x0B80
[1395] [M]: 0x0080000000000A48 (0x0B8005EF) jal a1, 0xb8
x11 <- 0x0080000000000A4C

mem[X,0x0080000000000B00] -> 0x3023
mem[X,0x0080000000000B02] -> 0x28A1
[1396] [M]: 0x0080000000000B00 (0x28A13023) sd a0, 0x280(sp)
mem[0x0080000000003280] <- 0x0000000000000001

mem[X,0x0080000000000B04] -> 0x1573
mem[X,0x0080000000000B06] -> 0x3401
[1397] [M]: 0x0080000000000B04 (0x34011573) csrrw a0, mscratch, sp
CSR mscratch <- 0x0080000000003000 (input: 0x0080000000003000)
x10 <- 0x0000000000000000

mem[X,0x0080000000000B08] -> 0x3823
mem[X,0x0080000000000B0A] -> 0x28A1
[1398] [M]: 0x0080000000000B08 (0x28A13823) sd a0, 0x290(sp)
mem[0x0080000000003290] <- 0x0000000000000000

mem[X,0x0080000000000B0C] -> 0x3503
mem[X,0x0080000000000B0E] -> 0x2301
[1399] [M]: 0x0080000000000B0C (0x23013503) ld a0, 0x230(sp)
mem[R,0x0080000000003230] -> 0x0080000000000B14
x10 <- 0x0080000000000B14

clint::tick mtime <- 0x000000000000000E
 clint timer pending at mtime 0x000000000000000E
htif::tick 0x0000000000000000
mem[X,0x0080000000000B10] -> 0x0067
mem[X,0x0080000000000B12] -> 0x0005
[1400] [M]: 0x0080000000000B10 (0x00050067) jalr zero, 0x0(a0)

mem[X,0x0080000000000B14] -> 0x3C23
mem[X,0x0080000000000B16] -> 0x2691
[1401] [M]: 0x0080000000000B14 (0x26913C23) sd s1, 0x278(sp)
mem[0x0080000000003278] <- 0x00800000000005F2

mem[X,0x0080000000000B18] -> 0x3823
mem[X,0x0080000000000B1A] -> 0x2681
[1402] [M]: 0x0080000000000B18 (0x26813823) sd fp, 0x270(sp)
mem[0x0080000000003270] <- 0x0000000000007F76

mem[X,0x0080000000000B1C] -> 0x3423
mem[X,0x0080000000000B1E] -> 0x2671
[1403] [M]: 0x0080000000000B1C (0x26713423) sd t2, 0x268(sp)
mem[0x0080000000003268] <- 0x00000000003FBB6F

mem[X,0x0080000000000B20] -> 0x3023
mem[X,0x0080000000000B22] -> 0x2661
[1404] [M]: 0x0080000000000B20 (0x26613023) sd t1, 0x260(sp)
mem[0x0080000000003260] <- 0x0000000000000010

mem[X,0x0080000000000B24] -> 0x2573
mem[X,0x0080000000000B26] -> 0x3420
[1405] [M]: 0x0080000000000B24 (0x34202573) csrrs a0, mcause, zero
CSR mcause -> 0x0000000000000009
x10 <- 0x0000000000000009

mem[X,0x0080000000000B28] -> 0x04B7
mem[X,0x0080000000000B2A] -> 0x8000
[1406] [M]: 0x0080000000000B28 (0x800004B7) lui s1, -0x80000
x9 <- 0xFFFFFFFF80000000

mem[X,0x0080000000000B2C] -> 0x8493
mem[X,0x0080000000000B2E] -> 0x0004
[1407] [M]: 0x0080000000000B2C (0x00048493) addi s1, s1, 0x0
x9 <- 0xFFFFFFFF80000000

mem[X,0x0080000000000B30] -> 0x9493
mem[X,0x0080000000000B32] -> 0x00B4
[1408] [M]: 0x0080000000000B30 (0x00B49493) slli s1, s1, 0xb
x9 <- 0xFFFFFC0000000000

mem[X,0x0080000000000B34] -> 0x8493
mem[X,0x0080000000000B36] -> 0x0004
[1409] [M]: 0x0080000000000B34 (0x00048493) addi s1, s1, 0x0
x9 <- 0xFFFFFC0000000000

mem[X,0x0080000000000B38] -> 0x9493
mem[X,0x0080000000000B3A] -> 0x00B4
[1410] [M]: 0x0080000000000B38 (0x00B49493) slli s1, s1, 0xb
x9 <- 0xFFE0000000000000

mem[X,0x0080000000000B3C] -> 0x8493
mem[X,0x0080000000000B3E] -> 0x0034
[1411] [M]: 0x0080000000000B3C (0x00348493) addi s1, s1, 0x3
x9 <- 0xFFE0000000000003

mem[X,0x0080000000000B40] -> 0x9493
mem[X,0x0080000000000B42] -> 0x00A4
[1412] [M]: 0x0080000000000B40 (0x00A49493) slli s1, s1, 0xa
x9 <- 0x8000000000000C00

mem[X,0x0080000000000B44] -> 0x8493
mem[X,0x0080000000000B46] -> 0x3FC4
[1413] [M]: 0x0080000000000B44 (0x3FC48493) addi s1, s1, 0x3fc
x9 <- 0x8000000000000FFC

mem[X,0x0080000000000B48] -> 0xF4B3
mem[X,0x0080000000000B4A] -> 0x00A4
[1414] [M]: 0x0080000000000B48 (0x00A4F4B3) and s1, s1, a0
x9 <- 0x0000000000000008

mem[X,0x0080000000000B4C] -> 0x8493
mem[X,0x0080000000000B4E] -> 0xFF84
[1415] [M]: 0x0080000000000B4C (0xFF848493) addi s1, s1, -0x8
x9 <- 0x0000000000000000

mem[X,0x0080000000000B50] -> 0x9663
mem[X,0x0080000000000B52] -> 0x0004
[1416] [M]: 0x0080000000000B50 (0x00049663) bne s1, zero, 0xc

mem[X,0x0080000000000B54] -> 0x3383
mem[X,0x0080000000000B56] -> 0x2901
[1417] [M]: 0x0080000000000B54 (0x29013383) ld t2, 0x290(sp)
mem[R,0x0080000000003290] -> 0x0000000000000000
x7 <- 0x0000000000000000

mem[X,0x0080000000000B58] -> 0x8663
mem[X,0x0080000000000B5A] -> 0x6A03
[1418] [M]: 0x0080000000000B58 (0x6A038663) beq t2, zero, 0x6ac

mem[X,0x0080000000001204] -> 0x0493
mem[X,0x0080000000001206] -> 0xFF55
[1419] [M]: 0x0080000000001204 (0xFF550493) addi s1, a0, -0xb
x9 <- 0xFFFFFFFFFFFFFFFE

mem[X,0x0080000000001208] -> 0x8C63
mem[X,0x008000000000120A] -> 0x0004
[1420] [M]: 0x0080000000001208 (0x00048C63) beq s1, zero, 0x18

mem[X,0x008000000000120C] -> 0x3583
mem[X,0x008000000000120E] -> 0x4701
[1421] [M]: 0x008000000000120C (0x47013583) ld a1, 0x470(sp)
mem[R,0x0080000000003470] -> 0x008000000000039C
x11 <- 0x008000000000039C

mem[X,0x0080000000001210] -> 0xD463
mem[X,0x0080000000001212] -> 0x0003
[1422] [M]: 0x0080000000001210 (0x0003D463) bge t2, zero, 0x8

mem[X,0x0080000000001218] -> 0x3483
mem[X,0x008000000000121A] -> 0x1D81
[1423] [M]: 0x0080000000001218 (0x1D813483) ld s1, 0x1d8(sp)
mem[R,0x00800000000031D8] -> 0x008000000000039C
x9 <- 0x008000000000039C

mem[X,0x008000000000121C] -> 0x84B3
mem[X,0x008000000000121E] -> 0x40B4
[1424] [M]: 0x008000000000121C (0x40B484B3) sub s1, s1, a1
x9 <- 0x0000000000000000

mem[X,0x0080000000001220] -> 0x23F3
mem[X,0x0080000000001222] -> 0x3410
[1425] [M]: 0x0080000000001220 (0x341023F3) csrrs t2, mepc, zero
CSR mepc -> 0x0080000000000724
x7 <- 0x0080000000000724

mem[X,0x0080000000001224] -> 0x83B3
mem[X,0x0080000000001226] -> 0x0093
[1426] [M]: 0x0080000000001224 (0x009383B3) add t2, t2, s1
x7 <- 0x0080000000000724

mem[X,0x0080000000001228] -> 0x3303
mem[X,0x008000000000122A] -> 0x2601
[1427] [M]: 0x0080000000001228 (0x26013303) ld t1, 0x260(sp)
mem[R,0x0080000000003260] -> 0x0000000000000010
x6 <- 0x0000000000000010

mem[X,0x008000000000122C] -> 0x3403
mem[X,0x008000000000122E] -> 0x2701
[1428] [M]: 0x008000000000122C (0x27013403) ld fp, 0x270(sp)
mem[R,0x0080000000003270] -> 0x0000000000007F76
x8 <- 0x0000000000007F76

mem[X,0x0080000000001230] -> 0x3483
mem[X,0x0080000000001232] -> 0x2781
[1429] [M]: 0x0080000000001230 (0x27813483) ld s1, 0x278(sp)
mem[R,0x0080000000003278] -> 0x00800000000005F2
x9 <- 0x00800000000005F2

mem[X,0x0080000000001234] -> 0x3503
mem[X,0x0080000000001236] -> 0x2801
[1430] [M]: 0x0080000000001234 (0x28013503) ld a0, 0x280(sp)
mem[R,0x0080000000003280] -> 0x0000000000000001
x10 <- 0x0000000000000001

mem[X,0x0080000000001238] -> 0x3583
mem[X,0x008000000000123A] -> 0x2881
[1431] [M]: 0x0080000000001238 (0x28813583) ld a1, 0x288(sp)
mem[R,0x0080000000003288] -> 0x0000000000000000
x11 <- 0x0000000000000000

mem[X,0x008000000000123C] -> 0x3103
mem[X,0x008000000000123E] -> 0x2901
[1432] [M]: 0x008000000000123C (0x29013103) ld sp, 0x290(sp)
mem[R,0x0080000000003290] -> 0x0000000000000000
x2 <- 0x0000000000000000

mem[X,0x0080000000001240] -> 0x8067
mem[X,0x0080000000001242] -> 0x0043
[1433] [M]: 0x0080000000001240 (0x00438067) jalr zero, 0x4(t2)

mem[X,0x0080000000000728] -> 0x2773
mem[X,0x008000000000072A] -> 0x3000
[1434] [M]: 0x0080000000000728 (0x30002773) csrrs a4, mstatus, zero
CSR mstatus -> 0x0000000A00000880
x14 <- 0x0000000A00000880

mem[X,0x008000000000072C] -> 0x0013
mem[X,0x008000000000072E] -> 0x0000
[1435] [M]: 0x008000000000072C (0x00000013) addi zero, zero, 0x0

mem[X,0x0080000000000730] -> 0x0493
mem[X,0x0080000000000732] -> 0xFFF0
[1436] [M]: 0x0080000000000730 (0xFFF00493) addi s1, zero, -0x1
x9 <- 0xFFFFFFFFFFFFFFFF

mem[X,0x0080000000000734] -> 0xD493
mem[X,0x0080000000000736] -> 0x03E4
[1437] [M]: 0x0080000000000734 (0x03E4D493) srli s1, s1, 0x3e
x9 <- 0x0000000000000003

mem[X,0x0080000000000738] -> 0x9493
mem[X,0x008000000000073A] -> 0x00B4
[1438] [M]: 0x0080000000000738 (0x00B49493) slli s1, s1, 0xb
x9 <- 0x0000000000001800

mem[X,0x008000000000073C] -> 0xB073
mem[X,0x008000000000073E] -> 0x3004
[1439] [M]: 0x008000000000073C (0x3004B073) csrrc zero, mstatus, s1
CSR mstatus <- 0x0000000A00000080 (input: 0x0000000A00000080)

mem[X,0x0080000000000740] -> 0x2173
mem[X,0x0080000000000742] -> 0x3400
[1440] [M]: 0x0080000000000740 (0x34002173) csrrs sp, mscratch, zero
CSR mscratch -> 0x0080000000003000
x2 <- 0x0080000000003000

mem[X,0x0080000000000744] -> 0x3303
mem[X,0x0080000000000746] -> 0x4701
[1441] [M]: 0x0080000000000744 (0x47013303) ld t1, 0x470(sp)
mem[R,0x0080000000003470] -> 0x008000000000039C
x6 <- 0x008000000000039C

mem[X,0x0080000000000748] -> 0x3483
mem[X,0x008000000000074A] -> 0x1D81
[1442] [M]: 0x0080000000000748 (0x1D813483) ld s1, 0x1d8(sp)
mem[R,0x00800000000031D8] -> 0x008000000000039C
x9 <- 0x008000000000039C

mem[X,0x008000000000074C] -> 0x0333
mem[X,0x008000000000074E] -> 0x4093
[1443] [M]: 0x008000000000074C (0x40930333) sub t1, t1, s1
x6 <- 0x0000000000000000

mem[X,0x0080000000000750] -> 0x0313
mem[X,0x0080000000000752] -> 0x0103
[1444] [M]: 0x0080000000000750 (0x01030313) addi t1, t1, 0x10
x6 <- 0x0000000000000010

mem[X,0x0080000000000754] -> 0x0497
mem[X,0x0080000000000756] -> 0x0000
[1445] [M]: 0x0080000000000754 (0x00000497) auipc s1, 0x0
x9 <- 0x0080000000000754

mem[X,0x0080000000000758] -> 0x84B3
mem[X,0x008000000000075A] -> 0x0064
[1446] [M]: 0x0080000000000758 (0x006484B3) add s1, s1, t1
x9 <- 0x0080000000000764

mem[X,0x008000000000075C] -> 0x94F3
mem[X,0x008000000000075E] -> 0x3414
[1447] [M]: 0x008000000000075C (0x341494F3) csrrw s1, mepc, s1
CSR mepc <- 0x0080000000000764 (input: 0x0080000000000764)
x9 <- 0x0080000000000724

mem[X,0x0080000000000760] -> 0x0073
mem[X,0x0080000000000762] -> 0x3020
[1448] [M]: 0x0080000000000760 (0x30200073) mret
CSR mstatus <- 0x0000000A00000088
ret-ing from M to U

mem[X,0x0080000000000764] -> 0x0013
mem[X,0x0080000000000766] -> 0x0000
[1449] [U]: 0x0080000000000764 (0x00000013) addi zero, zero, 0x0

mem[X,0x0080000000000768] -> 0x0013
mem[X,0x008000000000076A] -> 0x0000
[1450] [U]: 0x0080000000000768 (0x00000013) addi zero, zero, 0x0

mem[X,0x008000000000076C] -> 0x0013
mem[X,0x008000000000076E] -> 0x0000
[1451] [U]: 0x008000000000076C (0x00000013) addi zero, zero, 0x0

mem[X,0x0080000000000770] -> 0x0013
mem[X,0x0080000000000772] -> 0x0000
[1452] [U]: 0x0080000000000770 (0x00000013) addi zero, zero, 0x0

mem[X,0x0080000000000774] -> 0x0013
mem[X,0x0080000000000776] -> 0x0000
[1453] [U]: 0x0080000000000774 (0x00000013) addi zero, zero, 0x0

mem[X,0x0080000000000778] -> 0x0013
mem[X,0x008000000000077A] -> 0x0000
[1454] [U]: 0x0080000000000778 (0x00000013) addi zero, zero, 0x0

mem[X,0x008000000000077C] -> 0x0013
mem[X,0x008000000000077E] -> 0x0000
[1455] [U]: 0x008000000000077C (0x00000013) addi zero, zero, 0x0

mem[X,0x0080000000000780] -> 0x0797
mem[X,0x0080000000000782] -> 0x0000
[1456] [U]: 0x0080000000000780 (0x00000797) auipc a5, 0x0
x15 <- 0x0080000000000780

mem[X,0x0080000000000784] -> 0x8793
mem[X,0x0080000000000786] -> 0x0B07
[1457] [U]: 0x0080000000000784 (0x0B078793) addi a5, a5, 0xb0
x15 <- 0x0080000000000830

mem[X,0x0080000000000788] -> 0x0013
mem[X,0x008000000000078A] -> 0x0000
[1458] [U]: 0x0080000000000788 (0x00000013) addi zero, zero, 0x0

mem[X,0x008000000000078C] -> 0x0013
mem[X,0x008000000000078E] -> 0x0000
[1459] [U]: 0x008000000000078C (0x00000013) addi zero, zero, 0x0

mem[X,0x0080000000000790] -> 0x0013
mem[X,0x0080000000000792] -> 0x0000
[1460] [U]: 0x0080000000000790 (0x00000013) addi zero, zero, 0x0

mem[X,0x0080000000000794] -> 0x0013
mem[X,0x0080000000000796] -> 0x0000
[1461] [U]: 0x0080000000000794 (0x00000013) addi zero, zero, 0x0

mem[X,0x0080000000000798] -> 0x0013
mem[X,0x008000000000079A] -> 0x0000
[1462] [U]: 0x0080000000000798 (0x00000013) addi zero, zero, 0x0

mem[X,0x008000000000079C] -> 0x0013
mem[X,0x008000000000079E] -> 0x0000
[1463] [U]: 0x008000000000079C (0x00000013) addi zero, zero, 0x0

mem[X,0x00800000000007A0] -> 0x0713
mem[X,0x00800000000007A2] -> 0x0130
[1464] [U]: 0x00800000000007A0 (0x01300713) addi a4, zero, 0x13
x14 <- 0x0000000000000013

mem[X,0x00800000000007A4] -> 0x8023
mem[X,0x00800000000007A6] -> 0x00E7
[1465] [U]: 0x00800000000007A4 (0x00E78023) sb a4, 0x0(a5)
trapping from U to M to handle store/amo-access-fault
handling exc#0x07 at priv M with tval 0x0080000000000830
CSR mstatus <- 0x0000000A00000080

mem[X,0x0080000000000940] -> 0x006F
mem[X,0x0080000000000942] -> 0x1000
[1466] [M]: 0x0080000000000940 (0x1000006F) jal zero, 0x100

mem[X,0x0080000000000A40] -> 0x1173
mem[X,0x0080000000000A42] -> 0x3401
[1467] [M]: 0x0080000000000A40 (0x34011173) csrrw sp, mscratch, sp
CSR mscratch <- 0x0080000000003000 (input: 0x0080000000003000)
x2 <- 0x0080000000003000

mem[X,0x0080000000000A44] -> 0x3423
mem[X,0x0080000000000A46] -> 0x28B1
[1468] [M]: 0x0080000000000A44 (0x28B13423) sd a1, 0x288(sp)
mem[0x0080000000003288] <- 0x0000000000000000

mem[X,0x0080000000000A48] -> 0x05EF
mem[X,0x0080000000000A4A] -> 0x0B80
[1469] [M]: 0x0080000000000A48 (0x0B8005EF) jal a1, 0xb8
x11 <- 0x0080000000000A4C

mem[X,0x0080000000000B00] -> 0x3023
mem[X,0x0080000000000B02] -> 0x28A1
[1470] [M]: 0x0080000000000B00 (0x28A13023) sd a0, 0x280(sp)
mem[0x0080000000003280] <- 0x0000000000000001

mem[X,0x0080000000000B04] -> 0x1573
mem[X,0x0080000000000B06] -> 0x3401
[1471] [M]: 0x0080000000000B04 (0x34011573) csrrw a0, mscratch, sp
CSR mscratch <- 0x0080000000003000 (input: 0x0080000000003000)
x10 <- 0x0080000000003000

mem[X,0x0080000000000B08] -> 0x3823
mem[X,0x0080000000000B0A] -> 0x28A1
[1472] [M]: 0x0080000000000B08 (0x28A13823) sd a0, 0x290(sp)
mem[0x0080000000003290] <- 0x0080000000003000

mem[X,0x0080000000000B0C] -> 0x3503
mem[X,0x0080000000000B0E] -> 0x2301
[1473] [M]: 0x0080000000000B0C (0x23013503) ld a0, 0x230(sp)
mem[R,0x0080000000003230] -> 0x0080000000000B14
x10 <- 0x0080000000000B14

mem[X,0x0080000000000B10] -> 0x0067
mem[X,0x0080000000000B12] -> 0x0005
[1474] [M]: 0x0080000000000B10 (0x00050067) jalr zero, 0x0(a0)

mem[X,0x0080000000000B14] -> 0x3C23
mem[X,0x0080000000000B16] -> 0x2691
[1475] [M]: 0x0080000000000B14 (0x26913C23) sd s1, 0x278(sp)
mem[0x0080000000003278] <- 0x0080000000000724

mem[X,0x0080000000000B18] -> 0x3823
mem[X,0x0080000000000B1A] -> 0x2681
[1476] [M]: 0x0080000000000B18 (0x26813823) sd fp, 0x270(sp)
mem[0x0080000000003270] <- 0x0000000000007F76

mem[X,0x0080000000000B1C] -> 0x3423
mem[X,0x0080000000000B1E] -> 0x2671
[1477] [M]: 0x0080000000000B1C (0x26713423) sd t2, 0x268(sp)
mem[0x0080000000003268] <- 0x0080000000000724

mem[X,0x0080000000000B20] -> 0x3023
mem[X,0x0080000000000B22] -> 0x2661
[1478] [M]: 0x0080000000000B20 (0x26613023) sd t1, 0x260(sp)
mem[0x0080000000003260] <- 0x0000000000000010

mem[X,0x0080000000000B24] -> 0x2573
mem[X,0x0080000000000B26] -> 0x3420
[1479] [M]: 0x0080000000000B24 (0x34202573) csrrs a0, mcause, zero
CSR mcause -> 0x0000000000000007
x10 <- 0x0000000000000007

mem[X,0x0080000000000B28] -> 0x04B7
mem[X,0x0080000000000B2A] -> 0x8000
[1480] [M]: 0x0080000000000B28 (0x800004B7) lui s1, -0x80000
x9 <- 0xFFFFFFFF80000000

mem[X,0x0080000000000B2C] -> 0x8493
mem[X,0x0080000000000B2E] -> 0x0004
[1481] [M]: 0x0080000000000B2C (0x00048493) addi s1, s1, 0x0
x9 <- 0xFFFFFFFF80000000

mem[X,0x0080000000000B30] -> 0x9493
mem[X,0x0080000000000B32] -> 0x00B4
[1482] [M]: 0x0080000000000B30 (0x00B49493) slli s1, s1, 0xb
x9 <- 0xFFFFFC0000000000

mem[X,0x0080000000000B34] -> 0x8493
mem[X,0x0080000000000B36] -> 0x0004
[1483] [M]: 0x0080000000000B34 (0x00048493) addi s1, s1, 0x0
x9 <- 0xFFFFFC0000000000

mem[X,0x0080000000000B38] -> 0x9493
mem[X,0x0080000000000B3A] -> 0x00B4
[1484] [M]: 0x0080000000000B38 (0x00B49493) slli s1, s1, 0xb
x9 <- 0xFFE0000000000000

mem[X,0x0080000000000B3C] -> 0x8493
mem[X,0x0080000000000B3E] -> 0x0034
[1485] [M]: 0x0080000000000B3C (0x00348493) addi s1, s1, 0x3
x9 <- 0xFFE0000000000003

mem[X,0x0080000000000B40] -> 0x9493
mem[X,0x0080000000000B42] -> 0x00A4
[1486] [M]: 0x0080000000000B40 (0x00A49493) slli s1, s1, 0xa
x9 <- 0x8000000000000C00

mem[X,0x0080000000000B44] -> 0x8493
mem[X,0x0080000000000B46] -> 0x3FC4
[1487] [M]: 0x0080000000000B44 (0x3FC48493) addi s1, s1, 0x3fc
x9 <- 0x8000000000000FFC

mem[X,0x0080000000000B48] -> 0xF4B3
mem[X,0x0080000000000B4A] -> 0x00A4
[1488] [M]: 0x0080000000000B48 (0x00A4F4B3) and s1, s1, a0
x9 <- 0x0000000000000004

mem[X,0x0080000000000B4C] -> 0x8493
mem[X,0x0080000000000B4E] -> 0xFF84
[1489] [M]: 0x0080000000000B4C (0xFF848493) addi s1, s1, -0x8
x9 <- 0xFFFFFFFFFFFFFFFC

mem[X,0x0080000000000B50] -> 0x9663
mem[X,0x0080000000000B52] -> 0x0004
[1490] [M]: 0x0080000000000B50 (0x00049663) bne s1, zero, 0xc

mem[X,0x0080000000000B5C] -> 0x0393
mem[X,0x0080000000000B5E] -> 0x0200
[1491] [M]: 0x0080000000000B5C (0x02000393) addi t2, zero, 0x20
x7 <- 0x0000000000000020

mem[X,0x0080000000000B60] -> 0x5263
mem[X,0x0080000000000B62] -> 0x0405
[1492] [M]: 0x0080000000000B60 (0x04055263) bge a0, zero, 0x44

mem[X,0x0080000000000BA4] -> 0x2373
mem[X,0x0080000000000BA6] -> 0x3010
[1493] [M]: 0x0080000000000BA4 (0x30102373) csrrs t1, misa, zero
CSR misa -> 0x800000000034112D
x6 <- 0x800000000034112D

mem[X,0x0080000000000BA8] -> 0x1313
mem[X,0x0080000000000BAA] -> 0x0383
[1494] [M]: 0x0080000000000BA8 (0x03831313) slli t1, t1, 0x38
x6 <- 0x2D00000000000000

mem[X,0x0080000000000BAC] -> 0x5463
mem[X,0x0080000000000BAE] -> 0x0003
[1495] [M]: 0x0080000000000BAC (0x00035463) bge t1, zero, 0x8

mem[X,0x0080000000000BB4] -> 0x3303
mem[X,0x0080000000000BB6] -> 0x2181
[1496] [M]: 0x0080000000000BB4 (0x21813303) ld t1, 0x218(sp)
mem[R,0x0080000000003218] -> 0x0080000000004420
x6 <- 0x0080000000004420

mem[X,0x0080000000000BB8] -> 0x04B3
mem[X,0x0080000000000BBA] -> 0x0073
[1497] [M]: 0x0080000000000BB8 (0x007304B3) add s1, t1, t2
x9 <- 0x0080000000004440

mem[X,0x0080000000000BBC] -> 0x3C23
mem[X,0x0080000000000BBE] -> 0x2091
[1498] [M]: 0x0080000000000BBC (0x20913C23) sd s1, 0x218(sp)
mem[0x0080000000003218] <- 0x0080000000004440

mem[X,0x0080000000000BC0] -> 0x3403
mem[X,0x0080000000000BC2] -> 0x1F81
[1499] [M]: 0x0080000000000BC0 (0x1F813403) ld fp, 0x1f8(sp)
mem[R,0x00800000000031F8] -> 0x0080000000004210
x8 <- 0x0080000000004210

clint::tick mtime <- 0x000000000000000F
 clint timer pending at mtime 0x000000000000000F
htif::tick 0x0000000000000000
mem[X,0x0080000000000BC4] -> 0x0333
mem[X,0x0080000000000BC6] -> 0x4083
[1500] [M]: 0x0080000000000BC4 (0x40830333) sub t1, t1, fp
x6 <- 0x0000000000000210

mem[X,0x0080000000000BC8] -> 0x3403
mem[X,0x0080000000000BCA] -> 0x1F81
[1501] [M]: 0x0080000000000BC8 (0x1F813403) ld fp, 0x1f8(sp)
mem[R,0x00800000000031F8] -> 0x0080000000004210
x8 <- 0x0080000000004210

mem[X,0x0080000000000BCC] -> 0x0333
mem[X,0x0080000000000BCE] -> 0x0083
[1502] [M]: 0x0080000000000BCC (0x00830333) add t1, t1, fp
x6 <- 0x0080000000004420

mem[X,0x0080000000000BD0] -> 0x3403
mem[X,0x0080000000000BD2] -> 0x2401
[1503] [M]: 0x0080000000000BD0 (0x24013403) ld fp, 0x240(sp)
mem[R,0x0080000000003240] -> 0x0080000000000940
x8 <- 0x0080000000000940

mem[X,0x0080000000000BD4] -> 0x85B3
mem[X,0x0080000000000BD6] -> 0x4085
[1504] [M]: 0x0080000000000BD4 (0x408585B3) sub a1, a1, fp
x11 <- 0x000000000000010C

mem[X,0x0080000000000BD8] -> 0x9593
mem[X,0x0080000000000BDA] -> 0x0045
[1505] [M]: 0x0080000000000BD8 (0x00459593) slli a1, a1, 0x4
x11 <- 0x00000000000010C0

mem[X,0x0080000000000BDC] -> 0xE5B3
mem[X,0x0080000000000BDE] -> 0x0075
[1506] [M]: 0x0080000000000BDC (0x0075E5B3) or a1, a1, t2
x11 <- 0x00000000000010E0

mem[X,0x0080000000000BE0] -> 0x8593
mem[X,0x0080000000000BE2] -> 0x0035
[1507] [M]: 0x0080000000000BE0 (0x00358593) addi a1, a1, 0x3
x11 <- 0x00000000000010E3

mem[X,0x0080000000000BE4] -> 0x3023
mem[X,0x0080000000000BE6] -> 0x00B3
[1508] [M]: 0x0080000000000BE4 (0x00B33023) sd a1, 0x0(t1)
mem[0x0080000000004420] <- 0x00000000000010E3

mem[X,0x0080000000000BE8] -> 0x3423
mem[X,0x0080000000000BEA] -> 0x00A3
[1509] [M]: 0x0080000000000BE8 (0x00A33423) sd a0, 0x8(t1)
mem[0x0080000000004428] <- 0x0000000000000007

mem[X,0x0080000000000BEC] -> 0x4863
mem[X,0x0080000000000BEE] -> 0x1605
[1510] [M]: 0x0080000000000BEC (0x16054863) blt a0, zero, 0x170

mem[X,0x0080000000000BF0] -> 0x25F3
mem[X,0x0080000000000BF2] -> 0x3000
[1511] [M]: 0x0080000000000BF0 (0x300025F3) csrrs a1, mstatus, zero
CSR mstatus -> 0x0000000A00000080
x11 <- 0x0000000A00000080

mem[X,0x0080000000000BF4] -> 0x9413
mem[X,0x0080000000000BF6] -> 0x02E5
[1512] [M]: 0x0080000000000BF4 (0x02E59413) slli fp, a1, 0x2e
x8 <- 0x0020000000000000

mem[X,0x0080000000000BF8] -> 0x5463
mem[X,0x0080000000000BFA] -> 0x0004
[1513] [M]: 0x0080000000000BF8 (0x00045463) bge fp, zero, 0x8

mem[X,0x0080000000000C00] -> 0xD493
mem[X,0x0080000000000C02] -> 0x00B5
[1514] [M]: 0x0080000000000C00 (0x00B5D493) srli s1, a1, 0xb
x9 <- 0x0000000001400000

mem[X,0x0080000000000C04] -> 0xF493
mem[X,0x0080000000000C06] -> 0x0034
[1515] [M]: 0x0080000000000C04 (0x0034F493) andi s1, s1, 0x3
x9 <- 0x0000000000000000

mem[X,0x0080000000000C08] -> 0x8493
mem[X,0x0080000000000C0A] -> 0x0014
[1516] [M]: 0x0080000000000C08 (0x00148493) addi s1, s1, 0x1
x9 <- 0x0000000000000001

mem[X,0x0080000000000C0C] -> 0xF493
mem[X,0x0080000000000C0E] -> 0x0044
[1517] [M]: 0x0080000000000C0C (0x0044F493) andi s1, s1, 0x4
x9 <- 0x0000000000000000

mem[X,0x0080000000000C10] -> 0x0593
mem[X,0x0080000000000C12] -> 0x05D0
[1518] [M]: 0x0080000000000C10 (0x05D00593) addi a1, zero, 0x5d
x11 <- 0x000000000000005D

mem[X,0x0080000000000C14] -> 0xD5B3
mem[X,0x0080000000000C16] -> 0x0095
[1519] [M]: 0x0080000000000C14 (0x0095D5B3) srl a1, a1, s1
x11 <- 0x000000000000005D

mem[X,0x0080000000000C18] -> 0xF593
mem[X,0x0080000000000C1A] -> 0x0015
[1520] [M]: 0x0080000000000C18 (0x0015F593) andi a1, a1, 0x1
x11 <- 0x0000000000000001

mem[X,0x0080000000000C1C] -> 0x8EE3
mem[X,0x0080000000000C1E] -> 0xF405
[1521] [M]: 0x0080000000000C1C (0xF4058EE3) beq a1, zero, -0xa4

mem[X,0x0080000000000C20] -> 0x0593
mem[X,0x0080000000000C22] -> 0x2980
[1522] [M]: 0x0080000000000C20 (0x29800593) addi a1, zero, 0x298
x11 <- 0x0000000000000298

mem[X,0x0080000000000C24] -> 0xF413
mem[X,0x0080000000000C26] -> 0x0014
[1523] [M]: 0x0080000000000C24 (0x0014F413) andi fp, s1, 0x1
x8 <- 0x0000000000000000

mem[X,0x0080000000000C28] -> 0x95B3
mem[X,0x0080000000000C2A] -> 0x0085
[1524] [M]: 0x0080000000000C28 (0x008595B3) sll a1, a1, fp
x11 <- 0x0000000000000298

mem[X,0x0080000000000C2C] -> 0x9413
mem[X,0x0080000000000C2E] -> 0x03D4
[1525] [M]: 0x0080000000000C2C (0x03D49413) slli fp, s1, 0x3d
x8 <- 0x0000000000000000

mem[X,0x0080000000000C30] -> 0x5413
mem[X,0x0080000000000C32] -> 0x43F4
[1526] [M]: 0x0080000000000C30 (0x43F45413) srai fp, fp, 0x3f
x8 <- 0x0000000000000000

mem[X,0x0080000000000C34] -> 0x4413
mem[X,0x0080000000000C36] -> 0xFFF4
[1527] [M]: 0x0080000000000C34 (0xFFF44413) xori fp, fp, -0x1
x8 <- 0xFFFFFFFFFFFFFFFF

mem[X,0x0080000000000C38] -> 0xF4B3
mem[X,0x0080000000000C3A] -> 0x0085
[1528] [M]: 0x0080000000000C38 (0x0085F4B3) and s1, a1, fp
x9 <- 0x0000000000000298

mem[X,0x0080000000000C3C] -> 0x84B3
mem[X,0x0080000000000C3E] -> 0x0024
[1529] [M]: 0x0080000000000C3C (0x002484B3) add s1, s1, sp
x9 <- 0x0080000000003298

mem[X,0x0080000000000C40] -> 0x23F3
mem[X,0x0080000000000C42] -> 0x3410
[1530] [M]: 0x0080000000000C40 (0x341023F3) csrrs t2, mepc, zero
CSR mepc -> 0x00800000000007A4
x7 <- 0x00800000000007A4

mem[X,0x0080000000000C44] -> 0xB403
mem[X,0x0080000000000C46] -> 0x2084
[1531] [M]: 0x0080000000000C44 (0x2084B403) ld fp, 0x208(s1)
mem[R,0x00800000000034A0] -> 0x008000000000039C
x8 <- 0x008000000000039C

mem[X,0x0080000000000C48] -> 0xB583
mem[X,0x0080000000000C4A] -> 0x2104
[1532] [M]: 0x0080000000000C48 (0x2104B583) ld a1, 0x210(s1)
mem[R,0x00800000000034A8] -> 0x00000000000004B0
x11 <- 0x00000000000004B0

mem[X,0x0080000000000C4C] -> 0x85B3
mem[X,0x0080000000000C4E] -> 0x0085
[1533] [M]: 0x0080000000000C4C (0x008585B3) add a1, a1, fp
x11 <- 0x008000000000084C

mem[X,0x0080000000000C50] -> 0xF463
mem[X,0x0080000000000C52] -> 0x00B3
[1534] [M]: 0x0080000000000C50 (0x00B3F463) bgeu t2, a1, 0x8

mem[X,0x0080000000000C54] -> 0xF663
mem[X,0x0080000000000C56] -> 0x0283
[1535] [M]: 0x0080000000000C54 (0x0283F663) bgeu t2, fp, 0x2c

mem[X,0x0080000000000C80] -> 0x8433
mem[X,0x0080000000000C82] -> 0x4083
[1536] [M]: 0x0080000000000C80 (0x40838433) sub fp, t2, fp
x8 <- 0x0000000000000408

mem[X,0x0080000000000C84] -> 0x3823
mem[X,0x0080000000000C86] -> 0x0083
[1537] [M]: 0x0080000000000C84 (0x00833823) sd fp, 0x10(t1)
mem[0x0080000000004430] <- 0x0000000000000408

mem[X,0x0080000000000C88] -> 0xF593
mem[X,0x0080000000000C8A] -> 0xFFC3
[1538] [M]: 0x0080000000000C88 (0xFFC3F593) andi a1, t2, -0x4
x11 <- 0x00800000000007A4

mem[X,0x0080000000000C8C] -> 0x8593
mem[X,0x0080000000000C8E] -> 0x0085
[1539] [M]: 0x0080000000000C8C (0x00858593) addi a1, a1, 0x8
x11 <- 0x00800000000007AC

mem[X,0x0080000000000C90] -> 0x9073
mem[X,0x0080000000000C92] -> 0x3415
[1540] [M]: 0x0080000000000C90 (0x34159073) csrrw zero, mepc, a1
CSR mepc <- 0x00800000000007AC (input: 0x00800000000007AC)

mem[X,0x0080000000000C94] -> 0x23F3
mem[X,0x0080000000000C96] -> 0x3430
[1541] [M]: 0x0080000000000C94 (0x343023F3) csrrs t2, mtval, zero
CSR mtval -> 0x0080000000000830
x7 <- 0x0080000000000830

mem[X,0x0080000000000C98] -> 0x7513
mem[X,0x0080000000000C9A] -> 0x00F5
[1542] [M]: 0x0080000000000C98 (0x00F57513) andi a0, a0, 0xf
x10 <- 0x0000000000000007

mem[X,0x0080000000000C9C] -> 0x0437
mem[X,0x0080000000000C9E] -> 0x0000
[1543] [M]: 0x0080000000000C9C (0x00000437) lui fp, 0x0
x8 <- 0x0000000000000000

mem[X,0x0080000000000CA0] -> 0x0413
mem[X,0x0080000000000CA2] -> 0x0004
[1544] [M]: 0x0080000000000CA0 (0x00040413) addi fp, fp, 0x0
x8 <- 0x0000000000000000

mem[X,0x0080000000000CA4] -> 0x1413
mem[X,0x0080000000000CA6] -> 0x00B4
[1545] [M]: 0x0080000000000CA4 (0x00B41413) slli fp, fp, 0xb
x8 <- 0x0000000000000000

mem[X,0x0080000000000CA8] -> 0x0413
mem[X,0x0080000000000CAA] -> 0x0004
[1546] [M]: 0x0080000000000CA8 (0x00040413) addi fp, fp, 0x0
x8 <- 0x0000000000000000

mem[X,0x0080000000000CAC] -> 0x1413
mem[X,0x0080000000000CAE] -> 0x00B4
[1547] [M]: 0x0080000000000CAC (0x00B41413) slli fp, fp, 0xb
x8 <- 0x0000000000000000

mem[X,0x0080000000000CB0] -> 0x0413
mem[X,0x0080000000000CB2] -> 0x02C4
[1548] [M]: 0x0080000000000CB0 (0x02C40413) addi fp, fp, 0x2c
x8 <- 0x000000000000002C

mem[X,0x0080000000000CB4] -> 0x1413
mem[X,0x0080000000000CB6] -> 0x00A4
[1549] [M]: 0x0080000000000CB4 (0x00A41413) slli fp, fp, 0xa
x8 <- 0x000000000000B000

mem[X,0x0080000000000CB8] -> 0x0413
mem[X,0x0080000000000CBA] -> 0x0FB4
[1550] [M]: 0x0080000000000CB8 (0x0FB40413) addi fp, fp, 0xfb
x8 <- 0x000000000000B0FB

mem[X,0x0080000000000CBC] -> 0x5433
mem[X,0x0080000000000CBE] -> 0x00A4
[1551] [M]: 0x0080000000000CBC (0x00A45433) srl fp, fp, a0
x8 <- 0x0000000000000161

mem[X,0x0080000000000CC0] -> 0x1413
mem[X,0x0080000000000CC2] -> 0x03F4
[1552] [M]: 0x0080000000000CC0 (0x03F41413) slli fp, fp, 0x3f
x8 <- 0x8000000000000000

mem[X,0x0080000000000CC4] -> 0x5C63
mem[X,0x0080000000000CC6] -> 0x0404
[1553] [M]: 0x0080000000000CC4 (0x04045C63) bge fp, zero, 0x58

mem[X,0x0080000000000CC8] -> 0xB403
mem[X,0x0080000000000CCA] -> 0x2084
[1554] [M]: 0x0080000000000CC8 (0x2084B403) ld fp, 0x208(s1)
mem[R,0x00800000000034A0] -> 0x008000000000039C
x8 <- 0x008000000000039C

mem[X,0x0080000000000CCC] -> 0xB583
mem[X,0x0080000000000CCE] -> 0x2104
[1555] [M]: 0x0080000000000CCC (0x2104B583) ld a1, 0x210(s1)
mem[R,0x00800000000034A8] -> 0x00000000000004B0
x11 <- 0x00000000000004B0

mem[X,0x0080000000000CD0] -> 0x85B3
mem[X,0x0080000000000CD2] -> 0x0085
[1556] [M]: 0x0080000000000CD0 (0x008585B3) add a1, a1, fp
x11 <- 0x008000000000084C

mem[X,0x0080000000000CD4] -> 0xF463
mem[X,0x0080000000000CD6] -> 0x00B3
[1557] [M]: 0x0080000000000CD4 (0x00B3F463) bgeu t2, a1, 0x8

mem[X,0x0080000000000CD8] -> 0xF063
mem[X,0x0080000000000CDA] -> 0x0483
[1558] [M]: 0x0080000000000CD8 (0x0483F063) bgeu t2, fp, 0x40

mem[X,0x0080000000000D18] -> 0x8433
mem[X,0x0080000000000D1A] -> 0x4083
[1559] [M]: 0x0080000000000D18 (0x40838433) sub fp, t2, fp
x8 <- 0x0000000000000494

mem[X,0x0080000000000D1C] -> 0x3C23
mem[X,0x0080000000000D1E] -> 0x0083
[1560] [M]: 0x0080000000000D1C (0x00833C23) sd fp, 0x18(t1)
mem[0x0080000000004438] <- 0x0000000000000494

mem[X,0x0080000000000D20] -> 0x3483
mem[X,0x0080000000000D22] -> 0x2181
[1561] [M]: 0x0080000000000D20 (0x21813483) ld s1, 0x218(sp)
mem[R,0x0080000000003218] -> 0x0080000000004440
x9 <- 0x0080000000004440

mem[X,0x0080000000000D24] -> 0x3383
mem[X,0x0080000000000D26] -> 0x1F81
[1562] [M]: 0x0080000000000D24 (0x1F813383) ld t2, 0x1f8(sp)
mem[R,0x00800000000031F8] -> 0x0080000000004210
x7 <- 0x0080000000004210

mem[X,0x0080000000000D28] -> 0x3303
mem[X,0x0080000000000D2A] -> 0x2001
[1563] [M]: 0x0080000000000D28 (0x20013303) ld t1, 0x200(sp)
mem[R,0x0080000000003200] -> 0x0000000000000520
x6 <- 0x0000000000000520

mem[X,0x0080000000000D2C] -> 0x0333
mem[X,0x0080000000000D2E] -> 0x0073
[1564] [M]: 0x0080000000000D2C (0x00730333) add t1, t1, t2
x6 <- 0x0080000000004730

mem[X,0x0080000000000D30] -> 0x62E3
mem[X,0x0080000000000D32] -> 0xB293
[1565] [M]: 0x0080000000000D30 (0xB29362E3) bltu t1, s1, -0x4dc

mem[X,0x0080000000000D34] -> 0x0393
mem[X,0x0080000000000D36] -> 0x2000
[1566] [M]: 0x0080000000000D34 (0x20000393) addi t2, zero, 0x200
x7 <- 0x0000000000000200

mem[X,0x0080000000000D38] -> 0x006F
mem[X,0x0080000000000D3A] -> 0x0400
[1567] [M]: 0x0080000000000D38 (0x0400006F) jal zero, 0x40

mem[X,0x0080000000000D78] -> 0x0417
mem[X,0x0080000000000D7A] -> 0x0000
[1568] [M]: 0x0080000000000D78 (0x00000417) auipc fp, 0x0
x8 <- 0x0080000000000D78

mem[X,0x0080000000000D7C] -> 0x0413
mem[X,0x0080000000000D7E] -> 0x03C4
[1569] [M]: 0x0080000000000D7C (0x03C40413) addi fp, fp, 0x3c
x8 <- 0x0080000000000DB4

mem[X,0x0080000000000D80] -> 0x0433
mem[X,0x0080000000000D82] -> 0x0074
[1570] [M]: 0x0080000000000D80 (0x00740433) add fp, fp, t2
x8 <- 0x0080000000000FB4

mem[X,0x0080000000000D84] -> 0x1393
mem[X,0x0080000000000D86] -> 0x0035
[1571] [M]: 0x0080000000000D84 (0x00351393) slli t2, a0, 0x3
x7 <- 0x0000000000000038

mem[X,0x0080000000000D88] -> 0x0433
mem[X,0x0080000000000D8A] -> 0x0074
[1572] [M]: 0x0080000000000D88 (0x00740433) add fp, fp, t2
x8 <- 0x0080000000000FEC

mem[X,0x0080000000000D8C] -> 0x7413
mem[X,0x0080000000000D8E] -> 0xFF84
[1573] [M]: 0x0080000000000D8C (0xFF847413) andi fp, fp, -0x8
x8 <- 0x0080000000000FE8

mem[X,0x0080000000000D90] -> 0x3403
mem[X,0x0080000000000D92] -> 0x0004
[1574] [M]: 0x0080000000000D90 (0x00043403) ld fp, 0x0(fp)
mem[R,0x0080000000000FE8] -> 0x000000000000000F
x8 <- 0x000000000000000F

mem[X,0x0080000000000D94] -> 0x0AE3
mem[X,0x0080000000000D96] -> 0xB404
[1575] [M]: 0x0080000000000D94 (0xB4040AE3) beq fp, zero, -0x4ac

mem[X,0x0080000000000D98] -> 0x1393
mem[X,0x0080000000000D9A] -> 0x03F4
[1576] [M]: 0x0080000000000D98 (0x03F41393) slli t2, fp, 0x3f
x7 <- 0x8000000000000000

mem[X,0x0080000000000D9C] -> 0xD863
mem[X,0x0080000000000D9E] -> 0x0003
[1577] [M]: 0x0080000000000D9C (0x0003D863) bge t2, zero, 0x10

mem[X,0x0080000000000DA0] -> 0x5413
mem[X,0x0080000000000DA2] -> 0x0014
[1578] [M]: 0x0080000000000DA0 (0x00145413) srli fp, fp, 0x1
x8 <- 0x0000000000000007

mem[X,0x0080000000000DA4] -> 0x0CE3
mem[X,0x0080000000000DA6] -> 0xF885
[1579] [M]: 0x0080000000000DA4 (0xF8850CE3) beq a0, fp, -0x68

mem[X,0x0080000000000D3C] -> 0x3303
mem[X,0x0080000000000D3E] -> 0x2601
[1580] [M]: 0x0080000000000D3C (0x26013303) ld t1, 0x260(sp)
mem[R,0x0080000000003260] -> 0x0000000000000010
x6 <- 0x0000000000000010

mem[X,0x0080000000000D40] -> 0x3383
mem[X,0x0080000000000D42] -> 0x2681
[1581] [M]: 0x0080000000000D40 (0x26813383) ld t2, 0x268(sp)
mem[R,0x0080000000003268] -> 0x0080000000000724
x7 <- 0x0080000000000724

mem[X,0x0080000000000D44] -> 0x3403
mem[X,0x0080000000000D46] -> 0x2701
[1582] [M]: 0x0080000000000D44 (0x27013403) ld fp, 0x270(sp)
mem[R,0x0080000000003270] -> 0x0000000000007F76
x8 <- 0x0000000000007F76

mem[X,0x0080000000000D48] -> 0x3483
mem[X,0x0080000000000D4A] -> 0x2781
[1583] [M]: 0x0080000000000D48 (0x27813483) ld s1, 0x278(sp)
mem[R,0x0080000000003278] -> 0x0080000000000724
x9 <- 0x0080000000000724

mem[X,0x0080000000000D4C] -> 0x3503
mem[X,0x0080000000000D4E] -> 0x2801
[1584] [M]: 0x0080000000000D4C (0x28013503) ld a0, 0x280(sp)
mem[R,0x0080000000003280] -> 0x0000000000000001
x10 <- 0x0000000000000001

mem[X,0x0080000000000D50] -> 0x3583
mem[X,0x0080000000000D52] -> 0x2881
[1585] [M]: 0x0080000000000D50 (0x28813583) ld a1, 0x288(sp)
mem[R,0x0080000000003288] -> 0x0000000000000000
x11 <- 0x0000000000000000

mem[X,0x0080000000000D54] -> 0x3103
mem[X,0x0080000000000D56] -> 0x2901
[1586] [M]: 0x0080000000000D54 (0x29013103) ld sp, 0x290(sp)
mem[R,0x0080000000003290] -> 0x0080000000003000
x2 <- 0x0080000000003000

mem[X,0x0080000000000D58] -> 0x0073
mem[X,0x0080000000000D5A] -> 0x3020
[1587] [M]: 0x0080000000000D58 (0x30200073) mret
CSR mstatus <- 0x0000000A00000088
ret-ing from M to U

mem[X,0x00800000000007AC] -> 0x0013
mem[X,0x00800000000007AE] -> 0x0000
[1588] [U]: 0x00800000000007AC (0x00000013) addi zero, zero, 0x0

mem[X,0x00800000000007B0] -> 0x9023
mem[X,0x00800000000007B2] -> 0x00E7
[1589] [U]: 0x00800000000007B0 (0x00E79023) sh a4, 0x0(a5)
trapping from U to M to handle store/amo-access-fault
handling exc#0x07 at priv M with tval 0x0080000000000830
CSR mstatus <- 0x0000000A00000080

mem[X,0x0080000000000940] -> 0x006F
mem[X,0x0080000000000942] -> 0x1000
[1590] [M]: 0x0080000000000940 (0x1000006F) jal zero, 0x100

mem[X,0x0080000000000A40] -> 0x1173
mem[X,0x0080000000000A42] -> 0x3401
[1591] [M]: 0x0080000000000A40 (0x34011173) csrrw sp, mscratch, sp
CSR mscratch <- 0x0080000000003000 (input: 0x0080000000003000)
x2 <- 0x0080000000003000

mem[X,0x0080000000000A44] -> 0x3423
mem[X,0x0080000000000A46] -> 0x28B1
[1592] [M]: 0x0080000000000A44 (0x28B13423) sd a1, 0x288(sp)
mem[0x0080000000003288] <- 0x0000000000000000

mem[X,0x0080000000000A48] -> 0x05EF
mem[X,0x0080000000000A4A] -> 0x0B80
[1593] [M]: 0x0080000000000A48 (0x0B8005EF) jal a1, 0xb8
x11 <- 0x0080000000000A4C

mem[X,0x0080000000000B00] -> 0x3023
mem[X,0x0080000000000B02] -> 0x28A1
[1594] [M]: 0x0080000000000B00 (0x28A13023) sd a0, 0x280(sp)
mem[0x0080000000003280] <- 0x0000000000000001

mem[X,0x0080000000000B04] -> 0x1573
mem[X,0x0080000000000B06] -> 0x3401
[1595] [M]: 0x0080000000000B04 (0x34011573) csrrw a0, mscratch, sp
CSR mscratch <- 0x0080000000003000 (input: 0x0080000000003000)
x10 <- 0x0080000000003000

mem[X,0x0080000000000B08] -> 0x3823
mem[X,0x0080000000000B0A] -> 0x28A1
[1596] [M]: 0x0080000000000B08 (0x28A13823) sd a0, 0x290(sp)
mem[0x0080000000003290] <- 0x0080000000003000

mem[X,0x0080000000000B0C] -> 0x3503
mem[X,0x0080000000000B0E] -> 0x2301
[1597] [M]: 0x0080000000000B0C (0x23013503) ld a0, 0x230(sp)
mem[R,0x0080000000003230] -> 0x0080000000000B14
x10 <- 0x0080000000000B14

mem[X,0x0080000000000B10] -> 0x0067
mem[X,0x0080000000000B12] -> 0x0005
[1598] [M]: 0x0080000000000B10 (0x00050067) jalr zero, 0x0(a0)

mem[X,0x0080000000000B14] -> 0x3C23
mem[X,0x0080000000000B16] -> 0x2691
[1599] [M]: 0x0080000000000B14 (0x26913C23) sd s1, 0x278(sp)
mem[0x0080000000003278] <- 0x0080000000000724

clint::tick mtime <- 0x0000000000000010
 clint timer pending at mtime 0x0000000000000010
htif::tick 0x0000000000000000
mem[X,0x0080000000000B18] -> 0x3823
mem[X,0x0080000000000B1A] -> 0x2681
[1600] [M]: 0x0080000000000B18 (0x26813823) sd fp, 0x270(sp)
mem[0x0080000000003270] <- 0x0000000000007F76

mem[X,0x0080000000000B1C] -> 0x3423
mem[X,0x0080000000000B1E] -> 0x2671
[1601] [M]: 0x0080000000000B1C (0x26713423) sd t2, 0x268(sp)
mem[0x0080000000003268] <- 0x0080000000000724

mem[X,0x0080000000000B20] -> 0x3023
mem[X,0x0080000000000B22] -> 0x2661
[1602] [M]: 0x0080000000000B20 (0x26613023) sd t1, 0x260(sp)
mem[0x0080000000003260] <- 0x0000000000000010

mem[X,0x0080000000000B24] -> 0x2573
mem[X,0x0080000000000B26] -> 0x3420
[1603] [M]: 0x0080000000000B24 (0x34202573) csrrs a0, mcause, zero
CSR mcause -> 0x0000000000000007
x10 <- 0x0000000000000007

mem[X,0x0080000000000B28] -> 0x04B7
mem[X,0x0080000000000B2A] -> 0x8000
[1604] [M]: 0x0080000000000B28 (0x800004B7) lui s1, -0x80000
x9 <- 0xFFFFFFFF80000000

mem[X,0x0080000000000B2C] -> 0x8493
mem[X,0x0080000000000B2E] -> 0x0004
[1605] [M]: 0x0080000000000B2C (0x00048493) addi s1, s1, 0x0
x9 <- 0xFFFFFFFF80000000

mem[X,0x0080000000000B30] -> 0x9493
mem[X,0x0080000000000B32] -> 0x00B4
[1606] [M]: 0x0080000000000B30 (0x00B49493) slli s1, s1, 0xb
x9 <- 0xFFFFFC0000000000

mem[X,0x0080000000000B34] -> 0x8493
mem[X,0x0080000000000B36] -> 0x0004
[1607] [M]: 0x0080000000000B34 (0x00048493) addi s1, s1, 0x0
x9 <- 0xFFFFFC0000000000

mem[X,0x0080000000000B38] -> 0x9493
mem[X,0x0080000000000B3A] -> 0x00B4
[1608] [M]: 0x0080000000000B38 (0x00B49493) slli s1, s1, 0xb
x9 <- 0xFFE0000000000000

mem[X,0x0080000000000B3C] -> 0x8493
mem[X,0x0080000000000B3E] -> 0x0034
[1609] [M]: 0x0080000000000B3C (0x00348493) addi s1, s1, 0x3
x9 <- 0xFFE0000000000003

mem[X,0x0080000000000B40] -> 0x9493
mem[X,0x0080000000000B42] -> 0x00A4
[1610] [M]: 0x0080000000000B40 (0x00A49493) slli s1, s1, 0xa
x9 <- 0x8000000000000C00

mem[X,0x0080000000000B44] -> 0x8493
mem[X,0x0080000000000B46] -> 0x3FC4
[1611] [M]: 0x0080000000000B44 (0x3FC48493) addi s1, s1, 0x3fc
x9 <- 0x8000000000000FFC

mem[X,0x0080000000000B48] -> 0xF4B3
mem[X,0x0080000000000B4A] -> 0x00A4
[1612] [M]: 0x0080000000000B48 (0x00A4F4B3) and s1, s1, a0
x9 <- 0x0000000000000004

mem[X,0x0080000000000B4C] -> 0x8493
mem[X,0x0080000000000B4E] -> 0xFF84
[1613] [M]: 0x0080000000000B4C (0xFF848493) addi s1, s1, -0x8
x9 <- 0xFFFFFFFFFFFFFFFC

mem[X,0x0080000000000B50] -> 0x9663
mem[X,0x0080000000000B52] -> 0x0004
[1614] [M]: 0x0080000000000B50 (0x00049663) bne s1, zero, 0xc

mem[X,0x0080000000000B5C] -> 0x0393
mem[X,0x0080000000000B5E] -> 0x0200
[1615] [M]: 0x0080000000000B5C (0x02000393) addi t2, zero, 0x20
x7 <- 0x0000000000000020

mem[X,0x0080000000000B60] -> 0x5263
mem[X,0x0080000000000B62] -> 0x0405
[1616] [M]: 0x0080000000000B60 (0x04055263) bge a0, zero, 0x44

mem[X,0x0080000000000BA4] -> 0x2373
mem[X,0x0080000000000BA6] -> 0x3010
[1617] [M]: 0x0080000000000BA4 (0x30102373) csrrs t1, misa, zero
CSR misa -> 0x800000000034112D
x6 <- 0x800000000034112D

mem[X,0x0080000000000BA8] -> 0x1313
mem[X,0x0080000000000BAA] -> 0x0383
[1618] [M]: 0x0080000000000BA8 (0x03831313) slli t1, t1, 0x38
x6 <- 0x2D00000000000000

mem[X,0x0080000000000BAC] -> 0x5463
mem[X,0x0080000000000BAE] -> 0x0003
[1619] [M]: 0x0080000000000BAC (0x00035463) bge t1, zero, 0x8

mem[X,0x0080000000000BB4] -> 0x3303
mem[X,0x0080000000000BB6] -> 0x2181
[1620] [M]: 0x0080000000000BB4 (0x21813303) ld t1, 0x218(sp)
mem[R,0x0080000000003218] -> 0x0080000000004440
x6 <- 0x0080000000004440

mem[X,0x0080000000000BB8] -> 0x04B3
mem[X,0x0080000000000BBA] -> 0x0073
[1621] [M]: 0x0080000000000BB8 (0x007304B3) add s1, t1, t2
x9 <- 0x0080000000004460

mem[X,0x0080000000000BBC] -> 0x3C23
mem[X,0x0080000000000BBE] -> 0x2091
[1622] [M]: 0x0080000000000BBC (0x20913C23) sd s1, 0x218(sp)
mem[0x0080000000003218] <- 0x0080000000004460

mem[X,0x0080000000000BC0] -> 0x3403
mem[X,0x0080000000000BC2] -> 0x1F81
[1623] [M]: 0x0080000000000BC0 (0x1F813403) ld fp, 0x1f8(sp)
mem[R,0x00800000000031F8] -> 0x0080000000004210
x8 <- 0x0080000000004210

mem[X,0x0080000000000BC4] -> 0x0333
mem[X,0x0080000000000BC6] -> 0x4083
[1624] [M]: 0x0080000000000BC4 (0x40830333) sub t1, t1, fp
x6 <- 0x0000000000000230

mem[X,0x0080000000000BC8] -> 0x3403
mem[X,0x0080000000000BCA] -> 0x1F81
[1625] [M]: 0x0080000000000BC8 (0x1F813403) ld fp, 0x1f8(sp)
mem[R,0x00800000000031F8] -> 0x0080000000004210
x8 <- 0x0080000000004210

mem[X,0x0080000000000BCC] -> 0x0333
mem[X,0x0080000000000BCE] -> 0x0083
[1626] [M]: 0x0080000000000BCC (0x00830333) add t1, t1, fp
x6 <- 0x0080000000004440

mem[X,0x0080000000000BD0] -> 0x3403
mem[X,0x0080000000000BD2] -> 0x2401
[1627] [M]: 0x0080000000000BD0 (0x24013403) ld fp, 0x240(sp)
mem[R,0x0080000000003240] -> 0x0080000000000940
x8 <- 0x0080000000000940

mem[X,0x0080000000000BD4] -> 0x85B3
mem[X,0x0080000000000BD6] -> 0x4085
[1628] [M]: 0x0080000000000BD4 (0x408585B3) sub a1, a1, fp
x11 <- 0x000000000000010C

mem[X,0x0080000000000BD8] -> 0x9593
mem[X,0x0080000000000BDA] -> 0x0045
[1629] [M]: 0x0080000000000BD8 (0x00459593) slli a1, a1, 0x4
x11 <- 0x00000000000010C0

mem[X,0x0080000000000BDC] -> 0xE5B3
mem[X,0x0080000000000BDE] -> 0x0075
[1630] [M]: 0x0080000000000BDC (0x0075E5B3) or a1, a1, t2
x11 <- 0x00000000000010E0

mem[X,0x0080000000000BE0] -> 0x8593
mem[X,0x0080000000000BE2] -> 0x0035
[1631] [M]: 0x0080000000000BE0 (0x00358593) addi a1, a1, 0x3
x11 <- 0x00000000000010E3

mem[X,0x0080000000000BE4] -> 0x3023
mem[X,0x0080000000000BE6] -> 0x00B3
[1632] [M]: 0x0080000000000BE4 (0x00B33023) sd a1, 0x0(t1)
mem[0x0080000000004440] <- 0x00000000000010E3

mem[X,0x0080000000000BE8] -> 0x3423
mem[X,0x0080000000000BEA] -> 0x00A3
[1633] [M]: 0x0080000000000BE8 (0x00A33423) sd a0, 0x8(t1)
mem[0x0080000000004448] <- 0x0000000000000007

mem[X,0x0080000000000BEC] -> 0x4863
mem[X,0x0080000000000BEE] -> 0x1605
[1634] [M]: 0x0080000000000BEC (0x16054863) blt a0, zero, 0x170

mem[X,0x0080000000000BF0] -> 0x25F3
mem[X,0x0080000000000BF2] -> 0x3000
[1635] [M]: 0x0080000000000BF0 (0x300025F3) csrrs a1, mstatus, zero
CSR mstatus -> 0x0000000A00000080
x11 <- 0x0000000A00000080

mem[X,0x0080000000000BF4] -> 0x9413
mem[X,0x0080000000000BF6] -> 0x02E5
[1636] [M]: 0x0080000000000BF4 (0x02E59413) slli fp, a1, 0x2e
x8 <- 0x0020000000000000

mem[X,0x0080000000000BF8] -> 0x5463
mem[X,0x0080000000000BFA] -> 0x0004
[1637] [M]: 0x0080000000000BF8 (0x00045463) bge fp, zero, 0x8

mem[X,0x0080000000000C00] -> 0xD493
mem[X,0x0080000000000C02] -> 0x00B5
[1638] [M]: 0x0080000000000C00 (0x00B5D493) srli s1, a1, 0xb
x9 <- 0x0000000001400000

mem[X,0x0080000000000C04] -> 0xF493
mem[X,0x0080000000000C06] -> 0x0034
[1639] [M]: 0x0080000000000C04 (0x0034F493) andi s1, s1, 0x3
x9 <- 0x0000000000000000

mem[X,0x0080000000000C08] -> 0x8493
mem[X,0x0080000000000C0A] -> 0x0014
[1640] [M]: 0x0080000000000C08 (0x00148493) addi s1, s1, 0x1
x9 <- 0x0000000000000001

mem[X,0x0080000000000C0C] -> 0xF493
mem[X,0x0080000000000C0E] -> 0x0044
[1641] [M]: 0x0080000000000C0C (0x0044F493) andi s1, s1, 0x4
x9 <- 0x0000000000000000

mem[X,0x0080000000000C10] -> 0x0593
mem[X,0x0080000000000C12] -> 0x05D0
[1642] [M]: 0x0080000000000C10 (0x05D00593) addi a1, zero, 0x5d
x11 <- 0x000000000000005D

mem[X,0x0080000000000C14] -> 0xD5B3
mem[X,0x0080000000000C16] -> 0x0095
[1643] [M]: 0x0080000000000C14 (0x0095D5B3) srl a1, a1, s1
x11 <- 0x000000000000005D

mem[X,0x0080000000000C18] -> 0xF593
mem[X,0x0080000000000C1A] -> 0x0015
[1644] [M]: 0x0080000000000C18 (0x0015F593) andi a1, a1, 0x1
x11 <- 0x0000000000000001

mem[X,0x0080000000000C1C] -> 0x8EE3
mem[X,0x0080000000000C1E] -> 0xF405
[1645] [M]: 0x0080000000000C1C (0xF4058EE3) beq a1, zero, -0xa4

mem[X,0x0080000000000C20] -> 0x0593
mem[X,0x0080000000000C22] -> 0x2980
[1646] [M]: 0x0080000000000C20 (0x29800593) addi a1, zero, 0x298
x11 <- 0x0000000000000298

mem[X,0x0080000000000C24] -> 0xF413
mem[X,0x0080000000000C26] -> 0x0014
[1647] [M]: 0x0080000000000C24 (0x0014F413) andi fp, s1, 0x1
x8 <- 0x0000000000000000

mem[X,0x0080000000000C28] -> 0x95B3
mem[X,0x0080000000000C2A] -> 0x0085
[1648] [M]: 0x0080000000000C28 (0x008595B3) sll a1, a1, fp
x11 <- 0x0000000000000298

mem[X,0x0080000000000C2C] -> 0x9413
mem[X,0x0080000000000C2E] -> 0x03D4
[1649] [M]: 0x0080000000000C2C (0x03D49413) slli fp, s1, 0x3d
x8 <- 0x0000000000000000

mem[X,0x0080000000000C30] -> 0x5413
mem[X,0x0080000000000C32] -> 0x43F4
[1650] [M]: 0x0080000000000C30 (0x43F45413) srai fp, fp, 0x3f
x8 <- 0x0000000000000000

mem[X,0x0080000000000C34] -> 0x4413
mem[X,0x0080000000000C36] -> 0xFFF4
[1651] [M]: 0x0080000000000C34 (0xFFF44413) xori fp, fp, -0x1
x8 <- 0xFFFFFFFFFFFFFFFF

mem[X,0x0080000000000C38] -> 0xF4B3
mem[X,0x0080000000000C3A] -> 0x0085
[1652] [M]: 0x0080000000000C38 (0x0085F4B3) and s1, a1, fp
x9 <- 0x0000000000000298

mem[X,0x0080000000000C3C] -> 0x84B3
mem[X,0x0080000000000C3E] -> 0x0024
[1653] [M]: 0x0080000000000C3C (0x002484B3) add s1, s1, sp
x9 <- 0x0080000000003298

mem[X,0x0080000000000C40] -> 0x23F3
mem[X,0x0080000000000C42] -> 0x3410
[1654] [M]: 0x0080000000000C40 (0x341023F3) csrrs t2, mepc, zero
CSR mepc -> 0x00800000000007B0
x7 <- 0x00800000000007B0

mem[X,0x0080000000000C44] -> 0xB403
mem[X,0x0080000000000C46] -> 0x2084
[1655] [M]: 0x0080000000000C44 (0x2084B403) ld fp, 0x208(s1)
mem[R,0x00800000000034A0] -> 0x008000000000039C
x8 <- 0x008000000000039C

mem[X,0x0080000000000C48] -> 0xB583
mem[X,0x0080000000000C4A] -> 0x2104
[1656] [M]: 0x0080000000000C48 (0x2104B583) ld a1, 0x210(s1)
mem[R,0x00800000000034A8] -> 0x00000000000004B0
x11 <- 0x00000000000004B0

mem[X,0x0080000000000C4C] -> 0x85B3
mem[X,0x0080000000000C4E] -> 0x0085
[1657] [M]: 0x0080000000000C4C (0x008585B3) add a1, a1, fp
x11 <- 0x008000000000084C

mem[X,0x0080000000000C50] -> 0xF463
mem[X,0x0080000000000C52] -> 0x00B3
[1658] [M]: 0x0080000000000C50 (0x00B3F463) bgeu t2, a1, 0x8

mem[X,0x0080000000000C54] -> 0xF663
mem[X,0x0080000000000C56] -> 0x0283
[1659] [M]: 0x0080000000000C54 (0x0283F663) bgeu t2, fp, 0x2c

mem[X,0x0080000000000C80] -> 0x8433
mem[X,0x0080000000000C82] -> 0x4083
[1660] [M]: 0x0080000000000C80 (0x40838433) sub fp, t2, fp
x8 <- 0x0000000000000414

mem[X,0x0080000000000C84] -> 0x3823
mem[X,0x0080000000000C86] -> 0x0083
[1661] [M]: 0x0080000000000C84 (0x00833823) sd fp, 0x10(t1)
mem[0x0080000000004450] <- 0x0000000000000414

mem[X,0x0080000000000C88] -> 0xF593
mem[X,0x0080000000000C8A] -> 0xFFC3
[1662] [M]: 0x0080000000000C88 (0xFFC3F593) andi a1, t2, -0x4
x11 <- 0x00800000000007B0

mem[X,0x0080000000000C8C] -> 0x8593
mem[X,0x0080000000000C8E] -> 0x0085
[1663] [M]: 0x0080000000000C8C (0x00858593) addi a1, a1, 0x8
x11 <- 0x00800000000007B8

mem[X,0x0080000000000C90] -> 0x9073
mem[X,0x0080000000000C92] -> 0x3415
[1664] [M]: 0x0080000000000C90 (0x34159073) csrrw zero, mepc, a1
CSR mepc <- 0x00800000000007B8 (input: 0x00800000000007B8)

mem[X,0x0080000000000C94] -> 0x23F3
mem[X,0x0080000000000C96] -> 0x3430
[1665] [M]: 0x0080000000000C94 (0x343023F3) csrrs t2, mtval, zero
CSR mtval -> 0x0080000000000830
x7 <- 0x0080000000000830

mem[X,0x0080000000000C98] -> 0x7513
mem[X,0x0080000000000C9A] -> 0x00F5
[1666] [M]: 0x0080000000000C98 (0x00F57513) andi a0, a0, 0xf
x10 <- 0x0000000000000007

mem[X,0x0080000000000C9C] -> 0x0437
mem[X,0x0080000000000C9E] -> 0x0000
[1667] [M]: 0x0080000000000C9C (0x00000437) lui fp, 0x0
x8 <- 0x0000000000000000

mem[X,0x0080000000000CA0] -> 0x0413
mem[X,0x0080000000000CA2] -> 0x0004
[1668] [M]: 0x0080000000000CA0 (0x00040413) addi fp, fp, 0x0
x8 <- 0x0000000000000000

mem[X,0x0080000000000CA4] -> 0x1413
mem[X,0x0080000000000CA6] -> 0x00B4
[1669] [M]: 0x0080000000000CA4 (0x00B41413) slli fp, fp, 0xb
x8 <- 0x0000000000000000

mem[X,0x0080000000000CA8] -> 0x0413
mem[X,0x0080000000000CAA] -> 0x0004
[1670] [M]: 0x0080000000000CA8 (0x00040413) addi fp, fp, 0x0
x8 <- 0x0000000000000000

mem[X,0x0080000000000CAC] -> 0x1413
mem[X,0x0080000000000CAE] -> 0x00B4
[1671] [M]: 0x0080000000000CAC (0x00B41413) slli fp, fp, 0xb
x8 <- 0x0000000000000000

mem[X,0x0080000000000CB0] -> 0x0413
mem[X,0x0080000000000CB2] -> 0x02C4
[1672] [M]: 0x0080000000000CB0 (0x02C40413) addi fp, fp, 0x2c
x8 <- 0x000000000000002C

mem[X,0x0080000000000CB4] -> 0x1413
mem[X,0x0080000000000CB6] -> 0x00A4
[1673] [M]: 0x0080000000000CB4 (0x00A41413) slli fp, fp, 0xa
x8 <- 0x000000000000B000

mem[X,0x0080000000000CB8] -> 0x0413
mem[X,0x0080000000000CBA] -> 0x0FB4
[1674] [M]: 0x0080000000000CB8 (0x0FB40413) addi fp, fp, 0xfb
x8 <- 0x000000000000B0FB

mem[X,0x0080000000000CBC] -> 0x5433
mem[X,0x0080000000000CBE] -> 0x00A4
[1675] [M]: 0x0080000000000CBC (0x00A45433) srl fp, fp, a0
x8 <- 0x0000000000000161

mem[X,0x0080000000000CC0] -> 0x1413
mem[X,0x0080000000000CC2] -> 0x03F4
[1676] [M]: 0x0080000000000CC0 (0x03F41413) slli fp, fp, 0x3f
x8 <- 0x8000000000000000

mem[X,0x0080000000000CC4] -> 0x5C63
mem[X,0x0080000000000CC6] -> 0x0404
[1677] [M]: 0x0080000000000CC4 (0x04045C63) bge fp, zero, 0x58

mem[X,0x0080000000000CC8] -> 0xB403
mem[X,0x0080000000000CCA] -> 0x2084
[1678] [M]: 0x0080000000000CC8 (0x2084B403) ld fp, 0x208(s1)
mem[R,0x00800000000034A0] -> 0x008000000000039C
x8 <- 0x008000000000039C

mem[X,0x0080000000000CCC] -> 0xB583
mem[X,0x0080000000000CCE] -> 0x2104
[1679] [M]: 0x0080000000000CCC (0x2104B583) ld a1, 0x210(s1)
mem[R,0x00800000000034A8] -> 0x00000000000004B0
x11 <- 0x00000000000004B0

mem[X,0x0080000000000CD0] -> 0x85B3
mem[X,0x0080000000000CD2] -> 0x0085
[1680] [M]: 0x0080000000000CD0 (0x008585B3) add a1, a1, fp
x11 <- 0x008000000000084C

mem[X,0x0080000000000CD4] -> 0xF463
mem[X,0x0080000000000CD6] -> 0x00B3
[1681] [M]: 0x0080000000000CD4 (0x00B3F463) bgeu t2, a1, 0x8

mem[X,0x0080000000000CD8] -> 0xF063
mem[X,0x0080000000000CDA] -> 0x0483
[1682] [M]: 0x0080000000000CD8 (0x0483F063) bgeu t2, fp, 0x40

mem[X,0x0080000000000D18] -> 0x8433
mem[X,0x0080000000000D1A] -> 0x4083
[1683] [M]: 0x0080000000000D18 (0x40838433) sub fp, t2, fp
x8 <- 0x0000000000000494

mem[X,0x0080000000000D1C] -> 0x3C23
mem[X,0x0080000000000D1E] -> 0x0083
[1684] [M]: 0x0080000000000D1C (0x00833C23) sd fp, 0x18(t1)
mem[0x0080000000004458] <- 0x0000000000000494

mem[X,0x0080000000000D20] -> 0x3483
mem[X,0x0080000000000D22] -> 0x2181
[1685] [M]: 0x0080000000000D20 (0x21813483) ld s1, 0x218(sp)
mem[R,0x0080000000003218] -> 0x0080000000004460
x9 <- 0x0080000000004460

mem[X,0x0080000000000D24] -> 0x3383
mem[X,0x0080000000000D26] -> 0x1F81
[1686] [M]: 0x0080000000000D24 (0x1F813383) ld t2, 0x1f8(sp)
mem[R,0x00800000000031F8] -> 0x0080000000004210
x7 <- 0x0080000000004210

mem[X,0x0080000000000D28] -> 0x3303
mem[X,0x0080000000000D2A] -> 0x2001
[1687] [M]: 0x0080000000000D28 (0x20013303) ld t1, 0x200(sp)
mem[R,0x0080000000003200] -> 0x0000000000000520
x6 <- 0x0000000000000520

mem[X,0x0080000000000D2C] -> 0x0333
mem[X,0x0080000000000D2E] -> 0x0073
[1688] [M]: 0x0080000000000D2C (0x00730333) add t1, t1, t2
x6 <- 0x0080000000004730

mem[X,0x0080000000000D30] -> 0x62E3
mem[X,0x0080000000000D32] -> 0xB293
[1689] [M]: 0x0080000000000D30 (0xB29362E3) bltu t1, s1, -0x4dc

mem[X,0x0080000000000D34] -> 0x0393
mem[X,0x0080000000000D36] -> 0x2000
[1690] [M]: 0x0080000000000D34 (0x20000393) addi t2, zero, 0x200
x7 <- 0x0000000000000200

mem[X,0x0080000000000D38] -> 0x006F
mem[X,0x0080000000000D3A] -> 0x0400
[1691] [M]: 0x0080000000000D38 (0x0400006F) jal zero, 0x40

mem[X,0x0080000000000D78] -> 0x0417
mem[X,0x0080000000000D7A] -> 0x0000
[1692] [M]: 0x0080000000000D78 (0x00000417) auipc fp, 0x0
x8 <- 0x0080000000000D78

mem[X,0x0080000000000D7C] -> 0x0413
mem[X,0x0080000000000D7E] -> 0x03C4
[1693] [M]: 0x0080000000000D7C (0x03C40413) addi fp, fp, 0x3c
x8 <- 0x0080000000000DB4

mem[X,0x0080000000000D80] -> 0x0433
mem[X,0x0080000000000D82] -> 0x0074
[1694] [M]: 0x0080000000000D80 (0x00740433) add fp, fp, t2
x8 <- 0x0080000000000FB4

mem[X,0x0080000000000D84] -> 0x1393
mem[X,0x0080000000000D86] -> 0x0035
[1695] [M]: 0x0080000000000D84 (0x00351393) slli t2, a0, 0x3
x7 <- 0x0000000000000038

mem[X,0x0080000000000D88] -> 0x0433
mem[X,0x0080000000000D8A] -> 0x0074
[1696] [M]: 0x0080000000000D88 (0x00740433) add fp, fp, t2
x8 <- 0x0080000000000FEC

mem[X,0x0080000000000D8C] -> 0x7413
mem[X,0x0080000000000D8E] -> 0xFF84
[1697] [M]: 0x0080000000000D8C (0xFF847413) andi fp, fp, -0x8
x8 <- 0x0080000000000FE8

mem[X,0x0080000000000D90] -> 0x3403
mem[X,0x0080000000000D92] -> 0x0004
[1698] [M]: 0x0080000000000D90 (0x00043403) ld fp, 0x0(fp)
mem[R,0x0080000000000FE8] -> 0x000000000000000F
x8 <- 0x000000000000000F

mem[X,0x0080000000000D94] -> 0x0AE3
mem[X,0x0080000000000D96] -> 0xB404
[1699] [M]: 0x0080000000000D94 (0xB4040AE3) beq fp, zero, -0x4ac

clint::tick mtime <- 0x0000000000000011
 clint timer pending at mtime 0x0000000000000011
htif::tick 0x0000000000000000
mem[X,0x0080000000000D98] -> 0x1393
mem[X,0x0080000000000D9A] -> 0x03F4
[1700] [M]: 0x0080000000000D98 (0x03F41393) slli t2, fp, 0x3f
x7 <- 0x8000000000000000

mem[X,0x0080000000000D9C] -> 0xD863
mem[X,0x0080000000000D9E] -> 0x0003
[1701] [M]: 0x0080000000000D9C (0x0003D863) bge t2, zero, 0x10

mem[X,0x0080000000000DA0] -> 0x5413
mem[X,0x0080000000000DA2] -> 0x0014
[1702] [M]: 0x0080000000000DA0 (0x00145413) srli fp, fp, 0x1
x8 <- 0x0000000000000007

mem[X,0x0080000000000DA4] -> 0x0CE3
mem[X,0x0080000000000DA6] -> 0xF885
[1703] [M]: 0x0080000000000DA4 (0xF8850CE3) beq a0, fp, -0x68

mem[X,0x0080000000000D3C] -> 0x3303
mem[X,0x0080000000000D3E] -> 0x2601
[1704] [M]: 0x0080000000000D3C (0x26013303) ld t1, 0x260(sp)
mem[R,0x0080000000003260] -> 0x0000000000000010
x6 <- 0x0000000000000010

mem[X,0x0080000000000D40] -> 0x3383
mem[X,0x0080000000000D42] -> 0x2681
[1705] [M]: 0x0080000000000D40 (0x26813383) ld t2, 0x268(sp)
mem[R,0x0080000000003268] -> 0x0080000000000724
x7 <- 0x0080000000000724

mem[X,0x0080000000000D44] -> 0x3403
mem[X,0x0080000000000D46] -> 0x2701
[1706] [M]: 0x0080000000000D44 (0x27013403) ld fp, 0x270(sp)
mem[R,0x0080000000003270] -> 0x0000000000007F76
x8 <- 0x0000000000007F76

mem[X,0x0080000000000D48] -> 0x3483
mem[X,0x0080000000000D4A] -> 0x2781
[1707] [M]: 0x0080000000000D48 (0x27813483) ld s1, 0x278(sp)
mem[R,0x0080000000003278] -> 0x0080000000000724
x9 <- 0x0080000000000724

mem[X,0x0080000000000D4C] -> 0x3503
mem[X,0x0080000000000D4E] -> 0x2801
[1708] [M]: 0x0080000000000D4C (0x28013503) ld a0, 0x280(sp)
mem[R,0x0080000000003280] -> 0x0000000000000001
x10 <- 0x0000000000000001

mem[X,0x0080000000000D50] -> 0x3583
mem[X,0x0080000000000D52] -> 0x2881
[1709] [M]: 0x0080000000000D50 (0x28813583) ld a1, 0x288(sp)
mem[R,0x0080000000003288] -> 0x0000000000000000
x11 <- 0x0000000000000000

mem[X,0x0080000000000D54] -> 0x3103
mem[X,0x0080000000000D56] -> 0x2901
[1710] [M]: 0x0080000000000D54 (0x29013103) ld sp, 0x290(sp)
mem[R,0x0080000000003290] -> 0x0080000000003000
x2 <- 0x0080000000003000

mem[X,0x0080000000000D58] -> 0x0073
mem[X,0x0080000000000D5A] -> 0x3020
[1711] [M]: 0x0080000000000D58 (0x30200073) mret
CSR mstatus <- 0x0000000A00000088
ret-ing from M to U

mem[X,0x00800000000007B8] -> 0x0013
mem[X,0x00800000000007BA] -> 0x0000
[1712] [U]: 0x00800000000007B8 (0x00000013) addi zero, zero, 0x0

mem[X,0x00800000000007BC] -> 0xA023
mem[X,0x00800000000007BE] -> 0x00E7
[1713] [U]: 0x00800000000007BC (0x00E7A023) sw a4, 0x0(a5)
trapping from U to M to handle store/amo-access-fault
handling exc#0x07 at priv M with tval 0x0080000000000830
CSR mstatus <- 0x0000000A00000080

mem[X,0x0080000000000940] -> 0x006F
mem[X,0x0080000000000942] -> 0x1000
[1714] [M]: 0x0080000000000940 (0x1000006F) jal zero, 0x100

mem[X,0x0080000000000A40] -> 0x1173
mem[X,0x0080000000000A42] -> 0x3401
[1715] [M]: 0x0080000000000A40 (0x34011173) csrrw sp, mscratch, sp
CSR mscratch <- 0x0080000000003000 (input: 0x0080000000003000)
x2 <- 0x0080000000003000

mem[X,0x0080000000000A44] -> 0x3423
mem[X,0x0080000000000A46] -> 0x28B1
[1716] [M]: 0x0080000000000A44 (0x28B13423) sd a1, 0x288(sp)
mem[0x0080000000003288] <- 0x0000000000000000

mem[X,0x0080000000000A48] -> 0x05EF
mem[X,0x0080000000000A4A] -> 0x0B80
[1717] [M]: 0x0080000000000A48 (0x0B8005EF) jal a1, 0xb8
x11 <- 0x0080000000000A4C

mem[X,0x0080000000000B00] -> 0x3023
mem[X,0x0080000000000B02] -> 0x28A1
[1718] [M]: 0x0080000000000B00 (0x28A13023) sd a0, 0x280(sp)
mem[0x0080000000003280] <- 0x0000000000000001

mem[X,0x0080000000000B04] -> 0x1573
mem[X,0x0080000000000B06] -> 0x3401
[1719] [M]: 0x0080000000000B04 (0x34011573) csrrw a0, mscratch, sp
CSR mscratch <- 0x0080000000003000 (input: 0x0080000000003000)
x10 <- 0x0080000000003000

mem[X,0x0080000000000B08] -> 0x3823
mem[X,0x0080000000000B0A] -> 0x28A1
[1720] [M]: 0x0080000000000B08 (0x28A13823) sd a0, 0x290(sp)
mem[0x0080000000003290] <- 0x0080000000003000

mem[X,0x0080000000000B0C] -> 0x3503
mem[X,0x0080000000000B0E] -> 0x2301
[1721] [M]: 0x0080000000000B0C (0x23013503) ld a0, 0x230(sp)
mem[R,0x0080000000003230] -> 0x0080000000000B14
x10 <- 0x0080000000000B14

mem[X,0x0080000000000B10] -> 0x0067
mem[X,0x0080000000000B12] -> 0x0005
[1722] [M]: 0x0080000000000B10 (0x00050067) jalr zero, 0x0(a0)

mem[X,0x0080000000000B14] -> 0x3C23
mem[X,0x0080000000000B16] -> 0x2691
[1723] [M]: 0x0080000000000B14 (0x26913C23) sd s1, 0x278(sp)
mem[0x0080000000003278] <- 0x0080000000000724

mem[X,0x0080000000000B18] -> 0x3823
mem[X,0x0080000000000B1A] -> 0x2681
[1724] [M]: 0x0080000000000B18 (0x26813823) sd fp, 0x270(sp)
mem[0x0080000000003270] <- 0x0000000000007F76

mem[X,0x0080000000000B1C] -> 0x3423
mem[X,0x0080000000000B1E] -> 0x2671
[1725] [M]: 0x0080000000000B1C (0x26713423) sd t2, 0x268(sp)
mem[0x0080000000003268] <- 0x0080000000000724

mem[X,0x0080000000000B20] -> 0x3023
mem[X,0x0080000000000B22] -> 0x2661
[1726] [M]: 0x0080000000000B20 (0x26613023) sd t1, 0x260(sp)
mem[0x0080000000003260] <- 0x0000000000000010

mem[X,0x0080000000000B24] -> 0x2573
mem[X,0x0080000000000B26] -> 0x3420
[1727] [M]: 0x0080000000000B24 (0x34202573) csrrs a0, mcause, zero
CSR mcause -> 0x0000000000000007
x10 <- 0x0000000000000007

mem[X,0x0080000000000B28] -> 0x04B7
mem[X,0x0080000000000B2A] -> 0x8000
[1728] [M]: 0x0080000000000B28 (0x800004B7) lui s1, -0x80000
x9 <- 0xFFFFFFFF80000000

mem[X,0x0080000000000B2C] -> 0x8493
mem[X,0x0080000000000B2E] -> 0x0004
[1729] [M]: 0x0080000000000B2C (0x00048493) addi s1, s1, 0x0
x9 <- 0xFFFFFFFF80000000

mem[X,0x0080000000000B30] -> 0x9493
mem[X,0x0080000000000B32] -> 0x00B4
[1730] [M]: 0x0080000000000B30 (0x00B49493) slli s1, s1, 0xb
x9 <- 0xFFFFFC0000000000

mem[X,0x0080000000000B34] -> 0x8493
mem[X,0x0080000000000B36] -> 0x0004
[1731] [M]: 0x0080000000000B34 (0x00048493) addi s1, s1, 0x0
x9 <- 0xFFFFFC0000000000

mem[X,0x0080000000000B38] -> 0x9493
mem[X,0x0080000000000B3A] -> 0x00B4
[1732] [M]: 0x0080000000000B38 (0x00B49493) slli s1, s1, 0xb
x9 <- 0xFFE0000000000000

mem[X,0x0080000000000B3C] -> 0x8493
mem[X,0x0080000000000B3E] -> 0x0034
[1733] [M]: 0x0080000000000B3C (0x00348493) addi s1, s1, 0x3
x9 <- 0xFFE0000000000003

mem[X,0x0080000000000B40] -> 0x9493
mem[X,0x0080000000000B42] -> 0x00A4
[1734] [M]: 0x0080000000000B40 (0x00A49493) slli s1, s1, 0xa
x9 <- 0x8000000000000C00

mem[X,0x0080000000000B44] -> 0x8493
mem[X,0x0080000000000B46] -> 0x3FC4
[1735] [M]: 0x0080000000000B44 (0x3FC48493) addi s1, s1, 0x3fc
x9 <- 0x8000000000000FFC

mem[X,0x0080000000000B48] -> 0xF4B3
mem[X,0x0080000000000B4A] -> 0x00A4
[1736] [M]: 0x0080000000000B48 (0x00A4F4B3) and s1, s1, a0
x9 <- 0x0000000000000004

mem[X,0x0080000000000B4C] -> 0x8493
mem[X,0x0080000000000B4E] -> 0xFF84
[1737] [M]: 0x0080000000000B4C (0xFF848493) addi s1, s1, -0x8
x9 <- 0xFFFFFFFFFFFFFFFC

mem[X,0x0080000000000B50] -> 0x9663
mem[X,0x0080000000000B52] -> 0x0004
[1738] [M]: 0x0080000000000B50 (0x00049663) bne s1, zero, 0xc

mem[X,0x0080000000000B5C] -> 0x0393
mem[X,0x0080000000000B5E] -> 0x0200
[1739] [M]: 0x0080000000000B5C (0x02000393) addi t2, zero, 0x20
x7 <- 0x0000000000000020

mem[X,0x0080000000000B60] -> 0x5263
mem[X,0x0080000000000B62] -> 0x0405
[1740] [M]: 0x0080000000000B60 (0x04055263) bge a0, zero, 0x44

mem[X,0x0080000000000BA4] -> 0x2373
mem[X,0x0080000000000BA6] -> 0x3010
[1741] [M]: 0x0080000000000BA4 (0x30102373) csrrs t1, misa, zero
CSR misa -> 0x800000000034112D
x6 <- 0x800000000034112D

mem[X,0x0080000000000BA8] -> 0x1313
mem[X,0x0080000000000BAA] -> 0x0383
[1742] [M]: 0x0080000000000BA8 (0x03831313) slli t1, t1, 0x38
x6 <- 0x2D00000000000000

mem[X,0x0080000000000BAC] -> 0x5463
mem[X,0x0080000000000BAE] -> 0x0003
[1743] [M]: 0x0080000000000BAC (0x00035463) bge t1, zero, 0x8

mem[X,0x0080000000000BB4] -> 0x3303
mem[X,0x0080000000000BB6] -> 0x2181
[1744] [M]: 0x0080000000000BB4 (0x21813303) ld t1, 0x218(sp)
mem[R,0x0080000000003218] -> 0x0080000000004460
x6 <- 0x0080000000004460

mem[X,0x0080000000000BB8] -> 0x04B3
mem[X,0x0080000000000BBA] -> 0x0073
[1745] [M]: 0x0080000000000BB8 (0x007304B3) add s1, t1, t2
x9 <- 0x0080000000004480

mem[X,0x0080000000000BBC] -> 0x3C23
mem[X,0x0080000000000BBE] -> 0x2091
[1746] [M]: 0x0080000000000BBC (0x20913C23) sd s1, 0x218(sp)
mem[0x0080000000003218] <- 0x0080000000004480

mem[X,0x0080000000000BC0] -> 0x3403
mem[X,0x0080000000000BC2] -> 0x1F81
[1747] [M]: 0x0080000000000BC0 (0x1F813403) ld fp, 0x1f8(sp)
mem[R,0x00800000000031F8] -> 0x0080000000004210
x8 <- 0x0080000000004210

mem[X,0x0080000000000BC4] -> 0x0333
mem[X,0x0080000000000BC6] -> 0x4083
[1748] [M]: 0x0080000000000BC4 (0x40830333) sub t1, t1, fp
x6 <- 0x0000000000000250

mem[X,0x0080000000000BC8] -> 0x3403
mem[X,0x0080000000000BCA] -> 0x1F81
[1749] [M]: 0x0080000000000BC8 (0x1F813403) ld fp, 0x1f8(sp)
mem[R,0x00800000000031F8] -> 0x0080000000004210
x8 <- 0x0080000000004210

mem[X,0x0080000000000BCC] -> 0x0333
mem[X,0x0080000000000BCE] -> 0x0083
[1750] [M]: 0x0080000000000BCC (0x00830333) add t1, t1, fp
x6 <- 0x0080000000004460

mem[X,0x0080000000000BD0] -> 0x3403
mem[X,0x0080000000000BD2] -> 0x2401
[1751] [M]: 0x0080000000000BD0 (0x24013403) ld fp, 0x240(sp)
mem[R,0x0080000000003240] -> 0x0080000000000940
x8 <- 0x0080000000000940

mem[X,0x0080000000000BD4] -> 0x85B3
mem[X,0x0080000000000BD6] -> 0x4085
[1752] [M]: 0x0080000000000BD4 (0x408585B3) sub a1, a1, fp
x11 <- 0x000000000000010C

mem[X,0x0080000000000BD8] -> 0x9593
mem[X,0x0080000000000BDA] -> 0x0045
[1753] [M]: 0x0080000000000BD8 (0x00459593) slli a1, a1, 0x4
x11 <- 0x00000000000010C0

mem[X,0x0080000000000BDC] -> 0xE5B3
mem[X,0x0080000000000BDE] -> 0x0075
[1754] [M]: 0x0080000000000BDC (0x0075E5B3) or a1, a1, t2
x11 <- 0x00000000000010E0

mem[X,0x0080000000000BE0] -> 0x8593
mem[X,0x0080000000000BE2] -> 0x0035
[1755] [M]: 0x0080000000000BE0 (0x00358593) addi a1, a1, 0x3
x11 <- 0x00000000000010E3

mem[X,0x0080000000000BE4] -> 0x3023
mem[X,0x0080000000000BE6] -> 0x00B3
[1756] [M]: 0x0080000000000BE4 (0x00B33023) sd a1, 0x0(t1)
mem[0x0080000000004460] <- 0x00000000000010E3

mem[X,0x0080000000000BE8] -> 0x3423
mem[X,0x0080000000000BEA] -> 0x00A3
[1757] [M]: 0x0080000000000BE8 (0x00A33423) sd a0, 0x8(t1)
mem[0x0080000000004468] <- 0x0000000000000007

mem[X,0x0080000000000BEC] -> 0x4863
mem[X,0x0080000000000BEE] -> 0x1605
[1758] [M]: 0x0080000000000BEC (0x16054863) blt a0, zero, 0x170

mem[X,0x0080000000000BF0] -> 0x25F3
mem[X,0x0080000000000BF2] -> 0x3000
[1759] [M]: 0x0080000000000BF0 (0x300025F3) csrrs a1, mstatus, zero
CSR mstatus -> 0x0000000A00000080
x11 <- 0x0000000A00000080

mem[X,0x0080000000000BF4] -> 0x9413
mem[X,0x0080000000000BF6] -> 0x02E5
[1760] [M]: 0x0080000000000BF4 (0x02E59413) slli fp, a1, 0x2e
x8 <- 0x0020000000000000

mem[X,0x0080000000000BF8] -> 0x5463
mem[X,0x0080000000000BFA] -> 0x0004
[1761] [M]: 0x0080000000000BF8 (0x00045463) bge fp, zero, 0x8

mem[X,0x0080000000000C00] -> 0xD493
mem[X,0x0080000000000C02] -> 0x00B5
[1762] [M]: 0x0080000000000C00 (0x00B5D493) srli s1, a1, 0xb
x9 <- 0x0000000001400000

mem[X,0x0080000000000C04] -> 0xF493
mem[X,0x0080000000000C06] -> 0x0034
[1763] [M]: 0x0080000000000C04 (0x0034F493) andi s1, s1, 0x3
x9 <- 0x0000000000000000

mem[X,0x0080000000000C08] -> 0x8493
mem[X,0x0080000000000C0A] -> 0x0014
[1764] [M]: 0x0080000000000C08 (0x00148493) addi s1, s1, 0x1
x9 <- 0x0000000000000001

mem[X,0x0080000000000C0C] -> 0xF493
mem[X,0x0080000000000C0E] -> 0x0044
[1765] [M]: 0x0080000000000C0C (0x0044F493) andi s1, s1, 0x4
x9 <- 0x0000000000000000

mem[X,0x0080000000000C10] -> 0x0593
mem[X,0x0080000000000C12] -> 0x05D0
[1766] [M]: 0x0080000000000C10 (0x05D00593) addi a1, zero, 0x5d
x11 <- 0x000000000000005D

mem[X,0x0080000000000C14] -> 0xD5B3
mem[X,0x0080000000000C16] -> 0x0095
[1767] [M]: 0x0080000000000C14 (0x0095D5B3) srl a1, a1, s1
x11 <- 0x000000000000005D

mem[X,0x0080000000000C18] -> 0xF593
mem[X,0x0080000000000C1A] -> 0x0015
[1768] [M]: 0x0080000000000C18 (0x0015F593) andi a1, a1, 0x1
x11 <- 0x0000000000000001

mem[X,0x0080000000000C1C] -> 0x8EE3
mem[X,0x0080000000000C1E] -> 0xF405
[1769] [M]: 0x0080000000000C1C (0xF4058EE3) beq a1, zero, -0xa4

mem[X,0x0080000000000C20] -> 0x0593
mem[X,0x0080000000000C22] -> 0x2980
[1770] [M]: 0x0080000000000C20 (0x29800593) addi a1, zero, 0x298
x11 <- 0x0000000000000298

mem[X,0x0080000000000C24] -> 0xF413
mem[X,0x0080000000000C26] -> 0x0014
[1771] [M]: 0x0080000000000C24 (0x0014F413) andi fp, s1, 0x1
x8 <- 0x0000000000000000

mem[X,0x0080000000000C28] -> 0x95B3
mem[X,0x0080000000000C2A] -> 0x0085
[1772] [M]: 0x0080000000000C28 (0x008595B3) sll a1, a1, fp
x11 <- 0x0000000000000298

mem[X,0x0080000000000C2C] -> 0x9413
mem[X,0x0080000000000C2E] -> 0x03D4
[1773] [M]: 0x0080000000000C2C (0x03D49413) slli fp, s1, 0x3d
x8 <- 0x0000000000000000

mem[X,0x0080000000000C30] -> 0x5413
mem[X,0x0080000000000C32] -> 0x43F4
[1774] [M]: 0x0080000000000C30 (0x43F45413) srai fp, fp, 0x3f
x8 <- 0x0000000000000000

mem[X,0x0080000000000C34] -> 0x4413
mem[X,0x0080000000000C36] -> 0xFFF4
[1775] [M]: 0x0080000000000C34 (0xFFF44413) xori fp, fp, -0x1
x8 <- 0xFFFFFFFFFFFFFFFF

mem[X,0x0080000000000C38] -> 0xF4B3
mem[X,0x0080000000000C3A] -> 0x0085
[1776] [M]: 0x0080000000000C38 (0x0085F4B3) and s1, a1, fp
x9 <- 0x0000000000000298

mem[X,0x0080000000000C3C] -> 0x84B3
mem[X,0x0080000000000C3E] -> 0x0024
[1777] [M]: 0x0080000000000C3C (0x002484B3) add s1, s1, sp
x9 <- 0x0080000000003298

mem[X,0x0080000000000C40] -> 0x23F3
mem[X,0x0080000000000C42] -> 0x3410
[1778] [M]: 0x0080000000000C40 (0x341023F3) csrrs t2, mepc, zero
CSR mepc -> 0x00800000000007BC
x7 <- 0x00800000000007BC

mem[X,0x0080000000000C44] -> 0xB403
mem[X,0x0080000000000C46] -> 0x2084
[1779] [M]: 0x0080000000000C44 (0x2084B403) ld fp, 0x208(s1)
mem[R,0x00800000000034A0] -> 0x008000000000039C
x8 <- 0x008000000000039C

mem[X,0x0080000000000C48] -> 0xB583
mem[X,0x0080000000000C4A] -> 0x2104
[1780] [M]: 0x0080000000000C48 (0x2104B583) ld a1, 0x210(s1)
mem[R,0x00800000000034A8] -> 0x00000000000004B0
x11 <- 0x00000000000004B0

mem[X,0x0080000000000C4C] -> 0x85B3
mem[X,0x0080000000000C4E] -> 0x0085
[1781] [M]: 0x0080000000000C4C (0x008585B3) add a1, a1, fp
x11 <- 0x008000000000084C

mem[X,0x0080000000000C50] -> 0xF463
mem[X,0x0080000000000C52] -> 0x00B3
[1782] [M]: 0x0080000000000C50 (0x00B3F463) bgeu t2, a1, 0x8

mem[X,0x0080000000000C54] -> 0xF663
mem[X,0x0080000000000C56] -> 0x0283
[1783] [M]: 0x0080000000000C54 (0x0283F663) bgeu t2, fp, 0x2c

mem[X,0x0080000000000C80] -> 0x8433
mem[X,0x0080000000000C82] -> 0x4083
[1784] [M]: 0x0080000000000C80 (0x40838433) sub fp, t2, fp
x8 <- 0x0000000000000420

mem[X,0x0080000000000C84] -> 0x3823
mem[X,0x0080000000000C86] -> 0x0083
[1785] [M]: 0x0080000000000C84 (0x00833823) sd fp, 0x10(t1)
mem[0x0080000000004470] <- 0x0000000000000420

mem[X,0x0080000000000C88] -> 0xF593
mem[X,0x0080000000000C8A] -> 0xFFC3
[1786] [M]: 0x0080000000000C88 (0xFFC3F593) andi a1, t2, -0x4
x11 <- 0x00800000000007BC

mem[X,0x0080000000000C8C] -> 0x8593
mem[X,0x0080000000000C8E] -> 0x0085
[1787] [M]: 0x0080000000000C8C (0x00858593) addi a1, a1, 0x8
x11 <- 0x00800000000007C4

mem[X,0x0080000000000C90] -> 0x9073
mem[X,0x0080000000000C92] -> 0x3415
[1788] [M]: 0x0080000000000C90 (0x34159073) csrrw zero, mepc, a1
CSR mepc <- 0x00800000000007C4 (input: 0x00800000000007C4)

mem[X,0x0080000000000C94] -> 0x23F3
mem[X,0x0080000000000C96] -> 0x3430
[1789] [M]: 0x0080000000000C94 (0x343023F3) csrrs t2, mtval, zero
CSR mtval -> 0x0080000000000830
x7 <- 0x0080000000000830

mem[X,0x0080000000000C98] -> 0x7513
mem[X,0x0080000000000C9A] -> 0x00F5
[1790] [M]: 0x0080000000000C98 (0x00F57513) andi a0, a0, 0xf
x10 <- 0x0000000000000007

mem[X,0x0080000000000C9C] -> 0x0437
mem[X,0x0080000000000C9E] -> 0x0000
[1791] [M]: 0x0080000000000C9C (0x00000437) lui fp, 0x0
x8 <- 0x0000000000000000

mem[X,0x0080000000000CA0] -> 0x0413
mem[X,0x0080000000000CA2] -> 0x0004
[1792] [M]: 0x0080000000000CA0 (0x00040413) addi fp, fp, 0x0
x8 <- 0x0000000000000000

mem[X,0x0080000000000CA4] -> 0x1413
mem[X,0x0080000000000CA6] -> 0x00B4
[1793] [M]: 0x0080000000000CA4 (0x00B41413) slli fp, fp, 0xb
x8 <- 0x0000000000000000

mem[X,0x0080000000000CA8] -> 0x0413
mem[X,0x0080000000000CAA] -> 0x0004
[1794] [M]: 0x0080000000000CA8 (0x00040413) addi fp, fp, 0x0
x8 <- 0x0000000000000000

mem[X,0x0080000000000CAC] -> 0x1413
mem[X,0x0080000000000CAE] -> 0x00B4
[1795] [M]: 0x0080000000000CAC (0x00B41413) slli fp, fp, 0xb
x8 <- 0x0000000000000000

mem[X,0x0080000000000CB0] -> 0x0413
mem[X,0x0080000000000CB2] -> 0x02C4
[1796] [M]: 0x0080000000000CB0 (0x02C40413) addi fp, fp, 0x2c
x8 <- 0x000000000000002C

mem[X,0x0080000000000CB4] -> 0x1413
mem[X,0x0080000000000CB6] -> 0x00A4
[1797] [M]: 0x0080000000000CB4 (0x00A41413) slli fp, fp, 0xa
x8 <- 0x000000000000B000

mem[X,0x0080000000000CB8] -> 0x0413
mem[X,0x0080000000000CBA] -> 0x0FB4
[1798] [M]: 0x0080000000000CB8 (0x0FB40413) addi fp, fp, 0xfb
x8 <- 0x000000000000B0FB

mem[X,0x0080000000000CBC] -> 0x5433
mem[X,0x0080000000000CBE] -> 0x00A4
[1799] [M]: 0x0080000000000CBC (0x00A45433) srl fp, fp, a0
x8 <- 0x0000000000000161

clint::tick mtime <- 0x0000000000000012
 clint timer pending at mtime 0x0000000000000012
htif::tick 0x0000000000000000
mem[X,0x0080000000000CC0] -> 0x1413
mem[X,0x0080000000000CC2] -> 0x03F4
[1800] [M]: 0x0080000000000CC0 (0x03F41413) slli fp, fp, 0x3f
x8 <- 0x8000000000000000

mem[X,0x0080000000000CC4] -> 0x5C63
mem[X,0x0080000000000CC6] -> 0x0404
[1801] [M]: 0x0080000000000CC4 (0x04045C63) bge fp, zero, 0x58

mem[X,0x0080000000000CC8] -> 0xB403
mem[X,0x0080000000000CCA] -> 0x2084
[1802] [M]: 0x0080000000000CC8 (0x2084B403) ld fp, 0x208(s1)
mem[R,0x00800000000034A0] -> 0x008000000000039C
x8 <- 0x008000000000039C

mem[X,0x0080000000000CCC] -> 0xB583
mem[X,0x0080000000000CCE] -> 0x2104
[1803] [M]: 0x0080000000000CCC (0x2104B583) ld a1, 0x210(s1)
mem[R,0x00800000000034A8] -> 0x00000000000004B0
x11 <- 0x00000000000004B0

mem[X,0x0080000000000CD0] -> 0x85B3
mem[X,0x0080000000000CD2] -> 0x0085
[1804] [M]: 0x0080000000000CD0 (0x008585B3) add a1, a1, fp
x11 <- 0x008000000000084C

mem[X,0x0080000000000CD4] -> 0xF463
mem[X,0x0080000000000CD6] -> 0x00B3
[1805] [M]: 0x0080000000000CD4 (0x00B3F463) bgeu t2, a1, 0x8

mem[X,0x0080000000000CD8] -> 0xF063
mem[X,0x0080000000000CDA] -> 0x0483
[1806] [M]: 0x0080000000000CD8 (0x0483F063) bgeu t2, fp, 0x40

mem[X,0x0080000000000D18] -> 0x8433
mem[X,0x0080000000000D1A] -> 0x4083
[1807] [M]: 0x0080000000000D18 (0x40838433) sub fp, t2, fp
x8 <- 0x0000000000000494

mem[X,0x0080000000000D1C] -> 0x3C23
mem[X,0x0080000000000D1E] -> 0x0083
[1808] [M]: 0x0080000000000D1C (0x00833C23) sd fp, 0x18(t1)
mem[0x0080000000004478] <- 0x0000000000000494

mem[X,0x0080000000000D20] -> 0x3483
mem[X,0x0080000000000D22] -> 0x2181
[1809] [M]: 0x0080000000000D20 (0x21813483) ld s1, 0x218(sp)
mem[R,0x0080000000003218] -> 0x0080000000004480
x9 <- 0x0080000000004480

mem[X,0x0080000000000D24] -> 0x3383
mem[X,0x0080000000000D26] -> 0x1F81
[1810] [M]: 0x0080000000000D24 (0x1F813383) ld t2, 0x1f8(sp)
mem[R,0x00800000000031F8] -> 0x0080000000004210
x7 <- 0x0080000000004210

mem[X,0x0080000000000D28] -> 0x3303
mem[X,0x0080000000000D2A] -> 0x2001
[1811] [M]: 0x0080000000000D28 (0x20013303) ld t1, 0x200(sp)
mem[R,0x0080000000003200] -> 0x0000000000000520
x6 <- 0x0000000000000520

mem[X,0x0080000000000D2C] -> 0x0333
mem[X,0x0080000000000D2E] -> 0x0073
[1812] [M]: 0x0080000000000D2C (0x00730333) add t1, t1, t2
x6 <- 0x0080000000004730

mem[X,0x0080000000000D30] -> 0x62E3
mem[X,0x0080000000000D32] -> 0xB293
[1813] [M]: 0x0080000000000D30 (0xB29362E3) bltu t1, s1, -0x4dc

mem[X,0x0080000000000D34] -> 0x0393
mem[X,0x0080000000000D36] -> 0x2000
[1814] [M]: 0x0080000000000D34 (0x20000393) addi t2, zero, 0x200
x7 <- 0x0000000000000200

mem[X,0x0080000000000D38] -> 0x006F
mem[X,0x0080000000000D3A] -> 0x0400
[1815] [M]: 0x0080000000000D38 (0x0400006F) jal zero, 0x40

mem[X,0x0080000000000D78] -> 0x0417
mem[X,0x0080000000000D7A] -> 0x0000
[1816] [M]: 0x0080000000000D78 (0x00000417) auipc fp, 0x0
x8 <- 0x0080000000000D78

mem[X,0x0080000000000D7C] -> 0x0413
mem[X,0x0080000000000D7E] -> 0x03C4
[1817] [M]: 0x0080000000000D7C (0x03C40413) addi fp, fp, 0x3c
x8 <- 0x0080000000000DB4

mem[X,0x0080000000000D80] -> 0x0433
mem[X,0x0080000000000D82] -> 0x0074
[1818] [M]: 0x0080000000000D80 (0x00740433) add fp, fp, t2
x8 <- 0x0080000000000FB4

mem[X,0x0080000000000D84] -> 0x1393
mem[X,0x0080000000000D86] -> 0x0035
[1819] [M]: 0x0080000000000D84 (0x00351393) slli t2, a0, 0x3
x7 <- 0x0000000000000038

mem[X,0x0080000000000D88] -> 0x0433
mem[X,0x0080000000000D8A] -> 0x0074
[1820] [M]: 0x0080000000000D88 (0x00740433) add fp, fp, t2
x8 <- 0x0080000000000FEC

mem[X,0x0080000000000D8C] -> 0x7413
mem[X,0x0080000000000D8E] -> 0xFF84
[1821] [M]: 0x0080000000000D8C (0xFF847413) andi fp, fp, -0x8
x8 <- 0x0080000000000FE8

mem[X,0x0080000000000D90] -> 0x3403
mem[X,0x0080000000000D92] -> 0x0004
[1822] [M]: 0x0080000000000D90 (0x00043403) ld fp, 0x0(fp)
mem[R,0x0080000000000FE8] -> 0x000000000000000F
x8 <- 0x000000000000000F

mem[X,0x0080000000000D94] -> 0x0AE3
mem[X,0x0080000000000D96] -> 0xB404
[1823] [M]: 0x0080000000000D94 (0xB4040AE3) beq fp, zero, -0x4ac

mem[X,0x0080000000000D98] -> 0x1393
mem[X,0x0080000000000D9A] -> 0x03F4
[1824] [M]: 0x0080000000000D98 (0x03F41393) slli t2, fp, 0x3f
x7 <- 0x8000000000000000

mem[X,0x0080000000000D9C] -> 0xD863
mem[X,0x0080000000000D9E] -> 0x0003
[1825] [M]: 0x0080000000000D9C (0x0003D863) bge t2, zero, 0x10

mem[X,0x0080000000000DA0] -> 0x5413
mem[X,0x0080000000000DA2] -> 0x0014
[1826] [M]: 0x0080000000000DA0 (0x00145413) srli fp, fp, 0x1
x8 <- 0x0000000000000007

mem[X,0x0080000000000DA4] -> 0x0CE3
mem[X,0x0080000000000DA6] -> 0xF885
[1827] [M]: 0x0080000000000DA4 (0xF8850CE3) beq a0, fp, -0x68

mem[X,0x0080000000000D3C] -> 0x3303
mem[X,0x0080000000000D3E] -> 0x2601
[1828] [M]: 0x0080000000000D3C (0x26013303) ld t1, 0x260(sp)
mem[R,0x0080000000003260] -> 0x0000000000000010
x6 <- 0x0000000000000010

mem[X,0x0080000000000D40] -> 0x3383
mem[X,0x0080000000000D42] -> 0x2681
[1829] [M]: 0x0080000000000D40 (0x26813383) ld t2, 0x268(sp)
mem[R,0x0080000000003268] -> 0x0080000000000724
x7 <- 0x0080000000000724

mem[X,0x0080000000000D44] -> 0x3403
mem[X,0x0080000000000D46] -> 0x2701
[1830] [M]: 0x0080000000000D44 (0x27013403) ld fp, 0x270(sp)
mem[R,0x0080000000003270] -> 0x0000000000007F76
x8 <- 0x0000000000007F76

mem[X,0x0080000000000D48] -> 0x3483
mem[X,0x0080000000000D4A] -> 0x2781
[1831] [M]: 0x0080000000000D48 (0x27813483) ld s1, 0x278(sp)
mem[R,0x0080000000003278] -> 0x0080000000000724
x9 <- 0x0080000000000724

mem[X,0x0080000000000D4C] -> 0x3503
mem[X,0x0080000000000D4E] -> 0x2801
[1832] [M]: 0x0080000000000D4C (0x28013503) ld a0, 0x280(sp)
mem[R,0x0080000000003280] -> 0x0000000000000001
x10 <- 0x0000000000000001

mem[X,0x0080000000000D50] -> 0x3583
mem[X,0x0080000000000D52] -> 0x2881
[1833] [M]: 0x0080000000000D50 (0x28813583) ld a1, 0x288(sp)
mem[R,0x0080000000003288] -> 0x0000000000000000
x11 <- 0x0000000000000000

mem[X,0x0080000000000D54] -> 0x3103
mem[X,0x0080000000000D56] -> 0x2901
[1834] [M]: 0x0080000000000D54 (0x29013103) ld sp, 0x290(sp)
mem[R,0x0080000000003290] -> 0x0080000000003000
x2 <- 0x0080000000003000

mem[X,0x0080000000000D58] -> 0x0073
mem[X,0x0080000000000D5A] -> 0x3020
[1835] [M]: 0x0080000000000D58 (0x30200073) mret
CSR mstatus <- 0x0000000A00000088
ret-ing from M to U

mem[X,0x00800000000007C4] -> 0x0013
mem[X,0x00800000000007C6] -> 0x0000
[1836] [U]: 0x00800000000007C4 (0x00000013) addi zero, zero, 0x0

mem[X,0x00800000000007C8] -> 0xB023
mem[X,0x00800000000007CA] -> 0x00E7
[1837] [U]: 0x00800000000007C8 (0x00E7B023) sd a4, 0x0(a5)
trapping from U to M to handle store/amo-access-fault
handling exc#0x07 at priv M with tval 0x0080000000000830
CSR mstatus <- 0x0000000A00000080

mem[X,0x0080000000000940] -> 0x006F
mem[X,0x0080000000000942] -> 0x1000
[1838] [M]: 0x0080000000000940 (0x1000006F) jal zero, 0x100

mem[X,0x0080000000000A40] -> 0x1173
mem[X,0x0080000000000A42] -> 0x3401
[1839] [M]: 0x0080000000000A40 (0x34011173) csrrw sp, mscratch, sp
CSR mscratch <- 0x0080000000003000 (input: 0x0080000000003000)
x2 <- 0x0080000000003000

mem[X,0x0080000000000A44] -> 0x3423
mem[X,0x0080000000000A46] -> 0x28B1
[1840] [M]: 0x0080000000000A44 (0x28B13423) sd a1, 0x288(sp)
mem[0x0080000000003288] <- 0x0000000000000000

mem[X,0x0080000000000A48] -> 0x05EF
mem[X,0x0080000000000A4A] -> 0x0B80
[1841] [M]: 0x0080000000000A48 (0x0B8005EF) jal a1, 0xb8
x11 <- 0x0080000000000A4C

mem[X,0x0080000000000B00] -> 0x3023
mem[X,0x0080000000000B02] -> 0x28A1
[1842] [M]: 0x0080000000000B00 (0x28A13023) sd a0, 0x280(sp)
mem[0x0080000000003280] <- 0x0000000000000001

mem[X,0x0080000000000B04] -> 0x1573
mem[X,0x0080000000000B06] -> 0x3401
[1843] [M]: 0x0080000000000B04 (0x34011573) csrrw a0, mscratch, sp
CSR mscratch <- 0x0080000000003000 (input: 0x0080000000003000)
x10 <- 0x0080000000003000

mem[X,0x0080000000000B08] -> 0x3823
mem[X,0x0080000000000B0A] -> 0x28A1
[1844] [M]: 0x0080000000000B08 (0x28A13823) sd a0, 0x290(sp)
mem[0x0080000000003290] <- 0x0080000000003000

mem[X,0x0080000000000B0C] -> 0x3503
mem[X,0x0080000000000B0E] -> 0x2301
[1845] [M]: 0x0080000000000B0C (0x23013503) ld a0, 0x230(sp)
mem[R,0x0080000000003230] -> 0x0080000000000B14
x10 <- 0x0080000000000B14

mem[X,0x0080000000000B10] -> 0x0067
mem[X,0x0080000000000B12] -> 0x0005
[1846] [M]: 0x0080000000000B10 (0x00050067) jalr zero, 0x0(a0)

mem[X,0x0080000000000B14] -> 0x3C23
mem[X,0x0080000000000B16] -> 0x2691
[1847] [M]: 0x0080000000000B14 (0x26913C23) sd s1, 0x278(sp)
mem[0x0080000000003278] <- 0x0080000000000724

mem[X,0x0080000000000B18] -> 0x3823
mem[X,0x0080000000000B1A] -> 0x2681
[1848] [M]: 0x0080000000000B18 (0x26813823) sd fp, 0x270(sp)
mem[0x0080000000003270] <- 0x0000000000007F76

mem[X,0x0080000000000B1C] -> 0x3423
mem[X,0x0080000000000B1E] -> 0x2671
[1849] [M]: 0x0080000000000B1C (0x26713423) sd t2, 0x268(sp)
mem[0x0080000000003268] <- 0x0080000000000724

mem[X,0x0080000000000B20] -> 0x3023
mem[X,0x0080000000000B22] -> 0x2661
[1850] [M]: 0x0080000000000B20 (0x26613023) sd t1, 0x260(sp)
mem[0x0080000000003260] <- 0x0000000000000010

mem[X,0x0080000000000B24] -> 0x2573
mem[X,0x0080000000000B26] -> 0x3420
[1851] [M]: 0x0080000000000B24 (0x34202573) csrrs a0, mcause, zero
CSR mcause -> 0x0000000000000007
x10 <- 0x0000000000000007

mem[X,0x0080000000000B28] -> 0x04B7
mem[X,0x0080000000000B2A] -> 0x8000
[1852] [M]: 0x0080000000000B28 (0x800004B7) lui s1, -0x80000
x9 <- 0xFFFFFFFF80000000

mem[X,0x0080000000000B2C] -> 0x8493
mem[X,0x0080000000000B2E] -> 0x0004
[1853] [M]: 0x0080000000000B2C (0x00048493) addi s1, s1, 0x0
x9 <- 0xFFFFFFFF80000000

mem[X,0x0080000000000B30] -> 0x9493
mem[X,0x0080000000000B32] -> 0x00B4
[1854] [M]: 0x0080000000000B30 (0x00B49493) slli s1, s1, 0xb
x9 <- 0xFFFFFC0000000000

mem[X,0x0080000000000B34] -> 0x8493
mem[X,0x0080000000000B36] -> 0x0004
[1855] [M]: 0x0080000000000B34 (0x00048493) addi s1, s1, 0x0
x9 <- 0xFFFFFC0000000000

mem[X,0x0080000000000B38] -> 0x9493
mem[X,0x0080000000000B3A] -> 0x00B4
[1856] [M]: 0x0080000000000B38 (0x00B49493) slli s1, s1, 0xb
x9 <- 0xFFE0000000000000

mem[X,0x0080000000000B3C] -> 0x8493
mem[X,0x0080000000000B3E] -> 0x0034
[1857] [M]: 0x0080000000000B3C (0x00348493) addi s1, s1, 0x3
x9 <- 0xFFE0000000000003

mem[X,0x0080000000000B40] -> 0x9493
mem[X,0x0080000000000B42] -> 0x00A4
[1858] [M]: 0x0080000000000B40 (0x00A49493) slli s1, s1, 0xa
x9 <- 0x8000000000000C00

mem[X,0x0080000000000B44] -> 0x8493
mem[X,0x0080000000000B46] -> 0x3FC4
[1859] [M]: 0x0080000000000B44 (0x3FC48493) addi s1, s1, 0x3fc
x9 <- 0x8000000000000FFC

mem[X,0x0080000000000B48] -> 0xF4B3
mem[X,0x0080000000000B4A] -> 0x00A4
[1860] [M]: 0x0080000000000B48 (0x00A4F4B3) and s1, s1, a0
x9 <- 0x0000000000000004

mem[X,0x0080000000000B4C] -> 0x8493
mem[X,0x0080000000000B4E] -> 0xFF84
[1861] [M]: 0x0080000000000B4C (0xFF848493) addi s1, s1, -0x8
x9 <- 0xFFFFFFFFFFFFFFFC

mem[X,0x0080000000000B50] -> 0x9663
mem[X,0x0080000000000B52] -> 0x0004
[1862] [M]: 0x0080000000000B50 (0x00049663) bne s1, zero, 0xc

mem[X,0x0080000000000B5C] -> 0x0393
mem[X,0x0080000000000B5E] -> 0x0200
[1863] [M]: 0x0080000000000B5C (0x02000393) addi t2, zero, 0x20
x7 <- 0x0000000000000020

mem[X,0x0080000000000B60] -> 0x5263
mem[X,0x0080000000000B62] -> 0x0405
[1864] [M]: 0x0080000000000B60 (0x04055263) bge a0, zero, 0x44

mem[X,0x0080000000000BA4] -> 0x2373
mem[X,0x0080000000000BA6] -> 0x3010
[1865] [M]: 0x0080000000000BA4 (0x30102373) csrrs t1, misa, zero
CSR misa -> 0x800000000034112D
x6 <- 0x800000000034112D

mem[X,0x0080000000000BA8] -> 0x1313
mem[X,0x0080000000000BAA] -> 0x0383
[1866] [M]: 0x0080000000000BA8 (0x03831313) slli t1, t1, 0x38
x6 <- 0x2D00000000000000

mem[X,0x0080000000000BAC] -> 0x5463
mem[X,0x0080000000000BAE] -> 0x0003
[1867] [M]: 0x0080000000000BAC (0x00035463) bge t1, zero, 0x8

mem[X,0x0080000000000BB4] -> 0x3303
mem[X,0x0080000000000BB6] -> 0x2181
[1868] [M]: 0x0080000000000BB4 (0x21813303) ld t1, 0x218(sp)
mem[R,0x0080000000003218] -> 0x0080000000004480
x6 <- 0x0080000000004480

mem[X,0x0080000000000BB8] -> 0x04B3
mem[X,0x0080000000000BBA] -> 0x0073
[1869] [M]: 0x0080000000000BB8 (0x007304B3) add s1, t1, t2
x9 <- 0x00800000000044A0

mem[X,0x0080000000000BBC] -> 0x3C23
mem[X,0x0080000000000BBE] -> 0x2091
[1870] [M]: 0x0080000000000BBC (0x20913C23) sd s1, 0x218(sp)
mem[0x0080000000003218] <- 0x00800000000044A0

mem[X,0x0080000000000BC0] -> 0x3403
mem[X,0x0080000000000BC2] -> 0x1F81
[1871] [M]: 0x0080000000000BC0 (0x1F813403) ld fp, 0x1f8(sp)
mem[R,0x00800000000031F8] -> 0x0080000000004210
x8 <- 0x0080000000004210

mem[X,0x0080000000000BC4] -> 0x0333
mem[X,0x0080000000000BC6] -> 0x4083
[1872] [M]: 0x0080000000000BC4 (0x40830333) sub t1, t1, fp
x6 <- 0x0000000000000270

mem[X,0x0080000000000BC8] -> 0x3403
mem[X,0x0080000000000BCA] -> 0x1F81
[1873] [M]: 0x0080000000000BC8 (0x1F813403) ld fp, 0x1f8(sp)
mem[R,0x00800000000031F8] -> 0x0080000000004210
x8 <- 0x0080000000004210

mem[X,0x0080000000000BCC] -> 0x0333
mem[X,0x0080000000000BCE] -> 0x0083
[1874] [M]: 0x0080000000000BCC (0x00830333) add t1, t1, fp
x6 <- 0x0080000000004480

mem[X,0x0080000000000BD0] -> 0x3403
mem[X,0x0080000000000BD2] -> 0x2401
[1875] [M]: 0x0080000000000BD0 (0x24013403) ld fp, 0x240(sp)
mem[R,0x0080000000003240] -> 0x0080000000000940
x8 <- 0x0080000000000940

mem[X,0x0080000000000BD4] -> 0x85B3
mem[X,0x0080000000000BD6] -> 0x4085
[1876] [M]: 0x0080000000000BD4 (0x408585B3) sub a1, a1, fp
x11 <- 0x000000000000010C

mem[X,0x0080000000000BD8] -> 0x9593
mem[X,0x0080000000000BDA] -> 0x0045
[1877] [M]: 0x0080000000000BD8 (0x00459593) slli a1, a1, 0x4
x11 <- 0x00000000000010C0

mem[X,0x0080000000000BDC] -> 0xE5B3
mem[X,0x0080000000000BDE] -> 0x0075
[1878] [M]: 0x0080000000000BDC (0x0075E5B3) or a1, a1, t2
x11 <- 0x00000000000010E0

mem[X,0x0080000000000BE0] -> 0x8593
mem[X,0x0080000000000BE2] -> 0x0035
[1879] [M]: 0x0080000000000BE0 (0x00358593) addi a1, a1, 0x3
x11 <- 0x00000000000010E3

mem[X,0x0080000000000BE4] -> 0x3023
mem[X,0x0080000000000BE6] -> 0x00B3
[1880] [M]: 0x0080000000000BE4 (0x00B33023) sd a1, 0x0(t1)
mem[0x0080000000004480] <- 0x00000000000010E3

mem[X,0x0080000000000BE8] -> 0x3423
mem[X,0x0080000000000BEA] -> 0x00A3
[1881] [M]: 0x0080000000000BE8 (0x00A33423) sd a0, 0x8(t1)
mem[0x0080000000004488] <- 0x0000000000000007

mem[X,0x0080000000000BEC] -> 0x4863
mem[X,0x0080000000000BEE] -> 0x1605
[1882] [M]: 0x0080000000000BEC (0x16054863) blt a0, zero, 0x170

mem[X,0x0080000000000BF0] -> 0x25F3
mem[X,0x0080000000000BF2] -> 0x3000
[1883] [M]: 0x0080000000000BF0 (0x300025F3) csrrs a1, mstatus, zero
CSR mstatus -> 0x0000000A00000080
x11 <- 0x0000000A00000080

mem[X,0x0080000000000BF4] -> 0x9413
mem[X,0x0080000000000BF6] -> 0x02E5
[1884] [M]: 0x0080000000000BF4 (0x02E59413) slli fp, a1, 0x2e
x8 <- 0x0020000000000000

mem[X,0x0080000000000BF8] -> 0x5463
mem[X,0x0080000000000BFA] -> 0x0004
[1885] [M]: 0x0080000000000BF8 (0x00045463) bge fp, zero, 0x8

mem[X,0x0080000000000C00] -> 0xD493
mem[X,0x0080000000000C02] -> 0x00B5
[1886] [M]: 0x0080000000000C00 (0x00B5D493) srli s1, a1, 0xb
x9 <- 0x0000000001400000

mem[X,0x0080000000000C04] -> 0xF493
mem[X,0x0080000000000C06] -> 0x0034
[1887] [M]: 0x0080000000000C04 (0x0034F493) andi s1, s1, 0x3
x9 <- 0x0000000000000000

mem[X,0x0080000000000C08] -> 0x8493
mem[X,0x0080000000000C0A] -> 0x0014
[1888] [M]: 0x0080000000000C08 (0x00148493) addi s1, s1, 0x1
x9 <- 0x0000000000000001

mem[X,0x0080000000000C0C] -> 0xF493
mem[X,0x0080000000000C0E] -> 0x0044
[1889] [M]: 0x0080000000000C0C (0x0044F493) andi s1, s1, 0x4
x9 <- 0x0000000000000000

mem[X,0x0080000000000C10] -> 0x0593
mem[X,0x0080000000000C12] -> 0x05D0
[1890] [M]: 0x0080000000000C10 (0x05D00593) addi a1, zero, 0x5d
x11 <- 0x000000000000005D

mem[X,0x0080000000000C14] -> 0xD5B3
mem[X,0x0080000000000C16] -> 0x0095
[1891] [M]: 0x0080000000000C14 (0x0095D5B3) srl a1, a1, s1
x11 <- 0x000000000000005D

mem[X,0x0080000000000C18] -> 0xF593
mem[X,0x0080000000000C1A] -> 0x0015
[1892] [M]: 0x0080000000000C18 (0x0015F593) andi a1, a1, 0x1
x11 <- 0x0000000000000001

mem[X,0x0080000000000C1C] -> 0x8EE3
mem[X,0x0080000000000C1E] -> 0xF405
[1893] [M]: 0x0080000000000C1C (0xF4058EE3) beq a1, zero, -0xa4

mem[X,0x0080000000000C20] -> 0x0593
mem[X,0x0080000000000C22] -> 0x2980
[1894] [M]: 0x0080000000000C20 (0x29800593) addi a1, zero, 0x298
x11 <- 0x0000000000000298

mem[X,0x0080000000000C24] -> 0xF413
mem[X,0x0080000000000C26] -> 0x0014
[1895] [M]: 0x0080000000000C24 (0x0014F413) andi fp, s1, 0x1
x8 <- 0x0000000000000000

mem[X,0x0080000000000C28] -> 0x95B3
mem[X,0x0080000000000C2A] -> 0x0085
[1896] [M]: 0x0080000000000C28 (0x008595B3) sll a1, a1, fp
x11 <- 0x0000000000000298

mem[X,0x0080000000000C2C] -> 0x9413
mem[X,0x0080000000000C2E] -> 0x03D4
[1897] [M]: 0x0080000000000C2C (0x03D49413) slli fp, s1, 0x3d
x8 <- 0x0000000000000000

mem[X,0x0080000000000C30] -> 0x5413
mem[X,0x0080000000000C32] -> 0x43F4
[1898] [M]: 0x0080000000000C30 (0x43F45413) srai fp, fp, 0x3f
x8 <- 0x0000000000000000

mem[X,0x0080000000000C34] -> 0x4413
mem[X,0x0080000000000C36] -> 0xFFF4
[1899] [M]: 0x0080000000000C34 (0xFFF44413) xori fp, fp, -0x1
x8 <- 0xFFFFFFFFFFFFFFFF

clint::tick mtime <- 0x0000000000000013
 clint timer pending at mtime 0x0000000000000013
htif::tick 0x0000000000000000
mem[X,0x0080000000000C38] -> 0xF4B3
mem[X,0x0080000000000C3A] -> 0x0085
[1900] [M]: 0x0080000000000C38 (0x0085F4B3) and s1, a1, fp
x9 <- 0x0000000000000298

mem[X,0x0080000000000C3C] -> 0x84B3
mem[X,0x0080000000000C3E] -> 0x0024
[1901] [M]: 0x0080000000000C3C (0x002484B3) add s1, s1, sp
x9 <- 0x0080000000003298

mem[X,0x0080000000000C40] -> 0x23F3
mem[X,0x0080000000000C42] -> 0x3410
[1902] [M]: 0x0080000000000C40 (0x341023F3) csrrs t2, mepc, zero
CSR mepc -> 0x00800000000007C8
x7 <- 0x00800000000007C8

mem[X,0x0080000000000C44] -> 0xB403
mem[X,0x0080000000000C46] -> 0x2084
[1903] [M]: 0x0080000000000C44 (0x2084B403) ld fp, 0x208(s1)
mem[R,0x00800000000034A0] -> 0x008000000000039C
x8 <- 0x008000000000039C

mem[X,0x0080000000000C48] -> 0xB583
mem[X,0x0080000000000C4A] -> 0x2104
[1904] [M]: 0x0080000000000C48 (0x2104B583) ld a1, 0x210(s1)
mem[R,0x00800000000034A8] -> 0x00000000000004B0
x11 <- 0x00000000000004B0

mem[X,0x0080000000000C4C] -> 0x85B3
mem[X,0x0080000000000C4E] -> 0x0085
[1905] [M]: 0x0080000000000C4C (0x008585B3) add a1, a1, fp
x11 <- 0x008000000000084C

mem[X,0x0080000000000C50] -> 0xF463
mem[X,0x0080000000000C52] -> 0x00B3
[1906] [M]: 0x0080000000000C50 (0x00B3F463) bgeu t2, a1, 0x8

mem[X,0x0080000000000C54] -> 0xF663
mem[X,0x0080000000000C56] -> 0x0283
[1907] [M]: 0x0080000000000C54 (0x0283F663) bgeu t2, fp, 0x2c

mem[X,0x0080000000000C80] -> 0x8433
mem[X,0x0080000000000C82] -> 0x4083
[1908] [M]: 0x0080000000000C80 (0x40838433) sub fp, t2, fp
x8 <- 0x000000000000042C

mem[X,0x0080000000000C84] -> 0x3823
mem[X,0x0080000000000C86] -> 0x0083
[1909] [M]: 0x0080000000000C84 (0x00833823) sd fp, 0x10(t1)
mem[0x0080000000004490] <- 0x000000000000042C

mem[X,0x0080000000000C88] -> 0xF593
mem[X,0x0080000000000C8A] -> 0xFFC3
[1910] [M]: 0x0080000000000C88 (0xFFC3F593) andi a1, t2, -0x4
x11 <- 0x00800000000007C8

mem[X,0x0080000000000C8C] -> 0x8593
mem[X,0x0080000000000C8E] -> 0x0085
[1911] [M]: 0x0080000000000C8C (0x00858593) addi a1, a1, 0x8
x11 <- 0x00800000000007D0

mem[X,0x0080000000000C90] -> 0x9073
mem[X,0x0080000000000C92] -> 0x3415
[1912] [M]: 0x0080000000000C90 (0x34159073) csrrw zero, mepc, a1
CSR mepc <- 0x00800000000007D0 (input: 0x00800000000007D0)

mem[X,0x0080000000000C94] -> 0x23F3
mem[X,0x0080000000000C96] -> 0x3430
[1913] [M]: 0x0080000000000C94 (0x343023F3) csrrs t2, mtval, zero
CSR mtval -> 0x0080000000000830
x7 <- 0x0080000000000830

mem[X,0x0080000000000C98] -> 0x7513
mem[X,0x0080000000000C9A] -> 0x00F5
[1914] [M]: 0x0080000000000C98 (0x00F57513) andi a0, a0, 0xf
x10 <- 0x0000000000000007

mem[X,0x0080000000000C9C] -> 0x0437
mem[X,0x0080000000000C9E] -> 0x0000
[1915] [M]: 0x0080000000000C9C (0x00000437) lui fp, 0x0
x8 <- 0x0000000000000000

mem[X,0x0080000000000CA0] -> 0x0413
mem[X,0x0080000000000CA2] -> 0x0004
[1916] [M]: 0x0080000000000CA0 (0x00040413) addi fp, fp, 0x0
x8 <- 0x0000000000000000

mem[X,0x0080000000000CA4] -> 0x1413
mem[X,0x0080000000000CA6] -> 0x00B4
[1917] [M]: 0x0080000000000CA4 (0x00B41413) slli fp, fp, 0xb
x8 <- 0x0000000000000000

mem[X,0x0080000000000CA8] -> 0x0413
mem[X,0x0080000000000CAA] -> 0x0004
[1918] [M]: 0x0080000000000CA8 (0x00040413) addi fp, fp, 0x0
x8 <- 0x0000000000000000

mem[X,0x0080000000000CAC] -> 0x1413
mem[X,0x0080000000000CAE] -> 0x00B4
[1919] [M]: 0x0080000000000CAC (0x00B41413) slli fp, fp, 0xb
x8 <- 0x0000000000000000

mem[X,0x0080000000000CB0] -> 0x0413
mem[X,0x0080000000000CB2] -> 0x02C4
[1920] [M]: 0x0080000000000CB0 (0x02C40413) addi fp, fp, 0x2c
x8 <- 0x000000000000002C

mem[X,0x0080000000000CB4] -> 0x1413
mem[X,0x0080000000000CB6] -> 0x00A4
[1921] [M]: 0x0080000000000CB4 (0x00A41413) slli fp, fp, 0xa
x8 <- 0x000000000000B000

mem[X,0x0080000000000CB8] -> 0x0413
mem[X,0x0080000000000CBA] -> 0x0FB4
[1922] [M]: 0x0080000000000CB8 (0x0FB40413) addi fp, fp, 0xfb
x8 <- 0x000000000000B0FB

mem[X,0x0080000000000CBC] -> 0x5433
mem[X,0x0080000000000CBE] -> 0x00A4
[1923] [M]: 0x0080000000000CBC (0x00A45433) srl fp, fp, a0
x8 <- 0x0000000000000161

mem[X,0x0080000000000CC0] -> 0x1413
mem[X,0x0080000000000CC2] -> 0x03F4
[1924] [M]: 0x0080000000000CC0 (0x03F41413) slli fp, fp, 0x3f
x8 <- 0x8000000000000000

mem[X,0x0080000000000CC4] -> 0x5C63
mem[X,0x0080000000000CC6] -> 0x0404
[1925] [M]: 0x0080000000000CC4 (0x04045C63) bge fp, zero, 0x58

mem[X,0x0080000000000CC8] -> 0xB403
mem[X,0x0080000000000CCA] -> 0x2084
[1926] [M]: 0x0080000000000CC8 (0x2084B403) ld fp, 0x208(s1)
mem[R,0x00800000000034A0] -> 0x008000000000039C
x8 <- 0x008000000000039C

mem[X,0x0080000000000CCC] -> 0xB583
mem[X,0x0080000000000CCE] -> 0x2104
[1927] [M]: 0x0080000000000CCC (0x2104B583) ld a1, 0x210(s1)
mem[R,0x00800000000034A8] -> 0x00000000000004B0
x11 <- 0x00000000000004B0

mem[X,0x0080000000000CD0] -> 0x85B3
mem[X,0x0080000000000CD2] -> 0x0085
[1928] [M]: 0x0080000000000CD0 (0x008585B3) add a1, a1, fp
x11 <- 0x008000000000084C

mem[X,0x0080000000000CD4] -> 0xF463
mem[X,0x0080000000000CD6] -> 0x00B3
[1929] [M]: 0x0080000000000CD4 (0x00B3F463) bgeu t2, a1, 0x8

mem[X,0x0080000000000CD8] -> 0xF063
mem[X,0x0080000000000CDA] -> 0x0483
[1930] [M]: 0x0080000000000CD8 (0x0483F063) bgeu t2, fp, 0x40

mem[X,0x0080000000000D18] -> 0x8433
mem[X,0x0080000000000D1A] -> 0x4083
[1931] [M]: 0x0080000000000D18 (0x40838433) sub fp, t2, fp
x8 <- 0x0000000000000494

mem[X,0x0080000000000D1C] -> 0x3C23
mem[X,0x0080000000000D1E] -> 0x0083
[1932] [M]: 0x0080000000000D1C (0x00833C23) sd fp, 0x18(t1)
mem[0x0080000000004498] <- 0x0000000000000494

mem[X,0x0080000000000D20] -> 0x3483
mem[X,0x0080000000000D22] -> 0x2181
[1933] [M]: 0x0080000000000D20 (0x21813483) ld s1, 0x218(sp)
mem[R,0x0080000000003218] -> 0x00800000000044A0
x9 <- 0x00800000000044A0

mem[X,0x0080000000000D24] -> 0x3383
mem[X,0x0080000000000D26] -> 0x1F81
[1934] [M]: 0x0080000000000D24 (0x1F813383) ld t2, 0x1f8(sp)
mem[R,0x00800000000031F8] -> 0x0080000000004210
x7 <- 0x0080000000004210

mem[X,0x0080000000000D28] -> 0x3303
mem[X,0x0080000000000D2A] -> 0x2001
[1935] [M]: 0x0080000000000D28 (0x20013303) ld t1, 0x200(sp)
mem[R,0x0080000000003200] -> 0x0000000000000520
x6 <- 0x0000000000000520

mem[X,0x0080000000000D2C] -> 0x0333
mem[X,0x0080000000000D2E] -> 0x0073
[1936] [M]: 0x0080000000000D2C (0x00730333) add t1, t1, t2
x6 <- 0x0080000000004730

mem[X,0x0080000000000D30] -> 0x62E3
mem[X,0x0080000000000D32] -> 0xB293
[1937] [M]: 0x0080000000000D30 (0xB29362E3) bltu t1, s1, -0x4dc

mem[X,0x0080000000000D34] -> 0x0393
mem[X,0x0080000000000D36] -> 0x2000
[1938] [M]: 0x0080000000000D34 (0x20000393) addi t2, zero, 0x200
x7 <- 0x0000000000000200

mem[X,0x0080000000000D38] -> 0x006F
mem[X,0x0080000000000D3A] -> 0x0400
[1939] [M]: 0x0080000000000D38 (0x0400006F) jal zero, 0x40

mem[X,0x0080000000000D78] -> 0x0417
mem[X,0x0080000000000D7A] -> 0x0000
[1940] [M]: 0x0080000000000D78 (0x00000417) auipc fp, 0x0
x8 <- 0x0080000000000D78

mem[X,0x0080000000000D7C] -> 0x0413
mem[X,0x0080000000000D7E] -> 0x03C4
[1941] [M]: 0x0080000000000D7C (0x03C40413) addi fp, fp, 0x3c
x8 <- 0x0080000000000DB4

mem[X,0x0080000000000D80] -> 0x0433
mem[X,0x0080000000000D82] -> 0x0074
[1942] [M]: 0x0080000000000D80 (0x00740433) add fp, fp, t2
x8 <- 0x0080000000000FB4

mem[X,0x0080000000000D84] -> 0x1393
mem[X,0x0080000000000D86] -> 0x0035
[1943] [M]: 0x0080000000000D84 (0x00351393) slli t2, a0, 0x3
x7 <- 0x0000000000000038

mem[X,0x0080000000000D88] -> 0x0433
mem[X,0x0080000000000D8A] -> 0x0074
[1944] [M]: 0x0080000000000D88 (0x00740433) add fp, fp, t2
x8 <- 0x0080000000000FEC

mem[X,0x0080000000000D8C] -> 0x7413
mem[X,0x0080000000000D8E] -> 0xFF84
[1945] [M]: 0x0080000000000D8C (0xFF847413) andi fp, fp, -0x8
x8 <- 0x0080000000000FE8

mem[X,0x0080000000000D90] -> 0x3403
mem[X,0x0080000000000D92] -> 0x0004
[1946] [M]: 0x0080000000000D90 (0x00043403) ld fp, 0x0(fp)
mem[R,0x0080000000000FE8] -> 0x000000000000000F
x8 <- 0x000000000000000F

mem[X,0x0080000000000D94] -> 0x0AE3
mem[X,0x0080000000000D96] -> 0xB404
[1947] [M]: 0x0080000000000D94 (0xB4040AE3) beq fp, zero, -0x4ac

mem[X,0x0080000000000D98] -> 0x1393
mem[X,0x0080000000000D9A] -> 0x03F4
[1948] [M]: 0x0080000000000D98 (0x03F41393) slli t2, fp, 0x3f
x7 <- 0x8000000000000000

mem[X,0x0080000000000D9C] -> 0xD863
mem[X,0x0080000000000D9E] -> 0x0003
[1949] [M]: 0x0080000000000D9C (0x0003D863) bge t2, zero, 0x10

mem[X,0x0080000000000DA0] -> 0x5413
mem[X,0x0080000000000DA2] -> 0x0014
[1950] [M]: 0x0080000000000DA0 (0x00145413) srli fp, fp, 0x1
x8 <- 0x0000000000000007

mem[X,0x0080000000000DA4] -> 0x0CE3
mem[X,0x0080000000000DA6] -> 0xF885
[1951] [M]: 0x0080000000000DA4 (0xF8850CE3) beq a0, fp, -0x68

mem[X,0x0080000000000D3C] -> 0x3303
mem[X,0x0080000000000D3E] -> 0x2601
[1952] [M]: 0x0080000000000D3C (0x26013303) ld t1, 0x260(sp)
mem[R,0x0080000000003260] -> 0x0000000000000010
x6 <- 0x0000000000000010

mem[X,0x0080000000000D40] -> 0x3383
mem[X,0x0080000000000D42] -> 0x2681
[1953] [M]: 0x0080000000000D40 (0x26813383) ld t2, 0x268(sp)
mem[R,0x0080000000003268] -> 0x0080000000000724
x7 <- 0x0080000000000724

mem[X,0x0080000000000D44] -> 0x3403
mem[X,0x0080000000000D46] -> 0x2701
[1954] [M]: 0x0080000000000D44 (0x27013403) ld fp, 0x270(sp)
mem[R,0x0080000000003270] -> 0x0000000000007F76
x8 <- 0x0000000000007F76

mem[X,0x0080000000000D48] -> 0x3483
mem[X,0x0080000000000D4A] -> 0x2781
[1955] [M]: 0x0080000000000D48 (0x27813483) ld s1, 0x278(sp)
mem[R,0x0080000000003278] -> 0x0080000000000724
x9 <- 0x0080000000000724

mem[X,0x0080000000000D4C] -> 0x3503
mem[X,0x0080000000000D4E] -> 0x2801
[1956] [M]: 0x0080000000000D4C (0x28013503) ld a0, 0x280(sp)
mem[R,0x0080000000003280] -> 0x0000000000000001
x10 <- 0x0000000000000001

mem[X,0x0080000000000D50] -> 0x3583
mem[X,0x0080000000000D52] -> 0x2881
[1957] [M]: 0x0080000000000D50 (0x28813583) ld a1, 0x288(sp)
mem[R,0x0080000000003288] -> 0x0000000000000000
x11 <- 0x0000000000000000

mem[X,0x0080000000000D54] -> 0x3103
mem[X,0x0080000000000D56] -> 0x2901
[1958] [M]: 0x0080000000000D54 (0x29013103) ld sp, 0x290(sp)
mem[R,0x0080000000003290] -> 0x0080000000003000
x2 <- 0x0080000000003000

mem[X,0x0080000000000D58] -> 0x0073
mem[X,0x0080000000000D5A] -> 0x3020
[1959] [M]: 0x0080000000000D58 (0x30200073) mret
CSR mstatus <- 0x0000000A00000088
ret-ing from M to U

mem[X,0x00800000000007D0] -> 0x0013
mem[X,0x00800000000007D2] -> 0x0000
[1960] [U]: 0x00800000000007D0 (0x00000013) addi zero, zero, 0x0

mem[X,0x00800000000007D4] -> 0x8703
mem[X,0x00800000000007D6] -> 0x0007
[1961] [U]: 0x00800000000007D4 (0x00078703) lb a4, 0x0(a5)
mem[R,0x0080000000000830] -> 0x93
x14 <- 0xFFFFFFFFFFFFFF93

mem[X,0x00800000000007D8] -> 0x0013
mem[X,0x00800000000007DA] -> 0x0000
[1962] [U]: 0x00800000000007D8 (0x00000013) addi zero, zero, 0x0

mem[X,0x00800000000007DC] -> 0x0013
mem[X,0x00800000000007DE] -> 0x0000
[1963] [U]: 0x00800000000007DC (0x00000013) addi zero, zero, 0x0

mem[X,0x00800000000007E0] -> 0xB823
mem[X,0x00800000000007E2] -> 0x02E6
[1964] [U]: 0x00800000000007E0 (0x02E6B823) sd a4, 0x30(a3)
mem[0x0080000000004248] <- 0xFFFFFFFFFFFFFF93

mem[X,0x00800000000007E4] -> 0x9703
mem[X,0x00800000000007E6] -> 0x0007
[1965] [U]: 0x00800000000007E4 (0x00079703) lh a4, 0x0(a5)
mem[R,0x0080000000000830] -> 0x8493
x14 <- 0xFFFFFFFFFFFF8493

mem[X,0x00800000000007E8] -> 0x0013
mem[X,0x00800000000007EA] -> 0x0000
[1966] [U]: 0x00800000000007E8 (0x00000013) addi zero, zero, 0x0

mem[X,0x00800000000007EC] -> 0x0013
mem[X,0x00800000000007EE] -> 0x0000
[1967] [U]: 0x00800000000007EC (0x00000013) addi zero, zero, 0x0

mem[X,0x00800000000007F0] -> 0xBC23
mem[X,0x00800000000007F2] -> 0x02E6
[1968] [U]: 0x00800000000007F0 (0x02E6BC23) sd a4, 0x38(a3)
mem[0x0080000000004250] <- 0xFFFFFFFFFFFF8493

mem[X,0x00800000000007F4] -> 0xA703
mem[X,0x00800000000007F6] -> 0x0007
[1969] [U]: 0x00800000000007F4 (0x0007A703) lw a4, 0x0(a5)
mem[R,0x0080000000000830] -> 0x00148493
x14 <- 0x0000000000148493

mem[X,0x00800000000007F8] -> 0x0013
mem[X,0x00800000000007FA] -> 0x0000
[1970] [U]: 0x00800000000007F8 (0x00000013) addi zero, zero, 0x0

mem[X,0x00800000000007FC] -> 0x0013
mem[X,0x00800000000007FE] -> 0x0000
[1971] [U]: 0x00800000000007FC (0x00000013) addi zero, zero, 0x0

mem[X,0x0080000000000800] -> 0xB703
mem[X,0x0080000000000802] -> 0x0007
[1972] [U]: 0x0080000000000800 (0x0007B703) ld a4, 0x0(a5)
mem[R,0x0080000000000830] -> 0x0000001300148493
x14 <- 0x0000001300148493

mem[X,0x0080000000000804] -> 0x0013
mem[X,0x0080000000000806] -> 0x0000
[1973] [U]: 0x0080000000000804 (0x00000013) addi zero, zero, 0x0

mem[X,0x0080000000000808] -> 0x0013
mem[X,0x008000000000080A] -> 0x0000
[1974] [U]: 0x0080000000000808 (0x00000013) addi zero, zero, 0x0

mem[X,0x008000000000080C] -> 0xB023
mem[X,0x008000000000080E] -> 0x04E6
[1975] [U]: 0x008000000000080C (0x04E6B023) sd a4, 0x40(a3)
mem[0x0080000000004258] <- 0x0000001300148493

mem[X,0x0080000000000810] -> 0x00EF
mem[X,0x0080000000000812] -> 0x0200
[1976] [U]: 0x0080000000000810 (0x020000EF) jal ra, 0x20
x1 <- 0x0080000000000814

mem[X,0x0080000000000830] -> 0x8493
mem[X,0x0080000000000832] -> 0x0014
[1977] [U]: 0x0080000000000830 (0x00148493) addi s1, s1, 0x1
x9 <- 0x0080000000000725

mem[X,0x0080000000000834] -> 0x0013
mem[X,0x0080000000000836] -> 0x0000
[1978] [U]: 0x0080000000000834 (0x00000013) addi zero, zero, 0x0

mem[X,0x0080000000000838] -> 0x0013
mem[X,0x008000000000083A] -> 0x0000
[1979] [U]: 0x0080000000000838 (0x00000013) addi zero, zero, 0x0

mem[X,0x008000000000083C] -> 0x0013
mem[X,0x008000000000083E] -> 0x0000
[1980] [U]: 0x008000000000083C (0x00000013) addi zero, zero, 0x0

mem[X,0x0080000000000840] -> 0x0013
mem[X,0x0080000000000842] -> 0x0000
[1981] [U]: 0x0080000000000840 (0x00000013) addi zero, zero, 0x0

mem[X,0x0080000000000844] -> 0x0013
mem[X,0x0080000000000846] -> 0x0000
[1982] [U]: 0x0080000000000844 (0x00000013) addi zero, zero, 0x0

mem[X,0x0080000000000848] -> 0x8067
mem[X,0x008000000000084A] -> 0x0000
[1983] [U]: 0x0080000000000848 (0x00008067) jalr zero, 0x0(ra)

mem[X,0x0080000000000814] -> 0x0013
mem[X,0x0080000000000816] -> 0x0000
[1984] [U]: 0x0080000000000814 (0x00000013) addi zero, zero, 0x0

mem[X,0x0080000000000818] -> 0x0013
mem[X,0x008000000000081A] -> 0x0000
[1985] [U]: 0x0080000000000818 (0x00000013) addi zero, zero, 0x0

mem[X,0x008000000000081C] -> 0x00EF
mem[X,0x008000000000081E] -> 0x0140
[1986] [U]: 0x008000000000081C (0x014000EF) jal ra, 0x14
x1 <- 0x0080000000000820

mem[X,0x0080000000000830] -> 0x8493
mem[X,0x0080000000000832] -> 0x0014
[1987] [U]: 0x0080000000000830 (0x00148493) addi s1, s1, 0x1
x9 <- 0x0080000000000726

mem[X,0x0080000000000834] -> 0x0013
mem[X,0x0080000000000836] -> 0x0000
[1988] [U]: 0x0080000000000834 (0x00000013) addi zero, zero, 0x0

mem[X,0x0080000000000838] -> 0x0013
mem[X,0x008000000000083A] -> 0x0000
[1989] [U]: 0x0080000000000838 (0x00000013) addi zero, zero, 0x0

mem[X,0x008000000000083C] -> 0x0013
mem[X,0x008000000000083E] -> 0x0000
[1990] [U]: 0x008000000000083C (0x00000013) addi zero, zero, 0x0

mem[X,0x0080000000000840] -> 0x0013
mem[X,0x0080000000000842] -> 0x0000
[1991] [U]: 0x0080000000000840 (0x00000013) addi zero, zero, 0x0

mem[X,0x0080000000000844] -> 0x0013
mem[X,0x0080000000000846] -> 0x0000
[1992] [U]: 0x0080000000000844 (0x00000013) addi zero, zero, 0x0

mem[X,0x0080000000000848] -> 0x8067
mem[X,0x008000000000084A] -> 0x0000
[1993] [U]: 0x0080000000000848 (0x00008067) jalr zero, 0x0(ra)

mem[X,0x0080000000000820] -> 0x006F
mem[X,0x0080000000000822] -> 0x02C0
[1994] [U]: 0x0080000000000820 (0x02C0006F) jal zero, 0x2c

mem[X,0x008000000000084C] -> 0x0113
mem[X,0x008000000000084E] -> 0x0000
[1995] [U]: 0x008000000000084C (0x00000113) addi sp, zero, 0x0
x2 <- 0x0000000000000000

mem[X,0x0080000000000850] -> 0x0073
mem[X,0x0080000000000852] -> 0x0000
[1996] [U]: 0x0080000000000850 (0x00000073) ecall
trapping from U to M to handle u-call
handling exc#0x08 at priv M with tval 0x0000000000000000
CSR mstatus <- 0x0000000A00000080

mem[X,0x0080000000000940] -> 0x006F
mem[X,0x0080000000000942] -> 0x1000
[1997] [M]: 0x0080000000000940 (0x1000006F) jal zero, 0x100

mem[X,0x0080000000000A40] -> 0x1173
mem[X,0x0080000000000A42] -> 0x3401
[1998] [M]: 0x0080000000000A40 (0x34011173) csrrw sp, mscratch, sp
CSR mscratch <- 0x0000000000000000 (input: 0x0000000000000000)
x2 <- 0x0080000000003000

mem[X,0x0080000000000A44] -> 0x3423
mem[X,0x0080000000000A46] -> 0x28B1
[1999] [M]: 0x0080000000000A44 (0x28B13423) sd a1, 0x288(sp)
mem[0x0080000000003288] <- 0x0000000000000000

clint::tick mtime <- 0x0000000000000014
 clint timer pending at mtime 0x0000000000000014
htif::tick 0x0000000000000000
mem[X,0x0080000000000A48] -> 0x05EF
mem[X,0x0080000000000A4A] -> 0x0B80
[2000] [M]: 0x0080000000000A48 (0x0B8005EF) jal a1, 0xb8
x11 <- 0x0080000000000A4C

mem[X,0x0080000000000B00] -> 0x3023
mem[X,0x0080000000000B02] -> 0x28A1
[2001] [M]: 0x0080000000000B00 (0x28A13023) sd a0, 0x280(sp)
mem[0x0080000000003280] <- 0x0000000000000001

mem[X,0x0080000000000B04] -> 0x1573
mem[X,0x0080000000000B06] -> 0x3401
[2002] [M]: 0x0080000000000B04 (0x34011573) csrrw a0, mscratch, sp
CSR mscratch <- 0x0080000000003000 (input: 0x0080000000003000)
x10 <- 0x0000000000000000

mem[X,0x0080000000000B08] -> 0x3823
mem[X,0x0080000000000B0A] -> 0x28A1
[2003] [M]: 0x0080000000000B08 (0x28A13823) sd a0, 0x290(sp)
mem[0x0080000000003290] <- 0x0000000000000000

mem[X,0x0080000000000B0C] -> 0x3503
mem[X,0x0080000000000B0E] -> 0x2301
[2004] [M]: 0x0080000000000B0C (0x23013503) ld a0, 0x230(sp)
mem[R,0x0080000000003230] -> 0x0080000000000B14
x10 <- 0x0080000000000B14

mem[X,0x0080000000000B10] -> 0x0067
mem[X,0x0080000000000B12] -> 0x0005
[2005] [M]: 0x0080000000000B10 (0x00050067) jalr zero, 0x0(a0)

mem[X,0x0080000000000B14] -> 0x3C23
mem[X,0x0080000000000B16] -> 0x2691
[2006] [M]: 0x0080000000000B14 (0x26913C23) sd s1, 0x278(sp)
mem[0x0080000000003278] <- 0x0080000000000726

mem[X,0x0080000000000B18] -> 0x3823
mem[X,0x0080000000000B1A] -> 0x2681
[2007] [M]: 0x0080000000000B18 (0x26813823) sd fp, 0x270(sp)
mem[0x0080000000003270] <- 0x0000000000007F76

mem[X,0x0080000000000B1C] -> 0x3423
mem[X,0x0080000000000B1E] -> 0x2671
[2008] [M]: 0x0080000000000B1C (0x26713423) sd t2, 0x268(sp)
mem[0x0080000000003268] <- 0x0080000000000724

mem[X,0x0080000000000B20] -> 0x3023
mem[X,0x0080000000000B22] -> 0x2661
[2009] [M]: 0x0080000000000B20 (0x26613023) sd t1, 0x260(sp)
mem[0x0080000000003260] <- 0x0000000000000010

mem[X,0x0080000000000B24] -> 0x2573
mem[X,0x0080000000000B26] -> 0x3420
[2010] [M]: 0x0080000000000B24 (0x34202573) csrrs a0, mcause, zero
CSR mcause -> 0x0000000000000008
x10 <- 0x0000000000000008

mem[X,0x0080000000000B28] -> 0x04B7
mem[X,0x0080000000000B2A] -> 0x8000
[2011] [M]: 0x0080000000000B28 (0x800004B7) lui s1, -0x80000
x9 <- 0xFFFFFFFF80000000

mem[X,0x0080000000000B2C] -> 0x8493
mem[X,0x0080000000000B2E] -> 0x0004
[2012] [M]: 0x0080000000000B2C (0x00048493) addi s1, s1, 0x0
x9 <- 0xFFFFFFFF80000000

mem[X,0x0080000000000B30] -> 0x9493
mem[X,0x0080000000000B32] -> 0x00B4
[2013] [M]: 0x0080000000000B30 (0x00B49493) slli s1, s1, 0xb
x9 <- 0xFFFFFC0000000000

mem[X,0x0080000000000B34] -> 0x8493
mem[X,0x0080000000000B36] -> 0x0004
[2014] [M]: 0x0080000000000B34 (0x00048493) addi s1, s1, 0x0
x9 <- 0xFFFFFC0000000000

mem[X,0x0080000000000B38] -> 0x9493
mem[X,0x0080000000000B3A] -> 0x00B4
[2015] [M]: 0x0080000000000B38 (0x00B49493) slli s1, s1, 0xb
x9 <- 0xFFE0000000000000

mem[X,0x0080000000000B3C] -> 0x8493
mem[X,0x0080000000000B3E] -> 0x0034
[2016] [M]: 0x0080000000000B3C (0x00348493) addi s1, s1, 0x3
x9 <- 0xFFE0000000000003

mem[X,0x0080000000000B40] -> 0x9493
mem[X,0x0080000000000B42] -> 0x00A4
[2017] [M]: 0x0080000000000B40 (0x00A49493) slli s1, s1, 0xa
x9 <- 0x8000000000000C00

mem[X,0x0080000000000B44] -> 0x8493
mem[X,0x0080000000000B46] -> 0x3FC4
[2018] [M]: 0x0080000000000B44 (0x3FC48493) addi s1, s1, 0x3fc
x9 <- 0x8000000000000FFC

mem[X,0x0080000000000B48] -> 0xF4B3
mem[X,0x0080000000000B4A] -> 0x00A4
[2019] [M]: 0x0080000000000B48 (0x00A4F4B3) and s1, s1, a0
x9 <- 0x0000000000000008

mem[X,0x0080000000000B4C] -> 0x8493
mem[X,0x0080000000000B4E] -> 0xFF84
[2020] [M]: 0x0080000000000B4C (0xFF848493) addi s1, s1, -0x8
x9 <- 0x0000000000000000

mem[X,0x0080000000000B50] -> 0x9663
mem[X,0x0080000000000B52] -> 0x0004
[2021] [M]: 0x0080000000000B50 (0x00049663) bne s1, zero, 0xc

mem[X,0x0080000000000B54] -> 0x3383
mem[X,0x0080000000000B56] -> 0x2901
[2022] [M]: 0x0080000000000B54 (0x29013383) ld t2, 0x290(sp)
mem[R,0x0080000000003290] -> 0x0000000000000000
x7 <- 0x0000000000000000

mem[X,0x0080000000000B58] -> 0x8663
mem[X,0x0080000000000B5A] -> 0x6A03
[2023] [M]: 0x0080000000000B58 (0x6A038663) beq t2, zero, 0x6ac

mem[X,0x0080000000001204] -> 0x0493
mem[X,0x0080000000001206] -> 0xFF55
[2024] [M]: 0x0080000000001204 (0xFF550493) addi s1, a0, -0xb
x9 <- 0xFFFFFFFFFFFFFFFD

mem[X,0x0080000000001208] -> 0x8C63
mem[X,0x008000000000120A] -> 0x0004
[2025] [M]: 0x0080000000001208 (0x00048C63) beq s1, zero, 0x18

mem[X,0x008000000000120C] -> 0x3583
mem[X,0x008000000000120E] -> 0x4701
[2026] [M]: 0x008000000000120C (0x47013583) ld a1, 0x470(sp)
mem[R,0x0080000000003470] -> 0x008000000000039C
x11 <- 0x008000000000039C

mem[X,0x0080000000001210] -> 0xD463
mem[X,0x0080000000001212] -> 0x0003
[2027] [M]: 0x0080000000001210 (0x0003D463) bge t2, zero, 0x8

mem[X,0x0080000000001218] -> 0x3483
mem[X,0x008000000000121A] -> 0x1D81
[2028] [M]: 0x0080000000001218 (0x1D813483) ld s1, 0x1d8(sp)
mem[R,0x00800000000031D8] -> 0x008000000000039C
x9 <- 0x008000000000039C

mem[X,0x008000000000121C] -> 0x84B3
mem[X,0x008000000000121E] -> 0x40B4
[2029] [M]: 0x008000000000121C (0x40B484B3) sub s1, s1, a1
x9 <- 0x0000000000000000

mem[X,0x0080000000001220] -> 0x23F3
mem[X,0x0080000000001222] -> 0x3410
[2030] [M]: 0x0080000000001220 (0x341023F3) csrrs t2, mepc, zero
CSR mepc -> 0x0080000000000850
x7 <- 0x0080000000000850

mem[X,0x0080000000001224] -> 0x83B3
mem[X,0x0080000000001226] -> 0x0093
[2031] [M]: 0x0080000000001224 (0x009383B3) add t2, t2, s1
x7 <- 0x0080000000000850

mem[X,0x0080000000001228] -> 0x3303
mem[X,0x008000000000122A] -> 0x2601
[2032] [M]: 0x0080000000001228 (0x26013303) ld t1, 0x260(sp)
mem[R,0x0080000000003260] -> 0x0000000000000010
x6 <- 0x0000000000000010

mem[X,0x008000000000122C] -> 0x3403
mem[X,0x008000000000122E] -> 0x2701
[2033] [M]: 0x008000000000122C (0x27013403) ld fp, 0x270(sp)
mem[R,0x0080000000003270] -> 0x0000000000007F76
x8 <- 0x0000000000007F76

mem[X,0x0080000000001230] -> 0x3483
mem[X,0x0080000000001232] -> 0x2781
[2034] [M]: 0x0080000000001230 (0x27813483) ld s1, 0x278(sp)
mem[R,0x0080000000003278] -> 0x0080000000000726
x9 <- 0x0080000000000726

mem[X,0x0080000000001234] -> 0x3503
mem[X,0x0080000000001236] -> 0x2801
[2035] [M]: 0x0080000000001234 (0x28013503) ld a0, 0x280(sp)
mem[R,0x0080000000003280] -> 0x0000000000000001
x10 <- 0x0000000000000001

mem[X,0x0080000000001238] -> 0x3583
mem[X,0x008000000000123A] -> 0x2881
[2036] [M]: 0x0080000000001238 (0x28813583) ld a1, 0x288(sp)
mem[R,0x0080000000003288] -> 0x0000000000000000
x11 <- 0x0000000000000000

mem[X,0x008000000000123C] -> 0x3103
mem[X,0x008000000000123E] -> 0x2901
[2037] [M]: 0x008000000000123C (0x29013103) ld sp, 0x290(sp)
mem[R,0x0080000000003290] -> 0x0000000000000000
x2 <- 0x0000000000000000

mem[X,0x0080000000001240] -> 0x8067
mem[X,0x0080000000001242] -> 0x0043
[2038] [M]: 0x0080000000001240 (0x00438067) jalr zero, 0x4(t2)

mem[X,0x0080000000000854] -> 0x2373
mem[X,0x0080000000000856] -> 0x3400
[2039] [M]: 0x0080000000000854 (0x34002373) csrrs t1, mscratch, zero
CSR mscratch -> 0x0080000000003000
x6 <- 0x0080000000003000

mem[X,0x0080000000000858] -> 0x0313
mem[X,0x008000000000085A] -> 0x2983
[2040] [M]: 0x0080000000000858 (0x29830313) addi t1, t1, 0x298
x6 <- 0x0080000000003298

mem[X,0x008000000000085C] -> 0x3383
mem[X,0x008000000000085E] -> 0x2383
[2041] [M]: 0x008000000000085C (0x23833383) ld t2, 0x238(t1)
mem[R,0x00800000000034D0] -> 0x0000000000000000
x7 <- 0x0000000000000000

mem[X,0x0080000000000860] -> 0x3383
mem[X,0x0080000000000862] -> 0x2203
[2042] [M]: 0x0080000000000860 (0x22033383) ld t2, 0x220(t1)
mem[R,0x00800000000034B8] -> 0x0000000000000000
x7 <- 0x0000000000000000

mem[X,0x0080000000000864] -> 0x9073
mem[X,0x0080000000000866] -> 0x1803
[2043] [M]: 0x0080000000000864 (0x18039073) csrrw zero, satp, t2
CSR satp <- 0x0000000000000000 (input: 0x0000000000000000)

mem[X,0x0080000000000868] -> 0x3503
mem[X,0x008000000000086A] -> 0x2503
[2044] [M]: 0x0080000000000868 (0x25033503) ld a0, 0x250(t1)
mem[R,0x00800000000034E8] -> 0x0000000000000000
x10 <- 0x0000000000000000

mem[X,0x008000000000086C] -> 0x1073
mem[X,0x008000000000086E] -> 0x1405
[2045] [M]: 0x008000000000086C (0x14051073) csrrw zero, sscratch, a0
CSR sscratch <- 0x0000000000000000 (input: 0x0000000000000000)

mem[X,0x0080000000000870] -> 0x3483
mem[X,0x0080000000000872] -> 0x2483
[2046] [M]: 0x0080000000000870 (0x24833483) ld s1, 0x248(t1)
mem[R,0x00800000000034E0] -> 0x0000000000000000
x9 <- 0x0000000000000000

mem[X,0x0080000000000874] -> 0x93F3
mem[X,0x0080000000000876] -> 0x1054
[2047] [M]: 0x0080000000000874 (0x105493F3) csrrw t2, stvec, s1
CSR stvec <- 0x0000000000000000 (input: 0x0000000000000000)
x7 <- 0x0080000000001280

mem[X,0x0080000000000878] -> 0xF493
mem[X,0x008000000000087A] -> 0xFFC4
[2048] [M]: 0x0080000000000878 (0xFFC4F493) andi s1, s1, -0x4
x9 <- 0x0000000000000000

mem[X,0x008000000000087C] -> 0xF393
mem[X,0x008000000000087E] -> 0xFFC3
[2049] [M]: 0x008000000000087C (0xFFC3F393) andi t2, t2, -0x4
x7 <- 0x0080000000001280

mem[X,0x0080000000000880] -> 0x9063
mem[X,0x0080000000000882] -> 0x0274
[2050] [M]: 0x0080000000000880 (0x02749063) bne s1, t2, 0x20

mem[X,0x00800000000008A0] -> 0x2373
mem[X,0x00800000000008A2] -> 0x3400
[2051] [M]: 0x00800000000008A0 (0x34002373) csrrs t1, mscratch, zero
CSR mscratch -> 0x0080000000003000
x6 <- 0x0080000000003000

mem[X,0x00800000000008A4] -> 0x3383
mem[X,0x00800000000008A6] -> 0x2383
[2052] [M]: 0x00800000000008A4 (0x23833383) ld t2, 0x238(t1)
mem[R,0x0080000000003238] -> 0x0000000000000000
x7 <- 0x0000000000000000

mem[X,0x00800000000008A8] -> 0x9073
mem[X,0x00800000000008AA] -> 0x3023
[2053] [M]: 0x00800000000008A8 (0x30239073) csrrw zero, medeleg, t2
CSR medeleg <- 0x0000000000000000 (input: 0x0000000000000000)

mem[X,0x00800000000008AC] -> 0x3503
mem[X,0x00800000000008AE] -> 0x2503
[2054] [M]: 0x00800000000008AC (0x25033503) ld a0, 0x250(t1)
mem[R,0x0080000000003250] -> 0x0000000000000000
x10 <- 0x0000000000000000

mem[X,0x00800000000008B0] -> 0x1073
mem[X,0x00800000000008B2] -> 0x3405
[2055] [M]: 0x00800000000008B0 (0x34051073) csrrw zero, mscratch, a0
CSR mscratch <- 0x0000000000000000 (input: 0x0000000000000000)

mem[X,0x00800000000008B4] -> 0x3483
mem[X,0x00800000000008B6] -> 0x2483
[2056] [M]: 0x00800000000008B4 (0x24833483) ld s1, 0x248(t1)
mem[R,0x0080000000003248] -> 0x0000000000000000
x9 <- 0x0000000000000000

mem[X,0x00800000000008B8] -> 0x93F3
mem[X,0x00800000000008BA] -> 0x3054
[2057] [M]: 0x00800000000008B8 (0x305493F3) csrrw t2, mtvec, s1
CSR mtvec <- 0x0000000000000000 (input: 0x0000000000000000)
x7 <- 0x0080000000000940

mem[X,0x00800000000008BC] -> 0xF493
mem[X,0x00800000000008BE] -> 0xFFC4
[2058] [M]: 0x00800000000008BC (0xFFC4F493) andi s1, s1, -0x4
x9 <- 0x0000000000000000

mem[X,0x00800000000008C0] -> 0xF393
mem[X,0x00800000000008C2] -> 0xFFC3
[2059] [M]: 0x00800000000008C0 (0xFFC3F393) andi t2, t2, -0x4
x7 <- 0x0080000000000940

mem[X,0x00800000000008C4] -> 0x9063
mem[X,0x00800000000008C6] -> 0x0274
[2060] [M]: 0x00800000000008C4 (0x02749063) bne s1, t2, 0x20

mem[X,0x00800000000008E4] -> 0x106F
mem[X,0x00800000000008E6] -> 0x2080
[2061] [M]: 0x00800000000008E4 (0x2080106F) jal zero, 0x1208

mem[X,0x0080000000001AEC] -> 0x0093
mem[X,0x0080000000001AEE] -> 0x0010
[2062] [M]: 0x0080000000001AEC (0x00100093) addi ra, zero, 0x1
x1 <- 0x0000000000000001

mem[X,0x0080000000001AF0] -> 0x0397
mem[X,0x0080000000001AF2] -> 0x0000
[2063] [M]: 0x0080000000001AF0 (0x00000397) auipc t2, 0x0
x7 <- 0x0080000000001AF0

mem[X,0x0080000000001AF4] -> 0xA823
mem[X,0x0080000000001AF6] -> 0x5013
[2064] [M]: 0x0080000000001AF4 (0x5013A823) sw ra, 0x510(t2)
htif[0x0080000000002000] <- 0x00000001

mem[X,0x0080000000001AF8] -> 0xF06F
mem[X,0x0080000000001AFA] -> 0xFF9F
[2065] [M]: 0x0080000000001AF8 (0xFF9FF06F) jal zero, -0x8

mem[X,0x0080000000001AF0] -> 0x0397
mem[X,0x0080000000001AF2] -> 0x0000
[2066] [M]: 0x0080000000001AF0 (0x00000397) auipc t2, 0x0
x7 <- 0x0080000000001AF0

mem[X,0x0080000000001AF4] -> 0xA823
mem[X,0x0080000000001AF6] -> 0x5013
[2067] [M]: 0x0080000000001AF4 (0x5013A823) sw ra, 0x510(t2)
htif[0x0080000000002000] <- 0x00000001

mem[X,0x0080000000001AF8] -> 0xF06F
mem[X,0x0080000000001AFA] -> 0xFF9F
[2068] [M]: 0x0080000000001AF8 (0xFF9FF06F) jal zero, -0x8

mem[X,0x0080000000001AF0] -> 0x0397
mem[X,0x0080000000001AF2] -> 0x0000
[2069] [M]: 0x0080000000001AF0 (0x00000397) auipc t2, 0x0
x7 <- 0x0080000000001AF0

mem[X,0x0080000000001AF4] -> 0xA823
mem[X,0x0080000000001AF6] -> 0x5013
[2070] [M]: 0x0080000000001AF4 (0x5013A823) sw ra, 0x510(t2)
htif[0x0080000000002000] <- 0x00000001
htif-syscall-proxy cmd: 0x000000000001

SUCCESS
