enabling storing illegal instruction bits in mtval.
PMP count: 16
PMP grain: 0
using /home/user/Work/New_Repo/riscv-arch-test-PR/riscof-plugins/rv32/riscof_work/src/mulh-01.S/Reference-sail_c_simulator.signature for test-signature output.
tohost located at 0x80004000
Running file ref.elf.
ELF Entry @ 0x80000000
begin_signature: 0x80006110
end_signature: 0x80006a3c
CSR mstatus <- 0x00000000 (input: 0x00000000)
mem[X,0x00001000] -> 0x0297
mem[X,0x00001002] -> 0x0000
[0] [M]: 0x00001000 (0x00000297) auipc t0, 0x0
x5 <- 0x00001000

mem[X,0x00001004] -> 0x8593
mem[X,0x00001006] -> 0x0202
[1] [M]: 0x00001004 (0x02028593) addi a1, t0, 0x20
x11 <- 0x00001020

mem[X,0x00001008] -> 0x2573
mem[X,0x0000100A] -> 0xF140
[2] [M]: 0x00001008 (0xF1402573) csrrs a0, mhartid, zero
CSR mhartid -> 0x00000000
x10 <- 0x00000000

mem[X,0x0000100C] -> 0xA283
mem[X,0x0000100E] -> 0x0182
[3] [M]: 0x0000100C (0x0182A283) lw t0, 0x18(t0)
mem[R,0x00001018] -> 0x80000000
x5 <- 0x80000000

mem[X,0x00001010] -> 0x8067
mem[X,0x00001012] -> 0x0002
[4] [M]: 0x00001010 (0x00028067) jalr zero, 0x0(t0)

mem[X,0x80000000] -> 0x0837
mem[X,0x80000002] -> 0x7D5C
[5] [M]: 0x80000000 (0x7D5C0837) lui a6, 0x7d5c0
x16 <- 0x7D5C0000

mem[X,0x80000004] -> 0x0813
mem[X,0x80000006] -> 0xDDB8
[6] [M]: 0x80000004 (0xDDB80813) addi a6, a6, -0x225
x16 <- 0x7D5BFDDB

mem[X,0x80000008] -> 0x5893
mem[X,0x8000000A] -> 0x0078
[7] [M]: 0x80000008 (0x00785893) srli a7, a6, 0x7
x17 <- 0x00FAB7FB

mem[X,0x8000000C] -> 0x5793
mem[X,0x8000000E] -> 0x0198
[8] [M]: 0x8000000C (0x01985793) srli a5, a6, 0x19
x15 <- 0x0000003E

mem[X,0x80000010] -> 0xE8B3
mem[X,0x80000012] -> 0x00F8
[9] [M]: 0x80000010 (0x00F8E8B3) or a7, a7, a5
x17 <- 0x00FAB7FF

mem[X,0x80000014] -> 0xD913
mem[X,0x80000016] -> 0x0078
[10] [M]: 0x80000014 (0x0078D913) srli s2, a7, 0x7
x18 <- 0x0001F56F

mem[X,0x80000018] -> 0xD793
mem[X,0x8000001A] -> 0x0198
[11] [M]: 0x80000018 (0x0198D793) srli a5, a7, 0x19
x15 <- 0x00000000

mem[X,0x8000001C] -> 0x6933
mem[X,0x8000001E] -> 0x00F9
[12] [M]: 0x8000001C (0x00F96933) or s2, s2, a5
x18 <- 0x0001F56F

mem[X,0x80000020] -> 0x5993
mem[X,0x80000022] -> 0x0079
[13] [M]: 0x80000020 (0x00795993) srli s3, s2, 0x7
x19 <- 0x000003EA

mem[X,0x80000024] -> 0x5793
mem[X,0x80000026] -> 0x0199
[14] [M]: 0x80000024 (0x01995793) srli a5, s2, 0x19
x15 <- 0x00000000

mem[X,0x80000028] -> 0xE9B3
mem[X,0x8000002A] -> 0x00F9
[15] [M]: 0x80000028 (0x00F9E9B3) or s3, s3, a5
x19 <- 0x000003EA

mem[X,0x8000002C] -> 0xDA13
mem[X,0x8000002E] -> 0x0079
[16] [M]: 0x8000002C (0x0079DA13) srli s4, s3, 0x7
x20 <- 0x00000007

mem[X,0x80000030] -> 0xD793
mem[X,0x80000032] -> 0x0199
[17] [M]: 0x80000030 (0x0199D793) srli a5, s3, 0x19
x15 <- 0x00000000

mem[X,0x80000034] -> 0x6A33
mem[X,0x80000036] -> 0x00FA
[18] [M]: 0x80000034 (0x00FA6A33) or s4, s4, a5
x20 <- 0x00000007

mem[X,0x80000038] -> 0x5A93
mem[X,0x8000003A] -> 0x007A
[19] [M]: 0x80000038 (0x007A5A93) srli s5, s4, 0x7
x21 <- 0x00000000

mem[X,0x8000003C] -> 0x5793
mem[X,0x8000003E] -> 0x019A
[20] [M]: 0x8000003C (0x019A5793) srli a5, s4, 0x19
x15 <- 0x00000000

mem[X,0x80000040] -> 0xEAB3
mem[X,0x80000042] -> 0x00FA
[21] [M]: 0x80000040 (0x00FAEAB3) or s5, s5, a5
x21 <- 0x00000000

mem[X,0x80000044] -> 0xDB13
mem[X,0x80000046] -> 0x007A
[22] [M]: 0x80000044 (0x007ADB13) srli s6, s5, 0x7
x22 <- 0x00000000

mem[X,0x80000048] -> 0xD793
mem[X,0x8000004A] -> 0x019A
[23] [M]: 0x80000048 (0x019AD793) srli a5, s5, 0x19
x15 <- 0x00000000

mem[X,0x8000004C] -> 0x6B33
mem[X,0x8000004E] -> 0x00FB
[24] [M]: 0x8000004C (0x00FB6B33) or s6, s6, a5
x22 <- 0x00000000

mem[X,0x80000050] -> 0x5B93
mem[X,0x80000052] -> 0x007B
[25] [M]: 0x80000050 (0x007B5B93) srli s7, s6, 0x7
x23 <- 0x00000000

mem[X,0x80000054] -> 0x5793
mem[X,0x80000056] -> 0x019B
[26] [M]: 0x80000054 (0x019B5793) srli a5, s6, 0x19
x15 <- 0x00000000

mem[X,0x80000058] -> 0xEBB3
mem[X,0x8000005A] -> 0x00FB
[27] [M]: 0x80000058 (0x00FBEBB3) or s7, s7, a5
x23 <- 0x00000000

mem[X,0x8000005C] -> 0xDC13
mem[X,0x8000005E] -> 0x007B
[28] [M]: 0x8000005C (0x007BDC13) srli s8, s7, 0x7
x24 <- 0x00000000

mem[X,0x80000060] -> 0xD793
mem[X,0x80000062] -> 0x019B
[29] [M]: 0x80000060 (0x019BD793) srli a5, s7, 0x19
x15 <- 0x00000000

mem[X,0x80000064] -> 0x6C33
mem[X,0x80000066] -> 0x00FC
[30] [M]: 0x80000064 (0x00FC6C33) or s8, s8, a5
x24 <- 0x00000000

mem[X,0x80000068] -> 0x5C93
mem[X,0x8000006A] -> 0x007C
[31] [M]: 0x80000068 (0x007C5C93) srli s9, s8, 0x7
x25 <- 0x00000000

mem[X,0x8000006C] -> 0x5793
mem[X,0x8000006E] -> 0x019C
[32] [M]: 0x8000006C (0x019C5793) srli a5, s8, 0x19
x15 <- 0x00000000

mem[X,0x80000070] -> 0xECB3
mem[X,0x80000072] -> 0x00FC
[33] [M]: 0x80000070 (0x00FCECB3) or s9, s9, a5
x25 <- 0x00000000

mem[X,0x80000074] -> 0xDD13
mem[X,0x80000076] -> 0x007C
[34] [M]: 0x80000074 (0x007CDD13) srli s10, s9, 0x7
x26 <- 0x00000000

mem[X,0x80000078] -> 0xD793
mem[X,0x8000007A] -> 0x019C
[35] [M]: 0x80000078 (0x019CD793) srli a5, s9, 0x19
x15 <- 0x00000000

mem[X,0x8000007C] -> 0x6D33
mem[X,0x8000007E] -> 0x00FD
[36] [M]: 0x8000007C (0x00FD6D33) or s10, s10, a5
x26 <- 0x00000000

mem[X,0x80000080] -> 0x5D93
mem[X,0x80000082] -> 0x007D
[37] [M]: 0x80000080 (0x007D5D93) srli s11, s10, 0x7
x27 <- 0x00000000

mem[X,0x80000084] -> 0x5793
mem[X,0x80000086] -> 0x019D
[38] [M]: 0x80000084 (0x019D5793) srli a5, s10, 0x19
x15 <- 0x00000000

mem[X,0x80000088] -> 0xEDB3
mem[X,0x8000008A] -> 0x00FD
[39] [M]: 0x80000088 (0x00FDEDB3) or s11, s11, a5
x27 <- 0x00000000

mem[X,0x8000008C] -> 0xDE13
mem[X,0x8000008E] -> 0x007D
[40] [M]: 0x8000008C (0x007DDE13) srli t3, s11, 0x7
x28 <- 0x00000000

mem[X,0x80000090] -> 0xD793
mem[X,0x80000092] -> 0x019D
[41] [M]: 0x80000090 (0x019DD793) srli a5, s11, 0x19
x15 <- 0x00000000

mem[X,0x80000094] -> 0x6E33
mem[X,0x80000096] -> 0x00FE
[42] [M]: 0x80000094 (0x00FE6E33) or t3, t3, a5
x28 <- 0x00000000

mem[X,0x80000098] -> 0x5E93
mem[X,0x8000009A] -> 0x007E
[43] [M]: 0x80000098 (0x007E5E93) srli t4, t3, 0x7
x29 <- 0x00000000

mem[X,0x8000009C] -> 0x5793
mem[X,0x8000009E] -> 0x019E
[44] [M]: 0x8000009C (0x019E5793) srli a5, t3, 0x19
x15 <- 0x00000000

mem[X,0x800000A0] -> 0xEEB3
mem[X,0x800000A2] -> 0x00FE
[45] [M]: 0x800000A0 (0x00FEEEB3) or t4, t4, a5
x29 <- 0x00000000

mem[X,0x800000A4] -> 0xDF13
mem[X,0x800000A6] -> 0x007E
[46] [M]: 0x800000A4 (0x007EDF13) srli t5, t4, 0x7
x30 <- 0x00000000

mem[X,0x800000A8] -> 0xD793
mem[X,0x800000AA] -> 0x019E
[47] [M]: 0x800000A8 (0x019ED793) srli a5, t4, 0x19
x15 <- 0x00000000

mem[X,0x800000AC] -> 0x6F33
mem[X,0x800000AE] -> 0x00FF
[48] [M]: 0x800000AC (0x00FF6F33) or t5, t5, a5
x30 <- 0x00000000

mem[X,0x800000B0] -> 0xC0B7
mem[X,0x800000B2] -> 0xFEED
[49] [M]: 0x800000B0 (0xFEEDC0B7) lui ra, -0x1124
x1 <- 0xFEEDC000

mem[X,0x800000B4] -> 0x8093
mem[X,0x800000B6] -> 0xEAD0
[50] [M]: 0x800000B4 (0xEAD08093) addi ra, ra, -0x153
x1 <- 0xFEEDBEAD

mem[X,0x800000B8] -> 0xD113
mem[X,0x800000BA] -> 0x0070
[51] [M]: 0x800000B8 (0x0070D113) srli sp, ra, 0x7
x2 <- 0x01FDDB7D

mem[X,0x800000BC] -> 0xD793
mem[X,0x800000BE] -> 0x0190
[52] [M]: 0x800000BC (0x0190D793) srli a5, ra, 0x19
x15 <- 0x0000007F

mem[X,0x800000C0] -> 0x6133
mem[X,0x800000C2] -> 0x00F1
[53] [M]: 0x800000C0 (0x00F16133) or sp, sp, a5
x2 <- 0x01FDDB7F

mem[X,0x800000C4] -> 0x5193
mem[X,0x800000C6] -> 0x0071
[54] [M]: 0x800000C4 (0x00715193) srli gp, sp, 0x7
x3 <- 0x0003FBB6

mem[X,0x800000C8] -> 0x5793
mem[X,0x800000CA] -> 0x0191
[55] [M]: 0x800000C8 (0x01915793) srli a5, sp, 0x19
x15 <- 0x00000000

mem[X,0x800000CC] -> 0xE1B3
mem[X,0x800000CE] -> 0x00F1
[56] [M]: 0x800000CC (0x00F1E1B3) or gp, gp, a5
x3 <- 0x0003FBB6

mem[X,0x800000D0] -> 0xD213
mem[X,0x800000D2] -> 0x0071
[57] [M]: 0x800000D0 (0x0071D213) srli tp, gp, 0x7
x4 <- 0x000007F7

mem[X,0x800000D4] -> 0xD793
mem[X,0x800000D6] -> 0x0191
[58] [M]: 0x800000D4 (0x0191D793) srli a5, gp, 0x19
x15 <- 0x00000000

mem[X,0x800000D8] -> 0x6233
mem[X,0x800000DA] -> 0x00F2
[59] [M]: 0x800000D8 (0x00F26233) or tp, tp, a5
x4 <- 0x000007F7

mem[X,0x800000DC] -> 0x5293
mem[X,0x800000DE] -> 0x0072
[60] [M]: 0x800000DC (0x00725293) srli t0, tp, 0x7
x5 <- 0x0000000F

mem[X,0x800000E0] -> 0x5793
mem[X,0x800000E2] -> 0x0192
[61] [M]: 0x800000E0 (0x01925793) srli a5, tp, 0x19
x15 <- 0x00000000

mem[X,0x800000E4] -> 0xE2B3
mem[X,0x800000E6] -> 0x00F2
[62] [M]: 0x800000E4 (0x00F2E2B3) or t0, t0, a5
x5 <- 0x0000000F

mem[X,0x800000E8] -> 0xD313
mem[X,0x800000EA] -> 0x0072
[63] [M]: 0x800000E8 (0x0072D313) srli t1, t0, 0x7
x6 <- 0x00000000

mem[X,0x800000EC] -> 0xD793
mem[X,0x800000EE] -> 0x0192
[64] [M]: 0x800000EC (0x0192D793) srli a5, t0, 0x19
x15 <- 0x00000000

mem[X,0x800000F0] -> 0x6333
mem[X,0x800000F2] -> 0x00F3
[65] [M]: 0x800000F0 (0x00F36333) or t1, t1, a5
x6 <- 0x00000000

mem[X,0x800000F4] -> 0x5393
mem[X,0x800000F6] -> 0x0073
[66] [M]: 0x800000F4 (0x00735393) srli t2, t1, 0x7
x7 <- 0x00000000

mem[X,0x800000F8] -> 0x5793
mem[X,0x800000FA] -> 0x0193
[67] [M]: 0x800000F8 (0x01935793) srli a5, t1, 0x19
x15 <- 0x00000000

mem[X,0x800000FC] -> 0xE3B3
mem[X,0x800000FE] -> 0x00F3
[68] [M]: 0x800000FC (0x00F3E3B3) or t2, t2, a5
x7 <- 0x00000000

mem[X,0x80000100] -> 0xD413
mem[X,0x80000102] -> 0x0073
[69] [M]: 0x80000100 (0x0073D413) srli fp, t2, 0x7
x8 <- 0x00000000

mem[X,0x80000104] -> 0xD793
mem[X,0x80000106] -> 0x0193
[70] [M]: 0x80000104 (0x0193D793) srli a5, t2, 0x19
x15 <- 0x00000000

mem[X,0x80000108] -> 0x6433
mem[X,0x8000010A] -> 0x00F4
[71] [M]: 0x80000108 (0x00F46433) or fp, fp, a5
x8 <- 0x00000000

mem[X,0x8000010C] -> 0x5493
mem[X,0x8000010E] -> 0x0074
[72] [M]: 0x8000010C (0x00745493) srli s1, fp, 0x7
x9 <- 0x00000000

mem[X,0x80000110] -> 0x5793
mem[X,0x80000112] -> 0x0194
[73] [M]: 0x80000110 (0x01945793) srli a5, fp, 0x19
x15 <- 0x00000000

mem[X,0x80000114] -> 0xE4B3
mem[X,0x80000116] -> 0x00F4
[74] [M]: 0x80000114 (0x00F4E4B3) or s1, s1, a5
x9 <- 0x00000000

mem[X,0x80000118] -> 0xD513
mem[X,0x8000011A] -> 0x0074
[75] [M]: 0x80000118 (0x0074D513) srli a0, s1, 0x7
x10 <- 0x00000000

mem[X,0x8000011C] -> 0xD793
mem[X,0x8000011E] -> 0x0194
[76] [M]: 0x8000011C (0x0194D793) srli a5, s1, 0x19
x15 <- 0x00000000

mem[X,0x80000120] -> 0x6533
mem[X,0x80000122] -> 0x00F5
[77] [M]: 0x80000120 (0x00F56533) or a0, a0, a5
x10 <- 0x00000000

mem[X,0x80000124] -> 0x5593
mem[X,0x80000126] -> 0x0075
[78] [M]: 0x80000124 (0x00755593) srli a1, a0, 0x7
x11 <- 0x00000000

mem[X,0x80000128] -> 0x5793
mem[X,0x8000012A] -> 0x0195
[79] [M]: 0x80000128 (0x01955793) srli a5, a0, 0x19
x15 <- 0x00000000

mem[X,0x8000012C] -> 0xE5B3
mem[X,0x8000012E] -> 0x00F5
[80] [M]: 0x8000012C (0x00F5E5B3) or a1, a1, a5
x11 <- 0x00000000

mem[X,0x80000130] -> 0xD613
mem[X,0x80000132] -> 0x0075
[81] [M]: 0x80000130 (0x0075D613) srli a2, a1, 0x7
x12 <- 0x00000000

mem[X,0x80000134] -> 0xD793
mem[X,0x80000136] -> 0x0195
[82] [M]: 0x80000134 (0x0195D793) srli a5, a1, 0x19
x15 <- 0x00000000

mem[X,0x80000138] -> 0x6633
mem[X,0x8000013A] -> 0x00F6
[83] [M]: 0x80000138 (0x00F66633) or a2, a2, a5
x12 <- 0x00000000

mem[X,0x8000013C] -> 0x5693
mem[X,0x8000013E] -> 0x0076
[84] [M]: 0x8000013C (0x00765693) srli a3, a2, 0x7
x13 <- 0x00000000

mem[X,0x80000140] -> 0x5793
mem[X,0x80000142] -> 0x0196
[85] [M]: 0x80000140 (0x01965793) srli a5, a2, 0x19
x15 <- 0x00000000

mem[X,0x80000144] -> 0xE6B3
mem[X,0x80000146] -> 0x00F6
[86] [M]: 0x80000144 (0x00F6E6B3) or a3, a3, a5
x13 <- 0x00000000

mem[X,0x80000148] -> 0x0013
mem[X,0x8000014A] -> 0x0000
[87] [M]: 0x80000148 (0x00000013) addi zero, zero, 0x0

mem[X,0x8000014C] -> 0x0013
mem[X,0x8000014E] -> 0x0000
[88] [M]: 0x8000014C (0x00000013) addi zero, zero, 0x0

mem[X,0x80000150] -> 0x0013
mem[X,0x80000152] -> 0x0000
[89] [M]: 0x80000150 (0x00000013) addi zero, zero, 0x0

mem[X,0x80000154] -> 0x0013
mem[X,0x80000156] -> 0x0000
[90] [M]: 0x80000154 (0x00000013) addi zero, zero, 0x0

mem[X,0x80000158] -> 0x0013
mem[X,0x8000015A] -> 0x0000
[91] [M]: 0x80000158 (0x00000013) addi zero, zero, 0x0

mem[X,0x8000015C] -> 0x0013
mem[X,0x8000015E] -> 0x0000
[92] [M]: 0x8000015C (0x00000013) addi zero, zero, 0x0

mem[X,0x80000160] -> 0x6217
mem[X,0x80000162] -> 0x0000
[93] [M]: 0x80000160 (0x00006217) auipc tp, 0x6
x4 <- 0x80006160

mem[X,0x80000164] -> 0x0213
mem[X,0x80000166] -> 0xFB42
[94] [M]: 0x80000164 (0xFB420213) addi tp, tp, -0x4c
x4 <- 0x80006114

mem[X,0x80000168] -> 0x0013
mem[X,0x8000016A] -> 0x0000
[95] [M]: 0x80000168 (0x00000013) addi zero, zero, 0x0

mem[X,0x8000016C] -> 0x0013
mem[X,0x8000016E] -> 0x0000
[96] [M]: 0x8000016C (0x00000013) addi zero, zero, 0x0

mem[X,0x80000170] -> 0x0013
mem[X,0x80000172] -> 0x0000
[97] [M]: 0x80000170 (0x00000013) addi zero, zero, 0x0

mem[X,0x80000174] -> 0x0013
mem[X,0x80000176] -> 0x0000
[98] [M]: 0x80000174 (0x00000013) addi zero, zero, 0x0

mem[X,0x80000178] -> 0x0013
mem[X,0x8000017A] -> 0x0000
[99] [M]: 0x80000178 (0x00000013) addi zero, zero, 0x0

clint::tick mtime <- 0x0000000000000001
 clint timer pending at mtime 0x0000000000000001
htif::tick 0x0000000000000000
mem[X,0x8000017C] -> 0x0013
mem[X,0x8000017E] -> 0x0000
[100] [M]: 0x8000017C (0x00000013) addi zero, zero, 0x0

mem[X,0x80000180] -> 0xB7B7
mem[X,0x80000182] -> 0x0000
[101] [M]: 0x80000180 (0x0000B7B7) lui a5, 0xb
x15 <- 0x0000B000

mem[X,0x80000184] -> 0x8793
mem[X,0x80000186] -> 0x5047
[102] [M]: 0x80000184 (0x50478793) addi a5, a5, 0x504
x15 <- 0x0000B504

mem[X,0x80000188] -> 0x0AB7
mem[X,0x8000018A] -> 0x0800
[103] [M]: 0x80000188 (0x08000AB7) lui s5, 0x8000
x21 <- 0x08000000

mem[X,0x8000018C] -> 0x97B3
mem[X,0x8000018E] -> 0x0357
[104] [M]: 0x8000018C (0x035797B3) mulh a5, a5, s5
x15 <- 0x000005A8

mem[X,0x80000190] -> 0x2023
mem[X,0x80000192] -> 0x00F2
[105] [M]: 0x80000190 (0x00F22023) sw a5, 0x0(tp)
mem[0x80006114] <- 0x000005A8

mem[X,0x80000194] -> 0x30B7
mem[X,0x80000196] -> 0x3333
[106] [M]: 0x80000194 (0x333330B7) lui ra, 0x33333
x1 <- 0x33333000

mem[X,0x80000198] -> 0x8093
mem[X,0x8000019A] -> 0x3320
[107] [M]: 0x80000198 (0x33208093) addi ra, ra, 0x332
x1 <- 0x33333332

mem[X,0x8000019C] -> 0x30B7
mem[X,0x8000019E] -> 0x3333
[108] [M]: 0x8000019C (0x333330B7) lui ra, 0x33333
x1 <- 0x33333000

mem[X,0x800001A0] -> 0x8093
mem[X,0x800001A2] -> 0x3320
[109] [M]: 0x800001A0 (0x33208093) addi ra, ra, 0x332
x1 <- 0x33333332

mem[X,0x800001A4] -> 0x93B3
mem[X,0x800001A6] -> 0x0210
[110] [M]: 0x800001A4 (0x021093B3) mulh t2, ra, ra
x7 <- 0x0A3D70A3

mem[X,0x800001A8] -> 0x2223
mem[X,0x800001AA] -> 0x0072
[111] [M]: 0x800001A8 (0x00722223) sw t2, 0x4(tp)
mem[0x80006118] <- 0x0A3D70A3

mem[X,0x800001AC] -> 0x83B7
mem[X,0x800001AE] -> 0xFFFF
[112] [M]: 0x800001AC (0xFFFF83B7) lui t2, -0x8
x7 <- 0xFFFF8000

mem[X,0x800001B0] -> 0x8393
mem[X,0x800001B2] -> 0xFFF3
[113] [M]: 0x800001B0 (0xFFF38393) addi t2, t2, -0x1
x7 <- 0xFFFF7FFF

mem[X,0x800001B4] -> 0xF337
mem[X,0x800001B6] -> 0xFFFF
[114] [M]: 0x800001B4 (0xFFFFF337) lui t1, -0x1
x6 <- 0xFFFFF000

mem[X,0x800001B8] -> 0x0313
mem[X,0x800001BA] -> 0x7FF3
[115] [M]: 0x800001B8 (0x7FF30313) addi t1, t1, 0x7ff
x6 <- 0xFFFFF7FF

mem[X,0x800001BC] -> 0x9333
mem[X,0x800001BE] -> 0x0263
[116] [M]: 0x800001BC (0x02639333) mulh t1, t2, t1
x6 <- 0x00000000

mem[X,0x800001C0] -> 0x2423
mem[X,0x800001C2] -> 0x0062
[117] [M]: 0x800001C0 (0x00622423) sw t1, 0x8(tp)
mem[0x8000611C] <- 0x00000000

mem[X,0x800001C4] -> 0x5DB7
mem[X,0x800001C6] -> 0xFFFF
[118] [M]: 0x800001C4 (0xFFFF5DB7) lui s11, -0xb
x27 <- 0xFFFF5000

mem[X,0x800001C8] -> 0x8D93
mem[X,0x800001CA] -> 0xAFDD
[119] [M]: 0x800001C8 (0xAFDD8D93) addi s11, s11, -0x503
x27 <- 0xFFFF4AFD

mem[X,0x800001CC] -> 0x0813
mem[X,0x800001CE] -> 0x0400
[120] [M]: 0x800001CC (0x04000813) addi a6, zero, 0x40
x16 <- 0x00000040

mem[X,0x800001D0] -> 0x92B3
mem[X,0x800001D2] -> 0x030D
[121] [M]: 0x800001D0 (0x030D92B3) mulh t0, s11, a6
x5 <- 0xFFFFFFFF

mem[X,0x800001D4] -> 0x2623
mem[X,0x800001D6] -> 0x0052
[122] [M]: 0x800001D4 (0x00522623) sw t0, 0xc(tp)
mem[0x80006120] <- 0xFFFFFFFF

mem[X,0x800001D8] -> 0x0D13
mem[X,0x800001DA] -> 0x0070
[123] [M]: 0x800001D8 (0x00700D13) addi s10, zero, 0x7
x26 <- 0x00000007

mem[X,0x800001DC] -> 0x0D13
mem[X,0x800001DE] -> 0x0070
[124] [M]: 0x800001DC (0x00700D13) addi s10, zero, 0x7
x26 <- 0x00000007

mem[X,0x800001E0] -> 0x1D33
mem[X,0x800001E2] -> 0x03AD
[125] [M]: 0x800001E0 (0x03AD1D33) mulh s10, s10, s10
x26 <- 0x00000000

mem[X,0x800001E4] -> 0x2823
mem[X,0x800001E6] -> 0x01A2
[126] [M]: 0x800001E4 (0x01A22823) sw s10, 0x10(tp)
mem[0x80006124] <- 0x00000000

mem[X,0x800001E8] -> 0x5C37
mem[X,0x800001EA] -> 0xFFFF
[127] [M]: 0x800001E8 (0xFFFF5C37) lui s8, -0xb
x24 <- 0xFFFF5000

mem[X,0x800001EC] -> 0x0C13
mem[X,0x800001EE] -> 0xAFDC
[128] [M]: 0x800001EC (0xAFDC0C13) addi s8, s8, -0x503
x24 <- 0xFFFF4AFD

mem[X,0x800001F0] -> 0x03B7
mem[X,0x800001F2] -> 0x8000
[129] [M]: 0x800001F0 (0x800003B7) lui t2, -0x80000
x7 <- 0x80000000

mem[X,0x800001F4] -> 0x1533
mem[X,0x800001F6] -> 0x027C
[130] [M]: 0x800001F4 (0x027C1533) mulh a0, s8, t2
x10 <- 0x00005A81

mem[X,0x800001F8] -> 0x2A23
mem[X,0x800001FA] -> 0x00A2
[131] [M]: 0x800001F8 (0x00A22A23) sw a0, 0x14(tp)
mem[0x80006128] <- 0x00005A81

mem[X,0x800001FC] -> 0xEF37
mem[X,0x800001FE] -> 0xFFFF
[132] [M]: 0x800001FC (0xFFFFEF37) lui t5, -0x2
x30 <- 0xFFFFE000

mem[X,0x80000200] -> 0x0F13
mem[X,0x80000202] -> 0xFFFF
[133] [M]: 0x80000200 (0xFFFF0F13) addi t5, t5, -0x1
x30 <- 0xFFFFDFFF

mem[X,0x80000204] -> 0x0113
mem[X,0x80000206] -> 0x0000
[134] [M]: 0x80000204 (0x00000113) addi sp, zero, 0x0
x2 <- 0x00000000

mem[X,0x80000208] -> 0x1433
mem[X,0x8000020A] -> 0x022F
[135] [M]: 0x80000208 (0x022F1433) mulh fp, t5, sp
x8 <- 0x00000000

mem[X,0x8000020C] -> 0x2C23
mem[X,0x8000020E] -> 0x0082
[136] [M]: 0x8000020C (0x00822C23) sw fp, 0x18(tp)
mem[0x8000612C] <- 0x00000000

mem[X,0x80000210] -> 0x0013
mem[X,0x80000212] -> 0x0000
[137] [M]: 0x80000210 (0x00000013) addi zero, zero, 0x0

mem[X,0x80000214] -> 0x05B7
mem[X,0x80000216] -> 0x8000
[138] [M]: 0x80000214 (0x800005B7) lui a1, -0x80000
x11 <- 0x80000000

mem[X,0x80000218] -> 0x8593
mem[X,0x8000021A] -> 0xFFF5
[139] [M]: 0x80000218 (0xFFF58593) addi a1, a1, -0x1
x11 <- 0x7FFFFFFF

mem[X,0x8000021C] -> 0x19B3
mem[X,0x8000021E] -> 0x02B0
[140] [M]: 0x8000021C (0x02B019B3) mulh s3, zero, a1
x19 <- 0x00000000

mem[X,0x80000220] -> 0x2E23
mem[X,0x80000222] -> 0x0132
[141] [M]: 0x80000220 (0x01322E23) sw s3, 0x1c(tp)
mem[0x80006130] <- 0x00000000

mem[X,0x80000224] -> 0x2AB7
mem[X,0x80000226] -> 0x0000
[142] [M]: 0x80000224 (0x00002AB7) lui s5, 0x2
x21 <- 0x00002000

mem[X,0x80000228] -> 0x0893
mem[X,0x8000022A] -> 0x0010
[143] [M]: 0x80000228 (0x00100893) addi a7, zero, 0x1
x17 <- 0x00000001

mem[X,0x8000022C] -> 0x9C33
mem[X,0x8000022E] -> 0x031A
[144] [M]: 0x8000022C (0x031A9C33) mulh s8, s5, a7
x24 <- 0x00000000

mem[X,0x80000230] -> 0x2023
mem[X,0x80000232] -> 0x0382
[145] [M]: 0x80000230 (0x03822023) sw s8, 0x20(tp)
mem[0x80006134] <- 0x00000000

mem[X,0x80000234] -> 0x0BB7
mem[X,0x80000236] -> 0x8000
[146] [M]: 0x80000234 (0x80000BB7) lui s7, -0x80000
x23 <- 0x80000000

mem[X,0x80000238] -> 0x0493
mem[X,0x8000023A] -> 0xFFC0
[147] [M]: 0x80000238 (0xFFC00493) addi s1, zero, -0x4
x9 <- 0xFFFFFFFC

mem[X,0x8000023C] -> 0x9EB3
mem[X,0x8000023E] -> 0x029B
[148] [M]: 0x8000023C (0x029B9EB3) mulh t4, s7, s1
x29 <- 0x00000002

mem[X,0x80000240] -> 0x2223
mem[X,0x80000242] -> 0x03D2
[149] [M]: 0x80000240 (0x03D22223) sw t4, 0x24(tp)
mem[0x80006138] <- 0x00000002

mem[X,0x80000244] -> 0x0B13
mem[X,0x80000246] -> 0x0000
[150] [M]: 0x80000244 (0x00000B13) addi s6, zero, 0x0
x22 <- 0x00000000

mem[X,0x80000248] -> 0x0193
mem[X,0x8000024A] -> 0x0070
[151] [M]: 0x80000248 (0x00700193) addi gp, zero, 0x7
x3 <- 0x00000007

mem[X,0x8000024C] -> 0x1DB3
mem[X,0x8000024E] -> 0x023B
[152] [M]: 0x8000024C (0x023B1DB3) mulh s11, s6, gp
x27 <- 0x00000000

mem[X,0x80000250] -> 0x2423
mem[X,0x80000252] -> 0x03B2
[153] [M]: 0x80000250 (0x03B22423) sw s11, 0x28(tp)
mem[0x8000613C] <- 0x00000000

mem[X,0x80000254] -> 0x0137
mem[X,0x80000256] -> 0x8000
[154] [M]: 0x80000254 (0x80000137) lui sp, -0x80000
x2 <- 0x80000000

mem[X,0x80000258] -> 0x0113
mem[X,0x8000025A] -> 0xFFF1
[155] [M]: 0x80000258 (0xFFF10113) addi sp, sp, -0x1
x2 <- 0x7FFFFFFF

mem[X,0x8000025C] -> 0x0B13
mem[X,0x8000025E] -> 0x0060
[156] [M]: 0x8000025C (0x00600B13) addi s6, zero, 0x6
x22 <- 0x00000006

mem[X,0x80000260] -> 0x1E33
mem[X,0x80000262] -> 0x0361
[157] [M]: 0x80000260 (0x03611E33) mulh t3, sp, s6
x28 <- 0x00000002

mem[X,0x80000264] -> 0x2623
mem[X,0x80000266] -> 0x03C2
[158] [M]: 0x80000264 (0x03C22623) sw t3, 0x2c(tp)
mem[0x80006140] <- 0x00000002

mem[X,0x80000268] -> 0x0E13
mem[X,0x8000026A] -> 0x0010
[159] [M]: 0x80000268 (0x00100E13) addi t3, zero, 0x1
x28 <- 0x00000001

mem[X,0x8000026C] -> 0x5EB7
mem[X,0x8000026E] -> 0x5555
[160] [M]: 0x8000026C (0x55555EB7) lui t4, 0x55555
x29 <- 0x55555000

mem[X,0x80000270] -> 0x8E93
mem[X,0x80000272] -> 0x555E
[161] [M]: 0x80000270 (0x555E8E93) addi t4, t4, 0x555
x29 <- 0x55555555

mem[X,0x80000274] -> 0x1BB3
mem[X,0x80000276] -> 0x03DE
[162] [M]: 0x80000274 (0x03DE1BB3) mulh s7, t3, t4
x23 <- 0x00000000

mem[X,0x80000278] -> 0x2823
mem[X,0x8000027A] -> 0x0372
[163] [M]: 0x80000278 (0x03722823) sw s7, 0x30(tp)
mem[0x80006144] <- 0x00000000

mem[X,0x8000027C] -> 0x66B7
mem[X,0x8000027E] -> 0x6666
[164] [M]: 0x8000027C (0x666666B7) lui a3, 0x66666
x13 <- 0x66666000

mem[X,0x80000280] -> 0x8693
mem[X,0x80000282] -> 0x6676
[165] [M]: 0x80000280 (0x66768693) addi a3, a3, 0x667
x13 <- 0x66666667

mem[X,0x80000284] -> 0x0993
mem[X,0x80000286] -> 0x0020
[166] [M]: 0x80000284 (0x00200993) addi s3, zero, 0x2
x19 <- 0x00000002

mem[X,0x80000288] -> 0x9A33
mem[X,0x8000028A] -> 0x0336
[167] [M]: 0x80000288 (0x03369A33) mulh s4, a3, s3
x20 <- 0x00000000

mem[X,0x8000028C] -> 0x2A23
mem[X,0x8000028E] -> 0x0342
[168] [M]: 0x8000028C (0x03422A23) sw s4, 0x34(tp)
mem[0x80006148] <- 0x00000000

mem[X,0x80000290] -> 0x0293
mem[X,0x80000292] -> 0x0000
[169] [M]: 0x80000290 (0x00000293) addi t0, zero, 0x0
x5 <- 0x00000000

mem[X,0x80000294] -> 0x0613
mem[X,0x80000296] -> 0x0040
[170] [M]: 0x80000294 (0x00400613) addi a2, zero, 0x4
x12 <- 0x00000004

mem[X,0x80000298] -> 0x9B33
mem[X,0x8000029A] -> 0x02C2
[171] [M]: 0x80000298 (0x02C29B33) mulh s6, t0, a2
x22 <- 0x00000000

mem[X,0x8000029C] -> 0x2C23
mem[X,0x8000029E] -> 0x0362
[172] [M]: 0x8000029C (0x03622C23) sw s6, 0x38(tp)
mem[0x8000614C] <- 0x00000000

mem[X,0x800002A0] -> 0x0513
mem[X,0x800002A2] -> 0x0040
[173] [M]: 0x800002A0 (0x00400513) addi a0, zero, 0x4
x10 <- 0x00000004

mem[X,0x800002A4] -> 0x0913
mem[X,0x800002A6] -> 0x0080
[174] [M]: 0x800002A4 (0x00800913) addi s2, zero, 0x8
x18 <- 0x00000008

mem[X,0x800002A8] -> 0x1CB3
mem[X,0x800002AA] -> 0x0325
[175] [M]: 0x800002A8 (0x03251CB3) mulh s9, a0, s2
x25 <- 0x00000000

mem[X,0x800002AC] -> 0x2E23
mem[X,0x800002AE] -> 0x0392
[176] [M]: 0x800002AC (0x03922E23) sw s9, 0x3c(tp)
mem[0x80006150] <- 0x00000000

mem[X,0x800002B0] -> 0x0013
mem[X,0x800002B2] -> 0x0000
[177] [M]: 0x800002B0 (0x00000013) addi zero, zero, 0x0

mem[X,0x800002B4] -> 0x0013
mem[X,0x800002B6] -> 0x0000
[178] [M]: 0x800002B4 (0x00000013) addi zero, zero, 0x0

mem[X,0x800002B8] -> 0x0013
mem[X,0x800002BA] -> 0x0000
[179] [M]: 0x800002B8 (0x00000013) addi zero, zero, 0x0

mem[X,0x800002BC] -> 0x0013
mem[X,0x800002BE] -> 0x0000
[180] [M]: 0x800002BC (0x00000013) addi zero, zero, 0x0

mem[X,0x800002C0] -> 0x6397
mem[X,0x800002C2] -> 0x0000
[181] [M]: 0x800002C0 (0x00006397) auipc t2, 0x6
x7 <- 0x800062C0

mem[X,0x800002C4] -> 0x8393
mem[X,0x800002C6] -> 0xE943
[182] [M]: 0x800002C4 (0xE9438393) addi t2, t2, -0x16c
x7 <- 0x80006154

mem[X,0x800002C8] -> 0x0013
mem[X,0x800002CA] -> 0x0000
[183] [M]: 0x800002C8 (0x00000013) addi zero, zero, 0x0

mem[X,0x800002CC] -> 0x0013
mem[X,0x800002CE] -> 0x0000
[184] [M]: 0x800002CC (0x00000013) addi zero, zero, 0x0

mem[X,0x800002D0] -> 0x0013
mem[X,0x800002D2] -> 0x0000
[185] [M]: 0x800002D0 (0x00000013) addi zero, zero, 0x0

mem[X,0x800002D4] -> 0x0013
mem[X,0x800002D6] -> 0x0000
[186] [M]: 0x800002D4 (0x00000013) addi zero, zero, 0x0

mem[X,0x800002D8] -> 0x0013
mem[X,0x800002DA] -> 0x0000
[187] [M]: 0x800002D8 (0x00000013) addi zero, zero, 0x0

mem[X,0x800002DC] -> 0x0013
mem[X,0x800002DE] -> 0x0000
[188] [M]: 0x800002DC (0x00000013) addi zero, zero, 0x0

mem[X,0x800002E0] -> 0x0C93
mem[X,0x800002E2] -> 0xFEF0
[189] [M]: 0x800002E0 (0xFEF00C93) addi s9, zero, -0x11
x25 <- 0xFFFFFFEF

mem[X,0x800002E4] -> 0x0793
mem[X,0x800002E6] -> 0x0100
[190] [M]: 0x800002E4 (0x01000793) addi a5, zero, 0x10
x15 <- 0x00000010

mem[X,0x800002E8] -> 0x94B3
mem[X,0x800002EA] -> 0x02FC
[191] [M]: 0x800002E8 (0x02FC94B3) mulh s1, s9, a5
x9 <- 0xFFFFFFFF

mem[X,0x800002EC] -> 0xA023
mem[X,0x800002EE] -> 0x0093
[192] [M]: 0x800002EC (0x0093A023) sw s1, 0x0(t2)
mem[0x80006154] <- 0xFFFFFFFF

mem[X,0x800002F0] -> 0x0813
mem[X,0x800002F2] -> 0x0050
[193] [M]: 0x800002F0 (0x00500813) addi a6, zero, 0x5
x16 <- 0x00000005

mem[X,0x800002F4] -> 0x0E13
mem[X,0x800002F6] -> 0x0200
[194] [M]: 0x800002F4 (0x02000E13) addi t3, zero, 0x20
x28 <- 0x00000020

mem[X,0x800002F8] -> 0x1133
mem[X,0x800002FA] -> 0x03C8
[195] [M]: 0x800002F8 (0x03C81133) mulh sp, a6, t3
x2 <- 0x00000000

mem[X,0x800002FC] -> 0xA223
mem[X,0x800002FE] -> 0x0023
[196] [M]: 0x800002FC (0x0023A223) sw sp, 0x4(t2)
mem[0x80006158] <- 0x00000000

mem[X,0x80000300] -> 0x04B7
mem[X,0x80000302] -> 0x0004
[197] [M]: 0x80000300 (0x000404B7) lui s1, 0x40
x9 <- 0x00040000

mem[X,0x80000304] -> 0x0513
mem[X,0x80000306] -> 0x0800
[198] [M]: 0x80000304 (0x08000513) addi a0, zero, 0x80
x10 <- 0x00000080

mem[X,0x80000308] -> 0x90B3
mem[X,0x8000030A] -> 0x02A4
[199] [M]: 0x80000308 (0x02A490B3) mulh ra, s1, a0
x1 <- 0x00000000

clint::tick mtime <- 0x0000000000000002
 clint timer pending at mtime 0x0000000000000002
htif::tick 0x0000000000000000
mem[X,0x8000030C] -> 0xA423
mem[X,0x8000030E] -> 0x0013
[200] [M]: 0x8000030C (0x0013A423) sw ra, 0x8(t2)
mem[0x8000615C] <- 0x00000000

mem[X,0x80000310] -> 0x0A37
mem[X,0x80000312] -> 0xE000
[201] [M]: 0x80000310 (0xE0000A37) lui s4, -0x20000
x20 <- 0xE0000000

mem[X,0x80000314] -> 0x0A13
mem[X,0x80000316] -> 0xFFFA
[202] [M]: 0x80000314 (0xFFFA0A13) addi s4, s4, -0x1
x20 <- 0xDFFFFFFF

mem[X,0x80000318] -> 0x0293
mem[X,0x8000031A] -> 0x1000
[203] [M]: 0x80000318 (0x10000293) addi t0, zero, 0x100
x5 <- 0x00000100

mem[X,0x8000031C] -> 0x15B3
mem[X,0x8000031E] -> 0x025A
[204] [M]: 0x8000031C (0x025A15B3) mulh a1, s4, t0
x11 <- 0xFFFFFFDF

mem[X,0x80000320] -> 0xA623
mem[X,0x80000322] -> 0x00B3
[205] [M]: 0x80000320 (0x00B3A623) sw a1, 0xc(t2)
mem[0x80006160] <- 0xFFFFFFDF

mem[X,0x80000324] -> 0x5337
mem[X,0x80000326] -> 0x5555
[206] [M]: 0x80000324 (0x55555337) lui t1, 0x55555
x6 <- 0x55555000

mem[X,0x80000328] -> 0x0313
mem[X,0x8000032A] -> 0x5543
[207] [M]: 0x80000328 (0x55430313) addi t1, t1, 0x554
x6 <- 0x55555554

mem[X,0x8000032C] -> 0x0A13
mem[X,0x8000032E] -> 0x2000
[208] [M]: 0x8000032C (0x20000A13) addi s4, zero, 0x200
x20 <- 0x00000200

mem[X,0x80000330] -> 0x16B3
mem[X,0x80000332] -> 0x0343
[209] [M]: 0x80000330 (0x034316B3) mulh a3, t1, s4
x13 <- 0x000000AA

mem[X,0x80000334] -> 0xA823
mem[X,0x80000336] -> 0x00D3
[210] [M]: 0x80000334 (0x00D3A823) sw a3, 0x10(t2)
mem[0x80006164] <- 0x000000AA

mem[X,0x80000338] -> 0x09B7
mem[X,0x8000033A] -> 0xC000
[211] [M]: 0x80000338 (0xC00009B7) lui s3, -0x40000
x19 <- 0xC0000000

mem[X,0x8000033C] -> 0x8993
mem[X,0x8000033E] -> 0xFFF9
[212] [M]: 0x8000033C (0xFFF98993) addi s3, s3, -0x1
x19 <- 0xBFFFFFFF

mem[X,0x80000340] -> 0x0C93
mem[X,0x80000342] -> 0x4000
[213] [M]: 0x80000340 (0x40000C93) addi s9, zero, 0x400
x25 <- 0x00000400

mem[X,0x80000344] -> 0x9633
mem[X,0x80000346] -> 0x0399
[214] [M]: 0x80000344 (0x03999633) mulh a2, s3, s9
x12 <- 0xFFFFFEFF

mem[X,0x80000348] -> 0xAA23
mem[X,0x8000034A] -> 0x00C3
[215] [M]: 0x80000348 (0x00C3AA23) sw a2, 0x14(t2)
mem[0x80006168] <- 0xFFFFFEFF

mem[X,0x8000034C] -> 0x5237
mem[X,0x8000034E] -> 0xFFFF
[216] [M]: 0x8000034C (0xFFFF5237) lui tp, -0xb
x4 <- 0xFFFF5000

mem[X,0x80000350] -> 0x0213
mem[X,0x80000352] -> 0xAFC2
[217] [M]: 0x80000350 (0xAFC20213) addi tp, tp, -0x504
x4 <- 0xFFFF4AFC

mem[X,0x80000354] -> 0x1DB7
mem[X,0x80000356] -> 0x0000
[218] [M]: 0x80000354 (0x00001DB7) lui s11, 0x1
x27 <- 0x00001000

mem[X,0x80000358] -> 0x8D93
mem[X,0x8000035A] -> 0x800D
[219] [M]: 0x80000358 (0x800D8D93) addi s11, s11, -0x800
x27 <- 0x00000800

mem[X,0x8000035C] -> 0x1833
mem[X,0x8000035E] -> 0x03B2
[220] [M]: 0x8000035C (0x03B21833) mulh a6, tp, s11
x16 <- 0xFFFFFFFF

mem[X,0x80000360] -> 0xAC23
mem[X,0x80000362] -> 0x0103
[221] [M]: 0x80000360 (0x0103AC23) sw a6, 0x18(t2)
mem[0x8000616C] <- 0xFFFFFFFF

mem[X,0x80000364] -> 0xE8B7
mem[X,0x80000366] -> 0xFFFF
[222] [M]: 0x80000364 (0xFFFFE8B7) lui a7, -0x2
x17 <- 0xFFFFE000

mem[X,0x80000368] -> 0x8893
mem[X,0x8000036A] -> 0xFFF8
[223] [M]: 0x80000368 (0xFFF88893) addi a7, a7, -0x1
x17 <- 0xFFFFDFFF

mem[X,0x8000036C] -> 0x1237
mem[X,0x8000036E] -> 0x0000
[224] [M]: 0x8000036C (0x00001237) lui tp, 0x1
x4 <- 0x00001000

mem[X,0x80000370] -> 0x9F33
mem[X,0x80000372] -> 0x0248
[225] [M]: 0x80000370 (0x02489F33) mulh t5, a7, tp
x30 <- 0xFFFFFFFF

mem[X,0x80000374] -> 0xAE23
mem[X,0x80000376] -> 0x01E3
[226] [M]: 0x80000374 (0x01E3AE23) sw t5, 0x1c(t2)
mem[0x80006170] <- 0xFFFFFFFF

mem[X,0x80000378] -> 0x0F93
mem[X,0x8000037A] -> 0x0050
[227] [M]: 0x80000378 (0x00500F93) addi t6, zero, 0x5
x31 <- 0x00000005

mem[X,0x8000037C] -> 0x2737
mem[X,0x8000037E] -> 0x0000
[228] [M]: 0x8000037C (0x00002737) lui a4, 0x2
x14 <- 0x00002000

mem[X,0x80000380] -> 0x9033
mem[X,0x80000382] -> 0x02EF
[229] [M]: 0x80000380 (0x02EF9033) mulh zero, t6, a4

mem[X,0x80000384] -> 0xA023
mem[X,0x80000386] -> 0x0203
[230] [M]: 0x80000384 (0x0203A023) sw zero, 0x20(t2)
mem[0x80006174] <- 0x00000000

mem[X,0x80000388] -> 0x0713
mem[X,0x8000038A] -> 0x0020
[231] [M]: 0x80000388 (0x00200713) addi a4, zero, 0x2
x14 <- 0x00000002

mem[X,0x8000038C] -> 0x46B7
mem[X,0x8000038E] -> 0x0000
[232] [M]: 0x8000038C (0x000046B7) lui a3, 0x4
x13 <- 0x00004000

mem[X,0x80000390] -> 0x1FB3
mem[X,0x80000392] -> 0x02D7
[233] [M]: 0x80000390 (0x02D71FB3) mulh t6, a4, a3
x31 <- 0x00000000

mem[X,0x80000394] -> 0xA223
mem[X,0x80000396] -> 0x03F3
[234] [M]: 0x80000394 (0x03F3A223) sw t6, 0x24(t2)
mem[0x80006178] <- 0x00000000

mem[X,0x80000398] -> 0x0613
mem[X,0x8000039A] -> 0xFDF0
[235] [M]: 0x80000398 (0xFDF00613) addi a2, zero, -0x21
x12 <- 0xFFFFFFDF

mem[X,0x8000039C] -> 0x8437
mem[X,0x8000039E] -> 0x0000
[236] [M]: 0x8000039C (0x00008437) lui fp, 0x8
x8 <- 0x00008000

mem[X,0x800003A0] -> 0x1733
mem[X,0x800003A2] -> 0x0286
[237] [M]: 0x800003A0 (0x02861733) mulh a4, a2, fp
x14 <- 0xFFFFFFFF

mem[X,0x800003A4] -> 0xA423
mem[X,0x800003A6] -> 0x02E3
[238] [M]: 0x800003A4 (0x02E3A423) sw a4, 0x28(t2)
mem[0x8000617C] <- 0xFFFFFFFF

mem[X,0x800003A8] -> 0x0593
mem[X,0x800003AA] -> 0xFFE0
[239] [M]: 0x800003A8 (0xFFE00593) addi a1, zero, -0x2
x11 <- 0xFFFFFFFE

mem[X,0x800003AC] -> 0x0BB7
mem[X,0x800003AE] -> 0x0001
[240] [M]: 0x800003AC (0x00010BB7) lui s7, 0x10
x23 <- 0x00010000

mem[X,0x800003B0] -> 0x98B3
mem[X,0x800003B2] -> 0x0375
[241] [M]: 0x800003B0 (0x037598B3) mulh a7, a1, s7
x17 <- 0xFFFFFFFF

mem[X,0x800003B4] -> 0xA623
mem[X,0x800003B6] -> 0x0313
[242] [M]: 0x800003B4 (0x0313A623) sw a7, 0x2c(t2)
mem[0x80006180] <- 0xFFFFFFFF

mem[X,0x800003B8] -> 0x0EB7
mem[X,0x800003BA] -> 0x0200
[243] [M]: 0x800003B8 (0x02000EB7) lui t4, 0x2000
x29 <- 0x02000000

mem[X,0x800003BC] -> 0x0013
mem[X,0x800003BE] -> 0x0000
[244] [M]: 0x800003BC (0x00000013) addi zero, zero, 0x0

mem[X,0x800003C0] -> 0x9AB3
mem[X,0x800003C2] -> 0x020E
[245] [M]: 0x800003C0 (0x020E9AB3) mulh s5, t4, zero
x21 <- 0x00000000

mem[X,0x800003C4] -> 0xA823
mem[X,0x800003C6] -> 0x0353
[246] [M]: 0x800003C4 (0x0353A823) sw s5, 0x30(t2)
mem[0x80006184] <- 0x00000000

mem[X,0x800003C8] -> 0x0937
mem[X,0x800003CA] -> 0xFE00
[247] [M]: 0x800003C8 (0xFE000937) lui s2, -0x2000
x18 <- 0xFE000000

mem[X,0x800003CC] -> 0x0913
mem[X,0x800003CE] -> 0xFFF9
[248] [M]: 0x800003CC (0xFFF90913) addi s2, s2, -0x1
x18 <- 0xFDFFFFFF

mem[X,0x800003D0] -> 0x0F37
mem[X,0x800003D2] -> 0x0004
[249] [M]: 0x800003D0 (0x00040F37) lui t5, 0x40
x30 <- 0x00040000

mem[X,0x800003D4] -> 0x11B3
mem[X,0x800003D6] -> 0x03E9
[250] [M]: 0x800003D4 (0x03E911B3) mulh gp, s2, t5
x3 <- 0xFFFFF7FF

mem[X,0x800003D8] -> 0xAA23
mem[X,0x800003DA] -> 0x0233
[251] [M]: 0x800003D8 (0x0233AA23) sw gp, 0x34(t2)
mem[0x80006188] <- 0xFFFFF7FF

mem[X,0x800003DC] -> 0x0413
mem[X,0x800003DE] -> 0x4000
[252] [M]: 0x800003DC (0x40000413) addi fp, zero, 0x400
x8 <- 0x00000400

mem[X,0x800003E0] -> 0x0C37
mem[X,0x800003E2] -> 0x0008
[253] [M]: 0x800003E0 (0x00080C37) lui s8, 0x80
x24 <- 0x00080000

mem[X,0x800003E4] -> 0x1933
mem[X,0x800003E6] -> 0x0384
[254] [M]: 0x800003E4 (0x03841933) mulh s2, fp, s8
x18 <- 0x00000000

mem[X,0x800003E8] -> 0xAC23
mem[X,0x800003EA] -> 0x0323
[255] [M]: 0x800003E8 (0x0323AC23) sw s2, 0x38(t2)
mem[0x8000618C] <- 0x00000000

mem[X,0x800003EC] -> 0x0013
mem[X,0x800003EE] -> 0x0000
[256] [M]: 0x800003EC (0x00000013) addi zero, zero, 0x0

mem[X,0x800003F0] -> 0x0013
mem[X,0x800003F2] -> 0x0000
[257] [M]: 0x800003F0 (0x00000013) addi zero, zero, 0x0

mem[X,0x800003F4] -> 0x0013
mem[X,0x800003F6] -> 0x0000
[258] [M]: 0x800003F4 (0x00000013) addi zero, zero, 0x0

mem[X,0x800003F8] -> 0x0013
mem[X,0x800003FA] -> 0x0000
[259] [M]: 0x800003F8 (0x00000013) addi zero, zero, 0x0

mem[X,0x800003FC] -> 0x0013
mem[X,0x800003FE] -> 0x0000
[260] [M]: 0x800003FC (0x00000013) addi zero, zero, 0x0

mem[X,0x80000400] -> 0x6097
mem[X,0x80000402] -> 0x0000
[261] [M]: 0x80000400 (0x00006097) auipc ra, 0x6
x1 <- 0x80006400

mem[X,0x80000404] -> 0x8093
mem[X,0x80000406] -> 0xD900
[262] [M]: 0x80000404 (0xD9008093) addi ra, ra, -0x270
x1 <- 0x80006190

mem[X,0x80000408] -> 0x0013
mem[X,0x8000040A] -> 0x0000
[263] [M]: 0x80000408 (0x00000013) addi zero, zero, 0x0

mem[X,0x8000040C] -> 0x0013
mem[X,0x8000040E] -> 0x0000
[264] [M]: 0x8000040C (0x00000013) addi zero, zero, 0x0

mem[X,0x80000410] -> 0x0013
mem[X,0x80000412] -> 0x0000
[265] [M]: 0x80000410 (0x00000013) addi zero, zero, 0x0

mem[X,0x80000414] -> 0x0013
mem[X,0x80000416] -> 0x0000
[266] [M]: 0x80000414 (0x00000013) addi zero, zero, 0x0

mem[X,0x80000418] -> 0x0013
mem[X,0x8000041A] -> 0x0000
[267] [M]: 0x80000418 (0x00000013) addi zero, zero, 0x0

mem[X,0x8000041C] -> 0x0013
mem[X,0x8000041E] -> 0x0000
[268] [M]: 0x8000041C (0x00000013) addi zero, zero, 0x0

mem[X,0x80000420] -> 0x01B7
mem[X,0x80000422] -> 0xFFF8
[269] [M]: 0x80000420 (0xFFF801B7) lui gp, -0x80
x3 <- 0xFFF80000

mem[X,0x80000424] -> 0x8193
mem[X,0x80000426] -> 0xFFF1
[270] [M]: 0x80000424 (0xFFF18193) addi gp, gp, -0x1
x3 <- 0xFFF7FFFF

mem[X,0x80000428] -> 0x0FB7
mem[X,0x8000042A] -> 0x0010
[271] [M]: 0x80000428 (0x00100FB7) lui t6, 0x100
x31 <- 0x00100000

mem[X,0x8000042C] -> 0x9233
mem[X,0x8000042E] -> 0x03F1
[272] [M]: 0x8000042C (0x03F19233) mulh tp, gp, t6
x4 <- 0xFFFFFF7F

mem[X,0x80000430] -> 0xA023
mem[X,0x80000432] -> 0x0040
[273] [M]: 0x80000430 (0x0040A023) sw tp, 0x0(ra)
mem[0x80006190] <- 0xFFFFFF7F

mem[X,0x80000434] -> 0x0537
mem[X,0x80000436] -> 0xFFFE
[274] [M]: 0x80000434 (0xFFFE0537) lui a0, -0x20
x10 <- 0xFFFE0000

mem[X,0x80000438] -> 0x0513
mem[X,0x8000043A] -> 0xFFF5
[275] [M]: 0x80000438 (0xFFF50513) addi a0, a0, -0x1
x10 <- 0xFFFDFFFF

mem[X,0x8000043C] -> 0x05B7
mem[X,0x8000043E] -> 0x0020
[276] [M]: 0x8000043C (0x002005B7) lui a1, 0x200
x11 <- 0x00200000

mem[X,0x80000440] -> 0x1633
mem[X,0x80000442] -> 0x02B5
[277] [M]: 0x80000440 (0x02B51633) mulh a2, a0, a1
x12 <- 0xFFFFFFBF

mem[X,0x80000444] -> 0xA223
mem[X,0x80000446] -> 0x00C0
[278] [M]: 0x80000444 (0x00C0A223) sw a2, 0x4(ra)
mem[0x80006194] <- 0xFFFFFFBF

mem[X,0x80000448] -> 0xB537
mem[X,0x8000044A] -> 0xAAAA
[279] [M]: 0x80000448 (0xAAAAB537) lui a0, -0x55555
x10 <- 0xAAAAB000

mem[X,0x8000044C] -> 0x0513
mem[X,0x8000044E] -> 0xAAA5
[280] [M]: 0x8000044C (0xAAA50513) addi a0, a0, -0x556
x10 <- 0xAAAAAAAA

mem[X,0x80000450] -> 0x05B7
mem[X,0x80000452] -> 0x0040
[281] [M]: 0x80000450 (0x004005B7) lui a1, 0x400
x11 <- 0x00400000

mem[X,0x80000454] -> 0x1633
mem[X,0x80000456] -> 0x02B5
[282] [M]: 0x80000454 (0x02B51633) mulh a2, a0, a1
x12 <- 0xFFEAAAAA

mem[X,0x80000458] -> 0xA423
mem[X,0x8000045A] -> 0x00C0
[283] [M]: 0x80000458 (0x00C0A423) sw a2, 0x8(ra)
mem[0x80006198] <- 0xFFEAAAAA

mem[X,0x8000045C] -> 0x0513
mem[X,0x8000045E] -> 0xF7F0
[284] [M]: 0x8000045C (0xF7F00513) addi a0, zero, -0x81
x10 <- 0xFFFFFF7F

mem[X,0x80000460] -> 0x05B7
mem[X,0x80000462] -> 0x0080
[285] [M]: 0x80000460 (0x008005B7) lui a1, 0x800
x11 <- 0x00800000

mem[X,0x80000464] -> 0x1633
mem[X,0x80000466] -> 0x02B5
[286] [M]: 0x80000464 (0x02B51633) mulh a2, a0, a1
x12 <- 0xFFFFFFFF

mem[X,0x80000468] -> 0xA623
mem[X,0x8000046A] -> 0x00C0
[287] [M]: 0x80000468 (0x00C0A623) sw a2, 0xc(ra)
mem[0x8000619C] <- 0xFFFFFFFF

mem[X,0x8000046C] -> 0xF537
mem[X,0x8000046E] -> 0xFFFF
[288] [M]: 0x8000046C (0xFFFFF537) lui a0, -0x1
x10 <- 0xFFFFF000

mem[X,0x80000470] -> 0x0513
mem[X,0x80000472] -> 0xFFF5
[289] [M]: 0x80000470 (0xFFF50513) addi a0, a0, -0x1
x10 <- 0xFFFFEFFF

mem[X,0x80000474] -> 0x05B7
mem[X,0x80000476] -> 0x0100
[290] [M]: 0x80000474 (0x010005B7) lui a1, 0x1000
x11 <- 0x01000000

mem[X,0x80000478] -> 0x1633
mem[X,0x8000047A] -> 0x02B5
[291] [M]: 0x80000478 (0x02B51633) mulh a2, a0, a1
x12 <- 0xFFFFFFEF

mem[X,0x8000047C] -> 0xA823
mem[X,0x8000047E] -> 0x00C0
[292] [M]: 0x8000047C (0x00C0A823) sw a2, 0x10(ra)
mem[0x800061A0] <- 0xFFFFFFEF

mem[X,0x80000480] -> 0x5537
mem[X,0x80000482] -> 0xFFFF
[293] [M]: 0x80000480 (0xFFFF5537) lui a0, -0xb
x10 <- 0xFFFF5000

mem[X,0x80000484] -> 0x0513
mem[X,0x80000486] -> 0xAFD5
[294] [M]: 0x80000484 (0xAFD50513) addi a0, a0, -0x503
x10 <- 0xFFFF4AFD

mem[X,0x80000488] -> 0x05B7
mem[X,0x8000048A] -> 0x0200
[295] [M]: 0x80000488 (0x020005B7) lui a1, 0x2000
x11 <- 0x02000000

mem[X,0x8000048C] -> 0x1633
mem[X,0x8000048E] -> 0x02B5
[296] [M]: 0x8000048C (0x02B51633) mulh a2, a0, a1
x12 <- 0xFFFFFE95

mem[X,0x80000490] -> 0xAA23
mem[X,0x80000492] -> 0x00C0
[297] [M]: 0x80000490 (0x00C0AA23) sw a2, 0x14(ra)
mem[0x800061A4] <- 0xFFFFFE95

mem[X,0x80000494] -> 0x0537
mem[X,0x80000496] -> 0x0008
[298] [M]: 0x80000494 (0x00080537) lui a0, 0x80
x10 <- 0x00080000

mem[X,0x80000498] -> 0x05B7
mem[X,0x8000049A] -> 0x0400
[299] [M]: 0x80000498 (0x040005B7) lui a1, 0x4000
x11 <- 0x04000000

clint::tick mtime <- 0x0000000000000003
 clint timer pending at mtime 0x0000000000000003
htif::tick 0x0000000000000000
mem[X,0x8000049C] -> 0x1633
mem[X,0x8000049E] -> 0x02B5
[300] [M]: 0x8000049C (0x02B51633) mulh a2, a0, a1
x12 <- 0x00002000

mem[X,0x800004A0] -> 0xAC23
mem[X,0x800004A2] -> 0x00C0
[301] [M]: 0x800004A0 (0x00C0AC23) sw a2, 0x18(ra)
mem[0x800061A8] <- 0x00002000

mem[X,0x800004A4] -> 0x0513
mem[X,0x800004A6] -> 0x0090
[302] [M]: 0x800004A4 (0x00900513) addi a0, zero, 0x9
x10 <- 0x00000009

mem[X,0x800004A8] -> 0x05B7
mem[X,0x800004AA] -> 0x1000
[303] [M]: 0x800004A8 (0x100005B7) lui a1, 0x10000
x11 <- 0x10000000

mem[X,0x800004AC] -> 0x1633
mem[X,0x800004AE] -> 0x02B5
[304] [M]: 0x800004AC (0x02B51633) mulh a2, a0, a1
x12 <- 0x00000000

mem[X,0x800004B0] -> 0xAE23
mem[X,0x800004B2] -> 0x00C0
[305] [M]: 0x800004B0 (0x00C0AE23) sw a2, 0x1c(ra)
mem[0x800061AC] <- 0x00000000

mem[X,0x800004B4] -> 0x0513
mem[X,0x800004B6] -> 0x0040
[306] [M]: 0x800004B4 (0x00400513) addi a0, zero, 0x4
x10 <- 0x00000004

mem[X,0x800004B8] -> 0x05B7
mem[X,0x800004BA] -> 0x2000
[307] [M]: 0x800004B8 (0x200005B7) lui a1, 0x20000
x11 <- 0x20000000

mem[X,0x800004BC] -> 0x1633
mem[X,0x800004BE] -> 0x02B5
[308] [M]: 0x800004BC (0x02B51633) mulh a2, a0, a1
x12 <- 0x00000000

mem[X,0x800004C0] -> 0xA023
mem[X,0x800004C2] -> 0x02C0
[309] [M]: 0x800004C0 (0x02C0A023) sw a2, 0x20(ra)
mem[0x800061B0] <- 0x00000000

mem[X,0x800004C4] -> 0x0513
mem[X,0x800004C6] -> 0xFDF0
[310] [M]: 0x800004C4 (0xFDF00513) addi a0, zero, -0x21
x10 <- 0xFFFFFFDF

mem[X,0x800004C8] -> 0x05B7
mem[X,0x800004CA] -> 0x4000
[311] [M]: 0x800004C8 (0x400005B7) lui a1, 0x40000
x11 <- 0x40000000

mem[X,0x800004CC] -> 0x1633
mem[X,0x800004CE] -> 0x02B5
[312] [M]: 0x800004CC (0x02B51633) mulh a2, a0, a1
x12 <- 0xFFFFFFF7

mem[X,0x800004D0] -> 0xA223
mem[X,0x800004D2] -> 0x02C0
[313] [M]: 0x800004D0 (0x02C0A223) sw a2, 0x24(ra)
mem[0x800061B4] <- 0xFFFFFFF7

mem[X,0x800004D4] -> 0x0537
mem[X,0x800004D6] -> 0xFF80
[314] [M]: 0x800004D4 (0xFF800537) lui a0, -0x800
x10 <- 0xFF800000

mem[X,0x800004D8] -> 0x0513
mem[X,0x800004DA] -> 0xFFF5
[315] [M]: 0x800004D8 (0xFFF50513) addi a0, a0, -0x1
x10 <- 0xFF7FFFFF

mem[X,0x800004DC] -> 0x0593
mem[X,0x800004DE] -> 0xFFD0
[316] [M]: 0x800004DC (0xFFD00593) addi a1, zero, -0x3
x11 <- 0xFFFFFFFD

mem[X,0x800004E0] -> 0x1633
mem[X,0x800004E2] -> 0x02B5
[317] [M]: 0x800004E0 (0x02B51633) mulh a2, a0, a1
x12 <- 0x00000000

mem[X,0x800004E4] -> 0xA423
mem[X,0x800004E6] -> 0x02C0
[318] [M]: 0x800004E4 (0x02C0A423) sw a2, 0x28(ra)
mem[0x800061B8] <- 0x00000000

mem[X,0x800004E8] -> 0x0513
mem[X,0x800004EA] -> 0x2000
[319] [M]: 0x800004E8 (0x20000513) addi a0, zero, 0x200
x10 <- 0x00000200

mem[X,0x800004EC] -> 0x0593
mem[X,0x800004EE] -> 0xFFB0
[320] [M]: 0x800004EC (0xFFB00593) addi a1, zero, -0x5
x11 <- 0xFFFFFFFB

mem[X,0x800004F0] -> 0x1633
mem[X,0x800004F2] -> 0x02B5
[321] [M]: 0x800004F0 (0x02B51633) mulh a2, a0, a1
x12 <- 0xFFFFFFFF

mem[X,0x800004F4] -> 0xA623
mem[X,0x800004F6] -> 0x02C0
[322] [M]: 0x800004F4 (0x02C0A623) sw a2, 0x2c(ra)
mem[0x800061BC] <- 0xFFFFFFFF

mem[X,0x800004F8] -> 0x0513
mem[X,0x800004FA] -> 0x0800
[323] [M]: 0x800004F8 (0x08000513) addi a0, zero, 0x80
x10 <- 0x00000080

mem[X,0x800004FC] -> 0x0593
mem[X,0x800004FE] -> 0xFF70
[324] [M]: 0x800004FC (0xFF700593) addi a1, zero, -0x9
x11 <- 0xFFFFFFF7

mem[X,0x80000500] -> 0x1633
mem[X,0x80000502] -> 0x02B5
[325] [M]: 0x80000500 (0x02B51633) mulh a2, a0, a1
x12 <- 0xFFFFFFFF

mem[X,0x80000504] -> 0xA823
mem[X,0x80000506] -> 0x02C0
[326] [M]: 0x80000504 (0x02C0A823) sw a2, 0x30(ra)
mem[0x800061C0] <- 0xFFFFFFFF

mem[X,0x80000508] -> 0x0513
mem[X,0x8000050A] -> 0x0070
[327] [M]: 0x80000508 (0x00700513) addi a0, zero, 0x7
x10 <- 0x00000007

mem[X,0x8000050C] -> 0x0593
mem[X,0x8000050E] -> 0xFEF0
[328] [M]: 0x8000050C (0xFEF00593) addi a1, zero, -0x11
x11 <- 0xFFFFFFEF

mem[X,0x80000510] -> 0x1633
mem[X,0x80000512] -> 0x02B5
[329] [M]: 0x80000510 (0x02B51633) mulh a2, a0, a1
x12 <- 0xFFFFFFFF

mem[X,0x80000514] -> 0xAA23
mem[X,0x80000516] -> 0x02C0
[330] [M]: 0x80000514 (0x02C0AA23) sw a2, 0x34(ra)
mem[0x800061C4] <- 0xFFFFFFFF

mem[X,0x80000518] -> 0x0537
mem[X,0x8000051A] -> 0x0100
[331] [M]: 0x80000518 (0x01000537) lui a0, 0x1000
x10 <- 0x01000000

mem[X,0x8000051C] -> 0x0593
mem[X,0x8000051E] -> 0xFDF0
[332] [M]: 0x8000051C (0xFDF00593) addi a1, zero, -0x21
x11 <- 0xFFFFFFDF

mem[X,0x80000520] -> 0x1633
mem[X,0x80000522] -> 0x02B5
[333] [M]: 0x80000520 (0x02B51633) mulh a2, a0, a1
x12 <- 0xFFFFFFFF

mem[X,0x80000524] -> 0xAC23
mem[X,0x80000526] -> 0x02C0
[334] [M]: 0x80000524 (0x02C0AC23) sw a2, 0x38(ra)
mem[0x800061C8] <- 0xFFFFFFFF

mem[X,0x80000528] -> 0x0537
mem[X,0x8000052A] -> 0x0010
[335] [M]: 0x80000528 (0x00100537) lui a0, 0x100
x10 <- 0x00100000

mem[X,0x8000052C] -> 0x0593
mem[X,0x8000052E] -> 0xFBF0
[336] [M]: 0x8000052C (0xFBF00593) addi a1, zero, -0x41
x11 <- 0xFFFFFFBF

mem[X,0x80000530] -> 0x1633
mem[X,0x80000532] -> 0x02B5
[337] [M]: 0x80000530 (0x02B51633) mulh a2, a0, a1
x12 <- 0xFFFFFFFF

mem[X,0x80000534] -> 0xAE23
mem[X,0x80000536] -> 0x02C0
[338] [M]: 0x80000534 (0x02C0AE23) sw a2, 0x3c(ra)
mem[0x800061CC] <- 0xFFFFFFFF

mem[X,0x80000538] -> 0xB537
mem[X,0x8000053A] -> 0xAAAA
[339] [M]: 0x80000538 (0xAAAAB537) lui a0, -0x55555
x10 <- 0xAAAAB000

mem[X,0x8000053C] -> 0x0513
mem[X,0x8000053E] -> 0xAAA5
[340] [M]: 0x8000053C (0xAAA50513) addi a0, a0, -0x556
x10 <- 0xAAAAAAAA

mem[X,0x80000540] -> 0x0593
mem[X,0x80000542] -> 0xF7F0
[341] [M]: 0x80000540 (0xF7F00593) addi a1, zero, -0x81
x11 <- 0xFFFFFF7F

mem[X,0x80000544] -> 0x1633
mem[X,0x80000546] -> 0x02B5
[342] [M]: 0x80000544 (0x02B51633) mulh a2, a0, a1
x12 <- 0x0000002B

mem[X,0x80000548] -> 0xA023
mem[X,0x8000054A] -> 0x04C0
[343] [M]: 0x80000548 (0x04C0A023) sw a2, 0x40(ra)
mem[0x800061D0] <- 0x0000002B

mem[X,0x8000054C] -> 0x5537
mem[X,0x8000054E] -> 0x5555
[344] [M]: 0x8000054C (0x55555537) lui a0, 0x55555
x10 <- 0x55555000

mem[X,0x80000550] -> 0x0513
mem[X,0x80000552] -> 0x5565
[345] [M]: 0x80000550 (0x55650513) addi a0, a0, 0x556
x10 <- 0x55555556

mem[X,0x80000554] -> 0x0593
mem[X,0x80000556] -> 0xEFF0
[346] [M]: 0x80000554 (0xEFF00593) addi a1, zero, -0x101
x11 <- 0xFFFFFEFF

mem[X,0x80000558] -> 0x1633
mem[X,0x8000055A] -> 0x02B5
[347] [M]: 0x80000558 (0x02B51633) mulh a2, a0, a1
x12 <- 0xFFFFFFAA

mem[X,0x8000055C] -> 0xA223
mem[X,0x8000055E] -> 0x04C0
[348] [M]: 0x8000055C (0x04C0A223) sw a2, 0x44(ra)
mem[0x800061D4] <- 0xFFFFFFAA

mem[X,0x80000560] -> 0x0537
mem[X,0x80000562] -> 0x0001
[349] [M]: 0x80000560 (0x00010537) lui a0, 0x10
x10 <- 0x00010000

mem[X,0x80000564] -> 0x0593
mem[X,0x80000566] -> 0xDFF0
[350] [M]: 0x80000564 (0xDFF00593) addi a1, zero, -0x201
x11 <- 0xFFFFFDFF

mem[X,0x80000568] -> 0x1633
mem[X,0x8000056A] -> 0x02B5
[351] [M]: 0x80000568 (0x02B51633) mulh a2, a0, a1
x12 <- 0xFFFFFFFF

mem[X,0x8000056C] -> 0xA423
mem[X,0x8000056E] -> 0x04C0
[352] [M]: 0x8000056C (0x04C0A423) sw a2, 0x48(ra)
mem[0x800061D8] <- 0xFFFFFFFF

mem[X,0x80000570] -> 0x0537
mem[X,0x80000572] -> 0x0080
[353] [M]: 0x80000570 (0x00800537) lui a0, 0x800
x10 <- 0x00800000

mem[X,0x80000574] -> 0x0593
mem[X,0x80000576] -> 0xBFF0
[354] [M]: 0x80000574 (0xBFF00593) addi a1, zero, -0x401
x11 <- 0xFFFFFBFF

mem[X,0x80000578] -> 0x1633
mem[X,0x8000057A] -> 0x02B5
[355] [M]: 0x80000578 (0x02B51633) mulh a2, a0, a1
x12 <- 0xFFFFFFFD

mem[X,0x8000057C] -> 0xA623
mem[X,0x8000057E] -> 0x04C0
[356] [M]: 0x8000057C (0x04C0A623) sw a2, 0x4c(ra)
mem[0x800061DC] <- 0xFFFFFFFD

mem[X,0x80000580] -> 0x0513
mem[X,0x80000582] -> 0x0050
[357] [M]: 0x80000580 (0x00500513) addi a0, zero, 0x5
x10 <- 0x00000005

mem[X,0x80000584] -> 0xF5B7
mem[X,0x80000586] -> 0xFFFF
[358] [M]: 0x80000584 (0xFFFFF5B7) lui a1, -0x1
x11 <- 0xFFFFF000

mem[X,0x80000588] -> 0x8593
mem[X,0x8000058A] -> 0xFFF5
[359] [M]: 0x80000588 (0xFFF58593) addi a1, a1, -0x1
x11 <- 0xFFFFEFFF

mem[X,0x8000058C] -> 0x1633
mem[X,0x8000058E] -> 0x02B5
[360] [M]: 0x8000058C (0x02B51633) mulh a2, a0, a1
x12 <- 0xFFFFFFFF

mem[X,0x80000590] -> 0xA823
mem[X,0x80000592] -> 0x04C0
[361] [M]: 0x80000590 (0x04C0A823) sw a2, 0x50(ra)
mem[0x800061E0] <- 0xFFFFFFFF

mem[X,0x80000594] -> 0x3537
mem[X,0x80000596] -> 0x3333
[362] [M]: 0x80000594 (0x33333537) lui a0, 0x33333
x10 <- 0x33333000

mem[X,0x80000598] -> 0x0513
mem[X,0x8000059A] -> 0x3335
[363] [M]: 0x80000598 (0x33350513) addi a0, a0, 0x333
x10 <- 0x33333333

mem[X,0x8000059C] -> 0xE5B7
mem[X,0x8000059E] -> 0xFFFF
[364] [M]: 0x8000059C (0xFFFFE5B7) lui a1, -0x2
x11 <- 0xFFFFE000

mem[X,0x800005A0] -> 0x8593
mem[X,0x800005A2] -> 0xFFF5
[365] [M]: 0x800005A0 (0xFFF58593) addi a1, a1, -0x1
x11 <- 0xFFFFDFFF

mem[X,0x800005A4] -> 0x1633
mem[X,0x800005A6] -> 0x02B5
[366] [M]: 0x800005A4 (0x02B51633) mulh a2, a0, a1
x12 <- 0xFFFFF999

mem[X,0x800005A8] -> 0xAA23
mem[X,0x800005AA] -> 0x04C0
[367] [M]: 0x800005A8 (0x04C0AA23) sw a2, 0x54(ra)
mem[0x800061E4] <- 0xFFFFF999

mem[X,0x800005AC] -> 0xF537
mem[X,0x800005AE] -> 0xFFFF
[368] [M]: 0x800005AC (0xFFFFF537) lui a0, -0x1
x10 <- 0xFFFFF000

mem[X,0x800005B0] -> 0x0513
mem[X,0x800005B2] -> 0x7FF5
[369] [M]: 0x800005B0 (0x7FF50513) addi a0, a0, 0x7ff
x10 <- 0xFFFFF7FF

mem[X,0x800005B4] -> 0xC5B7
mem[X,0x800005B6] -> 0xFFFF
[370] [M]: 0x800005B4 (0xFFFFC5B7) lui a1, -0x4
x11 <- 0xFFFFC000

mem[X,0x800005B8] -> 0x8593
mem[X,0x800005BA] -> 0xFFF5
[371] [M]: 0x800005B8 (0xFFF58593) addi a1, a1, -0x1
x11 <- 0xFFFFBFFF

mem[X,0x800005BC] -> 0x1633
mem[X,0x800005BE] -> 0x02B5
[372] [M]: 0x800005BC (0x02B51633) mulh a2, a0, a1
x12 <- 0x00000000

mem[X,0x800005C0] -> 0xAC23
mem[X,0x800005C2] -> 0x04C0
[373] [M]: 0x800005C0 (0x04C0AC23) sw a2, 0x58(ra)
mem[0x800061E8] <- 0x00000000

mem[X,0x800005C4] -> 0x0537
mem[X,0x800005C6] -> 0x0004
[374] [M]: 0x800005C4 (0x00040537) lui a0, 0x40
x10 <- 0x00040000

mem[X,0x800005C8] -> 0x85B7
mem[X,0x800005CA] -> 0xFFFF
[375] [M]: 0x800005C8 (0xFFFF85B7) lui a1, -0x8
x11 <- 0xFFFF8000

mem[X,0x800005CC] -> 0x8593
mem[X,0x800005CE] -> 0xFFF5
[376] [M]: 0x800005CC (0xFFF58593) addi a1, a1, -0x1
x11 <- 0xFFFF7FFF

mem[X,0x800005D0] -> 0x1633
mem[X,0x800005D2] -> 0x02B5
[377] [M]: 0x800005D0 (0x02B51633) mulh a2, a0, a1
x12 <- 0xFFFFFFFD

mem[X,0x800005D4] -> 0xAE23
mem[X,0x800005D6] -> 0x04C0
[378] [M]: 0x800005D4 (0x04C0AE23) sw a2, 0x5c(ra)
mem[0x800061EC] <- 0xFFFFFFFD

mem[X,0x800005D8] -> 0x0513
mem[X,0x800005DA] -> 0xFBF0
[379] [M]: 0x800005D8 (0xFBF00513) addi a0, zero, -0x41
x10 <- 0xFFFFFFBF

mem[X,0x800005DC] -> 0x05B7
mem[X,0x800005DE] -> 0xFFFF
[380] [M]: 0x800005DC (0xFFFF05B7) lui a1, -0x10
x11 <- 0xFFFF0000

mem[X,0x800005E0] -> 0x8593
mem[X,0x800005E2] -> 0xFFF5
[381] [M]: 0x800005E0 (0xFFF58593) addi a1, a1, -0x1
x11 <- 0xFFFEFFFF

mem[X,0x800005E4] -> 0x1633
mem[X,0x800005E6] -> 0x02B5
[382] [M]: 0x800005E4 (0x02B51633) mulh a2, a0, a1
x12 <- 0x00000000

mem[X,0x800005E8] -> 0xA023
mem[X,0x800005EA] -> 0x06C0
[383] [M]: 0x800005E8 (0x06C0A023) sw a2, 0x60(ra)
mem[0x800061F0] <- 0x00000000

mem[X,0x800005EC] -> 0x0537
mem[X,0x800005EE] -> 0xFF00
[384] [M]: 0x800005EC (0xFF000537) lui a0, -0x1000
x10 <- 0xFF000000

mem[X,0x800005F0] -> 0x0513
mem[X,0x800005F2] -> 0xFFF5
[385] [M]: 0x800005F0 (0xFFF50513) addi a0, a0, -0x1
x10 <- 0xFEFFFFFF

mem[X,0x800005F4] -> 0x05B7
mem[X,0x800005F6] -> 0xFFFE
[386] [M]: 0x800005F4 (0xFFFE05B7) lui a1, -0x20
x11 <- 0xFFFE0000

mem[X,0x800005F8] -> 0x8593
mem[X,0x800005FA] -> 0xFFF5
[387] [M]: 0x800005F8 (0xFFF58593) addi a1, a1, -0x1
x11 <- 0xFFFDFFFF

mem[X,0x800005FC] -> 0x1633
mem[X,0x800005FE] -> 0x02B5
[388] [M]: 0x800005FC (0x02B51633) mulh a2, a0, a1
x12 <- 0x00000200

mem[X,0x80000600] -> 0xA223
mem[X,0x80000602] -> 0x06C0
[389] [M]: 0x80000600 (0x06C0A223) sw a2, 0x64(ra)
mem[0x800061F4] <- 0x00000200

mem[X,0x80000604] -> 0x0513
mem[X,0x80000606] -> 0xFFA0
[390] [M]: 0x80000604 (0xFFA00513) addi a0, zero, -0x6
x10 <- 0xFFFFFFFA

mem[X,0x80000608] -> 0x05B7
mem[X,0x8000060A] -> 0xFFFC
[391] [M]: 0x80000608 (0xFFFC05B7) lui a1, -0x40
x11 <- 0xFFFC0000

mem[X,0x8000060C] -> 0x8593
mem[X,0x8000060E] -> 0xFFF5
[392] [M]: 0x8000060C (0xFFF58593) addi a1, a1, -0x1
x11 <- 0xFFFBFFFF

mem[X,0x80000610] -> 0x1633
mem[X,0x80000612] -> 0x02B5
[393] [M]: 0x80000610 (0x02B51633) mulh a2, a0, a1
x12 <- 0x00000000

mem[X,0x80000614] -> 0xA423
mem[X,0x80000616] -> 0x06C0
[394] [M]: 0x80000614 (0x06C0A423) sw a2, 0x68(ra)
mem[0x800061F8] <- 0x00000000

mem[X,0x80000618] -> 0x0537
mem[X,0x8000061A] -> 0xFF80
[395] [M]: 0x80000618 (0xFF800537) lui a0, -0x800
x10 <- 0xFF800000

mem[X,0x8000061C] -> 0x0513
mem[X,0x8000061E] -> 0xFFF5
[396] [M]: 0x8000061C (0xFFF50513) addi a0, a0, -0x1
x10 <- 0xFF7FFFFF

mem[X,0x80000620] -> 0x05B7
mem[X,0x80000622] -> 0xFFF8
[397] [M]: 0x80000620 (0xFFF805B7) lui a1, -0x80
x11 <- 0xFFF80000

mem[X,0x80000624] -> 0x8593
mem[X,0x80000626] -> 0xFFF5
[398] [M]: 0x80000624 (0xFFF58593) addi a1, a1, -0x1
x11 <- 0xFFF7FFFF

mem[X,0x80000628] -> 0x1633
mem[X,0x8000062A] -> 0x02B5
[399] [M]: 0x80000628 (0x02B51633) mulh a2, a0, a1
x12 <- 0x00000400

clint::tick mtime <- 0x0000000000000004
 clint timer pending at mtime 0x0000000000000004
htif::tick 0x0000000000000000
mem[X,0x8000062C] -> 0xA623
mem[X,0x8000062E] -> 0x06C0
[400] [M]: 0x8000062C (0x06C0A623) sw a2, 0x6c(ra)
mem[0x800061FC] <- 0x00000400

mem[X,0x80000630] -> 0x0513
mem[X,0x80000632] -> 0xFEF0
[401] [M]: 0x80000630 (0xFEF00513) addi a0, zero, -0x11
x10 <- 0xFFFFFFEF

mem[X,0x80000634] -> 0x05B7
mem[X,0x80000636] -> 0xFFF0
[402] [M]: 0x80000634 (0xFFF005B7) lui a1, -0x100
x11 <- 0xFFF00000

mem[X,0x80000638] -> 0x8593
mem[X,0x8000063A] -> 0xFFF5
[403] [M]: 0x80000638 (0xFFF58593) addi a1, a1, -0x1
x11 <- 0xFFEFFFFF

mem[X,0x8000063C] -> 0x1633
mem[X,0x8000063E] -> 0x02B5
[404] [M]: 0x8000063C (0x02B51633) mulh a2, a0, a1
x12 <- 0x00000000

mem[X,0x80000640] -> 0xA823
mem[X,0x80000642] -> 0x06C0
[405] [M]: 0x80000640 (0x06C0A823) sw a2, 0x70(ra)
mem[0x80006200] <- 0x00000000

mem[X,0x80000644] -> 0x2537
mem[X,0x80000646] -> 0x0000
[406] [M]: 0x80000644 (0x00002537) lui a0, 0x2
x10 <- 0x00002000

mem[X,0x80000648] -> 0x05B7
mem[X,0x8000064A] -> 0xFFE0
[407] [M]: 0x80000648 (0xFFE005B7) lui a1, -0x200
x11 <- 0xFFE00000

mem[X,0x8000064C] -> 0x8593
mem[X,0x8000064E] -> 0xFFF5
[408] [M]: 0x8000064C (0xFFF58593) addi a1, a1, -0x1
x11 <- 0xFFDFFFFF

mem[X,0x80000650] -> 0x1633
mem[X,0x80000652] -> 0x02B5
[409] [M]: 0x80000650 (0x02B51633) mulh a2, a0, a1
x12 <- 0xFFFFFFFB

mem[X,0x80000654] -> 0xAA23
mem[X,0x80000656] -> 0x06C0
[410] [M]: 0x80000654 (0x06C0AA23) sw a2, 0x74(ra)
mem[0x80006204] <- 0xFFFFFFFB

mem[X,0x80000658] -> 0xB537
mem[X,0x8000065A] -> 0x0000
[411] [M]: 0x80000658 (0x0000B537) lui a0, 0xb
x10 <- 0x0000B000

mem[X,0x8000065C] -> 0x0513
mem[X,0x8000065E] -> 0x5055
[412] [M]: 0x8000065C (0x50550513) addi a0, a0, 0x505
x10 <- 0x0000B505

mem[X,0x80000660] -> 0x05B7
mem[X,0x80000662] -> 0xFFC0
[413] [M]: 0x80000660 (0xFFC005B7) lui a1, -0x400
x11 <- 0xFFC00000

mem[X,0x80000664] -> 0x8593
mem[X,0x80000666] -> 0xFFF5
[414] [M]: 0x80000664 (0xFFF58593) addi a1, a1, -0x1
x11 <- 0xFFBFFFFF

mem[X,0x80000668] -> 0x1633
mem[X,0x8000066A] -> 0x02B5
[415] [M]: 0x80000668 (0x02B51633) mulh a2, a0, a1
x12 <- 0xFFFFFFD2

mem[X,0x8000066C] -> 0xAC23
mem[X,0x8000066E] -> 0x06C0
[416] [M]: 0x8000066C (0x06C0AC23) sw a2, 0x78(ra)
mem[0x80006208] <- 0xFFFFFFD2

mem[X,0x80000670] -> 0x0513
mem[X,0x80000672] -> 0xF7F0
[417] [M]: 0x80000670 (0xF7F00513) addi a0, zero, -0x81
x10 <- 0xFFFFFF7F

mem[X,0x80000674] -> 0x05B7
mem[X,0x80000676] -> 0xFF80
[418] [M]: 0x80000674 (0xFF8005B7) lui a1, -0x800
x11 <- 0xFF800000

mem[X,0x80000678] -> 0x8593
mem[X,0x8000067A] -> 0xFFF5
[419] [M]: 0x80000678 (0xFFF58593) addi a1, a1, -0x1
x11 <- 0xFF7FFFFF

mem[X,0x8000067C] -> 0x1633
mem[X,0x8000067E] -> 0x02B5
[420] [M]: 0x8000067C (0x02B51633) mulh a2, a0, a1
x12 <- 0x00000000

mem[X,0x80000680] -> 0xAE23
mem[X,0x80000682] -> 0x06C0
[421] [M]: 0x80000680 (0x06C0AE23) sw a2, 0x7c(ra)
mem[0x8000620C] <- 0x00000000

mem[X,0x80000684] -> 0xB537
mem[X,0x80000686] -> 0xAAAA
[422] [M]: 0x80000684 (0xAAAAB537) lui a0, -0x55555
x10 <- 0xAAAAB000

mem[X,0x80000688] -> 0x0513
mem[X,0x8000068A] -> 0xAAB5
[423] [M]: 0x80000688 (0xAAB50513) addi a0, a0, -0x555
x10 <- 0xAAAAAAAB

mem[X,0x8000068C] -> 0x05B7
mem[X,0x8000068E] -> 0xFF00
[424] [M]: 0x8000068C (0xFF0005B7) lui a1, -0x1000
x11 <- 0xFF000000

mem[X,0x80000690] -> 0x8593
mem[X,0x80000692] -> 0xFFF5
[425] [M]: 0x80000690 (0xFFF58593) addi a1, a1, -0x1
x11 <- 0xFEFFFFFF

mem[X,0x80000694] -> 0x1633
mem[X,0x80000696] -> 0x02B5
[426] [M]: 0x80000694 (0x02B51633) mulh a2, a0, a1
x12 <- 0x00555555

mem[X,0x80000698] -> 0xA023
mem[X,0x8000069A] -> 0x08C0
[427] [M]: 0x80000698 (0x08C0A023) sw a2, 0x80(ra)
mem[0x80006210] <- 0x00555555

mem[X,0x8000069C] -> 0x0537
mem[X,0x8000069E] -> 0xFE00
[428] [M]: 0x8000069C (0xFE000537) lui a0, -0x2000
x10 <- 0xFE000000

mem[X,0x800006A0] -> 0x0513
mem[X,0x800006A2] -> 0xFFF5
[429] [M]: 0x800006A0 (0xFFF50513) addi a0, a0, -0x1
x10 <- 0xFDFFFFFF

mem[X,0x800006A4] -> 0x05B7
mem[X,0x800006A6] -> 0xFE00
[430] [M]: 0x800006A4 (0xFE0005B7) lui a1, -0x2000
x11 <- 0xFE000000

mem[X,0x800006A8] -> 0x8593
mem[X,0x800006AA] -> 0xFFF5
[431] [M]: 0x800006A8 (0xFFF58593) addi a1, a1, -0x1
x11 <- 0xFDFFFFFF

mem[X,0x800006AC] -> 0x1633
mem[X,0x800006AE] -> 0x02B5
[432] [M]: 0x800006AC (0x02B51633) mulh a2, a0, a1
x12 <- 0x00040000

mem[X,0x800006B0] -> 0xA223
mem[X,0x800006B2] -> 0x08C0
[433] [M]: 0x800006B0 (0x08C0A223) sw a2, 0x84(ra)
mem[0x80006214] <- 0x00040000

mem[X,0x800006B4] -> 0x0513
mem[X,0x800006B6] -> 0x0010
[434] [M]: 0x800006B4 (0x00100513) addi a0, zero, 0x1
x10 <- 0x00000001

mem[X,0x800006B8] -> 0x05B7
mem[X,0x800006BA] -> 0xFC00
[435] [M]: 0x800006B8 (0xFC0005B7) lui a1, -0x4000
x11 <- 0xFC000000

mem[X,0x800006BC] -> 0x8593
mem[X,0x800006BE] -> 0xFFF5
[436] [M]: 0x800006BC (0xFFF58593) addi a1, a1, -0x1
x11 <- 0xFBFFFFFF

mem[X,0x800006C0] -> 0x1633
mem[X,0x800006C2] -> 0x02B5
[437] [M]: 0x800006C0 (0x02B51633) mulh a2, a0, a1
x12 <- 0xFFFFFFFF

mem[X,0x800006C4] -> 0xA423
mem[X,0x800006C6] -> 0x08C0
[438] [M]: 0x800006C4 (0x08C0A423) sw a2, 0x88(ra)
mem[0x80006218] <- 0xFFFFFFFF

mem[X,0x800006C8] -> 0x5537
mem[X,0x800006CA] -> 0xFFFF
[439] [M]: 0x800006C8 (0xFFFF5537) lui a0, -0xb
x10 <- 0xFFFF5000

mem[X,0x800006CC] -> 0x0513
mem[X,0x800006CE] -> 0xAFC5
[440] [M]: 0x800006CC (0xAFC50513) addi a0, a0, -0x504
x10 <- 0xFFFF4AFC

mem[X,0x800006D0] -> 0x05B7
mem[X,0x800006D2] -> 0xF800
[441] [M]: 0x800006D0 (0xF80005B7) lui a1, -0x8000
x11 <- 0xF8000000

mem[X,0x800006D4] -> 0x8593
mem[X,0x800006D6] -> 0xFFF5
[442] [M]: 0x800006D4 (0xFFF58593) addi a1, a1, -0x1
x11 <- 0xF7FFFFFF

mem[X,0x800006D8] -> 0x1633
mem[X,0x800006DA] -> 0x02B5
[443] [M]: 0x800006D8 (0x02B51633) mulh a2, a0, a1
x12 <- 0x000005A8

mem[X,0x800006DC] -> 0xA623
mem[X,0x800006DE] -> 0x08C0
[444] [M]: 0x800006DC (0x08C0A623) sw a2, 0x8c(ra)
mem[0x8000621C] <- 0x000005A8

mem[X,0x800006E0] -> 0x1537
mem[X,0x800006E2] -> 0x0000
[445] [M]: 0x800006E0 (0x00001537) lui a0, 0x1
x10 <- 0x00001000

mem[X,0x800006E4] -> 0x0513
mem[X,0x800006E6] -> 0x8005
[446] [M]: 0x800006E4 (0x80050513) addi a0, a0, -0x800
x10 <- 0x00000800

mem[X,0x800006E8] -> 0x05B7
mem[X,0x800006EA] -> 0xF000
[447] [M]: 0x800006E8 (0xF00005B7) lui a1, -0x10000
x11 <- 0xF0000000

mem[X,0x800006EC] -> 0x8593
mem[X,0x800006EE] -> 0xFFF5
[448] [M]: 0x800006EC (0xFFF58593) addi a1, a1, -0x1
x11 <- 0xEFFFFFFF

mem[X,0x800006F0] -> 0x1633
mem[X,0x800006F2] -> 0x02B5
[449] [M]: 0x800006F0 (0x02B51633) mulh a2, a0, a1
x12 <- 0xFFFFFF7F

mem[X,0x800006F4] -> 0xA823
mem[X,0x800006F6] -> 0x08C0
[450] [M]: 0x800006F4 (0x08C0A823) sw a2, 0x90(ra)
mem[0x80006220] <- 0xFFFFFF7F

mem[X,0x800006F8] -> 0x0537
mem[X,0x800006FA] -> 0x0002
[451] [M]: 0x800006F8 (0x00020537) lui a0, 0x20
x10 <- 0x00020000

mem[X,0x800006FC] -> 0x05B7
mem[X,0x800006FE] -> 0xE000
[452] [M]: 0x800006FC (0xE00005B7) lui a1, -0x20000
x11 <- 0xE0000000

mem[X,0x80000700] -> 0x8593
mem[X,0x80000702] -> 0xFFF5
[453] [M]: 0x80000700 (0xFFF58593) addi a1, a1, -0x1
x11 <- 0xDFFFFFFF

mem[X,0x80000704] -> 0x1633
mem[X,0x80000706] -> 0x02B5
[454] [M]: 0x80000704 (0x02B51633) mulh a2, a0, a1
x12 <- 0xFFFFBFFF

mem[X,0x80000708] -> 0xAA23
mem[X,0x8000070A] -> 0x08C0
[455] [M]: 0x80000708 (0x08C0AA23) sw a2, 0x94(ra)
mem[0x80006224] <- 0xFFFFBFFF

mem[X,0x8000070C] -> 0xC537
mem[X,0x8000070E] -> 0xFFFF
[456] [M]: 0x8000070C (0xFFFFC537) lui a0, -0x4
x10 <- 0xFFFFC000

mem[X,0x80000710] -> 0x0513
mem[X,0x80000712] -> 0xFFF5
[457] [M]: 0x80000710 (0xFFF50513) addi a0, a0, -0x1
x10 <- 0xFFFFBFFF

mem[X,0x80000714] -> 0x05B7
mem[X,0x80000716] -> 0xC000
[458] [M]: 0x80000714 (0xC00005B7) lui a1, -0x40000
x11 <- 0xC0000000

mem[X,0x80000718] -> 0x8593
mem[X,0x8000071A] -> 0xFFF5
[459] [M]: 0x80000718 (0xFFF58593) addi a1, a1, -0x1
x11 <- 0xBFFFFFFF

mem[X,0x8000071C] -> 0x1633
mem[X,0x8000071E] -> 0x02B5
[460] [M]: 0x8000071C (0x02B51633) mulh a2, a0, a1
x12 <- 0x00001000

mem[X,0x80000720] -> 0xAC23
mem[X,0x80000722] -> 0x08C0
[461] [M]: 0x80000720 (0x08C0AC23) sw a2, 0x98(ra)
mem[0x80006228] <- 0x00001000

mem[X,0x80000724] -> 0x0513
mem[X,0x80000726] -> 0x0060
[462] [M]: 0x80000724 (0x00600513) addi a0, zero, 0x6
x10 <- 0x00000006

mem[X,0x80000728] -> 0xB5B7
mem[X,0x8000072A] -> 0xAAAA
[463] [M]: 0x80000728 (0xAAAAB5B7) lui a1, -0x55555
x11 <- 0xAAAAB000

mem[X,0x8000072C] -> 0x8593
mem[X,0x8000072E] -> 0xAAA5
[464] [M]: 0x8000072C (0xAAA58593) addi a1, a1, -0x556
x11 <- 0xAAAAAAAA

mem[X,0x80000730] -> 0x1633
mem[X,0x80000732] -> 0x02B5
[465] [M]: 0x80000730 (0x02B51633) mulh a2, a0, a1
x12 <- 0xFFFFFFFD

mem[X,0x80000734] -> 0xAE23
mem[X,0x80000736] -> 0x08C0
[466] [M]: 0x80000734 (0x08C0AE23) sw a2, 0x9c(ra)
mem[0x8000622C] <- 0xFFFFFFFD

mem[X,0x80000738] -> 0x0513
mem[X,0x8000073A] -> 0x0080
[467] [M]: 0x80000738 (0x00800513) addi a0, zero, 0x8
x10 <- 0x00000008

mem[X,0x8000073C] -> 0x35B7
mem[X,0x8000073E] -> 0x3333
[468] [M]: 0x8000073C (0x333335B7) lui a1, 0x33333
x11 <- 0x33333000

mem[X,0x80000740] -> 0x8593
mem[X,0x80000742] -> 0x3335
[469] [M]: 0x80000740 (0x33358593) addi a1, a1, 0x333
x11 <- 0x33333333

mem[X,0x80000744] -> 0x1633
mem[X,0x80000746] -> 0x02B5
[470] [M]: 0x80000744 (0x02B51633) mulh a2, a0, a1
x12 <- 0x00000001

mem[X,0x80000748] -> 0xA023
mem[X,0x8000074A] -> 0x0AC0
[471] [M]: 0x80000748 (0x0AC0A023) sw a2, 0xa0(ra)
mem[0x80006230] <- 0x00000001

mem[X,0x8000074C] -> 0x0513
mem[X,0x8000074E] -> 0x0100
[472] [M]: 0x8000074C (0x01000513) addi a0, zero, 0x10
x10 <- 0x00000010

mem[X,0x80000750] -> 0x0593
mem[X,0x80000752] -> 0x0040
[473] [M]: 0x80000750 (0x00400593) addi a1, zero, 0x4
x11 <- 0x00000004

mem[X,0x80000754] -> 0x1633
mem[X,0x80000756] -> 0x02B5
[474] [M]: 0x80000754 (0x02B51633) mulh a2, a0, a1
x12 <- 0x00000000

mem[X,0x80000758] -> 0xA223
mem[X,0x8000075A] -> 0x0AC0
[475] [M]: 0x80000758 (0x0AC0A223) sw a2, 0xa4(ra)
mem[0x80006234] <- 0x00000000

mem[X,0x8000075C] -> 0x0513
mem[X,0x8000075E] -> 0x0200
[476] [M]: 0x8000075C (0x02000513) addi a0, zero, 0x20
x10 <- 0x00000020

mem[X,0x80000760] -> 0x05B7
mem[X,0x80000762] -> 0x0008
[477] [M]: 0x80000760 (0x000805B7) lui a1, 0x80
x11 <- 0x00080000

mem[X,0x80000764] -> 0x1633
mem[X,0x80000766] -> 0x02B5
[478] [M]: 0x80000764 (0x02B51633) mulh a2, a0, a1
x12 <- 0x00000000

mem[X,0x80000768] -> 0xA423
mem[X,0x8000076A] -> 0x0AC0
[479] [M]: 0x80000768 (0x0AC0A423) sw a2, 0xa8(ra)
mem[0x80006238] <- 0x00000000

mem[X,0x8000076C] -> 0x0513
mem[X,0x8000076E] -> 0x0400
[480] [M]: 0x8000076C (0x04000513) addi a0, zero, 0x40
x10 <- 0x00000040

mem[X,0x80000770] -> 0x35B7
mem[X,0x80000772] -> 0x3333
[481] [M]: 0x80000770 (0x333335B7) lui a1, 0x33333
x11 <- 0x33333000

mem[X,0x80000774] -> 0x8593
mem[X,0x80000776] -> 0x3325
[482] [M]: 0x80000774 (0x33258593) addi a1, a1, 0x332
x11 <- 0x33333332

mem[X,0x80000778] -> 0x1633
mem[X,0x8000077A] -> 0x02B5
[483] [M]: 0x80000778 (0x02B51633) mulh a2, a0, a1
x12 <- 0x0000000C

mem[X,0x8000077C] -> 0xA623
mem[X,0x8000077E] -> 0x0AC0
[484] [M]: 0x8000077C (0x0AC0A623) sw a2, 0xac(ra)
mem[0x8000623C] <- 0x0000000C

mem[X,0x80000780] -> 0x0513
mem[X,0x80000782] -> 0x1000
[485] [M]: 0x80000780 (0x10000513) addi a0, zero, 0x100
x10 <- 0x00000100

mem[X,0x80000784] -> 0x05B7
mem[X,0x80000786] -> 0xFFF0
[486] [M]: 0x80000784 (0xFFF005B7) lui a1, -0x100
x11 <- 0xFFF00000

mem[X,0x80000788] -> 0x8593
mem[X,0x8000078A] -> 0xFFF5
[487] [M]: 0x80000788 (0xFFF58593) addi a1, a1, -0x1
x11 <- 0xFFEFFFFF

mem[X,0x8000078C] -> 0x1633
mem[X,0x8000078E] -> 0x02B5
[488] [M]: 0x8000078C (0x02B51633) mulh a2, a0, a1
x12 <- 0xFFFFFFFF

mem[X,0x80000790] -> 0xA823
mem[X,0x80000792] -> 0x0AC0
[489] [M]: 0x80000790 (0x0AC0A823) sw a2, 0xb0(ra)
mem[0x80006240] <- 0xFFFFFFFF

mem[X,0x80000794] -> 0x1537
mem[X,0x80000796] -> 0x0000
[490] [M]: 0x80000794 (0x00001537) lui a0, 0x1
x10 <- 0x00001000

mem[X,0x80000798] -> 0x0593
mem[X,0x8000079A] -> 0x0000
[491] [M]: 0x80000798 (0x00000593) addi a1, zero, 0x0
x11 <- 0x00000000

mem[X,0x8000079C] -> 0x1633
mem[X,0x8000079E] -> 0x02B5
[492] [M]: 0x8000079C (0x02B51633) mulh a2, a0, a1
x12 <- 0x00000000

mem[X,0x800007A0] -> 0xAA23
mem[X,0x800007A2] -> 0x0AC0
[493] [M]: 0x800007A0 (0x0AC0AA23) sw a2, 0xb4(ra)
mem[0x80006244] <- 0x00000000

mem[X,0x800007A4] -> 0x4537
mem[X,0x800007A6] -> 0x0000
[494] [M]: 0x800007A4 (0x00004537) lui a0, 0x4
x10 <- 0x00004000

mem[X,0x800007A8] -> 0x0593
mem[X,0x800007AA] -> 0x1000
[495] [M]: 0x800007A8 (0x10000593) addi a1, zero, 0x100
x11 <- 0x00000100

mem[X,0x800007AC] -> 0x1633
mem[X,0x800007AE] -> 0x02B5
[496] [M]: 0x800007AC (0x02B51633) mulh a2, a0, a1
x12 <- 0x00000000

mem[X,0x800007B0] -> 0xAC23
mem[X,0x800007B2] -> 0x0AC0
[497] [M]: 0x800007B0 (0x0AC0AC23) sw a2, 0xb8(ra)
mem[0x80006248] <- 0x00000000

mem[X,0x800007B4] -> 0x8537
mem[X,0x800007B6] -> 0x0000
[498] [M]: 0x800007B4 (0x00008537) lui a0, 0x8
x10 <- 0x00008000

mem[X,0x800007B8] -> 0xB5B7
mem[X,0x800007BA] -> 0x0000
[499] [M]: 0x800007B8 (0x0000B5B7) lui a1, 0xb
x11 <- 0x0000B000

clint::tick mtime <- 0x0000000000000005
 clint timer pending at mtime 0x0000000000000005
htif::tick 0x0000000000000000
mem[X,0x800007BC] -> 0x8593
mem[X,0x800007BE] -> 0x5055
[500] [M]: 0x800007BC (0x50558593) addi a1, a1, 0x505
x11 <- 0x0000B505

mem[X,0x800007C0] -> 0x1633
mem[X,0x800007C2] -> 0x02B5
[501] [M]: 0x800007C0 (0x02B51633) mulh a2, a0, a1
x12 <- 0x00000000

mem[X,0x800007C4] -> 0xAE23
mem[X,0x800007C6] -> 0x0AC0
[502] [M]: 0x800007C4 (0x0AC0AE23) sw a2, 0xbc(ra)
mem[0x8000624C] <- 0x00000000

mem[X,0x800007C8] -> 0x0537
mem[X,0x800007CA] -> 0x0020
[503] [M]: 0x800007C8 (0x00200537) lui a0, 0x200
x10 <- 0x00200000

mem[X,0x800007CC] -> 0x0593
mem[X,0x800007CE] -> 0x0000
[504] [M]: 0x800007CC (0x00000593) addi a1, zero, 0x0
x11 <- 0x00000000

mem[X,0x800007D0] -> 0x1633
mem[X,0x800007D2] -> 0x02B5
[505] [M]: 0x800007D0 (0x02B51633) mulh a2, a0, a1
x12 <- 0x00000000

mem[X,0x800007D4] -> 0xA023
mem[X,0x800007D6] -> 0x0CC0
[506] [M]: 0x800007D4 (0x0CC0A023) sw a2, 0xc0(ra)
mem[0x80006250] <- 0x00000000

mem[X,0x800007D8] -> 0x0537
mem[X,0x800007DA] -> 0x0040
[507] [M]: 0x800007D8 (0x00400537) lui a0, 0x400
x10 <- 0x00400000

mem[X,0x800007DC] -> 0x05B7
mem[X,0x800007DE] -> 0x1000
[508] [M]: 0x800007DC (0x100005B7) lui a1, 0x10000
x11 <- 0x10000000

mem[X,0x800007E0] -> 0x1633
mem[X,0x800007E2] -> 0x02B5
[509] [M]: 0x800007E0 (0x02B51633) mulh a2, a0, a1
x12 <- 0x00040000

mem[X,0x800007E4] -> 0xA223
mem[X,0x800007E6] -> 0x0CC0
[510] [M]: 0x800007E4 (0x0CC0A223) sw a2, 0xc4(ra)
mem[0x80006254] <- 0x00040000

mem[X,0x800007E8] -> 0x0537
mem[X,0x800007EA] -> 0x0400
[511] [M]: 0x800007E8 (0x04000537) lui a0, 0x4000
x10 <- 0x04000000

mem[X,0x800007EC] -> 0xB5B7
mem[X,0x800007EE] -> 0xAAAA
[512] [M]: 0x800007EC (0xAAAAB5B7) lui a1, -0x55555
x11 <- 0xAAAAB000

mem[X,0x800007F0] -> 0x8593
mem[X,0x800007F2] -> 0xAAB5
[513] [M]: 0x800007F0 (0xAAB58593) addi a1, a1, -0x555
x11 <- 0xAAAAAAAB

mem[X,0x800007F4] -> 0x1633
mem[X,0x800007F6] -> 0x02B5
[514] [M]: 0x800007F4 (0x02B51633) mulh a2, a0, a1
x12 <- 0xFEAAAAAA

mem[X,0x800007F8] -> 0xA423
mem[X,0x800007FA] -> 0x0CC0
[515] [M]: 0x800007F8 (0x0CC0A423) sw a2, 0xc8(ra)
mem[0x80006258] <- 0xFEAAAAAA

mem[X,0x800007FC] -> 0x0537
mem[X,0x800007FE] -> 0x0800
[516] [M]: 0x800007FC (0x08000537) lui a0, 0x8000
x10 <- 0x08000000

mem[X,0x80000800] -> 0xB5B7
mem[X,0x80000802] -> 0x0000
[517] [M]: 0x80000800 (0x0000B5B7) lui a1, 0xb
x11 <- 0x0000B000

mem[X,0x80000804] -> 0x8593
mem[X,0x80000806] -> 0x5045
[518] [M]: 0x80000804 (0x50458593) addi a1, a1, 0x504
x11 <- 0x0000B504

mem[X,0x80000808] -> 0x1633
mem[X,0x8000080A] -> 0x02B5
[519] [M]: 0x80000808 (0x02B51633) mulh a2, a0, a1
x12 <- 0x000005A8

mem[X,0x8000080C] -> 0xA623
mem[X,0x8000080E] -> 0x0CC0
[520] [M]: 0x8000080C (0x0CC0A623) sw a2, 0xcc(ra)
mem[0x8000625C] <- 0x000005A8

mem[X,0x80000810] -> 0x0537
mem[X,0x80000812] -> 0x1000
[521] [M]: 0x80000810 (0x10000537) lui a0, 0x10000
x10 <- 0x10000000

mem[X,0x80000814] -> 0x05B7
mem[X,0x80000816] -> 0xC000
[522] [M]: 0x80000814 (0xC00005B7) lui a1, -0x40000
x11 <- 0xC0000000

mem[X,0x80000818] -> 0x8593
mem[X,0x8000081A] -> 0xFFF5
[523] [M]: 0x80000818 (0xFFF58593) addi a1, a1, -0x1
x11 <- 0xBFFFFFFF

mem[X,0x8000081C] -> 0x1633
mem[X,0x8000081E] -> 0x02B5
[524] [M]: 0x8000081C (0x02B51633) mulh a2, a0, a1
x12 <- 0xFBFFFFFF

mem[X,0x80000820] -> 0xA823
mem[X,0x80000822] -> 0x0CC0
[525] [M]: 0x80000820 (0x0CC0A823) sw a2, 0xd0(ra)
mem[0x80006260] <- 0xFBFFFFFF

mem[X,0x80000824] -> 0x0537
mem[X,0x80000826] -> 0x2000
[526] [M]: 0x80000824 (0x20000537) lui a0, 0x20000
x10 <- 0x20000000

mem[X,0x80000828] -> 0x0593
mem[X,0x8000082A] -> 0xFEF0
[527] [M]: 0x80000828 (0xFEF00593) addi a1, zero, -0x11
x11 <- 0xFFFFFFEF

mem[X,0x8000082C] -> 0x1633
mem[X,0x8000082E] -> 0x02B5
[528] [M]: 0x8000082C (0x02B51633) mulh a2, a0, a1
x12 <- 0xFFFFFFFD

mem[X,0x80000830] -> 0xAA23
mem[X,0x80000832] -> 0x0CC0
[529] [M]: 0x80000830 (0x0CC0AA23) sw a2, 0xd4(ra)
mem[0x80006264] <- 0xFFFFFFFD

mem[X,0x80000834] -> 0x0537
mem[X,0x80000836] -> 0x4000
[530] [M]: 0x80000834 (0x40000537) lui a0, 0x40000
x10 <- 0x40000000

mem[X,0x80000838] -> 0xE5B7
mem[X,0x8000083A] -> 0xFFFF
[531] [M]: 0x80000838 (0xFFFFE5B7) lui a1, -0x2
x11 <- 0xFFFFE000

mem[X,0x8000083C] -> 0x8593
mem[X,0x8000083E] -> 0xFFF5
[532] [M]: 0x8000083C (0xFFF58593) addi a1, a1, -0x1
x11 <- 0xFFFFDFFF

mem[X,0x80000840] -> 0x1633
mem[X,0x80000842] -> 0x02B5
[533] [M]: 0x80000840 (0x02B51633) mulh a2, a0, a1
x12 <- 0xFFFFF7FF

mem[X,0x80000844] -> 0xAC23
mem[X,0x80000846] -> 0x0CC0
[534] [M]: 0x80000844 (0x0CC0AC23) sw a2, 0xd8(ra)
mem[0x80006268] <- 0xFFFFF7FF

mem[X,0x80000848] -> 0x0513
mem[X,0x8000084A] -> 0xFFD0
[535] [M]: 0x80000848 (0xFFD00513) addi a0, zero, -0x3
x10 <- 0xFFFFFFFD

mem[X,0x8000084C] -> 0x0593
mem[X,0x8000084E] -> 0x0400
[536] [M]: 0x8000084C (0x04000593) addi a1, zero, 0x40
x11 <- 0x00000040

mem[X,0x80000850] -> 0x1633
mem[X,0x80000852] -> 0x02B5
[537] [M]: 0x80000850 (0x02B51633) mulh a2, a0, a1
x12 <- 0xFFFFFFFF

mem[X,0x80000854] -> 0xAE23
mem[X,0x80000856] -> 0x0CC0
[538] [M]: 0x80000854 (0x0CC0AE23) sw a2, 0xdc(ra)
mem[0x8000626C] <- 0xFFFFFFFF

mem[X,0x80000858] -> 0x0513
mem[X,0x8000085A] -> 0xFF70
[539] [M]: 0x80000858 (0xFF700513) addi a0, zero, -0x9
x10 <- 0xFFFFFFF7

mem[X,0x8000085C] -> 0x55B7
mem[X,0x8000085E] -> 0x5555
[540] [M]: 0x8000085C (0x555555B7) lui a1, 0x55555
x11 <- 0x55555000

mem[X,0x80000860] -> 0x8593
mem[X,0x80000862] -> 0x5545
[541] [M]: 0x80000860 (0x55458593) addi a1, a1, 0x554
x11 <- 0x55555554

mem[X,0x80000864] -> 0x1633
mem[X,0x80000866] -> 0x02B5
[542] [M]: 0x80000864 (0x02B51633) mulh a2, a0, a1
x12 <- 0xFFFFFFFD

mem[X,0x80000868] -> 0xA023
mem[X,0x8000086A] -> 0x0EC0
[543] [M]: 0x80000868 (0x0EC0A023) sw a2, 0xe0(ra)
mem[0x80006270] <- 0xFFFFFFFD

mem[X,0x8000086C] -> 0x0513
mem[X,0x8000086E] -> 0xEFF0
[544] [M]: 0x8000086C (0xEFF00513) addi a0, zero, -0x101
x10 <- 0xFFFFFEFF

mem[X,0x80000870] -> 0x0593
mem[X,0x80000872] -> 0x0000
[545] [M]: 0x80000870 (0x00000593) addi a1, zero, 0x0
x11 <- 0x00000000

mem[X,0x80000874] -> 0x1633
mem[X,0x80000876] -> 0x02B5
[546] [M]: 0x80000874 (0x02B51633) mulh a2, a0, a1
x12 <- 0x00000000

mem[X,0x80000878] -> 0xA223
mem[X,0x8000087A] -> 0x0EC0
[547] [M]: 0x80000878 (0x0EC0A223) sw a2, 0xe4(ra)
mem[0x80006274] <- 0x00000000

mem[X,0x8000087C] -> 0x0513
mem[X,0x8000087E] -> 0xDFF0
[548] [M]: 0x8000087C (0xDFF00513) addi a0, zero, -0x201
x10 <- 0xFFFFFDFF

mem[X,0x80000880] -> 0x0593
mem[X,0x80000882] -> 0x0400
[549] [M]: 0x80000880 (0x04000593) addi a1, zero, 0x40
x11 <- 0x00000040

mem[X,0x80000884] -> 0x1633
mem[X,0x80000886] -> 0x02B5
[550] [M]: 0x80000884 (0x02B51633) mulh a2, a0, a1
x12 <- 0xFFFFFFFF

mem[X,0x80000888] -> 0xA423
mem[X,0x8000088A] -> 0x0EC0
[551] [M]: 0x80000888 (0x0EC0A423) sw a2, 0xe8(ra)
mem[0x80006278] <- 0xFFFFFFFF

mem[X,0x8000088C] -> 0x0513
mem[X,0x8000088E] -> 0xBFF0
[552] [M]: 0x8000088C (0xBFF00513) addi a0, zero, -0x401
x10 <- 0xFFFFFBFF

mem[X,0x80000890] -> 0x05B7
mem[X,0x80000892] -> 0x8000
[553] [M]: 0x80000890 (0x800005B7) lui a1, -0x80000
x11 <- 0x80000000

mem[X,0x80000894] -> 0x8593
mem[X,0x80000896] -> 0xFFF5
[554] [M]: 0x80000894 (0xFFF58593) addi a1, a1, -0x1
x11 <- 0x7FFFFFFF

mem[X,0x80000898] -> 0x1633
mem[X,0x8000089A] -> 0x02B5
[555] [M]: 0x80000898 (0x02B51633) mulh a2, a0, a1
x12 <- 0xFFFFFDFF

mem[X,0x8000089C] -> 0xA623
mem[X,0x8000089E] -> 0x0EC0
[556] [M]: 0x8000089C (0x0EC0A623) sw a2, 0xec(ra)
mem[0x8000627C] <- 0xFFFFFDFF

mem[X,0x800008A0] -> 0x0537
mem[X,0x800008A2] -> 0xFFFF
[557] [M]: 0x800008A0 (0xFFFF0537) lui a0, -0x10
x10 <- 0xFFFF0000

mem[X,0x800008A4] -> 0x0513
mem[X,0x800008A6] -> 0xFFF5
[558] [M]: 0x800008A4 (0xFFF50513) addi a0, a0, -0x1
x10 <- 0xFFFEFFFF

mem[X,0x800008A8] -> 0x05B7
mem[X,0x800008AA] -> 0xFFFF
[559] [M]: 0x800008A8 (0xFFFF05B7) lui a1, -0x10
x11 <- 0xFFFF0000

mem[X,0x800008AC] -> 0x8593
mem[X,0x800008AE] -> 0xFFF5
[560] [M]: 0x800008AC (0xFFF58593) addi a1, a1, -0x1
x11 <- 0xFFFEFFFF

mem[X,0x800008B0] -> 0x1633
mem[X,0x800008B2] -> 0x02B5
[561] [M]: 0x800008B0 (0x02B51633) mulh a2, a0, a1
x12 <- 0x00000001

mem[X,0x800008B4] -> 0xA823
mem[X,0x800008B6] -> 0x0EC0
[562] [M]: 0x800008B4 (0x0EC0A823) sw a2, 0xf0(ra)
mem[0x80006280] <- 0x00000001

mem[X,0x800008B8] -> 0x0537
mem[X,0x800008BA] -> 0xFFFC
[563] [M]: 0x800008B8 (0xFFFC0537) lui a0, -0x40
x10 <- 0xFFFC0000

mem[X,0x800008BC] -> 0x0513
mem[X,0x800008BE] -> 0xFFF5
[564] [M]: 0x800008BC (0xFFF50513) addi a0, a0, -0x1
x10 <- 0xFFFBFFFF

mem[X,0x800008C0] -> 0x05B7
mem[X,0x800008C2] -> 0xFC00
[565] [M]: 0x800008C0 (0xFC0005B7) lui a1, -0x4000
x11 <- 0xFC000000

mem[X,0x800008C4] -> 0x8593
mem[X,0x800008C6] -> 0xFFF5
[566] [M]: 0x800008C4 (0xFFF58593) addi a1, a1, -0x1
x11 <- 0xFBFFFFFF

mem[X,0x800008C8] -> 0x1633
mem[X,0x800008CA] -> 0x02B5
[567] [M]: 0x800008C8 (0x02B51633) mulh a2, a0, a1
x12 <- 0x00001000

mem[X,0x800008CC] -> 0xAA23
mem[X,0x800008CE] -> 0x0EC0
[568] [M]: 0x800008CC (0x0EC0AA23) sw a2, 0xf4(ra)
mem[0x80006284] <- 0x00001000

mem[X,0x800008D0] -> 0x0537
mem[X,0x800008D2] -> 0xFFF0
[569] [M]: 0x800008D0 (0xFFF00537) lui a0, -0x100
x10 <- 0xFFF00000

mem[X,0x800008D4] -> 0x0513
mem[X,0x800008D6] -> 0xFFF5
[570] [M]: 0x800008D4 (0xFFF50513) addi a0, a0, -0x1
x10 <- 0xFFEFFFFF

mem[X,0x800008D8] -> 0x0593
mem[X,0x800008DA] -> 0x2000
[571] [M]: 0x800008D8 (0x20000593) addi a1, zero, 0x200
x11 <- 0x00000200

mem[X,0x800008DC] -> 0x1633
mem[X,0x800008DE] -> 0x02B5
[572] [M]: 0x800008DC (0x02B51633) mulh a2, a0, a1
x12 <- 0xFFFFFFFF

mem[X,0x800008E0] -> 0xAC23
mem[X,0x800008E2] -> 0x0EC0
[573] [M]: 0x800008E0 (0x0EC0AC23) sw a2, 0xf8(ra)
mem[0x80006288] <- 0xFFFFFFFF

mem[X,0x800008E4] -> 0x0537
mem[X,0x800008E6] -> 0xFFE0
[574] [M]: 0x800008E4 (0xFFE00537) lui a0, -0x200
x10 <- 0xFFE00000

mem[X,0x800008E8] -> 0x0513
mem[X,0x800008EA] -> 0xFFF5
[575] [M]: 0x800008E8 (0xFFF50513) addi a0, a0, -0x1
x10 <- 0xFFDFFFFF

mem[X,0x800008EC] -> 0xB5B7
mem[X,0x800008EE] -> 0x0000
[576] [M]: 0x800008EC (0x0000B5B7) lui a1, 0xb
x11 <- 0x0000B000

mem[X,0x800008F0] -> 0x8593
mem[X,0x800008F2] -> 0x5035
[577] [M]: 0x800008F0 (0x50358593) addi a1, a1, 0x503
x11 <- 0x0000B503

mem[X,0x800008F4] -> 0x1633
mem[X,0x800008F6] -> 0x02B5
[578] [M]: 0x800008F4 (0x02B51633) mulh a2, a0, a1
x12 <- 0xFFFFFFE9

mem[X,0x800008F8] -> 0xAE23
mem[X,0x800008FA] -> 0x0EC0
[579] [M]: 0x800008F8 (0x0EC0AE23) sw a2, 0xfc(ra)
mem[0x8000628C] <- 0xFFFFFFE9

mem[X,0x800008FC] -> 0x0537
mem[X,0x800008FE] -> 0xFFC0
[580] [M]: 0x800008FC (0xFFC00537) lui a0, -0x400
x10 <- 0xFFC00000

mem[X,0x80000900] -> 0x0513
mem[X,0x80000902] -> 0xFFF5
[581] [M]: 0x80000900 (0xFFF50513) addi a0, a0, -0x1
x10 <- 0xFFBFFFFF

mem[X,0x80000904] -> 0x05B7
mem[X,0x80000906] -> 0x0040
[582] [M]: 0x80000904 (0x004005B7) lui a1, 0x400
x11 <- 0x00400000

mem[X,0x80000908] -> 0x1633
mem[X,0x8000090A] -> 0x02B5
[583] [M]: 0x80000908 (0x02B51633) mulh a2, a0, a1
x12 <- 0xFFFFEFFF

mem[X,0x8000090C] -> 0xA023
mem[X,0x8000090E] -> 0x10C0
[584] [M]: 0x8000090C (0x10C0A023) sw a2, 0x100(ra)
mem[0x80006290] <- 0xFFFFEFFF

mem[X,0x80000910] -> 0x0537
mem[X,0x80000912] -> 0xFC00
[585] [M]: 0x80000910 (0xFC000537) lui a0, -0x4000
x10 <- 0xFC000000

mem[X,0x80000914] -> 0x0513
mem[X,0x80000916] -> 0xFFF5
[586] [M]: 0x80000914 (0xFFF50513) addi a0, a0, -0x1
x10 <- 0xFBFFFFFF

mem[X,0x80000918] -> 0x05B7
mem[X,0x8000091A] -> 0x4000
[587] [M]: 0x80000918 (0x400005B7) lui a1, 0x40000
x11 <- 0x40000000

mem[X,0x8000091C] -> 0x8593
mem[X,0x8000091E] -> 0xFFF5
[588] [M]: 0x8000091C (0xFFF58593) addi a1, a1, -0x1
x11 <- 0x3FFFFFFF

mem[X,0x80000920] -> 0x1633
mem[X,0x80000922] -> 0x02B5
[589] [M]: 0x80000920 (0x02B51633) mulh a2, a0, a1
x12 <- 0xFEFFFFFF

mem[X,0x80000924] -> 0xA223
mem[X,0x80000926] -> 0x10C0
[590] [M]: 0x80000924 (0x10C0A223) sw a2, 0x104(ra)
mem[0x80006294] <- 0xFEFFFFFF

mem[X,0x80000928] -> 0x0537
mem[X,0x8000092A] -> 0xF800
[591] [M]: 0x80000928 (0xF8000537) lui a0, -0x8000
x10 <- 0xF8000000

mem[X,0x8000092C] -> 0x0513
mem[X,0x8000092E] -> 0xFFF5
[592] [M]: 0x8000092C (0xFFF50513) addi a0, a0, -0x1
x10 <- 0xF7FFFFFF

mem[X,0x80000930] -> 0x0593
mem[X,0x80000932] -> 0xFEF0
[593] [M]: 0x80000930 (0xFEF00593) addi a1, zero, -0x11
x11 <- 0xFFFFFFEF

mem[X,0x80000934] -> 0x1633
mem[X,0x80000936] -> 0x02B5
[594] [M]: 0x80000934 (0x02B51633) mulh a2, a0, a1
x12 <- 0x00000000

mem[X,0x80000938] -> 0xA423
mem[X,0x8000093A] -> 0x10C0
[595] [M]: 0x80000938 (0x10C0A423) sw a2, 0x108(ra)
mem[0x80006298] <- 0x00000000

mem[X,0x8000093C] -> 0x0537
mem[X,0x8000093E] -> 0xF000
[596] [M]: 0x8000093C (0xF0000537) lui a0, -0x10000
x10 <- 0xF0000000

mem[X,0x80000940] -> 0x0513
mem[X,0x80000942] -> 0xFFF5
[597] [M]: 0x80000940 (0xFFF50513) addi a0, a0, -0x1
x10 <- 0xEFFFFFFF

mem[X,0x80000944] -> 0x0593
mem[X,0x80000946] -> 0x0000
[598] [M]: 0x80000944 (0x00000593) addi a1, zero, 0x0
x11 <- 0x00000000

mem[X,0x80000948] -> 0x1633
mem[X,0x8000094A] -> 0x02B5
[599] [M]: 0x80000948 (0x02B51633) mulh a2, a0, a1
x12 <- 0x00000000

clint::tick mtime <- 0x0000000000000006
 clint timer pending at mtime 0x0000000000000006
htif::tick 0x0000000000000000
mem[X,0x8000094C] -> 0xA623
mem[X,0x8000094E] -> 0x10C0
[600] [M]: 0x8000094C (0x10C0A623) sw a2, 0x10c(ra)
mem[0x8000629C] <- 0x00000000

mem[X,0x80000950] -> 0x5537
mem[X,0x80000952] -> 0x5555
[601] [M]: 0x80000950 (0x55555537) lui a0, 0x55555
x10 <- 0x55555000

mem[X,0x80000954] -> 0x0513
mem[X,0x80000956] -> 0x5555
[602] [M]: 0x80000954 (0x55550513) addi a0, a0, 0x555
x10 <- 0x55555555

mem[X,0x80000958] -> 0x0593
mem[X,0x8000095A] -> 0xFF70
[603] [M]: 0x80000958 (0xFF700593) addi a1, zero, -0x9
x11 <- 0xFFFFFFF7

mem[X,0x8000095C] -> 0x1633
mem[X,0x8000095E] -> 0x02B5
[604] [M]: 0x8000095C (0x02B51633) mulh a2, a0, a1
x12 <- 0xFFFFFFFD

mem[X,0x80000960] -> 0xA823
mem[X,0x80000962] -> 0x10C0
[605] [M]: 0x80000960 (0x10C0A823) sw a2, 0x110(ra)
mem[0x800062A0] <- 0xFFFFFFFD

mem[X,0x80000964] -> 0x0513
mem[X,0x80000966] -> 0x0030
[606] [M]: 0x80000964 (0x00300513) addi a0, zero, 0x3
x10 <- 0x00000003

mem[X,0x80000968] -> 0x0593
mem[X,0x8000096A] -> 0x0030
[607] [M]: 0x80000968 (0x00300593) addi a1, zero, 0x3
x11 <- 0x00000003

mem[X,0x8000096C] -> 0x1633
mem[X,0x8000096E] -> 0x02B5
[608] [M]: 0x8000096C (0x02B51633) mulh a2, a0, a1
x12 <- 0x00000000

mem[X,0x80000970] -> 0xAA23
mem[X,0x80000972] -> 0x10C0
[609] [M]: 0x80000970 (0x10C0AA23) sw a2, 0x114(ra)
mem[0x800062A4] <- 0x00000000

mem[X,0x80000974] -> 0x0513
mem[X,0x80000976] -> 0x0030
[610] [M]: 0x80000974 (0x00300513) addi a0, zero, 0x3
x10 <- 0x00000003

mem[X,0x80000978] -> 0x55B7
mem[X,0x8000097A] -> 0x5555
[611] [M]: 0x80000978 (0x555555B7) lui a1, 0x55555
x11 <- 0x55555000

mem[X,0x8000097C] -> 0x8593
mem[X,0x8000097E] -> 0x5555
[612] [M]: 0x8000097C (0x55558593) addi a1, a1, 0x555
x11 <- 0x55555555

mem[X,0x80000980] -> 0x1633
mem[X,0x80000982] -> 0x02B5
[613] [M]: 0x80000980 (0x02B51633) mulh a2, a0, a1
x12 <- 0x00000000

mem[X,0x80000984] -> 0xAC23
mem[X,0x80000986] -> 0x10C0
[614] [M]: 0x80000984 (0x10C0AC23) sw a2, 0x118(ra)
mem[0x800062A8] <- 0x00000000

mem[X,0x80000988] -> 0x0513
mem[X,0x8000098A] -> 0x0030
[615] [M]: 0x80000988 (0x00300513) addi a0, zero, 0x3
x10 <- 0x00000003

mem[X,0x8000098C] -> 0xB5B7
mem[X,0x8000098E] -> 0xAAAA
[616] [M]: 0x8000098C (0xAAAAB5B7) lui a1, -0x55555
x11 <- 0xAAAAB000

mem[X,0x80000990] -> 0x8593
mem[X,0x80000992] -> 0xAAA5
[617] [M]: 0x80000990 (0xAAA58593) addi a1, a1, -0x556
x11 <- 0xAAAAAAAA

mem[X,0x80000994] -> 0x1633
mem[X,0x80000996] -> 0x02B5
[618] [M]: 0x80000994 (0x02B51633) mulh a2, a0, a1
x12 <- 0xFFFFFFFE

mem[X,0x80000998] -> 0xAE23
mem[X,0x8000099A] -> 0x10C0
[619] [M]: 0x80000998 (0x10C0AE23) sw a2, 0x11c(ra)
mem[0x800062AC] <- 0xFFFFFFFE

mem[X,0x8000099C] -> 0x0513
mem[X,0x8000099E] -> 0x0030
[620] [M]: 0x8000099C (0x00300513) addi a0, zero, 0x3
x10 <- 0x00000003

mem[X,0x800009A0] -> 0x0593
mem[X,0x800009A2] -> 0x0050
[621] [M]: 0x800009A0 (0x00500593) addi a1, zero, 0x5
x11 <- 0x00000005

mem[X,0x800009A4] -> 0x1633
mem[X,0x800009A6] -> 0x02B5
[622] [M]: 0x800009A4 (0x02B51633) mulh a2, a0, a1
x12 <- 0x00000000

mem[X,0x800009A8] -> 0xA023
mem[X,0x800009AA] -> 0x12C0
[623] [M]: 0x800009A8 (0x12C0A023) sw a2, 0x120(ra)
mem[0x800062B0] <- 0x00000000

mem[X,0x800009AC] -> 0x0513
mem[X,0x800009AE] -> 0x0030
[624] [M]: 0x800009AC (0x00300513) addi a0, zero, 0x3
x10 <- 0x00000003

mem[X,0x800009B0] -> 0x35B7
mem[X,0x800009B2] -> 0x3333
[625] [M]: 0x800009B0 (0x333335B7) lui a1, 0x33333
x11 <- 0x33333000

mem[X,0x800009B4] -> 0x8593
mem[X,0x800009B6] -> 0x3335
[626] [M]: 0x800009B4 (0x33358593) addi a1, a1, 0x333
x11 <- 0x33333333

mem[X,0x800009B8] -> 0x1633
mem[X,0x800009BA] -> 0x02B5
[627] [M]: 0x800009B8 (0x02B51633) mulh a2, a0, a1
x12 <- 0x00000000

mem[X,0x800009BC] -> 0xA223
mem[X,0x800009BE] -> 0x12C0
[628] [M]: 0x800009BC (0x12C0A223) sw a2, 0x124(ra)
mem[0x800062B4] <- 0x00000000

mem[X,0x800009C0] -> 0x0513
mem[X,0x800009C2] -> 0x0030
[629] [M]: 0x800009C0 (0x00300513) addi a0, zero, 0x3
x10 <- 0x00000003

mem[X,0x800009C4] -> 0x65B7
mem[X,0x800009C6] -> 0x6666
[630] [M]: 0x800009C4 (0x666665B7) lui a1, 0x66666
x11 <- 0x66666000

mem[X,0x800009C8] -> 0x8593
mem[X,0x800009CA] -> 0x6665
[631] [M]: 0x800009C8 (0x66658593) addi a1, a1, 0x666
x11 <- 0x66666666

mem[X,0x800009CC] -> 0x1633
mem[X,0x800009CE] -> 0x02B5
[632] [M]: 0x800009CC (0x02B51633) mulh a2, a0, a1
x12 <- 0x00000001

mem[X,0x800009D0] -> 0xA423
mem[X,0x800009D2] -> 0x12C0
[633] [M]: 0x800009D0 (0x12C0A423) sw a2, 0x128(ra)
mem[0x800062B8] <- 0x00000001

mem[X,0x800009D4] -> 0x0513
mem[X,0x800009D6] -> 0x0030
[634] [M]: 0x800009D4 (0x00300513) addi a0, zero, 0x3
x10 <- 0x00000003

mem[X,0x800009D8] -> 0x55B7
mem[X,0x800009DA] -> 0xFFFF
[635] [M]: 0x800009D8 (0xFFFF55B7) lui a1, -0xb
x11 <- 0xFFFF5000

mem[X,0x800009DC] -> 0x8593
mem[X,0x800009DE] -> 0xAFC5
[636] [M]: 0x800009DC (0xAFC58593) addi a1, a1, -0x504
x11 <- 0xFFFF4AFC

mem[X,0x800009E0] -> 0x1633
mem[X,0x800009E2] -> 0x02B5
[637] [M]: 0x800009E0 (0x02B51633) mulh a2, a0, a1
x12 <- 0xFFFFFFFF

mem[X,0x800009E4] -> 0xA623
mem[X,0x800009E6] -> 0x12C0
[638] [M]: 0x800009E4 (0x12C0A623) sw a2, 0x12c(ra)
mem[0x800062BC] <- 0xFFFFFFFF

mem[X,0x800009E8] -> 0x0513
mem[X,0x800009EA] -> 0x0030
[639] [M]: 0x800009E8 (0x00300513) addi a0, zero, 0x3
x10 <- 0x00000003

mem[X,0x800009EC] -> 0xB5B7
mem[X,0x800009EE] -> 0x0000
[640] [M]: 0x800009EC (0x0000B5B7) lui a1, 0xb
x11 <- 0x0000B000

mem[X,0x800009F0] -> 0x8593
mem[X,0x800009F2] -> 0x5045
[641] [M]: 0x800009F0 (0x50458593) addi a1, a1, 0x504
x11 <- 0x0000B504

mem[X,0x800009F4] -> 0x1633
mem[X,0x800009F6] -> 0x02B5
[642] [M]: 0x800009F4 (0x02B51633) mulh a2, a0, a1
x12 <- 0x00000000

mem[X,0x800009F8] -> 0xA823
mem[X,0x800009FA] -> 0x12C0
[643] [M]: 0x800009F8 (0x12C0A823) sw a2, 0x130(ra)
mem[0x800062C0] <- 0x00000000

mem[X,0x800009FC] -> 0x0513
mem[X,0x800009FE] -> 0x0030
[644] [M]: 0x800009FC (0x00300513) addi a0, zero, 0x3
x10 <- 0x00000003

mem[X,0x80000A00] -> 0x0593
mem[X,0x80000A02] -> 0x0020
[645] [M]: 0x80000A00 (0x00200593) addi a1, zero, 0x2
x11 <- 0x00000002

mem[X,0x80000A04] -> 0x1633
mem[X,0x80000A06] -> 0x02B5
[646] [M]: 0x80000A04 (0x02B51633) mulh a2, a0, a1
x12 <- 0x00000000

mem[X,0x80000A08] -> 0xAA23
mem[X,0x80000A0A] -> 0x12C0
[647] [M]: 0x80000A08 (0x12C0AA23) sw a2, 0x134(ra)
mem[0x800062C4] <- 0x00000000

mem[X,0x80000A0C] -> 0x0513
mem[X,0x80000A0E] -> 0x0030
[648] [M]: 0x80000A0C (0x00300513) addi a0, zero, 0x3
x10 <- 0x00000003

mem[X,0x80000A10] -> 0x55B7
mem[X,0x80000A12] -> 0x5555
[649] [M]: 0x80000A10 (0x555555B7) lui a1, 0x55555
x11 <- 0x55555000

mem[X,0x80000A14] -> 0x8593
mem[X,0x80000A16] -> 0x5545
[650] [M]: 0x80000A14 (0x55458593) addi a1, a1, 0x554
x11 <- 0x55555554

mem[X,0x80000A18] -> 0x1633
mem[X,0x80000A1A] -> 0x02B5
[651] [M]: 0x80000A18 (0x02B51633) mulh a2, a0, a1
x12 <- 0x00000000

mem[X,0x80000A1C] -> 0xAC23
mem[X,0x80000A1E] -> 0x12C0
[652] [M]: 0x80000A1C (0x12C0AC23) sw a2, 0x138(ra)
mem[0x800062C8] <- 0x00000000

mem[X,0x80000A20] -> 0x0513
mem[X,0x80000A22] -> 0x0030
[653] [M]: 0x80000A20 (0x00300513) addi a0, zero, 0x3
x10 <- 0x00000003

mem[X,0x80000A24] -> 0x0593
mem[X,0x80000A26] -> 0x0000
[654] [M]: 0x80000A24 (0x00000593) addi a1, zero, 0x0
x11 <- 0x00000000

mem[X,0x80000A28] -> 0x1633
mem[X,0x80000A2A] -> 0x02B5
[655] [M]: 0x80000A28 (0x02B51633) mulh a2, a0, a1
x12 <- 0x00000000

mem[X,0x80000A2C] -> 0xAE23
mem[X,0x80000A2E] -> 0x12C0
[656] [M]: 0x80000A2C (0x12C0AE23) sw a2, 0x13c(ra)
mem[0x800062CC] <- 0x00000000

mem[X,0x80000A30] -> 0x0513
mem[X,0x80000A32] -> 0x0030
[657] [M]: 0x80000A30 (0x00300513) addi a0, zero, 0x3
x10 <- 0x00000003

mem[X,0x80000A34] -> 0x0593
mem[X,0x80000A36] -> 0x0040
[658] [M]: 0x80000A34 (0x00400593) addi a1, zero, 0x4
x11 <- 0x00000004

mem[X,0x80000A38] -> 0x1633
mem[X,0x80000A3A] -> 0x02B5
[659] [M]: 0x80000A38 (0x02B51633) mulh a2, a0, a1
x12 <- 0x00000000

mem[X,0x80000A3C] -> 0xA023
mem[X,0x80000A3E] -> 0x14C0
[660] [M]: 0x80000A3C (0x14C0A023) sw a2, 0x140(ra)
mem[0x800062D0] <- 0x00000000

mem[X,0x80000A40] -> 0x0513
mem[X,0x80000A42] -> 0x0030
[661] [M]: 0x80000A40 (0x00300513) addi a0, zero, 0x3
x10 <- 0x00000003

mem[X,0x80000A44] -> 0x35B7
mem[X,0x80000A46] -> 0x3333
[662] [M]: 0x80000A44 (0x333335B7) lui a1, 0x33333
x11 <- 0x33333000

mem[X,0x80000A48] -> 0x8593
mem[X,0x80000A4A] -> 0x3325
[663] [M]: 0x80000A48 (0x33258593) addi a1, a1, 0x332
x11 <- 0x33333332

mem[X,0x80000A4C] -> 0x1633
mem[X,0x80000A4E] -> 0x02B5
[664] [M]: 0x80000A4C (0x02B51633) mulh a2, a0, a1
x12 <- 0x00000000

mem[X,0x80000A50] -> 0xA223
mem[X,0x80000A52] -> 0x14C0
[665] [M]: 0x80000A50 (0x14C0A223) sw a2, 0x144(ra)
mem[0x800062D4] <- 0x00000000

mem[X,0x80000A54] -> 0x0513
mem[X,0x80000A56] -> 0x0030
[666] [M]: 0x80000A54 (0x00300513) addi a0, zero, 0x3
x10 <- 0x00000003

mem[X,0x80000A58] -> 0x65B7
mem[X,0x80000A5A] -> 0x6666
[667] [M]: 0x80000A58 (0x666665B7) lui a1, 0x66666
x11 <- 0x66666000

mem[X,0x80000A5C] -> 0x8593
mem[X,0x80000A5E] -> 0x6655
[668] [M]: 0x80000A5C (0x66558593) addi a1, a1, 0x665
x11 <- 0x66666665

mem[X,0x80000A60] -> 0x1633
mem[X,0x80000A62] -> 0x02B5
[669] [M]: 0x80000A60 (0x02B51633) mulh a2, a0, a1
x12 <- 0x00000001

mem[X,0x80000A64] -> 0xA423
mem[X,0x80000A66] -> 0x14C0
[670] [M]: 0x80000A64 (0x14C0A423) sw a2, 0x148(ra)
mem[0x800062D8] <- 0x00000001

mem[X,0x80000A68] -> 0x0513
mem[X,0x80000A6A] -> 0x0030
[671] [M]: 0x80000A68 (0x00300513) addi a0, zero, 0x3
x10 <- 0x00000003

mem[X,0x80000A6C] -> 0xB5B7
mem[X,0x80000A6E] -> 0x0000
[672] [M]: 0x80000A6C (0x0000B5B7) lui a1, 0xb
x11 <- 0x0000B000

mem[X,0x80000A70] -> 0x8593
mem[X,0x80000A72] -> 0x5035
[673] [M]: 0x80000A70 (0x50358593) addi a1, a1, 0x503
x11 <- 0x0000B503

mem[X,0x80000A74] -> 0x1633
mem[X,0x80000A76] -> 0x02B5
[674] [M]: 0x80000A74 (0x02B51633) mulh a2, a0, a1
x12 <- 0x00000000

mem[X,0x80000A78] -> 0xA623
mem[X,0x80000A7A] -> 0x14C0
[675] [M]: 0x80000A78 (0x14C0A623) sw a2, 0x14c(ra)
mem[0x800062DC] <- 0x00000000

mem[X,0x80000A7C] -> 0x0513
mem[X,0x80000A7E] -> 0x0030
[676] [M]: 0x80000A7C (0x00300513) addi a0, zero, 0x3
x10 <- 0x00000003

mem[X,0x80000A80] -> 0x55B7
mem[X,0x80000A82] -> 0x5555
[677] [M]: 0x80000A80 (0x555555B7) lui a1, 0x55555
x11 <- 0x55555000

mem[X,0x80000A84] -> 0x8593
mem[X,0x80000A86] -> 0x5565
[678] [M]: 0x80000A84 (0x55658593) addi a1, a1, 0x556
x11 <- 0x55555556

mem[X,0x80000A88] -> 0x1633
mem[X,0x80000A8A] -> 0x02B5
[679] [M]: 0x80000A88 (0x02B51633) mulh a2, a0, a1
x12 <- 0x00000001

mem[X,0x80000A8C] -> 0xA823
mem[X,0x80000A8E] -> 0x14C0
[680] [M]: 0x80000A8C (0x14C0A823) sw a2, 0x150(ra)
mem[0x800062E0] <- 0x00000001

mem[X,0x80000A90] -> 0x0513
mem[X,0x80000A92] -> 0x0030
[681] [M]: 0x80000A90 (0x00300513) addi a0, zero, 0x3
x10 <- 0x00000003

mem[X,0x80000A94] -> 0xB5B7
mem[X,0x80000A96] -> 0xAAAA
[682] [M]: 0x80000A94 (0xAAAAB5B7) lui a1, -0x55555
x11 <- 0xAAAAB000

mem[X,0x80000A98] -> 0x8593
mem[X,0x80000A9A] -> 0xAAB5
[683] [M]: 0x80000A98 (0xAAB58593) addi a1, a1, -0x555
x11 <- 0xAAAAAAAB

mem[X,0x80000A9C] -> 0x1633
mem[X,0x80000A9E] -> 0x02B5
[684] [M]: 0x80000A9C (0x02B51633) mulh a2, a0, a1
x12 <- 0xFFFFFFFF

mem[X,0x80000AA0] -> 0xAA23
mem[X,0x80000AA2] -> 0x14C0
[685] [M]: 0x80000AA0 (0x14C0AA23) sw a2, 0x154(ra)
mem[0x800062E4] <- 0xFFFFFFFF

mem[X,0x80000AA4] -> 0x0513
mem[X,0x80000AA6] -> 0x0030
[686] [M]: 0x80000AA4 (0x00300513) addi a0, zero, 0x3
x10 <- 0x00000003

mem[X,0x80000AA8] -> 0x0593
mem[X,0x80000AAA] -> 0x0060
[687] [M]: 0x80000AA8 (0x00600593) addi a1, zero, 0x6
x11 <- 0x00000006

mem[X,0x80000AAC] -> 0x1633
mem[X,0x80000AAE] -> 0x02B5
[688] [M]: 0x80000AAC (0x02B51633) mulh a2, a0, a1
x12 <- 0x00000000

mem[X,0x80000AB0] -> 0xAC23
mem[X,0x80000AB2] -> 0x14C0
[689] [M]: 0x80000AB0 (0x14C0AC23) sw a2, 0x158(ra)
mem[0x800062E8] <- 0x00000000

mem[X,0x80000AB4] -> 0x0513
mem[X,0x80000AB6] -> 0x0030
[690] [M]: 0x80000AB4 (0x00300513) addi a0, zero, 0x3
x10 <- 0x00000003

mem[X,0x80000AB8] -> 0x35B7
mem[X,0x80000ABA] -> 0x3333
[691] [M]: 0x80000AB8 (0x333335B7) lui a1, 0x33333
x11 <- 0x33333000

mem[X,0x80000ABC] -> 0x8593
mem[X,0x80000ABE] -> 0x3345
[692] [M]: 0x80000ABC (0x33458593) addi a1, a1, 0x334
x11 <- 0x33333334

mem[X,0x80000AC0] -> 0x1633
mem[X,0x80000AC2] -> 0x02B5
[693] [M]: 0x80000AC0 (0x02B51633) mulh a2, a0, a1
x12 <- 0x00000000

mem[X,0x80000AC4] -> 0xAE23
mem[X,0x80000AC6] -> 0x14C0
[694] [M]: 0x80000AC4 (0x14C0AE23) sw a2, 0x15c(ra)
mem[0x800062EC] <- 0x00000000

mem[X,0x80000AC8] -> 0x0513
mem[X,0x80000ACA] -> 0x0030
[695] [M]: 0x80000AC8 (0x00300513) addi a0, zero, 0x3
x10 <- 0x00000003

mem[X,0x80000ACC] -> 0x65B7
mem[X,0x80000ACE] -> 0x6666
[696] [M]: 0x80000ACC (0x666665B7) lui a1, 0x66666
x11 <- 0x66666000

mem[X,0x80000AD0] -> 0x8593
mem[X,0x80000AD2] -> 0x6675
[697] [M]: 0x80000AD0 (0x66758593) addi a1, a1, 0x667
x11 <- 0x66666667

mem[X,0x80000AD4] -> 0x1633
mem[X,0x80000AD6] -> 0x02B5
[698] [M]: 0x80000AD4 (0x02B51633) mulh a2, a0, a1
x12 <- 0x00000001

mem[X,0x80000AD8] -> 0xA023
mem[X,0x80000ADA] -> 0x16C0
[699] [M]: 0x80000AD8 (0x16C0A023) sw a2, 0x160(ra)
mem[0x800062F0] <- 0x00000001

clint::tick mtime <- 0x0000000000000007
 clint timer pending at mtime 0x0000000000000007
htif::tick 0x0000000000000000
mem[X,0x80000ADC] -> 0x0513
mem[X,0x80000ADE] -> 0x0030
[700] [M]: 0x80000ADC (0x00300513) addi a0, zero, 0x3
x10 <- 0x00000003

mem[X,0x80000AE0] -> 0x55B7
mem[X,0x80000AE2] -> 0xFFFF
[701] [M]: 0x80000AE0 (0xFFFF55B7) lui a1, -0xb
x11 <- 0xFFFF5000

mem[X,0x80000AE4] -> 0x8593
mem[X,0x80000AE6] -> 0xAFD5
[702] [M]: 0x80000AE4 (0xAFD58593) addi a1, a1, -0x503
x11 <- 0xFFFF4AFD

mem[X,0x80000AE8] -> 0x1633
mem[X,0x80000AEA] -> 0x02B5
[703] [M]: 0x80000AE8 (0x02B51633) mulh a2, a0, a1
x12 <- 0xFFFFFFFF

mem[X,0x80000AEC] -> 0xA223
mem[X,0x80000AEE] -> 0x16C0
[704] [M]: 0x80000AEC (0x16C0A223) sw a2, 0x164(ra)
mem[0x800062F4] <- 0xFFFFFFFF

mem[X,0x80000AF0] -> 0x0513
mem[X,0x80000AF2] -> 0x0030
[705] [M]: 0x80000AF0 (0x00300513) addi a0, zero, 0x3
x10 <- 0x00000003

mem[X,0x80000AF4] -> 0xB5B7
mem[X,0x80000AF6] -> 0x0000
[706] [M]: 0x80000AF4 (0x0000B5B7) lui a1, 0xb
x11 <- 0x0000B000

mem[X,0x80000AF8] -> 0x8593
mem[X,0x80000AFA] -> 0x5055
[707] [M]: 0x80000AF8 (0x50558593) addi a1, a1, 0x505
x11 <- 0x0000B505

mem[X,0x80000AFC] -> 0x1633
mem[X,0x80000AFE] -> 0x02B5
[708] [M]: 0x80000AFC (0x02B51633) mulh a2, a0, a1
x12 <- 0x00000000

mem[X,0x80000B00] -> 0xA423
mem[X,0x80000B02] -> 0x16C0
[709] [M]: 0x80000B00 (0x16C0A423) sw a2, 0x168(ra)
mem[0x800062F8] <- 0x00000000

mem[X,0x80000B04] -> 0x5537
mem[X,0x80000B06] -> 0x5555
[710] [M]: 0x80000B04 (0x55555537) lui a0, 0x55555
x10 <- 0x55555000

mem[X,0x80000B08] -> 0x0513
mem[X,0x80000B0A] -> 0x5555
[711] [M]: 0x80000B08 (0x55550513) addi a0, a0, 0x555
x10 <- 0x55555555

mem[X,0x80000B0C] -> 0x0593
mem[X,0x80000B0E] -> 0x0030
[712] [M]: 0x80000B0C (0x00300593) addi a1, zero, 0x3
x11 <- 0x00000003

mem[X,0x80000B10] -> 0x1633
mem[X,0x80000B12] -> 0x02B5
[713] [M]: 0x80000B10 (0x02B51633) mulh a2, a0, a1
x12 <- 0x00000000

mem[X,0x80000B14] -> 0xA623
mem[X,0x80000B16] -> 0x16C0
[714] [M]: 0x80000B14 (0x16C0A623) sw a2, 0x16c(ra)
mem[0x800062FC] <- 0x00000000

mem[X,0x80000B18] -> 0x5537
mem[X,0x80000B1A] -> 0x5555
[715] [M]: 0x80000B18 (0x55555537) lui a0, 0x55555
x10 <- 0x55555000

mem[X,0x80000B1C] -> 0x0513
mem[X,0x80000B1E] -> 0x5555
[716] [M]: 0x80000B1C (0x55550513) addi a0, a0, 0x555
x10 <- 0x55555555

mem[X,0x80000B20] -> 0x55B7
mem[X,0x80000B22] -> 0x5555
[717] [M]: 0x80000B20 (0x555555B7) lui a1, 0x55555
x11 <- 0x55555000

mem[X,0x80000B24] -> 0x8593
mem[X,0x80000B26] -> 0x5555
[718] [M]: 0x80000B24 (0x55558593) addi a1, a1, 0x555
x11 <- 0x55555555

mem[X,0x80000B28] -> 0x1633
mem[X,0x80000B2A] -> 0x02B5
[719] [M]: 0x80000B28 (0x02B51633) mulh a2, a0, a1
x12 <- 0x1C71C71C

mem[X,0x80000B2C] -> 0xA823
mem[X,0x80000B2E] -> 0x16C0
[720] [M]: 0x80000B2C (0x16C0A823) sw a2, 0x170(ra)
mem[0x80006300] <- 0x1C71C71C

mem[X,0x80000B30] -> 0x5537
mem[X,0x80000B32] -> 0x5555
[721] [M]: 0x80000B30 (0x55555537) lui a0, 0x55555
x10 <- 0x55555000

mem[X,0x80000B34] -> 0x0513
mem[X,0x80000B36] -> 0x5555
[722] [M]: 0x80000B34 (0x55550513) addi a0, a0, 0x555
x10 <- 0x55555555

mem[X,0x80000B38] -> 0xB5B7
mem[X,0x80000B3A] -> 0xAAAA
[723] [M]: 0x80000B38 (0xAAAAB5B7) lui a1, -0x55555
x11 <- 0xAAAAB000

mem[X,0x80000B3C] -> 0x8593
mem[X,0x80000B3E] -> 0xAAA5
[724] [M]: 0x80000B3C (0xAAA58593) addi a1, a1, -0x556
x11 <- 0xAAAAAAAA

mem[X,0x80000B40] -> 0x1633
mem[X,0x80000B42] -> 0x02B5
[725] [M]: 0x80000B40 (0x02B51633) mulh a2, a0, a1
x12 <- 0xE38E38E3

mem[X,0x80000B44] -> 0xAA23
mem[X,0x80000B46] -> 0x16C0
[726] [M]: 0x80000B44 (0x16C0AA23) sw a2, 0x174(ra)
mem[0x80006304] <- 0xE38E38E3

mem[X,0x80000B48] -> 0x5537
mem[X,0x80000B4A] -> 0x5555
[727] [M]: 0x80000B48 (0x55555537) lui a0, 0x55555
x10 <- 0x55555000

mem[X,0x80000B4C] -> 0x0513
mem[X,0x80000B4E] -> 0x5555
[728] [M]: 0x80000B4C (0x55550513) addi a0, a0, 0x555
x10 <- 0x55555555

mem[X,0x80000B50] -> 0x0593
mem[X,0x80000B52] -> 0x0050
[729] [M]: 0x80000B50 (0x00500593) addi a1, zero, 0x5
x11 <- 0x00000005

mem[X,0x80000B54] -> 0x1633
mem[X,0x80000B56] -> 0x02B5
[730] [M]: 0x80000B54 (0x02B51633) mulh a2, a0, a1
x12 <- 0x00000001

mem[X,0x80000B58] -> 0xAC23
mem[X,0x80000B5A] -> 0x16C0
[731] [M]: 0x80000B58 (0x16C0AC23) sw a2, 0x178(ra)
mem[0x80006308] <- 0x00000001

mem[X,0x80000B5C] -> 0x5537
mem[X,0x80000B5E] -> 0x5555
[732] [M]: 0x80000B5C (0x55555537) lui a0, 0x55555
x10 <- 0x55555000

mem[X,0x80000B60] -> 0x0513
mem[X,0x80000B62] -> 0x5555
[733] [M]: 0x80000B60 (0x55550513) addi a0, a0, 0x555
x10 <- 0x55555555

mem[X,0x80000B64] -> 0x35B7
mem[X,0x80000B66] -> 0x3333
[734] [M]: 0x80000B64 (0x333335B7) lui a1, 0x33333
x11 <- 0x33333000

mem[X,0x80000B68] -> 0x8593
mem[X,0x80000B6A] -> 0x3335
[735] [M]: 0x80000B68 (0x33358593) addi a1, a1, 0x333
x11 <- 0x33333333

mem[X,0x80000B6C] -> 0x1633
mem[X,0x80000B6E] -> 0x02B5
[736] [M]: 0x80000B6C (0x02B51633) mulh a2, a0, a1
x12 <- 0x11111110

mem[X,0x80000B70] -> 0xAE23
mem[X,0x80000B72] -> 0x16C0
[737] [M]: 0x80000B70 (0x16C0AE23) sw a2, 0x17c(ra)
mem[0x8000630C] <- 0x11111110

mem[X,0x80000B74] -> 0x5537
mem[X,0x80000B76] -> 0x5555
[738] [M]: 0x80000B74 (0x55555537) lui a0, 0x55555
x10 <- 0x55555000

mem[X,0x80000B78] -> 0x0513
mem[X,0x80000B7A] -> 0x5555
[739] [M]: 0x80000B78 (0x55550513) addi a0, a0, 0x555
x10 <- 0x55555555

mem[X,0x80000B7C] -> 0x65B7
mem[X,0x80000B7E] -> 0x6666
[740] [M]: 0x80000B7C (0x666665B7) lui a1, 0x66666
x11 <- 0x66666000

mem[X,0x80000B80] -> 0x8593
mem[X,0x80000B82] -> 0x6665
[741] [M]: 0x80000B80 (0x66658593) addi a1, a1, 0x666
x11 <- 0x66666666

mem[X,0x80000B84] -> 0x1633
mem[X,0x80000B86] -> 0x02B5
[742] [M]: 0x80000B84 (0x02B51633) mulh a2, a0, a1
x12 <- 0x22222221

mem[X,0x80000B88] -> 0xA023
mem[X,0x80000B8A] -> 0x18C0
[743] [M]: 0x80000B88 (0x18C0A023) sw a2, 0x180(ra)
mem[0x80006310] <- 0x22222221

mem[X,0x80000B8C] -> 0x5537
mem[X,0x80000B8E] -> 0x5555
[744] [M]: 0x80000B8C (0x55555537) lui a0, 0x55555
x10 <- 0x55555000

mem[X,0x80000B90] -> 0x0513
mem[X,0x80000B92] -> 0x5555
[745] [M]: 0x80000B90 (0x55550513) addi a0, a0, 0x555
x10 <- 0x55555555

mem[X,0x80000B94] -> 0x55B7
mem[X,0x80000B96] -> 0xFFFF
[746] [M]: 0x80000B94 (0xFFFF55B7) lui a1, -0xb
x11 <- 0xFFFF5000

mem[X,0x80000B98] -> 0x8593
mem[X,0x80000B9A] -> 0xAFC5
[747] [M]: 0x80000B98 (0xAFC58593) addi a1, a1, -0x504
x11 <- 0xFFFF4AFC

mem[X,0x80000B9C] -> 0x1633
mem[X,0x80000B9E] -> 0x02B5
[748] [M]: 0x80000B9C (0x02B51633) mulh a2, a0, a1
x12 <- 0xFFFFC3A9

mem[X,0x80000BA0] -> 0xA223
mem[X,0x80000BA2] -> 0x18C0
[749] [M]: 0x80000BA0 (0x18C0A223) sw a2, 0x184(ra)
mem[0x80006314] <- 0xFFFFC3A9

mem[X,0x80000BA4] -> 0x5537
mem[X,0x80000BA6] -> 0x5555
[750] [M]: 0x80000BA4 (0x55555537) lui a0, 0x55555
x10 <- 0x55555000

mem[X,0x80000BA8] -> 0x0513
mem[X,0x80000BAA] -> 0x5555
[751] [M]: 0x80000BA8 (0x55550513) addi a0, a0, 0x555
x10 <- 0x55555555

mem[X,0x80000BAC] -> 0xB5B7
mem[X,0x80000BAE] -> 0x0000
[752] [M]: 0x80000BAC (0x0000B5B7) lui a1, 0xb
x11 <- 0x0000B000

mem[X,0x80000BB0] -> 0x8593
mem[X,0x80000BB2] -> 0x5045
[753] [M]: 0x80000BB0 (0x50458593) addi a1, a1, 0x504
x11 <- 0x0000B504

mem[X,0x80000BB4] -> 0x1633
mem[X,0x80000BB6] -> 0x02B5
[754] [M]: 0x80000BB4 (0x02B51633) mulh a2, a0, a1
x12 <- 0x00003C56

mem[X,0x80000BB8] -> 0xA423
mem[X,0x80000BBA] -> 0x18C0
[755] [M]: 0x80000BB8 (0x18C0A423) sw a2, 0x188(ra)
mem[0x80006318] <- 0x00003C56

mem[X,0x80000BBC] -> 0x5537
mem[X,0x80000BBE] -> 0x5555
[756] [M]: 0x80000BBC (0x55555537) lui a0, 0x55555
x10 <- 0x55555000

mem[X,0x80000BC0] -> 0x0513
mem[X,0x80000BC2] -> 0x5555
[757] [M]: 0x80000BC0 (0x55550513) addi a0, a0, 0x555
x10 <- 0x55555555

mem[X,0x80000BC4] -> 0x0593
mem[X,0x80000BC6] -> 0x0020
[758] [M]: 0x80000BC4 (0x00200593) addi a1, zero, 0x2
x11 <- 0x00000002

mem[X,0x80000BC8] -> 0x1633
mem[X,0x80000BCA] -> 0x02B5
[759] [M]: 0x80000BC8 (0x02B51633) mulh a2, a0, a1
x12 <- 0x00000000

mem[X,0x80000BCC] -> 0xA623
mem[X,0x80000BCE] -> 0x18C0
[760] [M]: 0x80000BCC (0x18C0A623) sw a2, 0x18c(ra)
mem[0x8000631C] <- 0x00000000

mem[X,0x80000BD0] -> 0x5537
mem[X,0x80000BD2] -> 0x5555
[761] [M]: 0x80000BD0 (0x55555537) lui a0, 0x55555
x10 <- 0x55555000

mem[X,0x80000BD4] -> 0x0513
mem[X,0x80000BD6] -> 0x5555
[762] [M]: 0x80000BD4 (0x55550513) addi a0, a0, 0x555
x10 <- 0x55555555

mem[X,0x80000BD8] -> 0x55B7
mem[X,0x80000BDA] -> 0x5555
[763] [M]: 0x80000BD8 (0x555555B7) lui a1, 0x55555
x11 <- 0x55555000

mem[X,0x80000BDC] -> 0x8593
mem[X,0x80000BDE] -> 0x5545
[764] [M]: 0x80000BDC (0x55458593) addi a1, a1, 0x554
x11 <- 0x55555554

mem[X,0x80000BE0] -> 0x1633
mem[X,0x80000BE2] -> 0x02B5
[765] [M]: 0x80000BE0 (0x02B51633) mulh a2, a0, a1
x12 <- 0x1C71C71B

mem[X,0x80000BE4] -> 0xA823
mem[X,0x80000BE6] -> 0x18C0
[766] [M]: 0x80000BE4 (0x18C0A823) sw a2, 0x190(ra)
mem[0x80006320] <- 0x1C71C71B

mem[X,0x80000BE8] -> 0x5537
mem[X,0x80000BEA] -> 0x5555
[767] [M]: 0x80000BE8 (0x55555537) lui a0, 0x55555
x10 <- 0x55555000

mem[X,0x80000BEC] -> 0x0513
mem[X,0x80000BEE] -> 0x5555
[768] [M]: 0x80000BEC (0x55550513) addi a0, a0, 0x555
x10 <- 0x55555555

mem[X,0x80000BF0] -> 0x0593
mem[X,0x80000BF2] -> 0x0000
[769] [M]: 0x80000BF0 (0x00000593) addi a1, zero, 0x0
x11 <- 0x00000000

mem[X,0x80000BF4] -> 0x1633
mem[X,0x80000BF6] -> 0x02B5
[770] [M]: 0x80000BF4 (0x02B51633) mulh a2, a0, a1
x12 <- 0x00000000

mem[X,0x80000BF8] -> 0xAA23
mem[X,0x80000BFA] -> 0x18C0
[771] [M]: 0x80000BF8 (0x18C0AA23) sw a2, 0x194(ra)
mem[0x80006324] <- 0x00000000

mem[X,0x80000BFC] -> 0x5537
mem[X,0x80000BFE] -> 0x5555
[772] [M]: 0x80000BFC (0x55555537) lui a0, 0x55555
x10 <- 0x55555000

mem[X,0x80000C00] -> 0x0513
mem[X,0x80000C02] -> 0x5555
[773] [M]: 0x80000C00 (0x55550513) addi a0, a0, 0x555
x10 <- 0x55555555

mem[X,0x80000C04] -> 0x0593
mem[X,0x80000C06] -> 0x0040
[774] [M]: 0x80000C04 (0x00400593) addi a1, zero, 0x4
x11 <- 0x00000004

mem[X,0x80000C08] -> 0x1633
mem[X,0x80000C0A] -> 0x02B5
[775] [M]: 0x80000C08 (0x02B51633) mulh a2, a0, a1
x12 <- 0x00000001

mem[X,0x80000C0C] -> 0xAC23
mem[X,0x80000C0E] -> 0x18C0
[776] [M]: 0x80000C0C (0x18C0AC23) sw a2, 0x198(ra)
mem[0x80006328] <- 0x00000001

mem[X,0x80000C10] -> 0x5537
mem[X,0x80000C12] -> 0x5555
[777] [M]: 0x80000C10 (0x55555537) lui a0, 0x55555
x10 <- 0x55555000

mem[X,0x80000C14] -> 0x0513
mem[X,0x80000C16] -> 0x5555
[778] [M]: 0x80000C14 (0x55550513) addi a0, a0, 0x555
x10 <- 0x55555555

mem[X,0x80000C18] -> 0x35B7
mem[X,0x80000C1A] -> 0x3333
[779] [M]: 0x80000C18 (0x333335B7) lui a1, 0x33333
x11 <- 0x33333000

mem[X,0x80000C1C] -> 0x8593
mem[X,0x80000C1E] -> 0x3325
[780] [M]: 0x80000C1C (0x33258593) addi a1, a1, 0x332
x11 <- 0x33333332

mem[X,0x80000C20] -> 0x1633
mem[X,0x80000C22] -> 0x02B5
[781] [M]: 0x80000C20 (0x02B51633) mulh a2, a0, a1
x12 <- 0x11111110

mem[X,0x80000C24] -> 0xAE23
mem[X,0x80000C26] -> 0x18C0
[782] [M]: 0x80000C24 (0x18C0AE23) sw a2, 0x19c(ra)
mem[0x8000632C] <- 0x11111110

mem[X,0x80000C28] -> 0x5537
mem[X,0x80000C2A] -> 0x5555
[783] [M]: 0x80000C28 (0x55555537) lui a0, 0x55555
x10 <- 0x55555000

mem[X,0x80000C2C] -> 0x0513
mem[X,0x80000C2E] -> 0x5555
[784] [M]: 0x80000C2C (0x55550513) addi a0, a0, 0x555
x10 <- 0x55555555

mem[X,0x80000C30] -> 0x65B7
mem[X,0x80000C32] -> 0x6666
[785] [M]: 0x80000C30 (0x666665B7) lui a1, 0x66666
x11 <- 0x66666000

mem[X,0x80000C34] -> 0x8593
mem[X,0x80000C36] -> 0x6655
[786] [M]: 0x80000C34 (0x66558593) addi a1, a1, 0x665
x11 <- 0x66666665

mem[X,0x80000C38] -> 0x1633
mem[X,0x80000C3A] -> 0x02B5
[787] [M]: 0x80000C38 (0x02B51633) mulh a2, a0, a1
x12 <- 0x22222221

mem[X,0x80000C3C] -> 0xA023
mem[X,0x80000C3E] -> 0x1AC0
[788] [M]: 0x80000C3C (0x1AC0A023) sw a2, 0x1a0(ra)
mem[0x80006330] <- 0x22222221

mem[X,0x80000C40] -> 0x5537
mem[X,0x80000C42] -> 0x5555
[789] [M]: 0x80000C40 (0x55555537) lui a0, 0x55555
x10 <- 0x55555000

mem[X,0x80000C44] -> 0x0513
mem[X,0x80000C46] -> 0x5555
[790] [M]: 0x80000C44 (0x55550513) addi a0, a0, 0x555
x10 <- 0x55555555

mem[X,0x80000C48] -> 0xB5B7
mem[X,0x80000C4A] -> 0x0000
[791] [M]: 0x80000C48 (0x0000B5B7) lui a1, 0xb
x11 <- 0x0000B000

mem[X,0x80000C4C] -> 0x8593
mem[X,0x80000C4E] -> 0x5035
[792] [M]: 0x80000C4C (0x50358593) addi a1, a1, 0x503
x11 <- 0x0000B503

mem[X,0x80000C50] -> 0x1633
mem[X,0x80000C52] -> 0x02B5
[793] [M]: 0x80000C50 (0x02B51633) mulh a2, a0, a1
x12 <- 0x00003C56

mem[X,0x80000C54] -> 0xA223
mem[X,0x80000C56] -> 0x1AC0
[794] [M]: 0x80000C54 (0x1AC0A223) sw a2, 0x1a4(ra)
mem[0x80006334] <- 0x00003C56

mem[X,0x80000C58] -> 0x5537
mem[X,0x80000C5A] -> 0x5555
[795] [M]: 0x80000C58 (0x55555537) lui a0, 0x55555
x10 <- 0x55555000

mem[X,0x80000C5C] -> 0x0513
mem[X,0x80000C5E] -> 0x5555
[796] [M]: 0x80000C5C (0x55550513) addi a0, a0, 0x555
x10 <- 0x55555555

mem[X,0x80000C60] -> 0x55B7
mem[X,0x80000C62] -> 0x5555
[797] [M]: 0x80000C60 (0x555555B7) lui a1, 0x55555
x11 <- 0x55555000

mem[X,0x80000C64] -> 0x8593
mem[X,0x80000C66] -> 0x5565
[798] [M]: 0x80000C64 (0x55658593) addi a1, a1, 0x556
x11 <- 0x55555556

mem[X,0x80000C68] -> 0x1633
mem[X,0x80000C6A] -> 0x02B5
[799] [M]: 0x80000C68 (0x02B51633) mulh a2, a0, a1
x12 <- 0x1C71C71C

clint::tick mtime <- 0x0000000000000008
 clint timer pending at mtime 0x0000000000000008
htif::tick 0x0000000000000000
mem[X,0x80000C6C] -> 0xA423
mem[X,0x80000C6E] -> 0x1AC0
[800] [M]: 0x80000C6C (0x1AC0A423) sw a2, 0x1a8(ra)
mem[0x80006338] <- 0x1C71C71C

mem[X,0x80000C70] -> 0x5537
mem[X,0x80000C72] -> 0x5555
[801] [M]: 0x80000C70 (0x55555537) lui a0, 0x55555
x10 <- 0x55555000

mem[X,0x80000C74] -> 0x0513
mem[X,0x80000C76] -> 0x5555
[802] [M]: 0x80000C74 (0x55550513) addi a0, a0, 0x555
x10 <- 0x55555555

mem[X,0x80000C78] -> 0xB5B7
mem[X,0x80000C7A] -> 0xAAAA
[803] [M]: 0x80000C78 (0xAAAAB5B7) lui a1, -0x55555
x11 <- 0xAAAAB000

mem[X,0x80000C7C] -> 0x8593
mem[X,0x80000C7E] -> 0xAAB5
[804] [M]: 0x80000C7C (0xAAB58593) addi a1, a1, -0x555
x11 <- 0xAAAAAAAB

mem[X,0x80000C80] -> 0x1633
mem[X,0x80000C82] -> 0x02B5
[805] [M]: 0x80000C80 (0x02B51633) mulh a2, a0, a1
x12 <- 0xE38E38E3

mem[X,0x80000C84] -> 0xA623
mem[X,0x80000C86] -> 0x1AC0
[806] [M]: 0x80000C84 (0x1AC0A623) sw a2, 0x1ac(ra)
mem[0x8000633C] <- 0xE38E38E3

mem[X,0x80000C88] -> 0x5537
mem[X,0x80000C8A] -> 0x5555
[807] [M]: 0x80000C88 (0x55555537) lui a0, 0x55555
x10 <- 0x55555000

mem[X,0x80000C8C] -> 0x0513
mem[X,0x80000C8E] -> 0x5555
[808] [M]: 0x80000C8C (0x55550513) addi a0, a0, 0x555
x10 <- 0x55555555

mem[X,0x80000C90] -> 0x0593
mem[X,0x80000C92] -> 0x0060
[809] [M]: 0x80000C90 (0x00600593) addi a1, zero, 0x6
x11 <- 0x00000006

mem[X,0x80000C94] -> 0x1633
mem[X,0x80000C96] -> 0x02B5
[810] [M]: 0x80000C94 (0x02B51633) mulh a2, a0, a1
x12 <- 0x00000001

mem[X,0x80000C98] -> 0xA823
mem[X,0x80000C9A] -> 0x1AC0
[811] [M]: 0x80000C98 (0x1AC0A823) sw a2, 0x1b0(ra)
mem[0x80006340] <- 0x00000001

mem[X,0x80000C9C] -> 0x5537
mem[X,0x80000C9E] -> 0x5555
[812] [M]: 0x80000C9C (0x55555537) lui a0, 0x55555
x10 <- 0x55555000

mem[X,0x80000CA0] -> 0x0513
mem[X,0x80000CA2] -> 0x5555
[813] [M]: 0x80000CA0 (0x55550513) addi a0, a0, 0x555
x10 <- 0x55555555

mem[X,0x80000CA4] -> 0x35B7
mem[X,0x80000CA6] -> 0x3333
[814] [M]: 0x80000CA4 (0x333335B7) lui a1, 0x33333
x11 <- 0x33333000

mem[X,0x80000CA8] -> 0x8593
mem[X,0x80000CAA] -> 0x3345
[815] [M]: 0x80000CA8 (0x33458593) addi a1, a1, 0x334
x11 <- 0x33333334

mem[X,0x80000CAC] -> 0x1633
mem[X,0x80000CAE] -> 0x02B5
[816] [M]: 0x80000CAC (0x02B51633) mulh a2, a0, a1
x12 <- 0x11111111

mem[X,0x80000CB0] -> 0xAA23
mem[X,0x80000CB2] -> 0x1AC0
[817] [M]: 0x80000CB0 (0x1AC0AA23) sw a2, 0x1b4(ra)
mem[0x80006344] <- 0x11111111

mem[X,0x80000CB4] -> 0x5537
mem[X,0x80000CB6] -> 0x5555
[818] [M]: 0x80000CB4 (0x55555537) lui a0, 0x55555
x10 <- 0x55555000

mem[X,0x80000CB8] -> 0x0513
mem[X,0x80000CBA] -> 0x5555
[819] [M]: 0x80000CB8 (0x55550513) addi a0, a0, 0x555
x10 <- 0x55555555

mem[X,0x80000CBC] -> 0x65B7
mem[X,0x80000CBE] -> 0x6666
[820] [M]: 0x80000CBC (0x666665B7) lui a1, 0x66666
x11 <- 0x66666000

mem[X,0x80000CC0] -> 0x8593
mem[X,0x80000CC2] -> 0x6675
[821] [M]: 0x80000CC0 (0x66758593) addi a1, a1, 0x667
x11 <- 0x66666667

mem[X,0x80000CC4] -> 0x1633
mem[X,0x80000CC6] -> 0x02B5
[822] [M]: 0x80000CC4 (0x02B51633) mulh a2, a0, a1
x12 <- 0x22222222

mem[X,0x80000CC8] -> 0xAC23
mem[X,0x80000CCA] -> 0x1AC0
[823] [M]: 0x80000CC8 (0x1AC0AC23) sw a2, 0x1b8(ra)
mem[0x80006348] <- 0x22222222

mem[X,0x80000CCC] -> 0x5537
mem[X,0x80000CCE] -> 0x5555
[824] [M]: 0x80000CCC (0x55555537) lui a0, 0x55555
x10 <- 0x55555000

mem[X,0x80000CD0] -> 0x0513
mem[X,0x80000CD2] -> 0x5555
[825] [M]: 0x80000CD0 (0x55550513) addi a0, a0, 0x555
x10 <- 0x55555555

mem[X,0x80000CD4] -> 0x55B7
mem[X,0x80000CD6] -> 0xFFFF
[826] [M]: 0x80000CD4 (0xFFFF55B7) lui a1, -0xb
x11 <- 0xFFFF5000

mem[X,0x80000CD8] -> 0x8593
mem[X,0x80000CDA] -> 0xAFD5
[827] [M]: 0x80000CD8 (0xAFD58593) addi a1, a1, -0x503
x11 <- 0xFFFF4AFD

mem[X,0x80000CDC] -> 0x1633
mem[X,0x80000CDE] -> 0x02B5
[828] [M]: 0x80000CDC (0x02B51633) mulh a2, a0, a1
x12 <- 0xFFFFC3A9

mem[X,0x80000CE0] -> 0xAE23
mem[X,0x80000CE2] -> 0x1AC0
[829] [M]: 0x80000CE0 (0x1AC0AE23) sw a2, 0x1bc(ra)
mem[0x8000634C] <- 0xFFFFC3A9

mem[X,0x80000CE4] -> 0x5537
mem[X,0x80000CE6] -> 0x5555
[830] [M]: 0x80000CE4 (0x55555537) lui a0, 0x55555
x10 <- 0x55555000

mem[X,0x80000CE8] -> 0x0513
mem[X,0x80000CEA] -> 0x5555
[831] [M]: 0x80000CE8 (0x55550513) addi a0, a0, 0x555
x10 <- 0x55555555

mem[X,0x80000CEC] -> 0xB5B7
mem[X,0x80000CEE] -> 0x0000
[832] [M]: 0x80000CEC (0x0000B5B7) lui a1, 0xb
x11 <- 0x0000B000

mem[X,0x80000CF0] -> 0x8593
mem[X,0x80000CF2] -> 0x5055
[833] [M]: 0x80000CF0 (0x50558593) addi a1, a1, 0x505
x11 <- 0x0000B505

mem[X,0x80000CF4] -> 0x1633
mem[X,0x80000CF6] -> 0x02B5
[834] [M]: 0x80000CF4 (0x02B51633) mulh a2, a0, a1
x12 <- 0x00003C56

mem[X,0x80000CF8] -> 0xA023
mem[X,0x80000CFA] -> 0x1CC0
[835] [M]: 0x80000CF8 (0x1CC0A023) sw a2, 0x1c0(ra)
mem[0x80006350] <- 0x00003C56

mem[X,0x80000CFC] -> 0xB537
mem[X,0x80000CFE] -> 0xAAAA
[836] [M]: 0x80000CFC (0xAAAAB537) lui a0, -0x55555
x10 <- 0xAAAAB000

mem[X,0x80000D00] -> 0x0513
mem[X,0x80000D02] -> 0xAAA5
[837] [M]: 0x80000D00 (0xAAA50513) addi a0, a0, -0x556
x10 <- 0xAAAAAAAA

mem[X,0x80000D04] -> 0x0593
mem[X,0x80000D06] -> 0x0030
[838] [M]: 0x80000D04 (0x00300593) addi a1, zero, 0x3
x11 <- 0x00000003

mem[X,0x80000D08] -> 0x1633
mem[X,0x80000D0A] -> 0x02B5
[839] [M]: 0x80000D08 (0x02B51633) mulh a2, a0, a1
x12 <- 0xFFFFFFFE

mem[X,0x80000D0C] -> 0xA223
mem[X,0x80000D0E] -> 0x1CC0
[840] [M]: 0x80000D0C (0x1CC0A223) sw a2, 0x1c4(ra)
mem[0x80006354] <- 0xFFFFFFFE

mem[X,0x80000D10] -> 0xB537
mem[X,0x80000D12] -> 0xAAAA
[841] [M]: 0x80000D10 (0xAAAAB537) lui a0, -0x55555
x10 <- 0xAAAAB000

mem[X,0x80000D14] -> 0x0513
mem[X,0x80000D16] -> 0xAAA5
[842] [M]: 0x80000D14 (0xAAA50513) addi a0, a0, -0x556
x10 <- 0xAAAAAAAA

mem[X,0x80000D18] -> 0x55B7
mem[X,0x80000D1A] -> 0x5555
[843] [M]: 0x80000D18 (0x555555B7) lui a1, 0x55555
x11 <- 0x55555000

mem[X,0x80000D1C] -> 0x8593
mem[X,0x80000D1E] -> 0x5555
[844] [M]: 0x80000D1C (0x55558593) addi a1, a1, 0x555
x11 <- 0x55555555

mem[X,0x80000D20] -> 0x1633
mem[X,0x80000D22] -> 0x02B5
[845] [M]: 0x80000D20 (0x02B51633) mulh a2, a0, a1
x12 <- 0xE38E38E3

mem[X,0x80000D24] -> 0xA423
mem[X,0x80000D26] -> 0x1CC0
[846] [M]: 0x80000D24 (0x1CC0A423) sw a2, 0x1c8(ra)
mem[0x80006358] <- 0xE38E38E3

mem[X,0x80000D28] -> 0xB537
mem[X,0x80000D2A] -> 0xAAAA
[847] [M]: 0x80000D28 (0xAAAAB537) lui a0, -0x55555
x10 <- 0xAAAAB000

mem[X,0x80000D2C] -> 0x0513
mem[X,0x80000D2E] -> 0xAAA5
[848] [M]: 0x80000D2C (0xAAA50513) addi a0, a0, -0x556
x10 <- 0xAAAAAAAA

mem[X,0x80000D30] -> 0xB5B7
mem[X,0x80000D32] -> 0xAAAA
[849] [M]: 0x80000D30 (0xAAAAB5B7) lui a1, -0x55555
x11 <- 0xAAAAB000

mem[X,0x80000D34] -> 0x8593
mem[X,0x80000D36] -> 0xAAA5
[850] [M]: 0x80000D34 (0xAAA58593) addi a1, a1, -0x556
x11 <- 0xAAAAAAAA

mem[X,0x80000D38] -> 0x1633
mem[X,0x80000D3A] -> 0x02B5
[851] [M]: 0x80000D38 (0x02B51633) mulh a2, a0, a1
x12 <- 0x1C71C71C

mem[X,0x80000D3C] -> 0xA623
mem[X,0x80000D3E] -> 0x1CC0
[852] [M]: 0x80000D3C (0x1CC0A623) sw a2, 0x1cc(ra)
mem[0x8000635C] <- 0x1C71C71C

mem[X,0x80000D40] -> 0xB537
mem[X,0x80000D42] -> 0xAAAA
[853] [M]: 0x80000D40 (0xAAAAB537) lui a0, -0x55555
x10 <- 0xAAAAB000

mem[X,0x80000D44] -> 0x0513
mem[X,0x80000D46] -> 0xAAA5
[854] [M]: 0x80000D44 (0xAAA50513) addi a0, a0, -0x556
x10 <- 0xAAAAAAAA

mem[X,0x80000D48] -> 0x0593
mem[X,0x80000D4A] -> 0x0050
[855] [M]: 0x80000D48 (0x00500593) addi a1, zero, 0x5
x11 <- 0x00000005

mem[X,0x80000D4C] -> 0x1633
mem[X,0x80000D4E] -> 0x02B5
[856] [M]: 0x80000D4C (0x02B51633) mulh a2, a0, a1
x12 <- 0xFFFFFFFE

mem[X,0x80000D50] -> 0xA823
mem[X,0x80000D52] -> 0x1CC0
[857] [M]: 0x80000D50 (0x1CC0A823) sw a2, 0x1d0(ra)
mem[0x80006360] <- 0xFFFFFFFE

mem[X,0x80000D54] -> 0xB537
mem[X,0x80000D56] -> 0xAAAA
[858] [M]: 0x80000D54 (0xAAAAB537) lui a0, -0x55555
x10 <- 0xAAAAB000

mem[X,0x80000D58] -> 0x0513
mem[X,0x80000D5A] -> 0xAAA5
[859] [M]: 0x80000D58 (0xAAA50513) addi a0, a0, -0x556
x10 <- 0xAAAAAAAA

mem[X,0x80000D5C] -> 0x35B7
mem[X,0x80000D5E] -> 0x3333
[860] [M]: 0x80000D5C (0x333335B7) lui a1, 0x33333
x11 <- 0x33333000

mem[X,0x80000D60] -> 0x8593
mem[X,0x80000D62] -> 0x3335
[861] [M]: 0x80000D60 (0x33358593) addi a1, a1, 0x333
x11 <- 0x33333333

mem[X,0x80000D64] -> 0x1633
mem[X,0x80000D66] -> 0x02B5
[862] [M]: 0x80000D64 (0x02B51633) mulh a2, a0, a1
x12 <- 0xEEEEEEEE

mem[X,0x80000D68] -> 0xAA23
mem[X,0x80000D6A] -> 0x1CC0
[863] [M]: 0x80000D68 (0x1CC0AA23) sw a2, 0x1d4(ra)
mem[0x80006364] <- 0xEEEEEEEE

mem[X,0x80000D6C] -> 0xB537
mem[X,0x80000D6E] -> 0xAAAA
[864] [M]: 0x80000D6C (0xAAAAB537) lui a0, -0x55555
x10 <- 0xAAAAB000

mem[X,0x80000D70] -> 0x0513
mem[X,0x80000D72] -> 0xAAA5
[865] [M]: 0x80000D70 (0xAAA50513) addi a0, a0, -0x556
x10 <- 0xAAAAAAAA

mem[X,0x80000D74] -> 0x65B7
mem[X,0x80000D76] -> 0x6666
[866] [M]: 0x80000D74 (0x666665B7) lui a1, 0x66666
x11 <- 0x66666000

mem[X,0x80000D78] -> 0x8593
mem[X,0x80000D7A] -> 0x6665
[867] [M]: 0x80000D78 (0x66658593) addi a1, a1, 0x666
x11 <- 0x66666666

mem[X,0x80000D7C] -> 0x1633
mem[X,0x80000D7E] -> 0x02B5
[868] [M]: 0x80000D7C (0x02B51633) mulh a2, a0, a1
x12 <- 0xDDDDDDDD

mem[X,0x80000D80] -> 0xAC23
mem[X,0x80000D82] -> 0x1CC0
[869] [M]: 0x80000D80 (0x1CC0AC23) sw a2, 0x1d8(ra)
mem[0x80006368] <- 0xDDDDDDDD

mem[X,0x80000D84] -> 0xB537
mem[X,0x80000D86] -> 0xAAAA
[870] [M]: 0x80000D84 (0xAAAAB537) lui a0, -0x55555
x10 <- 0xAAAAB000

mem[X,0x80000D88] -> 0x0513
mem[X,0x80000D8A] -> 0xAAA5
[871] [M]: 0x80000D88 (0xAAA50513) addi a0, a0, -0x556
x10 <- 0xAAAAAAAA

mem[X,0x80000D8C] -> 0x55B7
mem[X,0x80000D8E] -> 0xFFFF
[872] [M]: 0x80000D8C (0xFFFF55B7) lui a1, -0xb
x11 <- 0xFFFF5000

mem[X,0x80000D90] -> 0x8593
mem[X,0x80000D92] -> 0xAFC5
[873] [M]: 0x80000D90 (0xAFC58593) addi a1, a1, -0x504
x11 <- 0xFFFF4AFC

mem[X,0x80000D94] -> 0x1633
mem[X,0x80000D96] -> 0x02B5
[874] [M]: 0x80000D94 (0x02B51633) mulh a2, a0, a1
x12 <- 0x00003C56

mem[X,0x80000D98] -> 0xAE23
mem[X,0x80000D9A] -> 0x1CC0
[875] [M]: 0x80000D98 (0x1CC0AE23) sw a2, 0x1dc(ra)
mem[0x8000636C] <- 0x00003C56

mem[X,0x80000D9C] -> 0xB537
mem[X,0x80000D9E] -> 0xAAAA
[876] [M]: 0x80000D9C (0xAAAAB537) lui a0, -0x55555
x10 <- 0xAAAAB000

mem[X,0x80000DA0] -> 0x0513
mem[X,0x80000DA2] -> 0xAAA5
[877] [M]: 0x80000DA0 (0xAAA50513) addi a0, a0, -0x556
x10 <- 0xAAAAAAAA

mem[X,0x80000DA4] -> 0xB5B7
mem[X,0x80000DA6] -> 0x0000
[878] [M]: 0x80000DA4 (0x0000B5B7) lui a1, 0xb
x11 <- 0x0000B000

mem[X,0x80000DA8] -> 0x8593
mem[X,0x80000DAA] -> 0x5045
[879] [M]: 0x80000DA8 (0x50458593) addi a1, a1, 0x504
x11 <- 0x0000B504

mem[X,0x80000DAC] -> 0x1633
mem[X,0x80000DAE] -> 0x02B5
[880] [M]: 0x80000DAC (0x02B51633) mulh a2, a0, a1
x12 <- 0xFFFFC3A9

mem[X,0x80000DB0] -> 0xA023
mem[X,0x80000DB2] -> 0x1EC0
[881] [M]: 0x80000DB0 (0x1EC0A023) sw a2, 0x1e0(ra)
mem[0x80006370] <- 0xFFFFC3A9

mem[X,0x80000DB4] -> 0xB537
mem[X,0x80000DB6] -> 0xAAAA
[882] [M]: 0x80000DB4 (0xAAAAB537) lui a0, -0x55555
x10 <- 0xAAAAB000

mem[X,0x80000DB8] -> 0x0513
mem[X,0x80000DBA] -> 0xAAA5
[883] [M]: 0x80000DB8 (0xAAA50513) addi a0, a0, -0x556
x10 <- 0xAAAAAAAA

mem[X,0x80000DBC] -> 0x0593
mem[X,0x80000DBE] -> 0x0020
[884] [M]: 0x80000DBC (0x00200593) addi a1, zero, 0x2
x11 <- 0x00000002

mem[X,0x80000DC0] -> 0x1633
mem[X,0x80000DC2] -> 0x02B5
[885] [M]: 0x80000DC0 (0x02B51633) mulh a2, a0, a1
x12 <- 0xFFFFFFFF

mem[X,0x80000DC4] -> 0xA223
mem[X,0x80000DC6] -> 0x1EC0
[886] [M]: 0x80000DC4 (0x1EC0A223) sw a2, 0x1e4(ra)
mem[0x80006374] <- 0xFFFFFFFF

mem[X,0x80000DC8] -> 0xB537
mem[X,0x80000DCA] -> 0xAAAA
[887] [M]: 0x80000DC8 (0xAAAAB537) lui a0, -0x55555
x10 <- 0xAAAAB000

mem[X,0x80000DCC] -> 0x0513
mem[X,0x80000DCE] -> 0xAAA5
[888] [M]: 0x80000DCC (0xAAA50513) addi a0, a0, -0x556
x10 <- 0xAAAAAAAA

mem[X,0x80000DD0] -> 0x55B7
mem[X,0x80000DD2] -> 0x5555
[889] [M]: 0x80000DD0 (0x555555B7) lui a1, 0x55555
x11 <- 0x55555000

mem[X,0x80000DD4] -> 0x8593
mem[X,0x80000DD6] -> 0x5545
[890] [M]: 0x80000DD4 (0x55458593) addi a1, a1, 0x554
x11 <- 0x55555554

mem[X,0x80000DD8] -> 0x1633
mem[X,0x80000DDA] -> 0x02B5
[891] [M]: 0x80000DD8 (0x02B51633) mulh a2, a0, a1
x12 <- 0xE38E38E3

mem[X,0x80000DDC] -> 0xA423
mem[X,0x80000DDE] -> 0x1EC0
[892] [M]: 0x80000DDC (0x1EC0A423) sw a2, 0x1e8(ra)
mem[0x80006378] <- 0xE38E38E3

mem[X,0x80000DE0] -> 0xB537
mem[X,0x80000DE2] -> 0xAAAA
[893] [M]: 0x80000DE0 (0xAAAAB537) lui a0, -0x55555
x10 <- 0xAAAAB000

mem[X,0x80000DE4] -> 0x0513
mem[X,0x80000DE6] -> 0xAAA5
[894] [M]: 0x80000DE4 (0xAAA50513) addi a0, a0, -0x556
x10 <- 0xAAAAAAAA

mem[X,0x80000DE8] -> 0x0593
mem[X,0x80000DEA] -> 0x0000
[895] [M]: 0x80000DE8 (0x00000593) addi a1, zero, 0x0
x11 <- 0x00000000

mem[X,0x80000DEC] -> 0x1633
mem[X,0x80000DEE] -> 0x02B5
[896] [M]: 0x80000DEC (0x02B51633) mulh a2, a0, a1
x12 <- 0x00000000

mem[X,0x80000DF0] -> 0xA623
mem[X,0x80000DF2] -> 0x1EC0
[897] [M]: 0x80000DF0 (0x1EC0A623) sw a2, 0x1ec(ra)
mem[0x8000637C] <- 0x00000000

mem[X,0x80000DF4] -> 0xB537
mem[X,0x80000DF6] -> 0xAAAA
[898] [M]: 0x80000DF4 (0xAAAAB537) lui a0, -0x55555
x10 <- 0xAAAAB000

mem[X,0x80000DF8] -> 0x0513
mem[X,0x80000DFA] -> 0xAAA5
[899] [M]: 0x80000DF8 (0xAAA50513) addi a0, a0, -0x556
x10 <- 0xAAAAAAAA

clint::tick mtime <- 0x0000000000000009
 clint timer pending at mtime 0x0000000000000009
htif::tick 0x0000000000000000
mem[X,0x80000DFC] -> 0x0593
mem[X,0x80000DFE] -> 0x0040
[900] [M]: 0x80000DFC (0x00400593) addi a1, zero, 0x4
x11 <- 0x00000004

mem[X,0x80000E00] -> 0x1633
mem[X,0x80000E02] -> 0x02B5
[901] [M]: 0x80000E00 (0x02B51633) mulh a2, a0, a1
x12 <- 0xFFFFFFFE

mem[X,0x80000E04] -> 0xA823
mem[X,0x80000E06] -> 0x1EC0
[902] [M]: 0x80000E04 (0x1EC0A823) sw a2, 0x1f0(ra)
mem[0x80006380] <- 0xFFFFFFFE

mem[X,0x80000E08] -> 0xB537
mem[X,0x80000E0A] -> 0xAAAA
[903] [M]: 0x80000E08 (0xAAAAB537) lui a0, -0x55555
x10 <- 0xAAAAB000

mem[X,0x80000E0C] -> 0x0513
mem[X,0x80000E0E] -> 0xAAA5
[904] [M]: 0x80000E0C (0xAAA50513) addi a0, a0, -0x556
x10 <- 0xAAAAAAAA

mem[X,0x80000E10] -> 0x35B7
mem[X,0x80000E12] -> 0x3333
[905] [M]: 0x80000E10 (0x333335B7) lui a1, 0x33333
x11 <- 0x33333000

mem[X,0x80000E14] -> 0x8593
mem[X,0x80000E16] -> 0x3325
[906] [M]: 0x80000E14 (0x33258593) addi a1, a1, 0x332
x11 <- 0x33333332

mem[X,0x80000E18] -> 0x1633
mem[X,0x80000E1A] -> 0x02B5
[907] [M]: 0x80000E18 (0x02B51633) mulh a2, a0, a1
x12 <- 0xEEEEEEEF

mem[X,0x80000E1C] -> 0xAA23
mem[X,0x80000E1E] -> 0x1EC0
[908] [M]: 0x80000E1C (0x1EC0AA23) sw a2, 0x1f4(ra)
mem[0x80006384] <- 0xEEEEEEEF

mem[X,0x80000E20] -> 0xB537
mem[X,0x80000E22] -> 0xAAAA
[909] [M]: 0x80000E20 (0xAAAAB537) lui a0, -0x55555
x10 <- 0xAAAAB000

mem[X,0x80000E24] -> 0x0513
mem[X,0x80000E26] -> 0xAAA5
[910] [M]: 0x80000E24 (0xAAA50513) addi a0, a0, -0x556
x10 <- 0xAAAAAAAA

mem[X,0x80000E28] -> 0x65B7
mem[X,0x80000E2A] -> 0x6666
[911] [M]: 0x80000E28 (0x666665B7) lui a1, 0x66666
x11 <- 0x66666000

mem[X,0x80000E2C] -> 0x8593
mem[X,0x80000E2E] -> 0x6655
[912] [M]: 0x80000E2C (0x66558593) addi a1, a1, 0x665
x11 <- 0x66666665

mem[X,0x80000E30] -> 0x1633
mem[X,0x80000E32] -> 0x02B5
[913] [M]: 0x80000E30 (0x02B51633) mulh a2, a0, a1
x12 <- 0xDDDDDDDE

mem[X,0x80000E34] -> 0xAC23
mem[X,0x80000E36] -> 0x1EC0
[914] [M]: 0x80000E34 (0x1EC0AC23) sw a2, 0x1f8(ra)
mem[0x80006388] <- 0xDDDDDDDE

mem[X,0x80000E38] -> 0xB537
mem[X,0x80000E3A] -> 0xAAAA
[915] [M]: 0x80000E38 (0xAAAAB537) lui a0, -0x55555
x10 <- 0xAAAAB000

mem[X,0x80000E3C] -> 0x0513
mem[X,0x80000E3E] -> 0xAAA5
[916] [M]: 0x80000E3C (0xAAA50513) addi a0, a0, -0x556
x10 <- 0xAAAAAAAA

mem[X,0x80000E40] -> 0xB5B7
mem[X,0x80000E42] -> 0x0000
[917] [M]: 0x80000E40 (0x0000B5B7) lui a1, 0xb
x11 <- 0x0000B000

mem[X,0x80000E44] -> 0x8593
mem[X,0x80000E46] -> 0x5035
[918] [M]: 0x80000E44 (0x50358593) addi a1, a1, 0x503
x11 <- 0x0000B503

mem[X,0x80000E48] -> 0x1633
mem[X,0x80000E4A] -> 0x02B5
[919] [M]: 0x80000E48 (0x02B51633) mulh a2, a0, a1
x12 <- 0xFFFFC3A9

mem[X,0x80000E4C] -> 0xAE23
mem[X,0x80000E4E] -> 0x1EC0
[920] [M]: 0x80000E4C (0x1EC0AE23) sw a2, 0x1fc(ra)
mem[0x8000638C] <- 0xFFFFC3A9

mem[X,0x80000E50] -> 0xB537
mem[X,0x80000E52] -> 0xAAAA
[921] [M]: 0x80000E50 (0xAAAAB537) lui a0, -0x55555
x10 <- 0xAAAAB000

mem[X,0x80000E54] -> 0x0513
mem[X,0x80000E56] -> 0xAAA5
[922] [M]: 0x80000E54 (0xAAA50513) addi a0, a0, -0x556
x10 <- 0xAAAAAAAA

mem[X,0x80000E58] -> 0x55B7
mem[X,0x80000E5A] -> 0x5555
[923] [M]: 0x80000E58 (0x555555B7) lui a1, 0x55555
x11 <- 0x55555000

mem[X,0x80000E5C] -> 0x8593
mem[X,0x80000E5E] -> 0x5565
[924] [M]: 0x80000E5C (0x55658593) addi a1, a1, 0x556
x11 <- 0x55555556

mem[X,0x80000E60] -> 0x1633
mem[X,0x80000E62] -> 0x02B5
[925] [M]: 0x80000E60 (0x02B51633) mulh a2, a0, a1
x12 <- 0xE38E38E3

mem[X,0x80000E64] -> 0xA023
mem[X,0x80000E66] -> 0x20C0
[926] [M]: 0x80000E64 (0x20C0A023) sw a2, 0x200(ra)
mem[0x80006390] <- 0xE38E38E3

mem[X,0x80000E68] -> 0xB537
mem[X,0x80000E6A] -> 0xAAAA
[927] [M]: 0x80000E68 (0xAAAAB537) lui a0, -0x55555
x10 <- 0xAAAAB000

mem[X,0x80000E6C] -> 0x0513
mem[X,0x80000E6E] -> 0xAAA5
[928] [M]: 0x80000E6C (0xAAA50513) addi a0, a0, -0x556
x10 <- 0xAAAAAAAA

mem[X,0x80000E70] -> 0xB5B7
mem[X,0x80000E72] -> 0xAAAA
[929] [M]: 0x80000E70 (0xAAAAB5B7) lui a1, -0x55555
x11 <- 0xAAAAB000

mem[X,0x80000E74] -> 0x8593
mem[X,0x80000E76] -> 0xAAB5
[930] [M]: 0x80000E74 (0xAAB58593) addi a1, a1, -0x555
x11 <- 0xAAAAAAAB

mem[X,0x80000E78] -> 0x1633
mem[X,0x80000E7A] -> 0x02B5
[931] [M]: 0x80000E78 (0x02B51633) mulh a2, a0, a1
x12 <- 0x1C71C71C

mem[X,0x80000E7C] -> 0xA223
mem[X,0x80000E7E] -> 0x20C0
[932] [M]: 0x80000E7C (0x20C0A223) sw a2, 0x204(ra)
mem[0x80006394] <- 0x1C71C71C

mem[X,0x80000E80] -> 0xB537
mem[X,0x80000E82] -> 0xAAAA
[933] [M]: 0x80000E80 (0xAAAAB537) lui a0, -0x55555
x10 <- 0xAAAAB000

mem[X,0x80000E84] -> 0x0513
mem[X,0x80000E86] -> 0xAAA5
[934] [M]: 0x80000E84 (0xAAA50513) addi a0, a0, -0x556
x10 <- 0xAAAAAAAA

mem[X,0x80000E88] -> 0x0593
mem[X,0x80000E8A] -> 0x0060
[935] [M]: 0x80000E88 (0x00600593) addi a1, zero, 0x6
x11 <- 0x00000006

mem[X,0x80000E8C] -> 0x1633
mem[X,0x80000E8E] -> 0x02B5
[936] [M]: 0x80000E8C (0x02B51633) mulh a2, a0, a1
x12 <- 0xFFFFFFFD

mem[X,0x80000E90] -> 0xA423
mem[X,0x80000E92] -> 0x20C0
[937] [M]: 0x80000E90 (0x20C0A423) sw a2, 0x208(ra)
mem[0x80006398] <- 0xFFFFFFFD

mem[X,0x80000E94] -> 0xB537
mem[X,0x80000E96] -> 0xAAAA
[938] [M]: 0x80000E94 (0xAAAAB537) lui a0, -0x55555
x10 <- 0xAAAAB000

mem[X,0x80000E98] -> 0x0513
mem[X,0x80000E9A] -> 0xAAA5
[939] [M]: 0x80000E98 (0xAAA50513) addi a0, a0, -0x556
x10 <- 0xAAAAAAAA

mem[X,0x80000E9C] -> 0x35B7
mem[X,0x80000E9E] -> 0x3333
[940] [M]: 0x80000E9C (0x333335B7) lui a1, 0x33333
x11 <- 0x33333000

mem[X,0x80000EA0] -> 0x8593
mem[X,0x80000EA2] -> 0x3345
[941] [M]: 0x80000EA0 (0x33458593) addi a1, a1, 0x334
x11 <- 0x33333334

mem[X,0x80000EA4] -> 0x1633
mem[X,0x80000EA6] -> 0x02B5
[942] [M]: 0x80000EA4 (0x02B51633) mulh a2, a0, a1
x12 <- 0xEEEEEEEE

mem[X,0x80000EA8] -> 0xA623
mem[X,0x80000EAA] -> 0x20C0
[943] [M]: 0x80000EA8 (0x20C0A623) sw a2, 0x20c(ra)
mem[0x8000639C] <- 0xEEEEEEEE

mem[X,0x80000EAC] -> 0xB537
mem[X,0x80000EAE] -> 0xAAAA
[944] [M]: 0x80000EAC (0xAAAAB537) lui a0, -0x55555
x10 <- 0xAAAAB000

mem[X,0x80000EB0] -> 0x0513
mem[X,0x80000EB2] -> 0xAAA5
[945] [M]: 0x80000EB0 (0xAAA50513) addi a0, a0, -0x556
x10 <- 0xAAAAAAAA

mem[X,0x80000EB4] -> 0x65B7
mem[X,0x80000EB6] -> 0x6666
[946] [M]: 0x80000EB4 (0x666665B7) lui a1, 0x66666
x11 <- 0x66666000

mem[X,0x80000EB8] -> 0x8593
mem[X,0x80000EBA] -> 0x6675
[947] [M]: 0x80000EB8 (0x66758593) addi a1, a1, 0x667
x11 <- 0x66666667

mem[X,0x80000EBC] -> 0x1633
mem[X,0x80000EBE] -> 0x02B5
[948] [M]: 0x80000EBC (0x02B51633) mulh a2, a0, a1
x12 <- 0xDDDDDDDD

mem[X,0x80000EC0] -> 0xA823
mem[X,0x80000EC2] -> 0x20C0
[949] [M]: 0x80000EC0 (0x20C0A823) sw a2, 0x210(ra)
mem[0x800063A0] <- 0xDDDDDDDD

mem[X,0x80000EC4] -> 0xB537
mem[X,0x80000EC6] -> 0xAAAA
[950] [M]: 0x80000EC4 (0xAAAAB537) lui a0, -0x55555
x10 <- 0xAAAAB000

mem[X,0x80000EC8] -> 0x0513
mem[X,0x80000ECA] -> 0xAAA5
[951] [M]: 0x80000EC8 (0xAAA50513) addi a0, a0, -0x556
x10 <- 0xAAAAAAAA

mem[X,0x80000ECC] -> 0x55B7
mem[X,0x80000ECE] -> 0xFFFF
[952] [M]: 0x80000ECC (0xFFFF55B7) lui a1, -0xb
x11 <- 0xFFFF5000

mem[X,0x80000ED0] -> 0x8593
mem[X,0x80000ED2] -> 0xAFD5
[953] [M]: 0x80000ED0 (0xAFD58593) addi a1, a1, -0x503
x11 <- 0xFFFF4AFD

mem[X,0x80000ED4] -> 0x1633
mem[X,0x80000ED6] -> 0x02B5
[954] [M]: 0x80000ED4 (0x02B51633) mulh a2, a0, a1
x12 <- 0x00003C56

mem[X,0x80000ED8] -> 0xAA23
mem[X,0x80000EDA] -> 0x20C0
[955] [M]: 0x80000ED8 (0x20C0AA23) sw a2, 0x214(ra)
mem[0x800063A4] <- 0x00003C56

mem[X,0x80000EDC] -> 0xB537
mem[X,0x80000EDE] -> 0xAAAA
[956] [M]: 0x80000EDC (0xAAAAB537) lui a0, -0x55555
x10 <- 0xAAAAB000

mem[X,0x80000EE0] -> 0x0513
mem[X,0x80000EE2] -> 0xAAA5
[957] [M]: 0x80000EE0 (0xAAA50513) addi a0, a0, -0x556
x10 <- 0xAAAAAAAA

mem[X,0x80000EE4] -> 0xB5B7
mem[X,0x80000EE6] -> 0x0000
[958] [M]: 0x80000EE4 (0x0000B5B7) lui a1, 0xb
x11 <- 0x0000B000

mem[X,0x80000EE8] -> 0x8593
mem[X,0x80000EEA] -> 0x5055
[959] [M]: 0x80000EE8 (0x50558593) addi a1, a1, 0x505
x11 <- 0x0000B505

mem[X,0x80000EEC] -> 0x1633
mem[X,0x80000EEE] -> 0x02B5
[960] [M]: 0x80000EEC (0x02B51633) mulh a2, a0, a1
x12 <- 0xFFFFC3A8

mem[X,0x80000EF0] -> 0xAC23
mem[X,0x80000EF2] -> 0x20C0
[961] [M]: 0x80000EF0 (0x20C0AC23) sw a2, 0x218(ra)
mem[0x800063A8] <- 0xFFFFC3A8

mem[X,0x80000EF4] -> 0x0513
mem[X,0x80000EF6] -> 0x0050
[962] [M]: 0x80000EF4 (0x00500513) addi a0, zero, 0x5
x10 <- 0x00000005

mem[X,0x80000EF8] -> 0x0593
mem[X,0x80000EFA] -> 0x0030
[963] [M]: 0x80000EF8 (0x00300593) addi a1, zero, 0x3
x11 <- 0x00000003

mem[X,0x80000EFC] -> 0x1633
mem[X,0x80000EFE] -> 0x02B5
[964] [M]: 0x80000EFC (0x02B51633) mulh a2, a0, a1
x12 <- 0x00000000

mem[X,0x80000F00] -> 0xAE23
mem[X,0x80000F02] -> 0x20C0
[965] [M]: 0x80000F00 (0x20C0AE23) sw a2, 0x21c(ra)
mem[0x800063AC] <- 0x00000000

mem[X,0x80000F04] -> 0x0513
mem[X,0x80000F06] -> 0x0050
[966] [M]: 0x80000F04 (0x00500513) addi a0, zero, 0x5
x10 <- 0x00000005

mem[X,0x80000F08] -> 0x55B7
mem[X,0x80000F0A] -> 0x5555
[967] [M]: 0x80000F08 (0x555555B7) lui a1, 0x55555
x11 <- 0x55555000

mem[X,0x80000F0C] -> 0x8593
mem[X,0x80000F0E] -> 0x5555
[968] [M]: 0x80000F0C (0x55558593) addi a1, a1, 0x555
x11 <- 0x55555555

mem[X,0x80000F10] -> 0x1633
mem[X,0x80000F12] -> 0x02B5
[969] [M]: 0x80000F10 (0x02B51633) mulh a2, a0, a1
x12 <- 0x00000001

mem[X,0x80000F14] -> 0xA023
mem[X,0x80000F16] -> 0x22C0
[970] [M]: 0x80000F14 (0x22C0A023) sw a2, 0x220(ra)
mem[0x800063B0] <- 0x00000001

mem[X,0x80000F18] -> 0x0513
mem[X,0x80000F1A] -> 0x0050
[971] [M]: 0x80000F18 (0x00500513) addi a0, zero, 0x5
x10 <- 0x00000005

mem[X,0x80000F1C] -> 0xB5B7
mem[X,0x80000F1E] -> 0xAAAA
[972] [M]: 0x80000F1C (0xAAAAB5B7) lui a1, -0x55555
x11 <- 0xAAAAB000

mem[X,0x80000F20] -> 0x8593
mem[X,0x80000F22] -> 0xAAA5
[973] [M]: 0x80000F20 (0xAAA58593) addi a1, a1, -0x556
x11 <- 0xAAAAAAAA

mem[X,0x80000F24] -> 0x1633
mem[X,0x80000F26] -> 0x02B5
[974] [M]: 0x80000F24 (0x02B51633) mulh a2, a0, a1
x12 <- 0xFFFFFFFE

mem[X,0x80000F28] -> 0xA223
mem[X,0x80000F2A] -> 0x22C0
[975] [M]: 0x80000F28 (0x22C0A223) sw a2, 0x224(ra)
mem[0x800063B4] <- 0xFFFFFFFE

mem[X,0x80000F2C] -> 0x0513
mem[X,0x80000F2E] -> 0x0050
[976] [M]: 0x80000F2C (0x00500513) addi a0, zero, 0x5
x10 <- 0x00000005

mem[X,0x80000F30] -> 0x0593
mem[X,0x80000F32] -> 0x0050
[977] [M]: 0x80000F30 (0x00500593) addi a1, zero, 0x5
x11 <- 0x00000005

mem[X,0x80000F34] -> 0x1633
mem[X,0x80000F36] -> 0x02B5
[978] [M]: 0x80000F34 (0x02B51633) mulh a2, a0, a1
x12 <- 0x00000000

mem[X,0x80000F38] -> 0xA423
mem[X,0x80000F3A] -> 0x22C0
[979] [M]: 0x80000F38 (0x22C0A423) sw a2, 0x228(ra)
mem[0x800063B8] <- 0x00000000

mem[X,0x80000F3C] -> 0x0513
mem[X,0x80000F3E] -> 0x0050
[980] [M]: 0x80000F3C (0x00500513) addi a0, zero, 0x5
x10 <- 0x00000005

mem[X,0x80000F40] -> 0x35B7
mem[X,0x80000F42] -> 0x3333
[981] [M]: 0x80000F40 (0x333335B7) lui a1, 0x33333
x11 <- 0x33333000

mem[X,0x80000F44] -> 0x8593
mem[X,0x80000F46] -> 0x3335
[982] [M]: 0x80000F44 (0x33358593) addi a1, a1, 0x333
x11 <- 0x33333333

mem[X,0x80000F48] -> 0x1633
mem[X,0x80000F4A] -> 0x02B5
[983] [M]: 0x80000F48 (0x02B51633) mulh a2, a0, a1
x12 <- 0x00000000

mem[X,0x80000F4C] -> 0xA623
mem[X,0x80000F4E] -> 0x22C0
[984] [M]: 0x80000F4C (0x22C0A623) sw a2, 0x22c(ra)
mem[0x800063BC] <- 0x00000000

mem[X,0x80000F50] -> 0x0513
mem[X,0x80000F52] -> 0x0050
[985] [M]: 0x80000F50 (0x00500513) addi a0, zero, 0x5
x10 <- 0x00000005

mem[X,0x80000F54] -> 0x65B7
mem[X,0x80000F56] -> 0x6666
[986] [M]: 0x80000F54 (0x666665B7) lui a1, 0x66666
x11 <- 0x66666000

mem[X,0x80000F58] -> 0x8593
mem[X,0x80000F5A] -> 0x6665
[987] [M]: 0x80000F58 (0x66658593) addi a1, a1, 0x666
x11 <- 0x66666666

mem[X,0x80000F5C] -> 0x1633
mem[X,0x80000F5E] -> 0x02B5
[988] [M]: 0x80000F5C (0x02B51633) mulh a2, a0, a1
x12 <- 0x00000001

mem[X,0x80000F60] -> 0xA823
mem[X,0x80000F62] -> 0x22C0
[989] [M]: 0x80000F60 (0x22C0A823) sw a2, 0x230(ra)
mem[0x800063C0] <- 0x00000001

mem[X,0x80000F64] -> 0x0513
mem[X,0x80000F66] -> 0x0050
[990] [M]: 0x80000F64 (0x00500513) addi a0, zero, 0x5
x10 <- 0x00000005

mem[X,0x80000F68] -> 0x55B7
mem[X,0x80000F6A] -> 0xFFFF
[991] [M]: 0x80000F68 (0xFFFF55B7) lui a1, -0xb
x11 <- 0xFFFF5000

mem[X,0x80000F6C] -> 0x8593
mem[X,0x80000F6E] -> 0xAFC5
[992] [M]: 0x80000F6C (0xAFC58593) addi a1, a1, -0x504
x11 <- 0xFFFF4AFC

mem[X,0x80000F70] -> 0x1633
mem[X,0x80000F72] -> 0x02B5
[993] [M]: 0x80000F70 (0x02B51633) mulh a2, a0, a1
x12 <- 0xFFFFFFFF

mem[X,0x80000F74] -> 0xAA23
mem[X,0x80000F76] -> 0x22C0
[994] [M]: 0x80000F74 (0x22C0AA23) sw a2, 0x234(ra)
mem[0x800063C4] <- 0xFFFFFFFF

mem[X,0x80000F78] -> 0x0513
mem[X,0x80000F7A] -> 0x0050
[995] [M]: 0x80000F78 (0x00500513) addi a0, zero, 0x5
x10 <- 0x00000005

mem[X,0x80000F7C] -> 0xB5B7
mem[X,0x80000F7E] -> 0x0000
[996] [M]: 0x80000F7C (0x0000B5B7) lui a1, 0xb
x11 <- 0x0000B000

mem[X,0x80000F80] -> 0x8593
mem[X,0x80000F82] -> 0x5045
[997] [M]: 0x80000F80 (0x50458593) addi a1, a1, 0x504
x11 <- 0x0000B504

mem[X,0x80000F84] -> 0x1633
mem[X,0x80000F86] -> 0x02B5
[998] [M]: 0x80000F84 (0x02B51633) mulh a2, a0, a1
x12 <- 0x00000000

mem[X,0x80000F88] -> 0xAC23
mem[X,0x80000F8A] -> 0x22C0
[999] [M]: 0x80000F88 (0x22C0AC23) sw a2, 0x238(ra)
mem[0x800063C8] <- 0x00000000

clint::tick mtime <- 0x000000000000000A
 clint timer pending at mtime 0x000000000000000A
htif::tick 0x0000000000000000
mem[X,0x80000F8C] -> 0x0513
mem[X,0x80000F8E] -> 0x0050
[1000] [M]: 0x80000F8C (0x00500513) addi a0, zero, 0x5
x10 <- 0x00000005

mem[X,0x80000F90] -> 0x0593
mem[X,0x80000F92] -> 0x0020
[1001] [M]: 0x80000F90 (0x00200593) addi a1, zero, 0x2
x11 <- 0x00000002

mem[X,0x80000F94] -> 0x1633
mem[X,0x80000F96] -> 0x02B5
[1002] [M]: 0x80000F94 (0x02B51633) mulh a2, a0, a1
x12 <- 0x00000000

mem[X,0x80000F98] -> 0xAE23
mem[X,0x80000F9A] -> 0x22C0
[1003] [M]: 0x80000F98 (0x22C0AE23) sw a2, 0x23c(ra)
mem[0x800063CC] <- 0x00000000

mem[X,0x80000F9C] -> 0x0513
mem[X,0x80000F9E] -> 0x0050
[1004] [M]: 0x80000F9C (0x00500513) addi a0, zero, 0x5
x10 <- 0x00000005

mem[X,0x80000FA0] -> 0x55B7
mem[X,0x80000FA2] -> 0x5555
[1005] [M]: 0x80000FA0 (0x555555B7) lui a1, 0x55555
x11 <- 0x55555000

mem[X,0x80000FA4] -> 0x8593
mem[X,0x80000FA6] -> 0x5545
[1006] [M]: 0x80000FA4 (0x55458593) addi a1, a1, 0x554
x11 <- 0x55555554

mem[X,0x80000FA8] -> 0x1633
mem[X,0x80000FAA] -> 0x02B5
[1007] [M]: 0x80000FA8 (0x02B51633) mulh a2, a0, a1
x12 <- 0x00000001

mem[X,0x80000FAC] -> 0xA023
mem[X,0x80000FAE] -> 0x24C0
[1008] [M]: 0x80000FAC (0x24C0A023) sw a2, 0x240(ra)
mem[0x800063D0] <- 0x00000001

mem[X,0x80000FB0] -> 0x0513
mem[X,0x80000FB2] -> 0x0050
[1009] [M]: 0x80000FB0 (0x00500513) addi a0, zero, 0x5
x10 <- 0x00000005

mem[X,0x80000FB4] -> 0x0593
mem[X,0x80000FB6] -> 0x0000
[1010] [M]: 0x80000FB4 (0x00000593) addi a1, zero, 0x0
x11 <- 0x00000000

mem[X,0x80000FB8] -> 0x1633
mem[X,0x80000FBA] -> 0x02B5
[1011] [M]: 0x80000FB8 (0x02B51633) mulh a2, a0, a1
x12 <- 0x00000000

mem[X,0x80000FBC] -> 0xA223
mem[X,0x80000FBE] -> 0x24C0
[1012] [M]: 0x80000FBC (0x24C0A223) sw a2, 0x244(ra)
mem[0x800063D4] <- 0x00000000

mem[X,0x80000FC0] -> 0x0513
mem[X,0x80000FC2] -> 0x0050
[1013] [M]: 0x80000FC0 (0x00500513) addi a0, zero, 0x5
x10 <- 0x00000005

mem[X,0x80000FC4] -> 0x0593
mem[X,0x80000FC6] -> 0x0040
[1014] [M]: 0x80000FC4 (0x00400593) addi a1, zero, 0x4
x11 <- 0x00000004

mem[X,0x80000FC8] -> 0x1633
mem[X,0x80000FCA] -> 0x02B5
[1015] [M]: 0x80000FC8 (0x02B51633) mulh a2, a0, a1
x12 <- 0x00000000

mem[X,0x80000FCC] -> 0xA423
mem[X,0x80000FCE] -> 0x24C0
[1016] [M]: 0x80000FCC (0x24C0A423) sw a2, 0x248(ra)
mem[0x800063D8] <- 0x00000000

mem[X,0x80000FD0] -> 0x0513
mem[X,0x80000FD2] -> 0x0050
[1017] [M]: 0x80000FD0 (0x00500513) addi a0, zero, 0x5
x10 <- 0x00000005

mem[X,0x80000FD4] -> 0x35B7
mem[X,0x80000FD6] -> 0x3333
[1018] [M]: 0x80000FD4 (0x333335B7) lui a1, 0x33333
x11 <- 0x33333000

mem[X,0x80000FD8] -> 0x8593
mem[X,0x80000FDA] -> 0x3325
[1019] [M]: 0x80000FD8 (0x33258593) addi a1, a1, 0x332
x11 <- 0x33333332

mem[X,0x80000FDC] -> 0x1633
mem[X,0x80000FDE] -> 0x02B5
[1020] [M]: 0x80000FDC (0x02B51633) mulh a2, a0, a1
x12 <- 0x00000000

mem[X,0x80000FE0] -> 0xA623
mem[X,0x80000FE2] -> 0x24C0
[1021] [M]: 0x80000FE0 (0x24C0A623) sw a2, 0x24c(ra)
mem[0x800063DC] <- 0x00000000

mem[X,0x80000FE4] -> 0x0513
mem[X,0x80000FE6] -> 0x0050
[1022] [M]: 0x80000FE4 (0x00500513) addi a0, zero, 0x5
x10 <- 0x00000005

mem[X,0x80000FE8] -> 0x65B7
mem[X,0x80000FEA] -> 0x6666
[1023] [M]: 0x80000FE8 (0x666665B7) lui a1, 0x66666
x11 <- 0x66666000

mem[X,0x80000FEC] -> 0x8593
mem[X,0x80000FEE] -> 0x6655
[1024] [M]: 0x80000FEC (0x66558593) addi a1, a1, 0x665
x11 <- 0x66666665

mem[X,0x80000FF0] -> 0x1633
mem[X,0x80000FF2] -> 0x02B5
[1025] [M]: 0x80000FF0 (0x02B51633) mulh a2, a0, a1
x12 <- 0x00000001

mem[X,0x80000FF4] -> 0xA823
mem[X,0x80000FF6] -> 0x24C0
[1026] [M]: 0x80000FF4 (0x24C0A823) sw a2, 0x250(ra)
mem[0x800063E0] <- 0x00000001

mem[X,0x80000FF8] -> 0x0513
mem[X,0x80000FFA] -> 0x0050
[1027] [M]: 0x80000FF8 (0x00500513) addi a0, zero, 0x5
x10 <- 0x00000005

mem[X,0x80000FFC] -> 0xB5B7
mem[X,0x80000FFE] -> 0x0000
[1028] [M]: 0x80000FFC (0x0000B5B7) lui a1, 0xb
x11 <- 0x0000B000

mem[X,0x80001000] -> 0x8593
mem[X,0x80001002] -> 0x5035
[1029] [M]: 0x80001000 (0x50358593) addi a1, a1, 0x503
x11 <- 0x0000B503

mem[X,0x80001004] -> 0x1633
mem[X,0x80001006] -> 0x02B5
[1030] [M]: 0x80001004 (0x02B51633) mulh a2, a0, a1
x12 <- 0x00000000

mem[X,0x80001008] -> 0xAA23
mem[X,0x8000100A] -> 0x24C0
[1031] [M]: 0x80001008 (0x24C0AA23) sw a2, 0x254(ra)
mem[0x800063E4] <- 0x00000000

mem[X,0x8000100C] -> 0x0513
mem[X,0x8000100E] -> 0x0050
[1032] [M]: 0x8000100C (0x00500513) addi a0, zero, 0x5
x10 <- 0x00000005

mem[X,0x80001010] -> 0x55B7
mem[X,0x80001012] -> 0x5555
[1033] [M]: 0x80001010 (0x555555B7) lui a1, 0x55555
x11 <- 0x55555000

mem[X,0x80001014] -> 0x8593
mem[X,0x80001016] -> 0x5565
[1034] [M]: 0x80001014 (0x55658593) addi a1, a1, 0x556
x11 <- 0x55555556

mem[X,0x80001018] -> 0x1633
mem[X,0x8000101A] -> 0x02B5
[1035] [M]: 0x80001018 (0x02B51633) mulh a2, a0, a1
x12 <- 0x00000001

mem[X,0x8000101C] -> 0xAC23
mem[X,0x8000101E] -> 0x24C0
[1036] [M]: 0x8000101C (0x24C0AC23) sw a2, 0x258(ra)
mem[0x800063E8] <- 0x00000001

mem[X,0x80001020] -> 0x0513
mem[X,0x80001022] -> 0x0050
[1037] [M]: 0x80001020 (0x00500513) addi a0, zero, 0x5
x10 <- 0x00000005

mem[X,0x80001024] -> 0xB5B7
mem[X,0x80001026] -> 0xAAAA
[1038] [M]: 0x80001024 (0xAAAAB5B7) lui a1, -0x55555
x11 <- 0xAAAAB000

mem[X,0x80001028] -> 0x8593
mem[X,0x8000102A] -> 0xAAB5
[1039] [M]: 0x80001028 (0xAAB58593) addi a1, a1, -0x555
x11 <- 0xAAAAAAAB

mem[X,0x8000102C] -> 0x1633
mem[X,0x8000102E] -> 0x02B5
[1040] [M]: 0x8000102C (0x02B51633) mulh a2, a0, a1
x12 <- 0xFFFFFFFE

mem[X,0x80001030] -> 0xAE23
mem[X,0x80001032] -> 0x24C0
[1041] [M]: 0x80001030 (0x24C0AE23) sw a2, 0x25c(ra)
mem[0x800063EC] <- 0xFFFFFFFE

mem[X,0x80001034] -> 0x0513
mem[X,0x80001036] -> 0x0050
[1042] [M]: 0x80001034 (0x00500513) addi a0, zero, 0x5
x10 <- 0x00000005

mem[X,0x80001038] -> 0x0593
mem[X,0x8000103A] -> 0x0060
[1043] [M]: 0x80001038 (0x00600593) addi a1, zero, 0x6
x11 <- 0x00000006

mem[X,0x8000103C] -> 0x1633
mem[X,0x8000103E] -> 0x02B5
[1044] [M]: 0x8000103C (0x02B51633) mulh a2, a0, a1
x12 <- 0x00000000

mem[X,0x80001040] -> 0xA023
mem[X,0x80001042] -> 0x26C0
[1045] [M]: 0x80001040 (0x26C0A023) sw a2, 0x260(ra)
mem[0x800063F0] <- 0x00000000

mem[X,0x80001044] -> 0x0513
mem[X,0x80001046] -> 0x0050
[1046] [M]: 0x80001044 (0x00500513) addi a0, zero, 0x5
x10 <- 0x00000005

mem[X,0x80001048] -> 0x35B7
mem[X,0x8000104A] -> 0x3333
[1047] [M]: 0x80001048 (0x333335B7) lui a1, 0x33333
x11 <- 0x33333000

mem[X,0x8000104C] -> 0x8593
mem[X,0x8000104E] -> 0x3345
[1048] [M]: 0x8000104C (0x33458593) addi a1, a1, 0x334
x11 <- 0x33333334

mem[X,0x80001050] -> 0x1633
mem[X,0x80001052] -> 0x02B5
[1049] [M]: 0x80001050 (0x02B51633) mulh a2, a0, a1
x12 <- 0x00000001

mem[X,0x80001054] -> 0xA223
mem[X,0x80001056] -> 0x26C0
[1050] [M]: 0x80001054 (0x26C0A223) sw a2, 0x264(ra)
mem[0x800063F4] <- 0x00000001

mem[X,0x80001058] -> 0x0513
mem[X,0x8000105A] -> 0x0050
[1051] [M]: 0x80001058 (0x00500513) addi a0, zero, 0x5
x10 <- 0x00000005

mem[X,0x8000105C] -> 0x65B7
mem[X,0x8000105E] -> 0x6666
[1052] [M]: 0x8000105C (0x666665B7) lui a1, 0x66666
x11 <- 0x66666000

mem[X,0x80001060] -> 0x8593
mem[X,0x80001062] -> 0x6675
[1053] [M]: 0x80001060 (0x66758593) addi a1, a1, 0x667
x11 <- 0x66666667

mem[X,0x80001064] -> 0x1633
mem[X,0x80001066] -> 0x02B5
[1054] [M]: 0x80001064 (0x02B51633) mulh a2, a0, a1
x12 <- 0x00000002

mem[X,0x80001068] -> 0xA423
mem[X,0x8000106A] -> 0x26C0
[1055] [M]: 0x80001068 (0x26C0A423) sw a2, 0x268(ra)
mem[0x800063F8] <- 0x00000002

mem[X,0x8000106C] -> 0x0513
mem[X,0x8000106E] -> 0x0050
[1056] [M]: 0x8000106C (0x00500513) addi a0, zero, 0x5
x10 <- 0x00000005

mem[X,0x80001070] -> 0x55B7
mem[X,0x80001072] -> 0xFFFF
[1057] [M]: 0x80001070 (0xFFFF55B7) lui a1, -0xb
x11 <- 0xFFFF5000

mem[X,0x80001074] -> 0x8593
mem[X,0x80001076] -> 0xAFD5
[1058] [M]: 0x80001074 (0xAFD58593) addi a1, a1, -0x503
x11 <- 0xFFFF4AFD

mem[X,0x80001078] -> 0x1633
mem[X,0x8000107A] -> 0x02B5
[1059] [M]: 0x80001078 (0x02B51633) mulh a2, a0, a1
x12 <- 0xFFFFFFFF

mem[X,0x8000107C] -> 0xA623
mem[X,0x8000107E] -> 0x26C0
[1060] [M]: 0x8000107C (0x26C0A623) sw a2, 0x26c(ra)
mem[0x800063FC] <- 0xFFFFFFFF

mem[X,0x80001080] -> 0x0513
mem[X,0x80001082] -> 0x0050
[1061] [M]: 0x80001080 (0x00500513) addi a0, zero, 0x5
x10 <- 0x00000005

mem[X,0x80001084] -> 0xB5B7
mem[X,0x80001086] -> 0x0000
[1062] [M]: 0x80001084 (0x0000B5B7) lui a1, 0xb
x11 <- 0x0000B000

mem[X,0x80001088] -> 0x8593
mem[X,0x8000108A] -> 0x5055
[1063] [M]: 0x80001088 (0x50558593) addi a1, a1, 0x505
x11 <- 0x0000B505

mem[X,0x8000108C] -> 0x1633
mem[X,0x8000108E] -> 0x02B5
[1064] [M]: 0x8000108C (0x02B51633) mulh a2, a0, a1
x12 <- 0x00000000

mem[X,0x80001090] -> 0xA823
mem[X,0x80001092] -> 0x26C0
[1065] [M]: 0x80001090 (0x26C0A823) sw a2, 0x270(ra)
mem[0x80006400] <- 0x00000000

mem[X,0x80001094] -> 0x3537
mem[X,0x80001096] -> 0x3333
[1066] [M]: 0x80001094 (0x33333537) lui a0, 0x33333
x10 <- 0x33333000

mem[X,0x80001098] -> 0x0513
mem[X,0x8000109A] -> 0x3335
[1067] [M]: 0x80001098 (0x33350513) addi a0, a0, 0x333
x10 <- 0x33333333

mem[X,0x8000109C] -> 0x0593
mem[X,0x8000109E] -> 0x0030
[1068] [M]: 0x8000109C (0x00300593) addi a1, zero, 0x3
x11 <- 0x00000003

mem[X,0x800010A0] -> 0x1633
mem[X,0x800010A2] -> 0x02B5
[1069] [M]: 0x800010A0 (0x02B51633) mulh a2, a0, a1
x12 <- 0x00000000

mem[X,0x800010A4] -> 0xAA23
mem[X,0x800010A6] -> 0x26C0
[1070] [M]: 0x800010A4 (0x26C0AA23) sw a2, 0x274(ra)
mem[0x80006404] <- 0x00000000

mem[X,0x800010A8] -> 0x3537
mem[X,0x800010AA] -> 0x3333
[1071] [M]: 0x800010A8 (0x33333537) lui a0, 0x33333
x10 <- 0x33333000

mem[X,0x800010AC] -> 0x0513
mem[X,0x800010AE] -> 0x3335
[1072] [M]: 0x800010AC (0x33350513) addi a0, a0, 0x333
x10 <- 0x33333333

mem[X,0x800010B0] -> 0x55B7
mem[X,0x800010B2] -> 0x5555
[1073] [M]: 0x800010B0 (0x555555B7) lui a1, 0x55555
x11 <- 0x55555000

mem[X,0x800010B4] -> 0x8593
mem[X,0x800010B6] -> 0x5555
[1074] [M]: 0x800010B4 (0x55558593) addi a1, a1, 0x555
x11 <- 0x55555555

mem[X,0x800010B8] -> 0x1633
mem[X,0x800010BA] -> 0x02B5
[1075] [M]: 0x800010B8 (0x02B51633) mulh a2, a0, a1
x12 <- 0x11111110

mem[X,0x800010BC] -> 0xAC23
mem[X,0x800010BE] -> 0x26C0
[1076] [M]: 0x800010BC (0x26C0AC23) sw a2, 0x278(ra)
mem[0x80006408] <- 0x11111110

mem[X,0x800010C0] -> 0x3537
mem[X,0x800010C2] -> 0x3333
[1077] [M]: 0x800010C0 (0x33333537) lui a0, 0x33333
x10 <- 0x33333000

mem[X,0x800010C4] -> 0x0513
mem[X,0x800010C6] -> 0x3335
[1078] [M]: 0x800010C4 (0x33350513) addi a0, a0, 0x333
x10 <- 0x33333333

mem[X,0x800010C8] -> 0xB5B7
mem[X,0x800010CA] -> 0xAAAA
[1079] [M]: 0x800010C8 (0xAAAAB5B7) lui a1, -0x55555
x11 <- 0xAAAAB000

mem[X,0x800010CC] -> 0x8593
mem[X,0x800010CE] -> 0xAAA5
[1080] [M]: 0x800010CC (0xAAA58593) addi a1, a1, -0x556
x11 <- 0xAAAAAAAA

mem[X,0x800010D0] -> 0x1633
mem[X,0x800010D2] -> 0x02B5
[1081] [M]: 0x800010D0 (0x02B51633) mulh a2, a0, a1
x12 <- 0xEEEEEEEE

mem[X,0x800010D4] -> 0xAE23
mem[X,0x800010D6] -> 0x26C0
[1082] [M]: 0x800010D4 (0x26C0AE23) sw a2, 0x27c(ra)
mem[0x8000640C] <- 0xEEEEEEEE

mem[X,0x800010D8] -> 0x3537
mem[X,0x800010DA] -> 0x3333
[1083] [M]: 0x800010D8 (0x33333537) lui a0, 0x33333
x10 <- 0x33333000

mem[X,0x800010DC] -> 0x0513
mem[X,0x800010DE] -> 0x3335
[1084] [M]: 0x800010DC (0x33350513) addi a0, a0, 0x333
x10 <- 0x33333333

mem[X,0x800010E0] -> 0x0593
mem[X,0x800010E2] -> 0x0050
[1085] [M]: 0x800010E0 (0x00500593) addi a1, zero, 0x5
x11 <- 0x00000005

mem[X,0x800010E4] -> 0x1633
mem[X,0x800010E6] -> 0x02B5
[1086] [M]: 0x800010E4 (0x02B51633) mulh a2, a0, a1
x12 <- 0x00000000

mem[X,0x800010E8] -> 0xA023
mem[X,0x800010EA] -> 0x28C0
[1087] [M]: 0x800010E8 (0x28C0A023) sw a2, 0x280(ra)
mem[0x80006410] <- 0x00000000

mem[X,0x800010EC] -> 0x3537
mem[X,0x800010EE] -> 0x3333
[1088] [M]: 0x800010EC (0x33333537) lui a0, 0x33333
x10 <- 0x33333000

mem[X,0x800010F0] -> 0x0513
mem[X,0x800010F2] -> 0x3335
[1089] [M]: 0x800010F0 (0x33350513) addi a0, a0, 0x333
x10 <- 0x33333333

mem[X,0x800010F4] -> 0x35B7
mem[X,0x800010F6] -> 0x3333
[1090] [M]: 0x800010F4 (0x333335B7) lui a1, 0x33333
x11 <- 0x33333000

mem[X,0x800010F8] -> 0x8593
mem[X,0x800010FA] -> 0x3335
[1091] [M]: 0x800010F8 (0x33358593) addi a1, a1, 0x333
x11 <- 0x33333333

mem[X,0x800010FC] -> 0x1633
mem[X,0x800010FE] -> 0x02B5
[1092] [M]: 0x800010FC (0x02B51633) mulh a2, a0, a1
x12 <- 0x0A3D70A3

mem[X,0x80001100] -> 0xA223
mem[X,0x80001102] -> 0x28C0
[1093] [M]: 0x80001100 (0x28C0A223) sw a2, 0x284(ra)
mem[0x80006414] <- 0x0A3D70A3

mem[X,0x80001104] -> 0x3537
mem[X,0x80001106] -> 0x3333
[1094] [M]: 0x80001104 (0x33333537) lui a0, 0x33333
x10 <- 0x33333000

mem[X,0x80001108] -> 0x0513
mem[X,0x8000110A] -> 0x3335
[1095] [M]: 0x80001108 (0x33350513) addi a0, a0, 0x333
x10 <- 0x33333333

mem[X,0x8000110C] -> 0x65B7
mem[X,0x8000110E] -> 0x6666
[1096] [M]: 0x8000110C (0x666665B7) lui a1, 0x66666
x11 <- 0x66666000

mem[X,0x80001110] -> 0x8593
mem[X,0x80001112] -> 0x6665
[1097] [M]: 0x80001110 (0x66658593) addi a1, a1, 0x666
x11 <- 0x66666666

mem[X,0x80001114] -> 0x1633
mem[X,0x80001116] -> 0x02B5
[1098] [M]: 0x80001114 (0x02B51633) mulh a2, a0, a1
x12 <- 0x147AE147

mem[X,0x80001118] -> 0xA423
mem[X,0x8000111A] -> 0x28C0
[1099] [M]: 0x80001118 (0x28C0A423) sw a2, 0x288(ra)
mem[0x80006418] <- 0x147AE147

clint::tick mtime <- 0x000000000000000B
 clint timer pending at mtime 0x000000000000000B
htif::tick 0x0000000000000000
mem[X,0x8000111C] -> 0x3537
mem[X,0x8000111E] -> 0x3333
[1100] [M]: 0x8000111C (0x33333537) lui a0, 0x33333
x10 <- 0x33333000

mem[X,0x80001120] -> 0x0513
mem[X,0x80001122] -> 0x3335
[1101] [M]: 0x80001120 (0x33350513) addi a0, a0, 0x333
x10 <- 0x33333333

mem[X,0x80001124] -> 0x55B7
mem[X,0x80001126] -> 0xFFFF
[1102] [M]: 0x80001124 (0xFFFF55B7) lui a1, -0xb
x11 <- 0xFFFF5000

mem[X,0x80001128] -> 0x8593
mem[X,0x8000112A] -> 0xAFC5
[1103] [M]: 0x80001128 (0xAFC58593) addi a1, a1, -0x504
x11 <- 0xFFFF4AFC

mem[X,0x8000112C] -> 0x1633
mem[X,0x8000112E] -> 0x02B5
[1104] [M]: 0x8000112C (0x02B51633) mulh a2, a0, a1
x12 <- 0xFFFFDBCC

mem[X,0x80001130] -> 0xA623
mem[X,0x80001132] -> 0x28C0
[1105] [M]: 0x80001130 (0x28C0A623) sw a2, 0x28c(ra)
mem[0x8000641C] <- 0xFFFFDBCC

mem[X,0x80001134] -> 0x3537
mem[X,0x80001136] -> 0x3333
[1106] [M]: 0x80001134 (0x33333537) lui a0, 0x33333
x10 <- 0x33333000

mem[X,0x80001138] -> 0x0513
mem[X,0x8000113A] -> 0x3335
[1107] [M]: 0x80001138 (0x33350513) addi a0, a0, 0x333
x10 <- 0x33333333

mem[X,0x8000113C] -> 0xB5B7
mem[X,0x8000113E] -> 0x0000
[1108] [M]: 0x8000113C (0x0000B5B7) lui a1, 0xb
x11 <- 0x0000B000

mem[X,0x80001140] -> 0x8593
mem[X,0x80001142] -> 0x5045
[1109] [M]: 0x80001140 (0x50458593) addi a1, a1, 0x504
x11 <- 0x0000B504

mem[X,0x80001144] -> 0x1633
mem[X,0x80001146] -> 0x02B5
[1110] [M]: 0x80001144 (0x02B51633) mulh a2, a0, a1
x12 <- 0x00002433

mem[X,0x80001148] -> 0xA823
mem[X,0x8000114A] -> 0x28C0
[1111] [M]: 0x80001148 (0x28C0A823) sw a2, 0x290(ra)
mem[0x80006420] <- 0x00002433

mem[X,0x8000114C] -> 0x3537
mem[X,0x8000114E] -> 0x3333
[1112] [M]: 0x8000114C (0x33333537) lui a0, 0x33333
x10 <- 0x33333000

mem[X,0x80001150] -> 0x0513
mem[X,0x80001152] -> 0x3335
[1113] [M]: 0x80001150 (0x33350513) addi a0, a0, 0x333
x10 <- 0x33333333

mem[X,0x80001154] -> 0x0593
mem[X,0x80001156] -> 0x0020
[1114] [M]: 0x80001154 (0x00200593) addi a1, zero, 0x2
x11 <- 0x00000002

mem[X,0x80001158] -> 0x1633
mem[X,0x8000115A] -> 0x02B5
[1115] [M]: 0x80001158 (0x02B51633) mulh a2, a0, a1
x12 <- 0x00000000

mem[X,0x8000115C] -> 0xAA23
mem[X,0x8000115E] -> 0x28C0
[1116] [M]: 0x8000115C (0x28C0AA23) sw a2, 0x294(ra)
mem[0x80006424] <- 0x00000000

mem[X,0x80001160] -> 0x3537
mem[X,0x80001162] -> 0x3333
[1117] [M]: 0x80001160 (0x33333537) lui a0, 0x33333
x10 <- 0x33333000

mem[X,0x80001164] -> 0x0513
mem[X,0x80001166] -> 0x3335
[1118] [M]: 0x80001164 (0x33350513) addi a0, a0, 0x333
x10 <- 0x33333333

mem[X,0x80001168] -> 0x55B7
mem[X,0x8000116A] -> 0x5555
[1119] [M]: 0x80001168 (0x555555B7) lui a1, 0x55555
x11 <- 0x55555000

mem[X,0x8000116C] -> 0x8593
mem[X,0x8000116E] -> 0x5545
[1120] [M]: 0x8000116C (0x55458593) addi a1, a1, 0x554
x11 <- 0x55555554

mem[X,0x80001170] -> 0x1633
mem[X,0x80001172] -> 0x02B5
[1121] [M]: 0x80001170 (0x02B51633) mulh a2, a0, a1
x12 <- 0x11111110

mem[X,0x80001174] -> 0xAC23
mem[X,0x80001176] -> 0x28C0
[1122] [M]: 0x80001174 (0x28C0AC23) sw a2, 0x298(ra)
mem[0x80006428] <- 0x11111110

mem[X,0x80001178] -> 0x3537
mem[X,0x8000117A] -> 0x3333
[1123] [M]: 0x80001178 (0x33333537) lui a0, 0x33333
x10 <- 0x33333000

mem[X,0x8000117C] -> 0x0513
mem[X,0x8000117E] -> 0x3335
[1124] [M]: 0x8000117C (0x33350513) addi a0, a0, 0x333
x10 <- 0x33333333

mem[X,0x80001180] -> 0x0593
mem[X,0x80001182] -> 0x0000
[1125] [M]: 0x80001180 (0x00000593) addi a1, zero, 0x0
x11 <- 0x00000000

mem[X,0x80001184] -> 0x1633
mem[X,0x80001186] -> 0x02B5
[1126] [M]: 0x80001184 (0x02B51633) mulh a2, a0, a1
x12 <- 0x00000000

mem[X,0x80001188] -> 0xAE23
mem[X,0x8000118A] -> 0x28C0
[1127] [M]: 0x80001188 (0x28C0AE23) sw a2, 0x29c(ra)
mem[0x8000642C] <- 0x00000000

mem[X,0x8000118C] -> 0x3537
mem[X,0x8000118E] -> 0x3333
[1128] [M]: 0x8000118C (0x33333537) lui a0, 0x33333
x10 <- 0x33333000

mem[X,0x80001190] -> 0x0513
mem[X,0x80001192] -> 0x3335
[1129] [M]: 0x80001190 (0x33350513) addi a0, a0, 0x333
x10 <- 0x33333333

mem[X,0x80001194] -> 0x0593
mem[X,0x80001196] -> 0x0040
[1130] [M]: 0x80001194 (0x00400593) addi a1, zero, 0x4
x11 <- 0x00000004

mem[X,0x80001198] -> 0x1633
mem[X,0x8000119A] -> 0x02B5
[1131] [M]: 0x80001198 (0x02B51633) mulh a2, a0, a1
x12 <- 0x00000000

mem[X,0x8000119C] -> 0xA023
mem[X,0x8000119E] -> 0x2AC0
[1132] [M]: 0x8000119C (0x2AC0A023) sw a2, 0x2a0(ra)
mem[0x80006430] <- 0x00000000

mem[X,0x800011A0] -> 0x3537
mem[X,0x800011A2] -> 0x3333
[1133] [M]: 0x800011A0 (0x33333537) lui a0, 0x33333
x10 <- 0x33333000

mem[X,0x800011A4] -> 0x0513
mem[X,0x800011A6] -> 0x3335
[1134] [M]: 0x800011A4 (0x33350513) addi a0, a0, 0x333
x10 <- 0x33333333

mem[X,0x800011A8] -> 0x35B7
mem[X,0x800011AA] -> 0x3333
[1135] [M]: 0x800011A8 (0x333335B7) lui a1, 0x33333
x11 <- 0x33333000

mem[X,0x800011AC] -> 0x8593
mem[X,0x800011AE] -> 0x3325
[1136] [M]: 0x800011AC (0x33258593) addi a1, a1, 0x332
x11 <- 0x33333332

mem[X,0x800011B0] -> 0x1633
mem[X,0x800011B2] -> 0x02B5
[1137] [M]: 0x800011B0 (0x02B51633) mulh a2, a0, a1
x12 <- 0x0A3D70A3

mem[X,0x800011B4] -> 0xA223
mem[X,0x800011B6] -> 0x2AC0
[1138] [M]: 0x800011B4 (0x2AC0A223) sw a2, 0x2a4(ra)
mem[0x80006434] <- 0x0A3D70A3

mem[X,0x800011B8] -> 0x3537
mem[X,0x800011BA] -> 0x3333
[1139] [M]: 0x800011B8 (0x33333537) lui a0, 0x33333
x10 <- 0x33333000

mem[X,0x800011BC] -> 0x0513
mem[X,0x800011BE] -> 0x3335
[1140] [M]: 0x800011BC (0x33350513) addi a0, a0, 0x333
x10 <- 0x33333333

mem[X,0x800011C0] -> 0x65B7
mem[X,0x800011C2] -> 0x6666
[1141] [M]: 0x800011C0 (0x666665B7) lui a1, 0x66666
x11 <- 0x66666000

mem[X,0x800011C4] -> 0x8593
mem[X,0x800011C6] -> 0x6655
[1142] [M]: 0x800011C4 (0x66558593) addi a1, a1, 0x665
x11 <- 0x66666665

mem[X,0x800011C8] -> 0x1633
mem[X,0x800011CA] -> 0x02B5
[1143] [M]: 0x800011C8 (0x02B51633) mulh a2, a0, a1
x12 <- 0x147AE147

mem[X,0x800011CC] -> 0xA423
mem[X,0x800011CE] -> 0x2AC0
[1144] [M]: 0x800011CC (0x2AC0A423) sw a2, 0x2a8(ra)
mem[0x80006438] <- 0x147AE147

mem[X,0x800011D0] -> 0x3537
mem[X,0x800011D2] -> 0x3333
[1145] [M]: 0x800011D0 (0x33333537) lui a0, 0x33333
x10 <- 0x33333000

mem[X,0x800011D4] -> 0x0513
mem[X,0x800011D6] -> 0x3335
[1146] [M]: 0x800011D4 (0x33350513) addi a0, a0, 0x333
x10 <- 0x33333333

mem[X,0x800011D8] -> 0xB5B7
mem[X,0x800011DA] -> 0x0000
[1147] [M]: 0x800011D8 (0x0000B5B7) lui a1, 0xb
x11 <- 0x0000B000

mem[X,0x800011DC] -> 0x8593
mem[X,0x800011DE] -> 0x5035
[1148] [M]: 0x800011DC (0x50358593) addi a1, a1, 0x503
x11 <- 0x0000B503

mem[X,0x800011E0] -> 0x1633
mem[X,0x800011E2] -> 0x02B5
[1149] [M]: 0x800011E0 (0x02B51633) mulh a2, a0, a1
x12 <- 0x00002433

mem[X,0x800011E4] -> 0xA623
mem[X,0x800011E6] -> 0x2AC0
[1150] [M]: 0x800011E4 (0x2AC0A623) sw a2, 0x2ac(ra)
mem[0x8000643C] <- 0x00002433

mem[X,0x800011E8] -> 0x3537
mem[X,0x800011EA] -> 0x3333
[1151] [M]: 0x800011E8 (0x33333537) lui a0, 0x33333
x10 <- 0x33333000

mem[X,0x800011EC] -> 0x0513
mem[X,0x800011EE] -> 0x3335
[1152] [M]: 0x800011EC (0x33350513) addi a0, a0, 0x333
x10 <- 0x33333333

mem[X,0x800011F0] -> 0x55B7
mem[X,0x800011F2] -> 0x5555
[1153] [M]: 0x800011F0 (0x555555B7) lui a1, 0x55555
x11 <- 0x55555000

mem[X,0x800011F4] -> 0x8593
mem[X,0x800011F6] -> 0x5565
[1154] [M]: 0x800011F4 (0x55658593) addi a1, a1, 0x556
x11 <- 0x55555556

mem[X,0x800011F8] -> 0x1633
mem[X,0x800011FA] -> 0x02B5
[1155] [M]: 0x800011F8 (0x02B51633) mulh a2, a0, a1
x12 <- 0x11111111

mem[X,0x800011FC] -> 0xA823
mem[X,0x800011FE] -> 0x2AC0
[1156] [M]: 0x800011FC (0x2AC0A823) sw a2, 0x2b0(ra)
mem[0x80006440] <- 0x11111111

mem[X,0x80001200] -> 0x3537
mem[X,0x80001202] -> 0x3333
[1157] [M]: 0x80001200 (0x33333537) lui a0, 0x33333
x10 <- 0x33333000

mem[X,0x80001204] -> 0x0513
mem[X,0x80001206] -> 0x3335
[1158] [M]: 0x80001204 (0x33350513) addi a0, a0, 0x333
x10 <- 0x33333333

mem[X,0x80001208] -> 0xB5B7
mem[X,0x8000120A] -> 0xAAAA
[1159] [M]: 0x80001208 (0xAAAAB5B7) lui a1, -0x55555
x11 <- 0xAAAAB000

mem[X,0x8000120C] -> 0x8593
mem[X,0x8000120E] -> 0xAAB5
[1160] [M]: 0x8000120C (0xAAB58593) addi a1, a1, -0x555
x11 <- 0xAAAAAAAB

mem[X,0x80001210] -> 0x1633
mem[X,0x80001212] -> 0x02B5
[1161] [M]: 0x80001210 (0x02B51633) mulh a2, a0, a1
x12 <- 0xEEEEEEEF

mem[X,0x80001214] -> 0xAA23
mem[X,0x80001216] -> 0x2AC0
[1162] [M]: 0x80001214 (0x2AC0AA23) sw a2, 0x2b4(ra)
mem[0x80006444] <- 0xEEEEEEEF

mem[X,0x80001218] -> 0x3537
mem[X,0x8000121A] -> 0x3333
[1163] [M]: 0x80001218 (0x33333537) lui a0, 0x33333
x10 <- 0x33333000

mem[X,0x8000121C] -> 0x0513
mem[X,0x8000121E] -> 0x3335
[1164] [M]: 0x8000121C (0x33350513) addi a0, a0, 0x333
x10 <- 0x33333333

mem[X,0x80001220] -> 0x0593
mem[X,0x80001222] -> 0x0060
[1165] [M]: 0x80001220 (0x00600593) addi a1, zero, 0x6
x11 <- 0x00000006

mem[X,0x80001224] -> 0x1633
mem[X,0x80001226] -> 0x02B5
[1166] [M]: 0x80001224 (0x02B51633) mulh a2, a0, a1
x12 <- 0x00000001

mem[X,0x80001228] -> 0xAC23
mem[X,0x8000122A] -> 0x2AC0
[1167] [M]: 0x80001228 (0x2AC0AC23) sw a2, 0x2b8(ra)
mem[0x80006448] <- 0x00000001

mem[X,0x8000122C] -> 0x3537
mem[X,0x8000122E] -> 0x3333
[1168] [M]: 0x8000122C (0x33333537) lui a0, 0x33333
x10 <- 0x33333000

mem[X,0x80001230] -> 0x0513
mem[X,0x80001232] -> 0x3335
[1169] [M]: 0x80001230 (0x33350513) addi a0, a0, 0x333
x10 <- 0x33333333

mem[X,0x80001234] -> 0x35B7
mem[X,0x80001236] -> 0x3333
[1170] [M]: 0x80001234 (0x333335B7) lui a1, 0x33333
x11 <- 0x33333000

mem[X,0x80001238] -> 0x8593
mem[X,0x8000123A] -> 0x3345
[1171] [M]: 0x80001238 (0x33458593) addi a1, a1, 0x334
x11 <- 0x33333334

mem[X,0x8000123C] -> 0x1633
mem[X,0x8000123E] -> 0x02B5
[1172] [M]: 0x8000123C (0x02B51633) mulh a2, a0, a1
x12 <- 0x0A3D70A3

mem[X,0x80001240] -> 0xAE23
mem[X,0x80001242] -> 0x2AC0
[1173] [M]: 0x80001240 (0x2AC0AE23) sw a2, 0x2bc(ra)
mem[0x8000644C] <- 0x0A3D70A3

mem[X,0x80001244] -> 0x3537
mem[X,0x80001246] -> 0x3333
[1174] [M]: 0x80001244 (0x33333537) lui a0, 0x33333
x10 <- 0x33333000

mem[X,0x80001248] -> 0x0513
mem[X,0x8000124A] -> 0x3335
[1175] [M]: 0x80001248 (0x33350513) addi a0, a0, 0x333
x10 <- 0x33333333

mem[X,0x8000124C] -> 0x65B7
mem[X,0x8000124E] -> 0x6666
[1176] [M]: 0x8000124C (0x666665B7) lui a1, 0x66666
x11 <- 0x66666000

mem[X,0x80001250] -> 0x8593
mem[X,0x80001252] -> 0x6675
[1177] [M]: 0x80001250 (0x66758593) addi a1, a1, 0x667
x11 <- 0x66666667

mem[X,0x80001254] -> 0x1633
mem[X,0x80001256] -> 0x02B5
[1178] [M]: 0x80001254 (0x02B51633) mulh a2, a0, a1
x12 <- 0x147AE147

mem[X,0x80001258] -> 0xA023
mem[X,0x8000125A] -> 0x2CC0
[1179] [M]: 0x80001258 (0x2CC0A023) sw a2, 0x2c0(ra)
mem[0x80006450] <- 0x147AE147

mem[X,0x8000125C] -> 0x3537
mem[X,0x8000125E] -> 0x3333
[1180] [M]: 0x8000125C (0x33333537) lui a0, 0x33333
x10 <- 0x33333000

mem[X,0x80001260] -> 0x0513
mem[X,0x80001262] -> 0x3335
[1181] [M]: 0x80001260 (0x33350513) addi a0, a0, 0x333
x10 <- 0x33333333

mem[X,0x80001264] -> 0x55B7
mem[X,0x80001266] -> 0xFFFF
[1182] [M]: 0x80001264 (0xFFFF55B7) lui a1, -0xb
x11 <- 0xFFFF5000

mem[X,0x80001268] -> 0x8593
mem[X,0x8000126A] -> 0xAFD5
[1183] [M]: 0x80001268 (0xAFD58593) addi a1, a1, -0x503
x11 <- 0xFFFF4AFD

mem[X,0x8000126C] -> 0x1633
mem[X,0x8000126E] -> 0x02B5
[1184] [M]: 0x8000126C (0x02B51633) mulh a2, a0, a1
x12 <- 0xFFFFDBCC

mem[X,0x80001270] -> 0xA223
mem[X,0x80001272] -> 0x2CC0
[1185] [M]: 0x80001270 (0x2CC0A223) sw a2, 0x2c4(ra)
mem[0x80006454] <- 0xFFFFDBCC

mem[X,0x80001274] -> 0x3537
mem[X,0x80001276] -> 0x3333
[1186] [M]: 0x80001274 (0x33333537) lui a0, 0x33333
x10 <- 0x33333000

mem[X,0x80001278] -> 0x0513
mem[X,0x8000127A] -> 0x3335
[1187] [M]: 0x80001278 (0x33350513) addi a0, a0, 0x333
x10 <- 0x33333333

mem[X,0x8000127C] -> 0xB5B7
mem[X,0x8000127E] -> 0x0000
[1188] [M]: 0x8000127C (0x0000B5B7) lui a1, 0xb
x11 <- 0x0000B000

mem[X,0x80001280] -> 0x8593
mem[X,0x80001282] -> 0x5055
[1189] [M]: 0x80001280 (0x50558593) addi a1, a1, 0x505
x11 <- 0x0000B505

mem[X,0x80001284] -> 0x1633
mem[X,0x80001286] -> 0x02B5
[1190] [M]: 0x80001284 (0x02B51633) mulh a2, a0, a1
x12 <- 0x00002434

mem[X,0x80001288] -> 0xA423
mem[X,0x8000128A] -> 0x2CC0
[1191] [M]: 0x80001288 (0x2CC0A423) sw a2, 0x2c8(ra)
mem[0x80006458] <- 0x00002434

mem[X,0x8000128C] -> 0x6537
mem[X,0x8000128E] -> 0x6666
[1192] [M]: 0x8000128C (0x66666537) lui a0, 0x66666
x10 <- 0x66666000

mem[X,0x80001290] -> 0x0513
mem[X,0x80001292] -> 0x6665
[1193] [M]: 0x80001290 (0x66650513) addi a0, a0, 0x666
x10 <- 0x66666666

mem[X,0x80001294] -> 0x0593
mem[X,0x80001296] -> 0x0030
[1194] [M]: 0x80001294 (0x00300593) addi a1, zero, 0x3
x11 <- 0x00000003

mem[X,0x80001298] -> 0x1633
mem[X,0x8000129A] -> 0x02B5
[1195] [M]: 0x80001298 (0x02B51633) mulh a2, a0, a1
x12 <- 0x00000001

mem[X,0x8000129C] -> 0xA623
mem[X,0x8000129E] -> 0x2CC0
[1196] [M]: 0x8000129C (0x2CC0A623) sw a2, 0x2cc(ra)
mem[0x8000645C] <- 0x00000001

mem[X,0x800012A0] -> 0x6537
mem[X,0x800012A2] -> 0x6666
[1197] [M]: 0x800012A0 (0x66666537) lui a0, 0x66666
x10 <- 0x66666000

mem[X,0x800012A4] -> 0x0513
mem[X,0x800012A6] -> 0x6665
[1198] [M]: 0x800012A4 (0x66650513) addi a0, a0, 0x666
x10 <- 0x66666666

mem[X,0x800012A8] -> 0x55B7
mem[X,0x800012AA] -> 0x5555
[1199] [M]: 0x800012A8 (0x555555B7) lui a1, 0x55555
x11 <- 0x55555000

clint::tick mtime <- 0x000000000000000C
 clint timer pending at mtime 0x000000000000000C
htif::tick 0x0000000000000000
mem[X,0x800012AC] -> 0x8593
mem[X,0x800012AE] -> 0x5555
[1200] [M]: 0x800012AC (0x55558593) addi a1, a1, 0x555
x11 <- 0x55555555

mem[X,0x800012B0] -> 0x1633
mem[X,0x800012B2] -> 0x02B5
[1201] [M]: 0x800012B0 (0x02B51633) mulh a2, a0, a1
x12 <- 0x22222221

mem[X,0x800012B4] -> 0xA823
mem[X,0x800012B6] -> 0x2CC0
[1202] [M]: 0x800012B4 (0x2CC0A823) sw a2, 0x2d0(ra)
mem[0x80006460] <- 0x22222221

mem[X,0x800012B8] -> 0x6537
mem[X,0x800012BA] -> 0x6666
[1203] [M]: 0x800012B8 (0x66666537) lui a0, 0x66666
x10 <- 0x66666000

mem[X,0x800012BC] -> 0x0513
mem[X,0x800012BE] -> 0x6665
[1204] [M]: 0x800012BC (0x66650513) addi a0, a0, 0x666
x10 <- 0x66666666

mem[X,0x800012C0] -> 0xB5B7
mem[X,0x800012C2] -> 0xAAAA
[1205] [M]: 0x800012C0 (0xAAAAB5B7) lui a1, -0x55555
x11 <- 0xAAAAB000

mem[X,0x800012C4] -> 0x8593
mem[X,0x800012C6] -> 0xAAA5
[1206] [M]: 0x800012C4 (0xAAA58593) addi a1, a1, -0x556
x11 <- 0xAAAAAAAA

mem[X,0x800012C8] -> 0x1633
mem[X,0x800012CA] -> 0x02B5
[1207] [M]: 0x800012C8 (0x02B51633) mulh a2, a0, a1
x12 <- 0xDDDDDDDD

mem[X,0x800012CC] -> 0xAA23
mem[X,0x800012CE] -> 0x2CC0
[1208] [M]: 0x800012CC (0x2CC0AA23) sw a2, 0x2d4(ra)
mem[0x80006464] <- 0xDDDDDDDD

mem[X,0x800012D0] -> 0x6537
mem[X,0x800012D2] -> 0x6666
[1209] [M]: 0x800012D0 (0x66666537) lui a0, 0x66666
x10 <- 0x66666000

mem[X,0x800012D4] -> 0x0513
mem[X,0x800012D6] -> 0x6665
[1210] [M]: 0x800012D4 (0x66650513) addi a0, a0, 0x666
x10 <- 0x66666666

mem[X,0x800012D8] -> 0x0593
mem[X,0x800012DA] -> 0x0050
[1211] [M]: 0x800012D8 (0x00500593) addi a1, zero, 0x5
x11 <- 0x00000005

mem[X,0x800012DC] -> 0x1633
mem[X,0x800012DE] -> 0x02B5
[1212] [M]: 0x800012DC (0x02B51633) mulh a2, a0, a1
x12 <- 0x00000001

mem[X,0x800012E0] -> 0xAC23
mem[X,0x800012E2] -> 0x2CC0
[1213] [M]: 0x800012E0 (0x2CC0AC23) sw a2, 0x2d8(ra)
mem[0x80006468] <- 0x00000001

mem[X,0x800012E4] -> 0x6537
mem[X,0x800012E6] -> 0x6666
[1214] [M]: 0x800012E4 (0x66666537) lui a0, 0x66666
x10 <- 0x66666000

mem[X,0x800012E8] -> 0x0513
mem[X,0x800012EA] -> 0x6665
[1215] [M]: 0x800012E8 (0x66650513) addi a0, a0, 0x666
x10 <- 0x66666666

mem[X,0x800012EC] -> 0x35B7
mem[X,0x800012EE] -> 0x3333
[1216] [M]: 0x800012EC (0x333335B7) lui a1, 0x33333
x11 <- 0x33333000

mem[X,0x800012F0] -> 0x8593
mem[X,0x800012F2] -> 0x3335
[1217] [M]: 0x800012F0 (0x33358593) addi a1, a1, 0x333
x11 <- 0x33333333

mem[X,0x800012F4] -> 0x1633
mem[X,0x800012F6] -> 0x02B5
[1218] [M]: 0x800012F4 (0x02B51633) mulh a2, a0, a1
x12 <- 0x147AE147

mem[X,0x800012F8] -> 0xAE23
mem[X,0x800012FA] -> 0x2CC0
[1219] [M]: 0x800012F8 (0x2CC0AE23) sw a2, 0x2dc(ra)
mem[0x8000646C] <- 0x147AE147

mem[X,0x800012FC] -> 0x6537
mem[X,0x800012FE] -> 0x6666
[1220] [M]: 0x800012FC (0x66666537) lui a0, 0x66666
x10 <- 0x66666000

mem[X,0x80001300] -> 0x0513
mem[X,0x80001302] -> 0x6665
[1221] [M]: 0x80001300 (0x66650513) addi a0, a0, 0x666
x10 <- 0x66666666

mem[X,0x80001304] -> 0x65B7
mem[X,0x80001306] -> 0x6666
[1222] [M]: 0x80001304 (0x666665B7) lui a1, 0x66666
x11 <- 0x66666000

mem[X,0x80001308] -> 0x8593
mem[X,0x8000130A] -> 0x6665
[1223] [M]: 0x80001308 (0x66658593) addi a1, a1, 0x666
x11 <- 0x66666666

mem[X,0x8000130C] -> 0x1633
mem[X,0x8000130E] -> 0x02B5
[1224] [M]: 0x8000130C (0x02B51633) mulh a2, a0, a1
x12 <- 0x28F5C28F

mem[X,0x80001310] -> 0xA023
mem[X,0x80001312] -> 0x2EC0
[1225] [M]: 0x80001310 (0x2EC0A023) sw a2, 0x2e0(ra)
mem[0x80006470] <- 0x28F5C28F

mem[X,0x80001314] -> 0x6537
mem[X,0x80001316] -> 0x6666
[1226] [M]: 0x80001314 (0x66666537) lui a0, 0x66666
x10 <- 0x66666000

mem[X,0x80001318] -> 0x0513
mem[X,0x8000131A] -> 0x6665
[1227] [M]: 0x80001318 (0x66650513) addi a0, a0, 0x666
x10 <- 0x66666666

mem[X,0x8000131C] -> 0x55B7
mem[X,0x8000131E] -> 0xFFFF
[1228] [M]: 0x8000131C (0xFFFF55B7) lui a1, -0xb
x11 <- 0xFFFF5000

mem[X,0x80001320] -> 0x8593
mem[X,0x80001322] -> 0xAFC5
[1229] [M]: 0x80001320 (0xAFC58593) addi a1, a1, -0x504
x11 <- 0xFFFF4AFC

mem[X,0x80001324] -> 0x1633
mem[X,0x80001326] -> 0x02B5
[1230] [M]: 0x80001324 (0x02B51633) mulh a2, a0, a1
x12 <- 0xFFFFB798

mem[X,0x80001328] -> 0xA223
mem[X,0x8000132A] -> 0x2EC0
[1231] [M]: 0x80001328 (0x2EC0A223) sw a2, 0x2e4(ra)
mem[0x80006474] <- 0xFFFFB798

mem[X,0x8000132C] -> 0x6537
mem[X,0x8000132E] -> 0x6666
[1232] [M]: 0x8000132C (0x66666537) lui a0, 0x66666
x10 <- 0x66666000

mem[X,0x80001330] -> 0x0513
mem[X,0x80001332] -> 0x6665
[1233] [M]: 0x80001330 (0x66650513) addi a0, a0, 0x666
x10 <- 0x66666666

mem[X,0x80001334] -> 0xB5B7
mem[X,0x80001336] -> 0x0000
[1234] [M]: 0x80001334 (0x0000B5B7) lui a1, 0xb
x11 <- 0x0000B000

mem[X,0x80001338] -> 0x8593
mem[X,0x8000133A] -> 0x5045
[1235] [M]: 0x80001338 (0x50458593) addi a1, a1, 0x504
x11 <- 0x0000B504

mem[X,0x8000133C] -> 0x1633
mem[X,0x8000133E] -> 0x02B5
[1236] [M]: 0x8000133C (0x02B51633) mulh a2, a0, a1
x12 <- 0x00004867

mem[X,0x80001340] -> 0xA423
mem[X,0x80001342] -> 0x2EC0
[1237] [M]: 0x80001340 (0x2EC0A423) sw a2, 0x2e8(ra)
mem[0x80006478] <- 0x00004867

mem[X,0x80001344] -> 0x6537
mem[X,0x80001346] -> 0x6666
[1238] [M]: 0x80001344 (0x66666537) lui a0, 0x66666
x10 <- 0x66666000

mem[X,0x80001348] -> 0x0513
mem[X,0x8000134A] -> 0x6665
[1239] [M]: 0x80001348 (0x66650513) addi a0, a0, 0x666
x10 <- 0x66666666

mem[X,0x8000134C] -> 0x0593
mem[X,0x8000134E] -> 0x0020
[1240] [M]: 0x8000134C (0x00200593) addi a1, zero, 0x2
x11 <- 0x00000002

mem[X,0x80001350] -> 0x1633
mem[X,0x80001352] -> 0x02B5
[1241] [M]: 0x80001350 (0x02B51633) mulh a2, a0, a1
x12 <- 0x00000000

mem[X,0x80001354] -> 0xA623
mem[X,0x80001356] -> 0x2EC0
[1242] [M]: 0x80001354 (0x2EC0A623) sw a2, 0x2ec(ra)
mem[0x8000647C] <- 0x00000000

mem[X,0x80001358] -> 0x6537
mem[X,0x8000135A] -> 0x6666
[1243] [M]: 0x80001358 (0x66666537) lui a0, 0x66666
x10 <- 0x66666000

mem[X,0x8000135C] -> 0x0513
mem[X,0x8000135E] -> 0x6665
[1244] [M]: 0x8000135C (0x66650513) addi a0, a0, 0x666
x10 <- 0x66666666

mem[X,0x80001360] -> 0x55B7
mem[X,0x80001362] -> 0x5555
[1245] [M]: 0x80001360 (0x555555B7) lui a1, 0x55555
x11 <- 0x55555000

mem[X,0x80001364] -> 0x8593
mem[X,0x80001366] -> 0x5545
[1246] [M]: 0x80001364 (0x55458593) addi a1, a1, 0x554
x11 <- 0x55555554

mem[X,0x80001368] -> 0x1633
mem[X,0x8000136A] -> 0x02B5
[1247] [M]: 0x80001368 (0x02B51633) mulh a2, a0, a1
x12 <- 0x22222221

mem[X,0x8000136C] -> 0xA823
mem[X,0x8000136E] -> 0x2EC0
[1248] [M]: 0x8000136C (0x2EC0A823) sw a2, 0x2f0(ra)
mem[0x80006480] <- 0x22222221

mem[X,0x80001370] -> 0x6537
mem[X,0x80001372] -> 0x6666
[1249] [M]: 0x80001370 (0x66666537) lui a0, 0x66666
x10 <- 0x66666000

mem[X,0x80001374] -> 0x0513
mem[X,0x80001376] -> 0x6665
[1250] [M]: 0x80001374 (0x66650513) addi a0, a0, 0x666
x10 <- 0x66666666

mem[X,0x80001378] -> 0x0593
mem[X,0x8000137A] -> 0x0000
[1251] [M]: 0x80001378 (0x00000593) addi a1, zero, 0x0
x11 <- 0x00000000

mem[X,0x8000137C] -> 0x1633
mem[X,0x8000137E] -> 0x02B5
[1252] [M]: 0x8000137C (0x02B51633) mulh a2, a0, a1
x12 <- 0x00000000

mem[X,0x80001380] -> 0xAA23
mem[X,0x80001382] -> 0x2EC0
[1253] [M]: 0x80001380 (0x2EC0AA23) sw a2, 0x2f4(ra)
mem[0x80006484] <- 0x00000000

mem[X,0x80001384] -> 0x6537
mem[X,0x80001386] -> 0x6666
[1254] [M]: 0x80001384 (0x66666537) lui a0, 0x66666
x10 <- 0x66666000

mem[X,0x80001388] -> 0x0513
mem[X,0x8000138A] -> 0x6665
[1255] [M]: 0x80001388 (0x66650513) addi a0, a0, 0x666
x10 <- 0x66666666

mem[X,0x8000138C] -> 0x0593
mem[X,0x8000138E] -> 0x0040
[1256] [M]: 0x8000138C (0x00400593) addi a1, zero, 0x4
x11 <- 0x00000004

mem[X,0x80001390] -> 0x1633
mem[X,0x80001392] -> 0x02B5
[1257] [M]: 0x80001390 (0x02B51633) mulh a2, a0, a1
x12 <- 0x00000001

mem[X,0x80001394] -> 0xAC23
mem[X,0x80001396] -> 0x2EC0
[1258] [M]: 0x80001394 (0x2EC0AC23) sw a2, 0x2f8(ra)
mem[0x80006488] <- 0x00000001

mem[X,0x80001398] -> 0x6537
mem[X,0x8000139A] -> 0x6666
[1259] [M]: 0x80001398 (0x66666537) lui a0, 0x66666
x10 <- 0x66666000

mem[X,0x8000139C] -> 0x0513
mem[X,0x8000139E] -> 0x6665
[1260] [M]: 0x8000139C (0x66650513) addi a0, a0, 0x666
x10 <- 0x66666666

mem[X,0x800013A0] -> 0x35B7
mem[X,0x800013A2] -> 0x3333
[1261] [M]: 0x800013A0 (0x333335B7) lui a1, 0x33333
x11 <- 0x33333000

mem[X,0x800013A4] -> 0x8593
mem[X,0x800013A6] -> 0x3325
[1262] [M]: 0x800013A4 (0x33258593) addi a1, a1, 0x332
x11 <- 0x33333332

mem[X,0x800013A8] -> 0x1633
mem[X,0x800013AA] -> 0x02B5
[1263] [M]: 0x800013A8 (0x02B51633) mulh a2, a0, a1
x12 <- 0x147AE147

mem[X,0x800013AC] -> 0xAE23
mem[X,0x800013AE] -> 0x2EC0
[1264] [M]: 0x800013AC (0x2EC0AE23) sw a2, 0x2fc(ra)
mem[0x8000648C] <- 0x147AE147

mem[X,0x800013B0] -> 0x6537
mem[X,0x800013B2] -> 0x6666
[1265] [M]: 0x800013B0 (0x66666537) lui a0, 0x66666
x10 <- 0x66666000

mem[X,0x800013B4] -> 0x0513
mem[X,0x800013B6] -> 0x6665
[1266] [M]: 0x800013B4 (0x66650513) addi a0, a0, 0x666
x10 <- 0x66666666

mem[X,0x800013B8] -> 0x65B7
mem[X,0x800013BA] -> 0x6666
[1267] [M]: 0x800013B8 (0x666665B7) lui a1, 0x66666
x11 <- 0x66666000

mem[X,0x800013BC] -> 0x8593
mem[X,0x800013BE] -> 0x6655
[1268] [M]: 0x800013BC (0x66558593) addi a1, a1, 0x665
x11 <- 0x66666665

mem[X,0x800013C0] -> 0x1633
mem[X,0x800013C2] -> 0x02B5
[1269] [M]: 0x800013C0 (0x02B51633) mulh a2, a0, a1
x12 <- 0x28F5C28E

mem[X,0x800013C4] -> 0xA023
mem[X,0x800013C6] -> 0x30C0
[1270] [M]: 0x800013C4 (0x30C0A023) sw a2, 0x300(ra)
mem[0x80006490] <- 0x28F5C28E

mem[X,0x800013C8] -> 0x6537
mem[X,0x800013CA] -> 0x6666
[1271] [M]: 0x800013C8 (0x66666537) lui a0, 0x66666
x10 <- 0x66666000

mem[X,0x800013CC] -> 0x0513
mem[X,0x800013CE] -> 0x6665
[1272] [M]: 0x800013CC (0x66650513) addi a0, a0, 0x666
x10 <- 0x66666666

mem[X,0x800013D0] -> 0xB5B7
mem[X,0x800013D2] -> 0x0000
[1273] [M]: 0x800013D0 (0x0000B5B7) lui a1, 0xb
x11 <- 0x0000B000

mem[X,0x800013D4] -> 0x8593
mem[X,0x800013D6] -> 0x5035
[1274] [M]: 0x800013D4 (0x50358593) addi a1, a1, 0x503
x11 <- 0x0000B503

mem[X,0x800013D8] -> 0x1633
mem[X,0x800013DA] -> 0x02B5
[1275] [M]: 0x800013D8 (0x02B51633) mulh a2, a0, a1
x12 <- 0x00004867

mem[X,0x800013DC] -> 0xA223
mem[X,0x800013DE] -> 0x30C0
[1276] [M]: 0x800013DC (0x30C0A223) sw a2, 0x304(ra)
mem[0x80006494] <- 0x00004867

mem[X,0x800013E0] -> 0x6537
mem[X,0x800013E2] -> 0x6666
[1277] [M]: 0x800013E0 (0x66666537) lui a0, 0x66666
x10 <- 0x66666000

mem[X,0x800013E4] -> 0x0513
mem[X,0x800013E6] -> 0x6665
[1278] [M]: 0x800013E4 (0x66650513) addi a0, a0, 0x666
x10 <- 0x66666666

mem[X,0x800013E8] -> 0x55B7
mem[X,0x800013EA] -> 0x5555
[1279] [M]: 0x800013E8 (0x555555B7) lui a1, 0x55555
x11 <- 0x55555000

mem[X,0x800013EC] -> 0x8593
mem[X,0x800013EE] -> 0x5565
[1280] [M]: 0x800013EC (0x55658593) addi a1, a1, 0x556
x11 <- 0x55555556

mem[X,0x800013F0] -> 0x1633
mem[X,0x800013F2] -> 0x02B5
[1281] [M]: 0x800013F0 (0x02B51633) mulh a2, a0, a1
x12 <- 0x22222222

mem[X,0x800013F4] -> 0xA423
mem[X,0x800013F6] -> 0x30C0
[1282] [M]: 0x800013F4 (0x30C0A423) sw a2, 0x308(ra)
mem[0x80006498] <- 0x22222222

mem[X,0x800013F8] -> 0x6537
mem[X,0x800013FA] -> 0x6666
[1283] [M]: 0x800013F8 (0x66666537) lui a0, 0x66666
x10 <- 0x66666000

mem[X,0x800013FC] -> 0x0513
mem[X,0x800013FE] -> 0x6665
[1284] [M]: 0x800013FC (0x66650513) addi a0, a0, 0x666
x10 <- 0x66666666

mem[X,0x80001400] -> 0xB5B7
mem[X,0x80001402] -> 0xAAAA
[1285] [M]: 0x80001400 (0xAAAAB5B7) lui a1, -0x55555
x11 <- 0xAAAAB000

mem[X,0x80001404] -> 0x8593
mem[X,0x80001406] -> 0xAAB5
[1286] [M]: 0x80001404 (0xAAB58593) addi a1, a1, -0x555
x11 <- 0xAAAAAAAB

mem[X,0x80001408] -> 0x1633
mem[X,0x8000140A] -> 0x02B5
[1287] [M]: 0x80001408 (0x02B51633) mulh a2, a0, a1
x12 <- 0xDDDDDDDE

mem[X,0x8000140C] -> 0xA623
mem[X,0x8000140E] -> 0x30C0
[1288] [M]: 0x8000140C (0x30C0A623) sw a2, 0x30c(ra)
mem[0x8000649C] <- 0xDDDDDDDE

mem[X,0x80001410] -> 0x6537
mem[X,0x80001412] -> 0x6666
[1289] [M]: 0x80001410 (0x66666537) lui a0, 0x66666
x10 <- 0x66666000

mem[X,0x80001414] -> 0x0513
mem[X,0x80001416] -> 0x6665
[1290] [M]: 0x80001414 (0x66650513) addi a0, a0, 0x666
x10 <- 0x66666666

mem[X,0x80001418] -> 0x0593
mem[X,0x8000141A] -> 0x0060
[1291] [M]: 0x80001418 (0x00600593) addi a1, zero, 0x6
x11 <- 0x00000006

mem[X,0x8000141C] -> 0x1633
mem[X,0x8000141E] -> 0x02B5
[1292] [M]: 0x8000141C (0x02B51633) mulh a2, a0, a1
x12 <- 0x00000002

mem[X,0x80001420] -> 0xA823
mem[X,0x80001422] -> 0x30C0
[1293] [M]: 0x80001420 (0x30C0A823) sw a2, 0x310(ra)
mem[0x800064A0] <- 0x00000002

mem[X,0x80001424] -> 0x6537
mem[X,0x80001426] -> 0x6666
[1294] [M]: 0x80001424 (0x66666537) lui a0, 0x66666
x10 <- 0x66666000

mem[X,0x80001428] -> 0x0513
mem[X,0x8000142A] -> 0x6665
[1295] [M]: 0x80001428 (0x66650513) addi a0, a0, 0x666
x10 <- 0x66666666

mem[X,0x8000142C] -> 0x35B7
mem[X,0x8000142E] -> 0x3333
[1296] [M]: 0x8000142C (0x333335B7) lui a1, 0x33333
x11 <- 0x33333000

mem[X,0x80001430] -> 0x8593
mem[X,0x80001432] -> 0x3345
[1297] [M]: 0x80001430 (0x33458593) addi a1, a1, 0x334
x11 <- 0x33333334

mem[X,0x80001434] -> 0x1633
mem[X,0x80001436] -> 0x02B5
[1298] [M]: 0x80001434 (0x02B51633) mulh a2, a0, a1
x12 <- 0x147AE147

mem[X,0x80001438] -> 0xAA23
mem[X,0x8000143A] -> 0x30C0
[1299] [M]: 0x80001438 (0x30C0AA23) sw a2, 0x314(ra)
mem[0x800064A4] <- 0x147AE147

clint::tick mtime <- 0x000000000000000D
 clint timer pending at mtime 0x000000000000000D
htif::tick 0x0000000000000000
mem[X,0x8000143C] -> 0x6537
mem[X,0x8000143E] -> 0x6666
[1300] [M]: 0x8000143C (0x66666537) lui a0, 0x66666
x10 <- 0x66666000

mem[X,0x80001440] -> 0x0513
mem[X,0x80001442] -> 0x6665
[1301] [M]: 0x80001440 (0x66650513) addi a0, a0, 0x666
x10 <- 0x66666666

mem[X,0x80001444] -> 0x65B7
mem[X,0x80001446] -> 0x6666
[1302] [M]: 0x80001444 (0x666665B7) lui a1, 0x66666
x11 <- 0x66666000

mem[X,0x80001448] -> 0x8593
mem[X,0x8000144A] -> 0x6675
[1303] [M]: 0x80001448 (0x66758593) addi a1, a1, 0x667
x11 <- 0x66666667

mem[X,0x8000144C] -> 0x1633
mem[X,0x8000144E] -> 0x02B5
[1304] [M]: 0x8000144C (0x02B51633) mulh a2, a0, a1
x12 <- 0x28F5C28F

mem[X,0x80001450] -> 0xAC23
mem[X,0x80001452] -> 0x30C0
[1305] [M]: 0x80001450 (0x30C0AC23) sw a2, 0x318(ra)
mem[0x800064A8] <- 0x28F5C28F

mem[X,0x80001454] -> 0x6537
mem[X,0x80001456] -> 0x6666
[1306] [M]: 0x80001454 (0x66666537) lui a0, 0x66666
x10 <- 0x66666000

mem[X,0x80001458] -> 0x0513
mem[X,0x8000145A] -> 0x6665
[1307] [M]: 0x80001458 (0x66650513) addi a0, a0, 0x666
x10 <- 0x66666666

mem[X,0x8000145C] -> 0x55B7
mem[X,0x8000145E] -> 0xFFFF
[1308] [M]: 0x8000145C (0xFFFF55B7) lui a1, -0xb
x11 <- 0xFFFF5000

mem[X,0x80001460] -> 0x8593
mem[X,0x80001462] -> 0xAFD5
[1309] [M]: 0x80001460 (0xAFD58593) addi a1, a1, -0x503
x11 <- 0xFFFF4AFD

mem[X,0x80001464] -> 0x1633
mem[X,0x80001466] -> 0x02B5
[1310] [M]: 0x80001464 (0x02B51633) mulh a2, a0, a1
x12 <- 0xFFFFB798

mem[X,0x80001468] -> 0xAE23
mem[X,0x8000146A] -> 0x30C0
[1311] [M]: 0x80001468 (0x30C0AE23) sw a2, 0x31c(ra)
mem[0x800064AC] <- 0xFFFFB798

mem[X,0x8000146C] -> 0x6537
mem[X,0x8000146E] -> 0x6666
[1312] [M]: 0x8000146C (0x66666537) lui a0, 0x66666
x10 <- 0x66666000

mem[X,0x80001470] -> 0x0513
mem[X,0x80001472] -> 0x6665
[1313] [M]: 0x80001470 (0x66650513) addi a0, a0, 0x666
x10 <- 0x66666666

mem[X,0x80001474] -> 0xB5B7
mem[X,0x80001476] -> 0x0000
[1314] [M]: 0x80001474 (0x0000B5B7) lui a1, 0xb
x11 <- 0x0000B000

mem[X,0x80001478] -> 0x8593
mem[X,0x8000147A] -> 0x5055
[1315] [M]: 0x80001478 (0x50558593) addi a1, a1, 0x505
x11 <- 0x0000B505

mem[X,0x8000147C] -> 0x1633
mem[X,0x8000147E] -> 0x02B5
[1316] [M]: 0x8000147C (0x02B51633) mulh a2, a0, a1
x12 <- 0x00004868

mem[X,0x80001480] -> 0xA023
mem[X,0x80001482] -> 0x32C0
[1317] [M]: 0x80001480 (0x32C0A023) sw a2, 0x320(ra)
mem[0x800064B0] <- 0x00004868

mem[X,0x80001484] -> 0x5537
mem[X,0x80001486] -> 0xFFFF
[1318] [M]: 0x80001484 (0xFFFF5537) lui a0, -0xb
x10 <- 0xFFFF5000

mem[X,0x80001488] -> 0x0513
mem[X,0x8000148A] -> 0xAFC5
[1319] [M]: 0x80001488 (0xAFC50513) addi a0, a0, -0x504
x10 <- 0xFFFF4AFC

mem[X,0x8000148C] -> 0x0593
mem[X,0x8000148E] -> 0x0030
[1320] [M]: 0x8000148C (0x00300593) addi a1, zero, 0x3
x11 <- 0x00000003

mem[X,0x80001490] -> 0x1633
mem[X,0x80001492] -> 0x02B5
[1321] [M]: 0x80001490 (0x02B51633) mulh a2, a0, a1
x12 <- 0xFFFFFFFF

mem[X,0x80001494] -> 0xA223
mem[X,0x80001496] -> 0x32C0
[1322] [M]: 0x80001494 (0x32C0A223) sw a2, 0x324(ra)
mem[0x800064B4] <- 0xFFFFFFFF

mem[X,0x80001498] -> 0x5537
mem[X,0x8000149A] -> 0xFFFF
[1323] [M]: 0x80001498 (0xFFFF5537) lui a0, -0xb
x10 <- 0xFFFF5000

mem[X,0x8000149C] -> 0x0513
mem[X,0x8000149E] -> 0xAFC5
[1324] [M]: 0x8000149C (0xAFC50513) addi a0, a0, -0x504
x10 <- 0xFFFF4AFC

mem[X,0x800014A0] -> 0x55B7
mem[X,0x800014A2] -> 0x5555
[1325] [M]: 0x800014A0 (0x555555B7) lui a1, 0x55555
x11 <- 0x55555000

mem[X,0x800014A4] -> 0x8593
mem[X,0x800014A6] -> 0x5555
[1326] [M]: 0x800014A4 (0x55558593) addi a1, a1, 0x555
x11 <- 0x55555555

mem[X,0x800014A8] -> 0x1633
mem[X,0x800014AA] -> 0x02B5
[1327] [M]: 0x800014A8 (0x02B51633) mulh a2, a0, a1
x12 <- 0xFFFFC3A9

mem[X,0x800014AC] -> 0xA423
mem[X,0x800014AE] -> 0x32C0
[1328] [M]: 0x800014AC (0x32C0A423) sw a2, 0x328(ra)
mem[0x800064B8] <- 0xFFFFC3A9

mem[X,0x800014B0] -> 0x5537
mem[X,0x800014B2] -> 0xFFFF
[1329] [M]: 0x800014B0 (0xFFFF5537) lui a0, -0xb
x10 <- 0xFFFF5000

mem[X,0x800014B4] -> 0x0513
mem[X,0x800014B6] -> 0xAFC5
[1330] [M]: 0x800014B4 (0xAFC50513) addi a0, a0, -0x504
x10 <- 0xFFFF4AFC

mem[X,0x800014B8] -> 0xB5B7
mem[X,0x800014BA] -> 0xAAAA
[1331] [M]: 0x800014B8 (0xAAAAB5B7) lui a1, -0x55555
x11 <- 0xAAAAB000

mem[X,0x800014BC] -> 0x8593
mem[X,0x800014BE] -> 0xAAA5
[1332] [M]: 0x800014BC (0xAAA58593) addi a1, a1, -0x556
x11 <- 0xAAAAAAAA

mem[X,0x800014C0] -> 0x1633
mem[X,0x800014C2] -> 0x02B5
[1333] [M]: 0x800014C0 (0x02B51633) mulh a2, a0, a1
x12 <- 0x00003C56

mem[X,0x800014C4] -> 0xA623
mem[X,0x800014C6] -> 0x32C0
[1334] [M]: 0x800014C4 (0x32C0A623) sw a2, 0x32c(ra)
mem[0x800064BC] <- 0x00003C56

mem[X,0x800014C8] -> 0x5537
mem[X,0x800014CA] -> 0xFFFF
[1335] [M]: 0x800014C8 (0xFFFF5537) lui a0, -0xb
x10 <- 0xFFFF5000

mem[X,0x800014CC] -> 0x0513
mem[X,0x800014CE] -> 0xAFC5
[1336] [M]: 0x800014CC (0xAFC50513) addi a0, a0, -0x504
x10 <- 0xFFFF4AFC

mem[X,0x800014D0] -> 0x0593
mem[X,0x800014D2] -> 0x0050
[1337] [M]: 0x800014D0 (0x00500593) addi a1, zero, 0x5
x11 <- 0x00000005

mem[X,0x800014D4] -> 0x1633
mem[X,0x800014D6] -> 0x02B5
[1338] [M]: 0x800014D4 (0x02B51633) mulh a2, a0, a1
x12 <- 0xFFFFFFFF

mem[X,0x800014D8] -> 0xA823
mem[X,0x800014DA] -> 0x32C0
[1339] [M]: 0x800014D8 (0x32C0A823) sw a2, 0x330(ra)
mem[0x800064C0] <- 0xFFFFFFFF

mem[X,0x800014DC] -> 0x5537
mem[X,0x800014DE] -> 0xFFFF
[1340] [M]: 0x800014DC (0xFFFF5537) lui a0, -0xb
x10 <- 0xFFFF5000

mem[X,0x800014E0] -> 0x0513
mem[X,0x800014E2] -> 0xAFC5
[1341] [M]: 0x800014E0 (0xAFC50513) addi a0, a0, -0x504
x10 <- 0xFFFF4AFC

mem[X,0x800014E4] -> 0x35B7
mem[X,0x800014E6] -> 0x3333
[1342] [M]: 0x800014E4 (0x333335B7) lui a1, 0x33333
x11 <- 0x33333000

mem[X,0x800014E8] -> 0x8593
mem[X,0x800014EA] -> 0x3335
[1343] [M]: 0x800014E8 (0x33358593) addi a1, a1, 0x333
x11 <- 0x33333333

mem[X,0x800014EC] -> 0x1633
mem[X,0x800014EE] -> 0x02B5
[1344] [M]: 0x800014EC (0x02B51633) mulh a2, a0, a1
x12 <- 0xFFFFDBCC

mem[X,0x800014F0] -> 0xAA23
mem[X,0x800014F2] -> 0x32C0
[1345] [M]: 0x800014F0 (0x32C0AA23) sw a2, 0x334(ra)
mem[0x800064C4] <- 0xFFFFDBCC

mem[X,0x800014F4] -> 0x5537
mem[X,0x800014F6] -> 0xFFFF
[1346] [M]: 0x800014F4 (0xFFFF5537) lui a0, -0xb
x10 <- 0xFFFF5000

mem[X,0x800014F8] -> 0x0513
mem[X,0x800014FA] -> 0xAFC5
[1347] [M]: 0x800014F8 (0xAFC50513) addi a0, a0, -0x504
x10 <- 0xFFFF4AFC

mem[X,0x800014FC] -> 0x65B7
mem[X,0x800014FE] -> 0x6666
[1348] [M]: 0x800014FC (0x666665B7) lui a1, 0x66666
x11 <- 0x66666000

mem[X,0x80001500] -> 0x8593
mem[X,0x80001502] -> 0x6665
[1349] [M]: 0x80001500 (0x66658593) addi a1, a1, 0x666
x11 <- 0x66666666

mem[X,0x80001504] -> 0x1633
mem[X,0x80001506] -> 0x02B5
[1350] [M]: 0x80001504 (0x02B51633) mulh a2, a0, a1
x12 <- 0xFFFFB798

mem[X,0x80001508] -> 0xAC23
mem[X,0x8000150A] -> 0x32C0
[1351] [M]: 0x80001508 (0x32C0AC23) sw a2, 0x338(ra)
mem[0x800064C8] <- 0xFFFFB798

mem[X,0x8000150C] -> 0x5537
mem[X,0x8000150E] -> 0xFFFF
[1352] [M]: 0x8000150C (0xFFFF5537) lui a0, -0xb
x10 <- 0xFFFF5000

mem[X,0x80001510] -> 0x0513
mem[X,0x80001512] -> 0xAFC5
[1353] [M]: 0x80001510 (0xAFC50513) addi a0, a0, -0x504
x10 <- 0xFFFF4AFC

mem[X,0x80001514] -> 0x55B7
mem[X,0x80001516] -> 0xFFFF
[1354] [M]: 0x80001514 (0xFFFF55B7) lui a1, -0xb
x11 <- 0xFFFF5000

mem[X,0x80001518] -> 0x8593
mem[X,0x8000151A] -> 0xAFC5
[1355] [M]: 0x80001518 (0xAFC58593) addi a1, a1, -0x504
x11 <- 0xFFFF4AFC

mem[X,0x8000151C] -> 0x1633
mem[X,0x8000151E] -> 0x02B5
[1356] [M]: 0x8000151C (0x02B51633) mulh a2, a0, a1
x12 <- 0x00000000

mem[X,0x80001520] -> 0xAE23
mem[X,0x80001522] -> 0x32C0
[1357] [M]: 0x80001520 (0x32C0AE23) sw a2, 0x33c(ra)
mem[0x800064CC] <- 0x00000000

mem[X,0x80001524] -> 0x5537
mem[X,0x80001526] -> 0xFFFF
[1358] [M]: 0x80001524 (0xFFFF5537) lui a0, -0xb
x10 <- 0xFFFF5000

mem[X,0x80001528] -> 0x0513
mem[X,0x8000152A] -> 0xAFC5
[1359] [M]: 0x80001528 (0xAFC50513) addi a0, a0, -0x504
x10 <- 0xFFFF4AFC

mem[X,0x8000152C] -> 0xB5B7
mem[X,0x8000152E] -> 0x0000
[1360] [M]: 0x8000152C (0x0000B5B7) lui a1, 0xb
x11 <- 0x0000B000

mem[X,0x80001530] -> 0x8593
mem[X,0x80001532] -> 0x5045
[1361] [M]: 0x80001530 (0x50458593) addi a1, a1, 0x504
x11 <- 0x0000B504

mem[X,0x80001534] -> 0x1633
mem[X,0x80001536] -> 0x02B5
[1362] [M]: 0x80001534 (0x02B51633) mulh a2, a0, a1
x12 <- 0xFFFFFFFF

mem[X,0x80001538] -> 0xA023
mem[X,0x8000153A] -> 0x34C0
[1363] [M]: 0x80001538 (0x34C0A023) sw a2, 0x340(ra)
mem[0x800064D0] <- 0xFFFFFFFF

mem[X,0x8000153C] -> 0x5537
mem[X,0x8000153E] -> 0xFFFF
[1364] [M]: 0x8000153C (0xFFFF5537) lui a0, -0xb
x10 <- 0xFFFF5000

mem[X,0x80001540] -> 0x0513
mem[X,0x80001542] -> 0xAFC5
[1365] [M]: 0x80001540 (0xAFC50513) addi a0, a0, -0x504
x10 <- 0xFFFF4AFC

mem[X,0x80001544] -> 0x0593
mem[X,0x80001546] -> 0x0020
[1366] [M]: 0x80001544 (0x00200593) addi a1, zero, 0x2
x11 <- 0x00000002

mem[X,0x80001548] -> 0x1633
mem[X,0x8000154A] -> 0x02B5
[1367] [M]: 0x80001548 (0x02B51633) mulh a2, a0, a1
x12 <- 0xFFFFFFFF

mem[X,0x8000154C] -> 0xA223
mem[X,0x8000154E] -> 0x34C0
[1368] [M]: 0x8000154C (0x34C0A223) sw a2, 0x344(ra)
mem[0x800064D4] <- 0xFFFFFFFF

mem[X,0x80001550] -> 0x5537
mem[X,0x80001552] -> 0xFFFF
[1369] [M]: 0x80001550 (0xFFFF5537) lui a0, -0xb
x10 <- 0xFFFF5000

mem[X,0x80001554] -> 0x0513
mem[X,0x80001556] -> 0xAFC5
[1370] [M]: 0x80001554 (0xAFC50513) addi a0, a0, -0x504
x10 <- 0xFFFF4AFC

mem[X,0x80001558] -> 0x55B7
mem[X,0x8000155A] -> 0x5555
[1371] [M]: 0x80001558 (0x555555B7) lui a1, 0x55555
x11 <- 0x55555000

mem[X,0x8000155C] -> 0x8593
mem[X,0x8000155E] -> 0x5545
[1372] [M]: 0x8000155C (0x55458593) addi a1, a1, 0x554
x11 <- 0x55555554

mem[X,0x80001560] -> 0x1633
mem[X,0x80001562] -> 0x02B5
[1373] [M]: 0x80001560 (0x02B51633) mulh a2, a0, a1
x12 <- 0xFFFFC3A9

mem[X,0x80001564] -> 0xA423
mem[X,0x80001566] -> 0x34C0
[1374] [M]: 0x80001564 (0x34C0A423) sw a2, 0x348(ra)
mem[0x800064D8] <- 0xFFFFC3A9

mem[X,0x80001568] -> 0x5537
mem[X,0x8000156A] -> 0xFFFF
[1375] [M]: 0x80001568 (0xFFFF5537) lui a0, -0xb
x10 <- 0xFFFF5000

mem[X,0x8000156C] -> 0x0513
mem[X,0x8000156E] -> 0xAFC5
[1376] [M]: 0x8000156C (0xAFC50513) addi a0, a0, -0x504
x10 <- 0xFFFF4AFC

mem[X,0x80001570] -> 0x0593
mem[X,0x80001572] -> 0x0000
[1377] [M]: 0x80001570 (0x00000593) addi a1, zero, 0x0
x11 <- 0x00000000

mem[X,0x80001574] -> 0x1633
mem[X,0x80001576] -> 0x02B5
[1378] [M]: 0x80001574 (0x02B51633) mulh a2, a0, a1
x12 <- 0x00000000

mem[X,0x80001578] -> 0xA623
mem[X,0x8000157A] -> 0x34C0
[1379] [M]: 0x80001578 (0x34C0A623) sw a2, 0x34c(ra)
mem[0x800064DC] <- 0x00000000

mem[X,0x8000157C] -> 0x5537
mem[X,0x8000157E] -> 0xFFFF
[1380] [M]: 0x8000157C (0xFFFF5537) lui a0, -0xb
x10 <- 0xFFFF5000

mem[X,0x80001580] -> 0x0513
mem[X,0x80001582] -> 0xAFC5
[1381] [M]: 0x80001580 (0xAFC50513) addi a0, a0, -0x504
x10 <- 0xFFFF4AFC

mem[X,0x80001584] -> 0x0593
mem[X,0x80001586] -> 0x0040
[1382] [M]: 0x80001584 (0x00400593) addi a1, zero, 0x4
x11 <- 0x00000004

mem[X,0x80001588] -> 0x1633
mem[X,0x8000158A] -> 0x02B5
[1383] [M]: 0x80001588 (0x02B51633) mulh a2, a0, a1
x12 <- 0xFFFFFFFF

mem[X,0x8000158C] -> 0xA823
mem[X,0x8000158E] -> 0x34C0
[1384] [M]: 0x8000158C (0x34C0A823) sw a2, 0x350(ra)
mem[0x800064E0] <- 0xFFFFFFFF

mem[X,0x80001590] -> 0x5537
mem[X,0x80001592] -> 0xFFFF
[1385] [M]: 0x80001590 (0xFFFF5537) lui a0, -0xb
x10 <- 0xFFFF5000

mem[X,0x80001594] -> 0x0513
mem[X,0x80001596] -> 0xAFC5
[1386] [M]: 0x80001594 (0xAFC50513) addi a0, a0, -0x504
x10 <- 0xFFFF4AFC

mem[X,0x80001598] -> 0x35B7
mem[X,0x8000159A] -> 0x3333
[1387] [M]: 0x80001598 (0x333335B7) lui a1, 0x33333
x11 <- 0x33333000

mem[X,0x8000159C] -> 0x8593
mem[X,0x8000159E] -> 0x3325
[1388] [M]: 0x8000159C (0x33258593) addi a1, a1, 0x332
x11 <- 0x33333332

mem[X,0x800015A0] -> 0x1633
mem[X,0x800015A2] -> 0x02B5
[1389] [M]: 0x800015A0 (0x02B51633) mulh a2, a0, a1
x12 <- 0xFFFFDBCC

mem[X,0x800015A4] -> 0xAA23
mem[X,0x800015A6] -> 0x34C0
[1390] [M]: 0x800015A4 (0x34C0AA23) sw a2, 0x354(ra)
mem[0x800064E4] <- 0xFFFFDBCC

mem[X,0x800015A8] -> 0x5537
mem[X,0x800015AA] -> 0xFFFF
[1391] [M]: 0x800015A8 (0xFFFF5537) lui a0, -0xb
x10 <- 0xFFFF5000

mem[X,0x800015AC] -> 0x0513
mem[X,0x800015AE] -> 0xAFC5
[1392] [M]: 0x800015AC (0xAFC50513) addi a0, a0, -0x504
x10 <- 0xFFFF4AFC

mem[X,0x800015B0] -> 0x65B7
mem[X,0x800015B2] -> 0x6666
[1393] [M]: 0x800015B0 (0x666665B7) lui a1, 0x66666
x11 <- 0x66666000

mem[X,0x800015B4] -> 0x8593
mem[X,0x800015B6] -> 0x6655
[1394] [M]: 0x800015B4 (0x66558593) addi a1, a1, 0x665
x11 <- 0x66666665

mem[X,0x800015B8] -> 0x1633
mem[X,0x800015BA] -> 0x02B5
[1395] [M]: 0x800015B8 (0x02B51633) mulh a2, a0, a1
x12 <- 0xFFFFB798

mem[X,0x800015BC] -> 0xAC23
mem[X,0x800015BE] -> 0x34C0
[1396] [M]: 0x800015BC (0x34C0AC23) sw a2, 0x358(ra)
mem[0x800064E8] <- 0xFFFFB798

mem[X,0x800015C0] -> 0x5537
mem[X,0x800015C2] -> 0xFFFF
[1397] [M]: 0x800015C0 (0xFFFF5537) lui a0, -0xb
x10 <- 0xFFFF5000

mem[X,0x800015C4] -> 0x0513
mem[X,0x800015C6] -> 0xAFC5
[1398] [M]: 0x800015C4 (0xAFC50513) addi a0, a0, -0x504
x10 <- 0xFFFF4AFC

mem[X,0x800015C8] -> 0xB5B7
mem[X,0x800015CA] -> 0x0000
[1399] [M]: 0x800015C8 (0x0000B5B7) lui a1, 0xb
x11 <- 0x0000B000

clint::tick mtime <- 0x000000000000000E
 clint timer pending at mtime 0x000000000000000E
htif::tick 0x0000000000000000
mem[X,0x800015CC] -> 0x8593
mem[X,0x800015CE] -> 0x5035
[1400] [M]: 0x800015CC (0x50358593) addi a1, a1, 0x503
x11 <- 0x0000B503

mem[X,0x800015D0] -> 0x1633
mem[X,0x800015D2] -> 0x02B5
[1401] [M]: 0x800015D0 (0x02B51633) mulh a2, a0, a1
x12 <- 0xFFFFFFFF

mem[X,0x800015D4] -> 0xAE23
mem[X,0x800015D6] -> 0x34C0
[1402] [M]: 0x800015D4 (0x34C0AE23) sw a2, 0x35c(ra)
mem[0x800064EC] <- 0xFFFFFFFF

mem[X,0x800015D8] -> 0x5537
mem[X,0x800015DA] -> 0xFFFF
[1403] [M]: 0x800015D8 (0xFFFF5537) lui a0, -0xb
x10 <- 0xFFFF5000

mem[X,0x800015DC] -> 0x0513
mem[X,0x800015DE] -> 0xAFC5
[1404] [M]: 0x800015DC (0xAFC50513) addi a0, a0, -0x504
x10 <- 0xFFFF4AFC

mem[X,0x800015E0] -> 0x55B7
mem[X,0x800015E2] -> 0x5555
[1405] [M]: 0x800015E0 (0x555555B7) lui a1, 0x55555
x11 <- 0x55555000

mem[X,0x800015E4] -> 0x8593
mem[X,0x800015E6] -> 0x5565
[1406] [M]: 0x800015E4 (0x55658593) addi a1, a1, 0x556
x11 <- 0x55555556

mem[X,0x800015E8] -> 0x1633
mem[X,0x800015EA] -> 0x02B5
[1407] [M]: 0x800015E8 (0x02B51633) mulh a2, a0, a1
x12 <- 0xFFFFC3A9

mem[X,0x800015EC] -> 0xA023
mem[X,0x800015EE] -> 0x36C0
[1408] [M]: 0x800015EC (0x36C0A023) sw a2, 0x360(ra)
mem[0x800064F0] <- 0xFFFFC3A9

mem[X,0x800015F0] -> 0x5537
mem[X,0x800015F2] -> 0xFFFF
[1409] [M]: 0x800015F0 (0xFFFF5537) lui a0, -0xb
x10 <- 0xFFFF5000

mem[X,0x800015F4] -> 0x0513
mem[X,0x800015F6] -> 0xAFC5
[1410] [M]: 0x800015F4 (0xAFC50513) addi a0, a0, -0x504
x10 <- 0xFFFF4AFC

mem[X,0x800015F8] -> 0xB5B7
mem[X,0x800015FA] -> 0xAAAA
[1411] [M]: 0x800015F8 (0xAAAAB5B7) lui a1, -0x55555
x11 <- 0xAAAAB000

mem[X,0x800015FC] -> 0x8593
mem[X,0x800015FE] -> 0xAAB5
[1412] [M]: 0x800015FC (0xAAB58593) addi a1, a1, -0x555
x11 <- 0xAAAAAAAB

mem[X,0x80001600] -> 0x1633
mem[X,0x80001602] -> 0x02B5
[1413] [M]: 0x80001600 (0x02B51633) mulh a2, a0, a1
x12 <- 0x00003C56

mem[X,0x80001604] -> 0xA223
mem[X,0x80001606] -> 0x36C0
[1414] [M]: 0x80001604 (0x36C0A223) sw a2, 0x364(ra)
mem[0x800064F4] <- 0x00003C56

mem[X,0x80001608] -> 0x5537
mem[X,0x8000160A] -> 0xFFFF
[1415] [M]: 0x80001608 (0xFFFF5537) lui a0, -0xb
x10 <- 0xFFFF5000

mem[X,0x8000160C] -> 0x0513
mem[X,0x8000160E] -> 0xAFC5
[1416] [M]: 0x8000160C (0xAFC50513) addi a0, a0, -0x504
x10 <- 0xFFFF4AFC

mem[X,0x80001610] -> 0x0593
mem[X,0x80001612] -> 0x0060
[1417] [M]: 0x80001610 (0x00600593) addi a1, zero, 0x6
x11 <- 0x00000006

mem[X,0x80001614] -> 0x1633
mem[X,0x80001616] -> 0x02B5
[1418] [M]: 0x80001614 (0x02B51633) mulh a2, a0, a1
x12 <- 0xFFFFFFFF

mem[X,0x80001618] -> 0xA423
mem[X,0x8000161A] -> 0x36C0
[1419] [M]: 0x80001618 (0x36C0A423) sw a2, 0x368(ra)
mem[0x800064F8] <- 0xFFFFFFFF

mem[X,0x8000161C] -> 0x5537
mem[X,0x8000161E] -> 0xFFFF
[1420] [M]: 0x8000161C (0xFFFF5537) lui a0, -0xb
x10 <- 0xFFFF5000

mem[X,0x80001620] -> 0x0513
mem[X,0x80001622] -> 0xAFC5
[1421] [M]: 0x80001620 (0xAFC50513) addi a0, a0, -0x504
x10 <- 0xFFFF4AFC

mem[X,0x80001624] -> 0x35B7
mem[X,0x80001626] -> 0x3333
[1422] [M]: 0x80001624 (0x333335B7) lui a1, 0x33333
x11 <- 0x33333000

mem[X,0x80001628] -> 0x8593
mem[X,0x8000162A] -> 0x3345
[1423] [M]: 0x80001628 (0x33458593) addi a1, a1, 0x334
x11 <- 0x33333334

mem[X,0x8000162C] -> 0x1633
mem[X,0x8000162E] -> 0x02B5
[1424] [M]: 0x8000162C (0x02B51633) mulh a2, a0, a1
x12 <- 0xFFFFDBCB

mem[X,0x80001630] -> 0xA623
mem[X,0x80001632] -> 0x36C0
[1425] [M]: 0x80001630 (0x36C0A623) sw a2, 0x36c(ra)
mem[0x800064FC] <- 0xFFFFDBCB

mem[X,0x80001634] -> 0x5537
mem[X,0x80001636] -> 0xFFFF
[1426] [M]: 0x80001634 (0xFFFF5537) lui a0, -0xb
x10 <- 0xFFFF5000

mem[X,0x80001638] -> 0x0513
mem[X,0x8000163A] -> 0xAFC5
[1427] [M]: 0x80001638 (0xAFC50513) addi a0, a0, -0x504
x10 <- 0xFFFF4AFC

mem[X,0x8000163C] -> 0x65B7
mem[X,0x8000163E] -> 0x6666
[1428] [M]: 0x8000163C (0x666665B7) lui a1, 0x66666
x11 <- 0x66666000

mem[X,0x80001640] -> 0x8593
mem[X,0x80001642] -> 0x6675
[1429] [M]: 0x80001640 (0x66758593) addi a1, a1, 0x667
x11 <- 0x66666667

mem[X,0x80001644] -> 0x1633
mem[X,0x80001646] -> 0x02B5
[1430] [M]: 0x80001644 (0x02B51633) mulh a2, a0, a1
x12 <- 0xFFFFB797

mem[X,0x80001648] -> 0xA823
mem[X,0x8000164A] -> 0x36C0
[1431] [M]: 0x80001648 (0x36C0A823) sw a2, 0x370(ra)
mem[0x80006500] <- 0xFFFFB797

mem[X,0x8000164C] -> 0x5537
mem[X,0x8000164E] -> 0xFFFF
[1432] [M]: 0x8000164C (0xFFFF5537) lui a0, -0xb
x10 <- 0xFFFF5000

mem[X,0x80001650] -> 0x0513
mem[X,0x80001652] -> 0xAFC5
[1433] [M]: 0x80001650 (0xAFC50513) addi a0, a0, -0x504
x10 <- 0xFFFF4AFC

mem[X,0x80001654] -> 0x55B7
mem[X,0x80001656] -> 0xFFFF
[1434] [M]: 0x80001654 (0xFFFF55B7) lui a1, -0xb
x11 <- 0xFFFF5000

mem[X,0x80001658] -> 0x8593
mem[X,0x8000165A] -> 0xAFD5
[1435] [M]: 0x80001658 (0xAFD58593) addi a1, a1, -0x503
x11 <- 0xFFFF4AFD

mem[X,0x8000165C] -> 0x1633
mem[X,0x8000165E] -> 0x02B5
[1436] [M]: 0x8000165C (0x02B51633) mulh a2, a0, a1
x12 <- 0x00000000

mem[X,0x80001660] -> 0xAA23
mem[X,0x80001662] -> 0x36C0
[1437] [M]: 0x80001660 (0x36C0AA23) sw a2, 0x374(ra)
mem[0x80006504] <- 0x00000000

mem[X,0x80001664] -> 0x5537
mem[X,0x80001666] -> 0xFFFF
[1438] [M]: 0x80001664 (0xFFFF5537) lui a0, -0xb
x10 <- 0xFFFF5000

mem[X,0x80001668] -> 0x0513
mem[X,0x8000166A] -> 0xAFC5
[1439] [M]: 0x80001668 (0xAFC50513) addi a0, a0, -0x504
x10 <- 0xFFFF4AFC

mem[X,0x8000166C] -> 0xB5B7
mem[X,0x8000166E] -> 0x0000
[1440] [M]: 0x8000166C (0x0000B5B7) lui a1, 0xb
x11 <- 0x0000B000

mem[X,0x80001670] -> 0x8593
mem[X,0x80001672] -> 0x5055
[1441] [M]: 0x80001670 (0x50558593) addi a1, a1, 0x505
x11 <- 0x0000B505

mem[X,0x80001674] -> 0x1633
mem[X,0x80001676] -> 0x02B5
[1442] [M]: 0x80001674 (0x02B51633) mulh a2, a0, a1
x12 <- 0xFFFFFFFF

mem[X,0x80001678] -> 0xAC23
mem[X,0x8000167A] -> 0x36C0
[1443] [M]: 0x80001678 (0x36C0AC23) sw a2, 0x378(ra)
mem[0x80006508] <- 0xFFFFFFFF

mem[X,0x8000167C] -> 0xB537
mem[X,0x8000167E] -> 0x0000
[1444] [M]: 0x8000167C (0x0000B537) lui a0, 0xb
x10 <- 0x0000B000

mem[X,0x80001680] -> 0x0513
mem[X,0x80001682] -> 0x5045
[1445] [M]: 0x80001680 (0x50450513) addi a0, a0, 0x504
x10 <- 0x0000B504

mem[X,0x80001684] -> 0x0593
mem[X,0x80001686] -> 0x0030
[1446] [M]: 0x80001684 (0x00300593) addi a1, zero, 0x3
x11 <- 0x00000003

mem[X,0x80001688] -> 0x1633
mem[X,0x8000168A] -> 0x02B5
[1447] [M]: 0x80001688 (0x02B51633) mulh a2, a0, a1
x12 <- 0x00000000

mem[X,0x8000168C] -> 0xAE23
mem[X,0x8000168E] -> 0x36C0
[1448] [M]: 0x8000168C (0x36C0AE23) sw a2, 0x37c(ra)
mem[0x8000650C] <- 0x00000000

mem[X,0x80001690] -> 0xB537
mem[X,0x80001692] -> 0x0000
[1449] [M]: 0x80001690 (0x0000B537) lui a0, 0xb
x10 <- 0x0000B000

mem[X,0x80001694] -> 0x0513
mem[X,0x80001696] -> 0x5045
[1450] [M]: 0x80001694 (0x50450513) addi a0, a0, 0x504
x10 <- 0x0000B504

mem[X,0x80001698] -> 0x55B7
mem[X,0x8000169A] -> 0x5555
[1451] [M]: 0x80001698 (0x555555B7) lui a1, 0x55555
x11 <- 0x55555000

mem[X,0x8000169C] -> 0x8593
mem[X,0x8000169E] -> 0x5555
[1452] [M]: 0x8000169C (0x55558593) addi a1, a1, 0x555
x11 <- 0x55555555

mem[X,0x800016A0] -> 0x1633
mem[X,0x800016A2] -> 0x02B5
[1453] [M]: 0x800016A0 (0x02B51633) mulh a2, a0, a1
x12 <- 0x00003C56

mem[X,0x800016A4] -> 0xA023
mem[X,0x800016A6] -> 0x38C0
[1454] [M]: 0x800016A4 (0x38C0A023) sw a2, 0x380(ra)
mem[0x80006510] <- 0x00003C56

mem[X,0x800016A8] -> 0xB537
mem[X,0x800016AA] -> 0x0000
[1455] [M]: 0x800016A8 (0x0000B537) lui a0, 0xb
x10 <- 0x0000B000

mem[X,0x800016AC] -> 0x0513
mem[X,0x800016AE] -> 0x5045
[1456] [M]: 0x800016AC (0x50450513) addi a0, a0, 0x504
x10 <- 0x0000B504

mem[X,0x800016B0] -> 0xB5B7
mem[X,0x800016B2] -> 0xAAAA
[1457] [M]: 0x800016B0 (0xAAAAB5B7) lui a1, -0x55555
x11 <- 0xAAAAB000

mem[X,0x800016B4] -> 0x8593
mem[X,0x800016B6] -> 0xAAA5
[1458] [M]: 0x800016B4 (0xAAA58593) addi a1, a1, -0x556
x11 <- 0xAAAAAAAA

mem[X,0x800016B8] -> 0x1633
mem[X,0x800016BA] -> 0x02B5
[1459] [M]: 0x800016B8 (0x02B51633) mulh a2, a0, a1
x12 <- 0xFFFFC3A9

mem[X,0x800016BC] -> 0xA223
mem[X,0x800016BE] -> 0x38C0
[1460] [M]: 0x800016BC (0x38C0A223) sw a2, 0x384(ra)
mem[0x80006514] <- 0xFFFFC3A9

mem[X,0x800016C0] -> 0xB537
mem[X,0x800016C2] -> 0x0000
[1461] [M]: 0x800016C0 (0x0000B537) lui a0, 0xb
x10 <- 0x0000B000

mem[X,0x800016C4] -> 0x0513
mem[X,0x800016C6] -> 0x5045
[1462] [M]: 0x800016C4 (0x50450513) addi a0, a0, 0x504
x10 <- 0x0000B504

mem[X,0x800016C8] -> 0x0593
mem[X,0x800016CA] -> 0x0050
[1463] [M]: 0x800016C8 (0x00500593) addi a1, zero, 0x5
x11 <- 0x00000005

mem[X,0x800016CC] -> 0x1633
mem[X,0x800016CE] -> 0x02B5
[1464] [M]: 0x800016CC (0x02B51633) mulh a2, a0, a1
x12 <- 0x00000000

mem[X,0x800016D0] -> 0xA423
mem[X,0x800016D2] -> 0x38C0
[1465] [M]: 0x800016D0 (0x38C0A423) sw a2, 0x388(ra)
mem[0x80006518] <- 0x00000000

mem[X,0x800016D4] -> 0xB537
mem[X,0x800016D6] -> 0x0000
[1466] [M]: 0x800016D4 (0x0000B537) lui a0, 0xb
x10 <- 0x0000B000

mem[X,0x800016D8] -> 0x0513
mem[X,0x800016DA] -> 0x5045
[1467] [M]: 0x800016D8 (0x50450513) addi a0, a0, 0x504
x10 <- 0x0000B504

mem[X,0x800016DC] -> 0x35B7
mem[X,0x800016DE] -> 0x3333
[1468] [M]: 0x800016DC (0x333335B7) lui a1, 0x33333
x11 <- 0x33333000

mem[X,0x800016E0] -> 0x8593
mem[X,0x800016E2] -> 0x3335
[1469] [M]: 0x800016E0 (0x33358593) addi a1, a1, 0x333
x11 <- 0x33333333

mem[X,0x800016E4] -> 0x1633
mem[X,0x800016E6] -> 0x02B5
[1470] [M]: 0x800016E4 (0x02B51633) mulh a2, a0, a1
x12 <- 0x00002433

mem[X,0x800016E8] -> 0xA623
mem[X,0x800016EA] -> 0x38C0
[1471] [M]: 0x800016E8 (0x38C0A623) sw a2, 0x38c(ra)
mem[0x8000651C] <- 0x00002433

mem[X,0x800016EC] -> 0xB537
mem[X,0x800016EE] -> 0x0000
[1472] [M]: 0x800016EC (0x0000B537) lui a0, 0xb
x10 <- 0x0000B000

mem[X,0x800016F0] -> 0x0513
mem[X,0x800016F2] -> 0x5045
[1473] [M]: 0x800016F0 (0x50450513) addi a0, a0, 0x504
x10 <- 0x0000B504

mem[X,0x800016F4] -> 0x65B7
mem[X,0x800016F6] -> 0x6666
[1474] [M]: 0x800016F4 (0x666665B7) lui a1, 0x66666
x11 <- 0x66666000

mem[X,0x800016F8] -> 0x8593
mem[X,0x800016FA] -> 0x6665
[1475] [M]: 0x800016F8 (0x66658593) addi a1, a1, 0x666
x11 <- 0x66666666

mem[X,0x800016FC] -> 0x1633
mem[X,0x800016FE] -> 0x02B5
[1476] [M]: 0x800016FC (0x02B51633) mulh a2, a0, a1
x12 <- 0x00004867

mem[X,0x80001700] -> 0xA823
mem[X,0x80001702] -> 0x38C0
[1477] [M]: 0x80001700 (0x38C0A823) sw a2, 0x390(ra)
mem[0x80006520] <- 0x00004867

mem[X,0x80001704] -> 0xB537
mem[X,0x80001706] -> 0x0000
[1478] [M]: 0x80001704 (0x0000B537) lui a0, 0xb
x10 <- 0x0000B000

mem[X,0x80001708] -> 0x0513
mem[X,0x8000170A] -> 0x5045
[1479] [M]: 0x80001708 (0x50450513) addi a0, a0, 0x504
x10 <- 0x0000B504

mem[X,0x8000170C] -> 0x55B7
mem[X,0x8000170E] -> 0xFFFF
[1480] [M]: 0x8000170C (0xFFFF55B7) lui a1, -0xb
x11 <- 0xFFFF5000

mem[X,0x80001710] -> 0x8593
mem[X,0x80001712] -> 0xAFC5
[1481] [M]: 0x80001710 (0xAFC58593) addi a1, a1, -0x504
x11 <- 0xFFFF4AFC

mem[X,0x80001714] -> 0x1633
mem[X,0x80001716] -> 0x02B5
[1482] [M]: 0x80001714 (0x02B51633) mulh a2, a0, a1
x12 <- 0xFFFFFFFF

mem[X,0x80001718] -> 0xAA23
mem[X,0x8000171A] -> 0x38C0
[1483] [M]: 0x80001718 (0x38C0AA23) sw a2, 0x394(ra)
mem[0x80006524] <- 0xFFFFFFFF

mem[X,0x8000171C] -> 0xB537
mem[X,0x8000171E] -> 0x0000
[1484] [M]: 0x8000171C (0x0000B537) lui a0, 0xb
x10 <- 0x0000B000

mem[X,0x80001720] -> 0x0513
mem[X,0x80001722] -> 0x5045
[1485] [M]: 0x80001720 (0x50450513) addi a0, a0, 0x504
x10 <- 0x0000B504

mem[X,0x80001724] -> 0xB5B7
mem[X,0x80001726] -> 0x0000
[1486] [M]: 0x80001724 (0x0000B5B7) lui a1, 0xb
x11 <- 0x0000B000

mem[X,0x80001728] -> 0x8593
mem[X,0x8000172A] -> 0x5045
[1487] [M]: 0x80001728 (0x50458593) addi a1, a1, 0x504
x11 <- 0x0000B504

mem[X,0x8000172C] -> 0x1633
mem[X,0x8000172E] -> 0x02B5
[1488] [M]: 0x8000172C (0x02B51633) mulh a2, a0, a1
x12 <- 0x00000000

mem[X,0x80001730] -> 0xAC23
mem[X,0x80001732] -> 0x38C0
[1489] [M]: 0x80001730 (0x38C0AC23) sw a2, 0x398(ra)
mem[0x80006528] <- 0x00000000

mem[X,0x80001734] -> 0xB537
mem[X,0x80001736] -> 0x0000
[1490] [M]: 0x80001734 (0x0000B537) lui a0, 0xb
x10 <- 0x0000B000

mem[X,0x80001738] -> 0x0513
mem[X,0x8000173A] -> 0x5045
[1491] [M]: 0x80001738 (0x50450513) addi a0, a0, 0x504
x10 <- 0x0000B504

mem[X,0x8000173C] -> 0x0593
mem[X,0x8000173E] -> 0x0020
[1492] [M]: 0x8000173C (0x00200593) addi a1, zero, 0x2
x11 <- 0x00000002

mem[X,0x80001740] -> 0x1633
mem[X,0x80001742] -> 0x02B5
[1493] [M]: 0x80001740 (0x02B51633) mulh a2, a0, a1
x12 <- 0x00000000

mem[X,0x80001744] -> 0xAE23
mem[X,0x80001746] -> 0x38C0
[1494] [M]: 0x80001744 (0x38C0AE23) sw a2, 0x39c(ra)
mem[0x8000652C] <- 0x00000000

mem[X,0x80001748] -> 0xB537
mem[X,0x8000174A] -> 0x0000
[1495] [M]: 0x80001748 (0x0000B537) lui a0, 0xb
x10 <- 0x0000B000

mem[X,0x8000174C] -> 0x0513
mem[X,0x8000174E] -> 0x5045
[1496] [M]: 0x8000174C (0x50450513) addi a0, a0, 0x504
x10 <- 0x0000B504

mem[X,0x80001750] -> 0x55B7
mem[X,0x80001752] -> 0x5555
[1497] [M]: 0x80001750 (0x555555B7) lui a1, 0x55555
x11 <- 0x55555000

mem[X,0x80001754] -> 0x8593
mem[X,0x80001756] -> 0x5545
[1498] [M]: 0x80001754 (0x55458593) addi a1, a1, 0x554
x11 <- 0x55555554

mem[X,0x80001758] -> 0x1633
mem[X,0x8000175A] -> 0x02B5
[1499] [M]: 0x80001758 (0x02B51633) mulh a2, a0, a1
x12 <- 0x00003C56

clint::tick mtime <- 0x000000000000000F
 clint timer pending at mtime 0x000000000000000F
htif::tick 0x0000000000000000
mem[X,0x8000175C] -> 0xA023
mem[X,0x8000175E] -> 0x3AC0
[1500] [M]: 0x8000175C (0x3AC0A023) sw a2, 0x3a0(ra)
mem[0x80006530] <- 0x00003C56

mem[X,0x80001760] -> 0xB537
mem[X,0x80001762] -> 0x0000
[1501] [M]: 0x80001760 (0x0000B537) lui a0, 0xb
x10 <- 0x0000B000

mem[X,0x80001764] -> 0x0513
mem[X,0x80001766] -> 0x5045
[1502] [M]: 0x80001764 (0x50450513) addi a0, a0, 0x504
x10 <- 0x0000B504

mem[X,0x80001768] -> 0x0593
mem[X,0x8000176A] -> 0x0000
[1503] [M]: 0x80001768 (0x00000593) addi a1, zero, 0x0
x11 <- 0x00000000

mem[X,0x8000176C] -> 0x1633
mem[X,0x8000176E] -> 0x02B5
[1504] [M]: 0x8000176C (0x02B51633) mulh a2, a0, a1
x12 <- 0x00000000

mem[X,0x80001770] -> 0xA223
mem[X,0x80001772] -> 0x3AC0
[1505] [M]: 0x80001770 (0x3AC0A223) sw a2, 0x3a4(ra)
mem[0x80006534] <- 0x00000000

mem[X,0x80001774] -> 0xB537
mem[X,0x80001776] -> 0x0000
[1506] [M]: 0x80001774 (0x0000B537) lui a0, 0xb
x10 <- 0x0000B000

mem[X,0x80001778] -> 0x0513
mem[X,0x8000177A] -> 0x5045
[1507] [M]: 0x80001778 (0x50450513) addi a0, a0, 0x504
x10 <- 0x0000B504

mem[X,0x8000177C] -> 0x0593
mem[X,0x8000177E] -> 0x0040
[1508] [M]: 0x8000177C (0x00400593) addi a1, zero, 0x4
x11 <- 0x00000004

mem[X,0x80001780] -> 0x1633
mem[X,0x80001782] -> 0x02B5
[1509] [M]: 0x80001780 (0x02B51633) mulh a2, a0, a1
x12 <- 0x00000000

mem[X,0x80001784] -> 0xA423
mem[X,0x80001786] -> 0x3AC0
[1510] [M]: 0x80001784 (0x3AC0A423) sw a2, 0x3a8(ra)
mem[0x80006538] <- 0x00000000

mem[X,0x80001788] -> 0xB537
mem[X,0x8000178A] -> 0x0000
[1511] [M]: 0x80001788 (0x0000B537) lui a0, 0xb
x10 <- 0x0000B000

mem[X,0x8000178C] -> 0x0513
mem[X,0x8000178E] -> 0x5045
[1512] [M]: 0x8000178C (0x50450513) addi a0, a0, 0x504
x10 <- 0x0000B504

mem[X,0x80001790] -> 0x35B7
mem[X,0x80001792] -> 0x3333
[1513] [M]: 0x80001790 (0x333335B7) lui a1, 0x33333
x11 <- 0x33333000

mem[X,0x80001794] -> 0x8593
mem[X,0x80001796] -> 0x3325
[1514] [M]: 0x80001794 (0x33258593) addi a1, a1, 0x332
x11 <- 0x33333332

mem[X,0x80001798] -> 0x1633
mem[X,0x8000179A] -> 0x02B5
[1515] [M]: 0x80001798 (0x02B51633) mulh a2, a0, a1
x12 <- 0x00002433

mem[X,0x8000179C] -> 0xA623
mem[X,0x8000179E] -> 0x3AC0
[1516] [M]: 0x8000179C (0x3AC0A623) sw a2, 0x3ac(ra)
mem[0x8000653C] <- 0x00002433

mem[X,0x800017A0] -> 0xB537
mem[X,0x800017A2] -> 0x0000
[1517] [M]: 0x800017A0 (0x0000B537) lui a0, 0xb
x10 <- 0x0000B000

mem[X,0x800017A4] -> 0x0513
mem[X,0x800017A6] -> 0x5045
[1518] [M]: 0x800017A4 (0x50450513) addi a0, a0, 0x504
x10 <- 0x0000B504

mem[X,0x800017A8] -> 0x65B7
mem[X,0x800017AA] -> 0x6666
[1519] [M]: 0x800017A8 (0x666665B7) lui a1, 0x66666
x11 <- 0x66666000

mem[X,0x800017AC] -> 0x8593
mem[X,0x800017AE] -> 0x6655
[1520] [M]: 0x800017AC (0x66558593) addi a1, a1, 0x665
x11 <- 0x66666665

mem[X,0x800017B0] -> 0x1633
mem[X,0x800017B2] -> 0x02B5
[1521] [M]: 0x800017B0 (0x02B51633) mulh a2, a0, a1
x12 <- 0x00004867

mem[X,0x800017B4] -> 0xA823
mem[X,0x800017B6] -> 0x3AC0
[1522] [M]: 0x800017B4 (0x3AC0A823) sw a2, 0x3b0(ra)
mem[0x80006540] <- 0x00004867

mem[X,0x800017B8] -> 0xB537
mem[X,0x800017BA] -> 0x0000
[1523] [M]: 0x800017B8 (0x0000B537) lui a0, 0xb
x10 <- 0x0000B000

mem[X,0x800017BC] -> 0x0513
mem[X,0x800017BE] -> 0x5045
[1524] [M]: 0x800017BC (0x50450513) addi a0, a0, 0x504
x10 <- 0x0000B504

mem[X,0x800017C0] -> 0xB5B7
mem[X,0x800017C2] -> 0x0000
[1525] [M]: 0x800017C0 (0x0000B5B7) lui a1, 0xb
x11 <- 0x0000B000

mem[X,0x800017C4] -> 0x8593
mem[X,0x800017C6] -> 0x5035
[1526] [M]: 0x800017C4 (0x50358593) addi a1, a1, 0x503
x11 <- 0x0000B503

mem[X,0x800017C8] -> 0x1633
mem[X,0x800017CA] -> 0x02B5
[1527] [M]: 0x800017C8 (0x02B51633) mulh a2, a0, a1
x12 <- 0x00000000

mem[X,0x800017CC] -> 0xAA23
mem[X,0x800017CE] -> 0x3AC0
[1528] [M]: 0x800017CC (0x3AC0AA23) sw a2, 0x3b4(ra)
mem[0x80006544] <- 0x00000000

mem[X,0x800017D0] -> 0xB537
mem[X,0x800017D2] -> 0x0000
[1529] [M]: 0x800017D0 (0x0000B537) lui a0, 0xb
x10 <- 0x0000B000

mem[X,0x800017D4] -> 0x0513
mem[X,0x800017D6] -> 0x5045
[1530] [M]: 0x800017D4 (0x50450513) addi a0, a0, 0x504
x10 <- 0x0000B504

mem[X,0x800017D8] -> 0x55B7
mem[X,0x800017DA] -> 0x5555
[1531] [M]: 0x800017D8 (0x555555B7) lui a1, 0x55555
x11 <- 0x55555000

mem[X,0x800017DC] -> 0x8593
mem[X,0x800017DE] -> 0x5565
[1532] [M]: 0x800017DC (0x55658593) addi a1, a1, 0x556
x11 <- 0x55555556

mem[X,0x800017E0] -> 0x1633
mem[X,0x800017E2] -> 0x02B5
[1533] [M]: 0x800017E0 (0x02B51633) mulh a2, a0, a1
x12 <- 0x00003C56

mem[X,0x800017E4] -> 0xAC23
mem[X,0x800017E6] -> 0x3AC0
[1534] [M]: 0x800017E4 (0x3AC0AC23) sw a2, 0x3b8(ra)
mem[0x80006548] <- 0x00003C56

mem[X,0x800017E8] -> 0xB537
mem[X,0x800017EA] -> 0x0000
[1535] [M]: 0x800017E8 (0x0000B537) lui a0, 0xb
x10 <- 0x0000B000

mem[X,0x800017EC] -> 0x0513
mem[X,0x800017EE] -> 0x5045
[1536] [M]: 0x800017EC (0x50450513) addi a0, a0, 0x504
x10 <- 0x0000B504

mem[X,0x800017F0] -> 0xB5B7
mem[X,0x800017F2] -> 0xAAAA
[1537] [M]: 0x800017F0 (0xAAAAB5B7) lui a1, -0x55555
x11 <- 0xAAAAB000

mem[X,0x800017F4] -> 0x8593
mem[X,0x800017F6] -> 0xAAB5
[1538] [M]: 0x800017F4 (0xAAB58593) addi a1, a1, -0x555
x11 <- 0xAAAAAAAB

mem[X,0x800017F8] -> 0x1633
mem[X,0x800017FA] -> 0x02B5
[1539] [M]: 0x800017F8 (0x02B51633) mulh a2, a0, a1
x12 <- 0xFFFFC3A9

mem[X,0x800017FC] -> 0xAE23
mem[X,0x800017FE] -> 0x3AC0
[1540] [M]: 0x800017FC (0x3AC0AE23) sw a2, 0x3bc(ra)
mem[0x8000654C] <- 0xFFFFC3A9

mem[X,0x80001800] -> 0xB537
mem[X,0x80001802] -> 0x0000
[1541] [M]: 0x80001800 (0x0000B537) lui a0, 0xb
x10 <- 0x0000B000

mem[X,0x80001804] -> 0x0513
mem[X,0x80001806] -> 0x5045
[1542] [M]: 0x80001804 (0x50450513) addi a0, a0, 0x504
x10 <- 0x0000B504

mem[X,0x80001808] -> 0x0593
mem[X,0x8000180A] -> 0x0060
[1543] [M]: 0x80001808 (0x00600593) addi a1, zero, 0x6
x11 <- 0x00000006

mem[X,0x8000180C] -> 0x1633
mem[X,0x8000180E] -> 0x02B5
[1544] [M]: 0x8000180C (0x02B51633) mulh a2, a0, a1
x12 <- 0x00000000

mem[X,0x80001810] -> 0xA023
mem[X,0x80001812] -> 0x3CC0
[1545] [M]: 0x80001810 (0x3CC0A023) sw a2, 0x3c0(ra)
mem[0x80006550] <- 0x00000000

mem[X,0x80001814] -> 0xB537
mem[X,0x80001816] -> 0x0000
[1546] [M]: 0x80001814 (0x0000B537) lui a0, 0xb
x10 <- 0x0000B000

mem[X,0x80001818] -> 0x0513
mem[X,0x8000181A] -> 0x5045
[1547] [M]: 0x80001818 (0x50450513) addi a0, a0, 0x504
x10 <- 0x0000B504

mem[X,0x8000181C] -> 0x35B7
mem[X,0x8000181E] -> 0x3333
[1548] [M]: 0x8000181C (0x333335B7) lui a1, 0x33333
x11 <- 0x33333000

mem[X,0x80001820] -> 0x8593
mem[X,0x80001822] -> 0x3345
[1549] [M]: 0x80001820 (0x33458593) addi a1, a1, 0x334
x11 <- 0x33333334

mem[X,0x80001824] -> 0x1633
mem[X,0x80001826] -> 0x02B5
[1550] [M]: 0x80001824 (0x02B51633) mulh a2, a0, a1
x12 <- 0x00002434

mem[X,0x80001828] -> 0xA223
mem[X,0x8000182A] -> 0x3CC0
[1551] [M]: 0x80001828 (0x3CC0A223) sw a2, 0x3c4(ra)
mem[0x80006554] <- 0x00002434

mem[X,0x8000182C] -> 0xB537
mem[X,0x8000182E] -> 0x0000
[1552] [M]: 0x8000182C (0x0000B537) lui a0, 0xb
x10 <- 0x0000B000

mem[X,0x80001830] -> 0x0513
mem[X,0x80001832] -> 0x5045
[1553] [M]: 0x80001830 (0x50450513) addi a0, a0, 0x504
x10 <- 0x0000B504

mem[X,0x80001834] -> 0x65B7
mem[X,0x80001836] -> 0x6666
[1554] [M]: 0x80001834 (0x666665B7) lui a1, 0x66666
x11 <- 0x66666000

mem[X,0x80001838] -> 0x8593
mem[X,0x8000183A] -> 0x6675
[1555] [M]: 0x80001838 (0x66758593) addi a1, a1, 0x667
x11 <- 0x66666667

mem[X,0x8000183C] -> 0x1633
mem[X,0x8000183E] -> 0x02B5
[1556] [M]: 0x8000183C (0x02B51633) mulh a2, a0, a1
x12 <- 0x00004868

mem[X,0x80001840] -> 0xA423
mem[X,0x80001842] -> 0x3CC0
[1557] [M]: 0x80001840 (0x3CC0A423) sw a2, 0x3c8(ra)
mem[0x80006558] <- 0x00004868

mem[X,0x80001844] -> 0xB537
mem[X,0x80001846] -> 0x0000
[1558] [M]: 0x80001844 (0x0000B537) lui a0, 0xb
x10 <- 0x0000B000

mem[X,0x80001848] -> 0x0513
mem[X,0x8000184A] -> 0x5045
[1559] [M]: 0x80001848 (0x50450513) addi a0, a0, 0x504
x10 <- 0x0000B504

mem[X,0x8000184C] -> 0x55B7
mem[X,0x8000184E] -> 0xFFFF
[1560] [M]: 0x8000184C (0xFFFF55B7) lui a1, -0xb
x11 <- 0xFFFF5000

mem[X,0x80001850] -> 0x8593
mem[X,0x80001852] -> 0xAFD5
[1561] [M]: 0x80001850 (0xAFD58593) addi a1, a1, -0x503
x11 <- 0xFFFF4AFD

mem[X,0x80001854] -> 0x1633
mem[X,0x80001856] -> 0x02B5
[1562] [M]: 0x80001854 (0x02B51633) mulh a2, a0, a1
x12 <- 0xFFFFFFFF

mem[X,0x80001858] -> 0xA623
mem[X,0x8000185A] -> 0x3CC0
[1563] [M]: 0x80001858 (0x3CC0A623) sw a2, 0x3cc(ra)
mem[0x8000655C] <- 0xFFFFFFFF

mem[X,0x8000185C] -> 0xB537
mem[X,0x8000185E] -> 0x0000
[1564] [M]: 0x8000185C (0x0000B537) lui a0, 0xb
x10 <- 0x0000B000

mem[X,0x80001860] -> 0x0513
mem[X,0x80001862] -> 0x5045
[1565] [M]: 0x80001860 (0x50450513) addi a0, a0, 0x504
x10 <- 0x0000B504

mem[X,0x80001864] -> 0xB5B7
mem[X,0x80001866] -> 0x0000
[1566] [M]: 0x80001864 (0x0000B5B7) lui a1, 0xb
x11 <- 0x0000B000

mem[X,0x80001868] -> 0x8593
mem[X,0x8000186A] -> 0x5055
[1567] [M]: 0x80001868 (0x50558593) addi a1, a1, 0x505
x11 <- 0x0000B505

mem[X,0x8000186C] -> 0x1633
mem[X,0x8000186E] -> 0x02B5
[1568] [M]: 0x8000186C (0x02B51633) mulh a2, a0, a1
x12 <- 0x00000000

mem[X,0x80001870] -> 0xA823
mem[X,0x80001872] -> 0x3CC0
[1569] [M]: 0x80001870 (0x3CC0A823) sw a2, 0x3d0(ra)
mem[0x80006560] <- 0x00000000

mem[X,0x80001874] -> 0x0513
mem[X,0x80001876] -> 0x0020
[1570] [M]: 0x80001874 (0x00200513) addi a0, zero, 0x2
x10 <- 0x00000002

mem[X,0x80001878] -> 0x0593
mem[X,0x8000187A] -> 0x0030
[1571] [M]: 0x80001878 (0x00300593) addi a1, zero, 0x3
x11 <- 0x00000003

mem[X,0x8000187C] -> 0x1633
mem[X,0x8000187E] -> 0x02B5
[1572] [M]: 0x8000187C (0x02B51633) mulh a2, a0, a1
x12 <- 0x00000000

mem[X,0x80001880] -> 0xAA23
mem[X,0x80001882] -> 0x3CC0
[1573] [M]: 0x80001880 (0x3CC0AA23) sw a2, 0x3d4(ra)
mem[0x80006564] <- 0x00000000

mem[X,0x80001884] -> 0x0513
mem[X,0x80001886] -> 0x0020
[1574] [M]: 0x80001884 (0x00200513) addi a0, zero, 0x2
x10 <- 0x00000002

mem[X,0x80001888] -> 0x55B7
mem[X,0x8000188A] -> 0x5555
[1575] [M]: 0x80001888 (0x555555B7) lui a1, 0x55555
x11 <- 0x55555000

mem[X,0x8000188C] -> 0x8593
mem[X,0x8000188E] -> 0x5555
[1576] [M]: 0x8000188C (0x55558593) addi a1, a1, 0x555
x11 <- 0x55555555

mem[X,0x80001890] -> 0x1633
mem[X,0x80001892] -> 0x02B5
[1577] [M]: 0x80001890 (0x02B51633) mulh a2, a0, a1
x12 <- 0x00000000

mem[X,0x80001894] -> 0xAC23
mem[X,0x80001896] -> 0x3CC0
[1578] [M]: 0x80001894 (0x3CC0AC23) sw a2, 0x3d8(ra)
mem[0x80006568] <- 0x00000000

mem[X,0x80001898] -> 0x0513
mem[X,0x8000189A] -> 0x0020
[1579] [M]: 0x80001898 (0x00200513) addi a0, zero, 0x2
x10 <- 0x00000002

mem[X,0x8000189C] -> 0xB5B7
mem[X,0x8000189E] -> 0xAAAA
[1580] [M]: 0x8000189C (0xAAAAB5B7) lui a1, -0x55555
x11 <- 0xAAAAB000

mem[X,0x800018A0] -> 0x8593
mem[X,0x800018A2] -> 0xAAA5
[1581] [M]: 0x800018A0 (0xAAA58593) addi a1, a1, -0x556
x11 <- 0xAAAAAAAA

mem[X,0x800018A4] -> 0x1633
mem[X,0x800018A6] -> 0x02B5
[1582] [M]: 0x800018A4 (0x02B51633) mulh a2, a0, a1
x12 <- 0xFFFFFFFF

mem[X,0x800018A8] -> 0xAE23
mem[X,0x800018AA] -> 0x3CC0
[1583] [M]: 0x800018A8 (0x3CC0AE23) sw a2, 0x3dc(ra)
mem[0x8000656C] <- 0xFFFFFFFF

mem[X,0x800018AC] -> 0x0513
mem[X,0x800018AE] -> 0x0020
[1584] [M]: 0x800018AC (0x00200513) addi a0, zero, 0x2
x10 <- 0x00000002

mem[X,0x800018B0] -> 0x0593
mem[X,0x800018B2] -> 0x0050
[1585] [M]: 0x800018B0 (0x00500593) addi a1, zero, 0x5
x11 <- 0x00000005

mem[X,0x800018B4] -> 0x1633
mem[X,0x800018B6] -> 0x02B5
[1586] [M]: 0x800018B4 (0x02B51633) mulh a2, a0, a1
x12 <- 0x00000000

mem[X,0x800018B8] -> 0xA023
mem[X,0x800018BA] -> 0x3EC0
[1587] [M]: 0x800018B8 (0x3EC0A023) sw a2, 0x3e0(ra)
mem[0x80006570] <- 0x00000000

mem[X,0x800018BC] -> 0x0513
mem[X,0x800018BE] -> 0x0020
[1588] [M]: 0x800018BC (0x00200513) addi a0, zero, 0x2
x10 <- 0x00000002

mem[X,0x800018C0] -> 0x35B7
mem[X,0x800018C2] -> 0x3333
[1589] [M]: 0x800018C0 (0x333335B7) lui a1, 0x33333
x11 <- 0x33333000

mem[X,0x800018C4] -> 0x8593
mem[X,0x800018C6] -> 0x3335
[1590] [M]: 0x800018C4 (0x33358593) addi a1, a1, 0x333
x11 <- 0x33333333

mem[X,0x800018C8] -> 0x1633
mem[X,0x800018CA] -> 0x02B5
[1591] [M]: 0x800018C8 (0x02B51633) mulh a2, a0, a1
x12 <- 0x00000000

mem[X,0x800018CC] -> 0xA223
mem[X,0x800018CE] -> 0x3EC0
[1592] [M]: 0x800018CC (0x3EC0A223) sw a2, 0x3e4(ra)
mem[0x80006574] <- 0x00000000

mem[X,0x800018D0] -> 0x0513
mem[X,0x800018D2] -> 0x0020
[1593] [M]: 0x800018D0 (0x00200513) addi a0, zero, 0x2
x10 <- 0x00000002

mem[X,0x800018D4] -> 0x65B7
mem[X,0x800018D6] -> 0x6666
[1594] [M]: 0x800018D4 (0x666665B7) lui a1, 0x66666
x11 <- 0x66666000

mem[X,0x800018D8] -> 0x8593
mem[X,0x800018DA] -> 0x6665
[1595] [M]: 0x800018D8 (0x66658593) addi a1, a1, 0x666
x11 <- 0x66666666

mem[X,0x800018DC] -> 0x1633
mem[X,0x800018DE] -> 0x02B5
[1596] [M]: 0x800018DC (0x02B51633) mulh a2, a0, a1
x12 <- 0x00000000

mem[X,0x800018E0] -> 0xA423
mem[X,0x800018E2] -> 0x3EC0
[1597] [M]: 0x800018E0 (0x3EC0A423) sw a2, 0x3e8(ra)
mem[0x80006578] <- 0x00000000

mem[X,0x800018E4] -> 0x0513
mem[X,0x800018E6] -> 0x0020
[1598] [M]: 0x800018E4 (0x00200513) addi a0, zero, 0x2
x10 <- 0x00000002

mem[X,0x800018E8] -> 0x55B7
mem[X,0x800018EA] -> 0xFFFF
[1599] [M]: 0x800018E8 (0xFFFF55B7) lui a1, -0xb
x11 <- 0xFFFF5000

clint::tick mtime <- 0x0000000000000010
 clint timer pending at mtime 0x0000000000000010
htif::tick 0x0000000000000000
mem[X,0x800018EC] -> 0x8593
mem[X,0x800018EE] -> 0xAFC5
[1600] [M]: 0x800018EC (0xAFC58593) addi a1, a1, -0x504
x11 <- 0xFFFF4AFC

mem[X,0x800018F0] -> 0x1633
mem[X,0x800018F2] -> 0x02B5
[1601] [M]: 0x800018F0 (0x02B51633) mulh a2, a0, a1
x12 <- 0xFFFFFFFF

mem[X,0x800018F4] -> 0xA623
mem[X,0x800018F6] -> 0x3EC0
[1602] [M]: 0x800018F4 (0x3EC0A623) sw a2, 0x3ec(ra)
mem[0x8000657C] <- 0xFFFFFFFF

mem[X,0x800018F8] -> 0x0513
mem[X,0x800018FA] -> 0x0020
[1603] [M]: 0x800018F8 (0x00200513) addi a0, zero, 0x2
x10 <- 0x00000002

mem[X,0x800018FC] -> 0xB5B7
mem[X,0x800018FE] -> 0x0000
[1604] [M]: 0x800018FC (0x0000B5B7) lui a1, 0xb
x11 <- 0x0000B000

mem[X,0x80001900] -> 0x8593
mem[X,0x80001902] -> 0x5045
[1605] [M]: 0x80001900 (0x50458593) addi a1, a1, 0x504
x11 <- 0x0000B504

mem[X,0x80001904] -> 0x1633
mem[X,0x80001906] -> 0x02B5
[1606] [M]: 0x80001904 (0x02B51633) mulh a2, a0, a1
x12 <- 0x00000000

mem[X,0x80001908] -> 0xA823
mem[X,0x8000190A] -> 0x3EC0
[1607] [M]: 0x80001908 (0x3EC0A823) sw a2, 0x3f0(ra)
mem[0x80006580] <- 0x00000000

mem[X,0x8000190C] -> 0x0513
mem[X,0x8000190E] -> 0x0020
[1608] [M]: 0x8000190C (0x00200513) addi a0, zero, 0x2
x10 <- 0x00000002

mem[X,0x80001910] -> 0x0593
mem[X,0x80001912] -> 0x0020
[1609] [M]: 0x80001910 (0x00200593) addi a1, zero, 0x2
x11 <- 0x00000002

mem[X,0x80001914] -> 0x1633
mem[X,0x80001916] -> 0x02B5
[1610] [M]: 0x80001914 (0x02B51633) mulh a2, a0, a1
x12 <- 0x00000000

mem[X,0x80001918] -> 0xAA23
mem[X,0x8000191A] -> 0x3EC0
[1611] [M]: 0x80001918 (0x3EC0AA23) sw a2, 0x3f4(ra)
mem[0x80006584] <- 0x00000000

mem[X,0x8000191C] -> 0x0513
mem[X,0x8000191E] -> 0x0020
[1612] [M]: 0x8000191C (0x00200513) addi a0, zero, 0x2
x10 <- 0x00000002

mem[X,0x80001920] -> 0x55B7
mem[X,0x80001922] -> 0x5555
[1613] [M]: 0x80001920 (0x555555B7) lui a1, 0x55555
x11 <- 0x55555000

mem[X,0x80001924] -> 0x8593
mem[X,0x80001926] -> 0x5545
[1614] [M]: 0x80001924 (0x55458593) addi a1, a1, 0x554
x11 <- 0x55555554

mem[X,0x80001928] -> 0x1633
mem[X,0x8000192A] -> 0x02B5
[1615] [M]: 0x80001928 (0x02B51633) mulh a2, a0, a1
x12 <- 0x00000000

mem[X,0x8000192C] -> 0xAC23
mem[X,0x8000192E] -> 0x3EC0
[1616] [M]: 0x8000192C (0x3EC0AC23) sw a2, 0x3f8(ra)
mem[0x80006588] <- 0x00000000

mem[X,0x80001930] -> 0x0513
mem[X,0x80001932] -> 0x0020
[1617] [M]: 0x80001930 (0x00200513) addi a0, zero, 0x2
x10 <- 0x00000002

mem[X,0x80001934] -> 0x0593
mem[X,0x80001936] -> 0x0000
[1618] [M]: 0x80001934 (0x00000593) addi a1, zero, 0x0
x11 <- 0x00000000

mem[X,0x80001938] -> 0x1633
mem[X,0x8000193A] -> 0x02B5
[1619] [M]: 0x80001938 (0x02B51633) mulh a2, a0, a1
x12 <- 0x00000000

mem[X,0x8000193C] -> 0xAE23
mem[X,0x8000193E] -> 0x3EC0
[1620] [M]: 0x8000193C (0x3EC0AE23) sw a2, 0x3fc(ra)
mem[0x8000658C] <- 0x00000000

mem[X,0x80001940] -> 0x0513
mem[X,0x80001942] -> 0x0020
[1621] [M]: 0x80001940 (0x00200513) addi a0, zero, 0x2
x10 <- 0x00000002

mem[X,0x80001944] -> 0x0593
mem[X,0x80001946] -> 0x0040
[1622] [M]: 0x80001944 (0x00400593) addi a1, zero, 0x4
x11 <- 0x00000004

mem[X,0x80001948] -> 0x1633
mem[X,0x8000194A] -> 0x02B5
[1623] [M]: 0x80001948 (0x02B51633) mulh a2, a0, a1
x12 <- 0x00000000

mem[X,0x8000194C] -> 0xA023
mem[X,0x8000194E] -> 0x40C0
[1624] [M]: 0x8000194C (0x40C0A023) sw a2, 0x400(ra)
mem[0x80006590] <- 0x00000000

mem[X,0x80001950] -> 0x0513
mem[X,0x80001952] -> 0x0020
[1625] [M]: 0x80001950 (0x00200513) addi a0, zero, 0x2
x10 <- 0x00000002

mem[X,0x80001954] -> 0x35B7
mem[X,0x80001956] -> 0x3333
[1626] [M]: 0x80001954 (0x333335B7) lui a1, 0x33333
x11 <- 0x33333000

mem[X,0x80001958] -> 0x8593
mem[X,0x8000195A] -> 0x3325
[1627] [M]: 0x80001958 (0x33258593) addi a1, a1, 0x332
x11 <- 0x33333332

mem[X,0x8000195C] -> 0x1633
mem[X,0x8000195E] -> 0x02B5
[1628] [M]: 0x8000195C (0x02B51633) mulh a2, a0, a1
x12 <- 0x00000000

mem[X,0x80001960] -> 0xA223
mem[X,0x80001962] -> 0x40C0
[1629] [M]: 0x80001960 (0x40C0A223) sw a2, 0x404(ra)
mem[0x80006594] <- 0x00000000

mem[X,0x80001964] -> 0x0513
mem[X,0x80001966] -> 0x0020
[1630] [M]: 0x80001964 (0x00200513) addi a0, zero, 0x2
x10 <- 0x00000002

mem[X,0x80001968] -> 0x65B7
mem[X,0x8000196A] -> 0x6666
[1631] [M]: 0x80001968 (0x666665B7) lui a1, 0x66666
x11 <- 0x66666000

mem[X,0x8000196C] -> 0x8593
mem[X,0x8000196E] -> 0x6655
[1632] [M]: 0x8000196C (0x66558593) addi a1, a1, 0x665
x11 <- 0x66666665

mem[X,0x80001970] -> 0x1633
mem[X,0x80001972] -> 0x02B5
[1633] [M]: 0x80001970 (0x02B51633) mulh a2, a0, a1
x12 <- 0x00000000

mem[X,0x80001974] -> 0xA423
mem[X,0x80001976] -> 0x40C0
[1634] [M]: 0x80001974 (0x40C0A423) sw a2, 0x408(ra)
mem[0x80006598] <- 0x00000000

mem[X,0x80001978] -> 0x0513
mem[X,0x8000197A] -> 0x0020
[1635] [M]: 0x80001978 (0x00200513) addi a0, zero, 0x2
x10 <- 0x00000002

mem[X,0x8000197C] -> 0xB5B7
mem[X,0x8000197E] -> 0x0000
[1636] [M]: 0x8000197C (0x0000B5B7) lui a1, 0xb
x11 <- 0x0000B000

mem[X,0x80001980] -> 0x8593
mem[X,0x80001982] -> 0x5035
[1637] [M]: 0x80001980 (0x50358593) addi a1, a1, 0x503
x11 <- 0x0000B503

mem[X,0x80001984] -> 0x1633
mem[X,0x80001986] -> 0x02B5
[1638] [M]: 0x80001984 (0x02B51633) mulh a2, a0, a1
x12 <- 0x00000000

mem[X,0x80001988] -> 0xA623
mem[X,0x8000198A] -> 0x40C0
[1639] [M]: 0x80001988 (0x40C0A623) sw a2, 0x40c(ra)
mem[0x8000659C] <- 0x00000000

mem[X,0x8000198C] -> 0x0513
mem[X,0x8000198E] -> 0x0020
[1640] [M]: 0x8000198C (0x00200513) addi a0, zero, 0x2
x10 <- 0x00000002

mem[X,0x80001990] -> 0x55B7
mem[X,0x80001992] -> 0x5555
[1641] [M]: 0x80001990 (0x555555B7) lui a1, 0x55555
x11 <- 0x55555000

mem[X,0x80001994] -> 0x8593
mem[X,0x80001996] -> 0x5565
[1642] [M]: 0x80001994 (0x55658593) addi a1, a1, 0x556
x11 <- 0x55555556

mem[X,0x80001998] -> 0x1633
mem[X,0x8000199A] -> 0x02B5
[1643] [M]: 0x80001998 (0x02B51633) mulh a2, a0, a1
x12 <- 0x00000000

mem[X,0x8000199C] -> 0xA823
mem[X,0x8000199E] -> 0x40C0
[1644] [M]: 0x8000199C (0x40C0A823) sw a2, 0x410(ra)
mem[0x800065A0] <- 0x00000000

mem[X,0x800019A0] -> 0x0513
mem[X,0x800019A2] -> 0x0020
[1645] [M]: 0x800019A0 (0x00200513) addi a0, zero, 0x2
x10 <- 0x00000002

mem[X,0x800019A4] -> 0xB5B7
mem[X,0x800019A6] -> 0xAAAA
[1646] [M]: 0x800019A4 (0xAAAAB5B7) lui a1, -0x55555
x11 <- 0xAAAAB000

mem[X,0x800019A8] -> 0x8593
mem[X,0x800019AA] -> 0xAAB5
[1647] [M]: 0x800019A8 (0xAAB58593) addi a1, a1, -0x555
x11 <- 0xAAAAAAAB

mem[X,0x800019AC] -> 0x1633
mem[X,0x800019AE] -> 0x02B5
[1648] [M]: 0x800019AC (0x02B51633) mulh a2, a0, a1
x12 <- 0xFFFFFFFF

mem[X,0x800019B0] -> 0xAA23
mem[X,0x800019B2] -> 0x40C0
[1649] [M]: 0x800019B0 (0x40C0AA23) sw a2, 0x414(ra)
mem[0x800065A4] <- 0xFFFFFFFF

mem[X,0x800019B4] -> 0x0513
mem[X,0x800019B6] -> 0x0020
[1650] [M]: 0x800019B4 (0x00200513) addi a0, zero, 0x2
x10 <- 0x00000002

mem[X,0x800019B8] -> 0x0593
mem[X,0x800019BA] -> 0x0060
[1651] [M]: 0x800019B8 (0x00600593) addi a1, zero, 0x6
x11 <- 0x00000006

mem[X,0x800019BC] -> 0x1633
mem[X,0x800019BE] -> 0x02B5
[1652] [M]: 0x800019BC (0x02B51633) mulh a2, a0, a1
x12 <- 0x00000000

mem[X,0x800019C0] -> 0xAC23
mem[X,0x800019C2] -> 0x40C0
[1653] [M]: 0x800019C0 (0x40C0AC23) sw a2, 0x418(ra)
mem[0x800065A8] <- 0x00000000

mem[X,0x800019C4] -> 0x0513
mem[X,0x800019C6] -> 0x0020
[1654] [M]: 0x800019C4 (0x00200513) addi a0, zero, 0x2
x10 <- 0x00000002

mem[X,0x800019C8] -> 0x35B7
mem[X,0x800019CA] -> 0x3333
[1655] [M]: 0x800019C8 (0x333335B7) lui a1, 0x33333
x11 <- 0x33333000

mem[X,0x800019CC] -> 0x8593
mem[X,0x800019CE] -> 0x3345
[1656] [M]: 0x800019CC (0x33458593) addi a1, a1, 0x334
x11 <- 0x33333334

mem[X,0x800019D0] -> 0x1633
mem[X,0x800019D2] -> 0x02B5
[1657] [M]: 0x800019D0 (0x02B51633) mulh a2, a0, a1
x12 <- 0x00000000

mem[X,0x800019D4] -> 0xAE23
mem[X,0x800019D6] -> 0x40C0
[1658] [M]: 0x800019D4 (0x40C0AE23) sw a2, 0x41c(ra)
mem[0x800065AC] <- 0x00000000

mem[X,0x800019D8] -> 0x0513
mem[X,0x800019DA] -> 0x0020
[1659] [M]: 0x800019D8 (0x00200513) addi a0, zero, 0x2
x10 <- 0x00000002

mem[X,0x800019DC] -> 0x65B7
mem[X,0x800019DE] -> 0x6666
[1660] [M]: 0x800019DC (0x666665B7) lui a1, 0x66666
x11 <- 0x66666000

mem[X,0x800019E0] -> 0x8593
mem[X,0x800019E2] -> 0x6675
[1661] [M]: 0x800019E0 (0x66758593) addi a1, a1, 0x667
x11 <- 0x66666667

mem[X,0x800019E4] -> 0x1633
mem[X,0x800019E6] -> 0x02B5
[1662] [M]: 0x800019E4 (0x02B51633) mulh a2, a0, a1
x12 <- 0x00000000

mem[X,0x800019E8] -> 0xA023
mem[X,0x800019EA] -> 0x42C0
[1663] [M]: 0x800019E8 (0x42C0A023) sw a2, 0x420(ra)
mem[0x800065B0] <- 0x00000000

mem[X,0x800019EC] -> 0x0513
mem[X,0x800019EE] -> 0x0020
[1664] [M]: 0x800019EC (0x00200513) addi a0, zero, 0x2
x10 <- 0x00000002

mem[X,0x800019F0] -> 0x55B7
mem[X,0x800019F2] -> 0xFFFF
[1665] [M]: 0x800019F0 (0xFFFF55B7) lui a1, -0xb
x11 <- 0xFFFF5000

mem[X,0x800019F4] -> 0x8593
mem[X,0x800019F6] -> 0xAFD5
[1666] [M]: 0x800019F4 (0xAFD58593) addi a1, a1, -0x503
x11 <- 0xFFFF4AFD

mem[X,0x800019F8] -> 0x1633
mem[X,0x800019FA] -> 0x02B5
[1667] [M]: 0x800019F8 (0x02B51633) mulh a2, a0, a1
x12 <- 0xFFFFFFFF

mem[X,0x800019FC] -> 0xA223
mem[X,0x800019FE] -> 0x42C0
[1668] [M]: 0x800019FC (0x42C0A223) sw a2, 0x424(ra)
mem[0x800065B4] <- 0xFFFFFFFF

mem[X,0x80001A00] -> 0x0513
mem[X,0x80001A02] -> 0x0020
[1669] [M]: 0x80001A00 (0x00200513) addi a0, zero, 0x2
x10 <- 0x00000002

mem[X,0x80001A04] -> 0xB5B7
mem[X,0x80001A06] -> 0x0000
[1670] [M]: 0x80001A04 (0x0000B5B7) lui a1, 0xb
x11 <- 0x0000B000

mem[X,0x80001A08] -> 0x8593
mem[X,0x80001A0A] -> 0x5055
[1671] [M]: 0x80001A08 (0x50558593) addi a1, a1, 0x505
x11 <- 0x0000B505

mem[X,0x80001A0C] -> 0x1633
mem[X,0x80001A0E] -> 0x02B5
[1672] [M]: 0x80001A0C (0x02B51633) mulh a2, a0, a1
x12 <- 0x00000000

mem[X,0x80001A10] -> 0xA423
mem[X,0x80001A12] -> 0x42C0
[1673] [M]: 0x80001A10 (0x42C0A423) sw a2, 0x428(ra)
mem[0x800065B8] <- 0x00000000

mem[X,0x80001A14] -> 0x5537
mem[X,0x80001A16] -> 0x5555
[1674] [M]: 0x80001A14 (0x55555537) lui a0, 0x55555
x10 <- 0x55555000

mem[X,0x80001A18] -> 0x0513
mem[X,0x80001A1A] -> 0x5545
[1675] [M]: 0x80001A18 (0x55450513) addi a0, a0, 0x554
x10 <- 0x55555554

mem[X,0x80001A1C] -> 0x0593
mem[X,0x80001A1E] -> 0x0030
[1676] [M]: 0x80001A1C (0x00300593) addi a1, zero, 0x3
x11 <- 0x00000003

mem[X,0x80001A20] -> 0x1633
mem[X,0x80001A22] -> 0x02B5
[1677] [M]: 0x80001A20 (0x02B51633) mulh a2, a0, a1
x12 <- 0x00000000

mem[X,0x80001A24] -> 0xA623
mem[X,0x80001A26] -> 0x42C0
[1678] [M]: 0x80001A24 (0x42C0A623) sw a2, 0x42c(ra)
mem[0x800065BC] <- 0x00000000

mem[X,0x80001A28] -> 0x5537
mem[X,0x80001A2A] -> 0x5555
[1679] [M]: 0x80001A28 (0x55555537) lui a0, 0x55555
x10 <- 0x55555000

mem[X,0x80001A2C] -> 0x0513
mem[X,0x80001A2E] -> 0x5545
[1680] [M]: 0x80001A2C (0x55450513) addi a0, a0, 0x554
x10 <- 0x55555554

mem[X,0x80001A30] -> 0x55B7
mem[X,0x80001A32] -> 0x5555
[1681] [M]: 0x80001A30 (0x555555B7) lui a1, 0x55555
x11 <- 0x55555000

mem[X,0x80001A34] -> 0x8593
mem[X,0x80001A36] -> 0x5555
[1682] [M]: 0x80001A34 (0x55558593) addi a1, a1, 0x555
x11 <- 0x55555555

mem[X,0x80001A38] -> 0x1633
mem[X,0x80001A3A] -> 0x02B5
[1683] [M]: 0x80001A38 (0x02B51633) mulh a2, a0, a1
x12 <- 0x1C71C71B

mem[X,0x80001A3C] -> 0xA823
mem[X,0x80001A3E] -> 0x42C0
[1684] [M]: 0x80001A3C (0x42C0A823) sw a2, 0x430(ra)
mem[0x800065C0] <- 0x1C71C71B

mem[X,0x80001A40] -> 0x5537
mem[X,0x80001A42] -> 0x5555
[1685] [M]: 0x80001A40 (0x55555537) lui a0, 0x55555
x10 <- 0x55555000

mem[X,0x80001A44] -> 0x0513
mem[X,0x80001A46] -> 0x5545
[1686] [M]: 0x80001A44 (0x55450513) addi a0, a0, 0x554
x10 <- 0x55555554

mem[X,0x80001A48] -> 0xB5B7
mem[X,0x80001A4A] -> 0xAAAA
[1687] [M]: 0x80001A48 (0xAAAAB5B7) lui a1, -0x55555
x11 <- 0xAAAAB000

mem[X,0x80001A4C] -> 0x8593
mem[X,0x80001A4E] -> 0xAAA5
[1688] [M]: 0x80001A4C (0xAAA58593) addi a1, a1, -0x556
x11 <- 0xAAAAAAAA

mem[X,0x80001A50] -> 0x1633
mem[X,0x80001A52] -> 0x02B5
[1689] [M]: 0x80001A50 (0x02B51633) mulh a2, a0, a1
x12 <- 0xE38E38E3

mem[X,0x80001A54] -> 0xAA23
mem[X,0x80001A56] -> 0x42C0
[1690] [M]: 0x80001A54 (0x42C0AA23) sw a2, 0x434(ra)
mem[0x800065C4] <- 0xE38E38E3

mem[X,0x80001A58] -> 0x5537
mem[X,0x80001A5A] -> 0x5555
[1691] [M]: 0x80001A58 (0x55555537) lui a0, 0x55555
x10 <- 0x55555000

mem[X,0x80001A5C] -> 0x0513
mem[X,0x80001A5E] -> 0x5545
[1692] [M]: 0x80001A5C (0x55450513) addi a0, a0, 0x554
x10 <- 0x55555554

mem[X,0x80001A60] -> 0x0593
mem[X,0x80001A62] -> 0x0050
[1693] [M]: 0x80001A60 (0x00500593) addi a1, zero, 0x5
x11 <- 0x00000005

mem[X,0x80001A64] -> 0x1633
mem[X,0x80001A66] -> 0x02B5
[1694] [M]: 0x80001A64 (0x02B51633) mulh a2, a0, a1
x12 <- 0x00000001

mem[X,0x80001A68] -> 0xAC23
mem[X,0x80001A6A] -> 0x42C0
[1695] [M]: 0x80001A68 (0x42C0AC23) sw a2, 0x438(ra)
mem[0x800065C8] <- 0x00000001

mem[X,0x80001A6C] -> 0x5537
mem[X,0x80001A6E] -> 0x5555
[1696] [M]: 0x80001A6C (0x55555537) lui a0, 0x55555
x10 <- 0x55555000

mem[X,0x80001A70] -> 0x0513
mem[X,0x80001A72] -> 0x5545
[1697] [M]: 0x80001A70 (0x55450513) addi a0, a0, 0x554
x10 <- 0x55555554

mem[X,0x80001A74] -> 0x35B7
mem[X,0x80001A76] -> 0x3333
[1698] [M]: 0x80001A74 (0x333335B7) lui a1, 0x33333
x11 <- 0x33333000

mem[X,0x80001A78] -> 0x8593
mem[X,0x80001A7A] -> 0x3335
[1699] [M]: 0x80001A78 (0x33358593) addi a1, a1, 0x333
x11 <- 0x33333333

clint::tick mtime <- 0x0000000000000011
 clint timer pending at mtime 0x0000000000000011
htif::tick 0x0000000000000000
mem[X,0x80001A7C] -> 0x1633
mem[X,0x80001A7E] -> 0x02B5
[1700] [M]: 0x80001A7C (0x02B51633) mulh a2, a0, a1
x12 <- 0x11111110

mem[X,0x80001A80] -> 0xAE23
mem[X,0x80001A82] -> 0x42C0
[1701] [M]: 0x80001A80 (0x42C0AE23) sw a2, 0x43c(ra)
mem[0x800065CC] <- 0x11111110

mem[X,0x80001A84] -> 0x5537
mem[X,0x80001A86] -> 0x5555
[1702] [M]: 0x80001A84 (0x55555537) lui a0, 0x55555
x10 <- 0x55555000

mem[X,0x80001A88] -> 0x0513
mem[X,0x80001A8A] -> 0x5545
[1703] [M]: 0x80001A88 (0x55450513) addi a0, a0, 0x554
x10 <- 0x55555554

mem[X,0x80001A8C] -> 0x65B7
mem[X,0x80001A8E] -> 0x6666
[1704] [M]: 0x80001A8C (0x666665B7) lui a1, 0x66666
x11 <- 0x66666000

mem[X,0x80001A90] -> 0x8593
mem[X,0x80001A92] -> 0x6665
[1705] [M]: 0x80001A90 (0x66658593) addi a1, a1, 0x666
x11 <- 0x66666666

mem[X,0x80001A94] -> 0x1633
mem[X,0x80001A96] -> 0x02B5
[1706] [M]: 0x80001A94 (0x02B51633) mulh a2, a0, a1
x12 <- 0x22222221

mem[X,0x80001A98] -> 0xA023
mem[X,0x80001A9A] -> 0x44C0
[1707] [M]: 0x80001A98 (0x44C0A023) sw a2, 0x440(ra)
mem[0x800065D0] <- 0x22222221

mem[X,0x80001A9C] -> 0x5537
mem[X,0x80001A9E] -> 0x5555
[1708] [M]: 0x80001A9C (0x55555537) lui a0, 0x55555
x10 <- 0x55555000

mem[X,0x80001AA0] -> 0x0513
mem[X,0x80001AA2] -> 0x5545
[1709] [M]: 0x80001AA0 (0x55450513) addi a0, a0, 0x554
x10 <- 0x55555554

mem[X,0x80001AA4] -> 0x55B7
mem[X,0x80001AA6] -> 0xFFFF
[1710] [M]: 0x80001AA4 (0xFFFF55B7) lui a1, -0xb
x11 <- 0xFFFF5000

mem[X,0x80001AA8] -> 0x8593
mem[X,0x80001AAA] -> 0xAFC5
[1711] [M]: 0x80001AA8 (0xAFC58593) addi a1, a1, -0x504
x11 <- 0xFFFF4AFC

mem[X,0x80001AAC] -> 0x1633
mem[X,0x80001AAE] -> 0x02B5
[1712] [M]: 0x80001AAC (0x02B51633) mulh a2, a0, a1
x12 <- 0xFFFFC3A9

mem[X,0x80001AB0] -> 0xA223
mem[X,0x80001AB2] -> 0x44C0
[1713] [M]: 0x80001AB0 (0x44C0A223) sw a2, 0x444(ra)
mem[0x800065D4] <- 0xFFFFC3A9

mem[X,0x80001AB4] -> 0x5537
mem[X,0x80001AB6] -> 0x5555
[1714] [M]: 0x80001AB4 (0x55555537) lui a0, 0x55555
x10 <- 0x55555000

mem[X,0x80001AB8] -> 0x0513
mem[X,0x80001ABA] -> 0x5545
[1715] [M]: 0x80001AB8 (0x55450513) addi a0, a0, 0x554
x10 <- 0x55555554

mem[X,0x80001ABC] -> 0xB5B7
mem[X,0x80001ABE] -> 0x0000
[1716] [M]: 0x80001ABC (0x0000B5B7) lui a1, 0xb
x11 <- 0x0000B000

mem[X,0x80001AC0] -> 0x8593
mem[X,0x80001AC2] -> 0x5045
[1717] [M]: 0x80001AC0 (0x50458593) addi a1, a1, 0x504
x11 <- 0x0000B504

mem[X,0x80001AC4] -> 0x1633
mem[X,0x80001AC6] -> 0x02B5
[1718] [M]: 0x80001AC4 (0x02B51633) mulh a2, a0, a1
x12 <- 0x00003C56

mem[X,0x80001AC8] -> 0xA423
mem[X,0x80001ACA] -> 0x44C0
[1719] [M]: 0x80001AC8 (0x44C0A423) sw a2, 0x448(ra)
mem[0x800065D8] <- 0x00003C56

mem[X,0x80001ACC] -> 0x5537
mem[X,0x80001ACE] -> 0x5555
[1720] [M]: 0x80001ACC (0x55555537) lui a0, 0x55555
x10 <- 0x55555000

mem[X,0x80001AD0] -> 0x0513
mem[X,0x80001AD2] -> 0x5545
[1721] [M]: 0x80001AD0 (0x55450513) addi a0, a0, 0x554
x10 <- 0x55555554

mem[X,0x80001AD4] -> 0x0593
mem[X,0x80001AD6] -> 0x0020
[1722] [M]: 0x80001AD4 (0x00200593) addi a1, zero, 0x2
x11 <- 0x00000002

mem[X,0x80001AD8] -> 0x1633
mem[X,0x80001ADA] -> 0x02B5
[1723] [M]: 0x80001AD8 (0x02B51633) mulh a2, a0, a1
x12 <- 0x00000000

mem[X,0x80001ADC] -> 0xA623
mem[X,0x80001ADE] -> 0x44C0
[1724] [M]: 0x80001ADC (0x44C0A623) sw a2, 0x44c(ra)
mem[0x800065DC] <- 0x00000000

mem[X,0x80001AE0] -> 0x5537
mem[X,0x80001AE2] -> 0x5555
[1725] [M]: 0x80001AE0 (0x55555537) lui a0, 0x55555
x10 <- 0x55555000

mem[X,0x80001AE4] -> 0x0513
mem[X,0x80001AE6] -> 0x5545
[1726] [M]: 0x80001AE4 (0x55450513) addi a0, a0, 0x554
x10 <- 0x55555554

mem[X,0x80001AE8] -> 0x55B7
mem[X,0x80001AEA] -> 0x5555
[1727] [M]: 0x80001AE8 (0x555555B7) lui a1, 0x55555
x11 <- 0x55555000

mem[X,0x80001AEC] -> 0x8593
mem[X,0x80001AEE] -> 0x5545
[1728] [M]: 0x80001AEC (0x55458593) addi a1, a1, 0x554
x11 <- 0x55555554

mem[X,0x80001AF0] -> 0x1633
mem[X,0x80001AF2] -> 0x02B5
[1729] [M]: 0x80001AF0 (0x02B51633) mulh a2, a0, a1
x12 <- 0x1C71C71B

mem[X,0x80001AF4] -> 0xA823
mem[X,0x80001AF6] -> 0x44C0
[1730] [M]: 0x80001AF4 (0x44C0A823) sw a2, 0x450(ra)
mem[0x800065E0] <- 0x1C71C71B

mem[X,0x80001AF8] -> 0x5537
mem[X,0x80001AFA] -> 0x5555
[1731] [M]: 0x80001AF8 (0x55555537) lui a0, 0x55555
x10 <- 0x55555000

mem[X,0x80001AFC] -> 0x0513
mem[X,0x80001AFE] -> 0x5545
[1732] [M]: 0x80001AFC (0x55450513) addi a0, a0, 0x554
x10 <- 0x55555554

mem[X,0x80001B00] -> 0x0593
mem[X,0x80001B02] -> 0x0000
[1733] [M]: 0x80001B00 (0x00000593) addi a1, zero, 0x0
x11 <- 0x00000000

mem[X,0x80001B04] -> 0x1633
mem[X,0x80001B06] -> 0x02B5
[1734] [M]: 0x80001B04 (0x02B51633) mulh a2, a0, a1
x12 <- 0x00000000

mem[X,0x80001B08] -> 0xAA23
mem[X,0x80001B0A] -> 0x44C0
[1735] [M]: 0x80001B08 (0x44C0AA23) sw a2, 0x454(ra)
mem[0x800065E4] <- 0x00000000

mem[X,0x80001B0C] -> 0x5537
mem[X,0x80001B0E] -> 0x5555
[1736] [M]: 0x80001B0C (0x55555537) lui a0, 0x55555
x10 <- 0x55555000

mem[X,0x80001B10] -> 0x0513
mem[X,0x80001B12] -> 0x5545
[1737] [M]: 0x80001B10 (0x55450513) addi a0, a0, 0x554
x10 <- 0x55555554

mem[X,0x80001B14] -> 0x0593
mem[X,0x80001B16] -> 0x0040
[1738] [M]: 0x80001B14 (0x00400593) addi a1, zero, 0x4
x11 <- 0x00000004

mem[X,0x80001B18] -> 0x1633
mem[X,0x80001B1A] -> 0x02B5
[1739] [M]: 0x80001B18 (0x02B51633) mulh a2, a0, a1
x12 <- 0x00000001

mem[X,0x80001B1C] -> 0xAC23
mem[X,0x80001B1E] -> 0x44C0
[1740] [M]: 0x80001B1C (0x44C0AC23) sw a2, 0x458(ra)
mem[0x800065E8] <- 0x00000001

mem[X,0x80001B20] -> 0x5537
mem[X,0x80001B22] -> 0x5555
[1741] [M]: 0x80001B20 (0x55555537) lui a0, 0x55555
x10 <- 0x55555000

mem[X,0x80001B24] -> 0x0513
mem[X,0x80001B26] -> 0x5545
[1742] [M]: 0x80001B24 (0x55450513) addi a0, a0, 0x554
x10 <- 0x55555554

mem[X,0x80001B28] -> 0x35B7
mem[X,0x80001B2A] -> 0x3333
[1743] [M]: 0x80001B28 (0x333335B7) lui a1, 0x33333
x11 <- 0x33333000

mem[X,0x80001B2C] -> 0x8593
mem[X,0x80001B2E] -> 0x3325
[1744] [M]: 0x80001B2C (0x33258593) addi a1, a1, 0x332
x11 <- 0x33333332

mem[X,0x80001B30] -> 0x1633
mem[X,0x80001B32] -> 0x02B5
[1745] [M]: 0x80001B30 (0x02B51633) mulh a2, a0, a1
x12 <- 0x11111110

mem[X,0x80001B34] -> 0xAE23
mem[X,0x80001B36] -> 0x44C0
[1746] [M]: 0x80001B34 (0x44C0AE23) sw a2, 0x45c(ra)
mem[0x800065EC] <- 0x11111110

mem[X,0x80001B38] -> 0x5537
mem[X,0x80001B3A] -> 0x5555
[1747] [M]: 0x80001B38 (0x55555537) lui a0, 0x55555
x10 <- 0x55555000

mem[X,0x80001B3C] -> 0x0513
mem[X,0x80001B3E] -> 0x5545
[1748] [M]: 0x80001B3C (0x55450513) addi a0, a0, 0x554
x10 <- 0x55555554

mem[X,0x80001B40] -> 0x65B7
mem[X,0x80001B42] -> 0x6666
[1749] [M]: 0x80001B40 (0x666665B7) lui a1, 0x66666
x11 <- 0x66666000

mem[X,0x80001B44] -> 0x8593
mem[X,0x80001B46] -> 0x6655
[1750] [M]: 0x80001B44 (0x66558593) addi a1, a1, 0x665
x11 <- 0x66666665

mem[X,0x80001B48] -> 0x1633
mem[X,0x80001B4A] -> 0x02B5
[1751] [M]: 0x80001B48 (0x02B51633) mulh a2, a0, a1
x12 <- 0x22222221

mem[X,0x80001B4C] -> 0xA023
mem[X,0x80001B4E] -> 0x46C0
[1752] [M]: 0x80001B4C (0x46C0A023) sw a2, 0x460(ra)
mem[0x800065F0] <- 0x22222221

mem[X,0x80001B50] -> 0x5537
mem[X,0x80001B52] -> 0x5555
[1753] [M]: 0x80001B50 (0x55555537) lui a0, 0x55555
x10 <- 0x55555000

mem[X,0x80001B54] -> 0x0513
mem[X,0x80001B56] -> 0x5545
[1754] [M]: 0x80001B54 (0x55450513) addi a0, a0, 0x554
x10 <- 0x55555554

mem[X,0x80001B58] -> 0xB5B7
mem[X,0x80001B5A] -> 0x0000
[1755] [M]: 0x80001B58 (0x0000B5B7) lui a1, 0xb
x11 <- 0x0000B000

mem[X,0x80001B5C] -> 0x8593
mem[X,0x80001B5E] -> 0x5035
[1756] [M]: 0x80001B5C (0x50358593) addi a1, a1, 0x503
x11 <- 0x0000B503

mem[X,0x80001B60] -> 0x1633
mem[X,0x80001B62] -> 0x02B5
[1757] [M]: 0x80001B60 (0x02B51633) mulh a2, a0, a1
x12 <- 0x00003C56

mem[X,0x80001B64] -> 0xA223
mem[X,0x80001B66] -> 0x46C0
[1758] [M]: 0x80001B64 (0x46C0A223) sw a2, 0x464(ra)
mem[0x800065F4] <- 0x00003C56

mem[X,0x80001B68] -> 0x5537
mem[X,0x80001B6A] -> 0x5555
[1759] [M]: 0x80001B68 (0x55555537) lui a0, 0x55555
x10 <- 0x55555000

mem[X,0x80001B6C] -> 0x0513
mem[X,0x80001B6E] -> 0x5545
[1760] [M]: 0x80001B6C (0x55450513) addi a0, a0, 0x554
x10 <- 0x55555554

mem[X,0x80001B70] -> 0x55B7
mem[X,0x80001B72] -> 0x5555
[1761] [M]: 0x80001B70 (0x555555B7) lui a1, 0x55555
x11 <- 0x55555000

mem[X,0x80001B74] -> 0x8593
mem[X,0x80001B76] -> 0x5565
[1762] [M]: 0x80001B74 (0x55658593) addi a1, a1, 0x556
x11 <- 0x55555556

mem[X,0x80001B78] -> 0x1633
mem[X,0x80001B7A] -> 0x02B5
[1763] [M]: 0x80001B78 (0x02B51633) mulh a2, a0, a1
x12 <- 0x1C71C71C

mem[X,0x80001B7C] -> 0xA423
mem[X,0x80001B7E] -> 0x46C0
[1764] [M]: 0x80001B7C (0x46C0A423) sw a2, 0x468(ra)
mem[0x800065F8] <- 0x1C71C71C

mem[X,0x80001B80] -> 0x5537
mem[X,0x80001B82] -> 0x5555
[1765] [M]: 0x80001B80 (0x55555537) lui a0, 0x55555
x10 <- 0x55555000

mem[X,0x80001B84] -> 0x0513
mem[X,0x80001B86] -> 0x5545
[1766] [M]: 0x80001B84 (0x55450513) addi a0, a0, 0x554
x10 <- 0x55555554

mem[X,0x80001B88] -> 0xB5B7
mem[X,0x80001B8A] -> 0xAAAA
[1767] [M]: 0x80001B88 (0xAAAAB5B7) lui a1, -0x55555
x11 <- 0xAAAAB000

mem[X,0x80001B8C] -> 0x8593
mem[X,0x80001B8E] -> 0xAAB5
[1768] [M]: 0x80001B8C (0xAAB58593) addi a1, a1, -0x555
x11 <- 0xAAAAAAAB

mem[X,0x80001B90] -> 0x1633
mem[X,0x80001B92] -> 0x02B5
[1769] [M]: 0x80001B90 (0x02B51633) mulh a2, a0, a1
x12 <- 0xE38E38E4

mem[X,0x80001B94] -> 0xA623
mem[X,0x80001B96] -> 0x46C0
[1770] [M]: 0x80001B94 (0x46C0A623) sw a2, 0x46c(ra)
mem[0x800065FC] <- 0xE38E38E4

mem[X,0x80001B98] -> 0x5537
mem[X,0x80001B9A] -> 0x5555
[1771] [M]: 0x80001B98 (0x55555537) lui a0, 0x55555
x10 <- 0x55555000

mem[X,0x80001B9C] -> 0x0513
mem[X,0x80001B9E] -> 0x5545
[1772] [M]: 0x80001B9C (0x55450513) addi a0, a0, 0x554
x10 <- 0x55555554

mem[X,0x80001BA0] -> 0x0593
mem[X,0x80001BA2] -> 0x0060
[1773] [M]: 0x80001BA0 (0x00600593) addi a1, zero, 0x6
x11 <- 0x00000006

mem[X,0x80001BA4] -> 0x1633
mem[X,0x80001BA6] -> 0x02B5
[1774] [M]: 0x80001BA4 (0x02B51633) mulh a2, a0, a1
x12 <- 0x00000001

mem[X,0x80001BA8] -> 0xA823
mem[X,0x80001BAA] -> 0x46C0
[1775] [M]: 0x80001BA8 (0x46C0A823) sw a2, 0x470(ra)
mem[0x80006600] <- 0x00000001

mem[X,0x80001BAC] -> 0x5537
mem[X,0x80001BAE] -> 0x5555
[1776] [M]: 0x80001BAC (0x55555537) lui a0, 0x55555
x10 <- 0x55555000

mem[X,0x80001BB0] -> 0x0513
mem[X,0x80001BB2] -> 0x5545
[1777] [M]: 0x80001BB0 (0x55450513) addi a0, a0, 0x554
x10 <- 0x55555554

mem[X,0x80001BB4] -> 0x35B7
mem[X,0x80001BB6] -> 0x3333
[1778] [M]: 0x80001BB4 (0x333335B7) lui a1, 0x33333
x11 <- 0x33333000

mem[X,0x80001BB8] -> 0x8593
mem[X,0x80001BBA] -> 0x3345
[1779] [M]: 0x80001BB8 (0x33458593) addi a1, a1, 0x334
x11 <- 0x33333334

mem[X,0x80001BBC] -> 0x1633
mem[X,0x80001BBE] -> 0x02B5
[1780] [M]: 0x80001BBC (0x02B51633) mulh a2, a0, a1
x12 <- 0x11111111

mem[X,0x80001BC0] -> 0xAA23
mem[X,0x80001BC2] -> 0x46C0
[1781] [M]: 0x80001BC0 (0x46C0AA23) sw a2, 0x474(ra)
mem[0x80006604] <- 0x11111111

mem[X,0x80001BC4] -> 0x5537
mem[X,0x80001BC6] -> 0x5555
[1782] [M]: 0x80001BC4 (0x55555537) lui a0, 0x55555
x10 <- 0x55555000

mem[X,0x80001BC8] -> 0x0513
mem[X,0x80001BCA] -> 0x5545
[1783] [M]: 0x80001BC8 (0x55450513) addi a0, a0, 0x554
x10 <- 0x55555554

mem[X,0x80001BCC] -> 0x65B7
mem[X,0x80001BCE] -> 0x6666
[1784] [M]: 0x80001BCC (0x666665B7) lui a1, 0x66666
x11 <- 0x66666000

mem[X,0x80001BD0] -> 0x8593
mem[X,0x80001BD2] -> 0x6675
[1785] [M]: 0x80001BD0 (0x66758593) addi a1, a1, 0x667
x11 <- 0x66666667

mem[X,0x80001BD4] -> 0x1633
mem[X,0x80001BD6] -> 0x02B5
[1786] [M]: 0x80001BD4 (0x02B51633) mulh a2, a0, a1
x12 <- 0x22222221

mem[X,0x80001BD8] -> 0xAC23
mem[X,0x80001BDA] -> 0x46C0
[1787] [M]: 0x80001BD8 (0x46C0AC23) sw a2, 0x478(ra)
mem[0x80006608] <- 0x22222221

mem[X,0x80001BDC] -> 0x5537
mem[X,0x80001BDE] -> 0x5555
[1788] [M]: 0x80001BDC (0x55555537) lui a0, 0x55555
x10 <- 0x55555000

mem[X,0x80001BE0] -> 0x0513
mem[X,0x80001BE2] -> 0x5545
[1789] [M]: 0x80001BE0 (0x55450513) addi a0, a0, 0x554
x10 <- 0x55555554

mem[X,0x80001BE4] -> 0x55B7
mem[X,0x80001BE6] -> 0xFFFF
[1790] [M]: 0x80001BE4 (0xFFFF55B7) lui a1, -0xb
x11 <- 0xFFFF5000

mem[X,0x80001BE8] -> 0x8593
mem[X,0x80001BEA] -> 0xAFD5
[1791] [M]: 0x80001BE8 (0xAFD58593) addi a1, a1, -0x503
x11 <- 0xFFFF4AFD

mem[X,0x80001BEC] -> 0x1633
mem[X,0x80001BEE] -> 0x02B5
[1792] [M]: 0x80001BEC (0x02B51633) mulh a2, a0, a1
x12 <- 0xFFFFC3A9

mem[X,0x80001BF0] -> 0xAE23
mem[X,0x80001BF2] -> 0x46C0
[1793] [M]: 0x80001BF0 (0x46C0AE23) sw a2, 0x47c(ra)
mem[0x8000660C] <- 0xFFFFC3A9

mem[X,0x80001BF4] -> 0x5537
mem[X,0x80001BF6] -> 0x5555
[1794] [M]: 0x80001BF4 (0x55555537) lui a0, 0x55555
x10 <- 0x55555000

mem[X,0x80001BF8] -> 0x0513
mem[X,0x80001BFA] -> 0x5545
[1795] [M]: 0x80001BF8 (0x55450513) addi a0, a0, 0x554
x10 <- 0x55555554

mem[X,0x80001BFC] -> 0xB5B7
mem[X,0x80001BFE] -> 0x0000
[1796] [M]: 0x80001BFC (0x0000B5B7) lui a1, 0xb
x11 <- 0x0000B000

mem[X,0x80001C00] -> 0x8593
mem[X,0x80001C02] -> 0x5055
[1797] [M]: 0x80001C00 (0x50558593) addi a1, a1, 0x505
x11 <- 0x0000B505

mem[X,0x80001C04] -> 0x1633
mem[X,0x80001C06] -> 0x02B5
[1798] [M]: 0x80001C04 (0x02B51633) mulh a2, a0, a1
x12 <- 0x00003C56

mem[X,0x80001C08] -> 0xA023
mem[X,0x80001C0A] -> 0x48C0
[1799] [M]: 0x80001C08 (0x48C0A023) sw a2, 0x480(ra)
mem[0x80006610] <- 0x00003C56

clint::tick mtime <- 0x0000000000000012
 clint timer pending at mtime 0x0000000000000012
htif::tick 0x0000000000000000
mem[X,0x80001C0C] -> 0x0513
mem[X,0x80001C0E] -> 0x0000
[1800] [M]: 0x80001C0C (0x00000513) addi a0, zero, 0x0
x10 <- 0x00000000

mem[X,0x80001C10] -> 0x0593
mem[X,0x80001C12] -> 0x0030
[1801] [M]: 0x80001C10 (0x00300593) addi a1, zero, 0x3
x11 <- 0x00000003

mem[X,0x80001C14] -> 0x1633
mem[X,0x80001C16] -> 0x02B5
[1802] [M]: 0x80001C14 (0x02B51633) mulh a2, a0, a1
x12 <- 0x00000000

mem[X,0x80001C18] -> 0xA223
mem[X,0x80001C1A] -> 0x48C0
[1803] [M]: 0x80001C18 (0x48C0A223) sw a2, 0x484(ra)
mem[0x80006614] <- 0x00000000

mem[X,0x80001C1C] -> 0x0513
mem[X,0x80001C1E] -> 0x0000
[1804] [M]: 0x80001C1C (0x00000513) addi a0, zero, 0x0
x10 <- 0x00000000

mem[X,0x80001C20] -> 0x55B7
mem[X,0x80001C22] -> 0x5555
[1805] [M]: 0x80001C20 (0x555555B7) lui a1, 0x55555
x11 <- 0x55555000

mem[X,0x80001C24] -> 0x8593
mem[X,0x80001C26] -> 0x5555
[1806] [M]: 0x80001C24 (0x55558593) addi a1, a1, 0x555
x11 <- 0x55555555

mem[X,0x80001C28] -> 0x1633
mem[X,0x80001C2A] -> 0x02B5
[1807] [M]: 0x80001C28 (0x02B51633) mulh a2, a0, a1
x12 <- 0x00000000

mem[X,0x80001C2C] -> 0xA423
mem[X,0x80001C2E] -> 0x48C0
[1808] [M]: 0x80001C2C (0x48C0A423) sw a2, 0x488(ra)
mem[0x80006618] <- 0x00000000

mem[X,0x80001C30] -> 0x0513
mem[X,0x80001C32] -> 0x0000
[1809] [M]: 0x80001C30 (0x00000513) addi a0, zero, 0x0
x10 <- 0x00000000

mem[X,0x80001C34] -> 0xB5B7
mem[X,0x80001C36] -> 0xAAAA
[1810] [M]: 0x80001C34 (0xAAAAB5B7) lui a1, -0x55555
x11 <- 0xAAAAB000

mem[X,0x80001C38] -> 0x8593
mem[X,0x80001C3A] -> 0xAAA5
[1811] [M]: 0x80001C38 (0xAAA58593) addi a1, a1, -0x556
x11 <- 0xAAAAAAAA

mem[X,0x80001C3C] -> 0x1633
mem[X,0x80001C3E] -> 0x02B5
[1812] [M]: 0x80001C3C (0x02B51633) mulh a2, a0, a1
x12 <- 0x00000000

mem[X,0x80001C40] -> 0xA623
mem[X,0x80001C42] -> 0x48C0
[1813] [M]: 0x80001C40 (0x48C0A623) sw a2, 0x48c(ra)
mem[0x8000661C] <- 0x00000000

mem[X,0x80001C44] -> 0x0513
mem[X,0x80001C46] -> 0x0000
[1814] [M]: 0x80001C44 (0x00000513) addi a0, zero, 0x0
x10 <- 0x00000000

mem[X,0x80001C48] -> 0x0593
mem[X,0x80001C4A] -> 0x0050
[1815] [M]: 0x80001C48 (0x00500593) addi a1, zero, 0x5
x11 <- 0x00000005

mem[X,0x80001C4C] -> 0x1633
mem[X,0x80001C4E] -> 0x02B5
[1816] [M]: 0x80001C4C (0x02B51633) mulh a2, a0, a1
x12 <- 0x00000000

mem[X,0x80001C50] -> 0xA823
mem[X,0x80001C52] -> 0x48C0
[1817] [M]: 0x80001C50 (0x48C0A823) sw a2, 0x490(ra)
mem[0x80006620] <- 0x00000000

mem[X,0x80001C54] -> 0x0513
mem[X,0x80001C56] -> 0x0000
[1818] [M]: 0x80001C54 (0x00000513) addi a0, zero, 0x0
x10 <- 0x00000000

mem[X,0x80001C58] -> 0x35B7
mem[X,0x80001C5A] -> 0x3333
[1819] [M]: 0x80001C58 (0x333335B7) lui a1, 0x33333
x11 <- 0x33333000

mem[X,0x80001C5C] -> 0x8593
mem[X,0x80001C5E] -> 0x3335
[1820] [M]: 0x80001C5C (0x33358593) addi a1, a1, 0x333
x11 <- 0x33333333

mem[X,0x80001C60] -> 0x1633
mem[X,0x80001C62] -> 0x02B5
[1821] [M]: 0x80001C60 (0x02B51633) mulh a2, a0, a1
x12 <- 0x00000000

mem[X,0x80001C64] -> 0xAA23
mem[X,0x80001C66] -> 0x48C0
[1822] [M]: 0x80001C64 (0x48C0AA23) sw a2, 0x494(ra)
mem[0x80006624] <- 0x00000000

mem[X,0x80001C68] -> 0x0513
mem[X,0x80001C6A] -> 0x0000
[1823] [M]: 0x80001C68 (0x00000513) addi a0, zero, 0x0
x10 <- 0x00000000

mem[X,0x80001C6C] -> 0x65B7
mem[X,0x80001C6E] -> 0x6666
[1824] [M]: 0x80001C6C (0x666665B7) lui a1, 0x66666
x11 <- 0x66666000

mem[X,0x80001C70] -> 0x8593
mem[X,0x80001C72] -> 0x6665
[1825] [M]: 0x80001C70 (0x66658593) addi a1, a1, 0x666
x11 <- 0x66666666

mem[X,0x80001C74] -> 0x1633
mem[X,0x80001C76] -> 0x02B5
[1826] [M]: 0x80001C74 (0x02B51633) mulh a2, a0, a1
x12 <- 0x00000000

mem[X,0x80001C78] -> 0xAC23
mem[X,0x80001C7A] -> 0x48C0
[1827] [M]: 0x80001C78 (0x48C0AC23) sw a2, 0x498(ra)
mem[0x80006628] <- 0x00000000

mem[X,0x80001C7C] -> 0xB537
mem[X,0x80001C7E] -> 0xAAAA
[1828] [M]: 0x80001C7C (0xAAAAB537) lui a0, -0x55555
x10 <- 0xAAAAB000

mem[X,0x80001C80] -> 0x0513
mem[X,0x80001C82] -> 0xAAB5
[1829] [M]: 0x80001C80 (0xAAB50513) addi a0, a0, -0x555
x10 <- 0xAAAAAAAB

mem[X,0x80001C84] -> 0xB5B7
mem[X,0x80001C86] -> 0xAAAA
[1830] [M]: 0x80001C84 (0xAAAAB5B7) lui a1, -0x55555
x11 <- 0xAAAAB000

mem[X,0x80001C88] -> 0x8593
mem[X,0x80001C8A] -> 0xAAB5
[1831] [M]: 0x80001C88 (0xAAB58593) addi a1, a1, -0x555
x11 <- 0xAAAAAAAB

mem[X,0x80001C8C] -> 0x1633
mem[X,0x80001C8E] -> 0x02B5
[1832] [M]: 0x80001C8C (0x02B51633) mulh a2, a0, a1
x12 <- 0x1C71C71C

mem[X,0x80001C90] -> 0xAE23
mem[X,0x80001C92] -> 0x48C0
[1833] [M]: 0x80001C90 (0x48C0AE23) sw a2, 0x49c(ra)
mem[0x8000662C] <- 0x1C71C71C

mem[X,0x80001C94] -> 0xB537
mem[X,0x80001C96] -> 0xAAAA
[1834] [M]: 0x80001C94 (0xAAAAB537) lui a0, -0x55555
x10 <- 0xAAAAB000

mem[X,0x80001C98] -> 0x0513
mem[X,0x80001C9A] -> 0xAAB5
[1835] [M]: 0x80001C98 (0xAAB50513) addi a0, a0, -0x555
x10 <- 0xAAAAAAAB

mem[X,0x80001C9C] -> 0x0593
mem[X,0x80001C9E] -> 0x0060
[1836] [M]: 0x80001C9C (0x00600593) addi a1, zero, 0x6
x11 <- 0x00000006

mem[X,0x80001CA0] -> 0x1633
mem[X,0x80001CA2] -> 0x02B5
[1837] [M]: 0x80001CA0 (0x02B51633) mulh a2, a0, a1
x12 <- 0xFFFFFFFE

mem[X,0x80001CA4] -> 0xA023
mem[X,0x80001CA6] -> 0x4AC0
[1838] [M]: 0x80001CA4 (0x4AC0A023) sw a2, 0x4a0(ra)
mem[0x80006630] <- 0xFFFFFFFE

mem[X,0x80001CA8] -> 0xB537
mem[X,0x80001CAA] -> 0xAAAA
[1839] [M]: 0x80001CA8 (0xAAAAB537) lui a0, -0x55555
x10 <- 0xAAAAB000

mem[X,0x80001CAC] -> 0x0513
mem[X,0x80001CAE] -> 0xAAB5
[1840] [M]: 0x80001CAC (0xAAB50513) addi a0, a0, -0x555
x10 <- 0xAAAAAAAB

mem[X,0x80001CB0] -> 0x35B7
mem[X,0x80001CB2] -> 0x3333
[1841] [M]: 0x80001CB0 (0x333335B7) lui a1, 0x33333
x11 <- 0x33333000

mem[X,0x80001CB4] -> 0x8593
mem[X,0x80001CB6] -> 0x3345
[1842] [M]: 0x80001CB4 (0x33458593) addi a1, a1, 0x334
x11 <- 0x33333334

mem[X,0x80001CB8] -> 0x1633
mem[X,0x80001CBA] -> 0x02B5
[1843] [M]: 0x80001CB8 (0x02B51633) mulh a2, a0, a1
x12 <- 0xEEEEEEEE

mem[X,0x80001CBC] -> 0xA223
mem[X,0x80001CBE] -> 0x4AC0
[1844] [M]: 0x80001CBC (0x4AC0A223) sw a2, 0x4a4(ra)
mem[0x80006634] <- 0xEEEEEEEE

mem[X,0x80001CC0] -> 0xB537
mem[X,0x80001CC2] -> 0xAAAA
[1845] [M]: 0x80001CC0 (0xAAAAB537) lui a0, -0x55555
x10 <- 0xAAAAB000

mem[X,0x80001CC4] -> 0x0513
mem[X,0x80001CC6] -> 0xAAB5
[1846] [M]: 0x80001CC4 (0xAAB50513) addi a0, a0, -0x555
x10 <- 0xAAAAAAAB

mem[X,0x80001CC8] -> 0x65B7
mem[X,0x80001CCA] -> 0x6666
[1847] [M]: 0x80001CC8 (0x666665B7) lui a1, 0x66666
x11 <- 0x66666000

mem[X,0x80001CCC] -> 0x8593
mem[X,0x80001CCE] -> 0x6675
[1848] [M]: 0x80001CCC (0x66758593) addi a1, a1, 0x667
x11 <- 0x66666667

mem[X,0x80001CD0] -> 0x1633
mem[X,0x80001CD2] -> 0x02B5
[1849] [M]: 0x80001CD0 (0x02B51633) mulh a2, a0, a1
x12 <- 0xDDDDDDDD

mem[X,0x80001CD4] -> 0xA423
mem[X,0x80001CD6] -> 0x4AC0
[1850] [M]: 0x80001CD4 (0x4AC0A423) sw a2, 0x4a8(ra)
mem[0x80006638] <- 0xDDDDDDDD

mem[X,0x80001CD8] -> 0xB537
mem[X,0x80001CDA] -> 0xAAAA
[1851] [M]: 0x80001CD8 (0xAAAAB537) lui a0, -0x55555
x10 <- 0xAAAAB000

mem[X,0x80001CDC] -> 0x0513
mem[X,0x80001CDE] -> 0xAAB5
[1852] [M]: 0x80001CDC (0xAAB50513) addi a0, a0, -0x555
x10 <- 0xAAAAAAAB

mem[X,0x80001CE0] -> 0x55B7
mem[X,0x80001CE2] -> 0xFFFF
[1853] [M]: 0x80001CE0 (0xFFFF55B7) lui a1, -0xb
x11 <- 0xFFFF5000

mem[X,0x80001CE4] -> 0x8593
mem[X,0x80001CE6] -> 0xAFD5
[1854] [M]: 0x80001CE4 (0xAFD58593) addi a1, a1, -0x503
x11 <- 0xFFFF4AFD

mem[X,0x80001CE8] -> 0x1633
mem[X,0x80001CEA] -> 0x02B5
[1855] [M]: 0x80001CE8 (0x02B51633) mulh a2, a0, a1
x12 <- 0x00003C56

mem[X,0x80001CEC] -> 0xA623
mem[X,0x80001CEE] -> 0x4AC0
[1856] [M]: 0x80001CEC (0x4AC0A623) sw a2, 0x4ac(ra)
mem[0x8000663C] <- 0x00003C56

mem[X,0x80001CF0] -> 0xB537
mem[X,0x80001CF2] -> 0xAAAA
[1857] [M]: 0x80001CF0 (0xAAAAB537) lui a0, -0x55555
x10 <- 0xAAAAB000

mem[X,0x80001CF4] -> 0x0513
mem[X,0x80001CF6] -> 0xAAB5
[1858] [M]: 0x80001CF4 (0xAAB50513) addi a0, a0, -0x555
x10 <- 0xAAAAAAAB

mem[X,0x80001CF8] -> 0xB5B7
mem[X,0x80001CFA] -> 0x0000
[1859] [M]: 0x80001CF8 (0x0000B5B7) lui a1, 0xb
x11 <- 0x0000B000

mem[X,0x80001CFC] -> 0x8593
mem[X,0x80001CFE] -> 0x5055
[1860] [M]: 0x80001CFC (0x50558593) addi a1, a1, 0x505
x11 <- 0x0000B505

mem[X,0x80001D00] -> 0x1633
mem[X,0x80001D02] -> 0x02B5
[1861] [M]: 0x80001D00 (0x02B51633) mulh a2, a0, a1
x12 <- 0xFFFFC3A9

mem[X,0x80001D04] -> 0xA823
mem[X,0x80001D06] -> 0x4AC0
[1862] [M]: 0x80001D04 (0x4AC0A823) sw a2, 0x4b0(ra)
mem[0x80006640] <- 0xFFFFC3A9

mem[X,0x80001D08] -> 0x0513
mem[X,0x80001D0A] -> 0x0060
[1863] [M]: 0x80001D08 (0x00600513) addi a0, zero, 0x6
x10 <- 0x00000006

mem[X,0x80001D0C] -> 0x0593
mem[X,0x80001D0E] -> 0x0030
[1864] [M]: 0x80001D0C (0x00300593) addi a1, zero, 0x3
x11 <- 0x00000003

mem[X,0x80001D10] -> 0x1633
mem[X,0x80001D12] -> 0x02B5
[1865] [M]: 0x80001D10 (0x02B51633) mulh a2, a0, a1
x12 <- 0x00000000

mem[X,0x80001D14] -> 0xAA23
mem[X,0x80001D16] -> 0x4AC0
[1866] [M]: 0x80001D14 (0x4AC0AA23) sw a2, 0x4b4(ra)
mem[0x80006644] <- 0x00000000

mem[X,0x80001D18] -> 0x0513
mem[X,0x80001D1A] -> 0x0060
[1867] [M]: 0x80001D18 (0x00600513) addi a0, zero, 0x6
x10 <- 0x00000006

mem[X,0x80001D1C] -> 0x55B7
mem[X,0x80001D1E] -> 0x5555
[1868] [M]: 0x80001D1C (0x555555B7) lui a1, 0x55555
x11 <- 0x55555000

mem[X,0x80001D20] -> 0x8593
mem[X,0x80001D22] -> 0x5555
[1869] [M]: 0x80001D20 (0x55558593) addi a1, a1, 0x555
x11 <- 0x55555555

mem[X,0x80001D24] -> 0x1633
mem[X,0x80001D26] -> 0x02B5
[1870] [M]: 0x80001D24 (0x02B51633) mulh a2, a0, a1
x12 <- 0x00000001

mem[X,0x80001D28] -> 0xAC23
mem[X,0x80001D2A] -> 0x4AC0
[1871] [M]: 0x80001D28 (0x4AC0AC23) sw a2, 0x4b8(ra)
mem[0x80006648] <- 0x00000001

mem[X,0x80001D2C] -> 0x0513
mem[X,0x80001D2E] -> 0x0060
[1872] [M]: 0x80001D2C (0x00600513) addi a0, zero, 0x6
x10 <- 0x00000006

mem[X,0x80001D30] -> 0x0593
mem[X,0x80001D32] -> 0x0050
[1873] [M]: 0x80001D30 (0x00500593) addi a1, zero, 0x5
x11 <- 0x00000005

mem[X,0x80001D34] -> 0x1633
mem[X,0x80001D36] -> 0x02B5
[1874] [M]: 0x80001D34 (0x02B51633) mulh a2, a0, a1
x12 <- 0x00000000

mem[X,0x80001D38] -> 0xAE23
mem[X,0x80001D3A] -> 0x4AC0
[1875] [M]: 0x80001D38 (0x4AC0AE23) sw a2, 0x4bc(ra)
mem[0x8000664C] <- 0x00000000

mem[X,0x80001D3C] -> 0x0513
mem[X,0x80001D3E] -> 0x0060
[1876] [M]: 0x80001D3C (0x00600513) addi a0, zero, 0x6
x10 <- 0x00000006

mem[X,0x80001D40] -> 0x35B7
mem[X,0x80001D42] -> 0x3333
[1877] [M]: 0x80001D40 (0x333335B7) lui a1, 0x33333
x11 <- 0x33333000

mem[X,0x80001D44] -> 0x8593
mem[X,0x80001D46] -> 0x3335
[1878] [M]: 0x80001D44 (0x33358593) addi a1, a1, 0x333
x11 <- 0x33333333

mem[X,0x80001D48] -> 0x1633
mem[X,0x80001D4A] -> 0x02B5
[1879] [M]: 0x80001D48 (0x02B51633) mulh a2, a0, a1
x12 <- 0x00000001

mem[X,0x80001D4C] -> 0xA023
mem[X,0x80001D4E] -> 0x4CC0
[1880] [M]: 0x80001D4C (0x4CC0A023) sw a2, 0x4c0(ra)
mem[0x80006650] <- 0x00000001

mem[X,0x80001D50] -> 0x0513
mem[X,0x80001D52] -> 0x0060
[1881] [M]: 0x80001D50 (0x00600513) addi a0, zero, 0x6
x10 <- 0x00000006

mem[X,0x80001D54] -> 0x65B7
mem[X,0x80001D56] -> 0x6666
[1882] [M]: 0x80001D54 (0x666665B7) lui a1, 0x66666
x11 <- 0x66666000

mem[X,0x80001D58] -> 0x8593
mem[X,0x80001D5A] -> 0x6665
[1883] [M]: 0x80001D58 (0x66658593) addi a1, a1, 0x666
x11 <- 0x66666666

mem[X,0x80001D5C] -> 0x1633
mem[X,0x80001D5E] -> 0x02B5
[1884] [M]: 0x80001D5C (0x02B51633) mulh a2, a0, a1
x12 <- 0x00000002

mem[X,0x80001D60] -> 0xA223
mem[X,0x80001D62] -> 0x4CC0
[1885] [M]: 0x80001D60 (0x4CC0A223) sw a2, 0x4c4(ra)
mem[0x80006654] <- 0x00000002

mem[X,0x80001D64] -> 0x0513
mem[X,0x80001D66] -> 0x0060
[1886] [M]: 0x80001D64 (0x00600513) addi a0, zero, 0x6
x10 <- 0x00000006

mem[X,0x80001D68] -> 0x55B7
mem[X,0x80001D6A] -> 0xFFFF
[1887] [M]: 0x80001D68 (0xFFFF55B7) lui a1, -0xb
x11 <- 0xFFFF5000

mem[X,0x80001D6C] -> 0x8593
mem[X,0x80001D6E] -> 0xAFC5
[1888] [M]: 0x80001D6C (0xAFC58593) addi a1, a1, -0x504
x11 <- 0xFFFF4AFC

mem[X,0x80001D70] -> 0x1633
mem[X,0x80001D72] -> 0x02B5
[1889] [M]: 0x80001D70 (0x02B51633) mulh a2, a0, a1
x12 <- 0xFFFFFFFF

mem[X,0x80001D74] -> 0xA423
mem[X,0x80001D76] -> 0x4CC0
[1890] [M]: 0x80001D74 (0x4CC0A423) sw a2, 0x4c8(ra)
mem[0x80006658] <- 0xFFFFFFFF

mem[X,0x80001D78] -> 0x0513
mem[X,0x80001D7A] -> 0x0060
[1891] [M]: 0x80001D78 (0x00600513) addi a0, zero, 0x6
x10 <- 0x00000006

mem[X,0x80001D7C] -> 0xB5B7
mem[X,0x80001D7E] -> 0x0000
[1892] [M]: 0x80001D7C (0x0000B5B7) lui a1, 0xb
x11 <- 0x0000B000

mem[X,0x80001D80] -> 0x8593
mem[X,0x80001D82] -> 0x5045
[1893] [M]: 0x80001D80 (0x50458593) addi a1, a1, 0x504
x11 <- 0x0000B504

mem[X,0x80001D84] -> 0x1633
mem[X,0x80001D86] -> 0x02B5
[1894] [M]: 0x80001D84 (0x02B51633) mulh a2, a0, a1
x12 <- 0x00000000

mem[X,0x80001D88] -> 0xA623
mem[X,0x80001D8A] -> 0x4CC0
[1895] [M]: 0x80001D88 (0x4CC0A623) sw a2, 0x4cc(ra)
mem[0x8000665C] <- 0x00000000

mem[X,0x80001D8C] -> 0x0513
mem[X,0x80001D8E] -> 0x0060
[1896] [M]: 0x80001D8C (0x00600513) addi a0, zero, 0x6
x10 <- 0x00000006

mem[X,0x80001D90] -> 0x0593
mem[X,0x80001D92] -> 0x0020
[1897] [M]: 0x80001D90 (0x00200593) addi a1, zero, 0x2
x11 <- 0x00000002

mem[X,0x80001D94] -> 0x1633
mem[X,0x80001D96] -> 0x02B5
[1898] [M]: 0x80001D94 (0x02B51633) mulh a2, a0, a1
x12 <- 0x00000000

mem[X,0x80001D98] -> 0xA823
mem[X,0x80001D9A] -> 0x4CC0
[1899] [M]: 0x80001D98 (0x4CC0A823) sw a2, 0x4d0(ra)
mem[0x80006660] <- 0x00000000

clint::tick mtime <- 0x0000000000000013
 clint timer pending at mtime 0x0000000000000013
htif::tick 0x0000000000000000
mem[X,0x80001D9C] -> 0x0513
mem[X,0x80001D9E] -> 0x0060
[1900] [M]: 0x80001D9C (0x00600513) addi a0, zero, 0x6
x10 <- 0x00000006

mem[X,0x80001DA0] -> 0x55B7
mem[X,0x80001DA2] -> 0x5555
[1901] [M]: 0x80001DA0 (0x555555B7) lui a1, 0x55555
x11 <- 0x55555000

mem[X,0x80001DA4] -> 0x8593
mem[X,0x80001DA6] -> 0x5545
[1902] [M]: 0x80001DA4 (0x55458593) addi a1, a1, 0x554
x11 <- 0x55555554

mem[X,0x80001DA8] -> 0x1633
mem[X,0x80001DAA] -> 0x02B5
[1903] [M]: 0x80001DA8 (0x02B51633) mulh a2, a0, a1
x12 <- 0x00000001

mem[X,0x80001DAC] -> 0xAA23
mem[X,0x80001DAE] -> 0x4CC0
[1904] [M]: 0x80001DAC (0x4CC0AA23) sw a2, 0x4d4(ra)
mem[0x80006664] <- 0x00000001

mem[X,0x80001DB0] -> 0x0513
mem[X,0x80001DB2] -> 0x0060
[1905] [M]: 0x80001DB0 (0x00600513) addi a0, zero, 0x6
x10 <- 0x00000006

mem[X,0x80001DB4] -> 0x0593
mem[X,0x80001DB6] -> 0x0000
[1906] [M]: 0x80001DB4 (0x00000593) addi a1, zero, 0x0
x11 <- 0x00000000

mem[X,0x80001DB8] -> 0x1633
mem[X,0x80001DBA] -> 0x02B5
[1907] [M]: 0x80001DB8 (0x02B51633) mulh a2, a0, a1
x12 <- 0x00000000

mem[X,0x80001DBC] -> 0xAC23
mem[X,0x80001DBE] -> 0x4CC0
[1908] [M]: 0x80001DBC (0x4CC0AC23) sw a2, 0x4d8(ra)
mem[0x80006668] <- 0x00000000

mem[X,0x80001DC0] -> 0x0513
mem[X,0x80001DC2] -> 0x0060
[1909] [M]: 0x80001DC0 (0x00600513) addi a0, zero, 0x6
x10 <- 0x00000006

mem[X,0x80001DC4] -> 0x0593
mem[X,0x80001DC6] -> 0x0040
[1910] [M]: 0x80001DC4 (0x00400593) addi a1, zero, 0x4
x11 <- 0x00000004

mem[X,0x80001DC8] -> 0x1633
mem[X,0x80001DCA] -> 0x02B5
[1911] [M]: 0x80001DC8 (0x02B51633) mulh a2, a0, a1
x12 <- 0x00000000

mem[X,0x80001DCC] -> 0xAE23
mem[X,0x80001DCE] -> 0x4CC0
[1912] [M]: 0x80001DCC (0x4CC0AE23) sw a2, 0x4dc(ra)
mem[0x8000666C] <- 0x00000000

mem[X,0x80001DD0] -> 0x0513
mem[X,0x80001DD2] -> 0x0060
[1913] [M]: 0x80001DD0 (0x00600513) addi a0, zero, 0x6
x10 <- 0x00000006

mem[X,0x80001DD4] -> 0x35B7
mem[X,0x80001DD6] -> 0x3333
[1914] [M]: 0x80001DD4 (0x333335B7) lui a1, 0x33333
x11 <- 0x33333000

mem[X,0x80001DD8] -> 0x8593
mem[X,0x80001DDA] -> 0x3325
[1915] [M]: 0x80001DD8 (0x33258593) addi a1, a1, 0x332
x11 <- 0x33333332

mem[X,0x80001DDC] -> 0x1633
mem[X,0x80001DDE] -> 0x02B5
[1916] [M]: 0x80001DDC (0x02B51633) mulh a2, a0, a1
x12 <- 0x00000001

mem[X,0x80001DE0] -> 0xA023
mem[X,0x80001DE2] -> 0x4EC0
[1917] [M]: 0x80001DE0 (0x4EC0A023) sw a2, 0x4e0(ra)
mem[0x80006670] <- 0x00000001

mem[X,0x80001DE4] -> 0x0513
mem[X,0x80001DE6] -> 0x0060
[1918] [M]: 0x80001DE4 (0x00600513) addi a0, zero, 0x6
x10 <- 0x00000006

mem[X,0x80001DE8] -> 0x65B7
mem[X,0x80001DEA] -> 0x6666
[1919] [M]: 0x80001DE8 (0x666665B7) lui a1, 0x66666
x11 <- 0x66666000

mem[X,0x80001DEC] -> 0x8593
mem[X,0x80001DEE] -> 0x6655
[1920] [M]: 0x80001DEC (0x66558593) addi a1, a1, 0x665
x11 <- 0x66666665

mem[X,0x80001DF0] -> 0x1633
mem[X,0x80001DF2] -> 0x02B5
[1921] [M]: 0x80001DF0 (0x02B51633) mulh a2, a0, a1
x12 <- 0x00000002

mem[X,0x80001DF4] -> 0xA223
mem[X,0x80001DF6] -> 0x4EC0
[1922] [M]: 0x80001DF4 (0x4EC0A223) sw a2, 0x4e4(ra)
mem[0x80006674] <- 0x00000002

mem[X,0x80001DF8] -> 0x0513
mem[X,0x80001DFA] -> 0x0060
[1923] [M]: 0x80001DF8 (0x00600513) addi a0, zero, 0x6
x10 <- 0x00000006

mem[X,0x80001DFC] -> 0xB5B7
mem[X,0x80001DFE] -> 0x0000
[1924] [M]: 0x80001DFC (0x0000B5B7) lui a1, 0xb
x11 <- 0x0000B000

mem[X,0x80001E00] -> 0x8593
mem[X,0x80001E02] -> 0x5035
[1925] [M]: 0x80001E00 (0x50358593) addi a1, a1, 0x503
x11 <- 0x0000B503

mem[X,0x80001E04] -> 0x1633
mem[X,0x80001E06] -> 0x02B5
[1926] [M]: 0x80001E04 (0x02B51633) mulh a2, a0, a1
x12 <- 0x00000000

mem[X,0x80001E08] -> 0xA423
mem[X,0x80001E0A] -> 0x4EC0
[1927] [M]: 0x80001E08 (0x4EC0A423) sw a2, 0x4e8(ra)
mem[0x80006678] <- 0x00000000

mem[X,0x80001E0C] -> 0x0513
mem[X,0x80001E0E] -> 0x0060
[1928] [M]: 0x80001E0C (0x00600513) addi a0, zero, 0x6
x10 <- 0x00000006

mem[X,0x80001E10] -> 0x55B7
mem[X,0x80001E12] -> 0x5555
[1929] [M]: 0x80001E10 (0x555555B7) lui a1, 0x55555
x11 <- 0x55555000

mem[X,0x80001E14] -> 0x8593
mem[X,0x80001E16] -> 0x5565
[1930] [M]: 0x80001E14 (0x55658593) addi a1, a1, 0x556
x11 <- 0x55555556

mem[X,0x80001E18] -> 0x1633
mem[X,0x80001E1A] -> 0x02B5
[1931] [M]: 0x80001E18 (0x02B51633) mulh a2, a0, a1
x12 <- 0x00000002

mem[X,0x80001E1C] -> 0xA623
mem[X,0x80001E1E] -> 0x4EC0
[1932] [M]: 0x80001E1C (0x4EC0A623) sw a2, 0x4ec(ra)
mem[0x8000667C] <- 0x00000002

mem[X,0x80001E20] -> 0x0513
mem[X,0x80001E22] -> 0x0060
[1933] [M]: 0x80001E20 (0x00600513) addi a0, zero, 0x6
x10 <- 0x00000006

mem[X,0x80001E24] -> 0xB5B7
mem[X,0x80001E26] -> 0xAAAA
[1934] [M]: 0x80001E24 (0xAAAAB5B7) lui a1, -0x55555
x11 <- 0xAAAAB000

mem[X,0x80001E28] -> 0x8593
mem[X,0x80001E2A] -> 0xAAB5
[1935] [M]: 0x80001E28 (0xAAB58593) addi a1, a1, -0x555
x11 <- 0xAAAAAAAB

mem[X,0x80001E2C] -> 0x1633
mem[X,0x80001E2E] -> 0x02B5
[1936] [M]: 0x80001E2C (0x02B51633) mulh a2, a0, a1
x12 <- 0xFFFFFFFE

mem[X,0x80001E30] -> 0xA823
mem[X,0x80001E32] -> 0x4EC0
[1937] [M]: 0x80001E30 (0x4EC0A823) sw a2, 0x4f0(ra)
mem[0x80006680] <- 0xFFFFFFFE

mem[X,0x80001E34] -> 0x0513
mem[X,0x80001E36] -> 0x0060
[1938] [M]: 0x80001E34 (0x00600513) addi a0, zero, 0x6
x10 <- 0x00000006

mem[X,0x80001E38] -> 0x0593
mem[X,0x80001E3A] -> 0x0060
[1939] [M]: 0x80001E38 (0x00600593) addi a1, zero, 0x6
x11 <- 0x00000006

mem[X,0x80001E3C] -> 0x1633
mem[X,0x80001E3E] -> 0x02B5
[1940] [M]: 0x80001E3C (0x02B51633) mulh a2, a0, a1
x12 <- 0x00000000

mem[X,0x80001E40] -> 0xAA23
mem[X,0x80001E42] -> 0x4EC0
[1941] [M]: 0x80001E40 (0x4EC0AA23) sw a2, 0x4f4(ra)
mem[0x80006684] <- 0x00000000

mem[X,0x80001E44] -> 0x0513
mem[X,0x80001E46] -> 0x0060
[1942] [M]: 0x80001E44 (0x00600513) addi a0, zero, 0x6
x10 <- 0x00000006

mem[X,0x80001E48] -> 0x35B7
mem[X,0x80001E4A] -> 0x3333
[1943] [M]: 0x80001E48 (0x333335B7) lui a1, 0x33333
x11 <- 0x33333000

mem[X,0x80001E4C] -> 0x8593
mem[X,0x80001E4E] -> 0x3345
[1944] [M]: 0x80001E4C (0x33458593) addi a1, a1, 0x334
x11 <- 0x33333334

mem[X,0x80001E50] -> 0x1633
mem[X,0x80001E52] -> 0x02B5
[1945] [M]: 0x80001E50 (0x02B51633) mulh a2, a0, a1
x12 <- 0x00000001

mem[X,0x80001E54] -> 0xAC23
mem[X,0x80001E56] -> 0x4EC0
[1946] [M]: 0x80001E54 (0x4EC0AC23) sw a2, 0x4f8(ra)
mem[0x80006688] <- 0x00000001

mem[X,0x80001E58] -> 0x0513
mem[X,0x80001E5A] -> 0x0060
[1947] [M]: 0x80001E58 (0x00600513) addi a0, zero, 0x6
x10 <- 0x00000006

mem[X,0x80001E5C] -> 0x65B7
mem[X,0x80001E5E] -> 0x6666
[1948] [M]: 0x80001E5C (0x666665B7) lui a1, 0x66666
x11 <- 0x66666000

mem[X,0x80001E60] -> 0x8593
mem[X,0x80001E62] -> 0x6675
[1949] [M]: 0x80001E60 (0x66758593) addi a1, a1, 0x667
x11 <- 0x66666667

mem[X,0x80001E64] -> 0x1633
mem[X,0x80001E66] -> 0x02B5
[1950] [M]: 0x80001E64 (0x02B51633) mulh a2, a0, a1
x12 <- 0x00000002

mem[X,0x80001E68] -> 0xAE23
mem[X,0x80001E6A] -> 0x4EC0
[1951] [M]: 0x80001E68 (0x4EC0AE23) sw a2, 0x4fc(ra)
mem[0x8000668C] <- 0x00000002

mem[X,0x80001E6C] -> 0x0513
mem[X,0x80001E6E] -> 0x0060
[1952] [M]: 0x80001E6C (0x00600513) addi a0, zero, 0x6
x10 <- 0x00000006

mem[X,0x80001E70] -> 0x55B7
mem[X,0x80001E72] -> 0xFFFF
[1953] [M]: 0x80001E70 (0xFFFF55B7) lui a1, -0xb
x11 <- 0xFFFF5000

mem[X,0x80001E74] -> 0x8593
mem[X,0x80001E76] -> 0xAFD5
[1954] [M]: 0x80001E74 (0xAFD58593) addi a1, a1, -0x503
x11 <- 0xFFFF4AFD

mem[X,0x80001E78] -> 0x1633
mem[X,0x80001E7A] -> 0x02B5
[1955] [M]: 0x80001E78 (0x02B51633) mulh a2, a0, a1
x12 <- 0xFFFFFFFF

mem[X,0x80001E7C] -> 0xA023
mem[X,0x80001E7E] -> 0x50C0
[1956] [M]: 0x80001E7C (0x50C0A023) sw a2, 0x500(ra)
mem[0x80006690] <- 0xFFFFFFFF

mem[X,0x80001E80] -> 0x0513
mem[X,0x80001E82] -> 0x0060
[1957] [M]: 0x80001E80 (0x00600513) addi a0, zero, 0x6
x10 <- 0x00000006

mem[X,0x80001E84] -> 0xB5B7
mem[X,0x80001E86] -> 0x0000
[1958] [M]: 0x80001E84 (0x0000B5B7) lui a1, 0xb
x11 <- 0x0000B000

mem[X,0x80001E88] -> 0x8593
mem[X,0x80001E8A] -> 0x5055
[1959] [M]: 0x80001E88 (0x50558593) addi a1, a1, 0x505
x11 <- 0x0000B505

mem[X,0x80001E8C] -> 0x1633
mem[X,0x80001E8E] -> 0x02B5
[1960] [M]: 0x80001E8C (0x02B51633) mulh a2, a0, a1
x12 <- 0x00000000

mem[X,0x80001E90] -> 0xA223
mem[X,0x80001E92] -> 0x50C0
[1961] [M]: 0x80001E90 (0x50C0A223) sw a2, 0x504(ra)
mem[0x80006694] <- 0x00000000

mem[X,0x80001E94] -> 0x3537
mem[X,0x80001E96] -> 0x3333
[1962] [M]: 0x80001E94 (0x33333537) lui a0, 0x33333
x10 <- 0x33333000

mem[X,0x80001E98] -> 0x0513
mem[X,0x80001E9A] -> 0x3345
[1963] [M]: 0x80001E98 (0x33450513) addi a0, a0, 0x334
x10 <- 0x33333334

mem[X,0x80001E9C] -> 0x0593
mem[X,0x80001E9E] -> 0x0030
[1964] [M]: 0x80001E9C (0x00300593) addi a1, zero, 0x3
x11 <- 0x00000003

mem[X,0x80001EA0] -> 0x1633
mem[X,0x80001EA2] -> 0x02B5
[1965] [M]: 0x80001EA0 (0x02B51633) mulh a2, a0, a1
x12 <- 0x00000000

mem[X,0x80001EA4] -> 0xA423
mem[X,0x80001EA6] -> 0x50C0
[1966] [M]: 0x80001EA4 (0x50C0A423) sw a2, 0x508(ra)
mem[0x80006698] <- 0x00000000

mem[X,0x80001EA8] -> 0x3537
mem[X,0x80001EAA] -> 0x3333
[1967] [M]: 0x80001EA8 (0x33333537) lui a0, 0x33333
x10 <- 0x33333000

mem[X,0x80001EAC] -> 0x0513
mem[X,0x80001EAE] -> 0x3345
[1968] [M]: 0x80001EAC (0x33450513) addi a0, a0, 0x334
x10 <- 0x33333334

mem[X,0x80001EB0] -> 0x55B7
mem[X,0x80001EB2] -> 0x5555
[1969] [M]: 0x80001EB0 (0x555555B7) lui a1, 0x55555
x11 <- 0x55555000

mem[X,0x80001EB4] -> 0x8593
mem[X,0x80001EB6] -> 0x5555
[1970] [M]: 0x80001EB4 (0x55558593) addi a1, a1, 0x555
x11 <- 0x55555555

mem[X,0x80001EB8] -> 0x1633
mem[X,0x80001EBA] -> 0x02B5
[1971] [M]: 0x80001EB8 (0x02B51633) mulh a2, a0, a1
x12 <- 0x11111111

mem[X,0x80001EBC] -> 0xA623
mem[X,0x80001EBE] -> 0x50C0
[1972] [M]: 0x80001EBC (0x50C0A623) sw a2, 0x50c(ra)
mem[0x8000669C] <- 0x11111111

mem[X,0x80001EC0] -> 0x3537
mem[X,0x80001EC2] -> 0x3333
[1973] [M]: 0x80001EC0 (0x33333537) lui a0, 0x33333
x10 <- 0x33333000

mem[X,0x80001EC4] -> 0x0513
mem[X,0x80001EC6] -> 0x3345
[1974] [M]: 0x80001EC4 (0x33450513) addi a0, a0, 0x334
x10 <- 0x33333334

mem[X,0x80001EC8] -> 0xB5B7
mem[X,0x80001ECA] -> 0xAAAA
[1975] [M]: 0x80001EC8 (0xAAAAB5B7) lui a1, -0x55555
x11 <- 0xAAAAB000

mem[X,0x80001ECC] -> 0x8593
mem[X,0x80001ECE] -> 0xAAA5
[1976] [M]: 0x80001ECC (0xAAA58593) addi a1, a1, -0x556
x11 <- 0xAAAAAAAA

mem[X,0x80001ED0] -> 0x1633
mem[X,0x80001ED2] -> 0x02B5
[1977] [M]: 0x80001ED0 (0x02B51633) mulh a2, a0, a1
x12 <- 0xEEEEEEEE

mem[X,0x80001ED4] -> 0xA823
mem[X,0x80001ED6] -> 0x50C0
[1978] [M]: 0x80001ED4 (0x50C0A823) sw a2, 0x510(ra)
mem[0x800066A0] <- 0xEEEEEEEE

mem[X,0x80001ED8] -> 0x3537
mem[X,0x80001EDA] -> 0x3333
[1979] [M]: 0x80001ED8 (0x33333537) lui a0, 0x33333
x10 <- 0x33333000

mem[X,0x80001EDC] -> 0x0513
mem[X,0x80001EDE] -> 0x3345
[1980] [M]: 0x80001EDC (0x33450513) addi a0, a0, 0x334
x10 <- 0x33333334

mem[X,0x80001EE0] -> 0x0593
mem[X,0x80001EE2] -> 0x0050
[1981] [M]: 0x80001EE0 (0x00500593) addi a1, zero, 0x5
x11 <- 0x00000005

mem[X,0x80001EE4] -> 0x1633
mem[X,0x80001EE6] -> 0x02B5
[1982] [M]: 0x80001EE4 (0x02B51633) mulh a2, a0, a1
x12 <- 0x00000001

mem[X,0x80001EE8] -> 0xAA23
mem[X,0x80001EEA] -> 0x50C0
[1983] [M]: 0x80001EE8 (0x50C0AA23) sw a2, 0x514(ra)
mem[0x800066A4] <- 0x00000001

mem[X,0x80001EEC] -> 0x3537
mem[X,0x80001EEE] -> 0x3333
[1984] [M]: 0x80001EEC (0x33333537) lui a0, 0x33333
x10 <- 0x33333000

mem[X,0x80001EF0] -> 0x0513
mem[X,0x80001EF2] -> 0x3345
[1985] [M]: 0x80001EF0 (0x33450513) addi a0, a0, 0x334
x10 <- 0x33333334

mem[X,0x80001EF4] -> 0x35B7
mem[X,0x80001EF6] -> 0x3333
[1986] [M]: 0x80001EF4 (0x333335B7) lui a1, 0x33333
x11 <- 0x33333000

mem[X,0x80001EF8] -> 0x8593
mem[X,0x80001EFA] -> 0x3335
[1987] [M]: 0x80001EF8 (0x33358593) addi a1, a1, 0x333
x11 <- 0x33333333

mem[X,0x80001EFC] -> 0x1633
mem[X,0x80001EFE] -> 0x02B5
[1988] [M]: 0x80001EFC (0x02B51633) mulh a2, a0, a1
x12 <- 0x0A3D70A3

mem[X,0x80001F00] -> 0xAC23
mem[X,0x80001F02] -> 0x50C0
[1989] [M]: 0x80001F00 (0x50C0AC23) sw a2, 0x518(ra)
mem[0x800066A8] <- 0x0A3D70A3

mem[X,0x80001F04] -> 0x3537
mem[X,0x80001F06] -> 0x3333
[1990] [M]: 0x80001F04 (0x33333537) lui a0, 0x33333
x10 <- 0x33333000

mem[X,0x80001F08] -> 0x0513
mem[X,0x80001F0A] -> 0x3345
[1991] [M]: 0x80001F08 (0x33450513) addi a0, a0, 0x334
x10 <- 0x33333334

mem[X,0x80001F0C] -> 0x65B7
mem[X,0x80001F0E] -> 0x6666
[1992] [M]: 0x80001F0C (0x666665B7) lui a1, 0x66666
x11 <- 0x66666000

mem[X,0x80001F10] -> 0x8593
mem[X,0x80001F12] -> 0x6665
[1993] [M]: 0x80001F10 (0x66658593) addi a1, a1, 0x666
x11 <- 0x66666666

mem[X,0x80001F14] -> 0x1633
mem[X,0x80001F16] -> 0x02B5
[1994] [M]: 0x80001F14 (0x02B51633) mulh a2, a0, a1
x12 <- 0x147AE147

mem[X,0x80001F18] -> 0xAE23
mem[X,0x80001F1A] -> 0x50C0
[1995] [M]: 0x80001F18 (0x50C0AE23) sw a2, 0x51c(ra)
mem[0x800066AC] <- 0x147AE147

mem[X,0x80001F1C] -> 0x3537
mem[X,0x80001F1E] -> 0x3333
[1996] [M]: 0x80001F1C (0x33333537) lui a0, 0x33333
x10 <- 0x33333000

mem[X,0x80001F20] -> 0x0513
mem[X,0x80001F22] -> 0x3345
[1997] [M]: 0x80001F20 (0x33450513) addi a0, a0, 0x334
x10 <- 0x33333334

mem[X,0x80001F24] -> 0x55B7
mem[X,0x80001F26] -> 0xFFFF
[1998] [M]: 0x80001F24 (0xFFFF55B7) lui a1, -0xb
x11 <- 0xFFFF5000

mem[X,0x80001F28] -> 0x8593
mem[X,0x80001F2A] -> 0xAFC5
[1999] [M]: 0x80001F28 (0xAFC58593) addi a1, a1, -0x504
x11 <- 0xFFFF4AFC

clint::tick mtime <- 0x0000000000000014
 clint timer pending at mtime 0x0000000000000014
htif::tick 0x0000000000000000
mem[X,0x80001F2C] -> 0x1633
mem[X,0x80001F2E] -> 0x02B5
[2000] [M]: 0x80001F2C (0x02B51633) mulh a2, a0, a1
x12 <- 0xFFFFDBCB

mem[X,0x80001F30] -> 0xA023
mem[X,0x80001F32] -> 0x52C0
[2001] [M]: 0x80001F30 (0x52C0A023) sw a2, 0x520(ra)
mem[0x800066B0] <- 0xFFFFDBCB

mem[X,0x80001F34] -> 0x3537
mem[X,0x80001F36] -> 0x3333
[2002] [M]: 0x80001F34 (0x33333537) lui a0, 0x33333
x10 <- 0x33333000

mem[X,0x80001F38] -> 0x0513
mem[X,0x80001F3A] -> 0x3345
[2003] [M]: 0x80001F38 (0x33450513) addi a0, a0, 0x334
x10 <- 0x33333334

mem[X,0x80001F3C] -> 0xB5B7
mem[X,0x80001F3E] -> 0x0000
[2004] [M]: 0x80001F3C (0x0000B5B7) lui a1, 0xb
x11 <- 0x0000B000

mem[X,0x80001F40] -> 0x8593
mem[X,0x80001F42] -> 0x5045
[2005] [M]: 0x80001F40 (0x50458593) addi a1, a1, 0x504
x11 <- 0x0000B504

mem[X,0x80001F44] -> 0x1633
mem[X,0x80001F46] -> 0x02B5
[2006] [M]: 0x80001F44 (0x02B51633) mulh a2, a0, a1
x12 <- 0x00002434

mem[X,0x80001F48] -> 0xA223
mem[X,0x80001F4A] -> 0x52C0
[2007] [M]: 0x80001F48 (0x52C0A223) sw a2, 0x524(ra)
mem[0x800066B4] <- 0x00002434

mem[X,0x80001F4C] -> 0x3537
mem[X,0x80001F4E] -> 0x3333
[2008] [M]: 0x80001F4C (0x33333537) lui a0, 0x33333
x10 <- 0x33333000

mem[X,0x80001F50] -> 0x0513
mem[X,0x80001F52] -> 0x3345
[2009] [M]: 0x80001F50 (0x33450513) addi a0, a0, 0x334
x10 <- 0x33333334

mem[X,0x80001F54] -> 0x0593
mem[X,0x80001F56] -> 0x0020
[2010] [M]: 0x80001F54 (0x00200593) addi a1, zero, 0x2
x11 <- 0x00000002

mem[X,0x80001F58] -> 0x1633
mem[X,0x80001F5A] -> 0x02B5
[2011] [M]: 0x80001F58 (0x02B51633) mulh a2, a0, a1
x12 <- 0x00000000

mem[X,0x80001F5C] -> 0xA423
mem[X,0x80001F5E] -> 0x52C0
[2012] [M]: 0x80001F5C (0x52C0A423) sw a2, 0x528(ra)
mem[0x800066B8] <- 0x00000000

mem[X,0x80001F60] -> 0x3537
mem[X,0x80001F62] -> 0x3333
[2013] [M]: 0x80001F60 (0x33333537) lui a0, 0x33333
x10 <- 0x33333000

mem[X,0x80001F64] -> 0x0513
mem[X,0x80001F66] -> 0x3345
[2014] [M]: 0x80001F64 (0x33450513) addi a0, a0, 0x334
x10 <- 0x33333334

mem[X,0x80001F68] -> 0x55B7
mem[X,0x80001F6A] -> 0x5555
[2015] [M]: 0x80001F68 (0x555555B7) lui a1, 0x55555
x11 <- 0x55555000

mem[X,0x80001F6C] -> 0x8593
mem[X,0x80001F6E] -> 0x5545
[2016] [M]: 0x80001F6C (0x55458593) addi a1, a1, 0x554
x11 <- 0x55555554

mem[X,0x80001F70] -> 0x1633
mem[X,0x80001F72] -> 0x02B5
[2017] [M]: 0x80001F70 (0x02B51633) mulh a2, a0, a1
x12 <- 0x11111111

mem[X,0x80001F74] -> 0xA623
mem[X,0x80001F76] -> 0x52C0
[2018] [M]: 0x80001F74 (0x52C0A623) sw a2, 0x52c(ra)
mem[0x800066BC] <- 0x11111111

mem[X,0x80001F78] -> 0x3537
mem[X,0x80001F7A] -> 0x3333
[2019] [M]: 0x80001F78 (0x33333537) lui a0, 0x33333
x10 <- 0x33333000

mem[X,0x80001F7C] -> 0x0513
mem[X,0x80001F7E] -> 0x3345
[2020] [M]: 0x80001F7C (0x33450513) addi a0, a0, 0x334
x10 <- 0x33333334

mem[X,0x80001F80] -> 0x0593
mem[X,0x80001F82] -> 0x0000
[2021] [M]: 0x80001F80 (0x00000593) addi a1, zero, 0x0
x11 <- 0x00000000

mem[X,0x80001F84] -> 0x1633
mem[X,0x80001F86] -> 0x02B5
[2022] [M]: 0x80001F84 (0x02B51633) mulh a2, a0, a1
x12 <- 0x00000000

mem[X,0x80001F88] -> 0xA823
mem[X,0x80001F8A] -> 0x52C0
[2023] [M]: 0x80001F88 (0x52C0A823) sw a2, 0x530(ra)
mem[0x800066C0] <- 0x00000000

mem[X,0x80001F8C] -> 0x3537
mem[X,0x80001F8E] -> 0x3333
[2024] [M]: 0x80001F8C (0x33333537) lui a0, 0x33333
x10 <- 0x33333000

mem[X,0x80001F90] -> 0x0513
mem[X,0x80001F92] -> 0x3345
[2025] [M]: 0x80001F90 (0x33450513) addi a0, a0, 0x334
x10 <- 0x33333334

mem[X,0x80001F94] -> 0x0593
mem[X,0x80001F96] -> 0x0040
[2026] [M]: 0x80001F94 (0x00400593) addi a1, zero, 0x4
x11 <- 0x00000004

mem[X,0x80001F98] -> 0x1633
mem[X,0x80001F9A] -> 0x02B5
[2027] [M]: 0x80001F98 (0x02B51633) mulh a2, a0, a1
x12 <- 0x00000000

mem[X,0x80001F9C] -> 0xAA23
mem[X,0x80001F9E] -> 0x52C0
[2028] [M]: 0x80001F9C (0x52C0AA23) sw a2, 0x534(ra)
mem[0x800066C4] <- 0x00000000

mem[X,0x80001FA0] -> 0x3537
mem[X,0x80001FA2] -> 0x3333
[2029] [M]: 0x80001FA0 (0x33333537) lui a0, 0x33333
x10 <- 0x33333000

mem[X,0x80001FA4] -> 0x0513
mem[X,0x80001FA6] -> 0x3345
[2030] [M]: 0x80001FA4 (0x33450513) addi a0, a0, 0x334
x10 <- 0x33333334

mem[X,0x80001FA8] -> 0x35B7
mem[X,0x80001FAA] -> 0x3333
[2031] [M]: 0x80001FA8 (0x333335B7) lui a1, 0x33333
x11 <- 0x33333000

mem[X,0x80001FAC] -> 0x8593
mem[X,0x80001FAE] -> 0x3325
[2032] [M]: 0x80001FAC (0x33258593) addi a1, a1, 0x332
x11 <- 0x33333332

mem[X,0x80001FB0] -> 0x1633
mem[X,0x80001FB2] -> 0x02B5
[2033] [M]: 0x80001FB0 (0x02B51633) mulh a2, a0, a1
x12 <- 0x0A3D70A3

mem[X,0x80001FB4] -> 0xAC23
mem[X,0x80001FB6] -> 0x52C0
[2034] [M]: 0x80001FB4 (0x52C0AC23) sw a2, 0x538(ra)
mem[0x800066C8] <- 0x0A3D70A3

mem[X,0x80001FB8] -> 0x3537
mem[X,0x80001FBA] -> 0x3333
[2035] [M]: 0x80001FB8 (0x33333537) lui a0, 0x33333
x10 <- 0x33333000

mem[X,0x80001FBC] -> 0x0513
mem[X,0x80001FBE] -> 0x3345
[2036] [M]: 0x80001FBC (0x33450513) addi a0, a0, 0x334
x10 <- 0x33333334

mem[X,0x80001FC0] -> 0x65B7
mem[X,0x80001FC2] -> 0x6666
[2037] [M]: 0x80001FC0 (0x666665B7) lui a1, 0x66666
x11 <- 0x66666000

mem[X,0x80001FC4] -> 0x8593
mem[X,0x80001FC6] -> 0x6655
[2038] [M]: 0x80001FC4 (0x66558593) addi a1, a1, 0x665
x11 <- 0x66666665

mem[X,0x80001FC8] -> 0x1633
mem[X,0x80001FCA] -> 0x02B5
[2039] [M]: 0x80001FC8 (0x02B51633) mulh a2, a0, a1
x12 <- 0x147AE147

mem[X,0x80001FCC] -> 0xAE23
mem[X,0x80001FCE] -> 0x52C0
[2040] [M]: 0x80001FCC (0x52C0AE23) sw a2, 0x53c(ra)
mem[0x800066CC] <- 0x147AE147

mem[X,0x80001FD0] -> 0x3537
mem[X,0x80001FD2] -> 0x3333
[2041] [M]: 0x80001FD0 (0x33333537) lui a0, 0x33333
x10 <- 0x33333000

mem[X,0x80001FD4] -> 0x0513
mem[X,0x80001FD6] -> 0x3345
[2042] [M]: 0x80001FD4 (0x33450513) addi a0, a0, 0x334
x10 <- 0x33333334

mem[X,0x80001FD8] -> 0xB5B7
mem[X,0x80001FDA] -> 0x0000
[2043] [M]: 0x80001FD8 (0x0000B5B7) lui a1, 0xb
x11 <- 0x0000B000

mem[X,0x80001FDC] -> 0x8593
mem[X,0x80001FDE] -> 0x5035
[2044] [M]: 0x80001FDC (0x50358593) addi a1, a1, 0x503
x11 <- 0x0000B503

mem[X,0x80001FE0] -> 0x1633
mem[X,0x80001FE2] -> 0x02B5
[2045] [M]: 0x80001FE0 (0x02B51633) mulh a2, a0, a1
x12 <- 0x00002433

mem[X,0x80001FE4] -> 0xA023
mem[X,0x80001FE6] -> 0x54C0
[2046] [M]: 0x80001FE4 (0x54C0A023) sw a2, 0x540(ra)
mem[0x800066D0] <- 0x00002433

mem[X,0x80001FE8] -> 0x3537
mem[X,0x80001FEA] -> 0x3333
[2047] [M]: 0x80001FE8 (0x33333537) lui a0, 0x33333
x10 <- 0x33333000

mem[X,0x80001FEC] -> 0x0513
mem[X,0x80001FEE] -> 0x3345
[2048] [M]: 0x80001FEC (0x33450513) addi a0, a0, 0x334
x10 <- 0x33333334

mem[X,0x80001FF0] -> 0x55B7
mem[X,0x80001FF2] -> 0x5555
[2049] [M]: 0x80001FF0 (0x555555B7) lui a1, 0x55555
x11 <- 0x55555000

mem[X,0x80001FF4] -> 0x8593
mem[X,0x80001FF6] -> 0x5565
[2050] [M]: 0x80001FF4 (0x55658593) addi a1, a1, 0x556
x11 <- 0x55555556

mem[X,0x80001FF8] -> 0x1633
mem[X,0x80001FFA] -> 0x02B5
[2051] [M]: 0x80001FF8 (0x02B51633) mulh a2, a0, a1
x12 <- 0x11111111

mem[X,0x80001FFC] -> 0xA223
mem[X,0x80001FFE] -> 0x54C0
[2052] [M]: 0x80001FFC (0x54C0A223) sw a2, 0x544(ra)
mem[0x800066D4] <- 0x11111111

mem[X,0x80002000] -> 0x3537
mem[X,0x80002002] -> 0x3333
[2053] [M]: 0x80002000 (0x33333537) lui a0, 0x33333
x10 <- 0x33333000

mem[X,0x80002004] -> 0x0513
mem[X,0x80002006] -> 0x3345
[2054] [M]: 0x80002004 (0x33450513) addi a0, a0, 0x334
x10 <- 0x33333334

mem[X,0x80002008] -> 0xB5B7
mem[X,0x8000200A] -> 0xAAAA
[2055] [M]: 0x80002008 (0xAAAAB5B7) lui a1, -0x55555
x11 <- 0xAAAAB000

mem[X,0x8000200C] -> 0x8593
mem[X,0x8000200E] -> 0xAAB5
[2056] [M]: 0x8000200C (0xAAB58593) addi a1, a1, -0x555
x11 <- 0xAAAAAAAB

mem[X,0x80002010] -> 0x1633
mem[X,0x80002012] -> 0x02B5
[2057] [M]: 0x80002010 (0x02B51633) mulh a2, a0, a1
x12 <- 0xEEEEEEEE

mem[X,0x80002014] -> 0xA423
mem[X,0x80002016] -> 0x54C0
[2058] [M]: 0x80002014 (0x54C0A423) sw a2, 0x548(ra)
mem[0x800066D8] <- 0xEEEEEEEE

mem[X,0x80002018] -> 0x3537
mem[X,0x8000201A] -> 0x3333
[2059] [M]: 0x80002018 (0x33333537) lui a0, 0x33333
x10 <- 0x33333000

mem[X,0x8000201C] -> 0x0513
mem[X,0x8000201E] -> 0x3345
[2060] [M]: 0x8000201C (0x33450513) addi a0, a0, 0x334
x10 <- 0x33333334

mem[X,0x80002020] -> 0x0593
mem[X,0x80002022] -> 0x0060
[2061] [M]: 0x80002020 (0x00600593) addi a1, zero, 0x6
x11 <- 0x00000006

mem[X,0x80002024] -> 0x1633
mem[X,0x80002026] -> 0x02B5
[2062] [M]: 0x80002024 (0x02B51633) mulh a2, a0, a1
x12 <- 0x00000001

mem[X,0x80002028] -> 0xA623
mem[X,0x8000202A] -> 0x54C0
[2063] [M]: 0x80002028 (0x54C0A623) sw a2, 0x54c(ra)
mem[0x800066DC] <- 0x00000001

mem[X,0x8000202C] -> 0x3537
mem[X,0x8000202E] -> 0x3333
[2064] [M]: 0x8000202C (0x33333537) lui a0, 0x33333
x10 <- 0x33333000

mem[X,0x80002030] -> 0x0513
mem[X,0x80002032] -> 0x3345
[2065] [M]: 0x80002030 (0x33450513) addi a0, a0, 0x334
x10 <- 0x33333334

mem[X,0x80002034] -> 0x35B7
mem[X,0x80002036] -> 0x3333
[2066] [M]: 0x80002034 (0x333335B7) lui a1, 0x33333
x11 <- 0x33333000

mem[X,0x80002038] -> 0x8593
mem[X,0x8000203A] -> 0x3345
[2067] [M]: 0x80002038 (0x33458593) addi a1, a1, 0x334
x11 <- 0x33333334

mem[X,0x8000203C] -> 0x1633
mem[X,0x8000203E] -> 0x02B5
[2068] [M]: 0x8000203C (0x02B51633) mulh a2, a0, a1
x12 <- 0x0A3D70A4

mem[X,0x80002040] -> 0xA823
mem[X,0x80002042] -> 0x54C0
[2069] [M]: 0x80002040 (0x54C0A823) sw a2, 0x550(ra)
mem[0x800066E0] <- 0x0A3D70A4

mem[X,0x80002044] -> 0x3537
mem[X,0x80002046] -> 0x3333
[2070] [M]: 0x80002044 (0x33333537) lui a0, 0x33333
x10 <- 0x33333000

mem[X,0x80002048] -> 0x0513
mem[X,0x8000204A] -> 0x3345
[2071] [M]: 0x80002048 (0x33450513) addi a0, a0, 0x334
x10 <- 0x33333334

mem[X,0x8000204C] -> 0x65B7
mem[X,0x8000204E] -> 0x6666
[2072] [M]: 0x8000204C (0x666665B7) lui a1, 0x66666
x11 <- 0x66666000

mem[X,0x80002050] -> 0x8593
mem[X,0x80002052] -> 0x6675
[2073] [M]: 0x80002050 (0x66758593) addi a1, a1, 0x667
x11 <- 0x66666667

mem[X,0x80002054] -> 0x1633
mem[X,0x80002056] -> 0x02B5
[2074] [M]: 0x80002054 (0x02B51633) mulh a2, a0, a1
x12 <- 0x147AE148

mem[X,0x80002058] -> 0xAA23
mem[X,0x8000205A] -> 0x54C0
[2075] [M]: 0x80002058 (0x54C0AA23) sw a2, 0x554(ra)
mem[0x800066E4] <- 0x147AE148

mem[X,0x8000205C] -> 0x3537
mem[X,0x8000205E] -> 0x3333
[2076] [M]: 0x8000205C (0x33333537) lui a0, 0x33333
x10 <- 0x33333000

mem[X,0x80002060] -> 0x0513
mem[X,0x80002062] -> 0x3345
[2077] [M]: 0x80002060 (0x33450513) addi a0, a0, 0x334
x10 <- 0x33333334

mem[X,0x80002064] -> 0x55B7
mem[X,0x80002066] -> 0xFFFF
[2078] [M]: 0x80002064 (0xFFFF55B7) lui a1, -0xb
x11 <- 0xFFFF5000

mem[X,0x80002068] -> 0x8593
mem[X,0x8000206A] -> 0xAFD5
[2079] [M]: 0x80002068 (0xAFD58593) addi a1, a1, -0x503
x11 <- 0xFFFF4AFD

mem[X,0x8000206C] -> 0x1633
mem[X,0x8000206E] -> 0x02B5
[2080] [M]: 0x8000206C (0x02B51633) mulh a2, a0, a1
x12 <- 0xFFFFDBCC

mem[X,0x80002070] -> 0xAC23
mem[X,0x80002072] -> 0x54C0
[2081] [M]: 0x80002070 (0x54C0AC23) sw a2, 0x558(ra)
mem[0x800066E8] <- 0xFFFFDBCC

mem[X,0x80002074] -> 0x3537
mem[X,0x80002076] -> 0x3333
[2082] [M]: 0x80002074 (0x33333537) lui a0, 0x33333
x10 <- 0x33333000

mem[X,0x80002078] -> 0x0513
mem[X,0x8000207A] -> 0x3345
[2083] [M]: 0x80002078 (0x33450513) addi a0, a0, 0x334
x10 <- 0x33333334

mem[X,0x8000207C] -> 0xB5B7
mem[X,0x8000207E] -> 0x0000
[2084] [M]: 0x8000207C (0x0000B5B7) lui a1, 0xb
x11 <- 0x0000B000

mem[X,0x80002080] -> 0x8593
mem[X,0x80002082] -> 0x5055
[2085] [M]: 0x80002080 (0x50558593) addi a1, a1, 0x505
x11 <- 0x0000B505

mem[X,0x80002084] -> 0x1633
mem[X,0x80002086] -> 0x02B5
[2086] [M]: 0x80002084 (0x02B51633) mulh a2, a0, a1
x12 <- 0x00002434

mem[X,0x80002088] -> 0xAE23
mem[X,0x8000208A] -> 0x54C0
[2087] [M]: 0x80002088 (0x54C0AE23) sw a2, 0x55c(ra)
mem[0x800066EC] <- 0x00002434

mem[X,0x8000208C] -> 0x6537
mem[X,0x8000208E] -> 0x6666
[2088] [M]: 0x8000208C (0x66666537) lui a0, 0x66666
x10 <- 0x66666000

mem[X,0x80002090] -> 0x0513
mem[X,0x80002092] -> 0x6675
[2089] [M]: 0x80002090 (0x66750513) addi a0, a0, 0x667
x10 <- 0x66666667

mem[X,0x80002094] -> 0x0593
mem[X,0x80002096] -> 0x0030
[2090] [M]: 0x80002094 (0x00300593) addi a1, zero, 0x3
x11 <- 0x00000003

mem[X,0x80002098] -> 0x1633
mem[X,0x8000209A] -> 0x02B5
[2091] [M]: 0x80002098 (0x02B51633) mulh a2, a0, a1
x12 <- 0x00000001

mem[X,0x8000209C] -> 0xA023
mem[X,0x8000209E] -> 0x56C0
[2092] [M]: 0x8000209C (0x56C0A023) sw a2, 0x560(ra)
mem[0x800066F0] <- 0x00000001

mem[X,0x800020A0] -> 0x6537
mem[X,0x800020A2] -> 0x6666
[2093] [M]: 0x800020A0 (0x66666537) lui a0, 0x66666
x10 <- 0x66666000

mem[X,0x800020A4] -> 0x0513
mem[X,0x800020A6] -> 0x6675
[2094] [M]: 0x800020A4 (0x66750513) addi a0, a0, 0x667
x10 <- 0x66666667

mem[X,0x800020A8] -> 0x55B7
mem[X,0x800020AA] -> 0x5555
[2095] [M]: 0x800020A8 (0x555555B7) lui a1, 0x55555
x11 <- 0x55555000

mem[X,0x800020AC] -> 0x8593
mem[X,0x800020AE] -> 0x5555
[2096] [M]: 0x800020AC (0x55558593) addi a1, a1, 0x555
x11 <- 0x55555555

mem[X,0x800020B0] -> 0x1633
mem[X,0x800020B2] -> 0x02B5
[2097] [M]: 0x800020B0 (0x02B51633) mulh a2, a0, a1
x12 <- 0x22222222

mem[X,0x800020B4] -> 0xA223
mem[X,0x800020B6] -> 0x56C0
[2098] [M]: 0x800020B4 (0x56C0A223) sw a2, 0x564(ra)
mem[0x800066F4] <- 0x22222222

mem[X,0x800020B8] -> 0x6537
mem[X,0x800020BA] -> 0x6666
[2099] [M]: 0x800020B8 (0x66666537) lui a0, 0x66666
x10 <- 0x66666000

clint::tick mtime <- 0x0000000000000015
 clint timer pending at mtime 0x0000000000000015
htif::tick 0x0000000000000000
mem[X,0x800020BC] -> 0x0513
mem[X,0x800020BE] -> 0x6675
[2100] [M]: 0x800020BC (0x66750513) addi a0, a0, 0x667
x10 <- 0x66666667

mem[X,0x800020C0] -> 0xB5B7
mem[X,0x800020C2] -> 0xAAAA
[2101] [M]: 0x800020C0 (0xAAAAB5B7) lui a1, -0x55555
x11 <- 0xAAAAB000

mem[X,0x800020C4] -> 0x8593
mem[X,0x800020C6] -> 0xAAA5
[2102] [M]: 0x800020C4 (0xAAA58593) addi a1, a1, -0x556
x11 <- 0xAAAAAAAA

mem[X,0x800020C8] -> 0x1633
mem[X,0x800020CA] -> 0x02B5
[2103] [M]: 0x800020C8 (0x02B51633) mulh a2, a0, a1
x12 <- 0xDDDDDDDD

mem[X,0x800020CC] -> 0xA423
mem[X,0x800020CE] -> 0x56C0
[2104] [M]: 0x800020CC (0x56C0A423) sw a2, 0x568(ra)
mem[0x800066F8] <- 0xDDDDDDDD

mem[X,0x800020D0] -> 0x6537
mem[X,0x800020D2] -> 0x6666
[2105] [M]: 0x800020D0 (0x66666537) lui a0, 0x66666
x10 <- 0x66666000

mem[X,0x800020D4] -> 0x0513
mem[X,0x800020D6] -> 0x6675
[2106] [M]: 0x800020D4 (0x66750513) addi a0, a0, 0x667
x10 <- 0x66666667

mem[X,0x800020D8] -> 0x0593
mem[X,0x800020DA] -> 0x0050
[2107] [M]: 0x800020D8 (0x00500593) addi a1, zero, 0x5
x11 <- 0x00000005

mem[X,0x800020DC] -> 0x1633
mem[X,0x800020DE] -> 0x02B5
[2108] [M]: 0x800020DC (0x02B51633) mulh a2, a0, a1
x12 <- 0x00000002

mem[X,0x800020E0] -> 0xA623
mem[X,0x800020E2] -> 0x56C0
[2109] [M]: 0x800020E0 (0x56C0A623) sw a2, 0x56c(ra)
mem[0x800066FC] <- 0x00000002

mem[X,0x800020E4] -> 0x6537
mem[X,0x800020E6] -> 0x6666
[2110] [M]: 0x800020E4 (0x66666537) lui a0, 0x66666
x10 <- 0x66666000

mem[X,0x800020E8] -> 0x0513
mem[X,0x800020EA] -> 0x6675
[2111] [M]: 0x800020E8 (0x66750513) addi a0, a0, 0x667
x10 <- 0x66666667

mem[X,0x800020EC] -> 0x35B7
mem[X,0x800020EE] -> 0x3333
[2112] [M]: 0x800020EC (0x333335B7) lui a1, 0x33333
x11 <- 0x33333000

mem[X,0x800020F0] -> 0x8593
mem[X,0x800020F2] -> 0x3335
[2113] [M]: 0x800020F0 (0x33358593) addi a1, a1, 0x333
x11 <- 0x33333333

mem[X,0x800020F4] -> 0x1633
mem[X,0x800020F6] -> 0x02B5
[2114] [M]: 0x800020F4 (0x02B51633) mulh a2, a0, a1
x12 <- 0x147AE147

mem[X,0x800020F8] -> 0xA823
mem[X,0x800020FA] -> 0x56C0
[2115] [M]: 0x800020F8 (0x56C0A823) sw a2, 0x570(ra)
mem[0x80006700] <- 0x147AE147

mem[X,0x800020FC] -> 0x6537
mem[X,0x800020FE] -> 0x6666
[2116] [M]: 0x800020FC (0x66666537) lui a0, 0x66666
x10 <- 0x66666000

mem[X,0x80002100] -> 0x0513
mem[X,0x80002102] -> 0x6675
[2117] [M]: 0x80002100 (0x66750513) addi a0, a0, 0x667
x10 <- 0x66666667

mem[X,0x80002104] -> 0x65B7
mem[X,0x80002106] -> 0x6666
[2118] [M]: 0x80002104 (0x666665B7) lui a1, 0x66666
x11 <- 0x66666000

mem[X,0x80002108] -> 0x8593
mem[X,0x8000210A] -> 0x6665
[2119] [M]: 0x80002108 (0x66658593) addi a1, a1, 0x666
x11 <- 0x66666666

mem[X,0x8000210C] -> 0x1633
mem[X,0x8000210E] -> 0x02B5
[2120] [M]: 0x8000210C (0x02B51633) mulh a2, a0, a1
x12 <- 0x28F5C28F

mem[X,0x80002110] -> 0xAA23
mem[X,0x80002112] -> 0x56C0
[2121] [M]: 0x80002110 (0x56C0AA23) sw a2, 0x574(ra)
mem[0x80006704] <- 0x28F5C28F

mem[X,0x80002114] -> 0x6537
mem[X,0x80002116] -> 0x6666
[2122] [M]: 0x80002114 (0x66666537) lui a0, 0x66666
x10 <- 0x66666000

mem[X,0x80002118] -> 0x0513
mem[X,0x8000211A] -> 0x6675
[2123] [M]: 0x80002118 (0x66750513) addi a0, a0, 0x667
x10 <- 0x66666667

mem[X,0x8000211C] -> 0x55B7
mem[X,0x8000211E] -> 0xFFFF
[2124] [M]: 0x8000211C (0xFFFF55B7) lui a1, -0xb
x11 <- 0xFFFF5000

mem[X,0x80002120] -> 0x8593
mem[X,0x80002122] -> 0xAFC5
[2125] [M]: 0x80002120 (0xAFC58593) addi a1, a1, -0x504
x11 <- 0xFFFF4AFC

mem[X,0x80002124] -> 0x1633
mem[X,0x80002126] -> 0x02B5
[2126] [M]: 0x80002124 (0x02B51633) mulh a2, a0, a1
x12 <- 0xFFFFB797

mem[X,0x80002128] -> 0xAC23
mem[X,0x8000212A] -> 0x56C0
[2127] [M]: 0x80002128 (0x56C0AC23) sw a2, 0x578(ra)
mem[0x80006708] <- 0xFFFFB797

mem[X,0x8000212C] -> 0x6537
mem[X,0x8000212E] -> 0x6666
[2128] [M]: 0x8000212C (0x66666537) lui a0, 0x66666
x10 <- 0x66666000

mem[X,0x80002130] -> 0x0513
mem[X,0x80002132] -> 0x6675
[2129] [M]: 0x80002130 (0x66750513) addi a0, a0, 0x667
x10 <- 0x66666667

mem[X,0x80002134] -> 0xB5B7
mem[X,0x80002136] -> 0x0000
[2130] [M]: 0x80002134 (0x0000B5B7) lui a1, 0xb
x11 <- 0x0000B000

mem[X,0x80002138] -> 0x8593
mem[X,0x8000213A] -> 0x5045
[2131] [M]: 0x80002138 (0x50458593) addi a1, a1, 0x504
x11 <- 0x0000B504

mem[X,0x8000213C] -> 0x1633
mem[X,0x8000213E] -> 0x02B5
[2132] [M]: 0x8000213C (0x02B51633) mulh a2, a0, a1
x12 <- 0x00004868

mem[X,0x80002140] -> 0xAE23
mem[X,0x80002142] -> 0x56C0
[2133] [M]: 0x80002140 (0x56C0AE23) sw a2, 0x57c(ra)
mem[0x8000670C] <- 0x00004868

mem[X,0x80002144] -> 0x6537
mem[X,0x80002146] -> 0x6666
[2134] [M]: 0x80002144 (0x66666537) lui a0, 0x66666
x10 <- 0x66666000

mem[X,0x80002148] -> 0x0513
mem[X,0x8000214A] -> 0x6675
[2135] [M]: 0x80002148 (0x66750513) addi a0, a0, 0x667
x10 <- 0x66666667

mem[X,0x8000214C] -> 0x55B7
mem[X,0x8000214E] -> 0x5555
[2136] [M]: 0x8000214C (0x555555B7) lui a1, 0x55555
x11 <- 0x55555000

mem[X,0x80002150] -> 0x8593
mem[X,0x80002152] -> 0x5545
[2137] [M]: 0x80002150 (0x55458593) addi a1, a1, 0x554
x11 <- 0x55555554

mem[X,0x80002154] -> 0x1633
mem[X,0x80002156] -> 0x02B5
[2138] [M]: 0x80002154 (0x02B51633) mulh a2, a0, a1
x12 <- 0x22222221

mem[X,0x80002158] -> 0xA023
mem[X,0x8000215A] -> 0x58C0
[2139] [M]: 0x80002158 (0x58C0A023) sw a2, 0x580(ra)
mem[0x80006710] <- 0x22222221

mem[X,0x8000215C] -> 0x6537
mem[X,0x8000215E] -> 0x6666
[2140] [M]: 0x8000215C (0x66666537) lui a0, 0x66666
x10 <- 0x66666000

mem[X,0x80002160] -> 0x0513
mem[X,0x80002162] -> 0x6675
[2141] [M]: 0x80002160 (0x66750513) addi a0, a0, 0x667
x10 <- 0x66666667

mem[X,0x80002164] -> 0x0593
mem[X,0x80002166] -> 0x0000
[2142] [M]: 0x80002164 (0x00000593) addi a1, zero, 0x0
x11 <- 0x00000000

mem[X,0x80002168] -> 0x1633
mem[X,0x8000216A] -> 0x02B5
[2143] [M]: 0x80002168 (0x02B51633) mulh a2, a0, a1
x12 <- 0x00000000

mem[X,0x8000216C] -> 0xA223
mem[X,0x8000216E] -> 0x58C0
[2144] [M]: 0x8000216C (0x58C0A223) sw a2, 0x584(ra)
mem[0x80006714] <- 0x00000000

mem[X,0x80002170] -> 0x6537
mem[X,0x80002172] -> 0x6666
[2145] [M]: 0x80002170 (0x66666537) lui a0, 0x66666
x10 <- 0x66666000

mem[X,0x80002174] -> 0x0513
mem[X,0x80002176] -> 0x6675
[2146] [M]: 0x80002174 (0x66750513) addi a0, a0, 0x667
x10 <- 0x66666667

mem[X,0x80002178] -> 0x0593
mem[X,0x8000217A] -> 0x0040
[2147] [M]: 0x80002178 (0x00400593) addi a1, zero, 0x4
x11 <- 0x00000004

mem[X,0x8000217C] -> 0x1633
mem[X,0x8000217E] -> 0x02B5
[2148] [M]: 0x8000217C (0x02B51633) mulh a2, a0, a1
x12 <- 0x00000001

mem[X,0x80002180] -> 0xA423
mem[X,0x80002182] -> 0x58C0
[2149] [M]: 0x80002180 (0x58C0A423) sw a2, 0x588(ra)
mem[0x80006718] <- 0x00000001

mem[X,0x80002184] -> 0x6537
mem[X,0x80002186] -> 0x6666
[2150] [M]: 0x80002184 (0x66666537) lui a0, 0x66666
x10 <- 0x66666000

mem[X,0x80002188] -> 0x0513
mem[X,0x8000218A] -> 0x6675
[2151] [M]: 0x80002188 (0x66750513) addi a0, a0, 0x667
x10 <- 0x66666667

mem[X,0x8000218C] -> 0x35B7
mem[X,0x8000218E] -> 0x3333
[2152] [M]: 0x8000218C (0x333335B7) lui a1, 0x33333
x11 <- 0x33333000

mem[X,0x80002190] -> 0x8593
mem[X,0x80002192] -> 0x3325
[2153] [M]: 0x80002190 (0x33258593) addi a1, a1, 0x332
x11 <- 0x33333332

mem[X,0x80002194] -> 0x1633
mem[X,0x80002196] -> 0x02B5
[2154] [M]: 0x80002194 (0x02B51633) mulh a2, a0, a1
x12 <- 0x147AE147

mem[X,0x80002198] -> 0xA623
mem[X,0x8000219A] -> 0x58C0
[2155] [M]: 0x80002198 (0x58C0A623) sw a2, 0x58c(ra)
mem[0x8000671C] <- 0x147AE147

mem[X,0x8000219C] -> 0x6537
mem[X,0x8000219E] -> 0x6666
[2156] [M]: 0x8000219C (0x66666537) lui a0, 0x66666
x10 <- 0x66666000

mem[X,0x800021A0] -> 0x0513
mem[X,0x800021A2] -> 0x6675
[2157] [M]: 0x800021A0 (0x66750513) addi a0, a0, 0x667
x10 <- 0x66666667

mem[X,0x800021A4] -> 0x65B7
mem[X,0x800021A6] -> 0x6666
[2158] [M]: 0x800021A4 (0x666665B7) lui a1, 0x66666
x11 <- 0x66666000

mem[X,0x800021A8] -> 0x8593
mem[X,0x800021AA] -> 0x6655
[2159] [M]: 0x800021A8 (0x66558593) addi a1, a1, 0x665
x11 <- 0x66666665

mem[X,0x800021AC] -> 0x1633
mem[X,0x800021AE] -> 0x02B5
[2160] [M]: 0x800021AC (0x02B51633) mulh a2, a0, a1
x12 <- 0x28F5C28F

mem[X,0x800021B0] -> 0xA823
mem[X,0x800021B2] -> 0x58C0
[2161] [M]: 0x800021B0 (0x58C0A823) sw a2, 0x590(ra)
mem[0x80006720] <- 0x28F5C28F

mem[X,0x800021B4] -> 0x6537
mem[X,0x800021B6] -> 0x6666
[2162] [M]: 0x800021B4 (0x66666537) lui a0, 0x66666
x10 <- 0x66666000

mem[X,0x800021B8] -> 0x0513
mem[X,0x800021BA] -> 0x6675
[2163] [M]: 0x800021B8 (0x66750513) addi a0, a0, 0x667
x10 <- 0x66666667

mem[X,0x800021BC] -> 0xB5B7
mem[X,0x800021BE] -> 0x0000
[2164] [M]: 0x800021BC (0x0000B5B7) lui a1, 0xb
x11 <- 0x0000B000

mem[X,0x800021C0] -> 0x8593
mem[X,0x800021C2] -> 0x5035
[2165] [M]: 0x800021C0 (0x50358593) addi a1, a1, 0x503
x11 <- 0x0000B503

mem[X,0x800021C4] -> 0x1633
mem[X,0x800021C6] -> 0x02B5
[2166] [M]: 0x800021C4 (0x02B51633) mulh a2, a0, a1
x12 <- 0x00004867

mem[X,0x800021C8] -> 0xAA23
mem[X,0x800021CA] -> 0x58C0
[2167] [M]: 0x800021C8 (0x58C0AA23) sw a2, 0x594(ra)
mem[0x80006724] <- 0x00004867

mem[X,0x800021CC] -> 0x6537
mem[X,0x800021CE] -> 0x6666
[2168] [M]: 0x800021CC (0x66666537) lui a0, 0x66666
x10 <- 0x66666000

mem[X,0x800021D0] -> 0x0513
mem[X,0x800021D2] -> 0x6675
[2169] [M]: 0x800021D0 (0x66750513) addi a0, a0, 0x667
x10 <- 0x66666667

mem[X,0x800021D4] -> 0x55B7
mem[X,0x800021D6] -> 0x5555
[2170] [M]: 0x800021D4 (0x555555B7) lui a1, 0x55555
x11 <- 0x55555000

mem[X,0x800021D8] -> 0x8593
mem[X,0x800021DA] -> 0x5565
[2171] [M]: 0x800021D8 (0x55658593) addi a1, a1, 0x556
x11 <- 0x55555556

mem[X,0x800021DC] -> 0x1633
mem[X,0x800021DE] -> 0x02B5
[2172] [M]: 0x800021DC (0x02B51633) mulh a2, a0, a1
x12 <- 0x22222222

mem[X,0x800021E0] -> 0xAC23
mem[X,0x800021E2] -> 0x58C0
[2173] [M]: 0x800021E0 (0x58C0AC23) sw a2, 0x598(ra)
mem[0x80006728] <- 0x22222222

mem[X,0x800021E4] -> 0x6537
mem[X,0x800021E6] -> 0x6666
[2174] [M]: 0x800021E4 (0x66666537) lui a0, 0x66666
x10 <- 0x66666000

mem[X,0x800021E8] -> 0x0513
mem[X,0x800021EA] -> 0x6675
[2175] [M]: 0x800021E8 (0x66750513) addi a0, a0, 0x667
x10 <- 0x66666667

mem[X,0x800021EC] -> 0xB5B7
mem[X,0x800021EE] -> 0xAAAA
[2176] [M]: 0x800021EC (0xAAAAB5B7) lui a1, -0x55555
x11 <- 0xAAAAB000

mem[X,0x800021F0] -> 0x8593
mem[X,0x800021F2] -> 0xAAB5
[2177] [M]: 0x800021F0 (0xAAB58593) addi a1, a1, -0x555
x11 <- 0xAAAAAAAB

mem[X,0x800021F4] -> 0x1633
mem[X,0x800021F6] -> 0x02B5
[2178] [M]: 0x800021F4 (0x02B51633) mulh a2, a0, a1
x12 <- 0xDDDDDDDD

mem[X,0x800021F8] -> 0xAE23
mem[X,0x800021FA] -> 0x58C0
[2179] [M]: 0x800021F8 (0x58C0AE23) sw a2, 0x59c(ra)
mem[0x8000672C] <- 0xDDDDDDDD

mem[X,0x800021FC] -> 0x6537
mem[X,0x800021FE] -> 0x6666
[2180] [M]: 0x800021FC (0x66666537) lui a0, 0x66666
x10 <- 0x66666000

mem[X,0x80002200] -> 0x0513
mem[X,0x80002202] -> 0x6675
[2181] [M]: 0x80002200 (0x66750513) addi a0, a0, 0x667
x10 <- 0x66666667

mem[X,0x80002204] -> 0x0593
mem[X,0x80002206] -> 0x0060
[2182] [M]: 0x80002204 (0x00600593) addi a1, zero, 0x6
x11 <- 0x00000006

mem[X,0x80002208] -> 0x1633
mem[X,0x8000220A] -> 0x02B5
[2183] [M]: 0x80002208 (0x02B51633) mulh a2, a0, a1
x12 <- 0x00000002

mem[X,0x8000220C] -> 0xA023
mem[X,0x8000220E] -> 0x5AC0
[2184] [M]: 0x8000220C (0x5AC0A023) sw a2, 0x5a0(ra)
mem[0x80006730] <- 0x00000002

mem[X,0x80002210] -> 0x6537
mem[X,0x80002212] -> 0x6666
[2185] [M]: 0x80002210 (0x66666537) lui a0, 0x66666
x10 <- 0x66666000

mem[X,0x80002214] -> 0x0513
mem[X,0x80002216] -> 0x6675
[2186] [M]: 0x80002214 (0x66750513) addi a0, a0, 0x667
x10 <- 0x66666667

mem[X,0x80002218] -> 0x35B7
mem[X,0x8000221A] -> 0x3333
[2187] [M]: 0x80002218 (0x333335B7) lui a1, 0x33333
x11 <- 0x33333000

mem[X,0x8000221C] -> 0x8593
mem[X,0x8000221E] -> 0x3345
[2188] [M]: 0x8000221C (0x33458593) addi a1, a1, 0x334
x11 <- 0x33333334

mem[X,0x80002220] -> 0x1633
mem[X,0x80002222] -> 0x02B5
[2189] [M]: 0x80002220 (0x02B51633) mulh a2, a0, a1
x12 <- 0x147AE148

mem[X,0x80002224] -> 0xA223
mem[X,0x80002226] -> 0x5AC0
[2190] [M]: 0x80002224 (0x5AC0A223) sw a2, 0x5a4(ra)
mem[0x80006734] <- 0x147AE148

mem[X,0x80002228] -> 0x6537
mem[X,0x8000222A] -> 0x6666
[2191] [M]: 0x80002228 (0x66666537) lui a0, 0x66666
x10 <- 0x66666000

mem[X,0x8000222C] -> 0x0513
mem[X,0x8000222E] -> 0x6675
[2192] [M]: 0x8000222C (0x66750513) addi a0, a0, 0x667
x10 <- 0x66666667

mem[X,0x80002230] -> 0x65B7
mem[X,0x80002232] -> 0x6666
[2193] [M]: 0x80002230 (0x666665B7) lui a1, 0x66666
x11 <- 0x66666000

mem[X,0x80002234] -> 0x8593
mem[X,0x80002236] -> 0x6675
[2194] [M]: 0x80002234 (0x66758593) addi a1, a1, 0x667
x11 <- 0x66666667

mem[X,0x80002238] -> 0x1633
mem[X,0x8000223A] -> 0x02B5
[2195] [M]: 0x80002238 (0x02B51633) mulh a2, a0, a1
x12 <- 0x28F5C28F

mem[X,0x8000223C] -> 0xA423
mem[X,0x8000223E] -> 0x5AC0
[2196] [M]: 0x8000223C (0x5AC0A423) sw a2, 0x5a8(ra)
mem[0x80006738] <- 0x28F5C28F

mem[X,0x80002240] -> 0x6537
mem[X,0x80002242] -> 0x6666
[2197] [M]: 0x80002240 (0x66666537) lui a0, 0x66666
x10 <- 0x66666000

mem[X,0x80002244] -> 0x0513
mem[X,0x80002246] -> 0x6675
[2198] [M]: 0x80002244 (0x66750513) addi a0, a0, 0x667
x10 <- 0x66666667

mem[X,0x80002248] -> 0x55B7
mem[X,0x8000224A] -> 0xFFFF
[2199] [M]: 0x80002248 (0xFFFF55B7) lui a1, -0xb
x11 <- 0xFFFF5000

clint::tick mtime <- 0x0000000000000016
 clint timer pending at mtime 0x0000000000000016
htif::tick 0x0000000000000000
mem[X,0x8000224C] -> 0x8593
mem[X,0x8000224E] -> 0xAFD5
[2200] [M]: 0x8000224C (0xAFD58593) addi a1, a1, -0x503
x11 <- 0xFFFF4AFD

mem[X,0x80002250] -> 0x1633
mem[X,0x80002252] -> 0x02B5
[2201] [M]: 0x80002250 (0x02B51633) mulh a2, a0, a1
x12 <- 0xFFFFB798

mem[X,0x80002254] -> 0xA623
mem[X,0x80002256] -> 0x5AC0
[2202] [M]: 0x80002254 (0x5AC0A623) sw a2, 0x5ac(ra)
mem[0x8000673C] <- 0xFFFFB798

mem[X,0x80002258] -> 0x6537
mem[X,0x8000225A] -> 0x6666
[2203] [M]: 0x80002258 (0x66666537) lui a0, 0x66666
x10 <- 0x66666000

mem[X,0x8000225C] -> 0x0513
mem[X,0x8000225E] -> 0x6675
[2204] [M]: 0x8000225C (0x66750513) addi a0, a0, 0x667
x10 <- 0x66666667

mem[X,0x80002260] -> 0xB5B7
mem[X,0x80002262] -> 0x0000
[2205] [M]: 0x80002260 (0x0000B5B7) lui a1, 0xb
x11 <- 0x0000B000

mem[X,0x80002264] -> 0x8593
mem[X,0x80002266] -> 0x5055
[2206] [M]: 0x80002264 (0x50558593) addi a1, a1, 0x505
x11 <- 0x0000B505

mem[X,0x80002268] -> 0x1633
mem[X,0x8000226A] -> 0x02B5
[2207] [M]: 0x80002268 (0x02B51633) mulh a2, a0, a1
x12 <- 0x00004868

mem[X,0x8000226C] -> 0xA823
mem[X,0x8000226E] -> 0x5AC0
[2208] [M]: 0x8000226C (0x5AC0A823) sw a2, 0x5b0(ra)
mem[0x80006740] <- 0x00004868

mem[X,0x80002270] -> 0x5537
mem[X,0x80002272] -> 0xFFFF
[2209] [M]: 0x80002270 (0xFFFF5537) lui a0, -0xb
x10 <- 0xFFFF5000

mem[X,0x80002274] -> 0x0513
mem[X,0x80002276] -> 0xAFD5
[2210] [M]: 0x80002274 (0xAFD50513) addi a0, a0, -0x503
x10 <- 0xFFFF4AFD

mem[X,0x80002278] -> 0x0593
mem[X,0x8000227A] -> 0x0030
[2211] [M]: 0x80002278 (0x00300593) addi a1, zero, 0x3
x11 <- 0x00000003

mem[X,0x8000227C] -> 0x1633
mem[X,0x8000227E] -> 0x02B5
[2212] [M]: 0x8000227C (0x02B51633) mulh a2, a0, a1
x12 <- 0xFFFFFFFF

mem[X,0x80002280] -> 0xAA23
mem[X,0x80002282] -> 0x5AC0
[2213] [M]: 0x80002280 (0x5AC0AA23) sw a2, 0x5b4(ra)
mem[0x80006744] <- 0xFFFFFFFF

mem[X,0x80002284] -> 0x5537
mem[X,0x80002286] -> 0xFFFF
[2214] [M]: 0x80002284 (0xFFFF5537) lui a0, -0xb
x10 <- 0xFFFF5000

mem[X,0x80002288] -> 0x0513
mem[X,0x8000228A] -> 0xAFD5
[2215] [M]: 0x80002288 (0xAFD50513) addi a0, a0, -0x503
x10 <- 0xFFFF4AFD

mem[X,0x8000228C] -> 0x55B7
mem[X,0x8000228E] -> 0x5555
[2216] [M]: 0x8000228C (0x555555B7) lui a1, 0x55555
x11 <- 0x55555000

mem[X,0x80002290] -> 0x8593
mem[X,0x80002292] -> 0x5555
[2217] [M]: 0x80002290 (0x55558593) addi a1, a1, 0x555
x11 <- 0x55555555

mem[X,0x80002294] -> 0x1633
mem[X,0x80002296] -> 0x02B5
[2218] [M]: 0x80002294 (0x02B51633) mulh a2, a0, a1
x12 <- 0xFFFFC3A9

mem[X,0x80002298] -> 0xAC23
mem[X,0x8000229A] -> 0x5AC0
[2219] [M]: 0x80002298 (0x5AC0AC23) sw a2, 0x5b8(ra)
mem[0x80006748] <- 0xFFFFC3A9

mem[X,0x8000229C] -> 0x5537
mem[X,0x8000229E] -> 0xFFFF
[2220] [M]: 0x8000229C (0xFFFF5537) lui a0, -0xb
x10 <- 0xFFFF5000

mem[X,0x800022A0] -> 0x0513
mem[X,0x800022A2] -> 0xAFD5
[2221] [M]: 0x800022A0 (0xAFD50513) addi a0, a0, -0x503
x10 <- 0xFFFF4AFD

mem[X,0x800022A4] -> 0xB5B7
mem[X,0x800022A6] -> 0xAAAA
[2222] [M]: 0x800022A4 (0xAAAAB5B7) lui a1, -0x55555
x11 <- 0xAAAAB000

mem[X,0x800022A8] -> 0x8593
mem[X,0x800022AA] -> 0xAAA5
[2223] [M]: 0x800022A8 (0xAAA58593) addi a1, a1, -0x556
x11 <- 0xAAAAAAAA

mem[X,0x800022AC] -> 0x1633
mem[X,0x800022AE] -> 0x02B5
[2224] [M]: 0x800022AC (0x02B51633) mulh a2, a0, a1
x12 <- 0x00003C56

mem[X,0x800022B0] -> 0xAE23
mem[X,0x800022B2] -> 0x5AC0
[2225] [M]: 0x800022B0 (0x5AC0AE23) sw a2, 0x5bc(ra)
mem[0x8000674C] <- 0x00003C56

mem[X,0x800022B4] -> 0x5537
mem[X,0x800022B6] -> 0xFFFF
[2226] [M]: 0x800022B4 (0xFFFF5537) lui a0, -0xb
x10 <- 0xFFFF5000

mem[X,0x800022B8] -> 0x0513
mem[X,0x800022BA] -> 0xAFD5
[2227] [M]: 0x800022B8 (0xAFD50513) addi a0, a0, -0x503
x10 <- 0xFFFF4AFD

mem[X,0x800022BC] -> 0x0593
mem[X,0x800022BE] -> 0x0050
[2228] [M]: 0x800022BC (0x00500593) addi a1, zero, 0x5
x11 <- 0x00000005

mem[X,0x800022C0] -> 0x1633
mem[X,0x800022C2] -> 0x02B5
[2229] [M]: 0x800022C0 (0x02B51633) mulh a2, a0, a1
x12 <- 0xFFFFFFFF

mem[X,0x800022C4] -> 0xA023
mem[X,0x800022C6] -> 0x5CC0
[2230] [M]: 0x800022C4 (0x5CC0A023) sw a2, 0x5c0(ra)
mem[0x80006750] <- 0xFFFFFFFF

mem[X,0x800022C8] -> 0x5537
mem[X,0x800022CA] -> 0xFFFF
[2231] [M]: 0x800022C8 (0xFFFF5537) lui a0, -0xb
x10 <- 0xFFFF5000

mem[X,0x800022CC] -> 0x0513
mem[X,0x800022CE] -> 0xAFD5
[2232] [M]: 0x800022CC (0xAFD50513) addi a0, a0, -0x503
x10 <- 0xFFFF4AFD

mem[X,0x800022D0] -> 0x35B7
mem[X,0x800022D2] -> 0x3333
[2233] [M]: 0x800022D0 (0x333335B7) lui a1, 0x33333
x11 <- 0x33333000

mem[X,0x800022D4] -> 0x8593
mem[X,0x800022D6] -> 0x3335
[2234] [M]: 0x800022D4 (0x33358593) addi a1, a1, 0x333
x11 <- 0x33333333

mem[X,0x800022D8] -> 0x1633
mem[X,0x800022DA] -> 0x02B5
[2235] [M]: 0x800022D8 (0x02B51633) mulh a2, a0, a1
x12 <- 0xFFFFDBCC

mem[X,0x800022DC] -> 0xA223
mem[X,0x800022DE] -> 0x5CC0
[2236] [M]: 0x800022DC (0x5CC0A223) sw a2, 0x5c4(ra)
mem[0x80006754] <- 0xFFFFDBCC

mem[X,0x800022E0] -> 0x5537
mem[X,0x800022E2] -> 0xFFFF
[2237] [M]: 0x800022E0 (0xFFFF5537) lui a0, -0xb
x10 <- 0xFFFF5000

mem[X,0x800022E4] -> 0x0513
mem[X,0x800022E6] -> 0xAFD5
[2238] [M]: 0x800022E4 (0xAFD50513) addi a0, a0, -0x503
x10 <- 0xFFFF4AFD

mem[X,0x800022E8] -> 0x65B7
mem[X,0x800022EA] -> 0x6666
[2239] [M]: 0x800022E8 (0x666665B7) lui a1, 0x66666
x11 <- 0x66666000

mem[X,0x800022EC] -> 0x8593
mem[X,0x800022EE] -> 0x6665
[2240] [M]: 0x800022EC (0x66658593) addi a1, a1, 0x666
x11 <- 0x66666666

mem[X,0x800022F0] -> 0x1633
mem[X,0x800022F2] -> 0x02B5
[2241] [M]: 0x800022F0 (0x02B51633) mulh a2, a0, a1
x12 <- 0xFFFFB798

mem[X,0x800022F4] -> 0xA423
mem[X,0x800022F6] -> 0x5CC0
[2242] [M]: 0x800022F4 (0x5CC0A423) sw a2, 0x5c8(ra)
mem[0x80006758] <- 0xFFFFB798

mem[X,0x800022F8] -> 0x5537
mem[X,0x800022FA] -> 0xFFFF
[2243] [M]: 0x800022F8 (0xFFFF5537) lui a0, -0xb
x10 <- 0xFFFF5000

mem[X,0x800022FC] -> 0x0513
mem[X,0x800022FE] -> 0xAFD5
[2244] [M]: 0x800022FC (0xAFD50513) addi a0, a0, -0x503
x10 <- 0xFFFF4AFD

mem[X,0x80002300] -> 0x55B7
mem[X,0x80002302] -> 0xFFFF
[2245] [M]: 0x80002300 (0xFFFF55B7) lui a1, -0xb
x11 <- 0xFFFF5000

mem[X,0x80002304] -> 0x8593
mem[X,0x80002306] -> 0xAFC5
[2246] [M]: 0x80002304 (0xAFC58593) addi a1, a1, -0x504
x11 <- 0xFFFF4AFC

mem[X,0x80002308] -> 0x1633
mem[X,0x8000230A] -> 0x02B5
[2247] [M]: 0x80002308 (0x02B51633) mulh a2, a0, a1
x12 <- 0x00000000

mem[X,0x8000230C] -> 0xA623
mem[X,0x8000230E] -> 0x5CC0
[2248] [M]: 0x8000230C (0x5CC0A623) sw a2, 0x5cc(ra)
mem[0x8000675C] <- 0x00000000

mem[X,0x80002310] -> 0x5537
mem[X,0x80002312] -> 0xFFFF
[2249] [M]: 0x80002310 (0xFFFF5537) lui a0, -0xb
x10 <- 0xFFFF5000

mem[X,0x80002314] -> 0x0513
mem[X,0x80002316] -> 0xAFD5
[2250] [M]: 0x80002314 (0xAFD50513) addi a0, a0, -0x503
x10 <- 0xFFFF4AFD

mem[X,0x80002318] -> 0xB5B7
mem[X,0x8000231A] -> 0x0000
[2251] [M]: 0x80002318 (0x0000B5B7) lui a1, 0xb
x11 <- 0x0000B000

mem[X,0x8000231C] -> 0x8593
mem[X,0x8000231E] -> 0x5045
[2252] [M]: 0x8000231C (0x50458593) addi a1, a1, 0x504
x11 <- 0x0000B504

mem[X,0x80002320] -> 0x1633
mem[X,0x80002322] -> 0x02B5
[2253] [M]: 0x80002320 (0x02B51633) mulh a2, a0, a1
x12 <- 0xFFFFFFFF

mem[X,0x80002324] -> 0xA823
mem[X,0x80002326] -> 0x5CC0
[2254] [M]: 0x80002324 (0x5CC0A823) sw a2, 0x5d0(ra)
mem[0x80006760] <- 0xFFFFFFFF

mem[X,0x80002328] -> 0x5537
mem[X,0x8000232A] -> 0xFFFF
[2255] [M]: 0x80002328 (0xFFFF5537) lui a0, -0xb
x10 <- 0xFFFF5000

mem[X,0x8000232C] -> 0x0513
mem[X,0x8000232E] -> 0xAFD5
[2256] [M]: 0x8000232C (0xAFD50513) addi a0, a0, -0x503
x10 <- 0xFFFF4AFD

mem[X,0x80002330] -> 0x0593
mem[X,0x80002332] -> 0x0020
[2257] [M]: 0x80002330 (0x00200593) addi a1, zero, 0x2
x11 <- 0x00000002

mem[X,0x80002334] -> 0x1633
mem[X,0x80002336] -> 0x02B5
[2258] [M]: 0x80002334 (0x02B51633) mulh a2, a0, a1
x12 <- 0xFFFFFFFF

mem[X,0x80002338] -> 0xAA23
mem[X,0x8000233A] -> 0x5CC0
[2259] [M]: 0x80002338 (0x5CC0AA23) sw a2, 0x5d4(ra)
mem[0x80006764] <- 0xFFFFFFFF

mem[X,0x8000233C] -> 0x5537
mem[X,0x8000233E] -> 0xFFFF
[2260] [M]: 0x8000233C (0xFFFF5537) lui a0, -0xb
x10 <- 0xFFFF5000

mem[X,0x80002340] -> 0x0513
mem[X,0x80002342] -> 0xAFD5
[2261] [M]: 0x80002340 (0xAFD50513) addi a0, a0, -0x503
x10 <- 0xFFFF4AFD

mem[X,0x80002344] -> 0x55B7
mem[X,0x80002346] -> 0x5555
[2262] [M]: 0x80002344 (0x555555B7) lui a1, 0x55555
x11 <- 0x55555000

mem[X,0x80002348] -> 0x8593
mem[X,0x8000234A] -> 0x5545
[2263] [M]: 0x80002348 (0x55458593) addi a1, a1, 0x554
x11 <- 0x55555554

mem[X,0x8000234C] -> 0x1633
mem[X,0x8000234E] -> 0x02B5
[2264] [M]: 0x8000234C (0x02B51633) mulh a2, a0, a1
x12 <- 0xFFFFC3A9

mem[X,0x80002350] -> 0xAC23
mem[X,0x80002352] -> 0x5CC0
[2265] [M]: 0x80002350 (0x5CC0AC23) sw a2, 0x5d8(ra)
mem[0x80006768] <- 0xFFFFC3A9

mem[X,0x80002354] -> 0x5537
mem[X,0x80002356] -> 0xFFFF
[2266] [M]: 0x80002354 (0xFFFF5537) lui a0, -0xb
x10 <- 0xFFFF5000

mem[X,0x80002358] -> 0x0513
mem[X,0x8000235A] -> 0xAFD5
[2267] [M]: 0x80002358 (0xAFD50513) addi a0, a0, -0x503
x10 <- 0xFFFF4AFD

mem[X,0x8000235C] -> 0x0593
mem[X,0x8000235E] -> 0x0000
[2268] [M]: 0x8000235C (0x00000593) addi a1, zero, 0x0
x11 <- 0x00000000

mem[X,0x80002360] -> 0x1633
mem[X,0x80002362] -> 0x02B5
[2269] [M]: 0x80002360 (0x02B51633) mulh a2, a0, a1
x12 <- 0x00000000

mem[X,0x80002364] -> 0xAE23
mem[X,0x80002366] -> 0x5CC0
[2270] [M]: 0x80002364 (0x5CC0AE23) sw a2, 0x5dc(ra)
mem[0x8000676C] <- 0x00000000

mem[X,0x80002368] -> 0x5537
mem[X,0x8000236A] -> 0xFFFF
[2271] [M]: 0x80002368 (0xFFFF5537) lui a0, -0xb
x10 <- 0xFFFF5000

mem[X,0x8000236C] -> 0x0513
mem[X,0x8000236E] -> 0xAFD5
[2272] [M]: 0x8000236C (0xAFD50513) addi a0, a0, -0x503
x10 <- 0xFFFF4AFD

mem[X,0x80002370] -> 0x0593
mem[X,0x80002372] -> 0x0040
[2273] [M]: 0x80002370 (0x00400593) addi a1, zero, 0x4
x11 <- 0x00000004

mem[X,0x80002374] -> 0x1633
mem[X,0x80002376] -> 0x02B5
[2274] [M]: 0x80002374 (0x02B51633) mulh a2, a0, a1
x12 <- 0xFFFFFFFF

mem[X,0x80002378] -> 0xA023
mem[X,0x8000237A] -> 0x5EC0
[2275] [M]: 0x80002378 (0x5EC0A023) sw a2, 0x5e0(ra)
mem[0x80006770] <- 0xFFFFFFFF

mem[X,0x8000237C] -> 0x5537
mem[X,0x8000237E] -> 0xFFFF
[2276] [M]: 0x8000237C (0xFFFF5537) lui a0, -0xb
x10 <- 0xFFFF5000

mem[X,0x80002380] -> 0x0513
mem[X,0x80002382] -> 0xAFD5
[2277] [M]: 0x80002380 (0xAFD50513) addi a0, a0, -0x503
x10 <- 0xFFFF4AFD

mem[X,0x80002384] -> 0x35B7
mem[X,0x80002386] -> 0x3333
[2278] [M]: 0x80002384 (0x333335B7) lui a1, 0x33333
x11 <- 0x33333000

mem[X,0x80002388] -> 0x8593
mem[X,0x8000238A] -> 0x3325
[2279] [M]: 0x80002388 (0x33258593) addi a1, a1, 0x332
x11 <- 0x33333332

mem[X,0x8000238C] -> 0x1633
mem[X,0x8000238E] -> 0x02B5
[2280] [M]: 0x8000238C (0x02B51633) mulh a2, a0, a1
x12 <- 0xFFFFDBCC

mem[X,0x80002390] -> 0xA223
mem[X,0x80002392] -> 0x5EC0
[2281] [M]: 0x80002390 (0x5EC0A223) sw a2, 0x5e4(ra)
mem[0x80006774] <- 0xFFFFDBCC

mem[X,0x80002394] -> 0x5537
mem[X,0x80002396] -> 0xFFFF
[2282] [M]: 0x80002394 (0xFFFF5537) lui a0, -0xb
x10 <- 0xFFFF5000

mem[X,0x80002398] -> 0x0513
mem[X,0x8000239A] -> 0xAFD5
[2283] [M]: 0x80002398 (0xAFD50513) addi a0, a0, -0x503
x10 <- 0xFFFF4AFD

mem[X,0x8000239C] -> 0x65B7
mem[X,0x8000239E] -> 0x6666
[2284] [M]: 0x8000239C (0x666665B7) lui a1, 0x66666
x11 <- 0x66666000

mem[X,0x800023A0] -> 0x8593
mem[X,0x800023A2] -> 0x6655
[2285] [M]: 0x800023A0 (0x66558593) addi a1, a1, 0x665
x11 <- 0x66666665

mem[X,0x800023A4] -> 0x1633
mem[X,0x800023A6] -> 0x02B5
[2286] [M]: 0x800023A4 (0x02B51633) mulh a2, a0, a1
x12 <- 0xFFFFB798

mem[X,0x800023A8] -> 0xA423
mem[X,0x800023AA] -> 0x5EC0
[2287] [M]: 0x800023A8 (0x5EC0A423) sw a2, 0x5e8(ra)
mem[0x80006778] <- 0xFFFFB798

mem[X,0x800023AC] -> 0x5537
mem[X,0x800023AE] -> 0xFFFF
[2288] [M]: 0x800023AC (0xFFFF5537) lui a0, -0xb
x10 <- 0xFFFF5000

mem[X,0x800023B0] -> 0x0513
mem[X,0x800023B2] -> 0xAFD5
[2289] [M]: 0x800023B0 (0xAFD50513) addi a0, a0, -0x503
x10 <- 0xFFFF4AFD

mem[X,0x800023B4] -> 0xB5B7
mem[X,0x800023B6] -> 0x0000
[2290] [M]: 0x800023B4 (0x0000B5B7) lui a1, 0xb
x11 <- 0x0000B000

mem[X,0x800023B8] -> 0x8593
mem[X,0x800023BA] -> 0x5035
[2291] [M]: 0x800023B8 (0x50358593) addi a1, a1, 0x503
x11 <- 0x0000B503

mem[X,0x800023BC] -> 0x1633
mem[X,0x800023BE] -> 0x02B5
[2292] [M]: 0x800023BC (0x02B51633) mulh a2, a0, a1
x12 <- 0xFFFFFFFF

mem[X,0x800023C0] -> 0xA623
mem[X,0x800023C2] -> 0x5EC0
[2293] [M]: 0x800023C0 (0x5EC0A623) sw a2, 0x5ec(ra)
mem[0x8000677C] <- 0xFFFFFFFF

mem[X,0x800023C4] -> 0x5537
mem[X,0x800023C6] -> 0xFFFF
[2294] [M]: 0x800023C4 (0xFFFF5537) lui a0, -0xb
x10 <- 0xFFFF5000

mem[X,0x800023C8] -> 0x0513
mem[X,0x800023CA] -> 0xAFD5
[2295] [M]: 0x800023C8 (0xAFD50513) addi a0, a0, -0x503
x10 <- 0xFFFF4AFD

mem[X,0x800023CC] -> 0x55B7
mem[X,0x800023CE] -> 0x5555
[2296] [M]: 0x800023CC (0x555555B7) lui a1, 0x55555
x11 <- 0x55555000

mem[X,0x800023D0] -> 0x8593
mem[X,0x800023D2] -> 0x5565
[2297] [M]: 0x800023D0 (0x55658593) addi a1, a1, 0x556
x11 <- 0x55555556

mem[X,0x800023D4] -> 0x1633
mem[X,0x800023D6] -> 0x02B5
[2298] [M]: 0x800023D4 (0x02B51633) mulh a2, a0, a1
x12 <- 0xFFFFC3A9

mem[X,0x800023D8] -> 0xA823
mem[X,0x800023DA] -> 0x5EC0
[2299] [M]: 0x800023D8 (0x5EC0A823) sw a2, 0x5f0(ra)
mem[0x80006780] <- 0xFFFFC3A9

clint::tick mtime <- 0x0000000000000017
 clint timer pending at mtime 0x0000000000000017
htif::tick 0x0000000000000000
mem[X,0x800023DC] -> 0x5537
mem[X,0x800023DE] -> 0xFFFF
[2300] [M]: 0x800023DC (0xFFFF5537) lui a0, -0xb
x10 <- 0xFFFF5000

mem[X,0x800023E0] -> 0x0513
mem[X,0x800023E2] -> 0xAFD5
[2301] [M]: 0x800023E0 (0xAFD50513) addi a0, a0, -0x503
x10 <- 0xFFFF4AFD

mem[X,0x800023E4] -> 0xB5B7
mem[X,0x800023E6] -> 0xAAAA
[2302] [M]: 0x800023E4 (0xAAAAB5B7) lui a1, -0x55555
x11 <- 0xAAAAB000

mem[X,0x800023E8] -> 0x8593
mem[X,0x800023EA] -> 0xAAB5
[2303] [M]: 0x800023E8 (0xAAB58593) addi a1, a1, -0x555
x11 <- 0xAAAAAAAB

mem[X,0x800023EC] -> 0x1633
mem[X,0x800023EE] -> 0x02B5
[2304] [M]: 0x800023EC (0x02B51633) mulh a2, a0, a1
x12 <- 0x00003C56

mem[X,0x800023F0] -> 0xAA23
mem[X,0x800023F2] -> 0x5EC0
[2305] [M]: 0x800023F0 (0x5EC0AA23) sw a2, 0x5f4(ra)
mem[0x80006784] <- 0x00003C56

mem[X,0x800023F4] -> 0x5537
mem[X,0x800023F6] -> 0xFFFF
[2306] [M]: 0x800023F4 (0xFFFF5537) lui a0, -0xb
x10 <- 0xFFFF5000

mem[X,0x800023F8] -> 0x0513
mem[X,0x800023FA] -> 0xAFD5
[2307] [M]: 0x800023F8 (0xAFD50513) addi a0, a0, -0x503
x10 <- 0xFFFF4AFD

mem[X,0x800023FC] -> 0x0593
mem[X,0x800023FE] -> 0x0060
[2308] [M]: 0x800023FC (0x00600593) addi a1, zero, 0x6
x11 <- 0x00000006

mem[X,0x80002400] -> 0x1633
mem[X,0x80002402] -> 0x02B5
[2309] [M]: 0x80002400 (0x02B51633) mulh a2, a0, a1
x12 <- 0xFFFFFFFF

mem[X,0x80002404] -> 0xAC23
mem[X,0x80002406] -> 0x5EC0
[2310] [M]: 0x80002404 (0x5EC0AC23) sw a2, 0x5f8(ra)
mem[0x80006788] <- 0xFFFFFFFF

mem[X,0x80002408] -> 0x5537
mem[X,0x8000240A] -> 0xFFFF
[2311] [M]: 0x80002408 (0xFFFF5537) lui a0, -0xb
x10 <- 0xFFFF5000

mem[X,0x8000240C] -> 0x0513
mem[X,0x8000240E] -> 0xAFD5
[2312] [M]: 0x8000240C (0xAFD50513) addi a0, a0, -0x503
x10 <- 0xFFFF4AFD

mem[X,0x80002410] -> 0x35B7
mem[X,0x80002412] -> 0x3333
[2313] [M]: 0x80002410 (0x333335B7) lui a1, 0x33333
x11 <- 0x33333000

mem[X,0x80002414] -> 0x8593
mem[X,0x80002416] -> 0x3345
[2314] [M]: 0x80002414 (0x33458593) addi a1, a1, 0x334
x11 <- 0x33333334

mem[X,0x80002418] -> 0x1633
mem[X,0x8000241A] -> 0x02B5
[2315] [M]: 0x80002418 (0x02B51633) mulh a2, a0, a1
x12 <- 0xFFFFDBCC

mem[X,0x8000241C] -> 0xAE23
mem[X,0x8000241E] -> 0x5EC0
[2316] [M]: 0x8000241C (0x5EC0AE23) sw a2, 0x5fc(ra)
mem[0x8000678C] <- 0xFFFFDBCC

mem[X,0x80002420] -> 0x5537
mem[X,0x80002422] -> 0xFFFF
[2317] [M]: 0x80002420 (0xFFFF5537) lui a0, -0xb
x10 <- 0xFFFF5000

mem[X,0x80002424] -> 0x0513
mem[X,0x80002426] -> 0xAFD5
[2318] [M]: 0x80002424 (0xAFD50513) addi a0, a0, -0x503
x10 <- 0xFFFF4AFD

mem[X,0x80002428] -> 0x65B7
mem[X,0x8000242A] -> 0x6666
[2319] [M]: 0x80002428 (0x666665B7) lui a1, 0x66666
x11 <- 0x66666000

mem[X,0x8000242C] -> 0x8593
mem[X,0x8000242E] -> 0x6675
[2320] [M]: 0x8000242C (0x66758593) addi a1, a1, 0x667
x11 <- 0x66666667

mem[X,0x80002430] -> 0x1633
mem[X,0x80002432] -> 0x02B5
[2321] [M]: 0x80002430 (0x02B51633) mulh a2, a0, a1
x12 <- 0xFFFFB798

mem[X,0x80002434] -> 0xA023
mem[X,0x80002436] -> 0x60C0
[2322] [M]: 0x80002434 (0x60C0A023) sw a2, 0x600(ra)
mem[0x80006790] <- 0xFFFFB798

mem[X,0x80002438] -> 0x5537
mem[X,0x8000243A] -> 0xFFFF
[2323] [M]: 0x80002438 (0xFFFF5537) lui a0, -0xb
x10 <- 0xFFFF5000

mem[X,0x8000243C] -> 0x0513
mem[X,0x8000243E] -> 0xAFD5
[2324] [M]: 0x8000243C (0xAFD50513) addi a0, a0, -0x503
x10 <- 0xFFFF4AFD

mem[X,0x80002440] -> 0x55B7
mem[X,0x80002442] -> 0xFFFF
[2325] [M]: 0x80002440 (0xFFFF55B7) lui a1, -0xb
x11 <- 0xFFFF5000

mem[X,0x80002444] -> 0x8593
mem[X,0x80002446] -> 0xAFD5
[2326] [M]: 0x80002444 (0xAFD58593) addi a1, a1, -0x503
x11 <- 0xFFFF4AFD

mem[X,0x80002448] -> 0x1633
mem[X,0x8000244A] -> 0x02B5
[2327] [M]: 0x80002448 (0x02B51633) mulh a2, a0, a1
x12 <- 0x00000000

mem[X,0x8000244C] -> 0xA223
mem[X,0x8000244E] -> 0x60C0
[2328] [M]: 0x8000244C (0x60C0A223) sw a2, 0x604(ra)
mem[0x80006794] <- 0x00000000

mem[X,0x80002450] -> 0x5537
mem[X,0x80002452] -> 0xFFFF
[2329] [M]: 0x80002450 (0xFFFF5537) lui a0, -0xb
x10 <- 0xFFFF5000

mem[X,0x80002454] -> 0x0513
mem[X,0x80002456] -> 0xAFD5
[2330] [M]: 0x80002454 (0xAFD50513) addi a0, a0, -0x503
x10 <- 0xFFFF4AFD

mem[X,0x80002458] -> 0xB5B7
mem[X,0x8000245A] -> 0x0000
[2331] [M]: 0x80002458 (0x0000B5B7) lui a1, 0xb
x11 <- 0x0000B000

mem[X,0x8000245C] -> 0x8593
mem[X,0x8000245E] -> 0x5055
[2332] [M]: 0x8000245C (0x50558593) addi a1, a1, 0x505
x11 <- 0x0000B505

mem[X,0x80002460] -> 0x1633
mem[X,0x80002462] -> 0x02B5
[2333] [M]: 0x80002460 (0x02B51633) mulh a2, a0, a1
x12 <- 0xFFFFFFFF

mem[X,0x80002464] -> 0xA423
mem[X,0x80002466] -> 0x60C0
[2334] [M]: 0x80002464 (0x60C0A423) sw a2, 0x608(ra)
mem[0x80006798] <- 0xFFFFFFFF

mem[X,0x80002468] -> 0xB537
mem[X,0x8000246A] -> 0x0000
[2335] [M]: 0x80002468 (0x0000B537) lui a0, 0xb
x10 <- 0x0000B000

mem[X,0x8000246C] -> 0x0513
mem[X,0x8000246E] -> 0x5055
[2336] [M]: 0x8000246C (0x50550513) addi a0, a0, 0x505
x10 <- 0x0000B505

mem[X,0x80002470] -> 0x0593
mem[X,0x80002472] -> 0x0030
[2337] [M]: 0x80002470 (0x00300593) addi a1, zero, 0x3
x11 <- 0x00000003

mem[X,0x80002474] -> 0x1633
mem[X,0x80002476] -> 0x02B5
[2338] [M]: 0x80002474 (0x02B51633) mulh a2, a0, a1
x12 <- 0x00000000

mem[X,0x80002478] -> 0xA623
mem[X,0x8000247A] -> 0x60C0
[2339] [M]: 0x80002478 (0x60C0A623) sw a2, 0x60c(ra)
mem[0x8000679C] <- 0x00000000

mem[X,0x8000247C] -> 0xB537
mem[X,0x8000247E] -> 0x0000
[2340] [M]: 0x8000247C (0x0000B537) lui a0, 0xb
x10 <- 0x0000B000

mem[X,0x80002480] -> 0x0513
mem[X,0x80002482] -> 0x5055
[2341] [M]: 0x80002480 (0x50550513) addi a0, a0, 0x505
x10 <- 0x0000B505

mem[X,0x80002484] -> 0x55B7
mem[X,0x80002486] -> 0x5555
[2342] [M]: 0x80002484 (0x555555B7) lui a1, 0x55555
x11 <- 0x55555000

mem[X,0x80002488] -> 0x8593
mem[X,0x8000248A] -> 0x5555
[2343] [M]: 0x80002488 (0x55558593) addi a1, a1, 0x555
x11 <- 0x55555555

mem[X,0x8000248C] -> 0x1633
mem[X,0x8000248E] -> 0x02B5
[2344] [M]: 0x8000248C (0x02B51633) mulh a2, a0, a1
x12 <- 0x00003C56

mem[X,0x80002490] -> 0xA823
mem[X,0x80002492] -> 0x60C0
[2345] [M]: 0x80002490 (0x60C0A823) sw a2, 0x610(ra)
mem[0x800067A0] <- 0x00003C56

mem[X,0x80002494] -> 0xB537
mem[X,0x80002496] -> 0x0000
[2346] [M]: 0x80002494 (0x0000B537) lui a0, 0xb
x10 <- 0x0000B000

mem[X,0x80002498] -> 0x0513
mem[X,0x8000249A] -> 0x5055
[2347] [M]: 0x80002498 (0x50550513) addi a0, a0, 0x505
x10 <- 0x0000B505

mem[X,0x8000249C] -> 0xB5B7
mem[X,0x8000249E] -> 0xAAAA
[2348] [M]: 0x8000249C (0xAAAAB5B7) lui a1, -0x55555
x11 <- 0xAAAAB000

mem[X,0x800024A0] -> 0x8593
mem[X,0x800024A2] -> 0xAAA5
[2349] [M]: 0x800024A0 (0xAAA58593) addi a1, a1, -0x556
x11 <- 0xAAAAAAAA

mem[X,0x800024A4] -> 0x1633
mem[X,0x800024A6] -> 0x02B5
[2350] [M]: 0x800024A4 (0x02B51633) mulh a2, a0, a1
x12 <- 0xFFFFC3A8

mem[X,0x800024A8] -> 0xAA23
mem[X,0x800024AA] -> 0x60C0
[2351] [M]: 0x800024A8 (0x60C0AA23) sw a2, 0x614(ra)
mem[0x800067A4] <- 0xFFFFC3A8

mem[X,0x800024AC] -> 0xB537
mem[X,0x800024AE] -> 0x0000
[2352] [M]: 0x800024AC (0x0000B537) lui a0, 0xb
x10 <- 0x0000B000

mem[X,0x800024B0] -> 0x0513
mem[X,0x800024B2] -> 0x5055
[2353] [M]: 0x800024B0 (0x50550513) addi a0, a0, 0x505
x10 <- 0x0000B505

mem[X,0x800024B4] -> 0x0593
mem[X,0x800024B6] -> 0x0050
[2354] [M]: 0x800024B4 (0x00500593) addi a1, zero, 0x5
x11 <- 0x00000005

mem[X,0x800024B8] -> 0x1633
mem[X,0x800024BA] -> 0x02B5
[2355] [M]: 0x800024B8 (0x02B51633) mulh a2, a0, a1
x12 <- 0x00000000

mem[X,0x800024BC] -> 0xAC23
mem[X,0x800024BE] -> 0x60C0
[2356] [M]: 0x800024BC (0x60C0AC23) sw a2, 0x618(ra)
mem[0x800067A8] <- 0x00000000

mem[X,0x800024C0] -> 0xB537
mem[X,0x800024C2] -> 0x0000
[2357] [M]: 0x800024C0 (0x0000B537) lui a0, 0xb
x10 <- 0x0000B000

mem[X,0x800024C4] -> 0x0513
mem[X,0x800024C6] -> 0x5055
[2358] [M]: 0x800024C4 (0x50550513) addi a0, a0, 0x505
x10 <- 0x0000B505

mem[X,0x800024C8] -> 0x35B7
mem[X,0x800024CA] -> 0x3333
[2359] [M]: 0x800024C8 (0x333335B7) lui a1, 0x33333
x11 <- 0x33333000

mem[X,0x800024CC] -> 0x8593
mem[X,0x800024CE] -> 0x3335
[2360] [M]: 0x800024CC (0x33358593) addi a1, a1, 0x333
x11 <- 0x33333333

mem[X,0x800024D0] -> 0x1633
mem[X,0x800024D2] -> 0x02B5
[2361] [M]: 0x800024D0 (0x02B51633) mulh a2, a0, a1
x12 <- 0x00002434

mem[X,0x800024D4] -> 0xAE23
mem[X,0x800024D6] -> 0x60C0
[2362] [M]: 0x800024D4 (0x60C0AE23) sw a2, 0x61c(ra)
mem[0x800067AC] <- 0x00002434

mem[X,0x800024D8] -> 0xB537
mem[X,0x800024DA] -> 0x0000
[2363] [M]: 0x800024D8 (0x0000B537) lui a0, 0xb
x10 <- 0x0000B000

mem[X,0x800024DC] -> 0x0513
mem[X,0x800024DE] -> 0x5055
[2364] [M]: 0x800024DC (0x50550513) addi a0, a0, 0x505
x10 <- 0x0000B505

mem[X,0x800024E0] -> 0x65B7
mem[X,0x800024E2] -> 0x6666
[2365] [M]: 0x800024E0 (0x666665B7) lui a1, 0x66666
x11 <- 0x66666000

mem[X,0x800024E4] -> 0x8593
mem[X,0x800024E6] -> 0x6665
[2366] [M]: 0x800024E4 (0x66658593) addi a1, a1, 0x666
x11 <- 0x66666666

mem[X,0x800024E8] -> 0x1633
mem[X,0x800024EA] -> 0x02B5
[2367] [M]: 0x800024E8 (0x02B51633) mulh a2, a0, a1
x12 <- 0x00004868

mem[X,0x800024EC] -> 0xA023
mem[X,0x800024EE] -> 0x62C0
[2368] [M]: 0x800024EC (0x62C0A023) sw a2, 0x620(ra)
mem[0x800067B0] <- 0x00004868

mem[X,0x800024F0] -> 0xB537
mem[X,0x800024F2] -> 0x0000
[2369] [M]: 0x800024F0 (0x0000B537) lui a0, 0xb
x10 <- 0x0000B000

mem[X,0x800024F4] -> 0x0513
mem[X,0x800024F6] -> 0x5055
[2370] [M]: 0x800024F4 (0x50550513) addi a0, a0, 0x505
x10 <- 0x0000B505

mem[X,0x800024F8] -> 0x55B7
mem[X,0x800024FA] -> 0xFFFF
[2371] [M]: 0x800024F8 (0xFFFF55B7) lui a1, -0xb
x11 <- 0xFFFF5000

mem[X,0x800024FC] -> 0x8593
mem[X,0x800024FE] -> 0xAFC5
[2372] [M]: 0x800024FC (0xAFC58593) addi a1, a1, -0x504
x11 <- 0xFFFF4AFC

mem[X,0x80002500] -> 0x1633
mem[X,0x80002502] -> 0x02B5
[2373] [M]: 0x80002500 (0x02B51633) mulh a2, a0, a1
x12 <- 0xFFFFFFFF

mem[X,0x80002504] -> 0xA223
mem[X,0x80002506] -> 0x62C0
[2374] [M]: 0x80002504 (0x62C0A223) sw a2, 0x624(ra)
mem[0x800067B4] <- 0xFFFFFFFF

mem[X,0x80002508] -> 0xB537
mem[X,0x8000250A] -> 0x0000
[2375] [M]: 0x80002508 (0x0000B537) lui a0, 0xb
x10 <- 0x0000B000

mem[X,0x8000250C] -> 0x0513
mem[X,0x8000250E] -> 0x5055
[2376] [M]: 0x8000250C (0x50550513) addi a0, a0, 0x505
x10 <- 0x0000B505

mem[X,0x80002510] -> 0xB5B7
mem[X,0x80002512] -> 0x0000
[2377] [M]: 0x80002510 (0x0000B5B7) lui a1, 0xb
x11 <- 0x0000B000

mem[X,0x80002514] -> 0x8593
mem[X,0x80002516] -> 0x5045
[2378] [M]: 0x80002514 (0x50458593) addi a1, a1, 0x504
x11 <- 0x0000B504

mem[X,0x80002518] -> 0x1633
mem[X,0x8000251A] -> 0x02B5
[2379] [M]: 0x80002518 (0x02B51633) mulh a2, a0, a1
x12 <- 0x00000000

mem[X,0x8000251C] -> 0xA423
mem[X,0x8000251E] -> 0x62C0
[2380] [M]: 0x8000251C (0x62C0A423) sw a2, 0x628(ra)
mem[0x800067B8] <- 0x00000000

mem[X,0x80002520] -> 0xB537
mem[X,0x80002522] -> 0x0000
[2381] [M]: 0x80002520 (0x0000B537) lui a0, 0xb
x10 <- 0x0000B000

mem[X,0x80002524] -> 0x0513
mem[X,0x80002526] -> 0x5055
[2382] [M]: 0x80002524 (0x50550513) addi a0, a0, 0x505
x10 <- 0x0000B505

mem[X,0x80002528] -> 0x0593
mem[X,0x8000252A] -> 0x0020
[2383] [M]: 0x80002528 (0x00200593) addi a1, zero, 0x2
x11 <- 0x00000002

mem[X,0x8000252C] -> 0x1633
mem[X,0x8000252E] -> 0x02B5
[2384] [M]: 0x8000252C (0x02B51633) mulh a2, a0, a1
x12 <- 0x00000000

mem[X,0x80002530] -> 0xA623
mem[X,0x80002532] -> 0x62C0
[2385] [M]: 0x80002530 (0x62C0A623) sw a2, 0x62c(ra)
mem[0x800067BC] <- 0x00000000

mem[X,0x80002534] -> 0xB537
mem[X,0x80002536] -> 0x0000
[2386] [M]: 0x80002534 (0x0000B537) lui a0, 0xb
x10 <- 0x0000B000

mem[X,0x80002538] -> 0x0513
mem[X,0x8000253A] -> 0x5055
[2387] [M]: 0x80002538 (0x50550513) addi a0, a0, 0x505
x10 <- 0x0000B505

mem[X,0x8000253C] -> 0x55B7
mem[X,0x8000253E] -> 0x5555
[2388] [M]: 0x8000253C (0x555555B7) lui a1, 0x55555
x11 <- 0x55555000

mem[X,0x80002540] -> 0x8593
mem[X,0x80002542] -> 0x5545
[2389] [M]: 0x80002540 (0x55458593) addi a1, a1, 0x554
x11 <- 0x55555554

mem[X,0x80002544] -> 0x1633
mem[X,0x80002546] -> 0x02B5
[2390] [M]: 0x80002544 (0x02B51633) mulh a2, a0, a1
x12 <- 0x00003C56

mem[X,0x80002548] -> 0xA823
mem[X,0x8000254A] -> 0x62C0
[2391] [M]: 0x80002548 (0x62C0A823) sw a2, 0x630(ra)
mem[0x800067C0] <- 0x00003C56

mem[X,0x8000254C] -> 0xB537
mem[X,0x8000254E] -> 0x0000
[2392] [M]: 0x8000254C (0x0000B537) lui a0, 0xb
x10 <- 0x0000B000

mem[X,0x80002550] -> 0x0513
mem[X,0x80002552] -> 0x5055
[2393] [M]: 0x80002550 (0x50550513) addi a0, a0, 0x505
x10 <- 0x0000B505

mem[X,0x80002554] -> 0x0593
mem[X,0x80002556] -> 0x0000
[2394] [M]: 0x80002554 (0x00000593) addi a1, zero, 0x0
x11 <- 0x00000000

mem[X,0x80002558] -> 0x1633
mem[X,0x8000255A] -> 0x02B5
[2395] [M]: 0x80002558 (0x02B51633) mulh a2, a0, a1
x12 <- 0x00000000

mem[X,0x8000255C] -> 0xAA23
mem[X,0x8000255E] -> 0x62C0
[2396] [M]: 0x8000255C (0x62C0AA23) sw a2, 0x634(ra)
mem[0x800067C4] <- 0x00000000

mem[X,0x80002560] -> 0xB537
mem[X,0x80002562] -> 0x0000
[2397] [M]: 0x80002560 (0x0000B537) lui a0, 0xb
x10 <- 0x0000B000

mem[X,0x80002564] -> 0x0513
mem[X,0x80002566] -> 0x5055
[2398] [M]: 0x80002564 (0x50550513) addi a0, a0, 0x505
x10 <- 0x0000B505

mem[X,0x80002568] -> 0x0593
mem[X,0x8000256A] -> 0x0040
[2399] [M]: 0x80002568 (0x00400593) addi a1, zero, 0x4
x11 <- 0x00000004

clint::tick mtime <- 0x0000000000000018
 clint timer pending at mtime 0x0000000000000018
htif::tick 0x0000000000000000
mem[X,0x8000256C] -> 0x1633
mem[X,0x8000256E] -> 0x02B5
[2400] [M]: 0x8000256C (0x02B51633) mulh a2, a0, a1
x12 <- 0x00000000

mem[X,0x80002570] -> 0xAC23
mem[X,0x80002572] -> 0x62C0
[2401] [M]: 0x80002570 (0x62C0AC23) sw a2, 0x638(ra)
mem[0x800067C8] <- 0x00000000

mem[X,0x80002574] -> 0xB537
mem[X,0x80002576] -> 0x0000
[2402] [M]: 0x80002574 (0x0000B537) lui a0, 0xb
x10 <- 0x0000B000

mem[X,0x80002578] -> 0x0513
mem[X,0x8000257A] -> 0x5055
[2403] [M]: 0x80002578 (0x50550513) addi a0, a0, 0x505
x10 <- 0x0000B505

mem[X,0x8000257C] -> 0x35B7
mem[X,0x8000257E] -> 0x3333
[2404] [M]: 0x8000257C (0x333335B7) lui a1, 0x33333
x11 <- 0x33333000

mem[X,0x80002580] -> 0x8593
mem[X,0x80002582] -> 0x3325
[2405] [M]: 0x80002580 (0x33258593) addi a1, a1, 0x332
x11 <- 0x33333332

mem[X,0x80002584] -> 0x1633
mem[X,0x80002586] -> 0x02B5
[2406] [M]: 0x80002584 (0x02B51633) mulh a2, a0, a1
x12 <- 0x00002434

mem[X,0x80002588] -> 0xAE23
mem[X,0x8000258A] -> 0x62C0
[2407] [M]: 0x80002588 (0x62C0AE23) sw a2, 0x63c(ra)
mem[0x800067CC] <- 0x00002434

mem[X,0x8000258C] -> 0xB537
mem[X,0x8000258E] -> 0x0000
[2408] [M]: 0x8000258C (0x0000B537) lui a0, 0xb
x10 <- 0x0000B000

mem[X,0x80002590] -> 0x0513
mem[X,0x80002592] -> 0x5055
[2409] [M]: 0x80002590 (0x50550513) addi a0, a0, 0x505
x10 <- 0x0000B505

mem[X,0x80002594] -> 0x65B7
mem[X,0x80002596] -> 0x6666
[2410] [M]: 0x80002594 (0x666665B7) lui a1, 0x66666
x11 <- 0x66666000

mem[X,0x80002598] -> 0x8593
mem[X,0x8000259A] -> 0x6655
[2411] [M]: 0x80002598 (0x66558593) addi a1, a1, 0x665
x11 <- 0x66666665

mem[X,0x8000259C] -> 0x1633
mem[X,0x8000259E] -> 0x02B5
[2412] [M]: 0x8000259C (0x02B51633) mulh a2, a0, a1
x12 <- 0x00004868

mem[X,0x800025A0] -> 0xA023
mem[X,0x800025A2] -> 0x64C0
[2413] [M]: 0x800025A0 (0x64C0A023) sw a2, 0x640(ra)
mem[0x800067D0] <- 0x00004868

mem[X,0x800025A4] -> 0xB537
mem[X,0x800025A6] -> 0x0000
[2414] [M]: 0x800025A4 (0x0000B537) lui a0, 0xb
x10 <- 0x0000B000

mem[X,0x800025A8] -> 0x0513
mem[X,0x800025AA] -> 0x5055
[2415] [M]: 0x800025A8 (0x50550513) addi a0, a0, 0x505
x10 <- 0x0000B505

mem[X,0x800025AC] -> 0xB5B7
mem[X,0x800025AE] -> 0x0000
[2416] [M]: 0x800025AC (0x0000B5B7) lui a1, 0xb
x11 <- 0x0000B000

mem[X,0x800025B0] -> 0x8593
mem[X,0x800025B2] -> 0x5035
[2417] [M]: 0x800025B0 (0x50358593) addi a1, a1, 0x503
x11 <- 0x0000B503

mem[X,0x800025B4] -> 0x1633
mem[X,0x800025B6] -> 0x02B5
[2418] [M]: 0x800025B4 (0x02B51633) mulh a2, a0, a1
x12 <- 0x00000000

mem[X,0x800025B8] -> 0xA223
mem[X,0x800025BA] -> 0x64C0
[2419] [M]: 0x800025B8 (0x64C0A223) sw a2, 0x644(ra)
mem[0x800067D4] <- 0x00000000

mem[X,0x800025BC] -> 0xB537
mem[X,0x800025BE] -> 0x0000
[2420] [M]: 0x800025BC (0x0000B537) lui a0, 0xb
x10 <- 0x0000B000

mem[X,0x800025C0] -> 0x0513
mem[X,0x800025C2] -> 0x5055
[2421] [M]: 0x800025C0 (0x50550513) addi a0, a0, 0x505
x10 <- 0x0000B505

mem[X,0x800025C4] -> 0x55B7
mem[X,0x800025C6] -> 0x5555
[2422] [M]: 0x800025C4 (0x555555B7) lui a1, 0x55555
x11 <- 0x55555000

mem[X,0x800025C8] -> 0x8593
mem[X,0x800025CA] -> 0x5565
[2423] [M]: 0x800025C8 (0x55658593) addi a1, a1, 0x556
x11 <- 0x55555556

mem[X,0x800025CC] -> 0x1633
mem[X,0x800025CE] -> 0x02B5
[2424] [M]: 0x800025CC (0x02B51633) mulh a2, a0, a1
x12 <- 0x00003C57

mem[X,0x800025D0] -> 0xA423
mem[X,0x800025D2] -> 0x64C0
[2425] [M]: 0x800025D0 (0x64C0A423) sw a2, 0x648(ra)
mem[0x800067D8] <- 0x00003C57

mem[X,0x800025D4] -> 0xB537
mem[X,0x800025D6] -> 0x0000
[2426] [M]: 0x800025D4 (0x0000B537) lui a0, 0xb
x10 <- 0x0000B000

mem[X,0x800025D8] -> 0x0513
mem[X,0x800025DA] -> 0x5055
[2427] [M]: 0x800025D8 (0x50550513) addi a0, a0, 0x505
x10 <- 0x0000B505

mem[X,0x800025DC] -> 0xB5B7
mem[X,0x800025DE] -> 0xAAAA
[2428] [M]: 0x800025DC (0xAAAAB5B7) lui a1, -0x55555
x11 <- 0xAAAAB000

mem[X,0x800025E0] -> 0x8593
mem[X,0x800025E2] -> 0xAAB5
[2429] [M]: 0x800025E0 (0xAAB58593) addi a1, a1, -0x555
x11 <- 0xAAAAAAAB

mem[X,0x800025E4] -> 0x1633
mem[X,0x800025E6] -> 0x02B5
[2430] [M]: 0x800025E4 (0x02B51633) mulh a2, a0, a1
x12 <- 0xFFFFC3A9

mem[X,0x800025E8] -> 0xA623
mem[X,0x800025EA] -> 0x64C0
[2431] [M]: 0x800025E8 (0x64C0A623) sw a2, 0x64c(ra)
mem[0x800067DC] <- 0xFFFFC3A9

mem[X,0x800025EC] -> 0xB537
mem[X,0x800025EE] -> 0x0000
[2432] [M]: 0x800025EC (0x0000B537) lui a0, 0xb
x10 <- 0x0000B000

mem[X,0x800025F0] -> 0x0513
mem[X,0x800025F2] -> 0x5055
[2433] [M]: 0x800025F0 (0x50550513) addi a0, a0, 0x505
x10 <- 0x0000B505

mem[X,0x800025F4] -> 0x0593
mem[X,0x800025F6] -> 0x0060
[2434] [M]: 0x800025F4 (0x00600593) addi a1, zero, 0x6
x11 <- 0x00000006

mem[X,0x800025F8] -> 0x1633
mem[X,0x800025FA] -> 0x02B5
[2435] [M]: 0x800025F8 (0x02B51633) mulh a2, a0, a1
x12 <- 0x00000000

mem[X,0x800025FC] -> 0xA823
mem[X,0x800025FE] -> 0x64C0
[2436] [M]: 0x800025FC (0x64C0A823) sw a2, 0x650(ra)
mem[0x800067E0] <- 0x00000000

mem[X,0x80002600] -> 0xB537
mem[X,0x80002602] -> 0x0000
[2437] [M]: 0x80002600 (0x0000B537) lui a0, 0xb
x10 <- 0x0000B000

mem[X,0x80002604] -> 0x0513
mem[X,0x80002606] -> 0x5055
[2438] [M]: 0x80002604 (0x50550513) addi a0, a0, 0x505
x10 <- 0x0000B505

mem[X,0x80002608] -> 0x35B7
mem[X,0x8000260A] -> 0x3333
[2439] [M]: 0x80002608 (0x333335B7) lui a1, 0x33333
x11 <- 0x33333000

mem[X,0x8000260C] -> 0x8593
mem[X,0x8000260E] -> 0x3345
[2440] [M]: 0x8000260C (0x33458593) addi a1, a1, 0x334
x11 <- 0x33333334

mem[X,0x80002610] -> 0x1633
mem[X,0x80002612] -> 0x02B5
[2441] [M]: 0x80002610 (0x02B51633) mulh a2, a0, a1
x12 <- 0x00002434

mem[X,0x80002614] -> 0xAA23
mem[X,0x80002616] -> 0x64C0
[2442] [M]: 0x80002614 (0x64C0AA23) sw a2, 0x654(ra)
mem[0x800067E4] <- 0x00002434

mem[X,0x80002618] -> 0xB537
mem[X,0x8000261A] -> 0x0000
[2443] [M]: 0x80002618 (0x0000B537) lui a0, 0xb
x10 <- 0x0000B000

mem[X,0x8000261C] -> 0x0513
mem[X,0x8000261E] -> 0x5055
[2444] [M]: 0x8000261C (0x50550513) addi a0, a0, 0x505
x10 <- 0x0000B505

mem[X,0x80002620] -> 0x65B7
mem[X,0x80002622] -> 0x6666
[2445] [M]: 0x80002620 (0x666665B7) lui a1, 0x66666
x11 <- 0x66666000

mem[X,0x80002624] -> 0x8593
mem[X,0x80002626] -> 0x6675
[2446] [M]: 0x80002624 (0x66758593) addi a1, a1, 0x667
x11 <- 0x66666667

mem[X,0x80002628] -> 0x1633
mem[X,0x8000262A] -> 0x02B5
[2447] [M]: 0x80002628 (0x02B51633) mulh a2, a0, a1
x12 <- 0x00004868

mem[X,0x8000262C] -> 0xAC23
mem[X,0x8000262E] -> 0x64C0
[2448] [M]: 0x8000262C (0x64C0AC23) sw a2, 0x658(ra)
mem[0x800067E8] <- 0x00004868

mem[X,0x80002630] -> 0xB537
mem[X,0x80002632] -> 0x0000
[2449] [M]: 0x80002630 (0x0000B537) lui a0, 0xb
x10 <- 0x0000B000

mem[X,0x80002634] -> 0x0513
mem[X,0x80002636] -> 0x5055
[2450] [M]: 0x80002634 (0x50550513) addi a0, a0, 0x505
x10 <- 0x0000B505

mem[X,0x80002638] -> 0x55B7
mem[X,0x8000263A] -> 0xFFFF
[2451] [M]: 0x80002638 (0xFFFF55B7) lui a1, -0xb
x11 <- 0xFFFF5000

mem[X,0x8000263C] -> 0x8593
mem[X,0x8000263E] -> 0xAFD5
[2452] [M]: 0x8000263C (0xAFD58593) addi a1, a1, -0x503
x11 <- 0xFFFF4AFD

mem[X,0x80002640] -> 0x1633
mem[X,0x80002642] -> 0x02B5
[2453] [M]: 0x80002640 (0x02B51633) mulh a2, a0, a1
x12 <- 0xFFFFFFFF

mem[X,0x80002644] -> 0xAE23
mem[X,0x80002646] -> 0x64C0
[2454] [M]: 0x80002644 (0x64C0AE23) sw a2, 0x65c(ra)
mem[0x800067EC] <- 0xFFFFFFFF

mem[X,0x80002648] -> 0xB537
mem[X,0x8000264A] -> 0x0000
[2455] [M]: 0x80002648 (0x0000B537) lui a0, 0xb
x10 <- 0x0000B000

mem[X,0x8000264C] -> 0x0513
mem[X,0x8000264E] -> 0x5055
[2456] [M]: 0x8000264C (0x50550513) addi a0, a0, 0x505
x10 <- 0x0000B505

mem[X,0x80002650] -> 0xB5B7
mem[X,0x80002652] -> 0x0000
[2457] [M]: 0x80002650 (0x0000B5B7) lui a1, 0xb
x11 <- 0x0000B000

mem[X,0x80002654] -> 0x8593
mem[X,0x80002656] -> 0x5055
[2458] [M]: 0x80002654 (0x50558593) addi a1, a1, 0x505
x11 <- 0x0000B505

mem[X,0x80002658] -> 0x1633
mem[X,0x8000265A] -> 0x02B5
[2459] [M]: 0x80002658 (0x02B51633) mulh a2, a0, a1
x12 <- 0x00000000

mem[X,0x8000265C] -> 0xA023
mem[X,0x8000265E] -> 0x66C0
[2460] [M]: 0x8000265C (0x66C0A023) sw a2, 0x660(ra)
mem[0x800067F0] <- 0x00000000

mem[X,0x80002660] -> 0x0513
mem[X,0x80002662] -> 0x0000
[2461] [M]: 0x80002660 (0x00000513) addi a0, zero, 0x0
x10 <- 0x00000000

mem[X,0x80002664] -> 0x55B7
mem[X,0x80002666] -> 0xFFFF
[2462] [M]: 0x80002664 (0xFFFF55B7) lui a1, -0xb
x11 <- 0xFFFF5000

mem[X,0x80002668] -> 0x8593
mem[X,0x8000266A] -> 0xAFC5
[2463] [M]: 0x80002668 (0xAFC58593) addi a1, a1, -0x504
x11 <- 0xFFFF4AFC

mem[X,0x8000266C] -> 0x1633
mem[X,0x8000266E] -> 0x02B5
[2464] [M]: 0x8000266C (0x02B51633) mulh a2, a0, a1
x12 <- 0x00000000

mem[X,0x80002670] -> 0xA223
mem[X,0x80002672] -> 0x66C0
[2465] [M]: 0x80002670 (0x66C0A223) sw a2, 0x664(ra)
mem[0x800067F4] <- 0x00000000

mem[X,0x80002674] -> 0x0513
mem[X,0x80002676] -> 0x0000
[2466] [M]: 0x80002674 (0x00000513) addi a0, zero, 0x0
x10 <- 0x00000000

mem[X,0x80002678] -> 0xB5B7
mem[X,0x8000267A] -> 0x0000
[2467] [M]: 0x80002678 (0x0000B5B7) lui a1, 0xb
x11 <- 0x0000B000

mem[X,0x8000267C] -> 0x8593
mem[X,0x8000267E] -> 0x5045
[2468] [M]: 0x8000267C (0x50458593) addi a1, a1, 0x504
x11 <- 0x0000B504

mem[X,0x80002680] -> 0x1633
mem[X,0x80002682] -> 0x02B5
[2469] [M]: 0x80002680 (0x02B51633) mulh a2, a0, a1
x12 <- 0x00000000

mem[X,0x80002684] -> 0xA423
mem[X,0x80002686] -> 0x66C0
[2470] [M]: 0x80002684 (0x66C0A423) sw a2, 0x668(ra)
mem[0x800067F8] <- 0x00000000

mem[X,0x80002688] -> 0x0513
mem[X,0x8000268A] -> 0x0000
[2471] [M]: 0x80002688 (0x00000513) addi a0, zero, 0x0
x10 <- 0x00000000

mem[X,0x8000268C] -> 0x0593
mem[X,0x8000268E] -> 0x0020
[2472] [M]: 0x8000268C (0x00200593) addi a1, zero, 0x2
x11 <- 0x00000002

mem[X,0x80002690] -> 0x1633
mem[X,0x80002692] -> 0x02B5
[2473] [M]: 0x80002690 (0x02B51633) mulh a2, a0, a1
x12 <- 0x00000000

mem[X,0x80002694] -> 0xA623
mem[X,0x80002696] -> 0x66C0
[2474] [M]: 0x80002694 (0x66C0A623) sw a2, 0x66c(ra)
mem[0x800067FC] <- 0x00000000

mem[X,0x80002698] -> 0x0513
mem[X,0x8000269A] -> 0x0000
[2475] [M]: 0x80002698 (0x00000513) addi a0, zero, 0x0
x10 <- 0x00000000

mem[X,0x8000269C] -> 0x55B7
mem[X,0x8000269E] -> 0x5555
[2476] [M]: 0x8000269C (0x555555B7) lui a1, 0x55555
x11 <- 0x55555000

mem[X,0x800026A0] -> 0x8593
mem[X,0x800026A2] -> 0x5545
[2477] [M]: 0x800026A0 (0x55458593) addi a1, a1, 0x554
x11 <- 0x55555554

mem[X,0x800026A4] -> 0x1633
mem[X,0x800026A6] -> 0x02B5
[2478] [M]: 0x800026A4 (0x02B51633) mulh a2, a0, a1
x12 <- 0x00000000

mem[X,0x800026A8] -> 0xA823
mem[X,0x800026AA] -> 0x66C0
[2479] [M]: 0x800026A8 (0x66C0A823) sw a2, 0x670(ra)
mem[0x80006800] <- 0x00000000

mem[X,0x800026AC] -> 0x0513
mem[X,0x800026AE] -> 0x0000
[2480] [M]: 0x800026AC (0x00000513) addi a0, zero, 0x0
x10 <- 0x00000000

mem[X,0x800026B0] -> 0x0593
mem[X,0x800026B2] -> 0x0000
[2481] [M]: 0x800026B0 (0x00000593) addi a1, zero, 0x0
x11 <- 0x00000000

mem[X,0x800026B4] -> 0x1633
mem[X,0x800026B6] -> 0x02B5
[2482] [M]: 0x800026B4 (0x02B51633) mulh a2, a0, a1
x12 <- 0x00000000

mem[X,0x800026B8] -> 0xAA23
mem[X,0x800026BA] -> 0x66C0
[2483] [M]: 0x800026B8 (0x66C0AA23) sw a2, 0x674(ra)
mem[0x80006804] <- 0x00000000

mem[X,0x800026BC] -> 0x0513
mem[X,0x800026BE] -> 0x0000
[2484] [M]: 0x800026BC (0x00000513) addi a0, zero, 0x0
x10 <- 0x00000000

mem[X,0x800026C0] -> 0x35B7
mem[X,0x800026C2] -> 0x3333
[2485] [M]: 0x800026C0 (0x333335B7) lui a1, 0x33333
x11 <- 0x33333000

mem[X,0x800026C4] -> 0x8593
mem[X,0x800026C6] -> 0x3325
[2486] [M]: 0x800026C4 (0x33258593) addi a1, a1, 0x332
x11 <- 0x33333332

mem[X,0x800026C8] -> 0x1633
mem[X,0x800026CA] -> 0x02B5
[2487] [M]: 0x800026C8 (0x02B51633) mulh a2, a0, a1
x12 <- 0x00000000

mem[X,0x800026CC] -> 0xAC23
mem[X,0x800026CE] -> 0x66C0
[2488] [M]: 0x800026CC (0x66C0AC23) sw a2, 0x678(ra)
mem[0x80006808] <- 0x00000000

mem[X,0x800026D0] -> 0x0513
mem[X,0x800026D2] -> 0x0000
[2489] [M]: 0x800026D0 (0x00000513) addi a0, zero, 0x0
x10 <- 0x00000000

mem[X,0x800026D4] -> 0x65B7
mem[X,0x800026D6] -> 0x6666
[2490] [M]: 0x800026D4 (0x666665B7) lui a1, 0x66666
x11 <- 0x66666000

mem[X,0x800026D8] -> 0x8593
mem[X,0x800026DA] -> 0x6655
[2491] [M]: 0x800026D8 (0x66558593) addi a1, a1, 0x665
x11 <- 0x66666665

mem[X,0x800026DC] -> 0x1633
mem[X,0x800026DE] -> 0x02B5
[2492] [M]: 0x800026DC (0x02B51633) mulh a2, a0, a1
x12 <- 0x00000000

mem[X,0x800026E0] -> 0xAE23
mem[X,0x800026E2] -> 0x66C0
[2493] [M]: 0x800026E0 (0x66C0AE23) sw a2, 0x67c(ra)
mem[0x8000680C] <- 0x00000000

mem[X,0x800026E4] -> 0x0513
mem[X,0x800026E6] -> 0x0000
[2494] [M]: 0x800026E4 (0x00000513) addi a0, zero, 0x0
x10 <- 0x00000000

mem[X,0x800026E8] -> 0xB5B7
mem[X,0x800026EA] -> 0x0000
[2495] [M]: 0x800026E8 (0x0000B5B7) lui a1, 0xb
x11 <- 0x0000B000

mem[X,0x800026EC] -> 0x8593
mem[X,0x800026EE] -> 0x5035
[2496] [M]: 0x800026EC (0x50358593) addi a1, a1, 0x503
x11 <- 0x0000B503

mem[X,0x800026F0] -> 0x1633
mem[X,0x800026F2] -> 0x02B5
[2497] [M]: 0x800026F0 (0x02B51633) mulh a2, a0, a1
x12 <- 0x00000000

mem[X,0x800026F4] -> 0xA023
mem[X,0x800026F6] -> 0x68C0
[2498] [M]: 0x800026F4 (0x68C0A023) sw a2, 0x680(ra)
mem[0x80006810] <- 0x00000000

mem[X,0x800026F8] -> 0x0513
mem[X,0x800026FA] -> 0x0000
[2499] [M]: 0x800026F8 (0x00000513) addi a0, zero, 0x0
x10 <- 0x00000000

clint::tick mtime <- 0x0000000000000019
 clint timer pending at mtime 0x0000000000000019
htif::tick 0x0000000000000000
mem[X,0x800026FC] -> 0x55B7
mem[X,0x800026FE] -> 0x5555
[2500] [M]: 0x800026FC (0x555555B7) lui a1, 0x55555
x11 <- 0x55555000

mem[X,0x80002700] -> 0x8593
mem[X,0x80002702] -> 0x5565
[2501] [M]: 0x80002700 (0x55658593) addi a1, a1, 0x556
x11 <- 0x55555556

mem[X,0x80002704] -> 0x1633
mem[X,0x80002706] -> 0x02B5
[2502] [M]: 0x80002704 (0x02B51633) mulh a2, a0, a1
x12 <- 0x00000000

mem[X,0x80002708] -> 0xA223
mem[X,0x8000270A] -> 0x68C0
[2503] [M]: 0x80002708 (0x68C0A223) sw a2, 0x684(ra)
mem[0x80006814] <- 0x00000000

mem[X,0x8000270C] -> 0x0513
mem[X,0x8000270E] -> 0x0000
[2504] [M]: 0x8000270C (0x00000513) addi a0, zero, 0x0
x10 <- 0x00000000

mem[X,0x80002710] -> 0xB5B7
mem[X,0x80002712] -> 0xAAAA
[2505] [M]: 0x80002710 (0xAAAAB5B7) lui a1, -0x55555
x11 <- 0xAAAAB000

mem[X,0x80002714] -> 0x8593
mem[X,0x80002716] -> 0xAAB5
[2506] [M]: 0x80002714 (0xAAB58593) addi a1, a1, -0x555
x11 <- 0xAAAAAAAB

mem[X,0x80002718] -> 0x1633
mem[X,0x8000271A] -> 0x02B5
[2507] [M]: 0x80002718 (0x02B51633) mulh a2, a0, a1
x12 <- 0x00000000

mem[X,0x8000271C] -> 0xA423
mem[X,0x8000271E] -> 0x68C0
[2508] [M]: 0x8000271C (0x68C0A423) sw a2, 0x688(ra)
mem[0x80006818] <- 0x00000000

mem[X,0x80002720] -> 0x0513
mem[X,0x80002722] -> 0x0000
[2509] [M]: 0x80002720 (0x00000513) addi a0, zero, 0x0
x10 <- 0x00000000

mem[X,0x80002724] -> 0x0593
mem[X,0x80002726] -> 0x0060
[2510] [M]: 0x80002724 (0x00600593) addi a1, zero, 0x6
x11 <- 0x00000006

mem[X,0x80002728] -> 0x1633
mem[X,0x8000272A] -> 0x02B5
[2511] [M]: 0x80002728 (0x02B51633) mulh a2, a0, a1
x12 <- 0x00000000

mem[X,0x8000272C] -> 0xA623
mem[X,0x8000272E] -> 0x68C0
[2512] [M]: 0x8000272C (0x68C0A623) sw a2, 0x68c(ra)
mem[0x8000681C] <- 0x00000000

mem[X,0x80002730] -> 0x0513
mem[X,0x80002732] -> 0x0000
[2513] [M]: 0x80002730 (0x00000513) addi a0, zero, 0x0
x10 <- 0x00000000

mem[X,0x80002734] -> 0x35B7
mem[X,0x80002736] -> 0x3333
[2514] [M]: 0x80002734 (0x333335B7) lui a1, 0x33333
x11 <- 0x33333000

mem[X,0x80002738] -> 0x8593
mem[X,0x8000273A] -> 0x3345
[2515] [M]: 0x80002738 (0x33458593) addi a1, a1, 0x334
x11 <- 0x33333334

mem[X,0x8000273C] -> 0x1633
mem[X,0x8000273E] -> 0x02B5
[2516] [M]: 0x8000273C (0x02B51633) mulh a2, a0, a1
x12 <- 0x00000000

mem[X,0x80002740] -> 0xA823
mem[X,0x80002742] -> 0x68C0
[2517] [M]: 0x80002740 (0x68C0A823) sw a2, 0x690(ra)
mem[0x80006820] <- 0x00000000

mem[X,0x80002744] -> 0x0513
mem[X,0x80002746] -> 0x0000
[2518] [M]: 0x80002744 (0x00000513) addi a0, zero, 0x0
x10 <- 0x00000000

mem[X,0x80002748] -> 0x65B7
mem[X,0x8000274A] -> 0x6666
[2519] [M]: 0x80002748 (0x666665B7) lui a1, 0x66666
x11 <- 0x66666000

mem[X,0x8000274C] -> 0x8593
mem[X,0x8000274E] -> 0x6675
[2520] [M]: 0x8000274C (0x66758593) addi a1, a1, 0x667
x11 <- 0x66666667

mem[X,0x80002750] -> 0x1633
mem[X,0x80002752] -> 0x02B5
[2521] [M]: 0x80002750 (0x02B51633) mulh a2, a0, a1
x12 <- 0x00000000

mem[X,0x80002754] -> 0xAA23
mem[X,0x80002756] -> 0x68C0
[2522] [M]: 0x80002754 (0x68C0AA23) sw a2, 0x694(ra)
mem[0x80006824] <- 0x00000000

mem[X,0x80002758] -> 0x0513
mem[X,0x8000275A] -> 0x0000
[2523] [M]: 0x80002758 (0x00000513) addi a0, zero, 0x0
x10 <- 0x00000000

mem[X,0x8000275C] -> 0x55B7
mem[X,0x8000275E] -> 0xFFFF
[2524] [M]: 0x8000275C (0xFFFF55B7) lui a1, -0xb
x11 <- 0xFFFF5000

mem[X,0x80002760] -> 0x8593
mem[X,0x80002762] -> 0xAFD5
[2525] [M]: 0x80002760 (0xAFD58593) addi a1, a1, -0x503
x11 <- 0xFFFF4AFD

mem[X,0x80002764] -> 0x1633
mem[X,0x80002766] -> 0x02B5
[2526] [M]: 0x80002764 (0x02B51633) mulh a2, a0, a1
x12 <- 0x00000000

mem[X,0x80002768] -> 0xAC23
mem[X,0x8000276A] -> 0x68C0
[2527] [M]: 0x80002768 (0x68C0AC23) sw a2, 0x698(ra)
mem[0x80006828] <- 0x00000000

mem[X,0x8000276C] -> 0x0513
mem[X,0x8000276E] -> 0x0000
[2528] [M]: 0x8000276C (0x00000513) addi a0, zero, 0x0
x10 <- 0x00000000

mem[X,0x80002770] -> 0xB5B7
mem[X,0x80002772] -> 0x0000
[2529] [M]: 0x80002770 (0x0000B5B7) lui a1, 0xb
x11 <- 0x0000B000

mem[X,0x80002774] -> 0x8593
mem[X,0x80002776] -> 0x5055
[2530] [M]: 0x80002774 (0x50558593) addi a1, a1, 0x505
x11 <- 0x0000B505

mem[X,0x80002778] -> 0x1633
mem[X,0x8000277A] -> 0x02B5
[2531] [M]: 0x80002778 (0x02B51633) mulh a2, a0, a1
x12 <- 0x00000000

mem[X,0x8000277C] -> 0xAE23
mem[X,0x8000277E] -> 0x68C0
[2532] [M]: 0x8000277C (0x68C0AE23) sw a2, 0x69c(ra)
mem[0x8000682C] <- 0x00000000

mem[X,0x80002780] -> 0x0513
mem[X,0x80002782] -> 0x0040
[2533] [M]: 0x80002780 (0x00400513) addi a0, zero, 0x4
x10 <- 0x00000004

mem[X,0x80002784] -> 0x0593
mem[X,0x80002786] -> 0x0030
[2534] [M]: 0x80002784 (0x00300593) addi a1, zero, 0x3
x11 <- 0x00000003

mem[X,0x80002788] -> 0x1633
mem[X,0x8000278A] -> 0x02B5
[2535] [M]: 0x80002788 (0x02B51633) mulh a2, a0, a1
x12 <- 0x00000000

mem[X,0x8000278C] -> 0xA023
mem[X,0x8000278E] -> 0x6AC0
[2536] [M]: 0x8000278C (0x6AC0A023) sw a2, 0x6a0(ra)
mem[0x80006830] <- 0x00000000

mem[X,0x80002790] -> 0x0513
mem[X,0x80002792] -> 0x0040
[2537] [M]: 0x80002790 (0x00400513) addi a0, zero, 0x4
x10 <- 0x00000004

mem[X,0x80002794] -> 0x55B7
mem[X,0x80002796] -> 0x5555
[2538] [M]: 0x80002794 (0x555555B7) lui a1, 0x55555
x11 <- 0x55555000

mem[X,0x80002798] -> 0x8593
mem[X,0x8000279A] -> 0x5555
[2539] [M]: 0x80002798 (0x55558593) addi a1, a1, 0x555
x11 <- 0x55555555

mem[X,0x8000279C] -> 0x1633
mem[X,0x8000279E] -> 0x02B5
[2540] [M]: 0x8000279C (0x02B51633) mulh a2, a0, a1
x12 <- 0x00000001

mem[X,0x800027A0] -> 0xA223
mem[X,0x800027A2] -> 0x6AC0
[2541] [M]: 0x800027A0 (0x6AC0A223) sw a2, 0x6a4(ra)
mem[0x80006834] <- 0x00000001

mem[X,0x800027A4] -> 0x0513
mem[X,0x800027A6] -> 0x0040
[2542] [M]: 0x800027A4 (0x00400513) addi a0, zero, 0x4
x10 <- 0x00000004

mem[X,0x800027A8] -> 0xB5B7
mem[X,0x800027AA] -> 0xAAAA
[2543] [M]: 0x800027A8 (0xAAAAB5B7) lui a1, -0x55555
x11 <- 0xAAAAB000

mem[X,0x800027AC] -> 0x8593
mem[X,0x800027AE] -> 0xAAA5
[2544] [M]: 0x800027AC (0xAAA58593) addi a1, a1, -0x556
x11 <- 0xAAAAAAAA

mem[X,0x800027B0] -> 0x1633
mem[X,0x800027B2] -> 0x02B5
[2545] [M]: 0x800027B0 (0x02B51633) mulh a2, a0, a1
x12 <- 0xFFFFFFFE

mem[X,0x800027B4] -> 0xA423
mem[X,0x800027B6] -> 0x6AC0
[2546] [M]: 0x800027B4 (0x6AC0A423) sw a2, 0x6a8(ra)
mem[0x80006838] <- 0xFFFFFFFE

mem[X,0x800027B8] -> 0x0513
mem[X,0x800027BA] -> 0x0040
[2547] [M]: 0x800027B8 (0x00400513) addi a0, zero, 0x4
x10 <- 0x00000004

mem[X,0x800027BC] -> 0x0593
mem[X,0x800027BE] -> 0x0050
[2548] [M]: 0x800027BC (0x00500593) addi a1, zero, 0x5
x11 <- 0x00000005

mem[X,0x800027C0] -> 0x1633
mem[X,0x800027C2] -> 0x02B5
[2549] [M]: 0x800027C0 (0x02B51633) mulh a2, a0, a1
x12 <- 0x00000000

mem[X,0x800027C4] -> 0xA623
mem[X,0x800027C6] -> 0x6AC0
[2550] [M]: 0x800027C4 (0x6AC0A623) sw a2, 0x6ac(ra)
mem[0x8000683C] <- 0x00000000

mem[X,0x800027C8] -> 0x0513
mem[X,0x800027CA] -> 0x0040
[2551] [M]: 0x800027C8 (0x00400513) addi a0, zero, 0x4
x10 <- 0x00000004

mem[X,0x800027CC] -> 0x35B7
mem[X,0x800027CE] -> 0x3333
[2552] [M]: 0x800027CC (0x333335B7) lui a1, 0x33333
x11 <- 0x33333000

mem[X,0x800027D0] -> 0x8593
mem[X,0x800027D2] -> 0x3335
[2553] [M]: 0x800027D0 (0x33358593) addi a1, a1, 0x333
x11 <- 0x33333333

mem[X,0x800027D4] -> 0x1633
mem[X,0x800027D6] -> 0x02B5
[2554] [M]: 0x800027D4 (0x02B51633) mulh a2, a0, a1
x12 <- 0x00000000

mem[X,0x800027D8] -> 0xA823
mem[X,0x800027DA] -> 0x6AC0
[2555] [M]: 0x800027D8 (0x6AC0A823) sw a2, 0x6b0(ra)
mem[0x80006840] <- 0x00000000

mem[X,0x800027DC] -> 0x0513
mem[X,0x800027DE] -> 0x0040
[2556] [M]: 0x800027DC (0x00400513) addi a0, zero, 0x4
x10 <- 0x00000004

mem[X,0x800027E0] -> 0x65B7
mem[X,0x800027E2] -> 0x6666
[2557] [M]: 0x800027E0 (0x666665B7) lui a1, 0x66666
x11 <- 0x66666000

mem[X,0x800027E4] -> 0x8593
mem[X,0x800027E6] -> 0x6665
[2558] [M]: 0x800027E4 (0x66658593) addi a1, a1, 0x666
x11 <- 0x66666666

mem[X,0x800027E8] -> 0x1633
mem[X,0x800027EA] -> 0x02B5
[2559] [M]: 0x800027E8 (0x02B51633) mulh a2, a0, a1
x12 <- 0x00000001

mem[X,0x800027EC] -> 0xAA23
mem[X,0x800027EE] -> 0x6AC0
[2560] [M]: 0x800027EC (0x6AC0AA23) sw a2, 0x6b4(ra)
mem[0x80006844] <- 0x00000001

mem[X,0x800027F0] -> 0x0513
mem[X,0x800027F2] -> 0x0040
[2561] [M]: 0x800027F0 (0x00400513) addi a0, zero, 0x4
x10 <- 0x00000004

mem[X,0x800027F4] -> 0x55B7
mem[X,0x800027F6] -> 0xFFFF
[2562] [M]: 0x800027F4 (0xFFFF55B7) lui a1, -0xb
x11 <- 0xFFFF5000

mem[X,0x800027F8] -> 0x8593
mem[X,0x800027FA] -> 0xAFC5
[2563] [M]: 0x800027F8 (0xAFC58593) addi a1, a1, -0x504
x11 <- 0xFFFF4AFC

mem[X,0x800027FC] -> 0x1633
mem[X,0x800027FE] -> 0x02B5
[2564] [M]: 0x800027FC (0x02B51633) mulh a2, a0, a1
x12 <- 0xFFFFFFFF

mem[X,0x80002800] -> 0xAC23
mem[X,0x80002802] -> 0x6AC0
[2565] [M]: 0x80002800 (0x6AC0AC23) sw a2, 0x6b8(ra)
mem[0x80006848] <- 0xFFFFFFFF

mem[X,0x80002804] -> 0x0513
mem[X,0x80002806] -> 0x0040
[2566] [M]: 0x80002804 (0x00400513) addi a0, zero, 0x4
x10 <- 0x00000004

mem[X,0x80002808] -> 0xB5B7
mem[X,0x8000280A] -> 0x0000
[2567] [M]: 0x80002808 (0x0000B5B7) lui a1, 0xb
x11 <- 0x0000B000

mem[X,0x8000280C] -> 0x8593
mem[X,0x8000280E] -> 0x5045
[2568] [M]: 0x8000280C (0x50458593) addi a1, a1, 0x504
x11 <- 0x0000B504

mem[X,0x80002810] -> 0x1633
mem[X,0x80002812] -> 0x02B5
[2569] [M]: 0x80002810 (0x02B51633) mulh a2, a0, a1
x12 <- 0x00000000

mem[X,0x80002814] -> 0xAE23
mem[X,0x80002816] -> 0x6AC0
[2570] [M]: 0x80002814 (0x6AC0AE23) sw a2, 0x6bc(ra)
mem[0x8000684C] <- 0x00000000

mem[X,0x80002818] -> 0x0513
mem[X,0x8000281A] -> 0x0040
[2571] [M]: 0x80002818 (0x00400513) addi a0, zero, 0x4
x10 <- 0x00000004

mem[X,0x8000281C] -> 0x0593
mem[X,0x8000281E] -> 0x0020
[2572] [M]: 0x8000281C (0x00200593) addi a1, zero, 0x2
x11 <- 0x00000002

mem[X,0x80002820] -> 0x1633
mem[X,0x80002822] -> 0x02B5
[2573] [M]: 0x80002820 (0x02B51633) mulh a2, a0, a1
x12 <- 0x00000000

mem[X,0x80002824] -> 0xA023
mem[X,0x80002826] -> 0x6CC0
[2574] [M]: 0x80002824 (0x6CC0A023) sw a2, 0x6c0(ra)
mem[0x80006850] <- 0x00000000

mem[X,0x80002828] -> 0x0513
mem[X,0x8000282A] -> 0x0040
[2575] [M]: 0x80002828 (0x00400513) addi a0, zero, 0x4
x10 <- 0x00000004

mem[X,0x8000282C] -> 0x55B7
mem[X,0x8000282E] -> 0x5555
[2576] [M]: 0x8000282C (0x555555B7) lui a1, 0x55555
x11 <- 0x55555000

mem[X,0x80002830] -> 0x8593
mem[X,0x80002832] -> 0x5545
[2577] [M]: 0x80002830 (0x55458593) addi a1, a1, 0x554
x11 <- 0x55555554

mem[X,0x80002834] -> 0x1633
mem[X,0x80002836] -> 0x02B5
[2578] [M]: 0x80002834 (0x02B51633) mulh a2, a0, a1
x12 <- 0x00000001

mem[X,0x80002838] -> 0xA223
mem[X,0x8000283A] -> 0x6CC0
[2579] [M]: 0x80002838 (0x6CC0A223) sw a2, 0x6c4(ra)
mem[0x80006854] <- 0x00000001

mem[X,0x8000283C] -> 0x0513
mem[X,0x8000283E] -> 0x0040
[2580] [M]: 0x8000283C (0x00400513) addi a0, zero, 0x4
x10 <- 0x00000004

mem[X,0x80002840] -> 0x0593
mem[X,0x80002842] -> 0x0000
[2581] [M]: 0x80002840 (0x00000593) addi a1, zero, 0x0
x11 <- 0x00000000

mem[X,0x80002844] -> 0x1633
mem[X,0x80002846] -> 0x02B5
[2582] [M]: 0x80002844 (0x02B51633) mulh a2, a0, a1
x12 <- 0x00000000

mem[X,0x80002848] -> 0xA423
mem[X,0x8000284A] -> 0x6CC0
[2583] [M]: 0x80002848 (0x6CC0A423) sw a2, 0x6c8(ra)
mem[0x80006858] <- 0x00000000

mem[X,0x8000284C] -> 0x0513
mem[X,0x8000284E] -> 0x0040
[2584] [M]: 0x8000284C (0x00400513) addi a0, zero, 0x4
x10 <- 0x00000004

mem[X,0x80002850] -> 0x0593
mem[X,0x80002852] -> 0x0040
[2585] [M]: 0x80002850 (0x00400593) addi a1, zero, 0x4
x11 <- 0x00000004

mem[X,0x80002854] -> 0x1633
mem[X,0x80002856] -> 0x02B5
[2586] [M]: 0x80002854 (0x02B51633) mulh a2, a0, a1
x12 <- 0x00000000

mem[X,0x80002858] -> 0xA623
mem[X,0x8000285A] -> 0x6CC0
[2587] [M]: 0x80002858 (0x6CC0A623) sw a2, 0x6cc(ra)
mem[0x8000685C] <- 0x00000000

mem[X,0x8000285C] -> 0x0513
mem[X,0x8000285E] -> 0x0040
[2588] [M]: 0x8000285C (0x00400513) addi a0, zero, 0x4
x10 <- 0x00000004

mem[X,0x80002860] -> 0x35B7
mem[X,0x80002862] -> 0x3333
[2589] [M]: 0x80002860 (0x333335B7) lui a1, 0x33333
x11 <- 0x33333000

mem[X,0x80002864] -> 0x8593
mem[X,0x80002866] -> 0x3325
[2590] [M]: 0x80002864 (0x33258593) addi a1, a1, 0x332
x11 <- 0x33333332

mem[X,0x80002868] -> 0x1633
mem[X,0x8000286A] -> 0x02B5
[2591] [M]: 0x80002868 (0x02B51633) mulh a2, a0, a1
x12 <- 0x00000000

mem[X,0x8000286C] -> 0xA823
mem[X,0x8000286E] -> 0x6CC0
[2592] [M]: 0x8000286C (0x6CC0A823) sw a2, 0x6d0(ra)
mem[0x80006860] <- 0x00000000

mem[X,0x80002870] -> 0x0513
mem[X,0x80002872] -> 0x0040
[2593] [M]: 0x80002870 (0x00400513) addi a0, zero, 0x4
x10 <- 0x00000004

mem[X,0x80002874] -> 0x65B7
mem[X,0x80002876] -> 0x6666
[2594] [M]: 0x80002874 (0x666665B7) lui a1, 0x66666
x11 <- 0x66666000

mem[X,0x80002878] -> 0x8593
mem[X,0x8000287A] -> 0x6655
[2595] [M]: 0x80002878 (0x66558593) addi a1, a1, 0x665
x11 <- 0x66666665

mem[X,0x8000287C] -> 0x1633
mem[X,0x8000287E] -> 0x02B5
[2596] [M]: 0x8000287C (0x02B51633) mulh a2, a0, a1
x12 <- 0x00000001

mem[X,0x80002880] -> 0xAA23
mem[X,0x80002882] -> 0x6CC0
[2597] [M]: 0x80002880 (0x6CC0AA23) sw a2, 0x6d4(ra)
mem[0x80006864] <- 0x00000001

mem[X,0x80002884] -> 0x0513
mem[X,0x80002886] -> 0x0040
[2598] [M]: 0x80002884 (0x00400513) addi a0, zero, 0x4
x10 <- 0x00000004

mem[X,0x80002888] -> 0xB5B7
mem[X,0x8000288A] -> 0x0000
[2599] [M]: 0x80002888 (0x0000B5B7) lui a1, 0xb
x11 <- 0x0000B000

clint::tick mtime <- 0x000000000000001A
 clint timer pending at mtime 0x000000000000001A
htif::tick 0x0000000000000000
mem[X,0x8000288C] -> 0x8593
mem[X,0x8000288E] -> 0x5035
[2600] [M]: 0x8000288C (0x50358593) addi a1, a1, 0x503
x11 <- 0x0000B503

mem[X,0x80002890] -> 0x1633
mem[X,0x80002892] -> 0x02B5
[2601] [M]: 0x80002890 (0x02B51633) mulh a2, a0, a1
x12 <- 0x00000000

mem[X,0x80002894] -> 0xAC23
mem[X,0x80002896] -> 0x6CC0
[2602] [M]: 0x80002894 (0x6CC0AC23) sw a2, 0x6d8(ra)
mem[0x80006868] <- 0x00000000

mem[X,0x80002898] -> 0x0513
mem[X,0x8000289A] -> 0x0040
[2603] [M]: 0x80002898 (0x00400513) addi a0, zero, 0x4
x10 <- 0x00000004

mem[X,0x8000289C] -> 0x55B7
mem[X,0x8000289E] -> 0x5555
[2604] [M]: 0x8000289C (0x555555B7) lui a1, 0x55555
x11 <- 0x55555000

mem[X,0x800028A0] -> 0x8593
mem[X,0x800028A2] -> 0x5565
[2605] [M]: 0x800028A0 (0x55658593) addi a1, a1, 0x556
x11 <- 0x55555556

mem[X,0x800028A4] -> 0x1633
mem[X,0x800028A6] -> 0x02B5
[2606] [M]: 0x800028A4 (0x02B51633) mulh a2, a0, a1
x12 <- 0x00000001

mem[X,0x800028A8] -> 0xAE23
mem[X,0x800028AA] -> 0x6CC0
[2607] [M]: 0x800028A8 (0x6CC0AE23) sw a2, 0x6dc(ra)
mem[0x8000686C] <- 0x00000001

mem[X,0x800028AC] -> 0x0513
mem[X,0x800028AE] -> 0x0040
[2608] [M]: 0x800028AC (0x00400513) addi a0, zero, 0x4
x10 <- 0x00000004

mem[X,0x800028B0] -> 0xB5B7
mem[X,0x800028B2] -> 0xAAAA
[2609] [M]: 0x800028B0 (0xAAAAB5B7) lui a1, -0x55555
x11 <- 0xAAAAB000

mem[X,0x800028B4] -> 0x8593
mem[X,0x800028B6] -> 0xAAB5
[2610] [M]: 0x800028B4 (0xAAB58593) addi a1, a1, -0x555
x11 <- 0xAAAAAAAB

mem[X,0x800028B8] -> 0x1633
mem[X,0x800028BA] -> 0x02B5
[2611] [M]: 0x800028B8 (0x02B51633) mulh a2, a0, a1
x12 <- 0xFFFFFFFE

mem[X,0x800028BC] -> 0xA023
mem[X,0x800028BE] -> 0x6EC0
[2612] [M]: 0x800028BC (0x6EC0A023) sw a2, 0x6e0(ra)
mem[0x80006870] <- 0xFFFFFFFE

mem[X,0x800028C0] -> 0x0513
mem[X,0x800028C2] -> 0x0040
[2613] [M]: 0x800028C0 (0x00400513) addi a0, zero, 0x4
x10 <- 0x00000004

mem[X,0x800028C4] -> 0x0593
mem[X,0x800028C6] -> 0x0060
[2614] [M]: 0x800028C4 (0x00600593) addi a1, zero, 0x6
x11 <- 0x00000006

mem[X,0x800028C8] -> 0x1633
mem[X,0x800028CA] -> 0x02B5
[2615] [M]: 0x800028C8 (0x02B51633) mulh a2, a0, a1
x12 <- 0x00000000

mem[X,0x800028CC] -> 0xA223
mem[X,0x800028CE] -> 0x6EC0
[2616] [M]: 0x800028CC (0x6EC0A223) sw a2, 0x6e4(ra)
mem[0x80006874] <- 0x00000000

mem[X,0x800028D0] -> 0x0513
mem[X,0x800028D2] -> 0x0040
[2617] [M]: 0x800028D0 (0x00400513) addi a0, zero, 0x4
x10 <- 0x00000004

mem[X,0x800028D4] -> 0x35B7
mem[X,0x800028D6] -> 0x3333
[2618] [M]: 0x800028D4 (0x333335B7) lui a1, 0x33333
x11 <- 0x33333000

mem[X,0x800028D8] -> 0x8593
mem[X,0x800028DA] -> 0x3345
[2619] [M]: 0x800028D8 (0x33458593) addi a1, a1, 0x334
x11 <- 0x33333334

mem[X,0x800028DC] -> 0x1633
mem[X,0x800028DE] -> 0x02B5
[2620] [M]: 0x800028DC (0x02B51633) mulh a2, a0, a1
x12 <- 0x00000000

mem[X,0x800028E0] -> 0xA423
mem[X,0x800028E2] -> 0x6EC0
[2621] [M]: 0x800028E0 (0x6EC0A423) sw a2, 0x6e8(ra)
mem[0x80006878] <- 0x00000000

mem[X,0x800028E4] -> 0x0513
mem[X,0x800028E6] -> 0x0040
[2622] [M]: 0x800028E4 (0x00400513) addi a0, zero, 0x4
x10 <- 0x00000004

mem[X,0x800028E8] -> 0x65B7
mem[X,0x800028EA] -> 0x6666
[2623] [M]: 0x800028E8 (0x666665B7) lui a1, 0x66666
x11 <- 0x66666000

mem[X,0x800028EC] -> 0x8593
mem[X,0x800028EE] -> 0x6675
[2624] [M]: 0x800028EC (0x66758593) addi a1, a1, 0x667
x11 <- 0x66666667

mem[X,0x800028F0] -> 0x1633
mem[X,0x800028F2] -> 0x02B5
[2625] [M]: 0x800028F0 (0x02B51633) mulh a2, a0, a1
x12 <- 0x00000001

mem[X,0x800028F4] -> 0xA623
mem[X,0x800028F6] -> 0x6EC0
[2626] [M]: 0x800028F4 (0x6EC0A623) sw a2, 0x6ec(ra)
mem[0x8000687C] <- 0x00000001

mem[X,0x800028F8] -> 0x0513
mem[X,0x800028FA] -> 0x0040
[2627] [M]: 0x800028F8 (0x00400513) addi a0, zero, 0x4
x10 <- 0x00000004

mem[X,0x800028FC] -> 0x55B7
mem[X,0x800028FE] -> 0xFFFF
[2628] [M]: 0x800028FC (0xFFFF55B7) lui a1, -0xb
x11 <- 0xFFFF5000

mem[X,0x80002900] -> 0x8593
mem[X,0x80002902] -> 0xAFD5
[2629] [M]: 0x80002900 (0xAFD58593) addi a1, a1, -0x503
x11 <- 0xFFFF4AFD

mem[X,0x80002904] -> 0x1633
mem[X,0x80002906] -> 0x02B5
[2630] [M]: 0x80002904 (0x02B51633) mulh a2, a0, a1
x12 <- 0xFFFFFFFF

mem[X,0x80002908] -> 0xA823
mem[X,0x8000290A] -> 0x6EC0
[2631] [M]: 0x80002908 (0x6EC0A823) sw a2, 0x6f0(ra)
mem[0x80006880] <- 0xFFFFFFFF

mem[X,0x8000290C] -> 0x0513
mem[X,0x8000290E] -> 0x0040
[2632] [M]: 0x8000290C (0x00400513) addi a0, zero, 0x4
x10 <- 0x00000004

mem[X,0x80002910] -> 0xB5B7
mem[X,0x80002912] -> 0x0000
[2633] [M]: 0x80002910 (0x0000B5B7) lui a1, 0xb
x11 <- 0x0000B000

mem[X,0x80002914] -> 0x8593
mem[X,0x80002916] -> 0x5055
[2634] [M]: 0x80002914 (0x50558593) addi a1, a1, 0x505
x11 <- 0x0000B505

mem[X,0x80002918] -> 0x1633
mem[X,0x8000291A] -> 0x02B5
[2635] [M]: 0x80002918 (0x02B51633) mulh a2, a0, a1
x12 <- 0x00000000

mem[X,0x8000291C] -> 0xAA23
mem[X,0x8000291E] -> 0x6EC0
[2636] [M]: 0x8000291C (0x6EC0AA23) sw a2, 0x6f4(ra)
mem[0x80006884] <- 0x00000000

mem[X,0x80002920] -> 0x3537
mem[X,0x80002922] -> 0x3333
[2637] [M]: 0x80002920 (0x33333537) lui a0, 0x33333
x10 <- 0x33333000

mem[X,0x80002924] -> 0x0513
mem[X,0x80002926] -> 0x3325
[2638] [M]: 0x80002924 (0x33250513) addi a0, a0, 0x332
x10 <- 0x33333332

mem[X,0x80002928] -> 0x0593
mem[X,0x8000292A] -> 0x0030
[2639] [M]: 0x80002928 (0x00300593) addi a1, zero, 0x3
x11 <- 0x00000003

mem[X,0x8000292C] -> 0x1633
mem[X,0x8000292E] -> 0x02B5
[2640] [M]: 0x8000292C (0x02B51633) mulh a2, a0, a1
x12 <- 0x00000000

mem[X,0x80002930] -> 0xAC23
mem[X,0x80002932] -> 0x6EC0
[2641] [M]: 0x80002930 (0x6EC0AC23) sw a2, 0x6f8(ra)
mem[0x80006888] <- 0x00000000

mem[X,0x80002934] -> 0x3537
mem[X,0x80002936] -> 0x3333
[2642] [M]: 0x80002934 (0x33333537) lui a0, 0x33333
x10 <- 0x33333000

mem[X,0x80002938] -> 0x0513
mem[X,0x8000293A] -> 0x3325
[2643] [M]: 0x80002938 (0x33250513) addi a0, a0, 0x332
x10 <- 0x33333332

mem[X,0x8000293C] -> 0x55B7
mem[X,0x8000293E] -> 0x5555
[2644] [M]: 0x8000293C (0x555555B7) lui a1, 0x55555
x11 <- 0x55555000

mem[X,0x80002940] -> 0x8593
mem[X,0x80002942] -> 0x5555
[2645] [M]: 0x80002940 (0x55558593) addi a1, a1, 0x555
x11 <- 0x55555555

mem[X,0x80002944] -> 0x1633
mem[X,0x80002946] -> 0x02B5
[2646] [M]: 0x80002944 (0x02B51633) mulh a2, a0, a1
x12 <- 0x11111110

mem[X,0x80002948] -> 0xAE23
mem[X,0x8000294A] -> 0x6EC0
[2647] [M]: 0x80002948 (0x6EC0AE23) sw a2, 0x6fc(ra)
mem[0x8000688C] <- 0x11111110

mem[X,0x8000294C] -> 0x3537
mem[X,0x8000294E] -> 0x3333
[2648] [M]: 0x8000294C (0x33333537) lui a0, 0x33333
x10 <- 0x33333000

mem[X,0x80002950] -> 0x0513
mem[X,0x80002952] -> 0x3325
[2649] [M]: 0x80002950 (0x33250513) addi a0, a0, 0x332
x10 <- 0x33333332

mem[X,0x80002954] -> 0xB5B7
mem[X,0x80002956] -> 0xAAAA
[2650] [M]: 0x80002954 (0xAAAAB5B7) lui a1, -0x55555
x11 <- 0xAAAAB000

mem[X,0x80002958] -> 0x8593
mem[X,0x8000295A] -> 0xAAA5
[2651] [M]: 0x80002958 (0xAAA58593) addi a1, a1, -0x556
x11 <- 0xAAAAAAAA

mem[X,0x8000295C] -> 0x1633
mem[X,0x8000295E] -> 0x02B5
[2652] [M]: 0x8000295C (0x02B51633) mulh a2, a0, a1
x12 <- 0xEEEEEEEF

mem[X,0x80002960] -> 0xA023
mem[X,0x80002962] -> 0x70C0
[2653] [M]: 0x80002960 (0x70C0A023) sw a2, 0x700(ra)
mem[0x80006890] <- 0xEEEEEEEF

mem[X,0x80002964] -> 0x3537
mem[X,0x80002966] -> 0x3333
[2654] [M]: 0x80002964 (0x33333537) lui a0, 0x33333
x10 <- 0x33333000

mem[X,0x80002968] -> 0x0513
mem[X,0x8000296A] -> 0x3325
[2655] [M]: 0x80002968 (0x33250513) addi a0, a0, 0x332
x10 <- 0x33333332

mem[X,0x8000296C] -> 0x0593
mem[X,0x8000296E] -> 0x0050
[2656] [M]: 0x8000296C (0x00500593) addi a1, zero, 0x5
x11 <- 0x00000005

mem[X,0x80002970] -> 0x1633
mem[X,0x80002972] -> 0x02B5
[2657] [M]: 0x80002970 (0x02B51633) mulh a2, a0, a1
x12 <- 0x00000000

mem[X,0x80002974] -> 0xA223
mem[X,0x80002976] -> 0x70C0
[2658] [M]: 0x80002974 (0x70C0A223) sw a2, 0x704(ra)
mem[0x80006894] <- 0x00000000

mem[X,0x80002978] -> 0x3537
mem[X,0x8000297A] -> 0x3333
[2659] [M]: 0x80002978 (0x33333537) lui a0, 0x33333
x10 <- 0x33333000

mem[X,0x8000297C] -> 0x0513
mem[X,0x8000297E] -> 0x3325
[2660] [M]: 0x8000297C (0x33250513) addi a0, a0, 0x332
x10 <- 0x33333332

mem[X,0x80002980] -> 0x35B7
mem[X,0x80002982] -> 0x3333
[2661] [M]: 0x80002980 (0x333335B7) lui a1, 0x33333
x11 <- 0x33333000

mem[X,0x80002984] -> 0x8593
mem[X,0x80002986] -> 0x3335
[2662] [M]: 0x80002984 (0x33358593) addi a1, a1, 0x333
x11 <- 0x33333333

mem[X,0x80002988] -> 0x1633
mem[X,0x8000298A] -> 0x02B5
[2663] [M]: 0x80002988 (0x02B51633) mulh a2, a0, a1
x12 <- 0x0A3D70A3

mem[X,0x8000298C] -> 0xA423
mem[X,0x8000298E] -> 0x70C0
[2664] [M]: 0x8000298C (0x70C0A423) sw a2, 0x708(ra)
mem[0x80006898] <- 0x0A3D70A3

mem[X,0x80002990] -> 0x3537
mem[X,0x80002992] -> 0x3333
[2665] [M]: 0x80002990 (0x33333537) lui a0, 0x33333
x10 <- 0x33333000

mem[X,0x80002994] -> 0x0513
mem[X,0x80002996] -> 0x3325
[2666] [M]: 0x80002994 (0x33250513) addi a0, a0, 0x332
x10 <- 0x33333332

mem[X,0x80002998] -> 0x65B7
mem[X,0x8000299A] -> 0x6666
[2667] [M]: 0x80002998 (0x666665B7) lui a1, 0x66666
x11 <- 0x66666000

mem[X,0x8000299C] -> 0x8593
mem[X,0x8000299E] -> 0x6665
[2668] [M]: 0x8000299C (0x66658593) addi a1, a1, 0x666
x11 <- 0x66666666

mem[X,0x800029A0] -> 0x1633
mem[X,0x800029A2] -> 0x02B5
[2669] [M]: 0x800029A0 (0x02B51633) mulh a2, a0, a1
x12 <- 0x147AE147

mem[X,0x800029A4] -> 0xA623
mem[X,0x800029A6] -> 0x70C0
[2670] [M]: 0x800029A4 (0x70C0A623) sw a2, 0x70c(ra)
mem[0x8000689C] <- 0x147AE147

mem[X,0x800029A8] -> 0x3537
mem[X,0x800029AA] -> 0x3333
[2671] [M]: 0x800029A8 (0x33333537) lui a0, 0x33333
x10 <- 0x33333000

mem[X,0x800029AC] -> 0x0513
mem[X,0x800029AE] -> 0x3325
[2672] [M]: 0x800029AC (0x33250513) addi a0, a0, 0x332
x10 <- 0x33333332

mem[X,0x800029B0] -> 0x55B7
mem[X,0x800029B2] -> 0xFFFF
[2673] [M]: 0x800029B0 (0xFFFF55B7) lui a1, -0xb
x11 <- 0xFFFF5000

mem[X,0x800029B4] -> 0x8593
mem[X,0x800029B6] -> 0xAFC5
[2674] [M]: 0x800029B4 (0xAFC58593) addi a1, a1, -0x504
x11 <- 0xFFFF4AFC

mem[X,0x800029B8] -> 0x1633
mem[X,0x800029BA] -> 0x02B5
[2675] [M]: 0x800029B8 (0x02B51633) mulh a2, a0, a1
x12 <- 0xFFFFDBCC

mem[X,0x800029BC] -> 0xA823
mem[X,0x800029BE] -> 0x70C0
[2676] [M]: 0x800029BC (0x70C0A823) sw a2, 0x710(ra)
mem[0x800068A0] <- 0xFFFFDBCC

mem[X,0x800029C0] -> 0x3537
mem[X,0x800029C2] -> 0x3333
[2677] [M]: 0x800029C0 (0x33333537) lui a0, 0x33333
x10 <- 0x33333000

mem[X,0x800029C4] -> 0x0513
mem[X,0x800029C6] -> 0x3325
[2678] [M]: 0x800029C4 (0x33250513) addi a0, a0, 0x332
x10 <- 0x33333332

mem[X,0x800029C8] -> 0xB5B7
mem[X,0x800029CA] -> 0x0000
[2679] [M]: 0x800029C8 (0x0000B5B7) lui a1, 0xb
x11 <- 0x0000B000

mem[X,0x800029CC] -> 0x8593
mem[X,0x800029CE] -> 0x5045
[2680] [M]: 0x800029CC (0x50458593) addi a1, a1, 0x504
x11 <- 0x0000B504

mem[X,0x800029D0] -> 0x1633
mem[X,0x800029D2] -> 0x02B5
[2681] [M]: 0x800029D0 (0x02B51633) mulh a2, a0, a1
x12 <- 0x00002433

mem[X,0x800029D4] -> 0xAA23
mem[X,0x800029D6] -> 0x70C0
[2682] [M]: 0x800029D4 (0x70C0AA23) sw a2, 0x714(ra)
mem[0x800068A4] <- 0x00002433

mem[X,0x800029D8] -> 0x3537
mem[X,0x800029DA] -> 0x3333
[2683] [M]: 0x800029D8 (0x33333537) lui a0, 0x33333
x10 <- 0x33333000

mem[X,0x800029DC] -> 0x0513
mem[X,0x800029DE] -> 0x3325
[2684] [M]: 0x800029DC (0x33250513) addi a0, a0, 0x332
x10 <- 0x33333332

mem[X,0x800029E0] -> 0x0593
mem[X,0x800029E2] -> 0x0020
[2685] [M]: 0x800029E0 (0x00200593) addi a1, zero, 0x2
x11 <- 0x00000002

mem[X,0x800029E4] -> 0x1633
mem[X,0x800029E6] -> 0x02B5
[2686] [M]: 0x800029E4 (0x02B51633) mulh a2, a0, a1
x12 <- 0x00000000

mem[X,0x800029E8] -> 0xAC23
mem[X,0x800029EA] -> 0x70C0
[2687] [M]: 0x800029E8 (0x70C0AC23) sw a2, 0x718(ra)
mem[0x800068A8] <- 0x00000000

mem[X,0x800029EC] -> 0x3537
mem[X,0x800029EE] -> 0x3333
[2688] [M]: 0x800029EC (0x33333537) lui a0, 0x33333
x10 <- 0x33333000

mem[X,0x800029F0] -> 0x0513
mem[X,0x800029F2] -> 0x3325
[2689] [M]: 0x800029F0 (0x33250513) addi a0, a0, 0x332
x10 <- 0x33333332

mem[X,0x800029F4] -> 0x55B7
mem[X,0x800029F6] -> 0x5555
[2690] [M]: 0x800029F4 (0x555555B7) lui a1, 0x55555
x11 <- 0x55555000

mem[X,0x800029F8] -> 0x8593
mem[X,0x800029FA] -> 0x5545
[2691] [M]: 0x800029F8 (0x55458593) addi a1, a1, 0x554
x11 <- 0x55555554

mem[X,0x800029FC] -> 0x1633
mem[X,0x800029FE] -> 0x02B5
[2692] [M]: 0x800029FC (0x02B51633) mulh a2, a0, a1
x12 <- 0x11111110

mem[X,0x80002A00] -> 0xAE23
mem[X,0x80002A02] -> 0x70C0
[2693] [M]: 0x80002A00 (0x70C0AE23) sw a2, 0x71c(ra)
mem[0x800068AC] <- 0x11111110

mem[X,0x80002A04] -> 0x3537
mem[X,0x80002A06] -> 0x3333
[2694] [M]: 0x80002A04 (0x33333537) lui a0, 0x33333
x10 <- 0x33333000

mem[X,0x80002A08] -> 0x0513
mem[X,0x80002A0A] -> 0x3325
[2695] [M]: 0x80002A08 (0x33250513) addi a0, a0, 0x332
x10 <- 0x33333332

mem[X,0x80002A0C] -> 0x0593
mem[X,0x80002A0E] -> 0x0000
[2696] [M]: 0x80002A0C (0x00000593) addi a1, zero, 0x0
x11 <- 0x00000000

mem[X,0x80002A10] -> 0x1633
mem[X,0x80002A12] -> 0x02B5
[2697] [M]: 0x80002A10 (0x02B51633) mulh a2, a0, a1
x12 <- 0x00000000

mem[X,0x80002A14] -> 0xA023
mem[X,0x80002A16] -> 0x72C0
[2698] [M]: 0x80002A14 (0x72C0A023) sw a2, 0x720(ra)
mem[0x800068B0] <- 0x00000000

mem[X,0x80002A18] -> 0x3537
mem[X,0x80002A1A] -> 0x3333
[2699] [M]: 0x80002A18 (0x33333537) lui a0, 0x33333
x10 <- 0x33333000

clint::tick mtime <- 0x000000000000001B
 clint timer pending at mtime 0x000000000000001B
htif::tick 0x0000000000000000
mem[X,0x80002A1C] -> 0x0513
mem[X,0x80002A1E] -> 0x3325
[2700] [M]: 0x80002A1C (0x33250513) addi a0, a0, 0x332
x10 <- 0x33333332

mem[X,0x80002A20] -> 0x0593
mem[X,0x80002A22] -> 0x0040
[2701] [M]: 0x80002A20 (0x00400593) addi a1, zero, 0x4
x11 <- 0x00000004

mem[X,0x80002A24] -> 0x1633
mem[X,0x80002A26] -> 0x02B5
[2702] [M]: 0x80002A24 (0x02B51633) mulh a2, a0, a1
x12 <- 0x00000000

mem[X,0x80002A28] -> 0xA223
mem[X,0x80002A2A] -> 0x72C0
[2703] [M]: 0x80002A28 (0x72C0A223) sw a2, 0x724(ra)
mem[0x800068B4] <- 0x00000000

mem[X,0x80002A2C] -> 0x3537
mem[X,0x80002A2E] -> 0x3333
[2704] [M]: 0x80002A2C (0x33333537) lui a0, 0x33333
x10 <- 0x33333000

mem[X,0x80002A30] -> 0x0513
mem[X,0x80002A32] -> 0x3325
[2705] [M]: 0x80002A30 (0x33250513) addi a0, a0, 0x332
x10 <- 0x33333332

mem[X,0x80002A34] -> 0x35B7
mem[X,0x80002A36] -> 0x3333
[2706] [M]: 0x80002A34 (0x333335B7) lui a1, 0x33333
x11 <- 0x33333000

mem[X,0x80002A38] -> 0x8593
mem[X,0x80002A3A] -> 0x3325
[2707] [M]: 0x80002A38 (0x33258593) addi a1, a1, 0x332
x11 <- 0x33333332

mem[X,0x80002A3C] -> 0x1633
mem[X,0x80002A3E] -> 0x02B5
[2708] [M]: 0x80002A3C (0x02B51633) mulh a2, a0, a1
x12 <- 0x0A3D70A3

mem[X,0x80002A40] -> 0xA423
mem[X,0x80002A42] -> 0x72C0
[2709] [M]: 0x80002A40 (0x72C0A423) sw a2, 0x728(ra)
mem[0x800068B8] <- 0x0A3D70A3

mem[X,0x80002A44] -> 0x3537
mem[X,0x80002A46] -> 0x3333
[2710] [M]: 0x80002A44 (0x33333537) lui a0, 0x33333
x10 <- 0x33333000

mem[X,0x80002A48] -> 0x0513
mem[X,0x80002A4A] -> 0x3325
[2711] [M]: 0x80002A48 (0x33250513) addi a0, a0, 0x332
x10 <- 0x33333332

mem[X,0x80002A4C] -> 0x65B7
mem[X,0x80002A4E] -> 0x6666
[2712] [M]: 0x80002A4C (0x666665B7) lui a1, 0x66666
x11 <- 0x66666000

mem[X,0x80002A50] -> 0x8593
mem[X,0x80002A52] -> 0x6655
[2713] [M]: 0x80002A50 (0x66558593) addi a1, a1, 0x665
x11 <- 0x66666665

mem[X,0x80002A54] -> 0x1633
mem[X,0x80002A56] -> 0x02B5
[2714] [M]: 0x80002A54 (0x02B51633) mulh a2, a0, a1
x12 <- 0x147AE146

mem[X,0x80002A58] -> 0xA623
mem[X,0x80002A5A] -> 0x72C0
[2715] [M]: 0x80002A58 (0x72C0A623) sw a2, 0x72c(ra)
mem[0x800068BC] <- 0x147AE146

mem[X,0x80002A5C] -> 0x3537
mem[X,0x80002A5E] -> 0x3333
[2716] [M]: 0x80002A5C (0x33333537) lui a0, 0x33333
x10 <- 0x33333000

mem[X,0x80002A60] -> 0x0513
mem[X,0x80002A62] -> 0x3325
[2717] [M]: 0x80002A60 (0x33250513) addi a0, a0, 0x332
x10 <- 0x33333332

mem[X,0x80002A64] -> 0xB5B7
mem[X,0x80002A66] -> 0x0000
[2718] [M]: 0x80002A64 (0x0000B5B7) lui a1, 0xb
x11 <- 0x0000B000

mem[X,0x80002A68] -> 0x8593
mem[X,0x80002A6A] -> 0x5035
[2719] [M]: 0x80002A68 (0x50358593) addi a1, a1, 0x503
x11 <- 0x0000B503

mem[X,0x80002A6C] -> 0x1633
mem[X,0x80002A6E] -> 0x02B5
[2720] [M]: 0x80002A6C (0x02B51633) mulh a2, a0, a1
x12 <- 0x00002433

mem[X,0x80002A70] -> 0xA823
mem[X,0x80002A72] -> 0x72C0
[2721] [M]: 0x80002A70 (0x72C0A823) sw a2, 0x730(ra)
mem[0x800068C0] <- 0x00002433

mem[X,0x80002A74] -> 0x3537
mem[X,0x80002A76] -> 0x3333
[2722] [M]: 0x80002A74 (0x33333537) lui a0, 0x33333
x10 <- 0x33333000

mem[X,0x80002A78] -> 0x0513
mem[X,0x80002A7A] -> 0x3325
[2723] [M]: 0x80002A78 (0x33250513) addi a0, a0, 0x332
x10 <- 0x33333332

mem[X,0x80002A7C] -> 0x55B7
mem[X,0x80002A7E] -> 0x5555
[2724] [M]: 0x80002A7C (0x555555B7) lui a1, 0x55555
x11 <- 0x55555000

mem[X,0x80002A80] -> 0x8593
mem[X,0x80002A82] -> 0x5565
[2725] [M]: 0x80002A80 (0x55658593) addi a1, a1, 0x556
x11 <- 0x55555556

mem[X,0x80002A84] -> 0x1633
mem[X,0x80002A86] -> 0x02B5
[2726] [M]: 0x80002A84 (0x02B51633) mulh a2, a0, a1
x12 <- 0x11111110

mem[X,0x80002A88] -> 0xAA23
mem[X,0x80002A8A] -> 0x72C0
[2727] [M]: 0x80002A88 (0x72C0AA23) sw a2, 0x734(ra)
mem[0x800068C4] <- 0x11111110

mem[X,0x80002A8C] -> 0x3537
mem[X,0x80002A8E] -> 0x3333
[2728] [M]: 0x80002A8C (0x33333537) lui a0, 0x33333
x10 <- 0x33333000

mem[X,0x80002A90] -> 0x0513
mem[X,0x80002A92] -> 0x3325
[2729] [M]: 0x80002A90 (0x33250513) addi a0, a0, 0x332
x10 <- 0x33333332

mem[X,0x80002A94] -> 0xB5B7
mem[X,0x80002A96] -> 0xAAAA
[2730] [M]: 0x80002A94 (0xAAAAB5B7) lui a1, -0x55555
x11 <- 0xAAAAB000

mem[X,0x80002A98] -> 0x8593
mem[X,0x80002A9A] -> 0xAAB5
[2731] [M]: 0x80002A98 (0xAAB58593) addi a1, a1, -0x555
x11 <- 0xAAAAAAAB

mem[X,0x80002A9C] -> 0x1633
mem[X,0x80002A9E] -> 0x02B5
[2732] [M]: 0x80002A9C (0x02B51633) mulh a2, a0, a1
x12 <- 0xEEEEEEEF

mem[X,0x80002AA0] -> 0xAC23
mem[X,0x80002AA2] -> 0x72C0
[2733] [M]: 0x80002AA0 (0x72C0AC23) sw a2, 0x738(ra)
mem[0x800068C8] <- 0xEEEEEEEF

mem[X,0x80002AA4] -> 0x3537
mem[X,0x80002AA6] -> 0x3333
[2734] [M]: 0x80002AA4 (0x33333537) lui a0, 0x33333
x10 <- 0x33333000

mem[X,0x80002AA8] -> 0x0513
mem[X,0x80002AAA] -> 0x3325
[2735] [M]: 0x80002AA8 (0x33250513) addi a0, a0, 0x332
x10 <- 0x33333332

mem[X,0x80002AAC] -> 0x0593
mem[X,0x80002AAE] -> 0x0060
[2736] [M]: 0x80002AAC (0x00600593) addi a1, zero, 0x6
x11 <- 0x00000006

mem[X,0x80002AB0] -> 0x1633
mem[X,0x80002AB2] -> 0x02B5
[2737] [M]: 0x80002AB0 (0x02B51633) mulh a2, a0, a1
x12 <- 0x00000001

mem[X,0x80002AB4] -> 0xAE23
mem[X,0x80002AB6] -> 0x72C0
[2738] [M]: 0x80002AB4 (0x72C0AE23) sw a2, 0x73c(ra)
mem[0x800068CC] <- 0x00000001

mem[X,0x80002AB8] -> 0x3537
mem[X,0x80002ABA] -> 0x3333
[2739] [M]: 0x80002AB8 (0x33333537) lui a0, 0x33333
x10 <- 0x33333000

mem[X,0x80002ABC] -> 0x0513
mem[X,0x80002ABE] -> 0x3325
[2740] [M]: 0x80002ABC (0x33250513) addi a0, a0, 0x332
x10 <- 0x33333332

mem[X,0x80002AC0] -> 0x35B7
mem[X,0x80002AC2] -> 0x3333
[2741] [M]: 0x80002AC0 (0x333335B7) lui a1, 0x33333
x11 <- 0x33333000

mem[X,0x80002AC4] -> 0x8593
mem[X,0x80002AC6] -> 0x3345
[2742] [M]: 0x80002AC4 (0x33458593) addi a1, a1, 0x334
x11 <- 0x33333334

mem[X,0x80002AC8] -> 0x1633
mem[X,0x80002ACA] -> 0x02B5
[2743] [M]: 0x80002AC8 (0x02B51633) mulh a2, a0, a1
x12 <- 0x0A3D70A3

mem[X,0x80002ACC] -> 0xA023
mem[X,0x80002ACE] -> 0x74C0
[2744] [M]: 0x80002ACC (0x74C0A023) sw a2, 0x740(ra)
mem[0x800068D0] <- 0x0A3D70A3

mem[X,0x80002AD0] -> 0x3537
mem[X,0x80002AD2] -> 0x3333
[2745] [M]: 0x80002AD0 (0x33333537) lui a0, 0x33333
x10 <- 0x33333000

mem[X,0x80002AD4] -> 0x0513
mem[X,0x80002AD6] -> 0x3325
[2746] [M]: 0x80002AD4 (0x33250513) addi a0, a0, 0x332
x10 <- 0x33333332

mem[X,0x80002AD8] -> 0x65B7
mem[X,0x80002ADA] -> 0x6666
[2747] [M]: 0x80002AD8 (0x666665B7) lui a1, 0x66666
x11 <- 0x66666000

mem[X,0x80002ADC] -> 0x8593
mem[X,0x80002ADE] -> 0x6675
[2748] [M]: 0x80002ADC (0x66758593) addi a1, a1, 0x667
x11 <- 0x66666667

mem[X,0x80002AE0] -> 0x1633
mem[X,0x80002AE2] -> 0x02B5
[2749] [M]: 0x80002AE0 (0x02B51633) mulh a2, a0, a1
x12 <- 0x147AE147

mem[X,0x80002AE4] -> 0xA223
mem[X,0x80002AE6] -> 0x74C0
[2750] [M]: 0x80002AE4 (0x74C0A223) sw a2, 0x744(ra)
mem[0x800068D4] <- 0x147AE147

mem[X,0x80002AE8] -> 0x3537
mem[X,0x80002AEA] -> 0x3333
[2751] [M]: 0x80002AE8 (0x33333537) lui a0, 0x33333
x10 <- 0x33333000

mem[X,0x80002AEC] -> 0x0513
mem[X,0x80002AEE] -> 0x3325
[2752] [M]: 0x80002AEC (0x33250513) addi a0, a0, 0x332
x10 <- 0x33333332

mem[X,0x80002AF0] -> 0x55B7
mem[X,0x80002AF2] -> 0xFFFF
[2753] [M]: 0x80002AF0 (0xFFFF55B7) lui a1, -0xb
x11 <- 0xFFFF5000

mem[X,0x80002AF4] -> 0x8593
mem[X,0x80002AF6] -> 0xAFD5
[2754] [M]: 0x80002AF4 (0xAFD58593) addi a1, a1, -0x503
x11 <- 0xFFFF4AFD

mem[X,0x80002AF8] -> 0x1633
mem[X,0x80002AFA] -> 0x02B5
[2755] [M]: 0x80002AF8 (0x02B51633) mulh a2, a0, a1
x12 <- 0xFFFFDBCC

mem[X,0x80002AFC] -> 0xA423
mem[X,0x80002AFE] -> 0x74C0
[2756] [M]: 0x80002AFC (0x74C0A423) sw a2, 0x748(ra)
mem[0x800068D8] <- 0xFFFFDBCC

mem[X,0x80002B00] -> 0x3537
mem[X,0x80002B02] -> 0x3333
[2757] [M]: 0x80002B00 (0x33333537) lui a0, 0x33333
x10 <- 0x33333000

mem[X,0x80002B04] -> 0x0513
mem[X,0x80002B06] -> 0x3325
[2758] [M]: 0x80002B04 (0x33250513) addi a0, a0, 0x332
x10 <- 0x33333332

mem[X,0x80002B08] -> 0xB5B7
mem[X,0x80002B0A] -> 0x0000
[2759] [M]: 0x80002B08 (0x0000B5B7) lui a1, 0xb
x11 <- 0x0000B000

mem[X,0x80002B0C] -> 0x8593
mem[X,0x80002B0E] -> 0x5055
[2760] [M]: 0x80002B0C (0x50558593) addi a1, a1, 0x505
x11 <- 0x0000B505

mem[X,0x80002B10] -> 0x1633
mem[X,0x80002B12] -> 0x02B5
[2761] [M]: 0x80002B10 (0x02B51633) mulh a2, a0, a1
x12 <- 0x00002434

mem[X,0x80002B14] -> 0xA623
mem[X,0x80002B16] -> 0x74C0
[2762] [M]: 0x80002B14 (0x74C0A623) sw a2, 0x74c(ra)
mem[0x800068DC] <- 0x00002434

mem[X,0x80002B18] -> 0x6537
mem[X,0x80002B1A] -> 0x6666
[2763] [M]: 0x80002B18 (0x66666537) lui a0, 0x66666
x10 <- 0x66666000

mem[X,0x80002B1C] -> 0x0513
mem[X,0x80002B1E] -> 0x6655
[2764] [M]: 0x80002B1C (0x66550513) addi a0, a0, 0x665
x10 <- 0x66666665

mem[X,0x80002B20] -> 0x0593
mem[X,0x80002B22] -> 0x0030
[2765] [M]: 0x80002B20 (0x00300593) addi a1, zero, 0x3
x11 <- 0x00000003

mem[X,0x80002B24] -> 0x1633
mem[X,0x80002B26] -> 0x02B5
[2766] [M]: 0x80002B24 (0x02B51633) mulh a2, a0, a1
x12 <- 0x00000001

mem[X,0x80002B28] -> 0xA823
mem[X,0x80002B2A] -> 0x74C0
[2767] [M]: 0x80002B28 (0x74C0A823) sw a2, 0x750(ra)
mem[0x800068E0] <- 0x00000001

mem[X,0x80002B2C] -> 0x6537
mem[X,0x80002B2E] -> 0x6666
[2768] [M]: 0x80002B2C (0x66666537) lui a0, 0x66666
x10 <- 0x66666000

mem[X,0x80002B30] -> 0x0513
mem[X,0x80002B32] -> 0x6655
[2769] [M]: 0x80002B30 (0x66550513) addi a0, a0, 0x665
x10 <- 0x66666665

mem[X,0x80002B34] -> 0x55B7
mem[X,0x80002B36] -> 0x5555
[2770] [M]: 0x80002B34 (0x555555B7) lui a1, 0x55555
x11 <- 0x55555000

mem[X,0x80002B38] -> 0x8593
mem[X,0x80002B3A] -> 0x5555
[2771] [M]: 0x80002B38 (0x55558593) addi a1, a1, 0x555
x11 <- 0x55555555

mem[X,0x80002B3C] -> 0x1633
mem[X,0x80002B3E] -> 0x02B5
[2772] [M]: 0x80002B3C (0x02B51633) mulh a2, a0, a1
x12 <- 0x22222221

mem[X,0x80002B40] -> 0xAA23
mem[X,0x80002B42] -> 0x74C0
[2773] [M]: 0x80002B40 (0x74C0AA23) sw a2, 0x754(ra)
mem[0x800068E4] <- 0x22222221

mem[X,0x80002B44] -> 0x6537
mem[X,0x80002B46] -> 0x6666
[2774] [M]: 0x80002B44 (0x66666537) lui a0, 0x66666
x10 <- 0x66666000

mem[X,0x80002B48] -> 0x0513
mem[X,0x80002B4A] -> 0x6655
[2775] [M]: 0x80002B48 (0x66550513) addi a0, a0, 0x665
x10 <- 0x66666665

mem[X,0x80002B4C] -> 0xB5B7
mem[X,0x80002B4E] -> 0xAAAA
[2776] [M]: 0x80002B4C (0xAAAAB5B7) lui a1, -0x55555
x11 <- 0xAAAAB000

mem[X,0x80002B50] -> 0x8593
mem[X,0x80002B52] -> 0xAAA5
[2777] [M]: 0x80002B50 (0xAAA58593) addi a1, a1, -0x556
x11 <- 0xAAAAAAAA

mem[X,0x80002B54] -> 0x1633
mem[X,0x80002B56] -> 0x02B5
[2778] [M]: 0x80002B54 (0x02B51633) mulh a2, a0, a1
x12 <- 0xDDDDDDDE

mem[X,0x80002B58] -> 0xAC23
mem[X,0x80002B5A] -> 0x74C0
[2779] [M]: 0x80002B58 (0x74C0AC23) sw a2, 0x758(ra)
mem[0x800068E8] <- 0xDDDDDDDE

mem[X,0x80002B5C] -> 0x6537
mem[X,0x80002B5E] -> 0x6666
[2780] [M]: 0x80002B5C (0x66666537) lui a0, 0x66666
x10 <- 0x66666000

mem[X,0x80002B60] -> 0x0513
mem[X,0x80002B62] -> 0x6655
[2781] [M]: 0x80002B60 (0x66550513) addi a0, a0, 0x665
x10 <- 0x66666665

mem[X,0x80002B64] -> 0x0593
mem[X,0x80002B66] -> 0x0050
[2782] [M]: 0x80002B64 (0x00500593) addi a1, zero, 0x5
x11 <- 0x00000005

mem[X,0x80002B68] -> 0x1633
mem[X,0x80002B6A] -> 0x02B5
[2783] [M]: 0x80002B68 (0x02B51633) mulh a2, a0, a1
x12 <- 0x00000001

mem[X,0x80002B6C] -> 0xAE23
mem[X,0x80002B6E] -> 0x74C0
[2784] [M]: 0x80002B6C (0x74C0AE23) sw a2, 0x75c(ra)
mem[0x800068EC] <- 0x00000001

mem[X,0x80002B70] -> 0x6537
mem[X,0x80002B72] -> 0x6666
[2785] [M]: 0x80002B70 (0x66666537) lui a0, 0x66666
x10 <- 0x66666000

mem[X,0x80002B74] -> 0x0513
mem[X,0x80002B76] -> 0x6655
[2786] [M]: 0x80002B74 (0x66550513) addi a0, a0, 0x665
x10 <- 0x66666665

mem[X,0x80002B78] -> 0x35B7
mem[X,0x80002B7A] -> 0x3333
[2787] [M]: 0x80002B78 (0x333335B7) lui a1, 0x33333
x11 <- 0x33333000

mem[X,0x80002B7C] -> 0x8593
mem[X,0x80002B7E] -> 0x3335
[2788] [M]: 0x80002B7C (0x33358593) addi a1, a1, 0x333
x11 <- 0x33333333

mem[X,0x80002B80] -> 0x1633
mem[X,0x80002B82] -> 0x02B5
[2789] [M]: 0x80002B80 (0x02B51633) mulh a2, a0, a1
x12 <- 0x147AE147

mem[X,0x80002B84] -> 0xA023
mem[X,0x80002B86] -> 0x76C0
[2790] [M]: 0x80002B84 (0x76C0A023) sw a2, 0x760(ra)
mem[0x800068F0] <- 0x147AE147

mem[X,0x80002B88] -> 0x6537
mem[X,0x80002B8A] -> 0x6666
[2791] [M]: 0x80002B88 (0x66666537) lui a0, 0x66666
x10 <- 0x66666000

mem[X,0x80002B8C] -> 0x0513
mem[X,0x80002B8E] -> 0x6655
[2792] [M]: 0x80002B8C (0x66550513) addi a0, a0, 0x665
x10 <- 0x66666665

mem[X,0x80002B90] -> 0x65B7
mem[X,0x80002B92] -> 0x6666
[2793] [M]: 0x80002B90 (0x666665B7) lui a1, 0x66666
x11 <- 0x66666000

mem[X,0x80002B94] -> 0x8593
mem[X,0x80002B96] -> 0x6665
[2794] [M]: 0x80002B94 (0x66658593) addi a1, a1, 0x666
x11 <- 0x66666666

mem[X,0x80002B98] -> 0x1633
mem[X,0x80002B9A] -> 0x02B5
[2795] [M]: 0x80002B98 (0x02B51633) mulh a2, a0, a1
x12 <- 0x28F5C28E

mem[X,0x80002B9C] -> 0xA223
mem[X,0x80002B9E] -> 0x76C0
[2796] [M]: 0x80002B9C (0x76C0A223) sw a2, 0x764(ra)
mem[0x800068F4] <- 0x28F5C28E

mem[X,0x80002BA0] -> 0x6537
mem[X,0x80002BA2] -> 0x6666
[2797] [M]: 0x80002BA0 (0x66666537) lui a0, 0x66666
x10 <- 0x66666000

mem[X,0x80002BA4] -> 0x0513
mem[X,0x80002BA6] -> 0x6655
[2798] [M]: 0x80002BA4 (0x66550513) addi a0, a0, 0x665
x10 <- 0x66666665

mem[X,0x80002BA8] -> 0x55B7
mem[X,0x80002BAA] -> 0xFFFF
[2799] [M]: 0x80002BA8 (0xFFFF55B7) lui a1, -0xb
x11 <- 0xFFFF5000

clint::tick mtime <- 0x000000000000001C
 clint timer pending at mtime 0x000000000000001C
htif::tick 0x0000000000000000
mem[X,0x80002BAC] -> 0x8593
mem[X,0x80002BAE] -> 0xAFC5
[2800] [M]: 0x80002BAC (0xAFC58593) addi a1, a1, -0x504
x11 <- 0xFFFF4AFC

mem[X,0x80002BB0] -> 0x1633
mem[X,0x80002BB2] -> 0x02B5
[2801] [M]: 0x80002BB0 (0x02B51633) mulh a2, a0, a1
x12 <- 0xFFFFB798

mem[X,0x80002BB4] -> 0xA423
mem[X,0x80002BB6] -> 0x76C0
[2802] [M]: 0x80002BB4 (0x76C0A423) sw a2, 0x768(ra)
mem[0x800068F8] <- 0xFFFFB798

mem[X,0x80002BB8] -> 0x6537
mem[X,0x80002BBA] -> 0x6666
[2803] [M]: 0x80002BB8 (0x66666537) lui a0, 0x66666
x10 <- 0x66666000

mem[X,0x80002BBC] -> 0x0513
mem[X,0x80002BBE] -> 0x6655
[2804] [M]: 0x80002BBC (0x66550513) addi a0, a0, 0x665
x10 <- 0x66666665

mem[X,0x80002BC0] -> 0xB5B7
mem[X,0x80002BC2] -> 0x0000
[2805] [M]: 0x80002BC0 (0x0000B5B7) lui a1, 0xb
x11 <- 0x0000B000

mem[X,0x80002BC4] -> 0x8593
mem[X,0x80002BC6] -> 0x5045
[2806] [M]: 0x80002BC4 (0x50458593) addi a1, a1, 0x504
x11 <- 0x0000B504

mem[X,0x80002BC8] -> 0x1633
mem[X,0x80002BCA] -> 0x02B5
[2807] [M]: 0x80002BC8 (0x02B51633) mulh a2, a0, a1
x12 <- 0x00004867

mem[X,0x80002BCC] -> 0xA623
mem[X,0x80002BCE] -> 0x76C0
[2808] [M]: 0x80002BCC (0x76C0A623) sw a2, 0x76c(ra)
mem[0x800068FC] <- 0x00004867

mem[X,0x80002BD0] -> 0x6537
mem[X,0x80002BD2] -> 0x6666
[2809] [M]: 0x80002BD0 (0x66666537) lui a0, 0x66666
x10 <- 0x66666000

mem[X,0x80002BD4] -> 0x0513
mem[X,0x80002BD6] -> 0x6655
[2810] [M]: 0x80002BD4 (0x66550513) addi a0, a0, 0x665
x10 <- 0x66666665

mem[X,0x80002BD8] -> 0x0593
mem[X,0x80002BDA] -> 0x0020
[2811] [M]: 0x80002BD8 (0x00200593) addi a1, zero, 0x2
x11 <- 0x00000002

mem[X,0x80002BDC] -> 0x1633
mem[X,0x80002BDE] -> 0x02B5
[2812] [M]: 0x80002BDC (0x02B51633) mulh a2, a0, a1
x12 <- 0x00000000

mem[X,0x80002BE0] -> 0xA823
mem[X,0x80002BE2] -> 0x76C0
[2813] [M]: 0x80002BE0 (0x76C0A823) sw a2, 0x770(ra)
mem[0x80006900] <- 0x00000000

mem[X,0x80002BE4] -> 0x6537
mem[X,0x80002BE6] -> 0x6666
[2814] [M]: 0x80002BE4 (0x66666537) lui a0, 0x66666
x10 <- 0x66666000

mem[X,0x80002BE8] -> 0x0513
mem[X,0x80002BEA] -> 0x6655
[2815] [M]: 0x80002BE8 (0x66550513) addi a0, a0, 0x665
x10 <- 0x66666665

mem[X,0x80002BEC] -> 0x55B7
mem[X,0x80002BEE] -> 0x5555
[2816] [M]: 0x80002BEC (0x555555B7) lui a1, 0x55555
x11 <- 0x55555000

mem[X,0x80002BF0] -> 0x8593
mem[X,0x80002BF2] -> 0x5545
[2817] [M]: 0x80002BF0 (0x55458593) addi a1, a1, 0x554
x11 <- 0x55555554

mem[X,0x80002BF4] -> 0x1633
mem[X,0x80002BF6] -> 0x02B5
[2818] [M]: 0x80002BF4 (0x02B51633) mulh a2, a0, a1
x12 <- 0x22222221

mem[X,0x80002BF8] -> 0xAA23
mem[X,0x80002BFA] -> 0x76C0
[2819] [M]: 0x80002BF8 (0x76C0AA23) sw a2, 0x774(ra)
mem[0x80006904] <- 0x22222221

mem[X,0x80002BFC] -> 0x6537
mem[X,0x80002BFE] -> 0x6666
[2820] [M]: 0x80002BFC (0x66666537) lui a0, 0x66666
x10 <- 0x66666000

mem[X,0x80002C00] -> 0x0513
mem[X,0x80002C02] -> 0x6655
[2821] [M]: 0x80002C00 (0x66550513) addi a0, a0, 0x665
x10 <- 0x66666665

mem[X,0x80002C04] -> 0x0593
mem[X,0x80002C06] -> 0x0000
[2822] [M]: 0x80002C04 (0x00000593) addi a1, zero, 0x0
x11 <- 0x00000000

mem[X,0x80002C08] -> 0x1633
mem[X,0x80002C0A] -> 0x02B5
[2823] [M]: 0x80002C08 (0x02B51633) mulh a2, a0, a1
x12 <- 0x00000000

mem[X,0x80002C0C] -> 0xAC23
mem[X,0x80002C0E] -> 0x76C0
[2824] [M]: 0x80002C0C (0x76C0AC23) sw a2, 0x778(ra)
mem[0x80006908] <- 0x00000000

mem[X,0x80002C10] -> 0x6537
mem[X,0x80002C12] -> 0x6666
[2825] [M]: 0x80002C10 (0x66666537) lui a0, 0x66666
x10 <- 0x66666000

mem[X,0x80002C14] -> 0x0513
mem[X,0x80002C16] -> 0x6655
[2826] [M]: 0x80002C14 (0x66550513) addi a0, a0, 0x665
x10 <- 0x66666665

mem[X,0x80002C18] -> 0x0593
mem[X,0x80002C1A] -> 0x0040
[2827] [M]: 0x80002C18 (0x00400593) addi a1, zero, 0x4
x11 <- 0x00000004

mem[X,0x80002C1C] -> 0x1633
mem[X,0x80002C1E] -> 0x02B5
[2828] [M]: 0x80002C1C (0x02B51633) mulh a2, a0, a1
x12 <- 0x00000001

mem[X,0x80002C20] -> 0xAE23
mem[X,0x80002C22] -> 0x76C0
[2829] [M]: 0x80002C20 (0x76C0AE23) sw a2, 0x77c(ra)
mem[0x8000690C] <- 0x00000001

mem[X,0x80002C24] -> 0x6537
mem[X,0x80002C26] -> 0x6666
[2830] [M]: 0x80002C24 (0x66666537) lui a0, 0x66666
x10 <- 0x66666000

mem[X,0x80002C28] -> 0x0513
mem[X,0x80002C2A] -> 0x6655
[2831] [M]: 0x80002C28 (0x66550513) addi a0, a0, 0x665
x10 <- 0x66666665

mem[X,0x80002C2C] -> 0x35B7
mem[X,0x80002C2E] -> 0x3333
[2832] [M]: 0x80002C2C (0x333335B7) lui a1, 0x33333
x11 <- 0x33333000

mem[X,0x80002C30] -> 0x8593
mem[X,0x80002C32] -> 0x3325
[2833] [M]: 0x80002C30 (0x33258593) addi a1, a1, 0x332
x11 <- 0x33333332

mem[X,0x80002C34] -> 0x1633
mem[X,0x80002C36] -> 0x02B5
[2834] [M]: 0x80002C34 (0x02B51633) mulh a2, a0, a1
x12 <- 0x147AE146

mem[X,0x80002C38] -> 0xA023
mem[X,0x80002C3A] -> 0x78C0
[2835] [M]: 0x80002C38 (0x78C0A023) sw a2, 0x780(ra)
mem[0x80006910] <- 0x147AE146

mem[X,0x80002C3C] -> 0x6537
mem[X,0x80002C3E] -> 0x6666
[2836] [M]: 0x80002C3C (0x66666537) lui a0, 0x66666
x10 <- 0x66666000

mem[X,0x80002C40] -> 0x0513
mem[X,0x80002C42] -> 0x6655
[2837] [M]: 0x80002C40 (0x66550513) addi a0, a0, 0x665
x10 <- 0x66666665

mem[X,0x80002C44] -> 0x65B7
mem[X,0x80002C46] -> 0x6666
[2838] [M]: 0x80002C44 (0x666665B7) lui a1, 0x66666
x11 <- 0x66666000

mem[X,0x80002C48] -> 0x8593
mem[X,0x80002C4A] -> 0x6655
[2839] [M]: 0x80002C48 (0x66558593) addi a1, a1, 0x665
x11 <- 0x66666665

mem[X,0x80002C4C] -> 0x1633
mem[X,0x80002C4E] -> 0x02B5
[2840] [M]: 0x80002C4C (0x02B51633) mulh a2, a0, a1
x12 <- 0x28F5C28E

mem[X,0x80002C50] -> 0xA223
mem[X,0x80002C52] -> 0x78C0
[2841] [M]: 0x80002C50 (0x78C0A223) sw a2, 0x784(ra)
mem[0x80006914] <- 0x28F5C28E

mem[X,0x80002C54] -> 0x6537
mem[X,0x80002C56] -> 0x6666
[2842] [M]: 0x80002C54 (0x66666537) lui a0, 0x66666
x10 <- 0x66666000

mem[X,0x80002C58] -> 0x0513
mem[X,0x80002C5A] -> 0x6655
[2843] [M]: 0x80002C58 (0x66550513) addi a0, a0, 0x665
x10 <- 0x66666665

mem[X,0x80002C5C] -> 0xB5B7
mem[X,0x80002C5E] -> 0x0000
[2844] [M]: 0x80002C5C (0x0000B5B7) lui a1, 0xb
x11 <- 0x0000B000

mem[X,0x80002C60] -> 0x8593
mem[X,0x80002C62] -> 0x5035
[2845] [M]: 0x80002C60 (0x50358593) addi a1, a1, 0x503
x11 <- 0x0000B503

mem[X,0x80002C64] -> 0x1633
mem[X,0x80002C66] -> 0x02B5
[2846] [M]: 0x80002C64 (0x02B51633) mulh a2, a0, a1
x12 <- 0x00004867

mem[X,0x80002C68] -> 0xA423
mem[X,0x80002C6A] -> 0x78C0
[2847] [M]: 0x80002C68 (0x78C0A423) sw a2, 0x788(ra)
mem[0x80006918] <- 0x00004867

mem[X,0x80002C6C] -> 0x6537
mem[X,0x80002C6E] -> 0x6666
[2848] [M]: 0x80002C6C (0x66666537) lui a0, 0x66666
x10 <- 0x66666000

mem[X,0x80002C70] -> 0x0513
mem[X,0x80002C72] -> 0x6655
[2849] [M]: 0x80002C70 (0x66550513) addi a0, a0, 0x665
x10 <- 0x66666665

mem[X,0x80002C74] -> 0x55B7
mem[X,0x80002C76] -> 0x5555
[2850] [M]: 0x80002C74 (0x555555B7) lui a1, 0x55555
x11 <- 0x55555000

mem[X,0x80002C78] -> 0x8593
mem[X,0x80002C7A] -> 0x5565
[2851] [M]: 0x80002C78 (0x55658593) addi a1, a1, 0x556
x11 <- 0x55555556

mem[X,0x80002C7C] -> 0x1633
mem[X,0x80002C7E] -> 0x02B5
[2852] [M]: 0x80002C7C (0x02B51633) mulh a2, a0, a1
x12 <- 0x22222221

mem[X,0x80002C80] -> 0xA623
mem[X,0x80002C82] -> 0x78C0
[2853] [M]: 0x80002C80 (0x78C0A623) sw a2, 0x78c(ra)
mem[0x8000691C] <- 0x22222221

mem[X,0x80002C84] -> 0x6537
mem[X,0x80002C86] -> 0x6666
[2854] [M]: 0x80002C84 (0x66666537) lui a0, 0x66666
x10 <- 0x66666000

mem[X,0x80002C88] -> 0x0513
mem[X,0x80002C8A] -> 0x6655
[2855] [M]: 0x80002C88 (0x66550513) addi a0, a0, 0x665
x10 <- 0x66666665

mem[X,0x80002C8C] -> 0xB5B7
mem[X,0x80002C8E] -> 0xAAAA
[2856] [M]: 0x80002C8C (0xAAAAB5B7) lui a1, -0x55555
x11 <- 0xAAAAB000

mem[X,0x80002C90] -> 0x8593
mem[X,0x80002C92] -> 0xAAB5
[2857] [M]: 0x80002C90 (0xAAB58593) addi a1, a1, -0x555
x11 <- 0xAAAAAAAB

mem[X,0x80002C94] -> 0x1633
mem[X,0x80002C96] -> 0x02B5
[2858] [M]: 0x80002C94 (0x02B51633) mulh a2, a0, a1
x12 <- 0xDDDDDDDE

mem[X,0x80002C98] -> 0xA823
mem[X,0x80002C9A] -> 0x78C0
[2859] [M]: 0x80002C98 (0x78C0A823) sw a2, 0x790(ra)
mem[0x80006920] <- 0xDDDDDDDE

mem[X,0x80002C9C] -> 0x6537
mem[X,0x80002C9E] -> 0x6666
[2860] [M]: 0x80002C9C (0x66666537) lui a0, 0x66666
x10 <- 0x66666000

mem[X,0x80002CA0] -> 0x0513
mem[X,0x80002CA2] -> 0x6655
[2861] [M]: 0x80002CA0 (0x66550513) addi a0, a0, 0x665
x10 <- 0x66666665

mem[X,0x80002CA4] -> 0x0593
mem[X,0x80002CA6] -> 0x0060
[2862] [M]: 0x80002CA4 (0x00600593) addi a1, zero, 0x6
x11 <- 0x00000006

mem[X,0x80002CA8] -> 0x1633
mem[X,0x80002CAA] -> 0x02B5
[2863] [M]: 0x80002CA8 (0x02B51633) mulh a2, a0, a1
x12 <- 0x00000002

mem[X,0x80002CAC] -> 0xAA23
mem[X,0x80002CAE] -> 0x78C0
[2864] [M]: 0x80002CAC (0x78C0AA23) sw a2, 0x794(ra)
mem[0x80006924] <- 0x00000002

mem[X,0x80002CB0] -> 0x6537
mem[X,0x80002CB2] -> 0x6666
[2865] [M]: 0x80002CB0 (0x66666537) lui a0, 0x66666
x10 <- 0x66666000

mem[X,0x80002CB4] -> 0x0513
mem[X,0x80002CB6] -> 0x6655
[2866] [M]: 0x80002CB4 (0x66550513) addi a0, a0, 0x665
x10 <- 0x66666665

mem[X,0x80002CB8] -> 0x35B7
mem[X,0x80002CBA] -> 0x3333
[2867] [M]: 0x80002CB8 (0x333335B7) lui a1, 0x33333
x11 <- 0x33333000

mem[X,0x80002CBC] -> 0x8593
mem[X,0x80002CBE] -> 0x3345
[2868] [M]: 0x80002CBC (0x33458593) addi a1, a1, 0x334
x11 <- 0x33333334

mem[X,0x80002CC0] -> 0x1633
mem[X,0x80002CC2] -> 0x02B5
[2869] [M]: 0x80002CC0 (0x02B51633) mulh a2, a0, a1
x12 <- 0x147AE147

mem[X,0x80002CC4] -> 0xAC23
mem[X,0x80002CC6] -> 0x78C0
[2870] [M]: 0x80002CC4 (0x78C0AC23) sw a2, 0x798(ra)
mem[0x80006928] <- 0x147AE147

mem[X,0x80002CC8] -> 0x6537
mem[X,0x80002CCA] -> 0x6666
[2871] [M]: 0x80002CC8 (0x66666537) lui a0, 0x66666
x10 <- 0x66666000

mem[X,0x80002CCC] -> 0x0513
mem[X,0x80002CCE] -> 0x6655
[2872] [M]: 0x80002CCC (0x66550513) addi a0, a0, 0x665
x10 <- 0x66666665

mem[X,0x80002CD0] -> 0x65B7
mem[X,0x80002CD2] -> 0x6666
[2873] [M]: 0x80002CD0 (0x666665B7) lui a1, 0x66666
x11 <- 0x66666000

mem[X,0x80002CD4] -> 0x8593
mem[X,0x80002CD6] -> 0x6675
[2874] [M]: 0x80002CD4 (0x66758593) addi a1, a1, 0x667
x11 <- 0x66666667

mem[X,0x80002CD8] -> 0x1633
mem[X,0x80002CDA] -> 0x02B5
[2875] [M]: 0x80002CD8 (0x02B51633) mulh a2, a0, a1
x12 <- 0x28F5C28F

mem[X,0x80002CDC] -> 0xAE23
mem[X,0x80002CDE] -> 0x78C0
[2876] [M]: 0x80002CDC (0x78C0AE23) sw a2, 0x79c(ra)
mem[0x8000692C] <- 0x28F5C28F

mem[X,0x80002CE0] -> 0x6537
mem[X,0x80002CE2] -> 0x6666
[2877] [M]: 0x80002CE0 (0x66666537) lui a0, 0x66666
x10 <- 0x66666000

mem[X,0x80002CE4] -> 0x0513
mem[X,0x80002CE6] -> 0x6655
[2878] [M]: 0x80002CE4 (0x66550513) addi a0, a0, 0x665
x10 <- 0x66666665

mem[X,0x80002CE8] -> 0x55B7
mem[X,0x80002CEA] -> 0xFFFF
[2879] [M]: 0x80002CE8 (0xFFFF55B7) lui a1, -0xb
x11 <- 0xFFFF5000

mem[X,0x80002CEC] -> 0x8593
mem[X,0x80002CEE] -> 0xAFD5
[2880] [M]: 0x80002CEC (0xAFD58593) addi a1, a1, -0x503
x11 <- 0xFFFF4AFD

mem[X,0x80002CF0] -> 0x1633
mem[X,0x80002CF2] -> 0x02B5
[2881] [M]: 0x80002CF0 (0x02B51633) mulh a2, a0, a1
x12 <- 0xFFFFB798

mem[X,0x80002CF4] -> 0xA023
mem[X,0x80002CF6] -> 0x7AC0
[2882] [M]: 0x80002CF4 (0x7AC0A023) sw a2, 0x7a0(ra)
mem[0x80006930] <- 0xFFFFB798

mem[X,0x80002CF8] -> 0x6537
mem[X,0x80002CFA] -> 0x6666
[2883] [M]: 0x80002CF8 (0x66666537) lui a0, 0x66666
x10 <- 0x66666000

mem[X,0x80002CFC] -> 0x0513
mem[X,0x80002CFE] -> 0x6655
[2884] [M]: 0x80002CFC (0x66550513) addi a0, a0, 0x665
x10 <- 0x66666665

mem[X,0x80002D00] -> 0xB5B7
mem[X,0x80002D02] -> 0x0000
[2885] [M]: 0x80002D00 (0x0000B5B7) lui a1, 0xb
x11 <- 0x0000B000

mem[X,0x80002D04] -> 0x8593
mem[X,0x80002D06] -> 0x5055
[2886] [M]: 0x80002D04 (0x50558593) addi a1, a1, 0x505
x11 <- 0x0000B505

mem[X,0x80002D08] -> 0x1633
mem[X,0x80002D0A] -> 0x02B5
[2887] [M]: 0x80002D08 (0x02B51633) mulh a2, a0, a1
x12 <- 0x00004868

mem[X,0x80002D0C] -> 0xA223
mem[X,0x80002D0E] -> 0x7AC0
[2888] [M]: 0x80002D0C (0x7AC0A223) sw a2, 0x7a4(ra)
mem[0x80006934] <- 0x00004868

mem[X,0x80002D10] -> 0xB537
mem[X,0x80002D12] -> 0x0000
[2889] [M]: 0x80002D10 (0x0000B537) lui a0, 0xb
x10 <- 0x0000B000

mem[X,0x80002D14] -> 0x0513
mem[X,0x80002D16] -> 0x5035
[2890] [M]: 0x80002D14 (0x50350513) addi a0, a0, 0x503
x10 <- 0x0000B503

mem[X,0x80002D18] -> 0x0593
mem[X,0x80002D1A] -> 0x0030
[2891] [M]: 0x80002D18 (0x00300593) addi a1, zero, 0x3
x11 <- 0x00000003

mem[X,0x80002D1C] -> 0x1633
mem[X,0x80002D1E] -> 0x02B5
[2892] [M]: 0x80002D1C (0x02B51633) mulh a2, a0, a1
x12 <- 0x00000000

mem[X,0x80002D20] -> 0xA423
mem[X,0x80002D22] -> 0x7AC0
[2893] [M]: 0x80002D20 (0x7AC0A423) sw a2, 0x7a8(ra)
mem[0x80006938] <- 0x00000000

mem[X,0x80002D24] -> 0xB537
mem[X,0x80002D26] -> 0x0000
[2894] [M]: 0x80002D24 (0x0000B537) lui a0, 0xb
x10 <- 0x0000B000

mem[X,0x80002D28] -> 0x0513
mem[X,0x80002D2A] -> 0x5035
[2895] [M]: 0x80002D28 (0x50350513) addi a0, a0, 0x503
x10 <- 0x0000B503

mem[X,0x80002D2C] -> 0x55B7
mem[X,0x80002D2E] -> 0x5555
[2896] [M]: 0x80002D2C (0x555555B7) lui a1, 0x55555
x11 <- 0x55555000

mem[X,0x80002D30] -> 0x8593
mem[X,0x80002D32] -> 0x5555
[2897] [M]: 0x80002D30 (0x55558593) addi a1, a1, 0x555
x11 <- 0x55555555

mem[X,0x80002D34] -> 0x1633
mem[X,0x80002D36] -> 0x02B5
[2898] [M]: 0x80002D34 (0x02B51633) mulh a2, a0, a1
x12 <- 0x00003C56

mem[X,0x80002D38] -> 0xA623
mem[X,0x80002D3A] -> 0x7AC0
[2899] [M]: 0x80002D38 (0x7AC0A623) sw a2, 0x7ac(ra)
mem[0x8000693C] <- 0x00003C56

clint::tick mtime <- 0x000000000000001D
 clint timer pending at mtime 0x000000000000001D
htif::tick 0x0000000000000000
mem[X,0x80002D3C] -> 0xB537
mem[X,0x80002D3E] -> 0x0000
[2900] [M]: 0x80002D3C (0x0000B537) lui a0, 0xb
x10 <- 0x0000B000

mem[X,0x80002D40] -> 0x0513
mem[X,0x80002D42] -> 0x5035
[2901] [M]: 0x80002D40 (0x50350513) addi a0, a0, 0x503
x10 <- 0x0000B503

mem[X,0x80002D44] -> 0xB5B7
mem[X,0x80002D46] -> 0xAAAA
[2902] [M]: 0x80002D44 (0xAAAAB5B7) lui a1, -0x55555
x11 <- 0xAAAAB000

mem[X,0x80002D48] -> 0x8593
mem[X,0x80002D4A] -> 0xAAA5
[2903] [M]: 0x80002D48 (0xAAA58593) addi a1, a1, -0x556
x11 <- 0xAAAAAAAA

mem[X,0x80002D4C] -> 0x1633
mem[X,0x80002D4E] -> 0x02B5
[2904] [M]: 0x80002D4C (0x02B51633) mulh a2, a0, a1
x12 <- 0xFFFFC3A9

mem[X,0x80002D50] -> 0xA823
mem[X,0x80002D52] -> 0x7AC0
[2905] [M]: 0x80002D50 (0x7AC0A823) sw a2, 0x7b0(ra)
mem[0x80006940] <- 0xFFFFC3A9

mem[X,0x80002D54] -> 0xB537
mem[X,0x80002D56] -> 0x0000
[2906] [M]: 0x80002D54 (0x0000B537) lui a0, 0xb
x10 <- 0x0000B000

mem[X,0x80002D58] -> 0x0513
mem[X,0x80002D5A] -> 0x5035
[2907] [M]: 0x80002D58 (0x50350513) addi a0, a0, 0x503
x10 <- 0x0000B503

mem[X,0x80002D5C] -> 0x0593
mem[X,0x80002D5E] -> 0x0050
[2908] [M]: 0x80002D5C (0x00500593) addi a1, zero, 0x5
x11 <- 0x00000005

mem[X,0x80002D60] -> 0x1633
mem[X,0x80002D62] -> 0x02B5
[2909] [M]: 0x80002D60 (0x02B51633) mulh a2, a0, a1
x12 <- 0x00000000

mem[X,0x80002D64] -> 0xAA23
mem[X,0x80002D66] -> 0x7AC0
[2910] [M]: 0x80002D64 (0x7AC0AA23) sw a2, 0x7b4(ra)
mem[0x80006944] <- 0x00000000

mem[X,0x80002D68] -> 0xB537
mem[X,0x80002D6A] -> 0x0000
[2911] [M]: 0x80002D68 (0x0000B537) lui a0, 0xb
x10 <- 0x0000B000

mem[X,0x80002D6C] -> 0x0513
mem[X,0x80002D6E] -> 0x5035
[2912] [M]: 0x80002D6C (0x50350513) addi a0, a0, 0x503
x10 <- 0x0000B503

mem[X,0x80002D70] -> 0x35B7
mem[X,0x80002D72] -> 0x3333
[2913] [M]: 0x80002D70 (0x333335B7) lui a1, 0x33333
x11 <- 0x33333000

mem[X,0x80002D74] -> 0x8593
mem[X,0x80002D76] -> 0x3335
[2914] [M]: 0x80002D74 (0x33358593) addi a1, a1, 0x333
x11 <- 0x33333333

mem[X,0x80002D78] -> 0x1633
mem[X,0x80002D7A] -> 0x02B5
[2915] [M]: 0x80002D78 (0x02B51633) mulh a2, a0, a1
x12 <- 0x00002433

mem[X,0x80002D7C] -> 0xAC23
mem[X,0x80002D7E] -> 0x7AC0
[2916] [M]: 0x80002D7C (0x7AC0AC23) sw a2, 0x7b8(ra)
mem[0x80006948] <- 0x00002433

mem[X,0x80002D80] -> 0xB537
mem[X,0x80002D82] -> 0x0000
[2917] [M]: 0x80002D80 (0x0000B537) lui a0, 0xb
x10 <- 0x0000B000

mem[X,0x80002D84] -> 0x0513
mem[X,0x80002D86] -> 0x5035
[2918] [M]: 0x80002D84 (0x50350513) addi a0, a0, 0x503
x10 <- 0x0000B503

mem[X,0x80002D88] -> 0x65B7
mem[X,0x80002D8A] -> 0x6666
[2919] [M]: 0x80002D88 (0x666665B7) lui a1, 0x66666
x11 <- 0x66666000

mem[X,0x80002D8C] -> 0x8593
mem[X,0x80002D8E] -> 0x6665
[2920] [M]: 0x80002D8C (0x66658593) addi a1, a1, 0x666
x11 <- 0x66666666

mem[X,0x80002D90] -> 0x1633
mem[X,0x80002D92] -> 0x02B5
[2921] [M]: 0x80002D90 (0x02B51633) mulh a2, a0, a1
x12 <- 0x00004867

mem[X,0x80002D94] -> 0xAE23
mem[X,0x80002D96] -> 0x7AC0
[2922] [M]: 0x80002D94 (0x7AC0AE23) sw a2, 0x7bc(ra)
mem[0x8000694C] <- 0x00004867

mem[X,0x80002D98] -> 0xB537
mem[X,0x80002D9A] -> 0x0000
[2923] [M]: 0x80002D98 (0x0000B537) lui a0, 0xb
x10 <- 0x0000B000

mem[X,0x80002D9C] -> 0x0513
mem[X,0x80002D9E] -> 0x5035
[2924] [M]: 0x80002D9C (0x50350513) addi a0, a0, 0x503
x10 <- 0x0000B503

mem[X,0x80002DA0] -> 0x55B7
mem[X,0x80002DA2] -> 0xFFFF
[2925] [M]: 0x80002DA0 (0xFFFF55B7) lui a1, -0xb
x11 <- 0xFFFF5000

mem[X,0x80002DA4] -> 0x8593
mem[X,0x80002DA6] -> 0xAFC5
[2926] [M]: 0x80002DA4 (0xAFC58593) addi a1, a1, -0x504
x11 <- 0xFFFF4AFC

mem[X,0x80002DA8] -> 0x1633
mem[X,0x80002DAA] -> 0x02B5
[2927] [M]: 0x80002DA8 (0x02B51633) mulh a2, a0, a1
x12 <- 0xFFFFFFFF

mem[X,0x80002DAC] -> 0xA023
mem[X,0x80002DAE] -> 0x7CC0
[2928] [M]: 0x80002DAC (0x7CC0A023) sw a2, 0x7c0(ra)
mem[0x80006950] <- 0xFFFFFFFF

mem[X,0x80002DB0] -> 0xB537
mem[X,0x80002DB2] -> 0x0000
[2929] [M]: 0x80002DB0 (0x0000B537) lui a0, 0xb
x10 <- 0x0000B000

mem[X,0x80002DB4] -> 0x0513
mem[X,0x80002DB6] -> 0x5035
[2930] [M]: 0x80002DB4 (0x50350513) addi a0, a0, 0x503
x10 <- 0x0000B503

mem[X,0x80002DB8] -> 0xB5B7
mem[X,0x80002DBA] -> 0x0000
[2931] [M]: 0x80002DB8 (0x0000B5B7) lui a1, 0xb
x11 <- 0x0000B000

mem[X,0x80002DBC] -> 0x8593
mem[X,0x80002DBE] -> 0x5045
[2932] [M]: 0x80002DBC (0x50458593) addi a1, a1, 0x504
x11 <- 0x0000B504

mem[X,0x80002DC0] -> 0x1633
mem[X,0x80002DC2] -> 0x02B5
[2933] [M]: 0x80002DC0 (0x02B51633) mulh a2, a0, a1
x12 <- 0x00000000

mem[X,0x80002DC4] -> 0xA223
mem[X,0x80002DC6] -> 0x7CC0
[2934] [M]: 0x80002DC4 (0x7CC0A223) sw a2, 0x7c4(ra)
mem[0x80006954] <- 0x00000000

mem[X,0x80002DC8] -> 0xB537
mem[X,0x80002DCA] -> 0x0000
[2935] [M]: 0x80002DC8 (0x0000B537) lui a0, 0xb
x10 <- 0x0000B000

mem[X,0x80002DCC] -> 0x0513
mem[X,0x80002DCE] -> 0x5035
[2936] [M]: 0x80002DCC (0x50350513) addi a0, a0, 0x503
x10 <- 0x0000B503

mem[X,0x80002DD0] -> 0x0593
mem[X,0x80002DD2] -> 0x0020
[2937] [M]: 0x80002DD0 (0x00200593) addi a1, zero, 0x2
x11 <- 0x00000002

mem[X,0x80002DD4] -> 0x1633
mem[X,0x80002DD6] -> 0x02B5
[2938] [M]: 0x80002DD4 (0x02B51633) mulh a2, a0, a1
x12 <- 0x00000000

mem[X,0x80002DD8] -> 0xA423
mem[X,0x80002DDA] -> 0x7CC0
[2939] [M]: 0x80002DD8 (0x7CC0A423) sw a2, 0x7c8(ra)
mem[0x80006958] <- 0x00000000

mem[X,0x80002DDC] -> 0xB537
mem[X,0x80002DDE] -> 0x0000
[2940] [M]: 0x80002DDC (0x0000B537) lui a0, 0xb
x10 <- 0x0000B000

mem[X,0x80002DE0] -> 0x0513
mem[X,0x80002DE2] -> 0x5035
[2941] [M]: 0x80002DE0 (0x50350513) addi a0, a0, 0x503
x10 <- 0x0000B503

mem[X,0x80002DE4] -> 0x55B7
mem[X,0x80002DE6] -> 0x5555
[2942] [M]: 0x80002DE4 (0x555555B7) lui a1, 0x55555
x11 <- 0x55555000

mem[X,0x80002DE8] -> 0x8593
mem[X,0x80002DEA] -> 0x5545
[2943] [M]: 0x80002DE8 (0x55458593) addi a1, a1, 0x554
x11 <- 0x55555554

mem[X,0x80002DEC] -> 0x1633
mem[X,0x80002DEE] -> 0x02B5
[2944] [M]: 0x80002DEC (0x02B51633) mulh a2, a0, a1
x12 <- 0x00003C56

mem[X,0x80002DF0] -> 0xA623
mem[X,0x80002DF2] -> 0x7CC0
[2945] [M]: 0x80002DF0 (0x7CC0A623) sw a2, 0x7cc(ra)
mem[0x8000695C] <- 0x00003C56

mem[X,0x80002DF4] -> 0xB537
mem[X,0x80002DF6] -> 0x0000
[2946] [M]: 0x80002DF4 (0x0000B537) lui a0, 0xb
x10 <- 0x0000B000

mem[X,0x80002DF8] -> 0x0513
mem[X,0x80002DFA] -> 0x5035
[2947] [M]: 0x80002DF8 (0x50350513) addi a0, a0, 0x503
x10 <- 0x0000B503

mem[X,0x80002DFC] -> 0x0593
mem[X,0x80002DFE] -> 0x0000
[2948] [M]: 0x80002DFC (0x00000593) addi a1, zero, 0x0
x11 <- 0x00000000

mem[X,0x80002E00] -> 0x1633
mem[X,0x80002E02] -> 0x02B5
[2949] [M]: 0x80002E00 (0x02B51633) mulh a2, a0, a1
x12 <- 0x00000000

mem[X,0x80002E04] -> 0xA823
mem[X,0x80002E06] -> 0x7CC0
[2950] [M]: 0x80002E04 (0x7CC0A823) sw a2, 0x7d0(ra)
mem[0x80006960] <- 0x00000000

mem[X,0x80002E08] -> 0xB537
mem[X,0x80002E0A] -> 0x0000
[2951] [M]: 0x80002E08 (0x0000B537) lui a0, 0xb
x10 <- 0x0000B000

mem[X,0x80002E0C] -> 0x0513
mem[X,0x80002E0E] -> 0x5035
[2952] [M]: 0x80002E0C (0x50350513) addi a0, a0, 0x503
x10 <- 0x0000B503

mem[X,0x80002E10] -> 0x0593
mem[X,0x80002E12] -> 0x0040
[2953] [M]: 0x80002E10 (0x00400593) addi a1, zero, 0x4
x11 <- 0x00000004

mem[X,0x80002E14] -> 0x1633
mem[X,0x80002E16] -> 0x02B5
[2954] [M]: 0x80002E14 (0x02B51633) mulh a2, a0, a1
x12 <- 0x00000000

mem[X,0x80002E18] -> 0xAA23
mem[X,0x80002E1A] -> 0x7CC0
[2955] [M]: 0x80002E18 (0x7CC0AA23) sw a2, 0x7d4(ra)
mem[0x80006964] <- 0x00000000

mem[X,0x80002E1C] -> 0xB537
mem[X,0x80002E1E] -> 0x0000
[2956] [M]: 0x80002E1C (0x0000B537) lui a0, 0xb
x10 <- 0x0000B000

mem[X,0x80002E20] -> 0x0513
mem[X,0x80002E22] -> 0x5035
[2957] [M]: 0x80002E20 (0x50350513) addi a0, a0, 0x503
x10 <- 0x0000B503

mem[X,0x80002E24] -> 0x35B7
mem[X,0x80002E26] -> 0x3333
[2958] [M]: 0x80002E24 (0x333335B7) lui a1, 0x33333
x11 <- 0x33333000

mem[X,0x80002E28] -> 0x8593
mem[X,0x80002E2A] -> 0x3325
[2959] [M]: 0x80002E28 (0x33258593) addi a1, a1, 0x332
x11 <- 0x33333332

mem[X,0x80002E2C] -> 0x1633
mem[X,0x80002E2E] -> 0x02B5
[2960] [M]: 0x80002E2C (0x02B51633) mulh a2, a0, a1
x12 <- 0x00002433

mem[X,0x80002E30] -> 0xAC23
mem[X,0x80002E32] -> 0x7CC0
[2961] [M]: 0x80002E30 (0x7CC0AC23) sw a2, 0x7d8(ra)
mem[0x80006968] <- 0x00002433

mem[X,0x80002E34] -> 0xB537
mem[X,0x80002E36] -> 0x0000
[2962] [M]: 0x80002E34 (0x0000B537) lui a0, 0xb
x10 <- 0x0000B000

mem[X,0x80002E38] -> 0x0513
mem[X,0x80002E3A] -> 0x5035
[2963] [M]: 0x80002E38 (0x50350513) addi a0, a0, 0x503
x10 <- 0x0000B503

mem[X,0x80002E3C] -> 0x65B7
mem[X,0x80002E3E] -> 0x6666
[2964] [M]: 0x80002E3C (0x666665B7) lui a1, 0x66666
x11 <- 0x66666000

mem[X,0x80002E40] -> 0x8593
mem[X,0x80002E42] -> 0x6655
[2965] [M]: 0x80002E40 (0x66558593) addi a1, a1, 0x665
x11 <- 0x66666665

mem[X,0x80002E44] -> 0x1633
mem[X,0x80002E46] -> 0x02B5
[2966] [M]: 0x80002E44 (0x02B51633) mulh a2, a0, a1
x12 <- 0x00004867

mem[X,0x80002E48] -> 0xAE23
mem[X,0x80002E4A] -> 0x7CC0
[2967] [M]: 0x80002E48 (0x7CC0AE23) sw a2, 0x7dc(ra)
mem[0x8000696C] <- 0x00004867

mem[X,0x80002E4C] -> 0xB537
mem[X,0x80002E4E] -> 0x0000
[2968] [M]: 0x80002E4C (0x0000B537) lui a0, 0xb
x10 <- 0x0000B000

mem[X,0x80002E50] -> 0x0513
mem[X,0x80002E52] -> 0x5035
[2969] [M]: 0x80002E50 (0x50350513) addi a0, a0, 0x503
x10 <- 0x0000B503

mem[X,0x80002E54] -> 0xB5B7
mem[X,0x80002E56] -> 0x0000
[2970] [M]: 0x80002E54 (0x0000B5B7) lui a1, 0xb
x11 <- 0x0000B000

mem[X,0x80002E58] -> 0x8593
mem[X,0x80002E5A] -> 0x5035
[2971] [M]: 0x80002E58 (0x50358593) addi a1, a1, 0x503
x11 <- 0x0000B503

mem[X,0x80002E5C] -> 0x1633
mem[X,0x80002E5E] -> 0x02B5
[2972] [M]: 0x80002E5C (0x02B51633) mulh a2, a0, a1
x12 <- 0x00000000

mem[X,0x80002E60] -> 0xA023
mem[X,0x80002E62] -> 0x7EC0
[2973] [M]: 0x80002E60 (0x7EC0A023) sw a2, 0x7e0(ra)
mem[0x80006970] <- 0x00000000

mem[X,0x80002E64] -> 0xB537
mem[X,0x80002E66] -> 0x0000
[2974] [M]: 0x80002E64 (0x0000B537) lui a0, 0xb
x10 <- 0x0000B000

mem[X,0x80002E68] -> 0x0513
mem[X,0x80002E6A] -> 0x5035
[2975] [M]: 0x80002E68 (0x50350513) addi a0, a0, 0x503
x10 <- 0x0000B503

mem[X,0x80002E6C] -> 0x55B7
mem[X,0x80002E6E] -> 0x5555
[2976] [M]: 0x80002E6C (0x555555B7) lui a1, 0x55555
x11 <- 0x55555000

mem[X,0x80002E70] -> 0x8593
mem[X,0x80002E72] -> 0x5565
[2977] [M]: 0x80002E70 (0x55658593) addi a1, a1, 0x556
x11 <- 0x55555556

mem[X,0x80002E74] -> 0x1633
mem[X,0x80002E76] -> 0x02B5
[2978] [M]: 0x80002E74 (0x02B51633) mulh a2, a0, a1
x12 <- 0x00003C56

mem[X,0x80002E78] -> 0xA223
mem[X,0x80002E7A] -> 0x7EC0
[2979] [M]: 0x80002E78 (0x7EC0A223) sw a2, 0x7e4(ra)
mem[0x80006974] <- 0x00003C56

mem[X,0x80002E7C] -> 0xB537
mem[X,0x80002E7E] -> 0x0000
[2980] [M]: 0x80002E7C (0x0000B537) lui a0, 0xb
x10 <- 0x0000B000

mem[X,0x80002E80] -> 0x0513
mem[X,0x80002E82] -> 0x5035
[2981] [M]: 0x80002E80 (0x50350513) addi a0, a0, 0x503
x10 <- 0x0000B503

mem[X,0x80002E84] -> 0xB5B7
mem[X,0x80002E86] -> 0xAAAA
[2982] [M]: 0x80002E84 (0xAAAAB5B7) lui a1, -0x55555
x11 <- 0xAAAAB000

mem[X,0x80002E88] -> 0x8593
mem[X,0x80002E8A] -> 0xAAB5
[2983] [M]: 0x80002E88 (0xAAB58593) addi a1, a1, -0x555
x11 <- 0xAAAAAAAB

mem[X,0x80002E8C] -> 0x1633
mem[X,0x80002E8E] -> 0x02B5
[2984] [M]: 0x80002E8C (0x02B51633) mulh a2, a0, a1
x12 <- 0xFFFFC3A9

mem[X,0x80002E90] -> 0xA423
mem[X,0x80002E92] -> 0x7EC0
[2985] [M]: 0x80002E90 (0x7EC0A423) sw a2, 0x7e8(ra)
mem[0x80006978] <- 0xFFFFC3A9

mem[X,0x80002E94] -> 0xB537
mem[X,0x80002E96] -> 0x0000
[2986] [M]: 0x80002E94 (0x0000B537) lui a0, 0xb
x10 <- 0x0000B000

mem[X,0x80002E98] -> 0x0513
mem[X,0x80002E9A] -> 0x5035
[2987] [M]: 0x80002E98 (0x50350513) addi a0, a0, 0x503
x10 <- 0x0000B503

mem[X,0x80002E9C] -> 0x0593
mem[X,0x80002E9E] -> 0x0060
[2988] [M]: 0x80002E9C (0x00600593) addi a1, zero, 0x6
x11 <- 0x00000006

mem[X,0x80002EA0] -> 0x1633
mem[X,0x80002EA2] -> 0x02B5
[2989] [M]: 0x80002EA0 (0x02B51633) mulh a2, a0, a1
x12 <- 0x00000000

mem[X,0x80002EA4] -> 0xA623
mem[X,0x80002EA6] -> 0x7EC0
[2990] [M]: 0x80002EA4 (0x7EC0A623) sw a2, 0x7ec(ra)
mem[0x8000697C] <- 0x00000000

mem[X,0x80002EA8] -> 0xB537
mem[X,0x80002EAA] -> 0x0000
[2991] [M]: 0x80002EA8 (0x0000B537) lui a0, 0xb
x10 <- 0x0000B000

mem[X,0x80002EAC] -> 0x0513
mem[X,0x80002EAE] -> 0x5035
[2992] [M]: 0x80002EAC (0x50350513) addi a0, a0, 0x503
x10 <- 0x0000B503

mem[X,0x80002EB0] -> 0x35B7
mem[X,0x80002EB2] -> 0x3333
[2993] [M]: 0x80002EB0 (0x333335B7) lui a1, 0x33333
x11 <- 0x33333000

mem[X,0x80002EB4] -> 0x8593
mem[X,0x80002EB6] -> 0x3345
[2994] [M]: 0x80002EB4 (0x33458593) addi a1, a1, 0x334
x11 <- 0x33333334

mem[X,0x80002EB8] -> 0x1633
mem[X,0x80002EBA] -> 0x02B5
[2995] [M]: 0x80002EB8 (0x02B51633) mulh a2, a0, a1
x12 <- 0x00002433

mem[X,0x80002EBC] -> 0xA823
mem[X,0x80002EBE] -> 0x7EC0
[2996] [M]: 0x80002EBC (0x7EC0A823) sw a2, 0x7f0(ra)
mem[0x80006980] <- 0x00002433

mem[X,0x80002EC0] -> 0xB537
mem[X,0x80002EC2] -> 0x0000
[2997] [M]: 0x80002EC0 (0x0000B537) lui a0, 0xb
x10 <- 0x0000B000

mem[X,0x80002EC4] -> 0x0513
mem[X,0x80002EC6] -> 0x5035
[2998] [M]: 0x80002EC4 (0x50350513) addi a0, a0, 0x503
x10 <- 0x0000B503

mem[X,0x80002EC8] -> 0x65B7
mem[X,0x80002ECA] -> 0x6666
[2999] [M]: 0x80002EC8 (0x666665B7) lui a1, 0x66666
x11 <- 0x66666000

clint::tick mtime <- 0x000000000000001E
 clint timer pending at mtime 0x000000000000001E
htif::tick 0x0000000000000000
mem[X,0x80002ECC] -> 0x8593
mem[X,0x80002ECE] -> 0x6675
[3000] [M]: 0x80002ECC (0x66758593) addi a1, a1, 0x667
x11 <- 0x66666667

mem[X,0x80002ED0] -> 0x1633
mem[X,0x80002ED2] -> 0x02B5
[3001] [M]: 0x80002ED0 (0x02B51633) mulh a2, a0, a1
x12 <- 0x00004867

mem[X,0x80002ED4] -> 0xAA23
mem[X,0x80002ED6] -> 0x7EC0
[3002] [M]: 0x80002ED4 (0x7EC0AA23) sw a2, 0x7f4(ra)
mem[0x80006984] <- 0x00004867

mem[X,0x80002ED8] -> 0xB537
mem[X,0x80002EDA] -> 0x0000
[3003] [M]: 0x80002ED8 (0x0000B537) lui a0, 0xb
x10 <- 0x0000B000

mem[X,0x80002EDC] -> 0x0513
mem[X,0x80002EDE] -> 0x5035
[3004] [M]: 0x80002EDC (0x50350513) addi a0, a0, 0x503
x10 <- 0x0000B503

mem[X,0x80002EE0] -> 0x55B7
mem[X,0x80002EE2] -> 0xFFFF
[3005] [M]: 0x80002EE0 (0xFFFF55B7) lui a1, -0xb
x11 <- 0xFFFF5000

mem[X,0x80002EE4] -> 0x8593
mem[X,0x80002EE6] -> 0xAFD5
[3006] [M]: 0x80002EE4 (0xAFD58593) addi a1, a1, -0x503
x11 <- 0xFFFF4AFD

mem[X,0x80002EE8] -> 0x1633
mem[X,0x80002EEA] -> 0x02B5
[3007] [M]: 0x80002EE8 (0x02B51633) mulh a2, a0, a1
x12 <- 0xFFFFFFFF

mem[X,0x80002EEC] -> 0xAC23
mem[X,0x80002EEE] -> 0x7EC0
[3008] [M]: 0x80002EEC (0x7EC0AC23) sw a2, 0x7f8(ra)
mem[0x80006988] <- 0xFFFFFFFF

mem[X,0x80002EF0] -> 0xB537
mem[X,0x80002EF2] -> 0x0000
[3009] [M]: 0x80002EF0 (0x0000B537) lui a0, 0xb
x10 <- 0x0000B000

mem[X,0x80002EF4] -> 0x0513
mem[X,0x80002EF6] -> 0x5035
[3010] [M]: 0x80002EF4 (0x50350513) addi a0, a0, 0x503
x10 <- 0x0000B503

mem[X,0x80002EF8] -> 0xB5B7
mem[X,0x80002EFA] -> 0x0000
[3011] [M]: 0x80002EF8 (0x0000B5B7) lui a1, 0xb
x11 <- 0x0000B000

mem[X,0x80002EFC] -> 0x8593
mem[X,0x80002EFE] -> 0x5055
[3012] [M]: 0x80002EFC (0x50558593) addi a1, a1, 0x505
x11 <- 0x0000B505

mem[X,0x80002F00] -> 0x1633
mem[X,0x80002F02] -> 0x02B5
[3013] [M]: 0x80002F00 (0x02B51633) mulh a2, a0, a1
x12 <- 0x00000000

mem[X,0x80002F04] -> 0xAE23
mem[X,0x80002F06] -> 0x7EC0
[3014] [M]: 0x80002F04 (0x7EC0AE23) sw a2, 0x7fc(ra)
mem[0x8000698C] <- 0x00000000

mem[X,0x80002F08] -> 0x0013
mem[X,0x80002F0A] -> 0x0000
[3015] [M]: 0x80002F08 (0x00000013) addi zero, zero, 0x0

mem[X,0x80002F0C] -> 0x0013
mem[X,0x80002F0E] -> 0x0000
[3016] [M]: 0x80002F0C (0x00000013) addi zero, zero, 0x0

mem[X,0x80002F10] -> 0x0013
mem[X,0x80002F12] -> 0x0000
[3017] [M]: 0x80002F10 (0x00000013) addi zero, zero, 0x0

mem[X,0x80002F14] -> 0x0013
mem[X,0x80002F16] -> 0x0000
[3018] [M]: 0x80002F14 (0x00000013) addi zero, zero, 0x0

mem[X,0x80002F18] -> 0x0013
mem[X,0x80002F1A] -> 0x0000
[3019] [M]: 0x80002F18 (0x00000013) addi zero, zero, 0x0

mem[X,0x80002F1C] -> 0x0013
mem[X,0x80002F1E] -> 0x0000
[3020] [M]: 0x80002F1C (0x00000013) addi zero, zero, 0x0

mem[X,0x80002F20] -> 0x4097
mem[X,0x80002F22] -> 0x0000
[3021] [M]: 0x80002F20 (0x00004097) auipc ra, 0x4
x1 <- 0x80006F20

mem[X,0x80002F24] -> 0x8093
mem[X,0x80002F26] -> 0xA700
[3022] [M]: 0x80002F24 (0xA7008093) addi ra, ra, -0x590
x1 <- 0x80006990

mem[X,0x80002F28] -> 0x0013
mem[X,0x80002F2A] -> 0x0000
[3023] [M]: 0x80002F28 (0x00000013) addi zero, zero, 0x0

mem[X,0x80002F2C] -> 0x0013
mem[X,0x80002F2E] -> 0x0000
[3024] [M]: 0x80002F2C (0x00000013) addi zero, zero, 0x0

mem[X,0x80002F30] -> 0x0013
mem[X,0x80002F32] -> 0x0000
[3025] [M]: 0x80002F30 (0x00000013) addi zero, zero, 0x0

mem[X,0x80002F34] -> 0x0013
mem[X,0x80002F36] -> 0x0000
[3026] [M]: 0x80002F34 (0x00000013) addi zero, zero, 0x0

mem[X,0x80002F38] -> 0x0013
mem[X,0x80002F3A] -> 0x0000
[3027] [M]: 0x80002F38 (0x00000013) addi zero, zero, 0x0

mem[X,0x80002F3C] -> 0x0013
mem[X,0x80002F3E] -> 0x0000
[3028] [M]: 0x80002F3C (0x00000013) addi zero, zero, 0x0

mem[X,0x80002F40] -> 0x5537
mem[X,0x80002F42] -> 0x5555
[3029] [M]: 0x80002F40 (0x55555537) lui a0, 0x55555
x10 <- 0x55555000

mem[X,0x80002F44] -> 0x0513
mem[X,0x80002F46] -> 0x5565
[3030] [M]: 0x80002F44 (0x55650513) addi a0, a0, 0x556
x10 <- 0x55555556

mem[X,0x80002F48] -> 0x0593
mem[X,0x80002F4A] -> 0x0030
[3031] [M]: 0x80002F48 (0x00300593) addi a1, zero, 0x3
x11 <- 0x00000003

mem[X,0x80002F4C] -> 0x1633
mem[X,0x80002F4E] -> 0x02B5
[3032] [M]: 0x80002F4C (0x02B51633) mulh a2, a0, a1
x12 <- 0x00000001

mem[X,0x80002F50] -> 0xA023
mem[X,0x80002F52] -> 0x00C0
[3033] [M]: 0x80002F50 (0x00C0A023) sw a2, 0x0(ra)
mem[0x80006990] <- 0x00000001

mem[X,0x80002F54] -> 0x5537
mem[X,0x80002F56] -> 0x5555
[3034] [M]: 0x80002F54 (0x55555537) lui a0, 0x55555
x10 <- 0x55555000

mem[X,0x80002F58] -> 0x0513
mem[X,0x80002F5A] -> 0x5565
[3035] [M]: 0x80002F58 (0x55650513) addi a0, a0, 0x556
x10 <- 0x55555556

mem[X,0x80002F5C] -> 0x55B7
mem[X,0x80002F5E] -> 0x5555
[3036] [M]: 0x80002F5C (0x555555B7) lui a1, 0x55555
x11 <- 0x55555000

mem[X,0x80002F60] -> 0x8593
mem[X,0x80002F62] -> 0x5555
[3037] [M]: 0x80002F60 (0x55558593) addi a1, a1, 0x555
x11 <- 0x55555555

mem[X,0x80002F64] -> 0x1633
mem[X,0x80002F66] -> 0x02B5
[3038] [M]: 0x80002F64 (0x02B51633) mulh a2, a0, a1
x12 <- 0x1C71C71C

mem[X,0x80002F68] -> 0xA223
mem[X,0x80002F6A] -> 0x00C0
[3039] [M]: 0x80002F68 (0x00C0A223) sw a2, 0x4(ra)
mem[0x80006994] <- 0x1C71C71C

mem[X,0x80002F6C] -> 0x5537
mem[X,0x80002F6E] -> 0x5555
[3040] [M]: 0x80002F6C (0x55555537) lui a0, 0x55555
x10 <- 0x55555000

mem[X,0x80002F70] -> 0x0513
mem[X,0x80002F72] -> 0x5565
[3041] [M]: 0x80002F70 (0x55650513) addi a0, a0, 0x556
x10 <- 0x55555556

mem[X,0x80002F74] -> 0xB5B7
mem[X,0x80002F76] -> 0xAAAA
[3042] [M]: 0x80002F74 (0xAAAAB5B7) lui a1, -0x55555
x11 <- 0xAAAAB000

mem[X,0x80002F78] -> 0x8593
mem[X,0x80002F7A] -> 0xAAA5
[3043] [M]: 0x80002F78 (0xAAA58593) addi a1, a1, -0x556
x11 <- 0xAAAAAAAA

mem[X,0x80002F7C] -> 0x1633
mem[X,0x80002F7E] -> 0x02B5
[3044] [M]: 0x80002F7C (0x02B51633) mulh a2, a0, a1
x12 <- 0xE38E38E3

mem[X,0x80002F80] -> 0xA423
mem[X,0x80002F82] -> 0x00C0
[3045] [M]: 0x80002F80 (0x00C0A423) sw a2, 0x8(ra)
mem[0x80006998] <- 0xE38E38E3

mem[X,0x80002F84] -> 0x5537
mem[X,0x80002F86] -> 0x5555
[3046] [M]: 0x80002F84 (0x55555537) lui a0, 0x55555
x10 <- 0x55555000

mem[X,0x80002F88] -> 0x0513
mem[X,0x80002F8A] -> 0x5565
[3047] [M]: 0x80002F88 (0x55650513) addi a0, a0, 0x556
x10 <- 0x55555556

mem[X,0x80002F8C] -> 0x0593
mem[X,0x80002F8E] -> 0x0050
[3048] [M]: 0x80002F8C (0x00500593) addi a1, zero, 0x5
x11 <- 0x00000005

mem[X,0x80002F90] -> 0x1633
mem[X,0x80002F92] -> 0x02B5
[3049] [M]: 0x80002F90 (0x02B51633) mulh a2, a0, a1
x12 <- 0x00000001

mem[X,0x80002F94] -> 0xA623
mem[X,0x80002F96] -> 0x00C0
[3050] [M]: 0x80002F94 (0x00C0A623) sw a2, 0xc(ra)
mem[0x8000699C] <- 0x00000001

mem[X,0x80002F98] -> 0x5537
mem[X,0x80002F9A] -> 0x5555
[3051] [M]: 0x80002F98 (0x55555537) lui a0, 0x55555
x10 <- 0x55555000

mem[X,0x80002F9C] -> 0x0513
mem[X,0x80002F9E] -> 0x5565
[3052] [M]: 0x80002F9C (0x55650513) addi a0, a0, 0x556
x10 <- 0x55555556

mem[X,0x80002FA0] -> 0x35B7
mem[X,0x80002FA2] -> 0x3333
[3053] [M]: 0x80002FA0 (0x333335B7) lui a1, 0x33333
x11 <- 0x33333000

mem[X,0x80002FA4] -> 0x8593
mem[X,0x80002FA6] -> 0x3335
[3054] [M]: 0x80002FA4 (0x33358593) addi a1, a1, 0x333
x11 <- 0x33333333

mem[X,0x80002FA8] -> 0x1633
mem[X,0x80002FAA] -> 0x02B5
[3055] [M]: 0x80002FA8 (0x02B51633) mulh a2, a0, a1
x12 <- 0x11111111

mem[X,0x80002FAC] -> 0xA823
mem[X,0x80002FAE] -> 0x00C0
[3056] [M]: 0x80002FAC (0x00C0A823) sw a2, 0x10(ra)
mem[0x800069A0] <- 0x11111111

mem[X,0x80002FB0] -> 0x5537
mem[X,0x80002FB2] -> 0x5555
[3057] [M]: 0x80002FB0 (0x55555537) lui a0, 0x55555
x10 <- 0x55555000

mem[X,0x80002FB4] -> 0x0513
mem[X,0x80002FB6] -> 0x5565
[3058] [M]: 0x80002FB4 (0x55650513) addi a0, a0, 0x556
x10 <- 0x55555556

mem[X,0x80002FB8] -> 0x65B7
mem[X,0x80002FBA] -> 0x6666
[3059] [M]: 0x80002FB8 (0x666665B7) lui a1, 0x66666
x11 <- 0x66666000

mem[X,0x80002FBC] -> 0x8593
mem[X,0x80002FBE] -> 0x6665
[3060] [M]: 0x80002FBC (0x66658593) addi a1, a1, 0x666
x11 <- 0x66666666

mem[X,0x80002FC0] -> 0x1633
mem[X,0x80002FC2] -> 0x02B5
[3061] [M]: 0x80002FC0 (0x02B51633) mulh a2, a0, a1
x12 <- 0x22222222

mem[X,0x80002FC4] -> 0xAA23
mem[X,0x80002FC6] -> 0x00C0
[3062] [M]: 0x80002FC4 (0x00C0AA23) sw a2, 0x14(ra)
mem[0x800069A4] <- 0x22222222

mem[X,0x80002FC8] -> 0x5537
mem[X,0x80002FCA] -> 0x5555
[3063] [M]: 0x80002FC8 (0x55555537) lui a0, 0x55555
x10 <- 0x55555000

mem[X,0x80002FCC] -> 0x0513
mem[X,0x80002FCE] -> 0x5565
[3064] [M]: 0x80002FCC (0x55650513) addi a0, a0, 0x556
x10 <- 0x55555556

mem[X,0x80002FD0] -> 0x55B7
mem[X,0x80002FD2] -> 0xFFFF
[3065] [M]: 0x80002FD0 (0xFFFF55B7) lui a1, -0xb
x11 <- 0xFFFF5000

mem[X,0x80002FD4] -> 0x8593
mem[X,0x80002FD6] -> 0xAFC5
[3066] [M]: 0x80002FD4 (0xAFC58593) addi a1, a1, -0x504
x11 <- 0xFFFF4AFC

mem[X,0x80002FD8] -> 0x1633
mem[X,0x80002FDA] -> 0x02B5
[3067] [M]: 0x80002FD8 (0x02B51633) mulh a2, a0, a1
x12 <- 0xFFFFC3A9

mem[X,0x80002FDC] -> 0xAC23
mem[X,0x80002FDE] -> 0x00C0
[3068] [M]: 0x80002FDC (0x00C0AC23) sw a2, 0x18(ra)
mem[0x800069A8] <- 0xFFFFC3A9

mem[X,0x80002FE0] -> 0x5537
mem[X,0x80002FE2] -> 0x5555
[3069] [M]: 0x80002FE0 (0x55555537) lui a0, 0x55555
x10 <- 0x55555000

mem[X,0x80002FE4] -> 0x0513
mem[X,0x80002FE6] -> 0x5565
[3070] [M]: 0x80002FE4 (0x55650513) addi a0, a0, 0x556
x10 <- 0x55555556

mem[X,0x80002FE8] -> 0xB5B7
mem[X,0x80002FEA] -> 0x0000
[3071] [M]: 0x80002FE8 (0x0000B5B7) lui a1, 0xb
x11 <- 0x0000B000

mem[X,0x80002FEC] -> 0x8593
mem[X,0x80002FEE] -> 0x5045
[3072] [M]: 0x80002FEC (0x50458593) addi a1, a1, 0x504
x11 <- 0x0000B504

mem[X,0x80002FF0] -> 0x1633
mem[X,0x80002FF2] -> 0x02B5
[3073] [M]: 0x80002FF0 (0x02B51633) mulh a2, a0, a1
x12 <- 0x00003C56

mem[X,0x80002FF4] -> 0xAE23
mem[X,0x80002FF6] -> 0x00C0
[3074] [M]: 0x80002FF4 (0x00C0AE23) sw a2, 0x1c(ra)
mem[0x800069AC] <- 0x00003C56

mem[X,0x80002FF8] -> 0x5537
mem[X,0x80002FFA] -> 0x5555
[3075] [M]: 0x80002FF8 (0x55555537) lui a0, 0x55555
x10 <- 0x55555000

mem[X,0x80002FFC] -> 0x0513
mem[X,0x80002FFE] -> 0x5565
[3076] [M]: 0x80002FFC (0x55650513) addi a0, a0, 0x556
x10 <- 0x55555556

mem[X,0x80003000] -> 0x0593
mem[X,0x80003002] -> 0x0020
[3077] [M]: 0x80003000 (0x00200593) addi a1, zero, 0x2
x11 <- 0x00000002

mem[X,0x80003004] -> 0x1633
mem[X,0x80003006] -> 0x02B5
[3078] [M]: 0x80003004 (0x02B51633) mulh a2, a0, a1
x12 <- 0x00000000

mem[X,0x80003008] -> 0xA023
mem[X,0x8000300A] -> 0x02C0
[3079] [M]: 0x80003008 (0x02C0A023) sw a2, 0x20(ra)
mem[0x800069B0] <- 0x00000000

mem[X,0x8000300C] -> 0x5537
mem[X,0x8000300E] -> 0x5555
[3080] [M]: 0x8000300C (0x55555537) lui a0, 0x55555
x10 <- 0x55555000

mem[X,0x80003010] -> 0x0513
mem[X,0x80003012] -> 0x5565
[3081] [M]: 0x80003010 (0x55650513) addi a0, a0, 0x556
x10 <- 0x55555556

mem[X,0x80003014] -> 0x55B7
mem[X,0x80003016] -> 0x5555
[3082] [M]: 0x80003014 (0x555555B7) lui a1, 0x55555
x11 <- 0x55555000

mem[X,0x80003018] -> 0x8593
mem[X,0x8000301A] -> 0x5545
[3083] [M]: 0x80003018 (0x55458593) addi a1, a1, 0x554
x11 <- 0x55555554

mem[X,0x8000301C] -> 0x1633
mem[X,0x8000301E] -> 0x02B5
[3084] [M]: 0x8000301C (0x02B51633) mulh a2, a0, a1
x12 <- 0x1C71C71C

mem[X,0x80003020] -> 0xA223
mem[X,0x80003022] -> 0x02C0
[3085] [M]: 0x80003020 (0x02C0A223) sw a2, 0x24(ra)
mem[0x800069B4] <- 0x1C71C71C

mem[X,0x80003024] -> 0x5537
mem[X,0x80003026] -> 0x5555
[3086] [M]: 0x80003024 (0x55555537) lui a0, 0x55555
x10 <- 0x55555000

mem[X,0x80003028] -> 0x0513
mem[X,0x8000302A] -> 0x5565
[3087] [M]: 0x80003028 (0x55650513) addi a0, a0, 0x556
x10 <- 0x55555556

mem[X,0x8000302C] -> 0x0593
mem[X,0x8000302E] -> 0x0000
[3088] [M]: 0x8000302C (0x00000593) addi a1, zero, 0x0
x11 <- 0x00000000

mem[X,0x80003030] -> 0x1633
mem[X,0x80003032] -> 0x02B5
[3089] [M]: 0x80003030 (0x02B51633) mulh a2, a0, a1
x12 <- 0x00000000

mem[X,0x80003034] -> 0xA423
mem[X,0x80003036] -> 0x02C0
[3090] [M]: 0x80003034 (0x02C0A423) sw a2, 0x28(ra)
mem[0x800069B8] <- 0x00000000

mem[X,0x80003038] -> 0x5537
mem[X,0x8000303A] -> 0x5555
[3091] [M]: 0x80003038 (0x55555537) lui a0, 0x55555
x10 <- 0x55555000

mem[X,0x8000303C] -> 0x0513
mem[X,0x8000303E] -> 0x5565
[3092] [M]: 0x8000303C (0x55650513) addi a0, a0, 0x556
x10 <- 0x55555556

mem[X,0x80003040] -> 0x0593
mem[X,0x80003042] -> 0x0040
[3093] [M]: 0x80003040 (0x00400593) addi a1, zero, 0x4
x11 <- 0x00000004

mem[X,0x80003044] -> 0x1633
mem[X,0x80003046] -> 0x02B5
[3094] [M]: 0x80003044 (0x02B51633) mulh a2, a0, a1
x12 <- 0x00000001

mem[X,0x80003048] -> 0xA623
mem[X,0x8000304A] -> 0x02C0
[3095] [M]: 0x80003048 (0x02C0A623) sw a2, 0x2c(ra)
mem[0x800069BC] <- 0x00000001

mem[X,0x8000304C] -> 0x5537
mem[X,0x8000304E] -> 0x5555
[3096] [M]: 0x8000304C (0x55555537) lui a0, 0x55555
x10 <- 0x55555000

mem[X,0x80003050] -> 0x0513
mem[X,0x80003052] -> 0x5565
[3097] [M]: 0x80003050 (0x55650513) addi a0, a0, 0x556
x10 <- 0x55555556

mem[X,0x80003054] -> 0x35B7
mem[X,0x80003056] -> 0x3333
[3098] [M]: 0x80003054 (0x333335B7) lui a1, 0x33333
x11 <- 0x33333000

mem[X,0x80003058] -> 0x8593
mem[X,0x8000305A] -> 0x3325
[3099] [M]: 0x80003058 (0x33258593) addi a1, a1, 0x332
x11 <- 0x33333332

clint::tick mtime <- 0x000000000000001F
 clint timer pending at mtime 0x000000000000001F
htif::tick 0x0000000000000000
mem[X,0x8000305C] -> 0x1633
mem[X,0x8000305E] -> 0x02B5
[3100] [M]: 0x8000305C (0x02B51633) mulh a2, a0, a1
x12 <- 0x11111110

mem[X,0x80003060] -> 0xA823
mem[X,0x80003062] -> 0x02C0
[3101] [M]: 0x80003060 (0x02C0A823) sw a2, 0x30(ra)
mem[0x800069C0] <- 0x11111110

mem[X,0x80003064] -> 0x5537
mem[X,0x80003066] -> 0x5555
[3102] [M]: 0x80003064 (0x55555537) lui a0, 0x55555
x10 <- 0x55555000

mem[X,0x80003068] -> 0x0513
mem[X,0x8000306A] -> 0x5565
[3103] [M]: 0x80003068 (0x55650513) addi a0, a0, 0x556
x10 <- 0x55555556

mem[X,0x8000306C] -> 0x65B7
mem[X,0x8000306E] -> 0x6666
[3104] [M]: 0x8000306C (0x666665B7) lui a1, 0x66666
x11 <- 0x66666000

mem[X,0x80003070] -> 0x8593
mem[X,0x80003072] -> 0x6655
[3105] [M]: 0x80003070 (0x66558593) addi a1, a1, 0x665
x11 <- 0x66666665

mem[X,0x80003074] -> 0x1633
mem[X,0x80003076] -> 0x02B5
[3106] [M]: 0x80003074 (0x02B51633) mulh a2, a0, a1
x12 <- 0x22222221

mem[X,0x80003078] -> 0xAA23
mem[X,0x8000307A] -> 0x02C0
[3107] [M]: 0x80003078 (0x02C0AA23) sw a2, 0x34(ra)
mem[0x800069C4] <- 0x22222221

mem[X,0x8000307C] -> 0x5537
mem[X,0x8000307E] -> 0x5555
[3108] [M]: 0x8000307C (0x55555537) lui a0, 0x55555
x10 <- 0x55555000

mem[X,0x80003080] -> 0x0513
mem[X,0x80003082] -> 0x5565
[3109] [M]: 0x80003080 (0x55650513) addi a0, a0, 0x556
x10 <- 0x55555556

mem[X,0x80003084] -> 0xB5B7
mem[X,0x80003086] -> 0x0000
[3110] [M]: 0x80003084 (0x0000B5B7) lui a1, 0xb
x11 <- 0x0000B000

mem[X,0x80003088] -> 0x8593
mem[X,0x8000308A] -> 0x5035
[3111] [M]: 0x80003088 (0x50358593) addi a1, a1, 0x503
x11 <- 0x0000B503

mem[X,0x8000308C] -> 0x1633
mem[X,0x8000308E] -> 0x02B5
[3112] [M]: 0x8000308C (0x02B51633) mulh a2, a0, a1
x12 <- 0x00003C56

mem[X,0x80003090] -> 0xAC23
mem[X,0x80003092] -> 0x02C0
[3113] [M]: 0x80003090 (0x02C0AC23) sw a2, 0x38(ra)
mem[0x800069C8] <- 0x00003C56

mem[X,0x80003094] -> 0x5537
mem[X,0x80003096] -> 0x5555
[3114] [M]: 0x80003094 (0x55555537) lui a0, 0x55555
x10 <- 0x55555000

mem[X,0x80003098] -> 0x0513
mem[X,0x8000309A] -> 0x5565
[3115] [M]: 0x80003098 (0x55650513) addi a0, a0, 0x556
x10 <- 0x55555556

mem[X,0x8000309C] -> 0x55B7
mem[X,0x8000309E] -> 0x5555
[3116] [M]: 0x8000309C (0x555555B7) lui a1, 0x55555
x11 <- 0x55555000

mem[X,0x800030A0] -> 0x8593
mem[X,0x800030A2] -> 0x5565
[3117] [M]: 0x800030A0 (0x55658593) addi a1, a1, 0x556
x11 <- 0x55555556

mem[X,0x800030A4] -> 0x1633
mem[X,0x800030A6] -> 0x02B5
[3118] [M]: 0x800030A4 (0x02B51633) mulh a2, a0, a1
x12 <- 0x1C71C71C

mem[X,0x800030A8] -> 0xAE23
mem[X,0x800030AA] -> 0x02C0
[3119] [M]: 0x800030A8 (0x02C0AE23) sw a2, 0x3c(ra)
mem[0x800069CC] <- 0x1C71C71C

mem[X,0x800030AC] -> 0x5537
mem[X,0x800030AE] -> 0x5555
[3120] [M]: 0x800030AC (0x55555537) lui a0, 0x55555
x10 <- 0x55555000

mem[X,0x800030B0] -> 0x0513
mem[X,0x800030B2] -> 0x5565
[3121] [M]: 0x800030B0 (0x55650513) addi a0, a0, 0x556
x10 <- 0x55555556

mem[X,0x800030B4] -> 0xB5B7
mem[X,0x800030B6] -> 0xAAAA
[3122] [M]: 0x800030B4 (0xAAAAB5B7) lui a1, -0x55555
x11 <- 0xAAAAB000

mem[X,0x800030B8] -> 0x8593
mem[X,0x800030BA] -> 0xAAB5
[3123] [M]: 0x800030B8 (0xAAB58593) addi a1, a1, -0x555
x11 <- 0xAAAAAAAB

mem[X,0x800030BC] -> 0x1633
mem[X,0x800030BE] -> 0x02B5
[3124] [M]: 0x800030BC (0x02B51633) mulh a2, a0, a1
x12 <- 0xE38E38E3

mem[X,0x800030C0] -> 0xA023
mem[X,0x800030C2] -> 0x04C0
[3125] [M]: 0x800030C0 (0x04C0A023) sw a2, 0x40(ra)
mem[0x800069D0] <- 0xE38E38E3

mem[X,0x800030C4] -> 0x5537
mem[X,0x800030C6] -> 0x5555
[3126] [M]: 0x800030C4 (0x55555537) lui a0, 0x55555
x10 <- 0x55555000

mem[X,0x800030C8] -> 0x0513
mem[X,0x800030CA] -> 0x5565
[3127] [M]: 0x800030C8 (0x55650513) addi a0, a0, 0x556
x10 <- 0x55555556

mem[X,0x800030CC] -> 0x0593
mem[X,0x800030CE] -> 0x0060
[3128] [M]: 0x800030CC (0x00600593) addi a1, zero, 0x6
x11 <- 0x00000006

mem[X,0x800030D0] -> 0x1633
mem[X,0x800030D2] -> 0x02B5
[3129] [M]: 0x800030D0 (0x02B51633) mulh a2, a0, a1
x12 <- 0x00000002

mem[X,0x800030D4] -> 0xA223
mem[X,0x800030D6] -> 0x04C0
[3130] [M]: 0x800030D4 (0x04C0A223) sw a2, 0x44(ra)
mem[0x800069D4] <- 0x00000002

mem[X,0x800030D8] -> 0x5537
mem[X,0x800030DA] -> 0x5555
[3131] [M]: 0x800030D8 (0x55555537) lui a0, 0x55555
x10 <- 0x55555000

mem[X,0x800030DC] -> 0x0513
mem[X,0x800030DE] -> 0x5565
[3132] [M]: 0x800030DC (0x55650513) addi a0, a0, 0x556
x10 <- 0x55555556

mem[X,0x800030E0] -> 0x35B7
mem[X,0x800030E2] -> 0x3333
[3133] [M]: 0x800030E0 (0x333335B7) lui a1, 0x33333
x11 <- 0x33333000

mem[X,0x800030E4] -> 0x8593
mem[X,0x800030E6] -> 0x3345
[3134] [M]: 0x800030E4 (0x33458593) addi a1, a1, 0x334
x11 <- 0x33333334

mem[X,0x800030E8] -> 0x1633
mem[X,0x800030EA] -> 0x02B5
[3135] [M]: 0x800030E8 (0x02B51633) mulh a2, a0, a1
x12 <- 0x11111111

mem[X,0x800030EC] -> 0xA423
mem[X,0x800030EE] -> 0x04C0
[3136] [M]: 0x800030EC (0x04C0A423) sw a2, 0x48(ra)
mem[0x800069D8] <- 0x11111111

mem[X,0x800030F0] -> 0x5537
mem[X,0x800030F2] -> 0x5555
[3137] [M]: 0x800030F0 (0x55555537) lui a0, 0x55555
x10 <- 0x55555000

mem[X,0x800030F4] -> 0x0513
mem[X,0x800030F6] -> 0x5565
[3138] [M]: 0x800030F4 (0x55650513) addi a0, a0, 0x556
x10 <- 0x55555556

mem[X,0x800030F8] -> 0x65B7
mem[X,0x800030FA] -> 0x6666
[3139] [M]: 0x800030F8 (0x666665B7) lui a1, 0x66666
x11 <- 0x66666000

mem[X,0x800030FC] -> 0x8593
mem[X,0x800030FE] -> 0x6675
[3140] [M]: 0x800030FC (0x66758593) addi a1, a1, 0x667
x11 <- 0x66666667

mem[X,0x80003100] -> 0x1633
mem[X,0x80003102] -> 0x02B5
[3141] [M]: 0x80003100 (0x02B51633) mulh a2, a0, a1
x12 <- 0x22222222

mem[X,0x80003104] -> 0xA623
mem[X,0x80003106] -> 0x04C0
[3142] [M]: 0x80003104 (0x04C0A623) sw a2, 0x4c(ra)
mem[0x800069DC] <- 0x22222222

mem[X,0x80003108] -> 0x5537
mem[X,0x8000310A] -> 0x5555
[3143] [M]: 0x80003108 (0x55555537) lui a0, 0x55555
x10 <- 0x55555000

mem[X,0x8000310C] -> 0x0513
mem[X,0x8000310E] -> 0x5565
[3144] [M]: 0x8000310C (0x55650513) addi a0, a0, 0x556
x10 <- 0x55555556

mem[X,0x80003110] -> 0x55B7
mem[X,0x80003112] -> 0xFFFF
[3145] [M]: 0x80003110 (0xFFFF55B7) lui a1, -0xb
x11 <- 0xFFFF5000

mem[X,0x80003114] -> 0x8593
mem[X,0x80003116] -> 0xAFD5
[3146] [M]: 0x80003114 (0xAFD58593) addi a1, a1, -0x503
x11 <- 0xFFFF4AFD

mem[X,0x80003118] -> 0x1633
mem[X,0x8000311A] -> 0x02B5
[3147] [M]: 0x80003118 (0x02B51633) mulh a2, a0, a1
x12 <- 0xFFFFC3A9

mem[X,0x8000311C] -> 0xA823
mem[X,0x8000311E] -> 0x04C0
[3148] [M]: 0x8000311C (0x04C0A823) sw a2, 0x50(ra)
mem[0x800069E0] <- 0xFFFFC3A9

mem[X,0x80003120] -> 0x5537
mem[X,0x80003122] -> 0x5555
[3149] [M]: 0x80003120 (0x55555537) lui a0, 0x55555
x10 <- 0x55555000

mem[X,0x80003124] -> 0x0513
mem[X,0x80003126] -> 0x5565
[3150] [M]: 0x80003124 (0x55650513) addi a0, a0, 0x556
x10 <- 0x55555556

mem[X,0x80003128] -> 0xB5B7
mem[X,0x8000312A] -> 0x0000
[3151] [M]: 0x80003128 (0x0000B5B7) lui a1, 0xb
x11 <- 0x0000B000

mem[X,0x8000312C] -> 0x8593
mem[X,0x8000312E] -> 0x5055
[3152] [M]: 0x8000312C (0x50558593) addi a1, a1, 0x505
x11 <- 0x0000B505

mem[X,0x80003130] -> 0x1633
mem[X,0x80003132] -> 0x02B5
[3153] [M]: 0x80003130 (0x02B51633) mulh a2, a0, a1
x12 <- 0x00003C57

mem[X,0x80003134] -> 0xAA23
mem[X,0x80003136] -> 0x04C0
[3154] [M]: 0x80003134 (0x04C0AA23) sw a2, 0x54(ra)
mem[0x800069E4] <- 0x00003C57

mem[X,0x80003138] -> 0xB537
mem[X,0x8000313A] -> 0xAAAA
[3155] [M]: 0x80003138 (0xAAAAB537) lui a0, -0x55555
x10 <- 0xAAAAB000

mem[X,0x8000313C] -> 0x0513
mem[X,0x8000313E] -> 0xAAB5
[3156] [M]: 0x8000313C (0xAAB50513) addi a0, a0, -0x555
x10 <- 0xAAAAAAAB

mem[X,0x80003140] -> 0x0593
mem[X,0x80003142] -> 0x0030
[3157] [M]: 0x80003140 (0x00300593) addi a1, zero, 0x3
x11 <- 0x00000003

mem[X,0x80003144] -> 0x1633
mem[X,0x80003146] -> 0x02B5
[3158] [M]: 0x80003144 (0x02B51633) mulh a2, a0, a1
x12 <- 0xFFFFFFFF

mem[X,0x80003148] -> 0xAC23
mem[X,0x8000314A] -> 0x04C0
[3159] [M]: 0x80003148 (0x04C0AC23) sw a2, 0x58(ra)
mem[0x800069E8] <- 0xFFFFFFFF

mem[X,0x8000314C] -> 0xB537
mem[X,0x8000314E] -> 0xAAAA
[3160] [M]: 0x8000314C (0xAAAAB537) lui a0, -0x55555
x10 <- 0xAAAAB000

mem[X,0x80003150] -> 0x0513
mem[X,0x80003152] -> 0xAAB5
[3161] [M]: 0x80003150 (0xAAB50513) addi a0, a0, -0x555
x10 <- 0xAAAAAAAB

mem[X,0x80003154] -> 0x55B7
mem[X,0x80003156] -> 0x5555
[3162] [M]: 0x80003154 (0x555555B7) lui a1, 0x55555
x11 <- 0x55555000

mem[X,0x80003158] -> 0x8593
mem[X,0x8000315A] -> 0x5555
[3163] [M]: 0x80003158 (0x55558593) addi a1, a1, 0x555
x11 <- 0x55555555

mem[X,0x8000315C] -> 0x1633
mem[X,0x8000315E] -> 0x02B5
[3164] [M]: 0x8000315C (0x02B51633) mulh a2, a0, a1
x12 <- 0xE38E38E3

mem[X,0x80003160] -> 0xAE23
mem[X,0x80003162] -> 0x04C0
[3165] [M]: 0x80003160 (0x04C0AE23) sw a2, 0x5c(ra)
mem[0x800069EC] <- 0xE38E38E3

mem[X,0x80003164] -> 0xB537
mem[X,0x80003166] -> 0xAAAA
[3166] [M]: 0x80003164 (0xAAAAB537) lui a0, -0x55555
x10 <- 0xAAAAB000

mem[X,0x80003168] -> 0x0513
mem[X,0x8000316A] -> 0xAAB5
[3167] [M]: 0x80003168 (0xAAB50513) addi a0, a0, -0x555
x10 <- 0xAAAAAAAB

mem[X,0x8000316C] -> 0xB5B7
mem[X,0x8000316E] -> 0xAAAA
[3168] [M]: 0x8000316C (0xAAAAB5B7) lui a1, -0x55555
x11 <- 0xAAAAB000

mem[X,0x80003170] -> 0x8593
mem[X,0x80003172] -> 0xAAA5
[3169] [M]: 0x80003170 (0xAAA58593) addi a1, a1, -0x556
x11 <- 0xAAAAAAAA

mem[X,0x80003174] -> 0x1633
mem[X,0x80003176] -> 0x02B5
[3170] [M]: 0x80003174 (0x02B51633) mulh a2, a0, a1
x12 <- 0x1C71C71C

mem[X,0x80003178] -> 0xA023
mem[X,0x8000317A] -> 0x06C0
[3171] [M]: 0x80003178 (0x06C0A023) sw a2, 0x60(ra)
mem[0x800069F0] <- 0x1C71C71C

mem[X,0x8000317C] -> 0xB537
mem[X,0x8000317E] -> 0xAAAA
[3172] [M]: 0x8000317C (0xAAAAB537) lui a0, -0x55555
x10 <- 0xAAAAB000

mem[X,0x80003180] -> 0x0513
mem[X,0x80003182] -> 0xAAB5
[3173] [M]: 0x80003180 (0xAAB50513) addi a0, a0, -0x555
x10 <- 0xAAAAAAAB

mem[X,0x80003184] -> 0x0593
mem[X,0x80003186] -> 0x0050
[3174] [M]: 0x80003184 (0x00500593) addi a1, zero, 0x5
x11 <- 0x00000005

mem[X,0x80003188] -> 0x1633
mem[X,0x8000318A] -> 0x02B5
[3175] [M]: 0x80003188 (0x02B51633) mulh a2, a0, a1
x12 <- 0xFFFFFFFE

mem[X,0x8000318C] -> 0xA223
mem[X,0x8000318E] -> 0x06C0
[3176] [M]: 0x8000318C (0x06C0A223) sw a2, 0x64(ra)
mem[0x800069F4] <- 0xFFFFFFFE

mem[X,0x80003190] -> 0xB537
mem[X,0x80003192] -> 0xAAAA
[3177] [M]: 0x80003190 (0xAAAAB537) lui a0, -0x55555
x10 <- 0xAAAAB000

mem[X,0x80003194] -> 0x0513
mem[X,0x80003196] -> 0xAAB5
[3178] [M]: 0x80003194 (0xAAB50513) addi a0, a0, -0x555
x10 <- 0xAAAAAAAB

mem[X,0x80003198] -> 0x35B7
mem[X,0x8000319A] -> 0x3333
[3179] [M]: 0x80003198 (0x333335B7) lui a1, 0x33333
x11 <- 0x33333000

mem[X,0x8000319C] -> 0x8593
mem[X,0x8000319E] -> 0x3335
[3180] [M]: 0x8000319C (0x33358593) addi a1, a1, 0x333
x11 <- 0x33333333

mem[X,0x800031A0] -> 0x1633
mem[X,0x800031A2] -> 0x02B5
[3181] [M]: 0x800031A0 (0x02B51633) mulh a2, a0, a1
x12 <- 0xEEEEEEEF

mem[X,0x800031A4] -> 0xA423
mem[X,0x800031A6] -> 0x06C0
[3182] [M]: 0x800031A4 (0x06C0A423) sw a2, 0x68(ra)
mem[0x800069F8] <- 0xEEEEEEEF

mem[X,0x800031A8] -> 0xB537
mem[X,0x800031AA] -> 0xAAAA
[3183] [M]: 0x800031A8 (0xAAAAB537) lui a0, -0x55555
x10 <- 0xAAAAB000

mem[X,0x800031AC] -> 0x0513
mem[X,0x800031AE] -> 0xAAB5
[3184] [M]: 0x800031AC (0xAAB50513) addi a0, a0, -0x555
x10 <- 0xAAAAAAAB

mem[X,0x800031B0] -> 0x65B7
mem[X,0x800031B2] -> 0x6666
[3185] [M]: 0x800031B0 (0x666665B7) lui a1, 0x66666
x11 <- 0x66666000

mem[X,0x800031B4] -> 0x8593
mem[X,0x800031B6] -> 0x6665
[3186] [M]: 0x800031B4 (0x66658593) addi a1, a1, 0x666
x11 <- 0x66666666

mem[X,0x800031B8] -> 0x1633
mem[X,0x800031BA] -> 0x02B5
[3187] [M]: 0x800031B8 (0x02B51633) mulh a2, a0, a1
x12 <- 0xDDDDDDDE

mem[X,0x800031BC] -> 0xA623
mem[X,0x800031BE] -> 0x06C0
[3188] [M]: 0x800031BC (0x06C0A623) sw a2, 0x6c(ra)
mem[0x800069FC] <- 0xDDDDDDDE

mem[X,0x800031C0] -> 0xB537
mem[X,0x800031C2] -> 0xAAAA
[3189] [M]: 0x800031C0 (0xAAAAB537) lui a0, -0x55555
x10 <- 0xAAAAB000

mem[X,0x800031C4] -> 0x0513
mem[X,0x800031C6] -> 0xAAB5
[3190] [M]: 0x800031C4 (0xAAB50513) addi a0, a0, -0x555
x10 <- 0xAAAAAAAB

mem[X,0x800031C8] -> 0x55B7
mem[X,0x800031CA] -> 0xFFFF
[3191] [M]: 0x800031C8 (0xFFFF55B7) lui a1, -0xb
x11 <- 0xFFFF5000

mem[X,0x800031CC] -> 0x8593
mem[X,0x800031CE] -> 0xAFC5
[3192] [M]: 0x800031CC (0xAFC58593) addi a1, a1, -0x504
x11 <- 0xFFFF4AFC

mem[X,0x800031D0] -> 0x1633
mem[X,0x800031D2] -> 0x02B5
[3193] [M]: 0x800031D0 (0x02B51633) mulh a2, a0, a1
x12 <- 0x00003C56

mem[X,0x800031D4] -> 0xA823
mem[X,0x800031D6] -> 0x06C0
[3194] [M]: 0x800031D4 (0x06C0A823) sw a2, 0x70(ra)
mem[0x80006A00] <- 0x00003C56

mem[X,0x800031D8] -> 0xB537
mem[X,0x800031DA] -> 0xAAAA
[3195] [M]: 0x800031D8 (0xAAAAB537) lui a0, -0x55555
x10 <- 0xAAAAB000

mem[X,0x800031DC] -> 0x0513
mem[X,0x800031DE] -> 0xAAB5
[3196] [M]: 0x800031DC (0xAAB50513) addi a0, a0, -0x555
x10 <- 0xAAAAAAAB

mem[X,0x800031E0] -> 0xB5B7
mem[X,0x800031E2] -> 0x0000
[3197] [M]: 0x800031E0 (0x0000B5B7) lui a1, 0xb
x11 <- 0x0000B000

mem[X,0x800031E4] -> 0x8593
mem[X,0x800031E6] -> 0x5045
[3198] [M]: 0x800031E4 (0x50458593) addi a1, a1, 0x504
x11 <- 0x0000B504

mem[X,0x800031E8] -> 0x1633
mem[X,0x800031EA] -> 0x02B5
[3199] [M]: 0x800031E8 (0x02B51633) mulh a2, a0, a1
x12 <- 0xFFFFC3A9

clint::tick mtime <- 0x0000000000000020
 clint timer pending at mtime 0x0000000000000020
htif::tick 0x0000000000000000
mem[X,0x800031EC] -> 0xAA23
mem[X,0x800031EE] -> 0x06C0
[3200] [M]: 0x800031EC (0x06C0AA23) sw a2, 0x74(ra)
mem[0x80006A04] <- 0xFFFFC3A9

mem[X,0x800031F0] -> 0xB537
mem[X,0x800031F2] -> 0xAAAA
[3201] [M]: 0x800031F0 (0xAAAAB537) lui a0, -0x55555
x10 <- 0xAAAAB000

mem[X,0x800031F4] -> 0x0513
mem[X,0x800031F6] -> 0xAAB5
[3202] [M]: 0x800031F4 (0xAAB50513) addi a0, a0, -0x555
x10 <- 0xAAAAAAAB

mem[X,0x800031F8] -> 0x0593
mem[X,0x800031FA] -> 0x0020
[3203] [M]: 0x800031F8 (0x00200593) addi a1, zero, 0x2
x11 <- 0x00000002

mem[X,0x800031FC] -> 0x1633
mem[X,0x800031FE] -> 0x02B5
[3204] [M]: 0x800031FC (0x02B51633) mulh a2, a0, a1
x12 <- 0xFFFFFFFF

mem[X,0x80003200] -> 0xAC23
mem[X,0x80003202] -> 0x06C0
[3205] [M]: 0x80003200 (0x06C0AC23) sw a2, 0x78(ra)
mem[0x80006A08] <- 0xFFFFFFFF

mem[X,0x80003204] -> 0xB537
mem[X,0x80003206] -> 0xAAAA
[3206] [M]: 0x80003204 (0xAAAAB537) lui a0, -0x55555
x10 <- 0xAAAAB000

mem[X,0x80003208] -> 0x0513
mem[X,0x8000320A] -> 0xAAB5
[3207] [M]: 0x80003208 (0xAAB50513) addi a0, a0, -0x555
x10 <- 0xAAAAAAAB

mem[X,0x8000320C] -> 0x55B7
mem[X,0x8000320E] -> 0x5555
[3208] [M]: 0x8000320C (0x555555B7) lui a1, 0x55555
x11 <- 0x55555000

mem[X,0x80003210] -> 0x8593
mem[X,0x80003212] -> 0x5545
[3209] [M]: 0x80003210 (0x55458593) addi a1, a1, 0x554
x11 <- 0x55555554

mem[X,0x80003214] -> 0x1633
mem[X,0x80003216] -> 0x02B5
[3210] [M]: 0x80003214 (0x02B51633) mulh a2, a0, a1
x12 <- 0xE38E38E4

mem[X,0x80003218] -> 0xAE23
mem[X,0x8000321A] -> 0x06C0
[3211] [M]: 0x80003218 (0x06C0AE23) sw a2, 0x7c(ra)
mem[0x80006A0C] <- 0xE38E38E4

mem[X,0x8000321C] -> 0xB537
mem[X,0x8000321E] -> 0xAAAA
[3212] [M]: 0x8000321C (0xAAAAB537) lui a0, -0x55555
x10 <- 0xAAAAB000

mem[X,0x80003220] -> 0x0513
mem[X,0x80003222] -> 0xAAB5
[3213] [M]: 0x80003220 (0xAAB50513) addi a0, a0, -0x555
x10 <- 0xAAAAAAAB

mem[X,0x80003224] -> 0x0593
mem[X,0x80003226] -> 0x0000
[3214] [M]: 0x80003224 (0x00000593) addi a1, zero, 0x0
x11 <- 0x00000000

mem[X,0x80003228] -> 0x1633
mem[X,0x8000322A] -> 0x02B5
[3215] [M]: 0x80003228 (0x02B51633) mulh a2, a0, a1
x12 <- 0x00000000

mem[X,0x8000322C] -> 0xA023
mem[X,0x8000322E] -> 0x08C0
[3216] [M]: 0x8000322C (0x08C0A023) sw a2, 0x80(ra)
mem[0x80006A10] <- 0x00000000

mem[X,0x80003230] -> 0xB537
mem[X,0x80003232] -> 0xAAAA
[3217] [M]: 0x80003230 (0xAAAAB537) lui a0, -0x55555
x10 <- 0xAAAAB000

mem[X,0x80003234] -> 0x0513
mem[X,0x80003236] -> 0xAAB5
[3218] [M]: 0x80003234 (0xAAB50513) addi a0, a0, -0x555
x10 <- 0xAAAAAAAB

mem[X,0x80003238] -> 0x0593
mem[X,0x8000323A] -> 0x0040
[3219] [M]: 0x80003238 (0x00400593) addi a1, zero, 0x4
x11 <- 0x00000004

mem[X,0x8000323C] -> 0x1633
mem[X,0x8000323E] -> 0x02B5
[3220] [M]: 0x8000323C (0x02B51633) mulh a2, a0, a1
x12 <- 0xFFFFFFFE

mem[X,0x80003240] -> 0xA223
mem[X,0x80003242] -> 0x08C0
[3221] [M]: 0x80003240 (0x08C0A223) sw a2, 0x84(ra)
mem[0x80006A14] <- 0xFFFFFFFE

mem[X,0x80003244] -> 0xB537
mem[X,0x80003246] -> 0xAAAA
[3222] [M]: 0x80003244 (0xAAAAB537) lui a0, -0x55555
x10 <- 0xAAAAB000

mem[X,0x80003248] -> 0x0513
mem[X,0x8000324A] -> 0xAAB5
[3223] [M]: 0x80003248 (0xAAB50513) addi a0, a0, -0x555
x10 <- 0xAAAAAAAB

mem[X,0x8000324C] -> 0x35B7
mem[X,0x8000324E] -> 0x3333
[3224] [M]: 0x8000324C (0x333335B7) lui a1, 0x33333
x11 <- 0x33333000

mem[X,0x80003250] -> 0x8593
mem[X,0x80003252] -> 0x3325
[3225] [M]: 0x80003250 (0x33258593) addi a1, a1, 0x332
x11 <- 0x33333332

mem[X,0x80003254] -> 0x1633
mem[X,0x80003256] -> 0x02B5
[3226] [M]: 0x80003254 (0x02B51633) mulh a2, a0, a1
x12 <- 0xEEEEEEEF

mem[X,0x80003258] -> 0xA423
mem[X,0x8000325A] -> 0x08C0
[3227] [M]: 0x80003258 (0x08C0A423) sw a2, 0x88(ra)
mem[0x80006A18] <- 0xEEEEEEEF

mem[X,0x8000325C] -> 0xB537
mem[X,0x8000325E] -> 0xAAAA
[3228] [M]: 0x8000325C (0xAAAAB537) lui a0, -0x55555
x10 <- 0xAAAAB000

mem[X,0x80003260] -> 0x0513
mem[X,0x80003262] -> 0xAAB5
[3229] [M]: 0x80003260 (0xAAB50513) addi a0, a0, -0x555
x10 <- 0xAAAAAAAB

mem[X,0x80003264] -> 0x65B7
mem[X,0x80003266] -> 0x6666
[3230] [M]: 0x80003264 (0x666665B7) lui a1, 0x66666
x11 <- 0x66666000

mem[X,0x80003268] -> 0x8593
mem[X,0x8000326A] -> 0x6655
[3231] [M]: 0x80003268 (0x66558593) addi a1, a1, 0x665
x11 <- 0x66666665

mem[X,0x8000326C] -> 0x1633
mem[X,0x8000326E] -> 0x02B5
[3232] [M]: 0x8000326C (0x02B51633) mulh a2, a0, a1
x12 <- 0xDDDDDDDE

mem[X,0x80003270] -> 0xA623
mem[X,0x80003272] -> 0x08C0
[3233] [M]: 0x80003270 (0x08C0A623) sw a2, 0x8c(ra)
mem[0x80006A1C] <- 0xDDDDDDDE

mem[X,0x80003274] -> 0xB537
mem[X,0x80003276] -> 0xAAAA
[3234] [M]: 0x80003274 (0xAAAAB537) lui a0, -0x55555
x10 <- 0xAAAAB000

mem[X,0x80003278] -> 0x0513
mem[X,0x8000327A] -> 0xAAB5
[3235] [M]: 0x80003278 (0xAAB50513) addi a0, a0, -0x555
x10 <- 0xAAAAAAAB

mem[X,0x8000327C] -> 0xB5B7
mem[X,0x8000327E] -> 0x0000
[3236] [M]: 0x8000327C (0x0000B5B7) lui a1, 0xb
x11 <- 0x0000B000

mem[X,0x80003280] -> 0x8593
mem[X,0x80003282] -> 0x5035
[3237] [M]: 0x80003280 (0x50358593) addi a1, a1, 0x503
x11 <- 0x0000B503

mem[X,0x80003284] -> 0x1633
mem[X,0x80003286] -> 0x02B5
[3238] [M]: 0x80003284 (0x02B51633) mulh a2, a0, a1
x12 <- 0xFFFFC3A9

mem[X,0x80003288] -> 0xA823
mem[X,0x8000328A] -> 0x08C0
[3239] [M]: 0x80003288 (0x08C0A823) sw a2, 0x90(ra)
mem[0x80006A20] <- 0xFFFFC3A9

mem[X,0x8000328C] -> 0xB537
mem[X,0x8000328E] -> 0xAAAA
[3240] [M]: 0x8000328C (0xAAAAB537) lui a0, -0x55555
x10 <- 0xAAAAB000

mem[X,0x80003290] -> 0x0513
mem[X,0x80003292] -> 0xAAB5
[3241] [M]: 0x80003290 (0xAAB50513) addi a0, a0, -0x555
x10 <- 0xAAAAAAAB

mem[X,0x80003294] -> 0x55B7
mem[X,0x80003296] -> 0x5555
[3242] [M]: 0x80003294 (0x555555B7) lui a1, 0x55555
x11 <- 0x55555000

mem[X,0x80003298] -> 0x8593
mem[X,0x8000329A] -> 0x5565
[3243] [M]: 0x80003298 (0x55658593) addi a1, a1, 0x556
x11 <- 0x55555556

mem[X,0x8000329C] -> 0x1633
mem[X,0x8000329E] -> 0x02B5
[3244] [M]: 0x8000329C (0x02B51633) mulh a2, a0, a1
x12 <- 0xE38E38E3

mem[X,0x800032A0] -> 0xAA23
mem[X,0x800032A2] -> 0x08C0
[3245] [M]: 0x800032A0 (0x08C0AA23) sw a2, 0x94(ra)
mem[0x80006A24] <- 0xE38E38E3

mem[X,0x800032A4] -> 0x3537
mem[X,0x800032A6] -> 0x3333
[3246] [M]: 0x800032A4 (0x33333537) lui a0, 0x33333
x10 <- 0x33333000

mem[X,0x800032A8] -> 0x0513
mem[X,0x800032AA] -> 0x3325
[3247] [M]: 0x800032A8 (0x33250513) addi a0, a0, 0x332
x10 <- 0x33333332

mem[X,0x800032AC] -> 0x0593
mem[X,0x800032AE] -> 0xFFE0
[3248] [M]: 0x800032AC (0xFFE00593) addi a1, zero, -0x2
x11 <- 0xFFFFFFFE

mem[X,0x800032B0] -> 0x1633
mem[X,0x800032B2] -> 0x02B5
[3249] [M]: 0x800032B0 (0x02B51633) mulh a2, a0, a1
x12 <- 0xFFFFFFFF

mem[X,0x800032B4] -> 0xAC23
mem[X,0x800032B6] -> 0x08C0
[3250] [M]: 0x800032B4 (0x08C0AC23) sw a2, 0x98(ra)
mem[0x80006A28] <- 0xFFFFFFFF

mem[X,0x800032B8] -> 0x0513
mem[X,0x800032BA] -> 0xFFB0
[3251] [M]: 0x800032B8 (0xFFB00513) addi a0, zero, -0x5
x10 <- 0xFFFFFFFB

mem[X,0x800032BC] -> 0x05B7
mem[X,0x800032BE] -> 0x8000
[3252] [M]: 0x800032BC (0x800005B7) lui a1, -0x80000
x11 <- 0x80000000

mem[X,0x800032C0] -> 0x8593
mem[X,0x800032C2] -> 0xFFF5
[3253] [M]: 0x800032C0 (0xFFF58593) addi a1, a1, -0x1
x11 <- 0x7FFFFFFF

mem[X,0x800032C4] -> 0x1633
mem[X,0x800032C6] -> 0x02B5
[3254] [M]: 0x800032C4 (0x02B51633) mulh a2, a0, a1
x12 <- 0xFFFFFFFD

mem[X,0x800032C8] -> 0xAE23
mem[X,0x800032CA] -> 0x08C0
[3255] [M]: 0x800032C8 (0x08C0AE23) sw a2, 0x9c(ra)
mem[0x80006A2C] <- 0xFFFFFFFD

mem[X,0x800032CC] -> 0x0513
mem[X,0x800032CE] -> 0x0050
[3256] [M]: 0x800032CC (0x00500513) addi a0, zero, 0x5
x10 <- 0x00000005

mem[X,0x800032D0] -> 0x25B7
mem[X,0x800032D2] -> 0x0000
[3257] [M]: 0x800032D0 (0x000025B7) lui a1, 0x2
x11 <- 0x00002000

mem[X,0x800032D4] -> 0x1633
mem[X,0x800032D6] -> 0x02B5
[3258] [M]: 0x800032D4 (0x02B51633) mulh a2, a0, a1
x12 <- 0x00000000

mem[X,0x800032D8] -> 0xA023
mem[X,0x800032DA] -> 0x0AC0
[3259] [M]: 0x800032D8 (0x0AC0A023) sw a2, 0xa0(ra)
mem[0x80006A30] <- 0x00000000

mem[X,0x800032DC] -> 0x0537
mem[X,0x800032DE] -> 0x0200
[3260] [M]: 0x800032DC (0x02000537) lui a0, 0x2000
x10 <- 0x02000000

mem[X,0x800032E0] -> 0x05B7
mem[X,0x800032E2] -> 0x0002
[3261] [M]: 0x800032E0 (0x000205B7) lui a1, 0x20
x11 <- 0x00020000

mem[X,0x800032E4] -> 0x1633
mem[X,0x800032E6] -> 0x02B5
[3262] [M]: 0x800032E4 (0x02B51633) mulh a2, a0, a1
x12 <- 0x00000400

mem[X,0x800032E8] -> 0xA223
mem[X,0x800032EA] -> 0x0AC0
[3263] [M]: 0x800032E8 (0x0AC0A223) sw a2, 0xa4(ra)
mem[0x80006A34] <- 0x00000400

mem[X,0x800032EC] -> 0x006F
mem[X,0x800032EE] -> 0x0200
[3264] [M]: 0x800032EC (0x0200006F) jal zero, 0x20

mem[X,0x8000330C] -> 0x0093
mem[X,0x8000330E] -> 0x0010
[3265] [M]: 0x8000330C (0x00100093) addi ra, zero, 0x1
x1 <- 0x00000001

mem[X,0x80003310] -> 0x1397
mem[X,0x80003312] -> 0x0000
[3266] [M]: 0x80003310 (0x00001397) auipc t2, 0x1
x7 <- 0x80004310

mem[X,0x80003314] -> 0xA823
mem[X,0x80003316] -> 0xCE13
[3267] [M]: 0x80003314 (0xCE13A823) sw ra, -0x310(t2)
htif[0x80004000] <- 0x00000001

mem[X,0x80003318] -> 0xF06F
mem[X,0x8000331A] -> 0xFF9F
[3268] [M]: 0x80003318 (0xFF9FF06F) jal zero, -0x8

mem[X,0x80003310] -> 0x1397
mem[X,0x80003312] -> 0x0000
[3269] [M]: 0x80003310 (0x00001397) auipc t2, 0x1
x7 <- 0x80004310

mem[X,0x80003314] -> 0xA823
mem[X,0x80003316] -> 0xCE13
[3270] [M]: 0x80003314 (0xCE13A823) sw ra, -0x310(t2)
htif[0x80004000] <- 0x00000001

mem[X,0x80003318] -> 0xF06F
mem[X,0x8000331A] -> 0xFF9F
[3271] [M]: 0x80003318 (0xFF9FF06F) jal zero, -0x8

mem[X,0x80003310] -> 0x1397
mem[X,0x80003312] -> 0x0000
[3272] [M]: 0x80003310 (0x00001397) auipc t2, 0x1
x7 <- 0x80004310

mem[X,0x80003314] -> 0xA823
mem[X,0x80003316] -> 0xCE13
[3273] [M]: 0x80003314 (0xCE13A823) sw ra, -0x310(t2)
htif[0x80004000] <- 0x00000001
htif-syscall-proxy cmd: 0x000000000001

SUCCESS
