enabling storing illegal instruction bits in mtval.
PMP count: 16
PMP grain: 0
setting ram-size to 8796093022208 MB
setting signature-granularity to 8 bytes
using /home/user/Work/New_Repo/riscv-arch-test-PR/riscof-plugins/rv64/riscof_work/pmp64-CFG-reg.S/ref/Reference-sail_c_simulator.signature for test-signature output.
tohost located at 0x80000000002000
Running file ref.elf.
ELF Entry @ 0x80000000000000
begin_signature: 0x80000000004210
end_signature: 0x80000000004730
CSR mstatus <- 0x0000000A00000000 (input: 0x0000000000000000)
mem[X,0x0000000000001000] -> 0x0297
mem[X,0x0000000000001002] -> 0x0000
[0] [M]: 0x0000000000001000 (0x00000297) auipc t0, 0x0
x5 <- 0x0000000000001000

mem[X,0x0000000000001004] -> 0x8593
mem[X,0x0000000000001006] -> 0x0202
[1] [M]: 0x0000000000001004 (0x02028593) addi a1, t0, 0x20
x11 <- 0x0000000000001020

mem[X,0x0000000000001008] -> 0x2573
mem[X,0x000000000000100A] -> 0xF140
[2] [M]: 0x0000000000001008 (0xF1402573) csrrs a0, mhartid, zero
CSR mhartid -> 0x0000000000000000
x10 <- 0x0000000000000000

mem[X,0x000000000000100C] -> 0xB283
mem[X,0x000000000000100E] -> 0x0182
[3] [M]: 0x000000000000100C (0x0182B283) ld t0, 0x18(t0)
mem[R,0x0000000000001018] -> 0x0080000000000000
x5 <- 0x0080000000000000

mem[X,0x0000000000001010] -> 0x8067
mem[X,0x0000000000001012] -> 0x0002
[4] [M]: 0x0000000000001010 (0x00028067) jalr zero, 0x0(t0)

mem[X,0x0080000000000000] -> 0x3317
mem[X,0x0080000000000002] -> 0x0000
[5] [M]: 0x0080000000000000 (0x00003317) auipc t1, 0x3
x6 <- 0x0080000000003000

mem[X,0x0080000000000004] -> 0x0313
mem[X,0x0080000000000006] -> 0x0003
[6] [M]: 0x0080000000000004 (0x00030313) addi t1, t1, 0x0
x6 <- 0x0080000000003000

mem[X,0x0080000000000008] -> 0x0013
mem[X,0x008000000000000A] -> 0x0000
[7] [M]: 0x0080000000000008 (0x00000013) addi zero, zero, 0x0

mem[X,0x008000000000000C] -> 0x0013
mem[X,0x008000000000000E] -> 0x0000
[8] [M]: 0x008000000000000C (0x00000013) addi zero, zero, 0x0

mem[X,0x0080000000000010] -> 0x0013
mem[X,0x0080000000000012] -> 0x0000
[9] [M]: 0x0080000000000010 (0x00000013) addi zero, zero, 0x0

mem[X,0x0080000000000014] -> 0x0013
mem[X,0x0080000000000016] -> 0x0000
[10] [M]: 0x0080000000000014 (0x00000013) addi zero, zero, 0x0

mem[X,0x0080000000000018] -> 0x0013
mem[X,0x008000000000001A] -> 0x0000
[11] [M]: 0x0080000000000018 (0x00000013) addi zero, zero, 0x0

mem[X,0x008000000000001C] -> 0x0013
mem[X,0x008000000000001E] -> 0x0000
[12] [M]: 0x008000000000001C (0x00000013) addi zero, zero, 0x0

mem[X,0x0080000000000020] -> 0x1473
mem[X,0x0080000000000022] -> 0x3403
[13] [M]: 0x0080000000000020 (0x34031473) csrrw fp, mscratch, t1
CSR mscratch <- 0x0080000000003000 (input: 0x0080000000003000)
x8 <- 0x0000000000000000

mem[X,0x0080000000000024] -> 0x3823
mem[X,0x0080000000000026] -> 0x2483
[14] [M]: 0x0080000000000024 (0x24833823) sd fp, 0x250(t1)
mem[0x0080000000003250] <- 0x0000000000000000

mem[X,0x0080000000000028] -> 0x0393
mem[X,0x008000000000002A] -> 0x0000
[15] [M]: 0x0080000000000028 (0x00000393) addi t2, zero, 0x0
x7 <- 0x0000000000000000

mem[X,0x008000000000002C] -> 0x93F3
mem[X,0x008000000000002E] -> 0x3023
[16] [M]: 0x008000000000002C (0x302393F3) csrrw t2, medeleg, t2
CSR medeleg <- 0x0000000000000000 (input: 0x0000000000000000)
x7 <- 0x0000000000000000

mem[X,0x0080000000000030] -> 0x3C23
mem[X,0x0080000000000032] -> 0x2273
[17] [M]: 0x0080000000000030 (0x22733C23) sd t2, 0x238(t1)
mem[0x0080000000003238] <- 0x0000000000000000

mem[X,0x0080000000000034] -> 0x2473
mem[X,0x0080000000000036] -> 0x3050
[18] [M]: 0x0080000000000034 (0x30502473) csrrs fp, mtvec, zero
CSR mtvec -> 0x0000000000000000
x8 <- 0x0000000000000000

mem[X,0x0080000000000038] -> 0x3423
mem[X,0x008000000000003A] -> 0x2483
[19] [M]: 0x0080000000000038 (0x24833423) sd fp, 0x248(t1)
mem[0x0080000000003248] <- 0x0000000000000000

mem[X,0x008000000000003C] -> 0x7393
mem[X,0x008000000000003E] -> 0x0034
[20] [M]: 0x008000000000003C (0x00347393) andi t2, fp, 0x3
x7 <- 0x0000000000000000

mem[X,0x0080000000000040] -> 0x3483
mem[X,0x0080000000000042] -> 0x2303
[21] [M]: 0x0080000000000040 (0x23033483) ld s1, 0x230(t1)
mem[R,0x0080000000003230] -> 0x0080000000000854
x9 <- 0x0080000000000854

mem[X,0x0080000000000044] -> 0x8493
mem[X,0x0080000000000046] -> 0xE2C4
[22] [M]: 0x0080000000000044 (0xE2C48493) addi s1, s1, -0x1d4
x9 <- 0x0080000000000680

mem[X,0x0080000000000048] -> 0xE3B3
mem[X,0x008000000000004A] -> 0x0074
[23] [M]: 0x0080000000000048 (0x0074E3B3) or t2, s1, t2
x7 <- 0x0080000000000680

mem[X,0x008000000000004C] -> 0x3023
mem[X,0x008000000000004E] -> 0x2473
[24] [M]: 0x008000000000004C (0x24733023) sd t2, 0x240(t1)
mem[0x0080000000003240] <- 0x0080000000000680

mem[X,0x0080000000000050] -> 0x9073
mem[X,0x0080000000000052] -> 0x3053
[25] [M]: 0x0080000000000050 (0x30539073) csrrw zero, mtvec, t2
CSR mtvec <- 0x0080000000000680 (input: 0x0080000000000680)

mem[X,0x0080000000000054] -> 0x2573
mem[X,0x0080000000000056] -> 0x3050
[26] [M]: 0x0080000000000054 (0x30502573) csrrs a0, mtvec, zero
CSR mtvec -> 0x0080000000000680
x10 <- 0x0080000000000680

mem[X,0x0080000000000058] -> 0x0663
mem[X,0x008000000000005A] -> 0x0875
[27] [M]: 0x0080000000000058 (0x08750663) beq a0, t2, 0x8c

mem[X,0x00800000000000E4] -> 0x0013
mem[X,0x00800000000000E6] -> 0x0000
[28] [M]: 0x00800000000000E4 (0x00000013) addi zero, zero, 0x0

mem[X,0x00800000000000E8] -> 0x0013
mem[X,0x00800000000000EA] -> 0x0000
[29] [M]: 0x00800000000000E8 (0x00000013) addi zero, zero, 0x0

mem[X,0x00800000000000EC] -> 0x0013
mem[X,0x00800000000000EE] -> 0x0000
[30] [M]: 0x00800000000000EC (0x00000013) addi zero, zero, 0x0

mem[X,0x00800000000000F0] -> 0x0013
mem[X,0x00800000000000F2] -> 0x0000
[31] [M]: 0x00800000000000F0 (0x00000013) addi zero, zero, 0x0

mem[X,0x00800000000000F4] -> 0x0013
mem[X,0x00800000000000F6] -> 0x0000
[32] [M]: 0x00800000000000F4 (0x00000013) addi zero, zero, 0x0

mem[X,0x00800000000000F8] -> 0x0013
mem[X,0x00800000000000FA] -> 0x0000
[33] [M]: 0x00800000000000F8 (0x00000013) addi zero, zero, 0x0

mem[X,0x00800000000000FC] -> 0x0013
mem[X,0x00800000000000FE] -> 0x0000
[34] [M]: 0x00800000000000FC (0x00000013) addi zero, zero, 0x0

mem[X,0x0080000000000100] -> 0x3317
mem[X,0x0080000000000102] -> 0x0000
[35] [M]: 0x0080000000000100 (0x00003317) auipc t1, 0x3
x6 <- 0x0080000000003100

mem[X,0x0080000000000104] -> 0x0313
mem[X,0x0080000000000106] -> 0x1983
[36] [M]: 0x0080000000000104 (0x19830313) addi t1, t1, 0x198
x6 <- 0x0080000000003298

mem[X,0x0080000000000108] -> 0x0013
mem[X,0x008000000000010A] -> 0x0000
[37] [M]: 0x0080000000000108 (0x00000013) addi zero, zero, 0x0

mem[X,0x008000000000010C] -> 0x0013
mem[X,0x008000000000010E] -> 0x0000
[38] [M]: 0x008000000000010C (0x00000013) addi zero, zero, 0x0

mem[X,0x0080000000000110] -> 0x0013
mem[X,0x0080000000000112] -> 0x0000
[39] [M]: 0x0080000000000110 (0x00000013) addi zero, zero, 0x0

mem[X,0x0080000000000114] -> 0x0013
mem[X,0x0080000000000116] -> 0x0000
[40] [M]: 0x0080000000000114 (0x00000013) addi zero, zero, 0x0

mem[X,0x0080000000000118] -> 0x0013
mem[X,0x008000000000011A] -> 0x0000
[41] [M]: 0x0080000000000118 (0x00000013) addi zero, zero, 0x0

mem[X,0x008000000000011C] -> 0x0013
mem[X,0x008000000000011E] -> 0x0000
[42] [M]: 0x008000000000011C (0x00000013) addi zero, zero, 0x0

mem[X,0x0080000000000120] -> 0x1473
mem[X,0x0080000000000122] -> 0x1403
[43] [M]: 0x0080000000000120 (0x14031473) csrrw fp, sscratch, t1
CSR sscratch <- 0x0080000000003298 (input: 0x0080000000003298)
x8 <- 0x0000000000000000

mem[X,0x0080000000000124] -> 0x3823
mem[X,0x0080000000000126] -> 0x2483
[44] [M]: 0x0080000000000124 (0x24833823) sd fp, 0x250(t1)
mem[0x00800000000034E8] <- 0x0000000000000000

mem[X,0x0080000000000128] -> 0x0393
mem[X,0x008000000000012A] -> 0x0000
[45] [M]: 0x0080000000000128 (0x00000393) addi t2, zero, 0x0
x7 <- 0x0000000000000000

mem[X,0x008000000000012C] -> 0x3C23
mem[X,0x008000000000012E] -> 0x2273
[46] [M]: 0x008000000000012C (0x22733C23) sd t2, 0x238(t1)
mem[0x00800000000034D0] <- 0x0000000000000000

mem[X,0x0080000000000130] -> 0x0013
mem[X,0x0080000000000132] -> 0x0000
[47] [M]: 0x0080000000000130 (0x00000013) addi zero, zero, 0x0

mem[X,0x0080000000000134] -> 0x0013
mem[X,0x0080000000000136] -> 0x0000
[48] [M]: 0x0080000000000134 (0x00000013) addi zero, zero, 0x0

mem[X,0x0080000000000138] -> 0x0013
mem[X,0x008000000000013A] -> 0x0000
[49] [M]: 0x0080000000000138 (0x00000013) addi zero, zero, 0x0

mem[X,0x008000000000013C] -> 0x0013
mem[X,0x008000000000013E] -> 0x0000
[50] [M]: 0x008000000000013C (0x00000013) addi zero, zero, 0x0

mem[X,0x0080000000000140] -> 0x4497
mem[X,0x0080000000000142] -> 0x0000
[51] [M]: 0x0080000000000140 (0x00004497) auipc s1, 0x4
x9 <- 0x0080000000004140

mem[X,0x0080000000000144] -> 0x8493
mem[X,0x0080000000000146] -> 0xEC04
[52] [M]: 0x0080000000000144 (0xEC048493) addi s1, s1, -0x140
x9 <- 0x0080000000004000

mem[X,0x0080000000000148] -> 0x0013
mem[X,0x008000000000014A] -> 0x0000
[53] [M]: 0x0080000000000148 (0x00000013) addi zero, zero, 0x0

mem[X,0x008000000000014C] -> 0x0013
mem[X,0x008000000000014E] -> 0x0000
[54] [M]: 0x008000000000014C (0x00000013) addi zero, zero, 0x0

mem[X,0x0080000000000150] -> 0x0013
mem[X,0x0080000000000152] -> 0x0000
[55] [M]: 0x0080000000000150 (0x00000013) addi zero, zero, 0x0

mem[X,0x0080000000000154] -> 0x0013
mem[X,0x0080000000000156] -> 0x0000
[56] [M]: 0x0080000000000154 (0x00000013) addi zero, zero, 0x0

mem[X,0x0080000000000158] -> 0x0013
mem[X,0x008000000000015A] -> 0x0000
[57] [M]: 0x0080000000000158 (0x00000013) addi zero, zero, 0x0

mem[X,0x008000000000015C] -> 0x0013
mem[X,0x008000000000015E] -> 0x0000
[58] [M]: 0x008000000000015C (0x00000013) addi zero, zero, 0x0

mem[X,0x0080000000000160] -> 0xD493
mem[X,0x0080000000000162] -> 0x00C4
[59] [M]: 0x0080000000000160 (0x00C4D493) srli s1, s1, 0xc
x9 <- 0x0000080000000004

mem[X,0x0080000000000164] -> 0x0413
mem[X,0x0080000000000166] -> 0xFFF0
[60] [M]: 0x0080000000000164 (0xFFF00413) addi fp, zero, -0x1
x8 <- 0xFFFFFFFFFFFFFFFF

mem[X,0x0080000000000168] -> 0x1413
mem[X,0x008000000000016A] -> 0x03F4
[61] [M]: 0x0080000000000168 (0x03F41413) slli fp, fp, 0x3f
x8 <- 0x8000000000000000

mem[X,0x008000000000016C] -> 0xE4B3
mem[X,0x008000000000016E] -> 0x0084
[62] [M]: 0x008000000000016C (0x0084E4B3) or s1, s1, fp
x9 <- 0x8000080000000004

mem[X,0x0080000000000170] -> 0x94F3
mem[X,0x0080000000000172] -> 0x1804
[63] [M]: 0x0080000000000170 (0x180494F3) csrrw s1, satp, s1
CSR satp <- 0x8000080000000004 (input: 0x8000080000000004)
x9 <- 0x0000000000000000

mem[X,0x0080000000000174] -> 0x3023
mem[X,0x0080000000000176] -> 0x2293
[64] [M]: 0x0080000000000174 (0x22933023) sd s1, 0x220(t1)
mem[0x00800000000034B8] <- 0x0000000000000000

mem[X,0x0080000000000178] -> 0x2473
mem[X,0x008000000000017A] -> 0x1050
[65] [M]: 0x0080000000000178 (0x10502473) csrrs fp, stvec, zero
CSR stvec -> 0x0000000000000000
x8 <- 0x0000000000000000

mem[X,0x008000000000017C] -> 0x3423
mem[X,0x008000000000017E] -> 0x2483
[66] [M]: 0x008000000000017C (0x24833423) sd fp, 0x248(t1)
mem[0x00800000000034E0] <- 0x0000000000000000

mem[X,0x0080000000000180] -> 0x7393
mem[X,0x0080000000000182] -> 0x0034
[67] [M]: 0x0080000000000180 (0x00347393) andi t2, fp, 0x3
x7 <- 0x0000000000000000

mem[X,0x0080000000000184] -> 0x3483
mem[X,0x0080000000000186] -> 0x2303
[68] [M]: 0x0080000000000184 (0x23033483) ld s1, 0x230(t1)
mem[R,0x00800000000034C8] -> 0x0080000000001194
x9 <- 0x0080000000001194

mem[X,0x0080000000000188] -> 0x8493
mem[X,0x008000000000018A] -> 0xE2C4
[69] [M]: 0x0080000000000188 (0xE2C48493) addi s1, s1, -0x1d4
x9 <- 0x0080000000000FC0

mem[X,0x008000000000018C] -> 0xE3B3
mem[X,0x008000000000018E] -> 0x0074
[70] [M]: 0x008000000000018C (0x0074E3B3) or t2, s1, t2
x7 <- 0x0080000000000FC0

mem[X,0x0080000000000190] -> 0x3023
mem[X,0x0080000000000192] -> 0x2473
[71] [M]: 0x0080000000000190 (0x24733023) sd t2, 0x240(t1)
mem[0x00800000000034D8] <- 0x0080000000000FC0

mem[X,0x0080000000000194] -> 0x9073
mem[X,0x0080000000000196] -> 0x1053
[72] [M]: 0x0080000000000194 (0x10539073) csrrw zero, stvec, t2
CSR stvec <- 0x0080000000000FC0 (input: 0x0080000000000FC0)

mem[X,0x0080000000000198] -> 0x2573
mem[X,0x008000000000019A] -> 0x1050
[73] [M]: 0x0080000000000198 (0x10502573) csrrs a0, stvec, zero
CSR stvec -> 0x0080000000000FC0
x10 <- 0x0080000000000FC0

mem[X,0x008000000000019C] -> 0x0463
mem[X,0x008000000000019E] -> 0x0875
[74] [M]: 0x008000000000019C (0x08750463) beq a0, t2, 0x88

mem[X,0x0080000000000224] -> 0x0837
mem[X,0x0080000000000226] -> 0x7D5C
[75] [M]: 0x0080000000000224 (0x7D5C0837) lui a6, 0x7d5c0
x16 <- 0x000000007D5C0000

mem[X,0x0080000000000228] -> 0x0813
mem[X,0x008000000000022A] -> 0xDDB8
[76] [M]: 0x0080000000000228 (0xDDB80813) addi a6, a6, -0x225
x16 <- 0x000000007D5BFDDB

mem[X,0x008000000000022C] -> 0x1813
mem[X,0x008000000000022E] -> 0x00B8
[77] [M]: 0x008000000000022C (0x00B81813) slli a6, a6, 0xb
x16 <- 0x000003EADFEED800

mem[X,0x0080000000000230] -> 0x0813
mem[X,0x0080000000000232] -> 0x3EA8
[78] [M]: 0x0080000000000230 (0x3EA80813) addi a6, a6, 0x3ea
x16 <- 0x000003EADFEEDBEA

mem[X,0x0080000000000234] -> 0x1813
mem[X,0x0080000000000236] -> 0x00B8
[79] [M]: 0x0080000000000234 (0x00B81813) slli a6, a6, 0xb
x16 <- 0x001F56FF76DF5000

mem[X,0x0080000000000238] -> 0x0813
mem[X,0x008000000000023A] -> 0x6FF8
[80] [M]: 0x0080000000000238 (0x6FF80813) addi a6, a6, 0x6ff
x16 <- 0x001F56FF76DF56FF

mem[X,0x008000000000023C] -> 0x1813
mem[X,0x008000000000023E] -> 0x00A8
[81] [M]: 0x008000000000023C (0x00A81813) slli a6, a6, 0xa
x16 <- 0x7D5BFDDB7D5BFC00

mem[X,0x0080000000000240] -> 0x0813
mem[X,0x0080000000000242] -> 0x1DB8
[82] [M]: 0x0080000000000240 (0x1DB80813) addi a6, a6, 0x1db
x16 <- 0x7D5BFDDB7D5BFDDB

mem[X,0x0080000000000244] -> 0x5893
mem[X,0x0080000000000246] -> 0x0078
[83] [M]: 0x0080000000000244 (0x00785893) srli a7, a6, 0x7
x17 <- 0x00FAB7FBB6FAB7FB

mem[X,0x0080000000000248] -> 0x5793
mem[X,0x008000000000024A] -> 0x0398
[84] [M]: 0x0080000000000248 (0x03985793) srli a5, a6, 0x39
x15 <- 0x000000000000003E

mem[X,0x008000000000024C] -> 0xE8B3
mem[X,0x008000000000024E] -> 0x00F8
[85] [M]: 0x008000000000024C (0x00F8E8B3) or a7, a7, a5
x17 <- 0x00FAB7FBB6FAB7FF

mem[X,0x0080000000000250] -> 0xD913
mem[X,0x0080000000000252] -> 0x0078
[86] [M]: 0x0080000000000250 (0x0078D913) srli s2, a7, 0x7
x18 <- 0x0001F56FF76DF56F

mem[X,0x0080000000000254] -> 0xD793
mem[X,0x0080000000000256] -> 0x0398
[87] [M]: 0x0080000000000254 (0x0398D793) srli a5, a7, 0x39
x15 <- 0x0000000000000000

mem[X,0x0080000000000258] -> 0x6933
mem[X,0x008000000000025A] -> 0x00F9
[88] [M]: 0x0080000000000258 (0x00F96933) or s2, s2, a5
x18 <- 0x0001F56FF76DF56F

mem[X,0x008000000000025C] -> 0x5993
mem[X,0x008000000000025E] -> 0x0079
[89] [M]: 0x008000000000025C (0x00795993) srli s3, s2, 0x7
x19 <- 0x000003EADFEEDBEA

mem[X,0x0080000000000260] -> 0x5793
mem[X,0x0080000000000262] -> 0x0399
[90] [M]: 0x0080000000000260 (0x03995793) srli a5, s2, 0x39
x15 <- 0x0000000000000000

mem[X,0x0080000000000264] -> 0xE9B3
mem[X,0x0080000000000266] -> 0x00F9
[91] [M]: 0x0080000000000264 (0x00F9E9B3) or s3, s3, a5
x19 <- 0x000003EADFEEDBEA

mem[X,0x0080000000000268] -> 0xDA13
mem[X,0x008000000000026A] -> 0x0079
[92] [M]: 0x0080000000000268 (0x0079DA13) srli s4, s3, 0x7
x20 <- 0x00000007D5BFDDB7

mem[X,0x008000000000026C] -> 0xD793
mem[X,0x008000000000026E] -> 0x0399
[93] [M]: 0x008000000000026C (0x0399D793) srli a5, s3, 0x39
x15 <- 0x0000000000000000

mem[X,0x0080000000000270] -> 0x6A33
mem[X,0x0080000000000272] -> 0x00FA
[94] [M]: 0x0080000000000270 (0x00FA6A33) or s4, s4, a5
x20 <- 0x00000007D5BFDDB7

mem[X,0x0080000000000274] -> 0x5A93
mem[X,0x0080000000000276] -> 0x007A
[95] [M]: 0x0080000000000274 (0x007A5A93) srli s5, s4, 0x7
x21 <- 0x000000000FAB7FBB

mem[X,0x0080000000000278] -> 0x5793
mem[X,0x008000000000027A] -> 0x039A
[96] [M]: 0x0080000000000278 (0x039A5793) srli a5, s4, 0x39
x15 <- 0x0000000000000000

mem[X,0x008000000000027C] -> 0xEAB3
mem[X,0x008000000000027E] -> 0x00FA
[97] [M]: 0x008000000000027C (0x00FAEAB3) or s5, s5, a5
x21 <- 0x000000000FAB7FBB

mem[X,0x0080000000000280] -> 0xDB13
mem[X,0x0080000000000282] -> 0x007A
[98] [M]: 0x0080000000000280 (0x007ADB13) srli s6, s5, 0x7
x22 <- 0x00000000001F56FF

mem[X,0x0080000000000284] -> 0xD793
mem[X,0x0080000000000286] -> 0x039A
[99] [M]: 0x0080000000000284 (0x039AD793) srli a5, s5, 0x39
x15 <- 0x0000000000000000

clint::tick mtime <- 0x0000000000000001
 clint timer pending at mtime 0x0000000000000001
htif::tick 0x0000000000000000
mem[X,0x0080000000000288] -> 0x6B33
mem[X,0x008000000000028A] -> 0x00FB
[100] [M]: 0x0080000000000288 (0x00FB6B33) or s6, s6, a5
x22 <- 0x00000000001F56FF

mem[X,0x008000000000028C] -> 0x5B93
mem[X,0x008000000000028E] -> 0x007B
[101] [M]: 0x008000000000028C (0x007B5B93) srli s7, s6, 0x7
x23 <- 0x0000000000003EAD

mem[X,0x0080000000000290] -> 0x5793
mem[X,0x0080000000000292] -> 0x039B
[102] [M]: 0x0080000000000290 (0x039B5793) srli a5, s6, 0x39
x15 <- 0x0000000000000000

mem[X,0x0080000000000294] -> 0xEBB3
mem[X,0x0080000000000296] -> 0x00FB
[103] [M]: 0x0080000000000294 (0x00FBEBB3) or s7, s7, a5
x23 <- 0x0000000000003EAD

mem[X,0x0080000000000298] -> 0xDC13
mem[X,0x008000000000029A] -> 0x007B
[104] [M]: 0x0080000000000298 (0x007BDC13) srli s8, s7, 0x7
x24 <- 0x000000000000007D

mem[X,0x008000000000029C] -> 0xD793
mem[X,0x008000000000029E] -> 0x039B
[105] [M]: 0x008000000000029C (0x039BD793) srli a5, s7, 0x39
x15 <- 0x0000000000000000

mem[X,0x00800000000002A0] -> 0x6C33
mem[X,0x00800000000002A2] -> 0x00FC
[106] [M]: 0x00800000000002A0 (0x00FC6C33) or s8, s8, a5
x24 <- 0x000000000000007D

mem[X,0x00800000000002A4] -> 0x5C93
mem[X,0x00800000000002A6] -> 0x007C
[107] [M]: 0x00800000000002A4 (0x007C5C93) srli s9, s8, 0x7
x25 <- 0x0000000000000000

mem[X,0x00800000000002A8] -> 0x5793
mem[X,0x00800000000002AA] -> 0x039C
[108] [M]: 0x00800000000002A8 (0x039C5793) srli a5, s8, 0x39
x15 <- 0x0000000000000000

mem[X,0x00800000000002AC] -> 0xECB3
mem[X,0x00800000000002AE] -> 0x00FC
[109] [M]: 0x00800000000002AC (0x00FCECB3) or s9, s9, a5
x25 <- 0x0000000000000000

mem[X,0x00800000000002B0] -> 0xDD13
mem[X,0x00800000000002B2] -> 0x007C
[110] [M]: 0x00800000000002B0 (0x007CDD13) srli s10, s9, 0x7
x26 <- 0x0000000000000000

mem[X,0x00800000000002B4] -> 0xD793
mem[X,0x00800000000002B6] -> 0x039C
[111] [M]: 0x00800000000002B4 (0x039CD793) srli a5, s9, 0x39
x15 <- 0x0000000000000000

mem[X,0x00800000000002B8] -> 0x6D33
mem[X,0x00800000000002BA] -> 0x00FD
[112] [M]: 0x00800000000002B8 (0x00FD6D33) or s10, s10, a5
x26 <- 0x0000000000000000

mem[X,0x00800000000002BC] -> 0x5D93
mem[X,0x00800000000002BE] -> 0x007D
[113] [M]: 0x00800000000002BC (0x007D5D93) srli s11, s10, 0x7
x27 <- 0x0000000000000000

mem[X,0x00800000000002C0] -> 0x5793
mem[X,0x00800000000002C2] -> 0x039D
[114] [M]: 0x00800000000002C0 (0x039D5793) srli a5, s10, 0x39
x15 <- 0x0000000000000000

mem[X,0x00800000000002C4] -> 0xEDB3
mem[X,0x00800000000002C6] -> 0x00FD
[115] [M]: 0x00800000000002C4 (0x00FDEDB3) or s11, s11, a5
x27 <- 0x0000000000000000

mem[X,0x00800000000002C8] -> 0xDE13
mem[X,0x00800000000002CA] -> 0x007D
[116] [M]: 0x00800000000002C8 (0x007DDE13) srli t3, s11, 0x7
x28 <- 0x0000000000000000

mem[X,0x00800000000002CC] -> 0xD793
mem[X,0x00800000000002CE] -> 0x039D
[117] [M]: 0x00800000000002CC (0x039DD793) srli a5, s11, 0x39
x15 <- 0x0000000000000000

mem[X,0x00800000000002D0] -> 0x6E33
mem[X,0x00800000000002D2] -> 0x00FE
[118] [M]: 0x00800000000002D0 (0x00FE6E33) or t3, t3, a5
x28 <- 0x0000000000000000

mem[X,0x00800000000002D4] -> 0x5E93
mem[X,0x00800000000002D6] -> 0x007E
[119] [M]: 0x00800000000002D4 (0x007E5E93) srli t4, t3, 0x7
x29 <- 0x0000000000000000

mem[X,0x00800000000002D8] -> 0x5793
mem[X,0x00800000000002DA] -> 0x039E
[120] [M]: 0x00800000000002D8 (0x039E5793) srli a5, t3, 0x39
x15 <- 0x0000000000000000

mem[X,0x00800000000002DC] -> 0xEEB3
mem[X,0x00800000000002DE] -> 0x00FE
[121] [M]: 0x00800000000002DC (0x00FEEEB3) or t4, t4, a5
x29 <- 0x0000000000000000

mem[X,0x00800000000002E0] -> 0xDF13
mem[X,0x00800000000002E2] -> 0x007E
[122] [M]: 0x00800000000002E0 (0x007EDF13) srli t5, t4, 0x7
x30 <- 0x0000000000000000

mem[X,0x00800000000002E4] -> 0xD793
mem[X,0x00800000000002E6] -> 0x039E
[123] [M]: 0x00800000000002E4 (0x039ED793) srli a5, t4, 0x39
x15 <- 0x0000000000000000

mem[X,0x00800000000002E8] -> 0x6F33
mem[X,0x00800000000002EA] -> 0x00FF
[124] [M]: 0x00800000000002E8 (0x00FF6F33) or t5, t5, a5
x30 <- 0x0000000000000000

mem[X,0x00800000000002EC] -> 0xC0B7
mem[X,0x00800000000002EE] -> 0xFEED
[125] [M]: 0x00800000000002EC (0xFEEDC0B7) lui ra, -0x1124
x1 <- 0xFFFFFFFFFEEDC000

mem[X,0x00800000000002F0] -> 0x8093
mem[X,0x00800000000002F2] -> 0xEAD0
[126] [M]: 0x00800000000002F0 (0xEAD08093) addi ra, ra, -0x153
x1 <- 0xFFFFFFFFFEEDBEAD

mem[X,0x00800000000002F4] -> 0x9093
mem[X,0x00800000000002F6] -> 0x00B0
[127] [M]: 0x00800000000002F4 (0x00B09093) slli ra, ra, 0xb
x1 <- 0xFFFFFFF76DF56800

mem[X,0x00800000000002F8] -> 0x8093
mem[X,0x00800000000002FA] -> 0x7F70
[128] [M]: 0x00800000000002F8 (0x7F708093) addi ra, ra, 0x7f7
x1 <- 0xFFFFFFF76DF56FF7

mem[X,0x00800000000002FC] -> 0x9093
mem[X,0x00800000000002FE] -> 0x00B0
[129] [M]: 0x00800000000002FC (0x00B09093) slli ra, ra, 0xb
x1 <- 0xFFFFBB6FAB7FB800

mem[X,0x0080000000000300] -> 0x8093
mem[X,0x0080000000000302] -> 0x36F0
[130] [M]: 0x0080000000000300 (0x36F08093) addi ra, ra, 0x36f
x1 <- 0xFFFFBB6FAB7FBB6F

mem[X,0x0080000000000304] -> 0x9093
mem[X,0x0080000000000306] -> 0x00A0
[131] [M]: 0x0080000000000304 (0x00A09093) slli ra, ra, 0xa
x1 <- 0xFEEDBEADFEEDBC00

mem[X,0x0080000000000308] -> 0x8093
mem[X,0x008000000000030A] -> 0x2AD0
[132] [M]: 0x0080000000000308 (0x2AD08093) addi ra, ra, 0x2ad
x1 <- 0xFEEDBEADFEEDBEAD

mem[X,0x008000000000030C] -> 0xD113
mem[X,0x008000000000030E] -> 0x0070
[133] [M]: 0x008000000000030C (0x0070D113) srli sp, ra, 0x7
x2 <- 0x01FDDB7D5BFDDB7D

mem[X,0x0080000000000310] -> 0xD793
mem[X,0x0080000000000312] -> 0x0390
[134] [M]: 0x0080000000000310 (0x0390D793) srli a5, ra, 0x39
x15 <- 0x000000000000007F

mem[X,0x0080000000000314] -> 0x6133
mem[X,0x0080000000000316] -> 0x00F1
[135] [M]: 0x0080000000000314 (0x00F16133) or sp, sp, a5
x2 <- 0x01FDDB7D5BFDDB7F

mem[X,0x0080000000000318] -> 0x5193
mem[X,0x008000000000031A] -> 0x0071
[136] [M]: 0x0080000000000318 (0x00715193) srli gp, sp, 0x7
x3 <- 0x0003FBB6FAB7FBB6

mem[X,0x008000000000031C] -> 0x5793
mem[X,0x008000000000031E] -> 0x0391
[137] [M]: 0x008000000000031C (0x03915793) srli a5, sp, 0x39
x15 <- 0x0000000000000000

mem[X,0x0080000000000320] -> 0xE1B3
mem[X,0x0080000000000322] -> 0x00F1
[138] [M]: 0x0080000000000320 (0x00F1E1B3) or gp, gp, a5
x3 <- 0x0003FBB6FAB7FBB6

mem[X,0x0080000000000324] -> 0xD213
mem[X,0x0080000000000326] -> 0x0071
[139] [M]: 0x0080000000000324 (0x0071D213) srli tp, gp, 0x7
x4 <- 0x000007F76DF56FF7

mem[X,0x0080000000000328] -> 0xD793
mem[X,0x008000000000032A] -> 0x0391
[140] [M]: 0x0080000000000328 (0x0391D793) srli a5, gp, 0x39
x15 <- 0x0000000000000000

mem[X,0x008000000000032C] -> 0x6233
mem[X,0x008000000000032E] -> 0x00F2
[141] [M]: 0x008000000000032C (0x00F26233) or tp, tp, a5
x4 <- 0x000007F76DF56FF7

mem[X,0x0080000000000330] -> 0x5293
mem[X,0x0080000000000332] -> 0x0072
[142] [M]: 0x0080000000000330 (0x00725293) srli t0, tp, 0x7
x5 <- 0x0000000FEEDBEADF

mem[X,0x0080000000000334] -> 0x5793
mem[X,0x0080000000000336] -> 0x0392
[143] [M]: 0x0080000000000334 (0x03925793) srli a5, tp, 0x39
x15 <- 0x0000000000000000

mem[X,0x0080000000000338] -> 0xE2B3
mem[X,0x008000000000033A] -> 0x00F2
[144] [M]: 0x0080000000000338 (0x00F2E2B3) or t0, t0, a5
x5 <- 0x0000000FEEDBEADF

mem[X,0x008000000000033C] -> 0xD313
mem[X,0x008000000000033E] -> 0x0072
[145] [M]: 0x008000000000033C (0x0072D313) srli t1, t0, 0x7
x6 <- 0x000000001FDDB7D5

mem[X,0x0080000000000340] -> 0xD793
mem[X,0x0080000000000342] -> 0x0392
[146] [M]: 0x0080000000000340 (0x0392D793) srli a5, t0, 0x39
x15 <- 0x0000000000000000

mem[X,0x0080000000000344] -> 0x6333
mem[X,0x0080000000000346] -> 0x00F3
[147] [M]: 0x0080000000000344 (0x00F36333) or t1, t1, a5
x6 <- 0x000000001FDDB7D5

mem[X,0x0080000000000348] -> 0x5393
mem[X,0x008000000000034A] -> 0x0073
[148] [M]: 0x0080000000000348 (0x00735393) srli t2, t1, 0x7
x7 <- 0x00000000003FBB6F

mem[X,0x008000000000034C] -> 0x5793
mem[X,0x008000000000034E] -> 0x0393
[149] [M]: 0x008000000000034C (0x03935793) srli a5, t1, 0x39
x15 <- 0x0000000000000000

mem[X,0x0080000000000350] -> 0xE3B3
mem[X,0x0080000000000352] -> 0x00F3
[150] [M]: 0x0080000000000350 (0x00F3E3B3) or t2, t2, a5
x7 <- 0x00000000003FBB6F

mem[X,0x0080000000000354] -> 0xD413
mem[X,0x0080000000000356] -> 0x0073
[151] [M]: 0x0080000000000354 (0x0073D413) srli fp, t2, 0x7
x8 <- 0x0000000000007F76

mem[X,0x0080000000000358] -> 0xD793
mem[X,0x008000000000035A] -> 0x0393
[152] [M]: 0x0080000000000358 (0x0393D793) srli a5, t2, 0x39
x15 <- 0x0000000000000000

mem[X,0x008000000000035C] -> 0x6433
mem[X,0x008000000000035E] -> 0x00F4
[153] [M]: 0x008000000000035C (0x00F46433) or fp, fp, a5
x8 <- 0x0000000000007F76

mem[X,0x0080000000000360] -> 0x5493
mem[X,0x0080000000000362] -> 0x0074
[154] [M]: 0x0080000000000360 (0x00745493) srli s1, fp, 0x7
x9 <- 0x00000000000000FE

mem[X,0x0080000000000364] -> 0x5793
mem[X,0x0080000000000366] -> 0x0394
[155] [M]: 0x0080000000000364 (0x03945793) srli a5, fp, 0x39
x15 <- 0x0000000000000000

mem[X,0x0080000000000368] -> 0xE4B3
mem[X,0x008000000000036A] -> 0x00F4
[156] [M]: 0x0080000000000368 (0x00F4E4B3) or s1, s1, a5
x9 <- 0x00000000000000FE

mem[X,0x008000000000036C] -> 0xD513
mem[X,0x008000000000036E] -> 0x0074
[157] [M]: 0x008000000000036C (0x0074D513) srli a0, s1, 0x7
x10 <- 0x0000000000000001

mem[X,0x0080000000000370] -> 0xD793
mem[X,0x0080000000000372] -> 0x0394
[158] [M]: 0x0080000000000370 (0x0394D793) srli a5, s1, 0x39
x15 <- 0x0000000000000000

mem[X,0x0080000000000374] -> 0x6533
mem[X,0x0080000000000376] -> 0x00F5
[159] [M]: 0x0080000000000374 (0x00F56533) or a0, a0, a5
x10 <- 0x0000000000000001

mem[X,0x0080000000000378] -> 0x5593
mem[X,0x008000000000037A] -> 0x0075
[160] [M]: 0x0080000000000378 (0x00755593) srli a1, a0, 0x7
x11 <- 0x0000000000000000

mem[X,0x008000000000037C] -> 0x5793
mem[X,0x008000000000037E] -> 0x0395
[161] [M]: 0x008000000000037C (0x03955793) srli a5, a0, 0x39
x15 <- 0x0000000000000000

mem[X,0x0080000000000380] -> 0xE5B3
mem[X,0x0080000000000382] -> 0x00F5
[162] [M]: 0x0080000000000380 (0x00F5E5B3) or a1, a1, a5
x11 <- 0x0000000000000000

mem[X,0x0080000000000384] -> 0xD613
mem[X,0x0080000000000386] -> 0x0075
[163] [M]: 0x0080000000000384 (0x0075D613) srli a2, a1, 0x7
x12 <- 0x0000000000000000

mem[X,0x0080000000000388] -> 0xD793
mem[X,0x008000000000038A] -> 0x0395
[164] [M]: 0x0080000000000388 (0x0395D793) srli a5, a1, 0x39
x15 <- 0x0000000000000000

mem[X,0x008000000000038C] -> 0x6633
mem[X,0x008000000000038E] -> 0x00F6
[165] [M]: 0x008000000000038C (0x00F66633) or a2, a2, a5
x12 <- 0x0000000000000000

mem[X,0x0080000000000390] -> 0x5693
mem[X,0x0080000000000392] -> 0x0076
[166] [M]: 0x0080000000000390 (0x00765693) srli a3, a2, 0x7
x13 <- 0x0000000000000000

mem[X,0x0080000000000394] -> 0x5793
mem[X,0x0080000000000396] -> 0x0396
[167] [M]: 0x0080000000000394 (0x03965793) srli a5, a2, 0x39
x15 <- 0x0000000000000000

mem[X,0x0080000000000398] -> 0xE6B3
mem[X,0x008000000000039A] -> 0x00F6
[168] [M]: 0x0080000000000398 (0x00F6E6B3) or a3, a3, a5
x13 <- 0x0000000000000000

mem[X,0x008000000000039C] -> 0x0013
mem[X,0x008000000000039E] -> 0x0000
[169] [M]: 0x008000000000039C (0x00000013) addi zero, zero, 0x0

mem[X,0x00800000000003A0] -> 0x4197
mem[X,0x00800000000003A2] -> 0x0000
[170] [M]: 0x00800000000003A0 (0x00004197) auipc gp, 0x4
x3 <- 0x00800000000043A0

mem[X,0x00800000000003A4] -> 0x8193
mem[X,0x00800000000003A6] -> 0xE781
[171] [M]: 0x00800000000003A4 (0xE7818193) addi gp, gp, -0x188
x3 <- 0x0080000000004218

mem[X,0x00800000000003A8] -> 0x0013
mem[X,0x00800000000003AA] -> 0x0000
[172] [M]: 0x00800000000003A8 (0x00000013) addi zero, zero, 0x0

mem[X,0x00800000000003AC] -> 0x0013
mem[X,0x00800000000003AE] -> 0x0000
[173] [M]: 0x00800000000003AC (0x00000013) addi zero, zero, 0x0

mem[X,0x00800000000003B0] -> 0x0013
mem[X,0x00800000000003B2] -> 0x0000
[174] [M]: 0x00800000000003B0 (0x00000013) addi zero, zero, 0x0

mem[X,0x00800000000003B4] -> 0x0013
mem[X,0x00800000000003B6] -> 0x0000
[175] [M]: 0x00800000000003B4 (0x00000013) addi zero, zero, 0x0

mem[X,0x00800000000003B8] -> 0x0013
mem[X,0x00800000000003BA] -> 0x0000
[176] [M]: 0x00800000000003B8 (0x00000013) addi zero, zero, 0x0

mem[X,0x00800000000003BC] -> 0x0013
mem[X,0x00800000000003BE] -> 0x0000
[177] [M]: 0x00800000000003BC (0x00000013) addi zero, zero, 0x0

mem[X,0x00800000000003C0] -> 0x0793
mem[X,0x00800000000003C2] -> 0xFFF0
[178] [M]: 0x00800000000003C0 (0xFFF00793) addi a5, zero, -0x1
x15 <- 0xFFFFFFFFFFFFFFFF

mem[X,0x00800000000003C4] -> 0x0493
mem[X,0x00800000000003C6] -> 0x0000
[179] [M]: 0x00800000000003C4 (0x00000493) addi s1, zero, 0x0
x9 <- 0x0000000000000000

mem[X,0x00800000000003C8] -> 0x0293
mem[X,0x00800000000003CA] -> 0x0640
[180] [M]: 0x00800000000003C8 (0x06400293) addi t0, zero, 0x64
x5 <- 0x0000000000000064

mem[X,0x00800000000003CC] -> 0xB073
mem[X,0x00800000000003CE] -> 0x3A07
[181] [M]: 0x00800000000003CC (0x3A07B073) csrrc zero, pmpcfg0, a5
CSR pmpcfg0 <- 0x0000000000000000 (input: 0x0000000000000000)

mem[X,0x00800000000003D0] -> 0xB073
mem[X,0x00800000000003D2] -> 0x3A27
[182] [M]: 0x00800000000003D0 (0x3A27B073) csrrc zero, pmpcfg2, a5
CSR pmpcfg2 <- 0x0000000000000000 (input: 0x0000000000000000)

mem[X,0x00800000000003D4] -> 0xB073
mem[X,0x00800000000003D6] -> 0x3B07
[183] [M]: 0x00800000000003D4 (0x3B07B073) csrrc zero, pmpaddr0, a5
CSR pmpaddr0 <- 0x0000000000000000 (input: 0x0000000000000000)

mem[X,0x00800000000003D8] -> 0xB073
mem[X,0x00800000000003DA] -> 0x3B17
[184] [M]: 0x00800000000003D8 (0x3B17B073) csrrc zero, pmpaddr1, a5
CSR pmpaddr1 <- 0x0000000000000000 (input: 0x0000000000000000)

mem[X,0x00800000000003DC] -> 0xB073
mem[X,0x00800000000003DE] -> 0x3B27
[185] [M]: 0x00800000000003DC (0x3B27B073) csrrc zero, pmpaddr2, a5
CSR pmpaddr2 <- 0x0000000000000000 (input: 0x0000000000000000)

mem[X,0x00800000000003E0] -> 0xB073
mem[X,0x00800000000003E2] -> 0x3B37
[186] [M]: 0x00800000000003E0 (0x3B37B073) csrrc zero, pmpaddr3, a5
CSR pmpaddr3 <- 0x0000000000000000 (input: 0x0000000000000000)

mem[X,0x00800000000003E4] -> 0xB073
mem[X,0x00800000000003E6] -> 0x3B47
[187] [M]: 0x00800000000003E4 (0x3B47B073) csrrc zero, pmpaddr4, a5
CSR pmpaddr4 <- 0x0000000000000000 (input: 0x0000000000000000)

mem[X,0x00800000000003E8] -> 0xB073
mem[X,0x00800000000003EA] -> 0x3B57
[188] [M]: 0x00800000000003E8 (0x3B57B073) csrrc zero, pmpaddr5, a5
CSR pmpaddr5 <- 0x0000000000000000 (input: 0x0000000000000000)

mem[X,0x00800000000003EC] -> 0xB073
mem[X,0x00800000000003EE] -> 0x3B67
[189] [M]: 0x00800000000003EC (0x3B67B073) csrrc zero, pmpaddr6, a5
CSR pmpaddr6 <- 0x0000000000000000 (input: 0x0000000000000000)

mem[X,0x00800000000003F0] -> 0xB073
mem[X,0x00800000000003F2] -> 0x3B77
[190] [M]: 0x00800000000003F0 (0x3B77B073) csrrc zero, pmpaddr7, a5
CSR pmpaddr7 <- 0x0000000000000000 (input: 0x0000000000000000)

mem[X,0x00800000000003F4] -> 0xB073
mem[X,0x00800000000003F6] -> 0x3B87
[191] [M]: 0x00800000000003F4 (0x3B87B073) csrrc zero, pmpaddr8, a5
CSR pmpaddr8 <- 0x0000000000000000 (input: 0x0000000000000000)

mem[X,0x00800000000003F8] -> 0xB073
mem[X,0x00800000000003FA] -> 0x3B97
[192] [M]: 0x00800000000003F8 (0x3B97B073) csrrc zero, pmpaddr9, a5
CSR pmpaddr9 <- 0x0000000000000000 (input: 0x0000000000000000)

mem[X,0x00800000000003FC] -> 0xB073
mem[X,0x00800000000003FE] -> 0x3BA7
[193] [M]: 0x00800000000003FC (0x3BA7B073) csrrc zero, pmpaddr10, a5
CSR pmpaddr10 <- 0x0000000000000000 (input: 0x0000000000000000)

mem[X,0x0080000000000400] -> 0xB073
mem[X,0x0080000000000402] -> 0x3BB7
[194] [M]: 0x0080000000000400 (0x3BB7B073) csrrc zero, pmpaddr11, a5
CSR pmpaddr11 <- 0x0000000000000000 (input: 0x0000000000000000)

mem[X,0x0080000000000404] -> 0xB073
mem[X,0x0080000000000406] -> 0x3BC7
[195] [M]: 0x0080000000000404 (0x3BC7B073) csrrc zero, pmpaddr12, a5
CSR pmpaddr12 <- 0x0000000000000000 (input: 0x0000000000000000)

mem[X,0x0080000000000408] -> 0xB073
mem[X,0x008000000000040A] -> 0x3BD7
[196] [M]: 0x0080000000000408 (0x3BD7B073) csrrc zero, pmpaddr13, a5
CSR pmpaddr13 <- 0x0000000000000000 (input: 0x0000000000000000)

mem[X,0x008000000000040C] -> 0xB073
mem[X,0x008000000000040E] -> 0x3BE7
[197] [M]: 0x008000000000040C (0x3BE7B073) csrrc zero, pmpaddr14, a5
CSR pmpaddr14 <- 0x0000000000000000 (input: 0x0000000000000000)

mem[X,0x0080000000000410] -> 0xB073
mem[X,0x0080000000000412] -> 0x3BF7
[198] [M]: 0x0080000000000410 (0x3BF7B073) csrrc zero, pmpaddr15, a5
CSR pmpaddr15 <- 0x0000000000000000 (input: 0x0000000000000000)

mem[X,0x0080000000000414] -> 0x9073
mem[X,0x0080000000000416] -> 0x3A07
[199] [M]: 0x0080000000000414 (0x3A079073) csrrw zero, pmpcfg0, a5
CSR pmpcfg0 <- 0x9F9F9F9F9F9F9F9F (input: 0xFFFFFFFFFFFFFFFF)

clint::tick mtime <- 0x0000000000000002
 clint timer pending at mtime 0x0000000000000002
htif::tick 0x0000000000000000
mem[X,0x0080000000000418] -> 0x0013
mem[X,0x008000000000041A] -> 0x0000
[200] [M]: 0x0080000000000418 (0x00000013) addi zero, zero, 0x0

mem[X,0x008000000000041C] -> 0x2773
mem[X,0x008000000000041E] -> 0x3A00
[201] [M]: 0x008000000000041C (0x3A002773) csrrs a4, pmpcfg0, zero
CSR pmpcfg0 -> 0x9F9F9F9F9F9F9F9F
x14 <- 0x9F9F9F9F9F9F9F9F

mem[X,0x0080000000000420] -> 0xB023
mem[X,0x0080000000000422] -> 0x00E1
[202] [M]: 0x0080000000000420 (0x00E1B023) sd a4, 0x0(gp)
mem[0x0080000000004218] <- 0x9F9F9F9F9F9F9F9F

mem[X,0x0080000000000424] -> 0x9073
mem[X,0x0080000000000426] -> 0x3A02
[203] [M]: 0x0080000000000424 (0x3A029073) csrrw zero, pmpcfg0, t0
CSR pmpcfg0 <- 0x9F9F9F9F9F9F9F9F (input: 0x0000000000000064)

mem[X,0x0080000000000428] -> 0x0013
mem[X,0x008000000000042A] -> 0x0000
[204] [M]: 0x0080000000000428 (0x00000013) addi zero, zero, 0x0

mem[X,0x008000000000042C] -> 0x2773
mem[X,0x008000000000042E] -> 0x3A00
[205] [M]: 0x008000000000042C (0x3A002773) csrrs a4, pmpcfg0, zero
CSR pmpcfg0 -> 0x9F9F9F9F9F9F9F9F
x14 <- 0x9F9F9F9F9F9F9F9F

mem[X,0x0080000000000430] -> 0xB423
mem[X,0x0080000000000432] -> 0x00E1
[206] [M]: 0x0080000000000430 (0x00E1B423) sd a4, 0x8(gp)
mem[0x0080000000004220] <- 0x9F9F9F9F9F9F9F9F

mem[X,0x0080000000000434] -> 0x9073
mem[X,0x0080000000000436] -> 0x3B07
[207] [M]: 0x0080000000000434 (0x3B079073) csrrw zero, pmpaddr0, a5
CSR pmpaddr0 <- 0x0000000000000000 (input: 0xFFFFFFFFFFFFFFFF)

mem[X,0x0080000000000438] -> 0x0013
mem[X,0x008000000000043A] -> 0x0000
[208] [M]: 0x0080000000000438 (0x00000013) addi zero, zero, 0x0

mem[X,0x008000000000043C] -> 0x2773
mem[X,0x008000000000043E] -> 0x3B00
[209] [M]: 0x008000000000043C (0x3B002773) csrrs a4, pmpaddr0, zero
CSR pmpaddr0 -> 0x0000000000000000
x14 <- 0x0000000000000000

mem[X,0x0080000000000440] -> 0x0013
mem[X,0x0080000000000442] -> 0x0000
[210] [M]: 0x0080000000000440 (0x00000013) addi zero, zero, 0x0

mem[X,0x0080000000000444] -> 0xB823
mem[X,0x0080000000000446] -> 0x00E1
[211] [M]: 0x0080000000000444 (0x00E1B823) sd a4, 0x10(gp)
mem[0x0080000000004228] <- 0x0000000000000000

mem[X,0x0080000000000448] -> 0x9073
mem[X,0x008000000000044A] -> 0x3B17
[212] [M]: 0x0080000000000448 (0x3B179073) csrrw zero, pmpaddr1, a5
CSR pmpaddr1 <- 0x0000000000000000 (input: 0xFFFFFFFFFFFFFFFF)

mem[X,0x008000000000044C] -> 0x0013
mem[X,0x008000000000044E] -> 0x0000
[213] [M]: 0x008000000000044C (0x00000013) addi zero, zero, 0x0

mem[X,0x0080000000000450] -> 0x2773
mem[X,0x0080000000000452] -> 0x3B10
[214] [M]: 0x0080000000000450 (0x3B102773) csrrs a4, pmpaddr1, zero
CSR pmpaddr1 -> 0x0000000000000000
x14 <- 0x0000000000000000

mem[X,0x0080000000000454] -> 0x0013
mem[X,0x0080000000000456] -> 0x0000
[215] [M]: 0x0080000000000454 (0x00000013) addi zero, zero, 0x0

mem[X,0x0080000000000458] -> 0xBC23
mem[X,0x008000000000045A] -> 0x00E1
[216] [M]: 0x0080000000000458 (0x00E1BC23) sd a4, 0x18(gp)
mem[0x0080000000004230] <- 0x0000000000000000

mem[X,0x008000000000045C] -> 0x9073
mem[X,0x008000000000045E] -> 0x3B27
[217] [M]: 0x008000000000045C (0x3B279073) csrrw zero, pmpaddr2, a5
CSR pmpaddr2 <- 0x0000000000000000 (input: 0xFFFFFFFFFFFFFFFF)

mem[X,0x0080000000000460] -> 0x0013
mem[X,0x0080000000000462] -> 0x0000
[218] [M]: 0x0080000000000460 (0x00000013) addi zero, zero, 0x0

mem[X,0x0080000000000464] -> 0x2773
mem[X,0x0080000000000466] -> 0x3B20
[219] [M]: 0x0080000000000464 (0x3B202773) csrrs a4, pmpaddr2, zero
CSR pmpaddr2 -> 0x0000000000000000
x14 <- 0x0000000000000000

mem[X,0x0080000000000468] -> 0x0013
mem[X,0x008000000000046A] -> 0x0000
[220] [M]: 0x0080000000000468 (0x00000013) addi zero, zero, 0x0

mem[X,0x008000000000046C] -> 0xB023
mem[X,0x008000000000046E] -> 0x02E1
[221] [M]: 0x008000000000046C (0x02E1B023) sd a4, 0x20(gp)
mem[0x0080000000004238] <- 0x0000000000000000

mem[X,0x0080000000000470] -> 0x9073
mem[X,0x0080000000000472] -> 0x3B37
[222] [M]: 0x0080000000000470 (0x3B379073) csrrw zero, pmpaddr3, a5
CSR pmpaddr3 <- 0x0000000000000000 (input: 0xFFFFFFFFFFFFFFFF)

mem[X,0x0080000000000474] -> 0x0013
mem[X,0x0080000000000476] -> 0x0000
[223] [M]: 0x0080000000000474 (0x00000013) addi zero, zero, 0x0

mem[X,0x0080000000000478] -> 0x2773
mem[X,0x008000000000047A] -> 0x3B30
[224] [M]: 0x0080000000000478 (0x3B302773) csrrs a4, pmpaddr3, zero
CSR pmpaddr3 -> 0x0000000000000000
x14 <- 0x0000000000000000

mem[X,0x008000000000047C] -> 0x0013
mem[X,0x008000000000047E] -> 0x0000
[225] [M]: 0x008000000000047C (0x00000013) addi zero, zero, 0x0

mem[X,0x0080000000000480] -> 0xB423
mem[X,0x0080000000000482] -> 0x02E1
[226] [M]: 0x0080000000000480 (0x02E1B423) sd a4, 0x28(gp)
mem[0x0080000000004240] <- 0x0000000000000000

mem[X,0x0080000000000484] -> 0x9073
mem[X,0x0080000000000486] -> 0x3B47
[227] [M]: 0x0080000000000484 (0x3B479073) csrrw zero, pmpaddr4, a5
CSR pmpaddr4 <- 0x0000000000000000 (input: 0xFFFFFFFFFFFFFFFF)

mem[X,0x0080000000000488] -> 0x0013
mem[X,0x008000000000048A] -> 0x0000
[228] [M]: 0x0080000000000488 (0x00000013) addi zero, zero, 0x0

mem[X,0x008000000000048C] -> 0x2773
mem[X,0x008000000000048E] -> 0x3B40
[229] [M]: 0x008000000000048C (0x3B402773) csrrs a4, pmpaddr4, zero
CSR pmpaddr4 -> 0x0000000000000000
x14 <- 0x0000000000000000

mem[X,0x0080000000000490] -> 0x0013
mem[X,0x0080000000000492] -> 0x0000
[230] [M]: 0x0080000000000490 (0x00000013) addi zero, zero, 0x0

mem[X,0x0080000000000494] -> 0xB823
mem[X,0x0080000000000496] -> 0x02E1
[231] [M]: 0x0080000000000494 (0x02E1B823) sd a4, 0x30(gp)
mem[0x0080000000004248] <- 0x0000000000000000

mem[X,0x0080000000000498] -> 0x9073
mem[X,0x008000000000049A] -> 0x3B57
[232] [M]: 0x0080000000000498 (0x3B579073) csrrw zero, pmpaddr5, a5
CSR pmpaddr5 <- 0x0000000000000000 (input: 0xFFFFFFFFFFFFFFFF)

mem[X,0x008000000000049C] -> 0x0013
mem[X,0x008000000000049E] -> 0x0000
[233] [M]: 0x008000000000049C (0x00000013) addi zero, zero, 0x0

mem[X,0x00800000000004A0] -> 0x2773
mem[X,0x00800000000004A2] -> 0x3B50
[234] [M]: 0x00800000000004A0 (0x3B502773) csrrs a4, pmpaddr5, zero
CSR pmpaddr5 -> 0x0000000000000000
x14 <- 0x0000000000000000

mem[X,0x00800000000004A4] -> 0x0013
mem[X,0x00800000000004A6] -> 0x0000
[235] [M]: 0x00800000000004A4 (0x00000013) addi zero, zero, 0x0

mem[X,0x00800000000004A8] -> 0xBC23
mem[X,0x00800000000004AA] -> 0x02E1
[236] [M]: 0x00800000000004A8 (0x02E1BC23) sd a4, 0x38(gp)
mem[0x0080000000004250] <- 0x0000000000000000

mem[X,0x00800000000004AC] -> 0x9073
mem[X,0x00800000000004AE] -> 0x3B67
[237] [M]: 0x00800000000004AC (0x3B679073) csrrw zero, pmpaddr6, a5
CSR pmpaddr6 <- 0x0000000000000000 (input: 0xFFFFFFFFFFFFFFFF)

mem[X,0x00800000000004B0] -> 0x0013
mem[X,0x00800000000004B2] -> 0x0000
[238] [M]: 0x00800000000004B0 (0x00000013) addi zero, zero, 0x0

mem[X,0x00800000000004B4] -> 0x2773
mem[X,0x00800000000004B6] -> 0x3B60
[239] [M]: 0x00800000000004B4 (0x3B602773) csrrs a4, pmpaddr6, zero
CSR pmpaddr6 -> 0x0000000000000000
x14 <- 0x0000000000000000

mem[X,0x00800000000004B8] -> 0x0013
mem[X,0x00800000000004BA] -> 0x0000
[240] [M]: 0x00800000000004B8 (0x00000013) addi zero, zero, 0x0

mem[X,0x00800000000004BC] -> 0xB023
mem[X,0x00800000000004BE] -> 0x04E1
[241] [M]: 0x00800000000004BC (0x04E1B023) sd a4, 0x40(gp)
mem[0x0080000000004258] <- 0x0000000000000000

mem[X,0x00800000000004C0] -> 0x9073
mem[X,0x00800000000004C2] -> 0x3B77
[242] [M]: 0x00800000000004C0 (0x3B779073) csrrw zero, pmpaddr7, a5
CSR pmpaddr7 <- 0x0000000000000000 (input: 0xFFFFFFFFFFFFFFFF)

mem[X,0x00800000000004C4] -> 0x0013
mem[X,0x00800000000004C6] -> 0x0000
[243] [M]: 0x00800000000004C4 (0x00000013) addi zero, zero, 0x0

mem[X,0x00800000000004C8] -> 0x2773
mem[X,0x00800000000004CA] -> 0x3B70
[244] [M]: 0x00800000000004C8 (0x3B702773) csrrs a4, pmpaddr7, zero
CSR pmpaddr7 -> 0x0000000000000000
x14 <- 0x0000000000000000

mem[X,0x00800000000004CC] -> 0x0013
mem[X,0x00800000000004CE] -> 0x0000
[245] [M]: 0x00800000000004CC (0x00000013) addi zero, zero, 0x0

mem[X,0x00800000000004D0] -> 0xB423
mem[X,0x00800000000004D2] -> 0x04E1
[246] [M]: 0x00800000000004D0 (0x04E1B423) sd a4, 0x48(gp)
mem[0x0080000000004260] <- 0x0000000000000000

mem[X,0x00800000000004D4] -> 0x9073
mem[X,0x00800000000004D6] -> 0x3A27
[247] [M]: 0x00800000000004D4 (0x3A279073) csrrw zero, pmpcfg2, a5
CSR pmpcfg2 <- 0x9F9F9F9F9F9F9F9F (input: 0xFFFFFFFFFFFFFFFF)

mem[X,0x00800000000004D8] -> 0x0013
mem[X,0x00800000000004DA] -> 0x0000
[248] [M]: 0x00800000000004D8 (0x00000013) addi zero, zero, 0x0

mem[X,0x00800000000004DC] -> 0x2773
mem[X,0x00800000000004DE] -> 0x3A20
[249] [M]: 0x00800000000004DC (0x3A202773) csrrs a4, pmpcfg2, zero
CSR pmpcfg2 -> 0x9F9F9F9F9F9F9F9F
x14 <- 0x9F9F9F9F9F9F9F9F

mem[X,0x00800000000004E0] -> 0xB823
mem[X,0x00800000000004E2] -> 0x04E1
[250] [M]: 0x00800000000004E0 (0x04E1B823) sd a4, 0x50(gp)
mem[0x0080000000004268] <- 0x9F9F9F9F9F9F9F9F

mem[X,0x00800000000004E4] -> 0x9073
mem[X,0x00800000000004E6] -> 0x3A22
[251] [M]: 0x00800000000004E4 (0x3A229073) csrrw zero, pmpcfg2, t0
CSR pmpcfg2 <- 0x9F9F9F9F9F9F9F9F (input: 0x0000000000000064)

mem[X,0x00800000000004E8] -> 0x0013
mem[X,0x00800000000004EA] -> 0x0000
[252] [M]: 0x00800000000004E8 (0x00000013) addi zero, zero, 0x0

mem[X,0x00800000000004EC] -> 0x2773
mem[X,0x00800000000004EE] -> 0x3A20
[253] [M]: 0x00800000000004EC (0x3A202773) csrrs a4, pmpcfg2, zero
CSR pmpcfg2 -> 0x9F9F9F9F9F9F9F9F
x14 <- 0x9F9F9F9F9F9F9F9F

mem[X,0x00800000000004F0] -> 0xBC23
mem[X,0x00800000000004F2] -> 0x04E1
[254] [M]: 0x00800000000004F0 (0x04E1BC23) sd a4, 0x58(gp)
mem[0x0080000000004270] <- 0x9F9F9F9F9F9F9F9F

mem[X,0x00800000000004F4] -> 0x9073
mem[X,0x00800000000004F6] -> 0x3B87
[255] [M]: 0x00800000000004F4 (0x3B879073) csrrw zero, pmpaddr8, a5
CSR pmpaddr8 <- 0x0000000000000000 (input: 0xFFFFFFFFFFFFFFFF)

mem[X,0x00800000000004F8] -> 0x0013
mem[X,0x00800000000004FA] -> 0x0000
[256] [M]: 0x00800000000004F8 (0x00000013) addi zero, zero, 0x0

mem[X,0x00800000000004FC] -> 0x2773
mem[X,0x00800000000004FE] -> 0x3B80
[257] [M]: 0x00800000000004FC (0x3B802773) csrrs a4, pmpaddr8, zero
CSR pmpaddr8 -> 0x0000000000000000
x14 <- 0x0000000000000000

mem[X,0x0080000000000500] -> 0x0013
mem[X,0x0080000000000502] -> 0x0000
[258] [M]: 0x0080000000000500 (0x00000013) addi zero, zero, 0x0

mem[X,0x0080000000000504] -> 0xB023
mem[X,0x0080000000000506] -> 0x06E1
[259] [M]: 0x0080000000000504 (0x06E1B023) sd a4, 0x60(gp)
mem[0x0080000000004278] <- 0x0000000000000000

mem[X,0x0080000000000508] -> 0x9073
mem[X,0x008000000000050A] -> 0x3B97
[260] [M]: 0x0080000000000508 (0x3B979073) csrrw zero, pmpaddr9, a5
CSR pmpaddr9 <- 0x0000000000000000 (input: 0xFFFFFFFFFFFFFFFF)

mem[X,0x008000000000050C] -> 0x0013
mem[X,0x008000000000050E] -> 0x0000
[261] [M]: 0x008000000000050C (0x00000013) addi zero, zero, 0x0

mem[X,0x0080000000000510] -> 0x2773
mem[X,0x0080000000000512] -> 0x3B90
[262] [M]: 0x0080000000000510 (0x3B902773) csrrs a4, pmpaddr9, zero
CSR pmpaddr9 -> 0x0000000000000000
x14 <- 0x0000000000000000

mem[X,0x0080000000000514] -> 0x0013
mem[X,0x0080000000000516] -> 0x0000
[263] [M]: 0x0080000000000514 (0x00000013) addi zero, zero, 0x0

mem[X,0x0080000000000518] -> 0xB423
mem[X,0x008000000000051A] -> 0x06E1
[264] [M]: 0x0080000000000518 (0x06E1B423) sd a4, 0x68(gp)
mem[0x0080000000004280] <- 0x0000000000000000

mem[X,0x008000000000051C] -> 0x9073
mem[X,0x008000000000051E] -> 0x3BA7
[265] [M]: 0x008000000000051C (0x3BA79073) csrrw zero, pmpaddr10, a5
CSR pmpaddr10 <- 0x0000000000000000 (input: 0xFFFFFFFFFFFFFFFF)

mem[X,0x0080000000000520] -> 0x0013
mem[X,0x0080000000000522] -> 0x0000
[266] [M]: 0x0080000000000520 (0x00000013) addi zero, zero, 0x0

mem[X,0x0080000000000524] -> 0x2773
mem[X,0x0080000000000526] -> 0x3BA0
[267] [M]: 0x0080000000000524 (0x3BA02773) csrrs a4, pmpaddr10, zero
CSR pmpaddr10 -> 0x0000000000000000
x14 <- 0x0000000000000000

mem[X,0x0080000000000528] -> 0x0013
mem[X,0x008000000000052A] -> 0x0000
[268] [M]: 0x0080000000000528 (0x00000013) addi zero, zero, 0x0

mem[X,0x008000000000052C] -> 0xB823
mem[X,0x008000000000052E] -> 0x06E1
[269] [M]: 0x008000000000052C (0x06E1B823) sd a4, 0x70(gp)
mem[0x0080000000004288] <- 0x0000000000000000

mem[X,0x0080000000000530] -> 0x9073
mem[X,0x0080000000000532] -> 0x3BB7
[270] [M]: 0x0080000000000530 (0x3BB79073) csrrw zero, pmpaddr11, a5
CSR pmpaddr11 <- 0x0000000000000000 (input: 0xFFFFFFFFFFFFFFFF)

mem[X,0x0080000000000534] -> 0x0013
mem[X,0x0080000000000536] -> 0x0000
[271] [M]: 0x0080000000000534 (0x00000013) addi zero, zero, 0x0

mem[X,0x0080000000000538] -> 0x2773
mem[X,0x008000000000053A] -> 0x3BB0
[272] [M]: 0x0080000000000538 (0x3BB02773) csrrs a4, pmpaddr11, zero
CSR pmpaddr11 -> 0x0000000000000000
x14 <- 0x0000000000000000

mem[X,0x008000000000053C] -> 0x0013
mem[X,0x008000000000053E] -> 0x0000
[273] [M]: 0x008000000000053C (0x00000013) addi zero, zero, 0x0

mem[X,0x0080000000000540] -> 0xBC23
mem[X,0x0080000000000542] -> 0x06E1
[274] [M]: 0x0080000000000540 (0x06E1BC23) sd a4, 0x78(gp)
mem[0x0080000000004290] <- 0x0000000000000000

mem[X,0x0080000000000544] -> 0x9073
mem[X,0x0080000000000546] -> 0x3BC7
[275] [M]: 0x0080000000000544 (0x3BC79073) csrrw zero, pmpaddr12, a5
CSR pmpaddr12 <- 0x0000000000000000 (input: 0xFFFFFFFFFFFFFFFF)

mem[X,0x0080000000000548] -> 0x0013
mem[X,0x008000000000054A] -> 0x0000
[276] [M]: 0x0080000000000548 (0x00000013) addi zero, zero, 0x0

mem[X,0x008000000000054C] -> 0x2773
mem[X,0x008000000000054E] -> 0x3BC0
[277] [M]: 0x008000000000054C (0x3BC02773) csrrs a4, pmpaddr12, zero
CSR pmpaddr12 -> 0x0000000000000000
x14 <- 0x0000000000000000

mem[X,0x0080000000000550] -> 0x0013
mem[X,0x0080000000000552] -> 0x0000
[278] [M]: 0x0080000000000550 (0x00000013) addi zero, zero, 0x0

mem[X,0x0080000000000554] -> 0xB023
mem[X,0x0080000000000556] -> 0x08E1
[279] [M]: 0x0080000000000554 (0x08E1B023) sd a4, 0x80(gp)
mem[0x0080000000004298] <- 0x0000000000000000

mem[X,0x0080000000000558] -> 0x9073
mem[X,0x008000000000055A] -> 0x3BD7
[280] [M]: 0x0080000000000558 (0x3BD79073) csrrw zero, pmpaddr13, a5
CSR pmpaddr13 <- 0x0000000000000000 (input: 0xFFFFFFFFFFFFFFFF)

mem[X,0x008000000000055C] -> 0x0013
mem[X,0x008000000000055E] -> 0x0000
[281] [M]: 0x008000000000055C (0x00000013) addi zero, zero, 0x0

mem[X,0x0080000000000560] -> 0x2773
mem[X,0x0080000000000562] -> 0x3BD0
[282] [M]: 0x0080000000000560 (0x3BD02773) csrrs a4, pmpaddr13, zero
CSR pmpaddr13 -> 0x0000000000000000
x14 <- 0x0000000000000000

mem[X,0x0080000000000564] -> 0x0013
mem[X,0x0080000000000566] -> 0x0000
[283] [M]: 0x0080000000000564 (0x00000013) addi zero, zero, 0x0

mem[X,0x0080000000000568] -> 0xB423
mem[X,0x008000000000056A] -> 0x08E1
[284] [M]: 0x0080000000000568 (0x08E1B423) sd a4, 0x88(gp)
mem[0x00800000000042A0] <- 0x0000000000000000

mem[X,0x008000000000056C] -> 0x9073
mem[X,0x008000000000056E] -> 0x3BE7
[285] [M]: 0x008000000000056C (0x3BE79073) csrrw zero, pmpaddr14, a5
CSR pmpaddr14 <- 0x0000000000000000 (input: 0xFFFFFFFFFFFFFFFF)

mem[X,0x0080000000000570] -> 0x0013
mem[X,0x0080000000000572] -> 0x0000
[286] [M]: 0x0080000000000570 (0x00000013) addi zero, zero, 0x0

mem[X,0x0080000000000574] -> 0x2773
mem[X,0x0080000000000576] -> 0x3BE0
[287] [M]: 0x0080000000000574 (0x3BE02773) csrrs a4, pmpaddr14, zero
CSR pmpaddr14 -> 0x0000000000000000
x14 <- 0x0000000000000000

mem[X,0x0080000000000578] -> 0x0013
mem[X,0x008000000000057A] -> 0x0000
[288] [M]: 0x0080000000000578 (0x00000013) addi zero, zero, 0x0

mem[X,0x008000000000057C] -> 0xB823
mem[X,0x008000000000057E] -> 0x08E1
[289] [M]: 0x008000000000057C (0x08E1B823) sd a4, 0x90(gp)
mem[0x00800000000042A8] <- 0x0000000000000000

mem[X,0x0080000000000580] -> 0x9073
mem[X,0x0080000000000582] -> 0x3BF7
[290] [M]: 0x0080000000000580 (0x3BF79073) csrrw zero, pmpaddr15, a5
CSR pmpaddr15 <- 0x0000000000000000 (input: 0xFFFFFFFFFFFFFFFF)

mem[X,0x0080000000000584] -> 0x0013
mem[X,0x0080000000000586] -> 0x0000
[291] [M]: 0x0080000000000584 (0x00000013) addi zero, zero, 0x0

mem[X,0x0080000000000588] -> 0x2773
mem[X,0x008000000000058A] -> 0x3BF0
[292] [M]: 0x0080000000000588 (0x3BF02773) csrrs a4, pmpaddr15, zero
CSR pmpaddr15 -> 0x0000000000000000
x14 <- 0x0000000000000000

mem[X,0x008000000000058C] -> 0x0013
mem[X,0x008000000000058E] -> 0x0000
[293] [M]: 0x008000000000058C (0x00000013) addi zero, zero, 0x0

mem[X,0x0080000000000590] -> 0xBC23
mem[X,0x0080000000000592] -> 0x08E1
[294] [M]: 0x0080000000000590 (0x08E1BC23) sd a4, 0x98(gp)
mem[0x00800000000042B0] <- 0x0000000000000000

mem[X,0x0080000000000594] -> 0x0113
mem[X,0x0080000000000596] -> 0x0000
[295] [M]: 0x0080000000000594 (0x00000113) addi sp, zero, 0x0
x2 <- 0x0000000000000000

mem[X,0x0080000000000598] -> 0x0073
mem[X,0x008000000000059A] -> 0x0000
[296] [M]: 0x0080000000000598 (0x00000073) ecall
trapping from M to M to handle m-call
handling exc#0x0B at priv M with tval 0x0000000000000000
CSR mstatus <- 0x0000000A00001800

mem[X,0x0080000000000680] -> 0x006F
mem[X,0x0080000000000682] -> 0x1000
[297] [M]: 0x0080000000000680 (0x1000006F) jal zero, 0x100

mem[X,0x0080000000000780] -> 0x1173
mem[X,0x0080000000000782] -> 0x3401
[298] [M]: 0x0080000000000780 (0x34011173) csrrw sp, mscratch, sp
CSR mscratch <- 0x0000000000000000 (input: 0x0000000000000000)
x2 <- 0x0080000000003000

mem[X,0x0080000000000784] -> 0x3423
mem[X,0x0080000000000786] -> 0x28B1
[299] [M]: 0x0080000000000784 (0x28B13423) sd a1, 0x288(sp)
mem[0x0080000000003288] <- 0x0000000000000000

clint::tick mtime <- 0x0000000000000003
 clint timer pending at mtime 0x0000000000000003
htif::tick 0x0000000000000000
mem[X,0x0080000000000788] -> 0x05EF
mem[X,0x008000000000078A] -> 0x0B80
[300] [M]: 0x0080000000000788 (0x0B8005EF) jal a1, 0xb8
x11 <- 0x008000000000078C

mem[X,0x0080000000000840] -> 0x3023
mem[X,0x0080000000000842] -> 0x28A1
[301] [M]: 0x0080000000000840 (0x28A13023) sd a0, 0x280(sp)
mem[0x0080000000003280] <- 0x0000000000000001

mem[X,0x0080000000000844] -> 0x1573
mem[X,0x0080000000000846] -> 0x3401
[302] [M]: 0x0080000000000844 (0x34011573) csrrw a0, mscratch, sp
CSR mscratch <- 0x0080000000003000 (input: 0x0080000000003000)
x10 <- 0x0000000000000000

mem[X,0x0080000000000848] -> 0x3823
mem[X,0x008000000000084A] -> 0x28A1
[303] [M]: 0x0080000000000848 (0x28A13823) sd a0, 0x290(sp)
mem[0x0080000000003290] <- 0x0000000000000000

mem[X,0x008000000000084C] -> 0x3503
mem[X,0x008000000000084E] -> 0x2301
[304] [M]: 0x008000000000084C (0x23013503) ld a0, 0x230(sp)
mem[R,0x0080000000003230] -> 0x0080000000000854
x10 <- 0x0080000000000854

mem[X,0x0080000000000850] -> 0x0067
mem[X,0x0080000000000852] -> 0x0005
[305] [M]: 0x0080000000000850 (0x00050067) jalr zero, 0x0(a0)

mem[X,0x0080000000000854] -> 0x3C23
mem[X,0x0080000000000856] -> 0x2691
[306] [M]: 0x0080000000000854 (0x26913C23) sd s1, 0x278(sp)
mem[0x0080000000003278] <- 0x0000000000000000

mem[X,0x0080000000000858] -> 0x3823
mem[X,0x008000000000085A] -> 0x2681
[307] [M]: 0x0080000000000858 (0x26813823) sd fp, 0x270(sp)
mem[0x0080000000003270] <- 0x0000000000007F76

mem[X,0x008000000000085C] -> 0x3423
mem[X,0x008000000000085E] -> 0x2671
[308] [M]: 0x008000000000085C (0x26713423) sd t2, 0x268(sp)
mem[0x0080000000003268] <- 0x00000000003FBB6F

mem[X,0x0080000000000860] -> 0x3023
mem[X,0x0080000000000862] -> 0x2661
[309] [M]: 0x0080000000000860 (0x26613023) sd t1, 0x260(sp)
mem[0x0080000000003260] <- 0x000000001FDDB7D5

mem[X,0x0080000000000864] -> 0x2573
mem[X,0x0080000000000866] -> 0x3420
[310] [M]: 0x0080000000000864 (0x34202573) csrrs a0, mcause, zero
CSR mcause -> 0x000000000000000B
x10 <- 0x000000000000000B

mem[X,0x0080000000000868] -> 0x04B7
mem[X,0x008000000000086A] -> 0x8000
[311] [M]: 0x0080000000000868 (0x800004B7) lui s1, -0x80000
x9 <- 0xFFFFFFFF80000000

mem[X,0x008000000000086C] -> 0x8493
mem[X,0x008000000000086E] -> 0x0004
[312] [M]: 0x008000000000086C (0x00048493) addi s1, s1, 0x0
x9 <- 0xFFFFFFFF80000000

mem[X,0x0080000000000870] -> 0x9493
mem[X,0x0080000000000872] -> 0x00B4
[313] [M]: 0x0080000000000870 (0x00B49493) slli s1, s1, 0xb
x9 <- 0xFFFFFC0000000000

mem[X,0x0080000000000874] -> 0x8493
mem[X,0x0080000000000876] -> 0x0004
[314] [M]: 0x0080000000000874 (0x00048493) addi s1, s1, 0x0
x9 <- 0xFFFFFC0000000000

mem[X,0x0080000000000878] -> 0x9493
mem[X,0x008000000000087A] -> 0x00B4
[315] [M]: 0x0080000000000878 (0x00B49493) slli s1, s1, 0xb
x9 <- 0xFFE0000000000000

mem[X,0x008000000000087C] -> 0x8493
mem[X,0x008000000000087E] -> 0x0034
[316] [M]: 0x008000000000087C (0x00348493) addi s1, s1, 0x3
x9 <- 0xFFE0000000000003

mem[X,0x0080000000000880] -> 0x9493
mem[X,0x0080000000000882] -> 0x00A4
[317] [M]: 0x0080000000000880 (0x00A49493) slli s1, s1, 0xa
x9 <- 0x8000000000000C00

mem[X,0x0080000000000884] -> 0x8493
mem[X,0x0080000000000886] -> 0x3FC4
[318] [M]: 0x0080000000000884 (0x3FC48493) addi s1, s1, 0x3fc
x9 <- 0x8000000000000FFC

mem[X,0x0080000000000888] -> 0xF4B3
mem[X,0x008000000000088A] -> 0x00A4
[319] [M]: 0x0080000000000888 (0x00A4F4B3) and s1, s1, a0
x9 <- 0x0000000000000008

mem[X,0x008000000000088C] -> 0x8493
mem[X,0x008000000000088E] -> 0xFF84
[320] [M]: 0x008000000000088C (0xFF848493) addi s1, s1, -0x8
x9 <- 0x0000000000000000

mem[X,0x0080000000000890] -> 0x9663
mem[X,0x0080000000000892] -> 0x0004
[321] [M]: 0x0080000000000890 (0x00049663) bne s1, zero, 0xc

mem[X,0x0080000000000894] -> 0x3383
mem[X,0x0080000000000896] -> 0x2901
[322] [M]: 0x0080000000000894 (0x29013383) ld t2, 0x290(sp)
mem[R,0x0080000000003290] -> 0x0000000000000000
x7 <- 0x0000000000000000

mem[X,0x0080000000000898] -> 0x8663
mem[X,0x008000000000089A] -> 0x6A03
[323] [M]: 0x0080000000000898 (0x6A038663) beq t2, zero, 0x6ac

mem[X,0x0080000000000F44] -> 0x0493
mem[X,0x0080000000000F46] -> 0xFF55
[324] [M]: 0x0080000000000F44 (0xFF550493) addi s1, a0, -0xb
x9 <- 0x0000000000000000

mem[X,0x0080000000000F48] -> 0x8C63
mem[X,0x0080000000000F4A] -> 0x0004
[325] [M]: 0x0080000000000F48 (0x00048C63) beq s1, zero, 0x18

mem[X,0x0080000000000F60] -> 0x23F3
mem[X,0x0080000000000F62] -> 0x3410
[326] [M]: 0x0080000000000F60 (0x341023F3) csrrs t2, mepc, zero
CSR mepc -> 0x0080000000000598
x7 <- 0x0080000000000598

mem[X,0x0080000000000F64] -> 0x83B3
mem[X,0x0080000000000F66] -> 0x0093
[327] [M]: 0x0080000000000F64 (0x009383B3) add t2, t2, s1
x7 <- 0x0080000000000598

mem[X,0x0080000000000F68] -> 0x3303
mem[X,0x0080000000000F6A] -> 0x2601
[328] [M]: 0x0080000000000F68 (0x26013303) ld t1, 0x260(sp)
mem[R,0x0080000000003260] -> 0x000000001FDDB7D5
x6 <- 0x000000001FDDB7D5

mem[X,0x0080000000000F6C] -> 0x3403
mem[X,0x0080000000000F6E] -> 0x2701
[329] [M]: 0x0080000000000F6C (0x27013403) ld fp, 0x270(sp)
mem[R,0x0080000000003270] -> 0x0000000000007F76
x8 <- 0x0000000000007F76

mem[X,0x0080000000000F70] -> 0x3483
mem[X,0x0080000000000F72] -> 0x2781
[330] [M]: 0x0080000000000F70 (0x27813483) ld s1, 0x278(sp)
mem[R,0x0080000000003278] -> 0x0000000000000000
x9 <- 0x0000000000000000

mem[X,0x0080000000000F74] -> 0x3503
mem[X,0x0080000000000F76] -> 0x2801
[331] [M]: 0x0080000000000F74 (0x28013503) ld a0, 0x280(sp)
mem[R,0x0080000000003280] -> 0x0000000000000001
x10 <- 0x0000000000000001

mem[X,0x0080000000000F78] -> 0x3583
mem[X,0x0080000000000F7A] -> 0x2881
[332] [M]: 0x0080000000000F78 (0x28813583) ld a1, 0x288(sp)
mem[R,0x0080000000003288] -> 0x0000000000000000
x11 <- 0x0000000000000000

mem[X,0x0080000000000F7C] -> 0x3103
mem[X,0x0080000000000F7E] -> 0x2901
[333] [M]: 0x0080000000000F7C (0x29013103) ld sp, 0x290(sp)
mem[R,0x0080000000003290] -> 0x0000000000000000
x2 <- 0x0000000000000000

mem[X,0x0080000000000F80] -> 0x8067
mem[X,0x0080000000000F82] -> 0x0043
[334] [M]: 0x0080000000000F80 (0x00438067) jalr zero, 0x4(t2)

mem[X,0x008000000000059C] -> 0x2373
mem[X,0x008000000000059E] -> 0x3400
[335] [M]: 0x008000000000059C (0x34002373) csrrs t1, mscratch, zero
CSR mscratch -> 0x0080000000003000
x6 <- 0x0080000000003000

mem[X,0x00800000000005A0] -> 0x0313
mem[X,0x00800000000005A2] -> 0x2983
[336] [M]: 0x00800000000005A0 (0x29830313) addi t1, t1, 0x298
x6 <- 0x0080000000003298

mem[X,0x00800000000005A4] -> 0x3383
mem[X,0x00800000000005A6] -> 0x2383
[337] [M]: 0x00800000000005A4 (0x23833383) ld t2, 0x238(t1)
mem[R,0x00800000000034D0] -> 0x0000000000000000
x7 <- 0x0000000000000000

mem[X,0x00800000000005A8] -> 0x3383
mem[X,0x00800000000005AA] -> 0x2203
[338] [M]: 0x00800000000005A8 (0x22033383) ld t2, 0x220(t1)
mem[R,0x00800000000034B8] -> 0x0000000000000000
x7 <- 0x0000000000000000

mem[X,0x00800000000005AC] -> 0x9073
mem[X,0x00800000000005AE] -> 0x1803
[339] [M]: 0x00800000000005AC (0x18039073) csrrw zero, satp, t2
CSR satp <- 0x0000000000000000 (input: 0x0000000000000000)

mem[X,0x00800000000005B0] -> 0x3503
mem[X,0x00800000000005B2] -> 0x2503
[340] [M]: 0x00800000000005B0 (0x25033503) ld a0, 0x250(t1)
mem[R,0x00800000000034E8] -> 0x0000000000000000
x10 <- 0x0000000000000000

mem[X,0x00800000000005B4] -> 0x1073
mem[X,0x00800000000005B6] -> 0x1405
[341] [M]: 0x00800000000005B4 (0x14051073) csrrw zero, sscratch, a0
CSR sscratch <- 0x0000000000000000 (input: 0x0000000000000000)

mem[X,0x00800000000005B8] -> 0x3483
mem[X,0x00800000000005BA] -> 0x2483
[342] [M]: 0x00800000000005B8 (0x24833483) ld s1, 0x248(t1)
mem[R,0x00800000000034E0] -> 0x0000000000000000
x9 <- 0x0000000000000000

mem[X,0x00800000000005BC] -> 0x93F3
mem[X,0x00800000000005BE] -> 0x1054
[343] [M]: 0x00800000000005BC (0x105493F3) csrrw t2, stvec, s1
CSR stvec <- 0x0000000000000000 (input: 0x0000000000000000)
x7 <- 0x0080000000000FC0

mem[X,0x00800000000005C0] -> 0xF493
mem[X,0x00800000000005C2] -> 0xFFC4
[344] [M]: 0x00800000000005C0 (0xFFC4F493) andi s1, s1, -0x4
x9 <- 0x0000000000000000

mem[X,0x00800000000005C4] -> 0xF393
mem[X,0x00800000000005C6] -> 0xFFC3
[345] [M]: 0x00800000000005C4 (0xFFC3F393) andi t2, t2, -0x4
x7 <- 0x0080000000000FC0

mem[X,0x00800000000005C8] -> 0x9063
mem[X,0x00800000000005CA] -> 0x0274
[346] [M]: 0x00800000000005C8 (0x02749063) bne s1, t2, 0x20

mem[X,0x00800000000005E8] -> 0x2373
mem[X,0x00800000000005EA] -> 0x3400
[347] [M]: 0x00800000000005E8 (0x34002373) csrrs t1, mscratch, zero
CSR mscratch -> 0x0080000000003000
x6 <- 0x0080000000003000

mem[X,0x00800000000005EC] -> 0x3383
mem[X,0x00800000000005EE] -> 0x2383
[348] [M]: 0x00800000000005EC (0x23833383) ld t2, 0x238(t1)
mem[R,0x0080000000003238] -> 0x0000000000000000
x7 <- 0x0000000000000000

mem[X,0x00800000000005F0] -> 0x9073
mem[X,0x00800000000005F2] -> 0x3023
[349] [M]: 0x00800000000005F0 (0x30239073) csrrw zero, medeleg, t2
CSR medeleg <- 0x0000000000000000 (input: 0x0000000000000000)

mem[X,0x00800000000005F4] -> 0x3503
mem[X,0x00800000000005F6] -> 0x2503
[350] [M]: 0x00800000000005F4 (0x25033503) ld a0, 0x250(t1)
mem[R,0x0080000000003250] -> 0x0000000000000000
x10 <- 0x0000000000000000

mem[X,0x00800000000005F8] -> 0x1073
mem[X,0x00800000000005FA] -> 0x3405
[351] [M]: 0x00800000000005F8 (0x34051073) csrrw zero, mscratch, a0
CSR mscratch <- 0x0000000000000000 (input: 0x0000000000000000)

mem[X,0x00800000000005FC] -> 0x3483
mem[X,0x00800000000005FE] -> 0x2483
[352] [M]: 0x00800000000005FC (0x24833483) ld s1, 0x248(t1)
mem[R,0x0080000000003248] -> 0x0000000000000000
x9 <- 0x0000000000000000

mem[X,0x0080000000000600] -> 0x93F3
mem[X,0x0080000000000602] -> 0x3054
[353] [M]: 0x0080000000000600 (0x305493F3) csrrw t2, mtvec, s1
CSR mtvec <- 0x0000000000000000 (input: 0x0000000000000000)
x7 <- 0x0080000000000680

mem[X,0x0080000000000604] -> 0xF493
mem[X,0x0080000000000606] -> 0xFFC4
[354] [M]: 0x0080000000000604 (0xFFC4F493) andi s1, s1, -0x4
x9 <- 0x0000000000000000

mem[X,0x0080000000000608] -> 0xF393
mem[X,0x008000000000060A] -> 0xFFC3
[355] [M]: 0x0080000000000608 (0xFFC3F393) andi t2, t2, -0x4
x7 <- 0x0080000000000680

mem[X,0x008000000000060C] -> 0x9063
mem[X,0x008000000000060E] -> 0x0274
[356] [M]: 0x008000000000060C (0x02749063) bne s1, t2, 0x20

mem[X,0x008000000000062C] -> 0x106F
mem[X,0x008000000000062E] -> 0x2000
[357] [M]: 0x008000000000062C (0x2000106F) jal zero, 0x1200

mem[X,0x008000000000182C] -> 0x0093
mem[X,0x008000000000182E] -> 0x0010
[358] [M]: 0x008000000000182C (0x00100093) addi ra, zero, 0x1
x1 <- 0x0000000000000001

mem[X,0x0080000000001830] -> 0x0397
mem[X,0x0080000000001832] -> 0x0000
[359] [M]: 0x0080000000001830 (0x00000397) auipc t2, 0x0
x7 <- 0x0080000000001830

mem[X,0x0080000000001834] -> 0xA823
mem[X,0x0080000000001836] -> 0x7C13
[360] [M]: 0x0080000000001834 (0x7C13A823) sw ra, 0x7d0(t2)
htif[0x0080000000002000] <- 0x00000001

mem[X,0x0080000000001838] -> 0xF06F
mem[X,0x008000000000183A] -> 0xFF9F
[361] [M]: 0x0080000000001838 (0xFF9FF06F) jal zero, -0x8

mem[X,0x0080000000001830] -> 0x0397
mem[X,0x0080000000001832] -> 0x0000
[362] [M]: 0x0080000000001830 (0x00000397) auipc t2, 0x0
x7 <- 0x0080000000001830

mem[X,0x0080000000001834] -> 0xA823
mem[X,0x0080000000001836] -> 0x7C13
[363] [M]: 0x0080000000001834 (0x7C13A823) sw ra, 0x7d0(t2)
htif[0x0080000000002000] <- 0x00000001

mem[X,0x0080000000001838] -> 0xF06F
mem[X,0x008000000000183A] -> 0xFF9F
[364] [M]: 0x0080000000001838 (0xFF9FF06F) jal zero, -0x8

mem[X,0x0080000000001830] -> 0x0397
mem[X,0x0080000000001832] -> 0x0000
[365] [M]: 0x0080000000001830 (0x00000397) auipc t2, 0x0
x7 <- 0x0080000000001830

mem[X,0x0080000000001834] -> 0xA823
mem[X,0x0080000000001836] -> 0x7C13
[366] [M]: 0x0080000000001834 (0x7C13A823) sw ra, 0x7d0(t2)
htif[0x0080000000002000] <- 0x00000001
htif-syscall-proxy cmd: 0x000000000001

SUCCESS
