enabling storing illegal instruction bits in mtval.
PMP count: 16
PMP grain: 0
setting ram-size to 8796093022208 MB
setting signature-granularity to 8 bytes
using /home/user/Work/New_Repo/riscv-arch-test-PR/riscof-plugins/rv64/riscof_work/pmp64-NAPOT-RW-priority.S/ref/Reference-sail_c_simulator.signature for test-signature output.
tohost located at 0x80000000002000
Running file ref.elf.
ELF Entry @ 0x80000000000000
begin_signature: 0x80000000004210
end_signature: 0x80000000004730
CSR mstatus <- 0x0000000A00000000 (input: 0x0000000000000000)
mem[X,0x0000000000001000] -> 0x0297
mem[X,0x0000000000001002] -> 0x0000
[0] [M]: 0x0000000000001000 (0x00000297) auipc t0, 0x0
x5 <- 0x0000000000001000

mem[X,0x0000000000001004] -> 0x8593
mem[X,0x0000000000001006] -> 0x0202
[1] [M]: 0x0000000000001004 (0x02028593) addi a1, t0, 0x20
x11 <- 0x0000000000001020

mem[X,0x0000000000001008] -> 0x2573
mem[X,0x000000000000100A] -> 0xF140
[2] [M]: 0x0000000000001008 (0xF1402573) csrrs a0, mhartid, zero
CSR mhartid -> 0x0000000000000000
x10 <- 0x0000000000000000

mem[X,0x000000000000100C] -> 0xB283
mem[X,0x000000000000100E] -> 0x0182
[3] [M]: 0x000000000000100C (0x0182B283) ld t0, 0x18(t0)
mem[R,0x0000000000001018] -> 0x0080000000000000
x5 <- 0x0080000000000000

mem[X,0x0000000000001010] -> 0x8067
mem[X,0x0000000000001012] -> 0x0002
[4] [M]: 0x0000000000001010 (0x00028067) jalr zero, 0x0(t0)

mem[X,0x0080000000000000] -> 0x3317
mem[X,0x0080000000000002] -> 0x0000
[5] [M]: 0x0080000000000000 (0x00003317) auipc t1, 0x3
x6 <- 0x0080000000003000

mem[X,0x0080000000000004] -> 0x0313
mem[X,0x0080000000000006] -> 0x0003
[6] [M]: 0x0080000000000004 (0x00030313) addi t1, t1, 0x0
x6 <- 0x0080000000003000

mem[X,0x0080000000000008] -> 0x0013
mem[X,0x008000000000000A] -> 0x0000
[7] [M]: 0x0080000000000008 (0x00000013) addi zero, zero, 0x0

mem[X,0x008000000000000C] -> 0x0013
mem[X,0x008000000000000E] -> 0x0000
[8] [M]: 0x008000000000000C (0x00000013) addi zero, zero, 0x0

mem[X,0x0080000000000010] -> 0x0013
mem[X,0x0080000000000012] -> 0x0000
[9] [M]: 0x0080000000000010 (0x00000013) addi zero, zero, 0x0

mem[X,0x0080000000000014] -> 0x0013
mem[X,0x0080000000000016] -> 0x0000
[10] [M]: 0x0080000000000014 (0x00000013) addi zero, zero, 0x0

mem[X,0x0080000000000018] -> 0x0013
mem[X,0x008000000000001A] -> 0x0000
[11] [M]: 0x0080000000000018 (0x00000013) addi zero, zero, 0x0

mem[X,0x008000000000001C] -> 0x0013
mem[X,0x008000000000001E] -> 0x0000
[12] [M]: 0x008000000000001C (0x00000013) addi zero, zero, 0x0

mem[X,0x0080000000000020] -> 0x1473
mem[X,0x0080000000000022] -> 0x3403
[13] [M]: 0x0080000000000020 (0x34031473) csrrw fp, mscratch, t1
CSR mscratch <- 0x0080000000003000 (input: 0x0080000000003000)
x8 <- 0x0000000000000000

mem[X,0x0080000000000024] -> 0x3823
mem[X,0x0080000000000026] -> 0x2483
[14] [M]: 0x0080000000000024 (0x24833823) sd fp, 0x250(t1)
mem[0x0080000000003250] <- 0x0000000000000000

mem[X,0x0080000000000028] -> 0x0393
mem[X,0x008000000000002A] -> 0x0000
[15] [M]: 0x0080000000000028 (0x00000393) addi t2, zero, 0x0
x7 <- 0x0000000000000000

mem[X,0x008000000000002C] -> 0x93F3
mem[X,0x008000000000002E] -> 0x3023
[16] [M]: 0x008000000000002C (0x302393F3) csrrw t2, medeleg, t2
CSR medeleg <- 0x0000000000000000 (input: 0x0000000000000000)
x7 <- 0x0000000000000000

mem[X,0x0080000000000030] -> 0x3C23
mem[X,0x0080000000000032] -> 0x2273
[17] [M]: 0x0080000000000030 (0x22733C23) sd t2, 0x238(t1)
mem[0x0080000000003238] <- 0x0000000000000000

mem[X,0x0080000000000034] -> 0x2473
mem[X,0x0080000000000036] -> 0x3050
[18] [M]: 0x0080000000000034 (0x30502473) csrrs fp, mtvec, zero
CSR mtvec -> 0x0000000000000000
x8 <- 0x0000000000000000

mem[X,0x0080000000000038] -> 0x3423
mem[X,0x008000000000003A] -> 0x2483
[19] [M]: 0x0080000000000038 (0x24833423) sd fp, 0x248(t1)
mem[0x0080000000003248] <- 0x0000000000000000

mem[X,0x008000000000003C] -> 0x7393
mem[X,0x008000000000003E] -> 0x0034
[20] [M]: 0x008000000000003C (0x00347393) andi t2, fp, 0x3
x7 <- 0x0000000000000000

mem[X,0x0080000000000040] -> 0x3483
mem[X,0x0080000000000042] -> 0x2303
[21] [M]: 0x0080000000000040 (0x23033483) ld s1, 0x230(t1)
mem[R,0x0080000000003230] -> 0x0080000000000A54
x9 <- 0x0080000000000A54

mem[X,0x0080000000000044] -> 0x8493
mem[X,0x0080000000000046] -> 0xE2C4
[22] [M]: 0x0080000000000044 (0xE2C48493) addi s1, s1, -0x1d4
x9 <- 0x0080000000000880

mem[X,0x0080000000000048] -> 0xE3B3
mem[X,0x008000000000004A] -> 0x0074
[23] [M]: 0x0080000000000048 (0x0074E3B3) or t2, s1, t2
x7 <- 0x0080000000000880

mem[X,0x008000000000004C] -> 0x3023
mem[X,0x008000000000004E] -> 0x2473
[24] [M]: 0x008000000000004C (0x24733023) sd t2, 0x240(t1)
mem[0x0080000000003240] <- 0x0080000000000880

mem[X,0x0080000000000050] -> 0x9073
mem[X,0x0080000000000052] -> 0x3053
[25] [M]: 0x0080000000000050 (0x30539073) csrrw zero, mtvec, t2
CSR mtvec <- 0x0080000000000880 (input: 0x0080000000000880)

mem[X,0x0080000000000054] -> 0x2573
mem[X,0x0080000000000056] -> 0x3050
[26] [M]: 0x0080000000000054 (0x30502573) csrrs a0, mtvec, zero
CSR mtvec -> 0x0080000000000880
x10 <- 0x0080000000000880

mem[X,0x0080000000000058] -> 0x0663
mem[X,0x008000000000005A] -> 0x0875
[27] [M]: 0x0080000000000058 (0x08750663) beq a0, t2, 0x8c

mem[X,0x00800000000000E4] -> 0x0013
mem[X,0x00800000000000E6] -> 0x0000
[28] [M]: 0x00800000000000E4 (0x00000013) addi zero, zero, 0x0

mem[X,0x00800000000000E8] -> 0x0013
mem[X,0x00800000000000EA] -> 0x0000
[29] [M]: 0x00800000000000E8 (0x00000013) addi zero, zero, 0x0

mem[X,0x00800000000000EC] -> 0x0013
mem[X,0x00800000000000EE] -> 0x0000
[30] [M]: 0x00800000000000EC (0x00000013) addi zero, zero, 0x0

mem[X,0x00800000000000F0] -> 0x0013
mem[X,0x00800000000000F2] -> 0x0000
[31] [M]: 0x00800000000000F0 (0x00000013) addi zero, zero, 0x0

mem[X,0x00800000000000F4] -> 0x0013
mem[X,0x00800000000000F6] -> 0x0000
[32] [M]: 0x00800000000000F4 (0x00000013) addi zero, zero, 0x0

mem[X,0x00800000000000F8] -> 0x0013
mem[X,0x00800000000000FA] -> 0x0000
[33] [M]: 0x00800000000000F8 (0x00000013) addi zero, zero, 0x0

mem[X,0x00800000000000FC] -> 0x0013
mem[X,0x00800000000000FE] -> 0x0000
[34] [M]: 0x00800000000000FC (0x00000013) addi zero, zero, 0x0

mem[X,0x0080000000000100] -> 0x3317
mem[X,0x0080000000000102] -> 0x0000
[35] [M]: 0x0080000000000100 (0x00003317) auipc t1, 0x3
x6 <- 0x0080000000003100

mem[X,0x0080000000000104] -> 0x0313
mem[X,0x0080000000000106] -> 0x1983
[36] [M]: 0x0080000000000104 (0x19830313) addi t1, t1, 0x198
x6 <- 0x0080000000003298

mem[X,0x0080000000000108] -> 0x0013
mem[X,0x008000000000010A] -> 0x0000
[37] [M]: 0x0080000000000108 (0x00000013) addi zero, zero, 0x0

mem[X,0x008000000000010C] -> 0x0013
mem[X,0x008000000000010E] -> 0x0000
[38] [M]: 0x008000000000010C (0x00000013) addi zero, zero, 0x0

mem[X,0x0080000000000110] -> 0x0013
mem[X,0x0080000000000112] -> 0x0000
[39] [M]: 0x0080000000000110 (0x00000013) addi zero, zero, 0x0

mem[X,0x0080000000000114] -> 0x0013
mem[X,0x0080000000000116] -> 0x0000
[40] [M]: 0x0080000000000114 (0x00000013) addi zero, zero, 0x0

mem[X,0x0080000000000118] -> 0x0013
mem[X,0x008000000000011A] -> 0x0000
[41] [M]: 0x0080000000000118 (0x00000013) addi zero, zero, 0x0

mem[X,0x008000000000011C] -> 0x0013
mem[X,0x008000000000011E] -> 0x0000
[42] [M]: 0x008000000000011C (0x00000013) addi zero, zero, 0x0

mem[X,0x0080000000000120] -> 0x1473
mem[X,0x0080000000000122] -> 0x1403
[43] [M]: 0x0080000000000120 (0x14031473) csrrw fp, sscratch, t1
CSR sscratch <- 0x0080000000003298 (input: 0x0080000000003298)
x8 <- 0x0000000000000000

mem[X,0x0080000000000124] -> 0x3823
mem[X,0x0080000000000126] -> 0x2483
[44] [M]: 0x0080000000000124 (0x24833823) sd fp, 0x250(t1)
mem[0x00800000000034E8] <- 0x0000000000000000

mem[X,0x0080000000000128] -> 0x0393
mem[X,0x008000000000012A] -> 0x0000
[45] [M]: 0x0080000000000128 (0x00000393) addi t2, zero, 0x0
x7 <- 0x0000000000000000

mem[X,0x008000000000012C] -> 0x3C23
mem[X,0x008000000000012E] -> 0x2273
[46] [M]: 0x008000000000012C (0x22733C23) sd t2, 0x238(t1)
mem[0x00800000000034D0] <- 0x0000000000000000

mem[X,0x0080000000000130] -> 0x0013
mem[X,0x0080000000000132] -> 0x0000
[47] [M]: 0x0080000000000130 (0x00000013) addi zero, zero, 0x0

mem[X,0x0080000000000134] -> 0x0013
mem[X,0x0080000000000136] -> 0x0000
[48] [M]: 0x0080000000000134 (0x00000013) addi zero, zero, 0x0

mem[X,0x0080000000000138] -> 0x0013
mem[X,0x008000000000013A] -> 0x0000
[49] [M]: 0x0080000000000138 (0x00000013) addi zero, zero, 0x0

mem[X,0x008000000000013C] -> 0x0013
mem[X,0x008000000000013E] -> 0x0000
[50] [M]: 0x008000000000013C (0x00000013) addi zero, zero, 0x0

mem[X,0x0080000000000140] -> 0x4497
mem[X,0x0080000000000142] -> 0x0000
[51] [M]: 0x0080000000000140 (0x00004497) auipc s1, 0x4
x9 <- 0x0080000000004140

mem[X,0x0080000000000144] -> 0x8493
mem[X,0x0080000000000146] -> 0xEC04
[52] [M]: 0x0080000000000144 (0xEC048493) addi s1, s1, -0x140
x9 <- 0x0080000000004000

mem[X,0x0080000000000148] -> 0x0013
mem[X,0x008000000000014A] -> 0x0000
[53] [M]: 0x0080000000000148 (0x00000013) addi zero, zero, 0x0

mem[X,0x008000000000014C] -> 0x0013
mem[X,0x008000000000014E] -> 0x0000
[54] [M]: 0x008000000000014C (0x00000013) addi zero, zero, 0x0

mem[X,0x0080000000000150] -> 0x0013
mem[X,0x0080000000000152] -> 0x0000
[55] [M]: 0x0080000000000150 (0x00000013) addi zero, zero, 0x0

mem[X,0x0080000000000154] -> 0x0013
mem[X,0x0080000000000156] -> 0x0000
[56] [M]: 0x0080000000000154 (0x00000013) addi zero, zero, 0x0

mem[X,0x0080000000000158] -> 0x0013
mem[X,0x008000000000015A] -> 0x0000
[57] [M]: 0x0080000000000158 (0x00000013) addi zero, zero, 0x0

mem[X,0x008000000000015C] -> 0x0013
mem[X,0x008000000000015E] -> 0x0000
[58] [M]: 0x008000000000015C (0x00000013) addi zero, zero, 0x0

mem[X,0x0080000000000160] -> 0xD493
mem[X,0x0080000000000162] -> 0x00C4
[59] [M]: 0x0080000000000160 (0x00C4D493) srli s1, s1, 0xc
x9 <- 0x0000080000000004

mem[X,0x0080000000000164] -> 0x0413
mem[X,0x0080000000000166] -> 0xFFF0
[60] [M]: 0x0080000000000164 (0xFFF00413) addi fp, zero, -0x1
x8 <- 0xFFFFFFFFFFFFFFFF

mem[X,0x0080000000000168] -> 0x1413
mem[X,0x008000000000016A] -> 0x03F4
[61] [M]: 0x0080000000000168 (0x03F41413) slli fp, fp, 0x3f
x8 <- 0x8000000000000000

mem[X,0x008000000000016C] -> 0xE4B3
mem[X,0x008000000000016E] -> 0x0084
[62] [M]: 0x008000000000016C (0x0084E4B3) or s1, s1, fp
x9 <- 0x8000080000000004

mem[X,0x0080000000000170] -> 0x94F3
mem[X,0x0080000000000172] -> 0x1804
[63] [M]: 0x0080000000000170 (0x180494F3) csrrw s1, satp, s1
CSR satp <- 0x8000080000000004 (input: 0x8000080000000004)
x9 <- 0x0000000000000000

mem[X,0x0080000000000174] -> 0x3023
mem[X,0x0080000000000176] -> 0x2293
[64] [M]: 0x0080000000000174 (0x22933023) sd s1, 0x220(t1)
mem[0x00800000000034B8] <- 0x0000000000000000

mem[X,0x0080000000000178] -> 0x2473
mem[X,0x008000000000017A] -> 0x1050
[65] [M]: 0x0080000000000178 (0x10502473) csrrs fp, stvec, zero
CSR stvec -> 0x0000000000000000
x8 <- 0x0000000000000000

mem[X,0x008000000000017C] -> 0x3423
mem[X,0x008000000000017E] -> 0x2483
[66] [M]: 0x008000000000017C (0x24833423) sd fp, 0x248(t1)
mem[0x00800000000034E0] <- 0x0000000000000000

mem[X,0x0080000000000180] -> 0x7393
mem[X,0x0080000000000182] -> 0x0034
[67] [M]: 0x0080000000000180 (0x00347393) andi t2, fp, 0x3
x7 <- 0x0000000000000000

mem[X,0x0080000000000184] -> 0x3483
mem[X,0x0080000000000186] -> 0x2303
[68] [M]: 0x0080000000000184 (0x23033483) ld s1, 0x230(t1)
mem[R,0x00800000000034C8] -> 0x0080000000001394
x9 <- 0x0080000000001394

mem[X,0x0080000000000188] -> 0x8493
mem[X,0x008000000000018A] -> 0xE2C4
[69] [M]: 0x0080000000000188 (0xE2C48493) addi s1, s1, -0x1d4
x9 <- 0x00800000000011C0

mem[X,0x008000000000018C] -> 0xE3B3
mem[X,0x008000000000018E] -> 0x0074
[70] [M]: 0x008000000000018C (0x0074E3B3) or t2, s1, t2
x7 <- 0x00800000000011C0

mem[X,0x0080000000000190] -> 0x3023
mem[X,0x0080000000000192] -> 0x2473
[71] [M]: 0x0080000000000190 (0x24733023) sd t2, 0x240(t1)
mem[0x00800000000034D8] <- 0x00800000000011C0

mem[X,0x0080000000000194] -> 0x9073
mem[X,0x0080000000000196] -> 0x1053
[72] [M]: 0x0080000000000194 (0x10539073) csrrw zero, stvec, t2
CSR stvec <- 0x00800000000011C0 (input: 0x00800000000011C0)

mem[X,0x0080000000000198] -> 0x2573
mem[X,0x008000000000019A] -> 0x1050
[73] [M]: 0x0080000000000198 (0x10502573) csrrs a0, stvec, zero
CSR stvec -> 0x00800000000011C0
x10 <- 0x00800000000011C0

mem[X,0x008000000000019C] -> 0x0463
mem[X,0x008000000000019E] -> 0x0875
[74] [M]: 0x008000000000019C (0x08750463) beq a0, t2, 0x88

mem[X,0x0080000000000224] -> 0x0837
mem[X,0x0080000000000226] -> 0x7D5C
[75] [M]: 0x0080000000000224 (0x7D5C0837) lui a6, 0x7d5c0
x16 <- 0x000000007D5C0000

mem[X,0x0080000000000228] -> 0x0813
mem[X,0x008000000000022A] -> 0xDDB8
[76] [M]: 0x0080000000000228 (0xDDB80813) addi a6, a6, -0x225
x16 <- 0x000000007D5BFDDB

mem[X,0x008000000000022C] -> 0x1813
mem[X,0x008000000000022E] -> 0x00B8
[77] [M]: 0x008000000000022C (0x00B81813) slli a6, a6, 0xb
x16 <- 0x000003EADFEED800

mem[X,0x0080000000000230] -> 0x0813
mem[X,0x0080000000000232] -> 0x3EA8
[78] [M]: 0x0080000000000230 (0x3EA80813) addi a6, a6, 0x3ea
x16 <- 0x000003EADFEEDBEA

mem[X,0x0080000000000234] -> 0x1813
mem[X,0x0080000000000236] -> 0x00B8
[79] [M]: 0x0080000000000234 (0x00B81813) slli a6, a6, 0xb
x16 <- 0x001F56FF76DF5000

mem[X,0x0080000000000238] -> 0x0813
mem[X,0x008000000000023A] -> 0x6FF8
[80] [M]: 0x0080000000000238 (0x6FF80813) addi a6, a6, 0x6ff
x16 <- 0x001F56FF76DF56FF

mem[X,0x008000000000023C] -> 0x1813
mem[X,0x008000000000023E] -> 0x00A8
[81] [M]: 0x008000000000023C (0x00A81813) slli a6, a6, 0xa
x16 <- 0x7D5BFDDB7D5BFC00

mem[X,0x0080000000000240] -> 0x0813
mem[X,0x0080000000000242] -> 0x1DB8
[82] [M]: 0x0080000000000240 (0x1DB80813) addi a6, a6, 0x1db
x16 <- 0x7D5BFDDB7D5BFDDB

mem[X,0x0080000000000244] -> 0x5893
mem[X,0x0080000000000246] -> 0x0078
[83] [M]: 0x0080000000000244 (0x00785893) srli a7, a6, 0x7
x17 <- 0x00FAB7FBB6FAB7FB

mem[X,0x0080000000000248] -> 0x5793
mem[X,0x008000000000024A] -> 0x0398
[84] [M]: 0x0080000000000248 (0x03985793) srli a5, a6, 0x39
x15 <- 0x000000000000003E

mem[X,0x008000000000024C] -> 0xE8B3
mem[X,0x008000000000024E] -> 0x00F8
[85] [M]: 0x008000000000024C (0x00F8E8B3) or a7, a7, a5
x17 <- 0x00FAB7FBB6FAB7FF

mem[X,0x0080000000000250] -> 0xD913
mem[X,0x0080000000000252] -> 0x0078
[86] [M]: 0x0080000000000250 (0x0078D913) srli s2, a7, 0x7
x18 <- 0x0001F56FF76DF56F

mem[X,0x0080000000000254] -> 0xD793
mem[X,0x0080000000000256] -> 0x0398
[87] [M]: 0x0080000000000254 (0x0398D793) srli a5, a7, 0x39
x15 <- 0x0000000000000000

mem[X,0x0080000000000258] -> 0x6933
mem[X,0x008000000000025A] -> 0x00F9
[88] [M]: 0x0080000000000258 (0x00F96933) or s2, s2, a5
x18 <- 0x0001F56FF76DF56F

mem[X,0x008000000000025C] -> 0x5993
mem[X,0x008000000000025E] -> 0x0079
[89] [M]: 0x008000000000025C (0x00795993) srli s3, s2, 0x7
x19 <- 0x000003EADFEEDBEA

mem[X,0x0080000000000260] -> 0x5793
mem[X,0x0080000000000262] -> 0x0399
[90] [M]: 0x0080000000000260 (0x03995793) srli a5, s2, 0x39
x15 <- 0x0000000000000000

mem[X,0x0080000000000264] -> 0xE9B3
mem[X,0x0080000000000266] -> 0x00F9
[91] [M]: 0x0080000000000264 (0x00F9E9B3) or s3, s3, a5
x19 <- 0x000003EADFEEDBEA

mem[X,0x0080000000000268] -> 0xDA13
mem[X,0x008000000000026A] -> 0x0079
[92] [M]: 0x0080000000000268 (0x0079DA13) srli s4, s3, 0x7
x20 <- 0x00000007D5BFDDB7

mem[X,0x008000000000026C] -> 0xD793
mem[X,0x008000000000026E] -> 0x0399
[93] [M]: 0x008000000000026C (0x0399D793) srli a5, s3, 0x39
x15 <- 0x0000000000000000

mem[X,0x0080000000000270] -> 0x6A33
mem[X,0x0080000000000272] -> 0x00FA
[94] [M]: 0x0080000000000270 (0x00FA6A33) or s4, s4, a5
x20 <- 0x00000007D5BFDDB7

mem[X,0x0080000000000274] -> 0x5A93
mem[X,0x0080000000000276] -> 0x007A
[95] [M]: 0x0080000000000274 (0x007A5A93) srli s5, s4, 0x7
x21 <- 0x000000000FAB7FBB

mem[X,0x0080000000000278] -> 0x5793
mem[X,0x008000000000027A] -> 0x039A
[96] [M]: 0x0080000000000278 (0x039A5793) srli a5, s4, 0x39
x15 <- 0x0000000000000000

mem[X,0x008000000000027C] -> 0xEAB3
mem[X,0x008000000000027E] -> 0x00FA
[97] [M]: 0x008000000000027C (0x00FAEAB3) or s5, s5, a5
x21 <- 0x000000000FAB7FBB

mem[X,0x0080000000000280] -> 0xDB13
mem[X,0x0080000000000282] -> 0x007A
[98] [M]: 0x0080000000000280 (0x007ADB13) srli s6, s5, 0x7
x22 <- 0x00000000001F56FF

mem[X,0x0080000000000284] -> 0xD793
mem[X,0x0080000000000286] -> 0x039A
[99] [M]: 0x0080000000000284 (0x039AD793) srli a5, s5, 0x39
x15 <- 0x0000000000000000

clint::tick mtime <- 0x0000000000000001
 clint timer pending at mtime 0x0000000000000001
htif::tick 0x0000000000000000
mem[X,0x0080000000000288] -> 0x6B33
mem[X,0x008000000000028A] -> 0x00FB
[100] [M]: 0x0080000000000288 (0x00FB6B33) or s6, s6, a5
x22 <- 0x00000000001F56FF

mem[X,0x008000000000028C] -> 0x5B93
mem[X,0x008000000000028E] -> 0x007B
[101] [M]: 0x008000000000028C (0x007B5B93) srli s7, s6, 0x7
x23 <- 0x0000000000003EAD

mem[X,0x0080000000000290] -> 0x5793
mem[X,0x0080000000000292] -> 0x039B
[102] [M]: 0x0080000000000290 (0x039B5793) srli a5, s6, 0x39
x15 <- 0x0000000000000000

mem[X,0x0080000000000294] -> 0xEBB3
mem[X,0x0080000000000296] -> 0x00FB
[103] [M]: 0x0080000000000294 (0x00FBEBB3) or s7, s7, a5
x23 <- 0x0000000000003EAD

mem[X,0x0080000000000298] -> 0xDC13
mem[X,0x008000000000029A] -> 0x007B
[104] [M]: 0x0080000000000298 (0x007BDC13) srli s8, s7, 0x7
x24 <- 0x000000000000007D

mem[X,0x008000000000029C] -> 0xD793
mem[X,0x008000000000029E] -> 0x039B
[105] [M]: 0x008000000000029C (0x039BD793) srli a5, s7, 0x39
x15 <- 0x0000000000000000

mem[X,0x00800000000002A0] -> 0x6C33
mem[X,0x00800000000002A2] -> 0x00FC
[106] [M]: 0x00800000000002A0 (0x00FC6C33) or s8, s8, a5
x24 <- 0x000000000000007D

mem[X,0x00800000000002A4] -> 0x5C93
mem[X,0x00800000000002A6] -> 0x007C
[107] [M]: 0x00800000000002A4 (0x007C5C93) srli s9, s8, 0x7
x25 <- 0x0000000000000000

mem[X,0x00800000000002A8] -> 0x5793
mem[X,0x00800000000002AA] -> 0x039C
[108] [M]: 0x00800000000002A8 (0x039C5793) srli a5, s8, 0x39
x15 <- 0x0000000000000000

mem[X,0x00800000000002AC] -> 0xECB3
mem[X,0x00800000000002AE] -> 0x00FC
[109] [M]: 0x00800000000002AC (0x00FCECB3) or s9, s9, a5
x25 <- 0x0000000000000000

mem[X,0x00800000000002B0] -> 0xDD13
mem[X,0x00800000000002B2] -> 0x007C
[110] [M]: 0x00800000000002B0 (0x007CDD13) srli s10, s9, 0x7
x26 <- 0x0000000000000000

mem[X,0x00800000000002B4] -> 0xD793
mem[X,0x00800000000002B6] -> 0x039C
[111] [M]: 0x00800000000002B4 (0x039CD793) srli a5, s9, 0x39
x15 <- 0x0000000000000000

mem[X,0x00800000000002B8] -> 0x6D33
mem[X,0x00800000000002BA] -> 0x00FD
[112] [M]: 0x00800000000002B8 (0x00FD6D33) or s10, s10, a5
x26 <- 0x0000000000000000

mem[X,0x00800000000002BC] -> 0x5D93
mem[X,0x00800000000002BE] -> 0x007D
[113] [M]: 0x00800000000002BC (0x007D5D93) srli s11, s10, 0x7
x27 <- 0x0000000000000000

mem[X,0x00800000000002C0] -> 0x5793
mem[X,0x00800000000002C2] -> 0x039D
[114] [M]: 0x00800000000002C0 (0x039D5793) srli a5, s10, 0x39
x15 <- 0x0000000000000000

mem[X,0x00800000000002C4] -> 0xEDB3
mem[X,0x00800000000002C6] -> 0x00FD
[115] [M]: 0x00800000000002C4 (0x00FDEDB3) or s11, s11, a5
x27 <- 0x0000000000000000

mem[X,0x00800000000002C8] -> 0xDE13
mem[X,0x00800000000002CA] -> 0x007D
[116] [M]: 0x00800000000002C8 (0x007DDE13) srli t3, s11, 0x7
x28 <- 0x0000000000000000

mem[X,0x00800000000002CC] -> 0xD793
mem[X,0x00800000000002CE] -> 0x039D
[117] [M]: 0x00800000000002CC (0x039DD793) srli a5, s11, 0x39
x15 <- 0x0000000000000000

mem[X,0x00800000000002D0] -> 0x6E33
mem[X,0x00800000000002D2] -> 0x00FE
[118] [M]: 0x00800000000002D0 (0x00FE6E33) or t3, t3, a5
x28 <- 0x0000000000000000

mem[X,0x00800000000002D4] -> 0x5E93
mem[X,0x00800000000002D6] -> 0x007E
[119] [M]: 0x00800000000002D4 (0x007E5E93) srli t4, t3, 0x7
x29 <- 0x0000000000000000

mem[X,0x00800000000002D8] -> 0x5793
mem[X,0x00800000000002DA] -> 0x039E
[120] [M]: 0x00800000000002D8 (0x039E5793) srli a5, t3, 0x39
x15 <- 0x0000000000000000

mem[X,0x00800000000002DC] -> 0xEEB3
mem[X,0x00800000000002DE] -> 0x00FE
[121] [M]: 0x00800000000002DC (0x00FEEEB3) or t4, t4, a5
x29 <- 0x0000000000000000

mem[X,0x00800000000002E0] -> 0xDF13
mem[X,0x00800000000002E2] -> 0x007E
[122] [M]: 0x00800000000002E0 (0x007EDF13) srli t5, t4, 0x7
x30 <- 0x0000000000000000

mem[X,0x00800000000002E4] -> 0xD793
mem[X,0x00800000000002E6] -> 0x039E
[123] [M]: 0x00800000000002E4 (0x039ED793) srli a5, t4, 0x39
x15 <- 0x0000000000000000

mem[X,0x00800000000002E8] -> 0x6F33
mem[X,0x00800000000002EA] -> 0x00FF
[124] [M]: 0x00800000000002E8 (0x00FF6F33) or t5, t5, a5
x30 <- 0x0000000000000000

mem[X,0x00800000000002EC] -> 0xC0B7
mem[X,0x00800000000002EE] -> 0xFEED
[125] [M]: 0x00800000000002EC (0xFEEDC0B7) lui ra, -0x1124
x1 <- 0xFFFFFFFFFEEDC000

mem[X,0x00800000000002F0] -> 0x8093
mem[X,0x00800000000002F2] -> 0xEAD0
[126] [M]: 0x00800000000002F0 (0xEAD08093) addi ra, ra, -0x153
x1 <- 0xFFFFFFFFFEEDBEAD

mem[X,0x00800000000002F4] -> 0x9093
mem[X,0x00800000000002F6] -> 0x00B0
[127] [M]: 0x00800000000002F4 (0x00B09093) slli ra, ra, 0xb
x1 <- 0xFFFFFFF76DF56800

mem[X,0x00800000000002F8] -> 0x8093
mem[X,0x00800000000002FA] -> 0x7F70
[128] [M]: 0x00800000000002F8 (0x7F708093) addi ra, ra, 0x7f7
x1 <- 0xFFFFFFF76DF56FF7

mem[X,0x00800000000002FC] -> 0x9093
mem[X,0x00800000000002FE] -> 0x00B0
[129] [M]: 0x00800000000002FC (0x00B09093) slli ra, ra, 0xb
x1 <- 0xFFFFBB6FAB7FB800

mem[X,0x0080000000000300] -> 0x8093
mem[X,0x0080000000000302] -> 0x36F0
[130] [M]: 0x0080000000000300 (0x36F08093) addi ra, ra, 0x36f
x1 <- 0xFFFFBB6FAB7FBB6F

mem[X,0x0080000000000304] -> 0x9093
mem[X,0x0080000000000306] -> 0x00A0
[131] [M]: 0x0080000000000304 (0x00A09093) slli ra, ra, 0xa
x1 <- 0xFEEDBEADFEEDBC00

mem[X,0x0080000000000308] -> 0x8093
mem[X,0x008000000000030A] -> 0x2AD0
[132] [M]: 0x0080000000000308 (0x2AD08093) addi ra, ra, 0x2ad
x1 <- 0xFEEDBEADFEEDBEAD

mem[X,0x008000000000030C] -> 0xD113
mem[X,0x008000000000030E] -> 0x0070
[133] [M]: 0x008000000000030C (0x0070D113) srli sp, ra, 0x7
x2 <- 0x01FDDB7D5BFDDB7D

mem[X,0x0080000000000310] -> 0xD793
mem[X,0x0080000000000312] -> 0x0390
[134] [M]: 0x0080000000000310 (0x0390D793) srli a5, ra, 0x39
x15 <- 0x000000000000007F

mem[X,0x0080000000000314] -> 0x6133
mem[X,0x0080000000000316] -> 0x00F1
[135] [M]: 0x0080000000000314 (0x00F16133) or sp, sp, a5
x2 <- 0x01FDDB7D5BFDDB7F

mem[X,0x0080000000000318] -> 0x5193
mem[X,0x008000000000031A] -> 0x0071
[136] [M]: 0x0080000000000318 (0x00715193) srli gp, sp, 0x7
x3 <- 0x0003FBB6FAB7FBB6

mem[X,0x008000000000031C] -> 0x5793
mem[X,0x008000000000031E] -> 0x0391
[137] [M]: 0x008000000000031C (0x03915793) srli a5, sp, 0x39
x15 <- 0x0000000000000000

mem[X,0x0080000000000320] -> 0xE1B3
mem[X,0x0080000000000322] -> 0x00F1
[138] [M]: 0x0080000000000320 (0x00F1E1B3) or gp, gp, a5
x3 <- 0x0003FBB6FAB7FBB6

mem[X,0x0080000000000324] -> 0xD213
mem[X,0x0080000000000326] -> 0x0071
[139] [M]: 0x0080000000000324 (0x0071D213) srli tp, gp, 0x7
x4 <- 0x000007F76DF56FF7

mem[X,0x0080000000000328] -> 0xD793
mem[X,0x008000000000032A] -> 0x0391
[140] [M]: 0x0080000000000328 (0x0391D793) srli a5, gp, 0x39
x15 <- 0x0000000000000000

mem[X,0x008000000000032C] -> 0x6233
mem[X,0x008000000000032E] -> 0x00F2
[141] [M]: 0x008000000000032C (0x00F26233) or tp, tp, a5
x4 <- 0x000007F76DF56FF7

mem[X,0x0080000000000330] -> 0x5293
mem[X,0x0080000000000332] -> 0x0072
[142] [M]: 0x0080000000000330 (0x00725293) srli t0, tp, 0x7
x5 <- 0x0000000FEEDBEADF

mem[X,0x0080000000000334] -> 0x5793
mem[X,0x0080000000000336] -> 0x0392
[143] [M]: 0x0080000000000334 (0x03925793) srli a5, tp, 0x39
x15 <- 0x0000000000000000

mem[X,0x0080000000000338] -> 0xE2B3
mem[X,0x008000000000033A] -> 0x00F2
[144] [M]: 0x0080000000000338 (0x00F2E2B3) or t0, t0, a5
x5 <- 0x0000000FEEDBEADF

mem[X,0x008000000000033C] -> 0xD313
mem[X,0x008000000000033E] -> 0x0072
[145] [M]: 0x008000000000033C (0x0072D313) srli t1, t0, 0x7
x6 <- 0x000000001FDDB7D5

mem[X,0x0080000000000340] -> 0xD793
mem[X,0x0080000000000342] -> 0x0392
[146] [M]: 0x0080000000000340 (0x0392D793) srli a5, t0, 0x39
x15 <- 0x0000000000000000

mem[X,0x0080000000000344] -> 0x6333
mem[X,0x0080000000000346] -> 0x00F3
[147] [M]: 0x0080000000000344 (0x00F36333) or t1, t1, a5
x6 <- 0x000000001FDDB7D5

mem[X,0x0080000000000348] -> 0x5393
mem[X,0x008000000000034A] -> 0x0073
[148] [M]: 0x0080000000000348 (0x00735393) srli t2, t1, 0x7
x7 <- 0x00000000003FBB6F

mem[X,0x008000000000034C] -> 0x5793
mem[X,0x008000000000034E] -> 0x0393
[149] [M]: 0x008000000000034C (0x03935793) srli a5, t1, 0x39
x15 <- 0x0000000000000000

mem[X,0x0080000000000350] -> 0xE3B3
mem[X,0x0080000000000352] -> 0x00F3
[150] [M]: 0x0080000000000350 (0x00F3E3B3) or t2, t2, a5
x7 <- 0x00000000003FBB6F

mem[X,0x0080000000000354] -> 0xD413
mem[X,0x0080000000000356] -> 0x0073
[151] [M]: 0x0080000000000354 (0x0073D413) srli fp, t2, 0x7
x8 <- 0x0000000000007F76

mem[X,0x0080000000000358] -> 0xD793
mem[X,0x008000000000035A] -> 0x0393
[152] [M]: 0x0080000000000358 (0x0393D793) srli a5, t2, 0x39
x15 <- 0x0000000000000000

mem[X,0x008000000000035C] -> 0x6433
mem[X,0x008000000000035E] -> 0x00F4
[153] [M]: 0x008000000000035C (0x00F46433) or fp, fp, a5
x8 <- 0x0000000000007F76

mem[X,0x0080000000000360] -> 0x5493
mem[X,0x0080000000000362] -> 0x0074
[154] [M]: 0x0080000000000360 (0x00745493) srli s1, fp, 0x7
x9 <- 0x00000000000000FE

mem[X,0x0080000000000364] -> 0x5793
mem[X,0x0080000000000366] -> 0x0394
[155] [M]: 0x0080000000000364 (0x03945793) srli a5, fp, 0x39
x15 <- 0x0000000000000000

mem[X,0x0080000000000368] -> 0xE4B3
mem[X,0x008000000000036A] -> 0x00F4
[156] [M]: 0x0080000000000368 (0x00F4E4B3) or s1, s1, a5
x9 <- 0x00000000000000FE

mem[X,0x008000000000036C] -> 0xD513
mem[X,0x008000000000036E] -> 0x0074
[157] [M]: 0x008000000000036C (0x0074D513) srli a0, s1, 0x7
x10 <- 0x0000000000000001

mem[X,0x0080000000000370] -> 0xD793
mem[X,0x0080000000000372] -> 0x0394
[158] [M]: 0x0080000000000370 (0x0394D793) srli a5, s1, 0x39
x15 <- 0x0000000000000000

mem[X,0x0080000000000374] -> 0x6533
mem[X,0x0080000000000376] -> 0x00F5
[159] [M]: 0x0080000000000374 (0x00F56533) or a0, a0, a5
x10 <- 0x0000000000000001

mem[X,0x0080000000000378] -> 0x5593
mem[X,0x008000000000037A] -> 0x0075
[160] [M]: 0x0080000000000378 (0x00755593) srli a1, a0, 0x7
x11 <- 0x0000000000000000

mem[X,0x008000000000037C] -> 0x5793
mem[X,0x008000000000037E] -> 0x0395
[161] [M]: 0x008000000000037C (0x03955793) srli a5, a0, 0x39
x15 <- 0x0000000000000000

mem[X,0x0080000000000380] -> 0xE5B3
mem[X,0x0080000000000382] -> 0x00F5
[162] [M]: 0x0080000000000380 (0x00F5E5B3) or a1, a1, a5
x11 <- 0x0000000000000000

mem[X,0x0080000000000384] -> 0xD613
mem[X,0x0080000000000386] -> 0x0075
[163] [M]: 0x0080000000000384 (0x0075D613) srli a2, a1, 0x7
x12 <- 0x0000000000000000

mem[X,0x0080000000000388] -> 0xD793
mem[X,0x008000000000038A] -> 0x0395
[164] [M]: 0x0080000000000388 (0x0395D793) srli a5, a1, 0x39
x15 <- 0x0000000000000000

mem[X,0x008000000000038C] -> 0x6633
mem[X,0x008000000000038E] -> 0x00F6
[165] [M]: 0x008000000000038C (0x00F66633) or a2, a2, a5
x12 <- 0x0000000000000000

mem[X,0x0080000000000390] -> 0x5693
mem[X,0x0080000000000392] -> 0x0076
[166] [M]: 0x0080000000000390 (0x00765693) srli a3, a2, 0x7
x13 <- 0x0000000000000000

mem[X,0x0080000000000394] -> 0x5793
mem[X,0x0080000000000396] -> 0x0396
[167] [M]: 0x0080000000000394 (0x03965793) srli a5, a2, 0x39
x15 <- 0x0000000000000000

mem[X,0x0080000000000398] -> 0xE6B3
mem[X,0x008000000000039A] -> 0x00F6
[168] [M]: 0x0080000000000398 (0x00F6E6B3) or a3, a3, a5
x13 <- 0x0000000000000000

mem[X,0x008000000000039C] -> 0x0013
mem[X,0x008000000000039E] -> 0x0000
[169] [M]: 0x008000000000039C (0x00000013) addi zero, zero, 0x0

mem[X,0x00800000000003A0] -> 0x4697
mem[X,0x00800000000003A2] -> 0x0000
[170] [M]: 0x00800000000003A0 (0x00004697) auipc a3, 0x4
x13 <- 0x00800000000043A0

mem[X,0x00800000000003A4] -> 0x8693
mem[X,0x00800000000003A6] -> 0xE786
[171] [M]: 0x00800000000003A4 (0xE7868693) addi a3, a3, -0x188
x13 <- 0x0080000000004218

mem[X,0x00800000000003A8] -> 0x0013
mem[X,0x00800000000003AA] -> 0x0000
[172] [M]: 0x00800000000003A8 (0x00000013) addi zero, zero, 0x0

mem[X,0x00800000000003AC] -> 0x0013
mem[X,0x00800000000003AE] -> 0x0000
[173] [M]: 0x00800000000003AC (0x00000013) addi zero, zero, 0x0

mem[X,0x00800000000003B0] -> 0x0013
mem[X,0x00800000000003B2] -> 0x0000
[174] [M]: 0x00800000000003B0 (0x00000013) addi zero, zero, 0x0

mem[X,0x00800000000003B4] -> 0x0013
mem[X,0x00800000000003B6] -> 0x0000
[175] [M]: 0x00800000000003B4 (0x00000013) addi zero, zero, 0x0

mem[X,0x00800000000003B8] -> 0x0013
mem[X,0x00800000000003BA] -> 0x0000
[176] [M]: 0x00800000000003B8 (0x00000013) addi zero, zero, 0x0

mem[X,0x00800000000003BC] -> 0x0013
mem[X,0x00800000000003BE] -> 0x0000
[177] [M]: 0x00800000000003BC (0x00000013) addi zero, zero, 0x0

mem[X,0x00800000000003C0] -> 0x0793
mem[X,0x00800000000003C2] -> 0xFFF0
[178] [M]: 0x00800000000003C0 (0xFFF00793) addi a5, zero, -0x1
x15 <- 0xFFFFFFFFFFFFFFFF

mem[X,0x00800000000003C4] -> 0x0293
mem[X,0x00800000000003C6] -> 0x0640
[179] [M]: 0x00800000000003C4 (0x06400293) addi t0, zero, 0x64
x5 <- 0x0000000000000064

mem[X,0x00800000000003C8] -> 0x1073
mem[X,0x00800000000003CA] -> 0x3A00
[180] [M]: 0x00800000000003C8 (0x3A001073) csrrw zero, pmpcfg0, zero
CSR pmpcfg0 <- 0x0000000000000000 (input: 0x0000000000000000)

mem[X,0x00800000000003CC] -> 0x1073
mem[X,0x00800000000003CE] -> 0x3A20
[181] [M]: 0x00800000000003CC (0x3A201073) csrrw zero, pmpcfg2, zero
CSR pmpcfg2 <- 0x0000000000000000 (input: 0x0000000000000000)

mem[X,0x00800000000003D0] -> 0x1073
mem[X,0x00800000000003D2] -> 0x3B00
[182] [M]: 0x00800000000003D0 (0x3B001073) csrrw zero, pmpaddr0, zero
CSR pmpaddr0 <- 0x0000000000000000 (input: 0x0000000000000000)

mem[X,0x00800000000003D4] -> 0x1073
mem[X,0x00800000000003D6] -> 0x3B10
[183] [M]: 0x00800000000003D4 (0x3B101073) csrrw zero, pmpaddr1, zero
CSR pmpaddr1 <- 0x0000000000000000 (input: 0x0000000000000000)

mem[X,0x00800000000003D8] -> 0x1073
mem[X,0x00800000000003DA] -> 0x3B20
[184] [M]: 0x00800000000003D8 (0x3B201073) csrrw zero, pmpaddr2, zero
CSR pmpaddr2 <- 0x0000000000000000 (input: 0x0000000000000000)

mem[X,0x00800000000003DC] -> 0x1073
mem[X,0x00800000000003DE] -> 0x3B30
[185] [M]: 0x00800000000003DC (0x3B301073) csrrw zero, pmpaddr3, zero
CSR pmpaddr3 <- 0x0000000000000000 (input: 0x0000000000000000)

mem[X,0x00800000000003E0] -> 0x1073
mem[X,0x00800000000003E2] -> 0x3B40
[186] [M]: 0x00800000000003E0 (0x3B401073) csrrw zero, pmpaddr4, zero
CSR pmpaddr4 <- 0x0000000000000000 (input: 0x0000000000000000)

mem[X,0x00800000000003E4] -> 0x1073
mem[X,0x00800000000003E6] -> 0x3B50
[187] [M]: 0x00800000000003E4 (0x3B501073) csrrw zero, pmpaddr5, zero
CSR pmpaddr5 <- 0x0000000000000000 (input: 0x0000000000000000)

mem[X,0x00800000000003E8] -> 0x1073
mem[X,0x00800000000003EA] -> 0x3B60
[188] [M]: 0x00800000000003E8 (0x3B601073) csrrw zero, pmpaddr6, zero
CSR pmpaddr6 <- 0x0000000000000000 (input: 0x0000000000000000)

mem[X,0x00800000000003EC] -> 0x1073
mem[X,0x00800000000003EE] -> 0x3B70
[189] [M]: 0x00800000000003EC (0x3B701073) csrrw zero, pmpaddr7, zero
CSR pmpaddr7 <- 0x0000000000000000 (input: 0x0000000000000000)

mem[X,0x00800000000003F0] -> 0x1073
mem[X,0x00800000000003F2] -> 0x3B80
[190] [M]: 0x00800000000003F0 (0x3B801073) csrrw zero, pmpaddr8, zero
CSR pmpaddr8 <- 0x0000000000000000 (input: 0x0000000000000000)

mem[X,0x00800000000003F4] -> 0x1073
mem[X,0x00800000000003F6] -> 0x3B90
[191] [M]: 0x00800000000003F4 (0x3B901073) csrrw zero, pmpaddr9, zero
CSR pmpaddr9 <- 0x0000000000000000 (input: 0x0000000000000000)

mem[X,0x00800000000003F8] -> 0x1073
mem[X,0x00800000000003FA] -> 0x3BA0
[192] [M]: 0x00800000000003F8 (0x3BA01073) csrrw zero, pmpaddr10, zero
CSR pmpaddr10 <- 0x0000000000000000 (input: 0x0000000000000000)

mem[X,0x00800000000003FC] -> 0x1073
mem[X,0x00800000000003FE] -> 0x3BB0
[193] [M]: 0x00800000000003FC (0x3BB01073) csrrw zero, pmpaddr11, zero
CSR pmpaddr11 <- 0x0000000000000000 (input: 0x0000000000000000)

mem[X,0x0080000000000400] -> 0x1073
mem[X,0x0080000000000402] -> 0x3BC0
[194] [M]: 0x0080000000000400 (0x3BC01073) csrrw zero, pmpaddr12, zero
CSR pmpaddr12 <- 0x0000000000000000 (input: 0x0000000000000000)

mem[X,0x0080000000000404] -> 0x1073
mem[X,0x0080000000000406] -> 0x3BD0
[195] [M]: 0x0080000000000404 (0x3BD01073) csrrw zero, pmpaddr13, zero
CSR pmpaddr13 <- 0x0000000000000000 (input: 0x0000000000000000)

mem[X,0x0080000000000408] -> 0x1073
mem[X,0x008000000000040A] -> 0x3BE0
[196] [M]: 0x0080000000000408 (0x3BE01073) csrrw zero, pmpaddr14, zero
CSR pmpaddr14 <- 0x0000000000000000 (input: 0x0000000000000000)

mem[X,0x008000000000040C] -> 0x1073
mem[X,0x008000000000040E] -> 0x3BF0
[197] [M]: 0x008000000000040C (0x3BF01073) csrrw zero, pmpaddr15, zero
CSR pmpaddr15 <- 0x0000000000000000 (input: 0x0000000000000000)

mem[X,0x0080000000000410] -> 0x1073
mem[X,0x0080000000000412] -> 0x1800
[198] [M]: 0x0080000000000410 (0x18001073) csrrw zero, satp, zero
CSR satp <- 0x0000000000000000 (input: 0x0000000000000000)

mem[X,0x0080000000000414] -> 0x0213
mem[X,0x0080000000000416] -> 0x0010
[199] [M]: 0x0080000000000414 (0x00100213) addi tp, zero, 0x1
x4 <- 0x0000000000000001

clint::tick mtime <- 0x0000000000000002
 clint timer pending at mtime 0x0000000000000002
htif::tick 0x0000000000000000
mem[X,0x0080000000000418] -> 0x1213
mem[X,0x008000000000041A] -> 0x01F2
[200] [M]: 0x0080000000000418 (0x01F21213) slli tp, tp, 0x1f
x4 <- 0x0000000080000000

mem[X,0x008000000000041C] -> 0x5213
mem[X,0x008000000000041E] -> 0x0022
[201] [M]: 0x008000000000041C (0x00225213) srli tp, tp, 0x2
x4 <- 0x0000000020000000

mem[X,0x0080000000000420] -> 0x1073
mem[X,0x0080000000000422] -> 0x3BE2
[202] [M]: 0x0080000000000420 (0x3BE21073) csrrw zero, pmpaddr14, tp
CSR pmpaddr14 <- 0x0000000020000000 (input: 0x0000000020000000)

mem[X,0x0080000000000424] -> 0x0013
mem[X,0x0080000000000426] -> 0x0000
[203] [M]: 0x0080000000000424 (0x00000013) addi zero, zero, 0x0

mem[X,0x0080000000000428] -> 0x0013
mem[X,0x008000000000042A] -> 0x0000
[204] [M]: 0x0080000000000428 (0x00000013) addi zero, zero, 0x0

mem[X,0x008000000000042C] -> 0x0013
mem[X,0x008000000000042E] -> 0x0000
[205] [M]: 0x008000000000042C (0x00000013) addi zero, zero, 0x0

mem[X,0x0080000000000430] -> 0x0013
mem[X,0x0080000000000432] -> 0x0000
[206] [M]: 0x0080000000000430 (0x00000013) addi zero, zero, 0x0

mem[X,0x0080000000000434] -> 0x0013
mem[X,0x0080000000000436] -> 0x0000
[207] [M]: 0x0080000000000434 (0x00000013) addi zero, zero, 0x0

mem[X,0x0080000000000438] -> 0x0013
mem[X,0x008000000000043A] -> 0x0000
[208] [M]: 0x0080000000000438 (0x00000013) addi zero, zero, 0x0

mem[X,0x008000000000043C] -> 0x0013
mem[X,0x008000000000043E] -> 0x0000
[209] [M]: 0x008000000000043C (0x00000013) addi zero, zero, 0x0

mem[X,0x0080000000000440] -> 0x4217
mem[X,0x0080000000000442] -> 0x0000
[210] [M]: 0x0080000000000440 (0x00004217) auipc tp, 0x4
x4 <- 0x0080000000004440

mem[X,0x0080000000000444] -> 0x0213
mem[X,0x0080000000000446] -> 0x2F02
[211] [M]: 0x0080000000000444 (0x2F020213) addi tp, tp, 0x2f0
x4 <- 0x0080000000004730

mem[X,0x0080000000000448] -> 0x0013
mem[X,0x008000000000044A] -> 0x0000
[212] [M]: 0x0080000000000448 (0x00000013) addi zero, zero, 0x0

mem[X,0x008000000000044C] -> 0x0013
mem[X,0x008000000000044E] -> 0x0000
[213] [M]: 0x008000000000044C (0x00000013) addi zero, zero, 0x0

mem[X,0x0080000000000450] -> 0x0013
mem[X,0x0080000000000452] -> 0x0000
[214] [M]: 0x0080000000000450 (0x00000013) addi zero, zero, 0x0

mem[X,0x0080000000000454] -> 0x0013
mem[X,0x0080000000000456] -> 0x0000
[215] [M]: 0x0080000000000454 (0x00000013) addi zero, zero, 0x0

mem[X,0x0080000000000458] -> 0x0013
mem[X,0x008000000000045A] -> 0x0000
[216] [M]: 0x0080000000000458 (0x00000013) addi zero, zero, 0x0

mem[X,0x008000000000045C] -> 0x0013
mem[X,0x008000000000045E] -> 0x0000
[217] [M]: 0x008000000000045C (0x00000013) addi zero, zero, 0x0

mem[X,0x0080000000000460] -> 0x5213
mem[X,0x0080000000000462] -> 0x0022
[218] [M]: 0x0080000000000460 (0x00225213) srli tp, tp, 0x2
x4 <- 0x00200000000011CC

mem[X,0x0080000000000464] -> 0x1073
mem[X,0x0080000000000466] -> 0x3BF2
[219] [M]: 0x0080000000000464 (0x3BF21073) csrrw zero, pmpaddr15, tp
CSR pmpaddr15 <- 0x00200000000011CC (input: 0x00200000000011CC)

mem[X,0x0080000000000468] -> 0x0013
mem[X,0x008000000000046A] -> 0x0000
[220] [M]: 0x0080000000000468 (0x00000013) addi zero, zero, 0x0

mem[X,0x008000000000046C] -> 0x0013
mem[X,0x008000000000046E] -> 0x0000
[221] [M]: 0x008000000000046C (0x00000013) addi zero, zero, 0x0

mem[X,0x0080000000000470] -> 0x0013
mem[X,0x0080000000000472] -> 0x0000
[222] [M]: 0x0080000000000470 (0x00000013) addi zero, zero, 0x0

mem[X,0x0080000000000474] -> 0x0013
mem[X,0x0080000000000476] -> 0x0000
[223] [M]: 0x0080000000000474 (0x00000013) addi zero, zero, 0x0

mem[X,0x0080000000000478] -> 0x0013
mem[X,0x008000000000047A] -> 0x0000
[224] [M]: 0x0080000000000478 (0x00000013) addi zero, zero, 0x0

mem[X,0x008000000000047C] -> 0x0013
mem[X,0x008000000000047E] -> 0x0000
[225] [M]: 0x008000000000047C (0x00000013) addi zero, zero, 0x0

mem[X,0x0080000000000480] -> 0x0217
mem[X,0x0080000000000482] -> 0x0000
[226] [M]: 0x0080000000000480 (0x00000217) auipc tp, 0x0
x4 <- 0x0080000000000480

mem[X,0x0080000000000484] -> 0x0213
mem[X,0x0080000000000486] -> 0x3002
[227] [M]: 0x0080000000000484 (0x30020213) addi tp, tp, 0x300
x4 <- 0x0080000000000780

mem[X,0x0080000000000488] -> 0x0013
mem[X,0x008000000000048A] -> 0x0000
[228] [M]: 0x0080000000000488 (0x00000013) addi zero, zero, 0x0

mem[X,0x008000000000048C] -> 0x0013
mem[X,0x008000000000048E] -> 0x0000
[229] [M]: 0x008000000000048C (0x00000013) addi zero, zero, 0x0

mem[X,0x0080000000000490] -> 0x0013
mem[X,0x0080000000000492] -> 0x0000
[230] [M]: 0x0080000000000490 (0x00000013) addi zero, zero, 0x0

mem[X,0x0080000000000494] -> 0x0013
mem[X,0x0080000000000496] -> 0x0000
[231] [M]: 0x0080000000000494 (0x00000013) addi zero, zero, 0x0

mem[X,0x0080000000000498] -> 0x0013
mem[X,0x008000000000049A] -> 0x0000
[232] [M]: 0x0080000000000498 (0x00000013) addi zero, zero, 0x0

mem[X,0x008000000000049C] -> 0x0013
mem[X,0x008000000000049E] -> 0x0000
[233] [M]: 0x008000000000049C (0x00000013) addi zero, zero, 0x0

mem[X,0x00800000000004A0] -> 0x5213
mem[X,0x00800000000004A2] -> 0x0022
[234] [M]: 0x00800000000004A0 (0x00225213) srli tp, tp, 0x2
x4 <- 0x00200000000001E0

mem[X,0x00800000000004A4] -> 0x1073
mem[X,0x00800000000004A6] -> 0x3B32
[235] [M]: 0x00800000000004A4 (0x3B321073) csrrw zero, pmpaddr3, tp
CSR pmpaddr3 <- 0x00200000000001E0 (input: 0x00200000000001E0)

mem[X,0x00800000000004A8] -> 0x0013
mem[X,0x00800000000004AA] -> 0x0000
[236] [M]: 0x00800000000004A8 (0x00000013) addi zero, zero, 0x0

mem[X,0x00800000000004AC] -> 0x0213
mem[X,0x00800000000004AE] -> 0x08F0
[237] [M]: 0x00800000000004AC (0x08F00213) addi tp, zero, 0x8f
x4 <- 0x000000000000008F

mem[X,0x00800000000004B0] -> 0x1213
mem[X,0x00800000000004B2] -> 0x0382
[238] [M]: 0x00800000000004B0 (0x03821213) slli tp, tp, 0x38
x4 <- 0x8F00000000000000

mem[X,0x00800000000004B4] -> 0x2073
mem[X,0x00800000000004B6] -> 0x3A22
[239] [M]: 0x00800000000004B4 (0x3A222073) csrrs zero, pmpcfg2, tp
CSR pmpcfg2 <- 0x8F00000000000000 (input: 0x8F00000000000000)

mem[X,0x00800000000004B8] -> 0x0013
mem[X,0x00800000000004BA] -> 0x0000
[240] [M]: 0x00800000000004B8 (0x00000013) addi zero, zero, 0x0

mem[X,0x00800000000004BC] -> 0x0213
mem[X,0x00800000000004BE] -> 0x09B0
[241] [M]: 0x00800000000004BC (0x09B00213) addi tp, zero, 0x9b
x4 <- 0x000000000000009B

mem[X,0x00800000000004C0] -> 0x1213
mem[X,0x00800000000004C2] -> 0x0182
[242] [M]: 0x00800000000004C0 (0x01821213) slli tp, tp, 0x18
x4 <- 0x000000009B000000

mem[X,0x00800000000004C4] -> 0x2073
mem[X,0x00800000000004C6] -> 0x3A02
[243] [M]: 0x00800000000004C4 (0x3A022073) csrrs zero, pmpcfg0, tp
CSR pmpcfg0 <- 0x000000009B000000 (input: 0x000000009B000000)

mem[X,0x00800000000004C8] -> 0x0013
mem[X,0x00800000000004CA] -> 0x0000
[244] [M]: 0x00800000000004C8 (0x00000013) addi zero, zero, 0x0

mem[X,0x00800000000004CC] -> 0x0013
mem[X,0x00800000000004CE] -> 0x0000
[245] [M]: 0x00800000000004CC (0x00000013) addi zero, zero, 0x0

mem[X,0x00800000000004D0] -> 0x0013
mem[X,0x00800000000004D2] -> 0x0000
[246] [M]: 0x00800000000004D0 (0x00000013) addi zero, zero, 0x0

mem[X,0x00800000000004D4] -> 0x0013
mem[X,0x00800000000004D6] -> 0x0000
[247] [M]: 0x00800000000004D4 (0x00000013) addi zero, zero, 0x0

mem[X,0x00800000000004D8] -> 0x0013
mem[X,0x00800000000004DA] -> 0x0000
[248] [M]: 0x00800000000004D8 (0x00000013) addi zero, zero, 0x0

mem[X,0x00800000000004DC] -> 0x0013
mem[X,0x00800000000004DE] -> 0x0000
[249] [M]: 0x00800000000004DC (0x00000013) addi zero, zero, 0x0

mem[X,0x00800000000004E0] -> 0x0797
mem[X,0x00800000000004E2] -> 0x0000
[250] [M]: 0x00800000000004E0 (0x00000797) auipc a5, 0x0
x15 <- 0x00800000000004E0

mem[X,0x00800000000004E4] -> 0x8793
mem[X,0x00800000000004E6] -> 0x2A07
[251] [M]: 0x00800000000004E4 (0x2A078793) addi a5, a5, 0x2a0
x15 <- 0x0080000000000780

mem[X,0x00800000000004E8] -> 0x0013
mem[X,0x00800000000004EA] -> 0x0000
[252] [M]: 0x00800000000004E8 (0x00000013) addi zero, zero, 0x0

mem[X,0x00800000000004EC] -> 0x0013
mem[X,0x00800000000004EE] -> 0x0000
[253] [M]: 0x00800000000004EC (0x00000013) addi zero, zero, 0x0

mem[X,0x00800000000004F0] -> 0x0013
mem[X,0x00800000000004F2] -> 0x0000
[254] [M]: 0x00800000000004F0 (0x00000013) addi zero, zero, 0x0

mem[X,0x00800000000004F4] -> 0x0013
mem[X,0x00800000000004F6] -> 0x0000
[255] [M]: 0x00800000000004F4 (0x00000013) addi zero, zero, 0x0

mem[X,0x00800000000004F8] -> 0x0013
mem[X,0x00800000000004FA] -> 0x0000
[256] [M]: 0x00800000000004F8 (0x00000013) addi zero, zero, 0x0

mem[X,0x00800000000004FC] -> 0x0013
mem[X,0x00800000000004FE] -> 0x0000
[257] [M]: 0x00800000000004FC (0x00000013) addi zero, zero, 0x0

mem[X,0x0080000000000500] -> 0x0713
mem[X,0x0080000000000502] -> 0x0130
[258] [M]: 0x0080000000000500 (0x01300713) addi a4, zero, 0x13
x14 <- 0x0000000000000013

mem[X,0x0080000000000504] -> 0x8023
mem[X,0x0080000000000506] -> 0x00E7
[259] [M]: 0x0080000000000504 (0x00E78023) sb a4, 0x0(a5)
mem[0x0080000000000780] <- 0x13

mem[X,0x0080000000000508] -> 0x0013
mem[X,0x008000000000050A] -> 0x0000
[260] [M]: 0x0080000000000508 (0x00000013) addi zero, zero, 0x0

mem[X,0x008000000000050C] -> 0x0013
mem[X,0x008000000000050E] -> 0x0000
[261] [M]: 0x008000000000050C (0x00000013) addi zero, zero, 0x0

mem[X,0x0080000000000510] -> 0x9023
mem[X,0x0080000000000512] -> 0x00E7
[262] [M]: 0x0080000000000510 (0x00E79023) sh a4, 0x0(a5)
mem[0x0080000000000780] <- 0x0013

mem[X,0x0080000000000514] -> 0x0013
mem[X,0x0080000000000516] -> 0x0000
[263] [M]: 0x0080000000000514 (0x00000013) addi zero, zero, 0x0

mem[X,0x0080000000000518] -> 0x0013
mem[X,0x008000000000051A] -> 0x0000
[264] [M]: 0x0080000000000518 (0x00000013) addi zero, zero, 0x0

mem[X,0x008000000000051C] -> 0xA023
mem[X,0x008000000000051E] -> 0x00E7
[265] [M]: 0x008000000000051C (0x00E7A023) sw a4, 0x0(a5)
mem[0x0080000000000780] <- 0x00000013

mem[X,0x0080000000000520] -> 0x0013
mem[X,0x0080000000000522] -> 0x0000
[266] [M]: 0x0080000000000520 (0x00000013) addi zero, zero, 0x0

mem[X,0x0080000000000524] -> 0x0013
mem[X,0x0080000000000526] -> 0x0000
[267] [M]: 0x0080000000000524 (0x00000013) addi zero, zero, 0x0

mem[X,0x0080000000000528] -> 0xB023
mem[X,0x008000000000052A] -> 0x00E7
[268] [M]: 0x0080000000000528 (0x00E7B023) sd a4, 0x0(a5)
mem[0x0080000000000780] <- 0x0000000000000013

mem[X,0x008000000000052C] -> 0x0013
mem[X,0x008000000000052E] -> 0x0000
[269] [M]: 0x008000000000052C (0x00000013) addi zero, zero, 0x0

mem[X,0x0080000000000530] -> 0x0013
mem[X,0x0080000000000532] -> 0x0000
[270] [M]: 0x0080000000000530 (0x00000013) addi zero, zero, 0x0

mem[X,0x0080000000000534] -> 0x8703
mem[X,0x0080000000000536] -> 0x0007
[271] [M]: 0x0080000000000534 (0x00078703) lb a4, 0x0(a5)
mem[R,0x0080000000000780] -> 0x13
x14 <- 0x0000000000000013

mem[X,0x0080000000000538] -> 0x0013
mem[X,0x008000000000053A] -> 0x0000
[272] [M]: 0x0080000000000538 (0x00000013) addi zero, zero, 0x0

mem[X,0x008000000000053C] -> 0x0013
mem[X,0x008000000000053E] -> 0x0000
[273] [M]: 0x008000000000053C (0x00000013) addi zero, zero, 0x0

mem[X,0x0080000000000540] -> 0xB023
mem[X,0x0080000000000542] -> 0x00E6
[274] [M]: 0x0080000000000540 (0x00E6B023) sd a4, 0x0(a3)
mem[0x0080000000004218] <- 0x0000000000000013

mem[X,0x0080000000000544] -> 0x9703
mem[X,0x0080000000000546] -> 0x0007
[275] [M]: 0x0080000000000544 (0x00079703) lh a4, 0x0(a5)
mem[R,0x0080000000000780] -> 0x0013
x14 <- 0x0000000000000013

mem[X,0x0080000000000548] -> 0x0013
mem[X,0x008000000000054A] -> 0x0000
[276] [M]: 0x0080000000000548 (0x00000013) addi zero, zero, 0x0

mem[X,0x008000000000054C] -> 0x0013
mem[X,0x008000000000054E] -> 0x0000
[277] [M]: 0x008000000000054C (0x00000013) addi zero, zero, 0x0

mem[X,0x0080000000000550] -> 0xB423
mem[X,0x0080000000000552] -> 0x00E6
[278] [M]: 0x0080000000000550 (0x00E6B423) sd a4, 0x8(a3)
mem[0x0080000000004220] <- 0x0000000000000013

mem[X,0x0080000000000554] -> 0xA703
mem[X,0x0080000000000556] -> 0x0007
[279] [M]: 0x0080000000000554 (0x0007A703) lw a4, 0x0(a5)
mem[R,0x0080000000000780] -> 0x00000013
x14 <- 0x0000000000000013

mem[X,0x0080000000000558] -> 0x0013
mem[X,0x008000000000055A] -> 0x0000
[280] [M]: 0x0080000000000558 (0x00000013) addi zero, zero, 0x0

mem[X,0x008000000000055C] -> 0x0013
mem[X,0x008000000000055E] -> 0x0000
[281] [M]: 0x008000000000055C (0x00000013) addi zero, zero, 0x0

mem[X,0x0080000000000560] -> 0xB703
mem[X,0x0080000000000562] -> 0x0007
[282] [M]: 0x0080000000000560 (0x0007B703) ld a4, 0x0(a5)
mem[R,0x0080000000000780] -> 0x0000000000000013
x14 <- 0x0000000000000013

mem[X,0x0080000000000564] -> 0x0013
mem[X,0x0080000000000566] -> 0x0000
[283] [M]: 0x0080000000000564 (0x00000013) addi zero, zero, 0x0

mem[X,0x0080000000000568] -> 0x0013
mem[X,0x008000000000056A] -> 0x0000
[284] [M]: 0x0080000000000568 (0x00000013) addi zero, zero, 0x0

mem[X,0x008000000000056C] -> 0xB823
mem[X,0x008000000000056E] -> 0x00E6
[285] [M]: 0x008000000000056C (0x00E6B823) sd a4, 0x10(a3)
mem[0x0080000000004228] <- 0x0000000000000013

mem[X,0x0080000000000570] -> 0x00EF
mem[X,0x0080000000000572] -> 0x2100
[286] [M]: 0x0080000000000570 (0x210000EF) jal ra, 0x210
x1 <- 0x0080000000000574

trapping from M to M to handle fetch-access-fault
handling exc#0x01 at priv M with tval 0x0080000000000780
CSR mstatus <- 0x0000000A00001800
mem[X,0x0080000000000880] -> 0x006F
mem[X,0x0080000000000882] -> 0x1000
[287] [M]: 0x0080000000000880 (0x1000006F) jal zero, 0x100

mem[X,0x0080000000000980] -> 0x1173
mem[X,0x0080000000000982] -> 0x3401
[288] [M]: 0x0080000000000980 (0x34011173) csrrw sp, mscratch, sp
CSR mscratch <- 0x01FDDB7D5BFDDB7F (input: 0x01FDDB7D5BFDDB7F)
x2 <- 0x0080000000003000

mem[X,0x0080000000000984] -> 0x3423
mem[X,0x0080000000000986] -> 0x28B1
[289] [M]: 0x0080000000000984 (0x28B13423) sd a1, 0x288(sp)
mem[0x0080000000003288] <- 0x0000000000000000

mem[X,0x0080000000000988] -> 0x05EF
mem[X,0x008000000000098A] -> 0x0B80
[290] [M]: 0x0080000000000988 (0x0B8005EF) jal a1, 0xb8
x11 <- 0x008000000000098C

mem[X,0x0080000000000A40] -> 0x3023
mem[X,0x0080000000000A42] -> 0x28A1
[291] [M]: 0x0080000000000A40 (0x28A13023) sd a0, 0x280(sp)
mem[0x0080000000003280] <- 0x0000000000000001

mem[X,0x0080000000000A44] -> 0x1573
mem[X,0x0080000000000A46] -> 0x3401
[292] [M]: 0x0080000000000A44 (0x34011573) csrrw a0, mscratch, sp
CSR mscratch <- 0x0080000000003000 (input: 0x0080000000003000)
x10 <- 0x01FDDB7D5BFDDB7F

mem[X,0x0080000000000A48] -> 0x3823
mem[X,0x0080000000000A4A] -> 0x28A1
[293] [M]: 0x0080000000000A48 (0x28A13823) sd a0, 0x290(sp)
mem[0x0080000000003290] <- 0x01FDDB7D5BFDDB7F

mem[X,0x0080000000000A4C] -> 0x3503
mem[X,0x0080000000000A4E] -> 0x2301
[294] [M]: 0x0080000000000A4C (0x23013503) ld a0, 0x230(sp)
mem[R,0x0080000000003230] -> 0x0080000000000A54
x10 <- 0x0080000000000A54

mem[X,0x0080000000000A50] -> 0x0067
mem[X,0x0080000000000A52] -> 0x0005
[295] [M]: 0x0080000000000A50 (0x00050067) jalr zero, 0x0(a0)

mem[X,0x0080000000000A54] -> 0x3C23
mem[X,0x0080000000000A56] -> 0x2691
[296] [M]: 0x0080000000000A54 (0x26913C23) sd s1, 0x278(sp)
mem[0x0080000000003278] <- 0x00000000000000FE

mem[X,0x0080000000000A58] -> 0x3823
mem[X,0x0080000000000A5A] -> 0x2681
[297] [M]: 0x0080000000000A58 (0x26813823) sd fp, 0x270(sp)
mem[0x0080000000003270] <- 0x0000000000007F76

mem[X,0x0080000000000A5C] -> 0x3423
mem[X,0x0080000000000A5E] -> 0x2671
[298] [M]: 0x0080000000000A5C (0x26713423) sd t2, 0x268(sp)
mem[0x0080000000003268] <- 0x00000000003FBB6F

mem[X,0x0080000000000A60] -> 0x3023
mem[X,0x0080000000000A62] -> 0x2661
[299] [M]: 0x0080000000000A60 (0x26613023) sd t1, 0x260(sp)
mem[0x0080000000003260] <- 0x000000001FDDB7D5

clint::tick mtime <- 0x0000000000000003
 clint timer pending at mtime 0x0000000000000003
htif::tick 0x0000000000000000
mem[X,0x0080000000000A64] -> 0x2573
mem[X,0x0080000000000A66] -> 0x3420
[300] [M]: 0x0080000000000A64 (0x34202573) csrrs a0, mcause, zero
CSR mcause -> 0x0000000000000001
x10 <- 0x0000000000000001

mem[X,0x0080000000000A68] -> 0x04B7
mem[X,0x0080000000000A6A] -> 0x8000
[301] [M]: 0x0080000000000A68 (0x800004B7) lui s1, -0x80000
x9 <- 0xFFFFFFFF80000000

mem[X,0x0080000000000A6C] -> 0x8493
mem[X,0x0080000000000A6E] -> 0x0004
[302] [M]: 0x0080000000000A6C (0x00048493) addi s1, s1, 0x0
x9 <- 0xFFFFFFFF80000000

mem[X,0x0080000000000A70] -> 0x9493
mem[X,0x0080000000000A72] -> 0x00B4
[303] [M]: 0x0080000000000A70 (0x00B49493) slli s1, s1, 0xb
x9 <- 0xFFFFFC0000000000

mem[X,0x0080000000000A74] -> 0x8493
mem[X,0x0080000000000A76] -> 0x0004
[304] [M]: 0x0080000000000A74 (0x00048493) addi s1, s1, 0x0
x9 <- 0xFFFFFC0000000000

mem[X,0x0080000000000A78] -> 0x9493
mem[X,0x0080000000000A7A] -> 0x00B4
[305] [M]: 0x0080000000000A78 (0x00B49493) slli s1, s1, 0xb
x9 <- 0xFFE0000000000000

mem[X,0x0080000000000A7C] -> 0x8493
mem[X,0x0080000000000A7E] -> 0x0034
[306] [M]: 0x0080000000000A7C (0x00348493) addi s1, s1, 0x3
x9 <- 0xFFE0000000000003

mem[X,0x0080000000000A80] -> 0x9493
mem[X,0x0080000000000A82] -> 0x00A4
[307] [M]: 0x0080000000000A80 (0x00A49493) slli s1, s1, 0xa
x9 <- 0x8000000000000C00

mem[X,0x0080000000000A84] -> 0x8493
mem[X,0x0080000000000A86] -> 0x3FC4
[308] [M]: 0x0080000000000A84 (0x3FC48493) addi s1, s1, 0x3fc
x9 <- 0x8000000000000FFC

mem[X,0x0080000000000A88] -> 0xF4B3
mem[X,0x0080000000000A8A] -> 0x00A4
[309] [M]: 0x0080000000000A88 (0x00A4F4B3) and s1, s1, a0
x9 <- 0x0000000000000000

mem[X,0x0080000000000A8C] -> 0x8493
mem[X,0x0080000000000A8E] -> 0xFF84
[310] [M]: 0x0080000000000A8C (0xFF848493) addi s1, s1, -0x8
x9 <- 0xFFFFFFFFFFFFFFF8

mem[X,0x0080000000000A90] -> 0x9663
mem[X,0x0080000000000A92] -> 0x0004
[311] [M]: 0x0080000000000A90 (0x00049663) bne s1, zero, 0xc

mem[X,0x0080000000000A9C] -> 0x0393
mem[X,0x0080000000000A9E] -> 0x0200
[312] [M]: 0x0080000000000A9C (0x02000393) addi t2, zero, 0x20
x7 <- 0x0000000000000020

mem[X,0x0080000000000AA0] -> 0x5263
mem[X,0x0080000000000AA2] -> 0x0405
[313] [M]: 0x0080000000000AA0 (0x04055263) bge a0, zero, 0x44

mem[X,0x0080000000000AE4] -> 0x2373
mem[X,0x0080000000000AE6] -> 0x3010
[314] [M]: 0x0080000000000AE4 (0x30102373) csrrs t1, misa, zero
CSR misa -> 0x800000000034112D
x6 <- 0x800000000034112D

mem[X,0x0080000000000AE8] -> 0x1313
mem[X,0x0080000000000AEA] -> 0x0383
[315] [M]: 0x0080000000000AE8 (0x03831313) slli t1, t1, 0x38
x6 <- 0x2D00000000000000

mem[X,0x0080000000000AEC] -> 0x5463
mem[X,0x0080000000000AEE] -> 0x0003
[316] [M]: 0x0080000000000AEC (0x00035463) bge t1, zero, 0x8

mem[X,0x0080000000000AF4] -> 0x3303
mem[X,0x0080000000000AF6] -> 0x2181
[317] [M]: 0x0080000000000AF4 (0x21813303) ld t1, 0x218(sp)
mem[R,0x0080000000003218] -> 0x0080000000004320
x6 <- 0x0080000000004320

mem[X,0x0080000000000AF8] -> 0x04B3
mem[X,0x0080000000000AFA] -> 0x0073
[318] [M]: 0x0080000000000AF8 (0x007304B3) add s1, t1, t2
x9 <- 0x0080000000004340

mem[X,0x0080000000000AFC] -> 0x3C23
mem[X,0x0080000000000AFE] -> 0x2091
[319] [M]: 0x0080000000000AFC (0x20913C23) sd s1, 0x218(sp)
mem[0x0080000000003218] <- 0x0080000000004340

mem[X,0x0080000000000B00] -> 0x3403
mem[X,0x0080000000000B02] -> 0x1F81
[320] [M]: 0x0080000000000B00 (0x1F813403) ld fp, 0x1f8(sp)
mem[R,0x00800000000031F8] -> 0x0080000000004210
x8 <- 0x0080000000004210

mem[X,0x0080000000000B04] -> 0x0333
mem[X,0x0080000000000B06] -> 0x4083
[321] [M]: 0x0080000000000B04 (0x40830333) sub t1, t1, fp
x6 <- 0x0000000000000110

mem[X,0x0080000000000B08] -> 0x3403
mem[X,0x0080000000000B0A] -> 0x1F81
[322] [M]: 0x0080000000000B08 (0x1F813403) ld fp, 0x1f8(sp)
mem[R,0x00800000000031F8] -> 0x0080000000004210
x8 <- 0x0080000000004210

mem[X,0x0080000000000B0C] -> 0x0333
mem[X,0x0080000000000B0E] -> 0x0083
[323] [M]: 0x0080000000000B0C (0x00830333) add t1, t1, fp
x6 <- 0x0080000000004320

mem[X,0x0080000000000B10] -> 0x3403
mem[X,0x0080000000000B12] -> 0x2401
[324] [M]: 0x0080000000000B10 (0x24013403) ld fp, 0x240(sp)
mem[R,0x0080000000003240] -> 0x0080000000000880
x8 <- 0x0080000000000880

mem[X,0x0080000000000B14] -> 0x85B3
mem[X,0x0080000000000B16] -> 0x4085
[325] [M]: 0x0080000000000B14 (0x408585B3) sub a1, a1, fp
x11 <- 0x000000000000010C

mem[X,0x0080000000000B18] -> 0x9593
mem[X,0x0080000000000B1A] -> 0x0045
[326] [M]: 0x0080000000000B18 (0x00459593) slli a1, a1, 0x4
x11 <- 0x00000000000010C0

mem[X,0x0080000000000B1C] -> 0xE5B3
mem[X,0x0080000000000B1E] -> 0x0075
[327] [M]: 0x0080000000000B1C (0x0075E5B3) or a1, a1, t2
x11 <- 0x00000000000010E0

mem[X,0x0080000000000B20] -> 0x8593
mem[X,0x0080000000000B22] -> 0x0035
[328] [M]: 0x0080000000000B20 (0x00358593) addi a1, a1, 0x3
x11 <- 0x00000000000010E3

mem[X,0x0080000000000B24] -> 0x3023
mem[X,0x0080000000000B26] -> 0x00B3
[329] [M]: 0x0080000000000B24 (0x00B33023) sd a1, 0x0(t1)
mem[0x0080000000004320] <- 0x00000000000010E3

mem[X,0x0080000000000B28] -> 0x3423
mem[X,0x0080000000000B2A] -> 0x00A3
[330] [M]: 0x0080000000000B28 (0x00A33423) sd a0, 0x8(t1)
mem[0x0080000000004328] <- 0x0000000000000001

mem[X,0x0080000000000B2C] -> 0x4863
mem[X,0x0080000000000B2E] -> 0x1605
[331] [M]: 0x0080000000000B2C (0x16054863) blt a0, zero, 0x170

mem[X,0x0080000000000B30] -> 0x25F3
mem[X,0x0080000000000B32] -> 0x3000
[332] [M]: 0x0080000000000B30 (0x300025F3) csrrs a1, mstatus, zero
CSR mstatus -> 0x0000000A00001800
x11 <- 0x0000000A00001800

mem[X,0x0080000000000B34] -> 0x9413
mem[X,0x0080000000000B36] -> 0x02E5
[333] [M]: 0x0080000000000B34 (0x02E59413) slli fp, a1, 0x2e
x8 <- 0x0600000000000000

mem[X,0x0080000000000B38] -> 0x5463
mem[X,0x0080000000000B3A] -> 0x0004
[334] [M]: 0x0080000000000B38 (0x00045463) bge fp, zero, 0x8

mem[X,0x0080000000000B40] -> 0xD493
mem[X,0x0080000000000B42] -> 0x00B5
[335] [M]: 0x0080000000000B40 (0x00B5D493) srli s1, a1, 0xb
x9 <- 0x0000000001400003

mem[X,0x0080000000000B44] -> 0xF493
mem[X,0x0080000000000B46] -> 0x0034
[336] [M]: 0x0080000000000B44 (0x0034F493) andi s1, s1, 0x3
x9 <- 0x0000000000000003

mem[X,0x0080000000000B48] -> 0x8493
mem[X,0x0080000000000B4A] -> 0x0014
[337] [M]: 0x0080000000000B48 (0x00148493) addi s1, s1, 0x1
x9 <- 0x0000000000000004

mem[X,0x0080000000000B4C] -> 0xF493
mem[X,0x0080000000000B4E] -> 0x0044
[338] [M]: 0x0080000000000B4C (0x0044F493) andi s1, s1, 0x4
x9 <- 0x0000000000000004

mem[X,0x0080000000000B50] -> 0x0593
mem[X,0x0080000000000B52] -> 0x05D0
[339] [M]: 0x0080000000000B50 (0x05D00593) addi a1, zero, 0x5d
x11 <- 0x000000000000005D

mem[X,0x0080000000000B54] -> 0xD5B3
mem[X,0x0080000000000B56] -> 0x0095
[340] [M]: 0x0080000000000B54 (0x0095D5B3) srl a1, a1, s1
x11 <- 0x0000000000000005

mem[X,0x0080000000000B58] -> 0xF593
mem[X,0x0080000000000B5A] -> 0x0015
[341] [M]: 0x0080000000000B58 (0x0015F593) andi a1, a1, 0x1
x11 <- 0x0000000000000001

mem[X,0x0080000000000B5C] -> 0x8EE3
mem[X,0x0080000000000B5E] -> 0xF405
[342] [M]: 0x0080000000000B5C (0xF4058EE3) beq a1, zero, -0xa4

mem[X,0x0080000000000B60] -> 0x0593
mem[X,0x0080000000000B62] -> 0x2980
[343] [M]: 0x0080000000000B60 (0x29800593) addi a1, zero, 0x298
x11 <- 0x0000000000000298

mem[X,0x0080000000000B64] -> 0xF413
mem[X,0x0080000000000B66] -> 0x0014
[344] [M]: 0x0080000000000B64 (0x0014F413) andi fp, s1, 0x1
x8 <- 0x0000000000000000

mem[X,0x0080000000000B68] -> 0x95B3
mem[X,0x0080000000000B6A] -> 0x0085
[345] [M]: 0x0080000000000B68 (0x008595B3) sll a1, a1, fp
x11 <- 0x0000000000000298

mem[X,0x0080000000000B6C] -> 0x9413
mem[X,0x0080000000000B6E] -> 0x03D4
[346] [M]: 0x0080000000000B6C (0x03D49413) slli fp, s1, 0x3d
x8 <- 0x8000000000000000

mem[X,0x0080000000000B70] -> 0x5413
mem[X,0x0080000000000B72] -> 0x43F4
[347] [M]: 0x0080000000000B70 (0x43F45413) srai fp, fp, 0x3f
x8 <- 0xFFFFFFFFFFFFFFFF

mem[X,0x0080000000000B74] -> 0x4413
mem[X,0x0080000000000B76] -> 0xFFF4
[348] [M]: 0x0080000000000B74 (0xFFF44413) xori fp, fp, -0x1
x8 <- 0x0000000000000000

mem[X,0x0080000000000B78] -> 0xF4B3
mem[X,0x0080000000000B7A] -> 0x0085
[349] [M]: 0x0080000000000B78 (0x0085F4B3) and s1, a1, fp
x9 <- 0x0000000000000000

mem[X,0x0080000000000B7C] -> 0x84B3
mem[X,0x0080000000000B7E] -> 0x0024
[350] [M]: 0x0080000000000B7C (0x002484B3) add s1, s1, sp
x9 <- 0x0080000000003000

mem[X,0x0080000000000B80] -> 0x23F3
mem[X,0x0080000000000B82] -> 0x3410
[351] [M]: 0x0080000000000B80 (0x341023F3) csrrs t2, mepc, zero
CSR mepc -> 0x0080000000000780
x7 <- 0x0080000000000780

mem[X,0x0080000000000B84] -> 0xB403
mem[X,0x0080000000000B86] -> 0x2084
[352] [M]: 0x0080000000000B84 (0x2084B403) ld fp, 0x208(s1)
mem[R,0x0080000000003208] -> 0x008000000000039C
x8 <- 0x008000000000039C

mem[X,0x0080000000000B88] -> 0xB583
mem[X,0x0080000000000B8A] -> 0x2104
[353] [M]: 0x0080000000000B88 (0x2104B583) ld a1, 0x210(s1)
mem[R,0x0080000000003210] -> 0x0000000000000400
x11 <- 0x0000000000000400

mem[X,0x0080000000000B8C] -> 0x85B3
mem[X,0x0080000000000B8E] -> 0x0085
[354] [M]: 0x0080000000000B8C (0x008585B3) add a1, a1, fp
x11 <- 0x008000000000079C

mem[X,0x0080000000000B90] -> 0xF463
mem[X,0x0080000000000B92] -> 0x00B3
[355] [M]: 0x0080000000000B90 (0x00B3F463) bgeu t2, a1, 0x8

mem[X,0x0080000000000B94] -> 0xF663
mem[X,0x0080000000000B96] -> 0x0283
[356] [M]: 0x0080000000000B94 (0x0283F663) bgeu t2, fp, 0x2c

mem[X,0x0080000000000BC0] -> 0x8433
mem[X,0x0080000000000BC2] -> 0x4083
[357] [M]: 0x0080000000000BC0 (0x40838433) sub fp, t2, fp
x8 <- 0x00000000000003E4

mem[X,0x0080000000000BC4] -> 0x3823
mem[X,0x0080000000000BC6] -> 0x0083
[358] [M]: 0x0080000000000BC4 (0x00833823) sd fp, 0x10(t1)
mem[0x0080000000004330] <- 0x00000000000003E4

mem[X,0x0080000000000BC8] -> 0xF593
mem[X,0x0080000000000BCA] -> 0xFFC3
[359] [M]: 0x0080000000000BC8 (0xFFC3F593) andi a1, t2, -0x4
x11 <- 0x0080000000000780

mem[X,0x0080000000000BCC] -> 0x8593
mem[X,0x0080000000000BCE] -> 0x0085
[360] [M]: 0x0080000000000BCC (0x00858593) addi a1, a1, 0x8
x11 <- 0x0080000000000788

mem[X,0x0080000000000BD0] -> 0x9073
mem[X,0x0080000000000BD2] -> 0x3415
[361] [M]: 0x0080000000000BD0 (0x34159073) csrrw zero, mepc, a1
CSR mepc <- 0x0080000000000788 (input: 0x0080000000000788)

mem[X,0x0080000000000BD4] -> 0x23F3
mem[X,0x0080000000000BD6] -> 0x3430
[362] [M]: 0x0080000000000BD4 (0x343023F3) csrrs t2, mtval, zero
CSR mtval -> 0x0080000000000780
x7 <- 0x0080000000000780

mem[X,0x0080000000000BD8] -> 0x7513
mem[X,0x0080000000000BDA] -> 0x00F5
[363] [M]: 0x0080000000000BD8 (0x00F57513) andi a0, a0, 0xf
x10 <- 0x0000000000000001

mem[X,0x0080000000000BDC] -> 0x0437
mem[X,0x0080000000000BDE] -> 0x0000
[364] [M]: 0x0080000000000BDC (0x00000437) lui fp, 0x0
x8 <- 0x0000000000000000

mem[X,0x0080000000000BE0] -> 0x0413
mem[X,0x0080000000000BE2] -> 0x0004
[365] [M]: 0x0080000000000BE0 (0x00040413) addi fp, fp, 0x0
x8 <- 0x0000000000000000

mem[X,0x0080000000000BE4] -> 0x1413
mem[X,0x0080000000000BE6] -> 0x00B4
[366] [M]: 0x0080000000000BE4 (0x00B41413) slli fp, fp, 0xb
x8 <- 0x0000000000000000

mem[X,0x0080000000000BE8] -> 0x0413
mem[X,0x0080000000000BEA] -> 0x0004
[367] [M]: 0x0080000000000BE8 (0x00040413) addi fp, fp, 0x0
x8 <- 0x0000000000000000

mem[X,0x0080000000000BEC] -> 0x1413
mem[X,0x0080000000000BEE] -> 0x00B4
[368] [M]: 0x0080000000000BEC (0x00B41413) slli fp, fp, 0xb
x8 <- 0x0000000000000000

mem[X,0x0080000000000BF0] -> 0x0413
mem[X,0x0080000000000BF2] -> 0x02C4
[369] [M]: 0x0080000000000BF0 (0x02C40413) addi fp, fp, 0x2c
x8 <- 0x000000000000002C

mem[X,0x0080000000000BF4] -> 0x1413
mem[X,0x0080000000000BF6] -> 0x00A4
[370] [M]: 0x0080000000000BF4 (0x00A41413) slli fp, fp, 0xa
x8 <- 0x000000000000B000

mem[X,0x0080000000000BF8] -> 0x0413
mem[X,0x0080000000000BFA] -> 0x0FB4
[371] [M]: 0x0080000000000BF8 (0x0FB40413) addi fp, fp, 0xfb
x8 <- 0x000000000000B0FB

mem[X,0x0080000000000BFC] -> 0x5433
mem[X,0x0080000000000BFE] -> 0x00A4
[372] [M]: 0x0080000000000BFC (0x00A45433) srl fp, fp, a0
x8 <- 0x000000000000587D

mem[X,0x0080000000000C00] -> 0x1413
mem[X,0x0080000000000C02] -> 0x03F4
[373] [M]: 0x0080000000000C00 (0x03F41413) slli fp, fp, 0x3f
x8 <- 0x8000000000000000

mem[X,0x0080000000000C04] -> 0x5C63
mem[X,0x0080000000000C06] -> 0x0404
[374] [M]: 0x0080000000000C04 (0x04045C63) bge fp, zero, 0x58

mem[X,0x0080000000000C08] -> 0xB403
mem[X,0x0080000000000C0A] -> 0x2084
[375] [M]: 0x0080000000000C08 (0x2084B403) ld fp, 0x208(s1)
mem[R,0x0080000000003208] -> 0x008000000000039C
x8 <- 0x008000000000039C

mem[X,0x0080000000000C0C] -> 0xB583
mem[X,0x0080000000000C0E] -> 0x2104
[376] [M]: 0x0080000000000C0C (0x2104B583) ld a1, 0x210(s1)
mem[R,0x0080000000003210] -> 0x0000000000000400
x11 <- 0x0000000000000400

mem[X,0x0080000000000C10] -> 0x85B3
mem[X,0x0080000000000C12] -> 0x0085
[377] [M]: 0x0080000000000C10 (0x008585B3) add a1, a1, fp
x11 <- 0x008000000000079C

mem[X,0x0080000000000C14] -> 0xF463
mem[X,0x0080000000000C16] -> 0x00B3
[378] [M]: 0x0080000000000C14 (0x00B3F463) bgeu t2, a1, 0x8

mem[X,0x0080000000000C18] -> 0xF063
mem[X,0x0080000000000C1A] -> 0x0483
[379] [M]: 0x0080000000000C18 (0x0483F063) bgeu t2, fp, 0x40

mem[X,0x0080000000000C58] -> 0x8433
mem[X,0x0080000000000C5A] -> 0x4083
[380] [M]: 0x0080000000000C58 (0x40838433) sub fp, t2, fp
x8 <- 0x00000000000003E4

mem[X,0x0080000000000C5C] -> 0x3C23
mem[X,0x0080000000000C5E] -> 0x0083
[381] [M]: 0x0080000000000C5C (0x00833C23) sd fp, 0x18(t1)
mem[0x0080000000004338] <- 0x00000000000003E4

mem[X,0x0080000000000C60] -> 0x3483
mem[X,0x0080000000000C62] -> 0x2181
[382] [M]: 0x0080000000000C60 (0x21813483) ld s1, 0x218(sp)
mem[R,0x0080000000003218] -> 0x0080000000004340
x9 <- 0x0080000000004340

mem[X,0x0080000000000C64] -> 0x3383
mem[X,0x0080000000000C66] -> 0x1F81
[383] [M]: 0x0080000000000C64 (0x1F813383) ld t2, 0x1f8(sp)
mem[R,0x00800000000031F8] -> 0x0080000000004210
x7 <- 0x0080000000004210

mem[X,0x0080000000000C68] -> 0x3303
mem[X,0x0080000000000C6A] -> 0x2001
[384] [M]: 0x0080000000000C68 (0x20013303) ld t1, 0x200(sp)
mem[R,0x0080000000003200] -> 0x0000000000000520
x6 <- 0x0000000000000520

mem[X,0x0080000000000C6C] -> 0x0333
mem[X,0x0080000000000C6E] -> 0x0073
[385] [M]: 0x0080000000000C6C (0x00730333) add t1, t1, t2
x6 <- 0x0080000000004730

mem[X,0x0080000000000C70] -> 0x6AE3
mem[X,0x0080000000000C72] -> 0xB293
[386] [M]: 0x0080000000000C70 (0xB2936AE3) bltu t1, s1, -0x4cc

mem[X,0x0080000000000C74] -> 0x0393
mem[X,0x0080000000000C76] -> 0x2000
[387] [M]: 0x0080000000000C74 (0x20000393) addi t2, zero, 0x200
x7 <- 0x0000000000000200

mem[X,0x0080000000000C78] -> 0x006F
mem[X,0x0080000000000C7A] -> 0x0400
[388] [M]: 0x0080000000000C78 (0x0400006F) jal zero, 0x40

mem[X,0x0080000000000CB8] -> 0x0417
mem[X,0x0080000000000CBA] -> 0x0000
[389] [M]: 0x0080000000000CB8 (0x00000417) auipc fp, 0x0
x8 <- 0x0080000000000CB8

mem[X,0x0080000000000CBC] -> 0x0413
mem[X,0x0080000000000CBE] -> 0x03C4
[390] [M]: 0x0080000000000CBC (0x03C40413) addi fp, fp, 0x3c
x8 <- 0x0080000000000CF4

mem[X,0x0080000000000CC0] -> 0x0433
mem[X,0x0080000000000CC2] -> 0x0074
[391] [M]: 0x0080000000000CC0 (0x00740433) add fp, fp, t2
x8 <- 0x0080000000000EF4

mem[X,0x0080000000000CC4] -> 0x1393
mem[X,0x0080000000000CC6] -> 0x0035
[392] [M]: 0x0080000000000CC4 (0x00351393) slli t2, a0, 0x3
x7 <- 0x0000000000000008

mem[X,0x0080000000000CC8] -> 0x0433
mem[X,0x0080000000000CCA] -> 0x0074
[393] [M]: 0x0080000000000CC8 (0x00740433) add fp, fp, t2
x8 <- 0x0080000000000EFC

mem[X,0x0080000000000CCC] -> 0x7413
mem[X,0x0080000000000CCE] -> 0xFF84
[394] [M]: 0x0080000000000CCC (0xFF847413) andi fp, fp, -0x8
x8 <- 0x0080000000000EF8

mem[X,0x0080000000000CD0] -> 0x3403
mem[X,0x0080000000000CD2] -> 0x0004
[395] [M]: 0x0080000000000CD0 (0x00043403) ld fp, 0x0(fp)
mem[R,0x0080000000000EF8] -> 0x0000000000000003
x8 <- 0x0000000000000003

mem[X,0x0080000000000CD4] -> 0x02E3
mem[X,0x0080000000000CD6] -> 0xB604
[396] [M]: 0x0080000000000CD4 (0xB60402E3) beq fp, zero, -0x49c

mem[X,0x0080000000000CD8] -> 0x1393
mem[X,0x0080000000000CDA] -> 0x03F4
[397] [M]: 0x0080000000000CD8 (0x03F41393) slli t2, fp, 0x3f
x7 <- 0x8000000000000000

mem[X,0x0080000000000CDC] -> 0xD863
mem[X,0x0080000000000CDE] -> 0x0003
[398] [M]: 0x0080000000000CDC (0x0003D863) bge t2, zero, 0x10

mem[X,0x0080000000000CE0] -> 0x5413
mem[X,0x0080000000000CE2] -> 0x0014
[399] [M]: 0x0080000000000CE0 (0x00145413) srli fp, fp, 0x1
x8 <- 0x0000000000000001

clint::tick mtime <- 0x0000000000000004
 clint timer pending at mtime 0x0000000000000004
htif::tick 0x0000000000000000
mem[X,0x0080000000000CE4] -> 0x0CE3
mem[X,0x0080000000000CE6] -> 0xF885
[400] [M]: 0x0080000000000CE4 (0xF8850CE3) beq a0, fp, -0x68

mem[X,0x0080000000000C7C] -> 0x3303
mem[X,0x0080000000000C7E] -> 0x2601
[401] [M]: 0x0080000000000C7C (0x26013303) ld t1, 0x260(sp)
mem[R,0x0080000000003260] -> 0x000000001FDDB7D5
x6 <- 0x000000001FDDB7D5

mem[X,0x0080000000000C80] -> 0x3383
mem[X,0x0080000000000C82] -> 0x2681
[402] [M]: 0x0080000000000C80 (0x26813383) ld t2, 0x268(sp)
mem[R,0x0080000000003268] -> 0x00000000003FBB6F
x7 <- 0x00000000003FBB6F

mem[X,0x0080000000000C84] -> 0x3403
mem[X,0x0080000000000C86] -> 0x2701
[403] [M]: 0x0080000000000C84 (0x27013403) ld fp, 0x270(sp)
mem[R,0x0080000000003270] -> 0x0000000000007F76
x8 <- 0x0000000000007F76

mem[X,0x0080000000000C88] -> 0x3483
mem[X,0x0080000000000C8A] -> 0x2781
[404] [M]: 0x0080000000000C88 (0x27813483) ld s1, 0x278(sp)
mem[R,0x0080000000003278] -> 0x00000000000000FE
x9 <- 0x00000000000000FE

mem[X,0x0080000000000C8C] -> 0x3503
mem[X,0x0080000000000C8E] -> 0x2801
[405] [M]: 0x0080000000000C8C (0x28013503) ld a0, 0x280(sp)
mem[R,0x0080000000003280] -> 0x0000000000000001
x10 <- 0x0000000000000001

mem[X,0x0080000000000C90] -> 0x3583
mem[X,0x0080000000000C92] -> 0x2881
[406] [M]: 0x0080000000000C90 (0x28813583) ld a1, 0x288(sp)
mem[R,0x0080000000003288] -> 0x0000000000000000
x11 <- 0x0000000000000000

mem[X,0x0080000000000C94] -> 0x3103
mem[X,0x0080000000000C96] -> 0x2901
[407] [M]: 0x0080000000000C94 (0x29013103) ld sp, 0x290(sp)
mem[R,0x0080000000003290] -> 0x01FDDB7D5BFDDB7F
x2 <- 0x01FDDB7D5BFDDB7F

mem[X,0x0080000000000C98] -> 0x0073
mem[X,0x0080000000000C9A] -> 0x3020
[408] [M]: 0x0080000000000C98 (0x30200073) mret
CSR mstatus <- 0x0000000A00000080
ret-ing from M to M

mem[X,0x0080000000000788] -> 0x0013
mem[X,0x008000000000078A] -> 0x0000
[409] [M]: 0x0080000000000788 (0x00000013) addi zero, zero, 0x0

mem[X,0x008000000000078C] -> 0x0013
mem[X,0x008000000000078E] -> 0x0000
[410] [M]: 0x008000000000078C (0x00000013) addi zero, zero, 0x0

mem[X,0x0080000000000790] -> 0x0013
mem[X,0x0080000000000792] -> 0x0000
[411] [M]: 0x0080000000000790 (0x00000013) addi zero, zero, 0x0

mem[X,0x0080000000000794] -> 0x0013
mem[X,0x0080000000000796] -> 0x0000
[412] [M]: 0x0080000000000794 (0x00000013) addi zero, zero, 0x0

mem[X,0x0080000000000798] -> 0x8067
mem[X,0x008000000000079A] -> 0x0000
[413] [M]: 0x0080000000000798 (0x00008067) jalr zero, 0x0(ra)

mem[X,0x0080000000000574] -> 0x0013
mem[X,0x0080000000000576] -> 0x0000
[414] [M]: 0x0080000000000574 (0x00000013) addi zero, zero, 0x0

mem[X,0x0080000000000578] -> 0x0013
mem[X,0x008000000000057A] -> 0x0000
[415] [M]: 0x0080000000000578 (0x00000013) addi zero, zero, 0x0

mem[X,0x008000000000057C] -> 0x00EF
mem[X,0x008000000000057E] -> 0x2040
[416] [M]: 0x008000000000057C (0x204000EF) jal ra, 0x204
x1 <- 0x0080000000000580

trapping from M to M to handle fetch-access-fault
handling exc#0x01 at priv M with tval 0x0080000000000780
CSR mstatus <- 0x0000000A00001800
mem[X,0x0080000000000880] -> 0x006F
mem[X,0x0080000000000882] -> 0x1000
[417] [M]: 0x0080000000000880 (0x1000006F) jal zero, 0x100

mem[X,0x0080000000000980] -> 0x1173
mem[X,0x0080000000000982] -> 0x3401
[418] [M]: 0x0080000000000980 (0x34011173) csrrw sp, mscratch, sp
CSR mscratch <- 0x01FDDB7D5BFDDB7F (input: 0x01FDDB7D5BFDDB7F)
x2 <- 0x0080000000003000

mem[X,0x0080000000000984] -> 0x3423
mem[X,0x0080000000000986] -> 0x28B1
[419] [M]: 0x0080000000000984 (0x28B13423) sd a1, 0x288(sp)
mem[0x0080000000003288] <- 0x0000000000000000

mem[X,0x0080000000000988] -> 0x05EF
mem[X,0x008000000000098A] -> 0x0B80
[420] [M]: 0x0080000000000988 (0x0B8005EF) jal a1, 0xb8
x11 <- 0x008000000000098C

mem[X,0x0080000000000A40] -> 0x3023
mem[X,0x0080000000000A42] -> 0x28A1
[421] [M]: 0x0080000000000A40 (0x28A13023) sd a0, 0x280(sp)
mem[0x0080000000003280] <- 0x0000000000000001

mem[X,0x0080000000000A44] -> 0x1573
mem[X,0x0080000000000A46] -> 0x3401
[422] [M]: 0x0080000000000A44 (0x34011573) csrrw a0, mscratch, sp
CSR mscratch <- 0x0080000000003000 (input: 0x0080000000003000)
x10 <- 0x01FDDB7D5BFDDB7F

mem[X,0x0080000000000A48] -> 0x3823
mem[X,0x0080000000000A4A] -> 0x28A1
[423] [M]: 0x0080000000000A48 (0x28A13823) sd a0, 0x290(sp)
mem[0x0080000000003290] <- 0x01FDDB7D5BFDDB7F

mem[X,0x0080000000000A4C] -> 0x3503
mem[X,0x0080000000000A4E] -> 0x2301
[424] [M]: 0x0080000000000A4C (0x23013503) ld a0, 0x230(sp)
mem[R,0x0080000000003230] -> 0x0080000000000A54
x10 <- 0x0080000000000A54

mem[X,0x0080000000000A50] -> 0x0067
mem[X,0x0080000000000A52] -> 0x0005
[425] [M]: 0x0080000000000A50 (0x00050067) jalr zero, 0x0(a0)

mem[X,0x0080000000000A54] -> 0x3C23
mem[X,0x0080000000000A56] -> 0x2691
[426] [M]: 0x0080000000000A54 (0x26913C23) sd s1, 0x278(sp)
mem[0x0080000000003278] <- 0x00000000000000FE

mem[X,0x0080000000000A58] -> 0x3823
mem[X,0x0080000000000A5A] -> 0x2681
[427] [M]: 0x0080000000000A58 (0x26813823) sd fp, 0x270(sp)
mem[0x0080000000003270] <- 0x0000000000007F76

mem[X,0x0080000000000A5C] -> 0x3423
mem[X,0x0080000000000A5E] -> 0x2671
[428] [M]: 0x0080000000000A5C (0x26713423) sd t2, 0x268(sp)
mem[0x0080000000003268] <- 0x00000000003FBB6F

mem[X,0x0080000000000A60] -> 0x3023
mem[X,0x0080000000000A62] -> 0x2661
[429] [M]: 0x0080000000000A60 (0x26613023) sd t1, 0x260(sp)
mem[0x0080000000003260] <- 0x000000001FDDB7D5

mem[X,0x0080000000000A64] -> 0x2573
mem[X,0x0080000000000A66] -> 0x3420
[430] [M]: 0x0080000000000A64 (0x34202573) csrrs a0, mcause, zero
CSR mcause -> 0x0000000000000001
x10 <- 0x0000000000000001

mem[X,0x0080000000000A68] -> 0x04B7
mem[X,0x0080000000000A6A] -> 0x8000
[431] [M]: 0x0080000000000A68 (0x800004B7) lui s1, -0x80000
x9 <- 0xFFFFFFFF80000000

mem[X,0x0080000000000A6C] -> 0x8493
mem[X,0x0080000000000A6E] -> 0x0004
[432] [M]: 0x0080000000000A6C (0x00048493) addi s1, s1, 0x0
x9 <- 0xFFFFFFFF80000000

mem[X,0x0080000000000A70] -> 0x9493
mem[X,0x0080000000000A72] -> 0x00B4
[433] [M]: 0x0080000000000A70 (0x00B49493) slli s1, s1, 0xb
x9 <- 0xFFFFFC0000000000

mem[X,0x0080000000000A74] -> 0x8493
mem[X,0x0080000000000A76] -> 0x0004
[434] [M]: 0x0080000000000A74 (0x00048493) addi s1, s1, 0x0
x9 <- 0xFFFFFC0000000000

mem[X,0x0080000000000A78] -> 0x9493
mem[X,0x0080000000000A7A] -> 0x00B4
[435] [M]: 0x0080000000000A78 (0x00B49493) slli s1, s1, 0xb
x9 <- 0xFFE0000000000000

mem[X,0x0080000000000A7C] -> 0x8493
mem[X,0x0080000000000A7E] -> 0x0034
[436] [M]: 0x0080000000000A7C (0x00348493) addi s1, s1, 0x3
x9 <- 0xFFE0000000000003

mem[X,0x0080000000000A80] -> 0x9493
mem[X,0x0080000000000A82] -> 0x00A4
[437] [M]: 0x0080000000000A80 (0x00A49493) slli s1, s1, 0xa
x9 <- 0x8000000000000C00

mem[X,0x0080000000000A84] -> 0x8493
mem[X,0x0080000000000A86] -> 0x3FC4
[438] [M]: 0x0080000000000A84 (0x3FC48493) addi s1, s1, 0x3fc
x9 <- 0x8000000000000FFC

mem[X,0x0080000000000A88] -> 0xF4B3
mem[X,0x0080000000000A8A] -> 0x00A4
[439] [M]: 0x0080000000000A88 (0x00A4F4B3) and s1, s1, a0
x9 <- 0x0000000000000000

mem[X,0x0080000000000A8C] -> 0x8493
mem[X,0x0080000000000A8E] -> 0xFF84
[440] [M]: 0x0080000000000A8C (0xFF848493) addi s1, s1, -0x8
x9 <- 0xFFFFFFFFFFFFFFF8

mem[X,0x0080000000000A90] -> 0x9663
mem[X,0x0080000000000A92] -> 0x0004
[441] [M]: 0x0080000000000A90 (0x00049663) bne s1, zero, 0xc

mem[X,0x0080000000000A9C] -> 0x0393
mem[X,0x0080000000000A9E] -> 0x0200
[442] [M]: 0x0080000000000A9C (0x02000393) addi t2, zero, 0x20
x7 <- 0x0000000000000020

mem[X,0x0080000000000AA0] -> 0x5263
mem[X,0x0080000000000AA2] -> 0x0405
[443] [M]: 0x0080000000000AA0 (0x04055263) bge a0, zero, 0x44

mem[X,0x0080000000000AE4] -> 0x2373
mem[X,0x0080000000000AE6] -> 0x3010
[444] [M]: 0x0080000000000AE4 (0x30102373) csrrs t1, misa, zero
CSR misa -> 0x800000000034112D
x6 <- 0x800000000034112D

mem[X,0x0080000000000AE8] -> 0x1313
mem[X,0x0080000000000AEA] -> 0x0383
[445] [M]: 0x0080000000000AE8 (0x03831313) slli t1, t1, 0x38
x6 <- 0x2D00000000000000

mem[X,0x0080000000000AEC] -> 0x5463
mem[X,0x0080000000000AEE] -> 0x0003
[446] [M]: 0x0080000000000AEC (0x00035463) bge t1, zero, 0x8

mem[X,0x0080000000000AF4] -> 0x3303
mem[X,0x0080000000000AF6] -> 0x2181
[447] [M]: 0x0080000000000AF4 (0x21813303) ld t1, 0x218(sp)
mem[R,0x0080000000003218] -> 0x0080000000004340
x6 <- 0x0080000000004340

mem[X,0x0080000000000AF8] -> 0x04B3
mem[X,0x0080000000000AFA] -> 0x0073
[448] [M]: 0x0080000000000AF8 (0x007304B3) add s1, t1, t2
x9 <- 0x0080000000004360

mem[X,0x0080000000000AFC] -> 0x3C23
mem[X,0x0080000000000AFE] -> 0x2091
[449] [M]: 0x0080000000000AFC (0x20913C23) sd s1, 0x218(sp)
mem[0x0080000000003218] <- 0x0080000000004360

mem[X,0x0080000000000B00] -> 0x3403
mem[X,0x0080000000000B02] -> 0x1F81
[450] [M]: 0x0080000000000B00 (0x1F813403) ld fp, 0x1f8(sp)
mem[R,0x00800000000031F8] -> 0x0080000000004210
x8 <- 0x0080000000004210

mem[X,0x0080000000000B04] -> 0x0333
mem[X,0x0080000000000B06] -> 0x4083
[451] [M]: 0x0080000000000B04 (0x40830333) sub t1, t1, fp
x6 <- 0x0000000000000130

mem[X,0x0080000000000B08] -> 0x3403
mem[X,0x0080000000000B0A] -> 0x1F81
[452] [M]: 0x0080000000000B08 (0x1F813403) ld fp, 0x1f8(sp)
mem[R,0x00800000000031F8] -> 0x0080000000004210
x8 <- 0x0080000000004210

mem[X,0x0080000000000B0C] -> 0x0333
mem[X,0x0080000000000B0E] -> 0x0083
[453] [M]: 0x0080000000000B0C (0x00830333) add t1, t1, fp
x6 <- 0x0080000000004340

mem[X,0x0080000000000B10] -> 0x3403
mem[X,0x0080000000000B12] -> 0x2401
[454] [M]: 0x0080000000000B10 (0x24013403) ld fp, 0x240(sp)
mem[R,0x0080000000003240] -> 0x0080000000000880
x8 <- 0x0080000000000880

mem[X,0x0080000000000B14] -> 0x85B3
mem[X,0x0080000000000B16] -> 0x4085
[455] [M]: 0x0080000000000B14 (0x408585B3) sub a1, a1, fp
x11 <- 0x000000000000010C

mem[X,0x0080000000000B18] -> 0x9593
mem[X,0x0080000000000B1A] -> 0x0045
[456] [M]: 0x0080000000000B18 (0x00459593) slli a1, a1, 0x4
x11 <- 0x00000000000010C0

mem[X,0x0080000000000B1C] -> 0xE5B3
mem[X,0x0080000000000B1E] -> 0x0075
[457] [M]: 0x0080000000000B1C (0x0075E5B3) or a1, a1, t2
x11 <- 0x00000000000010E0

mem[X,0x0080000000000B20] -> 0x8593
mem[X,0x0080000000000B22] -> 0x0035
[458] [M]: 0x0080000000000B20 (0x00358593) addi a1, a1, 0x3
x11 <- 0x00000000000010E3

mem[X,0x0080000000000B24] -> 0x3023
mem[X,0x0080000000000B26] -> 0x00B3
[459] [M]: 0x0080000000000B24 (0x00B33023) sd a1, 0x0(t1)
mem[0x0080000000004340] <- 0x00000000000010E3

mem[X,0x0080000000000B28] -> 0x3423
mem[X,0x0080000000000B2A] -> 0x00A3
[460] [M]: 0x0080000000000B28 (0x00A33423) sd a0, 0x8(t1)
mem[0x0080000000004348] <- 0x0000000000000001

mem[X,0x0080000000000B2C] -> 0x4863
mem[X,0x0080000000000B2E] -> 0x1605
[461] [M]: 0x0080000000000B2C (0x16054863) blt a0, zero, 0x170

mem[X,0x0080000000000B30] -> 0x25F3
mem[X,0x0080000000000B32] -> 0x3000
[462] [M]: 0x0080000000000B30 (0x300025F3) csrrs a1, mstatus, zero
CSR mstatus -> 0x0000000A00001800
x11 <- 0x0000000A00001800

mem[X,0x0080000000000B34] -> 0x9413
mem[X,0x0080000000000B36] -> 0x02E5
[463] [M]: 0x0080000000000B34 (0x02E59413) slli fp, a1, 0x2e
x8 <- 0x0600000000000000

mem[X,0x0080000000000B38] -> 0x5463
mem[X,0x0080000000000B3A] -> 0x0004
[464] [M]: 0x0080000000000B38 (0x00045463) bge fp, zero, 0x8

mem[X,0x0080000000000B40] -> 0xD493
mem[X,0x0080000000000B42] -> 0x00B5
[465] [M]: 0x0080000000000B40 (0x00B5D493) srli s1, a1, 0xb
x9 <- 0x0000000001400003

mem[X,0x0080000000000B44] -> 0xF493
mem[X,0x0080000000000B46] -> 0x0034
[466] [M]: 0x0080000000000B44 (0x0034F493) andi s1, s1, 0x3
x9 <- 0x0000000000000003

mem[X,0x0080000000000B48] -> 0x8493
mem[X,0x0080000000000B4A] -> 0x0014
[467] [M]: 0x0080000000000B48 (0x00148493) addi s1, s1, 0x1
x9 <- 0x0000000000000004

mem[X,0x0080000000000B4C] -> 0xF493
mem[X,0x0080000000000B4E] -> 0x0044
[468] [M]: 0x0080000000000B4C (0x0044F493) andi s1, s1, 0x4
x9 <- 0x0000000000000004

mem[X,0x0080000000000B50] -> 0x0593
mem[X,0x0080000000000B52] -> 0x05D0
[469] [M]: 0x0080000000000B50 (0x05D00593) addi a1, zero, 0x5d
x11 <- 0x000000000000005D

mem[X,0x0080000000000B54] -> 0xD5B3
mem[X,0x0080000000000B56] -> 0x0095
[470] [M]: 0x0080000000000B54 (0x0095D5B3) srl a1, a1, s1
x11 <- 0x0000000000000005

mem[X,0x0080000000000B58] -> 0xF593
mem[X,0x0080000000000B5A] -> 0x0015
[471] [M]: 0x0080000000000B58 (0x0015F593) andi a1, a1, 0x1
x11 <- 0x0000000000000001

mem[X,0x0080000000000B5C] -> 0x8EE3
mem[X,0x0080000000000B5E] -> 0xF405
[472] [M]: 0x0080000000000B5C (0xF4058EE3) beq a1, zero, -0xa4

mem[X,0x0080000000000B60] -> 0x0593
mem[X,0x0080000000000B62] -> 0x2980
[473] [M]: 0x0080000000000B60 (0x29800593) addi a1, zero, 0x298
x11 <- 0x0000000000000298

mem[X,0x0080000000000B64] -> 0xF413
mem[X,0x0080000000000B66] -> 0x0014
[474] [M]: 0x0080000000000B64 (0x0014F413) andi fp, s1, 0x1
x8 <- 0x0000000000000000

mem[X,0x0080000000000B68] -> 0x95B3
mem[X,0x0080000000000B6A] -> 0x0085
[475] [M]: 0x0080000000000B68 (0x008595B3) sll a1, a1, fp
x11 <- 0x0000000000000298

mem[X,0x0080000000000B6C] -> 0x9413
mem[X,0x0080000000000B6E] -> 0x03D4
[476] [M]: 0x0080000000000B6C (0x03D49413) slli fp, s1, 0x3d
x8 <- 0x8000000000000000

mem[X,0x0080000000000B70] -> 0x5413
mem[X,0x0080000000000B72] -> 0x43F4
[477] [M]: 0x0080000000000B70 (0x43F45413) srai fp, fp, 0x3f
x8 <- 0xFFFFFFFFFFFFFFFF

mem[X,0x0080000000000B74] -> 0x4413
mem[X,0x0080000000000B76] -> 0xFFF4
[478] [M]: 0x0080000000000B74 (0xFFF44413) xori fp, fp, -0x1
x8 <- 0x0000000000000000

mem[X,0x0080000000000B78] -> 0xF4B3
mem[X,0x0080000000000B7A] -> 0x0085
[479] [M]: 0x0080000000000B78 (0x0085F4B3) and s1, a1, fp
x9 <- 0x0000000000000000

mem[X,0x0080000000000B7C] -> 0x84B3
mem[X,0x0080000000000B7E] -> 0x0024
[480] [M]: 0x0080000000000B7C (0x002484B3) add s1, s1, sp
x9 <- 0x0080000000003000

mem[X,0x0080000000000B80] -> 0x23F3
mem[X,0x0080000000000B82] -> 0x3410
[481] [M]: 0x0080000000000B80 (0x341023F3) csrrs t2, mepc, zero
CSR mepc -> 0x0080000000000780
x7 <- 0x0080000000000780

mem[X,0x0080000000000B84] -> 0xB403
mem[X,0x0080000000000B86] -> 0x2084
[482] [M]: 0x0080000000000B84 (0x2084B403) ld fp, 0x208(s1)
mem[R,0x0080000000003208] -> 0x008000000000039C
x8 <- 0x008000000000039C

mem[X,0x0080000000000B88] -> 0xB583
mem[X,0x0080000000000B8A] -> 0x2104
[483] [M]: 0x0080000000000B88 (0x2104B583) ld a1, 0x210(s1)
mem[R,0x0080000000003210] -> 0x0000000000000400
x11 <- 0x0000000000000400

mem[X,0x0080000000000B8C] -> 0x85B3
mem[X,0x0080000000000B8E] -> 0x0085
[484] [M]: 0x0080000000000B8C (0x008585B3) add a1, a1, fp
x11 <- 0x008000000000079C

mem[X,0x0080000000000B90] -> 0xF463
mem[X,0x0080000000000B92] -> 0x00B3
[485] [M]: 0x0080000000000B90 (0x00B3F463) bgeu t2, a1, 0x8

mem[X,0x0080000000000B94] -> 0xF663
mem[X,0x0080000000000B96] -> 0x0283
[486] [M]: 0x0080000000000B94 (0x0283F663) bgeu t2, fp, 0x2c

mem[X,0x0080000000000BC0] -> 0x8433
mem[X,0x0080000000000BC2] -> 0x4083
[487] [M]: 0x0080000000000BC0 (0x40838433) sub fp, t2, fp
x8 <- 0x00000000000003E4

mem[X,0x0080000000000BC4] -> 0x3823
mem[X,0x0080000000000BC6] -> 0x0083
[488] [M]: 0x0080000000000BC4 (0x00833823) sd fp, 0x10(t1)
mem[0x0080000000004350] <- 0x00000000000003E4

mem[X,0x0080000000000BC8] -> 0xF593
mem[X,0x0080000000000BCA] -> 0xFFC3
[489] [M]: 0x0080000000000BC8 (0xFFC3F593) andi a1, t2, -0x4
x11 <- 0x0080000000000780

mem[X,0x0080000000000BCC] -> 0x8593
mem[X,0x0080000000000BCE] -> 0x0085
[490] [M]: 0x0080000000000BCC (0x00858593) addi a1, a1, 0x8
x11 <- 0x0080000000000788

mem[X,0x0080000000000BD0] -> 0x9073
mem[X,0x0080000000000BD2] -> 0x3415
[491] [M]: 0x0080000000000BD0 (0x34159073) csrrw zero, mepc, a1
CSR mepc <- 0x0080000000000788 (input: 0x0080000000000788)

mem[X,0x0080000000000BD4] -> 0x23F3
mem[X,0x0080000000000BD6] -> 0x3430
[492] [M]: 0x0080000000000BD4 (0x343023F3) csrrs t2, mtval, zero
CSR mtval -> 0x0080000000000780
x7 <- 0x0080000000000780

mem[X,0x0080000000000BD8] -> 0x7513
mem[X,0x0080000000000BDA] -> 0x00F5
[493] [M]: 0x0080000000000BD8 (0x00F57513) andi a0, a0, 0xf
x10 <- 0x0000000000000001

mem[X,0x0080000000000BDC] -> 0x0437
mem[X,0x0080000000000BDE] -> 0x0000
[494] [M]: 0x0080000000000BDC (0x00000437) lui fp, 0x0
x8 <- 0x0000000000000000

mem[X,0x0080000000000BE0] -> 0x0413
mem[X,0x0080000000000BE2] -> 0x0004
[495] [M]: 0x0080000000000BE0 (0x00040413) addi fp, fp, 0x0
x8 <- 0x0000000000000000

mem[X,0x0080000000000BE4] -> 0x1413
mem[X,0x0080000000000BE6] -> 0x00B4
[496] [M]: 0x0080000000000BE4 (0x00B41413) slli fp, fp, 0xb
x8 <- 0x0000000000000000

mem[X,0x0080000000000BE8] -> 0x0413
mem[X,0x0080000000000BEA] -> 0x0004
[497] [M]: 0x0080000000000BE8 (0x00040413) addi fp, fp, 0x0
x8 <- 0x0000000000000000

mem[X,0x0080000000000BEC] -> 0x1413
mem[X,0x0080000000000BEE] -> 0x00B4
[498] [M]: 0x0080000000000BEC (0x00B41413) slli fp, fp, 0xb
x8 <- 0x0000000000000000

mem[X,0x0080000000000BF0] -> 0x0413
mem[X,0x0080000000000BF2] -> 0x02C4
[499] [M]: 0x0080000000000BF0 (0x02C40413) addi fp, fp, 0x2c
x8 <- 0x000000000000002C

clint::tick mtime <- 0x0000000000000005
 clint timer pending at mtime 0x0000000000000005
htif::tick 0x0000000000000000
mem[X,0x0080000000000BF4] -> 0x1413
mem[X,0x0080000000000BF6] -> 0x00A4
[500] [M]: 0x0080000000000BF4 (0x00A41413) slli fp, fp, 0xa
x8 <- 0x000000000000B000

mem[X,0x0080000000000BF8] -> 0x0413
mem[X,0x0080000000000BFA] -> 0x0FB4
[501] [M]: 0x0080000000000BF8 (0x0FB40413) addi fp, fp, 0xfb
x8 <- 0x000000000000B0FB

mem[X,0x0080000000000BFC] -> 0x5433
mem[X,0x0080000000000BFE] -> 0x00A4
[502] [M]: 0x0080000000000BFC (0x00A45433) srl fp, fp, a0
x8 <- 0x000000000000587D

mem[X,0x0080000000000C00] -> 0x1413
mem[X,0x0080000000000C02] -> 0x03F4
[503] [M]: 0x0080000000000C00 (0x03F41413) slli fp, fp, 0x3f
x8 <- 0x8000000000000000

mem[X,0x0080000000000C04] -> 0x5C63
mem[X,0x0080000000000C06] -> 0x0404
[504] [M]: 0x0080000000000C04 (0x04045C63) bge fp, zero, 0x58

mem[X,0x0080000000000C08] -> 0xB403
mem[X,0x0080000000000C0A] -> 0x2084
[505] [M]: 0x0080000000000C08 (0x2084B403) ld fp, 0x208(s1)
mem[R,0x0080000000003208] -> 0x008000000000039C
x8 <- 0x008000000000039C

mem[X,0x0080000000000C0C] -> 0xB583
mem[X,0x0080000000000C0E] -> 0x2104
[506] [M]: 0x0080000000000C0C (0x2104B583) ld a1, 0x210(s1)
mem[R,0x0080000000003210] -> 0x0000000000000400
x11 <- 0x0000000000000400

mem[X,0x0080000000000C10] -> 0x85B3
mem[X,0x0080000000000C12] -> 0x0085
[507] [M]: 0x0080000000000C10 (0x008585B3) add a1, a1, fp
x11 <- 0x008000000000079C

mem[X,0x0080000000000C14] -> 0xF463
mem[X,0x0080000000000C16] -> 0x00B3
[508] [M]: 0x0080000000000C14 (0x00B3F463) bgeu t2, a1, 0x8

mem[X,0x0080000000000C18] -> 0xF063
mem[X,0x0080000000000C1A] -> 0x0483
[509] [M]: 0x0080000000000C18 (0x0483F063) bgeu t2, fp, 0x40

mem[X,0x0080000000000C58] -> 0x8433
mem[X,0x0080000000000C5A] -> 0x4083
[510] [M]: 0x0080000000000C58 (0x40838433) sub fp, t2, fp
x8 <- 0x00000000000003E4

mem[X,0x0080000000000C5C] -> 0x3C23
mem[X,0x0080000000000C5E] -> 0x0083
[511] [M]: 0x0080000000000C5C (0x00833C23) sd fp, 0x18(t1)
mem[0x0080000000004358] <- 0x00000000000003E4

mem[X,0x0080000000000C60] -> 0x3483
mem[X,0x0080000000000C62] -> 0x2181
[512] [M]: 0x0080000000000C60 (0x21813483) ld s1, 0x218(sp)
mem[R,0x0080000000003218] -> 0x0080000000004360
x9 <- 0x0080000000004360

mem[X,0x0080000000000C64] -> 0x3383
mem[X,0x0080000000000C66] -> 0x1F81
[513] [M]: 0x0080000000000C64 (0x1F813383) ld t2, 0x1f8(sp)
mem[R,0x00800000000031F8] -> 0x0080000000004210
x7 <- 0x0080000000004210

mem[X,0x0080000000000C68] -> 0x3303
mem[X,0x0080000000000C6A] -> 0x2001
[514] [M]: 0x0080000000000C68 (0x20013303) ld t1, 0x200(sp)
mem[R,0x0080000000003200] -> 0x0000000000000520
x6 <- 0x0000000000000520

mem[X,0x0080000000000C6C] -> 0x0333
mem[X,0x0080000000000C6E] -> 0x0073
[515] [M]: 0x0080000000000C6C (0x00730333) add t1, t1, t2
x6 <- 0x0080000000004730

mem[X,0x0080000000000C70] -> 0x6AE3
mem[X,0x0080000000000C72] -> 0xB293
[516] [M]: 0x0080000000000C70 (0xB2936AE3) bltu t1, s1, -0x4cc

mem[X,0x0080000000000C74] -> 0x0393
mem[X,0x0080000000000C76] -> 0x2000
[517] [M]: 0x0080000000000C74 (0x20000393) addi t2, zero, 0x200
x7 <- 0x0000000000000200

mem[X,0x0080000000000C78] -> 0x006F
mem[X,0x0080000000000C7A] -> 0x0400
[518] [M]: 0x0080000000000C78 (0x0400006F) jal zero, 0x40

mem[X,0x0080000000000CB8] -> 0x0417
mem[X,0x0080000000000CBA] -> 0x0000
[519] [M]: 0x0080000000000CB8 (0x00000417) auipc fp, 0x0
x8 <- 0x0080000000000CB8

mem[X,0x0080000000000CBC] -> 0x0413
mem[X,0x0080000000000CBE] -> 0x03C4
[520] [M]: 0x0080000000000CBC (0x03C40413) addi fp, fp, 0x3c
x8 <- 0x0080000000000CF4

mem[X,0x0080000000000CC0] -> 0x0433
mem[X,0x0080000000000CC2] -> 0x0074
[521] [M]: 0x0080000000000CC0 (0x00740433) add fp, fp, t2
x8 <- 0x0080000000000EF4

mem[X,0x0080000000000CC4] -> 0x1393
mem[X,0x0080000000000CC6] -> 0x0035
[522] [M]: 0x0080000000000CC4 (0x00351393) slli t2, a0, 0x3
x7 <- 0x0000000000000008

mem[X,0x0080000000000CC8] -> 0x0433
mem[X,0x0080000000000CCA] -> 0x0074
[523] [M]: 0x0080000000000CC8 (0x00740433) add fp, fp, t2
x8 <- 0x0080000000000EFC

mem[X,0x0080000000000CCC] -> 0x7413
mem[X,0x0080000000000CCE] -> 0xFF84
[524] [M]: 0x0080000000000CCC (0xFF847413) andi fp, fp, -0x8
x8 <- 0x0080000000000EF8

mem[X,0x0080000000000CD0] -> 0x3403
mem[X,0x0080000000000CD2] -> 0x0004
[525] [M]: 0x0080000000000CD0 (0x00043403) ld fp, 0x0(fp)
mem[R,0x0080000000000EF8] -> 0x0000000000000003
x8 <- 0x0000000000000003

mem[X,0x0080000000000CD4] -> 0x02E3
mem[X,0x0080000000000CD6] -> 0xB604
[526] [M]: 0x0080000000000CD4 (0xB60402E3) beq fp, zero, -0x49c

mem[X,0x0080000000000CD8] -> 0x1393
mem[X,0x0080000000000CDA] -> 0x03F4
[527] [M]: 0x0080000000000CD8 (0x03F41393) slli t2, fp, 0x3f
x7 <- 0x8000000000000000

mem[X,0x0080000000000CDC] -> 0xD863
mem[X,0x0080000000000CDE] -> 0x0003
[528] [M]: 0x0080000000000CDC (0x0003D863) bge t2, zero, 0x10

mem[X,0x0080000000000CE0] -> 0x5413
mem[X,0x0080000000000CE2] -> 0x0014
[529] [M]: 0x0080000000000CE0 (0x00145413) srli fp, fp, 0x1
x8 <- 0x0000000000000001

mem[X,0x0080000000000CE4] -> 0x0CE3
mem[X,0x0080000000000CE6] -> 0xF885
[530] [M]: 0x0080000000000CE4 (0xF8850CE3) beq a0, fp, -0x68

mem[X,0x0080000000000C7C] -> 0x3303
mem[X,0x0080000000000C7E] -> 0x2601
[531] [M]: 0x0080000000000C7C (0x26013303) ld t1, 0x260(sp)
mem[R,0x0080000000003260] -> 0x000000001FDDB7D5
x6 <- 0x000000001FDDB7D5

mem[X,0x0080000000000C80] -> 0x3383
mem[X,0x0080000000000C82] -> 0x2681
[532] [M]: 0x0080000000000C80 (0x26813383) ld t2, 0x268(sp)
mem[R,0x0080000000003268] -> 0x00000000003FBB6F
x7 <- 0x00000000003FBB6F

mem[X,0x0080000000000C84] -> 0x3403
mem[X,0x0080000000000C86] -> 0x2701
[533] [M]: 0x0080000000000C84 (0x27013403) ld fp, 0x270(sp)
mem[R,0x0080000000003270] -> 0x0000000000007F76
x8 <- 0x0000000000007F76

mem[X,0x0080000000000C88] -> 0x3483
mem[X,0x0080000000000C8A] -> 0x2781
[534] [M]: 0x0080000000000C88 (0x27813483) ld s1, 0x278(sp)
mem[R,0x0080000000003278] -> 0x00000000000000FE
x9 <- 0x00000000000000FE

mem[X,0x0080000000000C8C] -> 0x3503
mem[X,0x0080000000000C8E] -> 0x2801
[535] [M]: 0x0080000000000C8C (0x28013503) ld a0, 0x280(sp)
mem[R,0x0080000000003280] -> 0x0000000000000001
x10 <- 0x0000000000000001

mem[X,0x0080000000000C90] -> 0x3583
mem[X,0x0080000000000C92] -> 0x2881
[536] [M]: 0x0080000000000C90 (0x28813583) ld a1, 0x288(sp)
mem[R,0x0080000000003288] -> 0x0000000000000000
x11 <- 0x0000000000000000

mem[X,0x0080000000000C94] -> 0x3103
mem[X,0x0080000000000C96] -> 0x2901
[537] [M]: 0x0080000000000C94 (0x29013103) ld sp, 0x290(sp)
mem[R,0x0080000000003290] -> 0x01FDDB7D5BFDDB7F
x2 <- 0x01FDDB7D5BFDDB7F

mem[X,0x0080000000000C98] -> 0x0073
mem[X,0x0080000000000C9A] -> 0x3020
[538] [M]: 0x0080000000000C98 (0x30200073) mret
CSR mstatus <- 0x0000000A00000080
ret-ing from M to M

mem[X,0x0080000000000788] -> 0x0013
mem[X,0x008000000000078A] -> 0x0000
[539] [M]: 0x0080000000000788 (0x00000013) addi zero, zero, 0x0

mem[X,0x008000000000078C] -> 0x0013
mem[X,0x008000000000078E] -> 0x0000
[540] [M]: 0x008000000000078C (0x00000013) addi zero, zero, 0x0

mem[X,0x0080000000000790] -> 0x0013
mem[X,0x0080000000000792] -> 0x0000
[541] [M]: 0x0080000000000790 (0x00000013) addi zero, zero, 0x0

mem[X,0x0080000000000794] -> 0x0013
mem[X,0x0080000000000796] -> 0x0000
[542] [M]: 0x0080000000000794 (0x00000013) addi zero, zero, 0x0

mem[X,0x0080000000000798] -> 0x8067
mem[X,0x008000000000079A] -> 0x0000
[543] [M]: 0x0080000000000798 (0x00008067) jalr zero, 0x0(ra)

mem[X,0x0080000000000580] -> 0x0493
mem[X,0x0080000000000582] -> 0xFFF0
[544] [M]: 0x0080000000000580 (0xFFF00493) addi s1, zero, -0x1
x9 <- 0xFFFFFFFFFFFFFFFF

mem[X,0x0080000000000584] -> 0xD493
mem[X,0x0080000000000586] -> 0x03E4
[545] [M]: 0x0080000000000584 (0x03E4D493) srli s1, s1, 0x3e
x9 <- 0x0000000000000003

mem[X,0x0080000000000588] -> 0x9493
mem[X,0x008000000000058A] -> 0x00B4
[546] [M]: 0x0080000000000588 (0x00B49493) slli s1, s1, 0xb
x9 <- 0x0000000000001800

mem[X,0x008000000000058C] -> 0xB073
mem[X,0x008000000000058E] -> 0x3004
[547] [M]: 0x008000000000058C (0x3004B073) csrrc zero, mstatus, s1
CSR mstatus <- 0x0000000A00000080 (input: 0x0000000A00000080)

mem[X,0x0080000000000590] -> 0x0493
mem[X,0x0080000000000592] -> 0x0010
[548] [M]: 0x0080000000000590 (0x00100493) addi s1, zero, 0x1
x9 <- 0x0000000000000001

mem[X,0x0080000000000594] -> 0x9493
mem[X,0x0080000000000596] -> 0x00B4
[549] [M]: 0x0080000000000594 (0x00B49493) slli s1, s1, 0xb
x9 <- 0x0000000000000800

mem[X,0x0080000000000598] -> 0xA073
mem[X,0x008000000000059A] -> 0x3004
[550] [M]: 0x0080000000000598 (0x3004A073) csrrs zero, mstatus, s1
CSR mstatus <- 0x0000000A00000880 (input: 0x0000000A00000880)

mem[X,0x008000000000059C] -> 0x2173
mem[X,0x008000000000059E] -> 0x3400
[551] [M]: 0x008000000000059C (0x34002173) csrrs sp, mscratch, zero
CSR mscratch -> 0x0080000000003000
x2 <- 0x0080000000003000

mem[X,0x00800000000005A0] -> 0x3303
mem[X,0x00800000000005A2] -> 0x4701
[552] [M]: 0x00800000000005A0 (0x47013303) ld t1, 0x470(sp)
mem[R,0x0080000000003470] -> 0x008000000000039C
x6 <- 0x008000000000039C

mem[X,0x00800000000005A4] -> 0x3483
mem[X,0x00800000000005A6] -> 0x1D81
[553] [M]: 0x00800000000005A4 (0x1D813483) ld s1, 0x1d8(sp)
mem[R,0x00800000000031D8] -> 0x008000000000039C
x9 <- 0x008000000000039C

mem[X,0x00800000000005A8] -> 0x0333
mem[X,0x00800000000005AA] -> 0x4093
[554] [M]: 0x00800000000005A8 (0x40930333) sub t1, t1, s1
x6 <- 0x0000000000000000

mem[X,0x00800000000005AC] -> 0x0313
mem[X,0x00800000000005AE] -> 0x0103
[555] [M]: 0x00800000000005AC (0x01030313) addi t1, t1, 0x10
x6 <- 0x0000000000000010

mem[X,0x00800000000005B0] -> 0x0497
mem[X,0x00800000000005B2] -> 0x0000
[556] [M]: 0x00800000000005B0 (0x00000497) auipc s1, 0x0
x9 <- 0x00800000000005B0

mem[X,0x00800000000005B4] -> 0x84B3
mem[X,0x00800000000005B6] -> 0x0064
[557] [M]: 0x00800000000005B4 (0x006484B3) add s1, s1, t1
x9 <- 0x00800000000005C0

mem[X,0x00800000000005B8] -> 0x94F3
mem[X,0x00800000000005BA] -> 0x3414
[558] [M]: 0x00800000000005B8 (0x341494F3) csrrw s1, mepc, s1
CSR mepc <- 0x00800000000005C0 (input: 0x00800000000005C0)
x9 <- 0x0080000000000788

mem[X,0x00800000000005BC] -> 0x0073
mem[X,0x00800000000005BE] -> 0x3020
[559] [M]: 0x00800000000005BC (0x30200073) mret
CSR mstatus <- 0x0000000A00000088
ret-ing from M to S

mem[X,0x00800000000005C0] -> 0x0797
mem[X,0x00800000000005C2] -> 0x0000
[560] [S]: 0x00800000000005C0 (0x00000797) auipc a5, 0x0
x15 <- 0x00800000000005C0

mem[X,0x00800000000005C4] -> 0x8793
mem[X,0x00800000000005C6] -> 0x1C07
[561] [S]: 0x00800000000005C4 (0x1C078793) addi a5, a5, 0x1c0
x15 <- 0x0080000000000780

mem[X,0x00800000000005C8] -> 0x0013
mem[X,0x00800000000005CA] -> 0x0000
[562] [S]: 0x00800000000005C8 (0x00000013) addi zero, zero, 0x0

mem[X,0x00800000000005CC] -> 0x0013
mem[X,0x00800000000005CE] -> 0x0000
[563] [S]: 0x00800000000005CC (0x00000013) addi zero, zero, 0x0

mem[X,0x00800000000005D0] -> 0x0013
mem[X,0x00800000000005D2] -> 0x0000
[564] [S]: 0x00800000000005D0 (0x00000013) addi zero, zero, 0x0

mem[X,0x00800000000005D4] -> 0x0013
mem[X,0x00800000000005D6] -> 0x0000
[565] [S]: 0x00800000000005D4 (0x00000013) addi zero, zero, 0x0

mem[X,0x00800000000005D8] -> 0x0013
mem[X,0x00800000000005DA] -> 0x0000
[566] [S]: 0x00800000000005D8 (0x00000013) addi zero, zero, 0x0

mem[X,0x00800000000005DC] -> 0x0013
mem[X,0x00800000000005DE] -> 0x0000
[567] [S]: 0x00800000000005DC (0x00000013) addi zero, zero, 0x0

mem[X,0x00800000000005E0] -> 0x0713
mem[X,0x00800000000005E2] -> 0x0130
[568] [S]: 0x00800000000005E0 (0x01300713) addi a4, zero, 0x13
x14 <- 0x0000000000000013

mem[X,0x00800000000005E4] -> 0x8023
mem[X,0x00800000000005E6] -> 0x00E7
[569] [S]: 0x00800000000005E4 (0x00E78023) sb a4, 0x0(a5)
mem[0x0080000000000780] <- 0x13

mem[X,0x00800000000005E8] -> 0x0013
mem[X,0x00800000000005EA] -> 0x0000
[570] [S]: 0x00800000000005E8 (0x00000013) addi zero, zero, 0x0

mem[X,0x00800000000005EC] -> 0x0013
mem[X,0x00800000000005EE] -> 0x0000
[571] [S]: 0x00800000000005EC (0x00000013) addi zero, zero, 0x0

mem[X,0x00800000000005F0] -> 0x9023
mem[X,0x00800000000005F2] -> 0x00E7
[572] [S]: 0x00800000000005F0 (0x00E79023) sh a4, 0x0(a5)
mem[0x0080000000000780] <- 0x0013

mem[X,0x00800000000005F4] -> 0x0013
mem[X,0x00800000000005F6] -> 0x0000
[573] [S]: 0x00800000000005F4 (0x00000013) addi zero, zero, 0x0

mem[X,0x00800000000005F8] -> 0x0013
mem[X,0x00800000000005FA] -> 0x0000
[574] [S]: 0x00800000000005F8 (0x00000013) addi zero, zero, 0x0

mem[X,0x00800000000005FC] -> 0xA023
mem[X,0x00800000000005FE] -> 0x00E7
[575] [S]: 0x00800000000005FC (0x00E7A023) sw a4, 0x0(a5)
mem[0x0080000000000780] <- 0x00000013

mem[X,0x0080000000000600] -> 0x0013
mem[X,0x0080000000000602] -> 0x0000
[576] [S]: 0x0080000000000600 (0x00000013) addi zero, zero, 0x0

mem[X,0x0080000000000604] -> 0x0013
mem[X,0x0080000000000606] -> 0x0000
[577] [S]: 0x0080000000000604 (0x00000013) addi zero, zero, 0x0

mem[X,0x0080000000000608] -> 0xB023
mem[X,0x008000000000060A] -> 0x00E7
[578] [S]: 0x0080000000000608 (0x00E7B023) sd a4, 0x0(a5)
mem[0x0080000000000780] <- 0x0000000000000013

mem[X,0x008000000000060C] -> 0x0013
mem[X,0x008000000000060E] -> 0x0000
[579] [S]: 0x008000000000060C (0x00000013) addi zero, zero, 0x0

mem[X,0x0080000000000610] -> 0x0013
mem[X,0x0080000000000612] -> 0x0000
[580] [S]: 0x0080000000000610 (0x00000013) addi zero, zero, 0x0

mem[X,0x0080000000000614] -> 0x8703
mem[X,0x0080000000000616] -> 0x0007
[581] [S]: 0x0080000000000614 (0x00078703) lb a4, 0x0(a5)
mem[R,0x0080000000000780] -> 0x13
x14 <- 0x0000000000000013

mem[X,0x0080000000000618] -> 0x0013
mem[X,0x008000000000061A] -> 0x0000
[582] [S]: 0x0080000000000618 (0x00000013) addi zero, zero, 0x0

mem[X,0x008000000000061C] -> 0x0013
mem[X,0x008000000000061E] -> 0x0000
[583] [S]: 0x008000000000061C (0x00000013) addi zero, zero, 0x0

mem[X,0x0080000000000620] -> 0xBC23
mem[X,0x0080000000000622] -> 0x00E6
[584] [S]: 0x0080000000000620 (0x00E6BC23) sd a4, 0x18(a3)
mem[0x0080000000004230] <- 0x0000000000000013

mem[X,0x0080000000000624] -> 0x9703
mem[X,0x0080000000000626] -> 0x0007
[585] [S]: 0x0080000000000624 (0x00079703) lh a4, 0x0(a5)
mem[R,0x0080000000000780] -> 0x0013
x14 <- 0x0000000000000013

mem[X,0x0080000000000628] -> 0x0013
mem[X,0x008000000000062A] -> 0x0000
[586] [S]: 0x0080000000000628 (0x00000013) addi zero, zero, 0x0

mem[X,0x008000000000062C] -> 0x0013
mem[X,0x008000000000062E] -> 0x0000
[587] [S]: 0x008000000000062C (0x00000013) addi zero, zero, 0x0

mem[X,0x0080000000000630] -> 0xB023
mem[X,0x0080000000000632] -> 0x02E6
[588] [S]: 0x0080000000000630 (0x02E6B023) sd a4, 0x20(a3)
mem[0x0080000000004238] <- 0x0000000000000013

mem[X,0x0080000000000634] -> 0xA703
mem[X,0x0080000000000636] -> 0x0007
[589] [S]: 0x0080000000000634 (0x0007A703) lw a4, 0x0(a5)
mem[R,0x0080000000000780] -> 0x00000013
x14 <- 0x0000000000000013

mem[X,0x0080000000000638] -> 0x0013
mem[X,0x008000000000063A] -> 0x0000
[590] [S]: 0x0080000000000638 (0x00000013) addi zero, zero, 0x0

mem[X,0x008000000000063C] -> 0x0013
mem[X,0x008000000000063E] -> 0x0000
[591] [S]: 0x008000000000063C (0x00000013) addi zero, zero, 0x0

mem[X,0x0080000000000640] -> 0xB703
mem[X,0x0080000000000642] -> 0x0007
[592] [S]: 0x0080000000000640 (0x0007B703) ld a4, 0x0(a5)
mem[R,0x0080000000000780] -> 0x0000000000000013
x14 <- 0x0000000000000013

mem[X,0x0080000000000644] -> 0x0013
mem[X,0x0080000000000646] -> 0x0000
[593] [S]: 0x0080000000000644 (0x00000013) addi zero, zero, 0x0

mem[X,0x0080000000000648] -> 0x0013
mem[X,0x008000000000064A] -> 0x0000
[594] [S]: 0x0080000000000648 (0x00000013) addi zero, zero, 0x0

mem[X,0x008000000000064C] -> 0xB423
mem[X,0x008000000000064E] -> 0x02E6
[595] [S]: 0x008000000000064C (0x02E6B423) sd a4, 0x28(a3)
mem[0x0080000000004240] <- 0x0000000000000013

mem[X,0x0080000000000650] -> 0x00EF
mem[X,0x0080000000000652] -> 0x1300
[596] [S]: 0x0080000000000650 (0x130000EF) jal ra, 0x130
x1 <- 0x0080000000000654

trapping from S to M to handle fetch-access-fault
handling exc#0x01 at priv M with tval 0x0080000000000780
CSR mstatus <- 0x0000000A00000880
mem[X,0x0080000000000880] -> 0x006F
mem[X,0x0080000000000882] -> 0x1000
[597] [M]: 0x0080000000000880 (0x1000006F) jal zero, 0x100

mem[X,0x0080000000000980] -> 0x1173
mem[X,0x0080000000000982] -> 0x3401
[598] [M]: 0x0080000000000980 (0x34011173) csrrw sp, mscratch, sp
CSR mscratch <- 0x0080000000003000 (input: 0x0080000000003000)
x2 <- 0x0080000000003000

mem[X,0x0080000000000984] -> 0x3423
mem[X,0x0080000000000986] -> 0x28B1
[599] [M]: 0x0080000000000984 (0x28B13423) sd a1, 0x288(sp)
mem[0x0080000000003288] <- 0x0000000000000000

clint::tick mtime <- 0x0000000000000006
 clint timer pending at mtime 0x0000000000000006
htif::tick 0x0000000000000000
mem[X,0x0080000000000988] -> 0x05EF
mem[X,0x008000000000098A] -> 0x0B80
[600] [M]: 0x0080000000000988 (0x0B8005EF) jal a1, 0xb8
x11 <- 0x008000000000098C

mem[X,0x0080000000000A40] -> 0x3023
mem[X,0x0080000000000A42] -> 0x28A1
[601] [M]: 0x0080000000000A40 (0x28A13023) sd a0, 0x280(sp)
mem[0x0080000000003280] <- 0x0000000000000001

mem[X,0x0080000000000A44] -> 0x1573
mem[X,0x0080000000000A46] -> 0x3401
[602] [M]: 0x0080000000000A44 (0x34011573) csrrw a0, mscratch, sp
CSR mscratch <- 0x0080000000003000 (input: 0x0080000000003000)
x10 <- 0x0080000000003000

mem[X,0x0080000000000A48] -> 0x3823
mem[X,0x0080000000000A4A] -> 0x28A1
[603] [M]: 0x0080000000000A48 (0x28A13823) sd a0, 0x290(sp)
mem[0x0080000000003290] <- 0x0080000000003000

mem[X,0x0080000000000A4C] -> 0x3503
mem[X,0x0080000000000A4E] -> 0x2301
[604] [M]: 0x0080000000000A4C (0x23013503) ld a0, 0x230(sp)
mem[R,0x0080000000003230] -> 0x0080000000000A54
x10 <- 0x0080000000000A54

mem[X,0x0080000000000A50] -> 0x0067
mem[X,0x0080000000000A52] -> 0x0005
[605] [M]: 0x0080000000000A50 (0x00050067) jalr zero, 0x0(a0)

mem[X,0x0080000000000A54] -> 0x3C23
mem[X,0x0080000000000A56] -> 0x2691
[606] [M]: 0x0080000000000A54 (0x26913C23) sd s1, 0x278(sp)
mem[0x0080000000003278] <- 0x0080000000000788

mem[X,0x0080000000000A58] -> 0x3823
mem[X,0x0080000000000A5A] -> 0x2681
[607] [M]: 0x0080000000000A58 (0x26813823) sd fp, 0x270(sp)
mem[0x0080000000003270] <- 0x0000000000007F76

mem[X,0x0080000000000A5C] -> 0x3423
mem[X,0x0080000000000A5E] -> 0x2671
[608] [M]: 0x0080000000000A5C (0x26713423) sd t2, 0x268(sp)
mem[0x0080000000003268] <- 0x00000000003FBB6F

mem[X,0x0080000000000A60] -> 0x3023
mem[X,0x0080000000000A62] -> 0x2661
[609] [M]: 0x0080000000000A60 (0x26613023) sd t1, 0x260(sp)
mem[0x0080000000003260] <- 0x0000000000000010

mem[X,0x0080000000000A64] -> 0x2573
mem[X,0x0080000000000A66] -> 0x3420
[610] [M]: 0x0080000000000A64 (0x34202573) csrrs a0, mcause, zero
CSR mcause -> 0x0000000000000001
x10 <- 0x0000000000000001

mem[X,0x0080000000000A68] -> 0x04B7
mem[X,0x0080000000000A6A] -> 0x8000
[611] [M]: 0x0080000000000A68 (0x800004B7) lui s1, -0x80000
x9 <- 0xFFFFFFFF80000000

mem[X,0x0080000000000A6C] -> 0x8493
mem[X,0x0080000000000A6E] -> 0x0004
[612] [M]: 0x0080000000000A6C (0x00048493) addi s1, s1, 0x0
x9 <- 0xFFFFFFFF80000000

mem[X,0x0080000000000A70] -> 0x9493
mem[X,0x0080000000000A72] -> 0x00B4
[613] [M]: 0x0080000000000A70 (0x00B49493) slli s1, s1, 0xb
x9 <- 0xFFFFFC0000000000

mem[X,0x0080000000000A74] -> 0x8493
mem[X,0x0080000000000A76] -> 0x0004
[614] [M]: 0x0080000000000A74 (0x00048493) addi s1, s1, 0x0
x9 <- 0xFFFFFC0000000000

mem[X,0x0080000000000A78] -> 0x9493
mem[X,0x0080000000000A7A] -> 0x00B4
[615] [M]: 0x0080000000000A78 (0x00B49493) slli s1, s1, 0xb
x9 <- 0xFFE0000000000000

mem[X,0x0080000000000A7C] -> 0x8493
mem[X,0x0080000000000A7E] -> 0x0034
[616] [M]: 0x0080000000000A7C (0x00348493) addi s1, s1, 0x3
x9 <- 0xFFE0000000000003

mem[X,0x0080000000000A80] -> 0x9493
mem[X,0x0080000000000A82] -> 0x00A4
[617] [M]: 0x0080000000000A80 (0x00A49493) slli s1, s1, 0xa
x9 <- 0x8000000000000C00

mem[X,0x0080000000000A84] -> 0x8493
mem[X,0x0080000000000A86] -> 0x3FC4
[618] [M]: 0x0080000000000A84 (0x3FC48493) addi s1, s1, 0x3fc
x9 <- 0x8000000000000FFC

mem[X,0x0080000000000A88] -> 0xF4B3
mem[X,0x0080000000000A8A] -> 0x00A4
[619] [M]: 0x0080000000000A88 (0x00A4F4B3) and s1, s1, a0
x9 <- 0x0000000000000000

mem[X,0x0080000000000A8C] -> 0x8493
mem[X,0x0080000000000A8E] -> 0xFF84
[620] [M]: 0x0080000000000A8C (0xFF848493) addi s1, s1, -0x8
x9 <- 0xFFFFFFFFFFFFFFF8

mem[X,0x0080000000000A90] -> 0x9663
mem[X,0x0080000000000A92] -> 0x0004
[621] [M]: 0x0080000000000A90 (0x00049663) bne s1, zero, 0xc

mem[X,0x0080000000000A9C] -> 0x0393
mem[X,0x0080000000000A9E] -> 0x0200
[622] [M]: 0x0080000000000A9C (0x02000393) addi t2, zero, 0x20
x7 <- 0x0000000000000020

mem[X,0x0080000000000AA0] -> 0x5263
mem[X,0x0080000000000AA2] -> 0x0405
[623] [M]: 0x0080000000000AA0 (0x04055263) bge a0, zero, 0x44

mem[X,0x0080000000000AE4] -> 0x2373
mem[X,0x0080000000000AE6] -> 0x3010
[624] [M]: 0x0080000000000AE4 (0x30102373) csrrs t1, misa, zero
CSR misa -> 0x800000000034112D
x6 <- 0x800000000034112D

mem[X,0x0080000000000AE8] -> 0x1313
mem[X,0x0080000000000AEA] -> 0x0383
[625] [M]: 0x0080000000000AE8 (0x03831313) slli t1, t1, 0x38
x6 <- 0x2D00000000000000

mem[X,0x0080000000000AEC] -> 0x5463
mem[X,0x0080000000000AEE] -> 0x0003
[626] [M]: 0x0080000000000AEC (0x00035463) bge t1, zero, 0x8

mem[X,0x0080000000000AF4] -> 0x3303
mem[X,0x0080000000000AF6] -> 0x2181
[627] [M]: 0x0080000000000AF4 (0x21813303) ld t1, 0x218(sp)
mem[R,0x0080000000003218] -> 0x0080000000004360
x6 <- 0x0080000000004360

mem[X,0x0080000000000AF8] -> 0x04B3
mem[X,0x0080000000000AFA] -> 0x0073
[628] [M]: 0x0080000000000AF8 (0x007304B3) add s1, t1, t2
x9 <- 0x0080000000004380

mem[X,0x0080000000000AFC] -> 0x3C23
mem[X,0x0080000000000AFE] -> 0x2091
[629] [M]: 0x0080000000000AFC (0x20913C23) sd s1, 0x218(sp)
mem[0x0080000000003218] <- 0x0080000000004380

mem[X,0x0080000000000B00] -> 0x3403
mem[X,0x0080000000000B02] -> 0x1F81
[630] [M]: 0x0080000000000B00 (0x1F813403) ld fp, 0x1f8(sp)
mem[R,0x00800000000031F8] -> 0x0080000000004210
x8 <- 0x0080000000004210

mem[X,0x0080000000000B04] -> 0x0333
mem[X,0x0080000000000B06] -> 0x4083
[631] [M]: 0x0080000000000B04 (0x40830333) sub t1, t1, fp
x6 <- 0x0000000000000150

mem[X,0x0080000000000B08] -> 0x3403
mem[X,0x0080000000000B0A] -> 0x1F81
[632] [M]: 0x0080000000000B08 (0x1F813403) ld fp, 0x1f8(sp)
mem[R,0x00800000000031F8] -> 0x0080000000004210
x8 <- 0x0080000000004210

mem[X,0x0080000000000B0C] -> 0x0333
mem[X,0x0080000000000B0E] -> 0x0083
[633] [M]: 0x0080000000000B0C (0x00830333) add t1, t1, fp
x6 <- 0x0080000000004360

mem[X,0x0080000000000B10] -> 0x3403
mem[X,0x0080000000000B12] -> 0x2401
[634] [M]: 0x0080000000000B10 (0x24013403) ld fp, 0x240(sp)
mem[R,0x0080000000003240] -> 0x0080000000000880
x8 <- 0x0080000000000880

mem[X,0x0080000000000B14] -> 0x85B3
mem[X,0x0080000000000B16] -> 0x4085
[635] [M]: 0x0080000000000B14 (0x408585B3) sub a1, a1, fp
x11 <- 0x000000000000010C

mem[X,0x0080000000000B18] -> 0x9593
mem[X,0x0080000000000B1A] -> 0x0045
[636] [M]: 0x0080000000000B18 (0x00459593) slli a1, a1, 0x4
x11 <- 0x00000000000010C0

mem[X,0x0080000000000B1C] -> 0xE5B3
mem[X,0x0080000000000B1E] -> 0x0075
[637] [M]: 0x0080000000000B1C (0x0075E5B3) or a1, a1, t2
x11 <- 0x00000000000010E0

mem[X,0x0080000000000B20] -> 0x8593
mem[X,0x0080000000000B22] -> 0x0035
[638] [M]: 0x0080000000000B20 (0x00358593) addi a1, a1, 0x3
x11 <- 0x00000000000010E3

mem[X,0x0080000000000B24] -> 0x3023
mem[X,0x0080000000000B26] -> 0x00B3
[639] [M]: 0x0080000000000B24 (0x00B33023) sd a1, 0x0(t1)
mem[0x0080000000004360] <- 0x00000000000010E3

mem[X,0x0080000000000B28] -> 0x3423
mem[X,0x0080000000000B2A] -> 0x00A3
[640] [M]: 0x0080000000000B28 (0x00A33423) sd a0, 0x8(t1)
mem[0x0080000000004368] <- 0x0000000000000001

mem[X,0x0080000000000B2C] -> 0x4863
mem[X,0x0080000000000B2E] -> 0x1605
[641] [M]: 0x0080000000000B2C (0x16054863) blt a0, zero, 0x170

mem[X,0x0080000000000B30] -> 0x25F3
mem[X,0x0080000000000B32] -> 0x3000
[642] [M]: 0x0080000000000B30 (0x300025F3) csrrs a1, mstatus, zero
CSR mstatus -> 0x0000000A00000880
x11 <- 0x0000000A00000880

mem[X,0x0080000000000B34] -> 0x9413
mem[X,0x0080000000000B36] -> 0x02E5
[643] [M]: 0x0080000000000B34 (0x02E59413) slli fp, a1, 0x2e
x8 <- 0x0220000000000000

mem[X,0x0080000000000B38] -> 0x5463
mem[X,0x0080000000000B3A] -> 0x0004
[644] [M]: 0x0080000000000B38 (0x00045463) bge fp, zero, 0x8

mem[X,0x0080000000000B40] -> 0xD493
mem[X,0x0080000000000B42] -> 0x00B5
[645] [M]: 0x0080000000000B40 (0x00B5D493) srli s1, a1, 0xb
x9 <- 0x0000000001400001

mem[X,0x0080000000000B44] -> 0xF493
mem[X,0x0080000000000B46] -> 0x0034
[646] [M]: 0x0080000000000B44 (0x0034F493) andi s1, s1, 0x3
x9 <- 0x0000000000000001

mem[X,0x0080000000000B48] -> 0x8493
mem[X,0x0080000000000B4A] -> 0x0014
[647] [M]: 0x0080000000000B48 (0x00148493) addi s1, s1, 0x1
x9 <- 0x0000000000000002

mem[X,0x0080000000000B4C] -> 0xF493
mem[X,0x0080000000000B4E] -> 0x0044
[648] [M]: 0x0080000000000B4C (0x0044F493) andi s1, s1, 0x4
x9 <- 0x0000000000000000

mem[X,0x0080000000000B50] -> 0x0593
mem[X,0x0080000000000B52] -> 0x05D0
[649] [M]: 0x0080000000000B50 (0x05D00593) addi a1, zero, 0x5d
x11 <- 0x000000000000005D

mem[X,0x0080000000000B54] -> 0xD5B3
mem[X,0x0080000000000B56] -> 0x0095
[650] [M]: 0x0080000000000B54 (0x0095D5B3) srl a1, a1, s1
x11 <- 0x000000000000005D

mem[X,0x0080000000000B58] -> 0xF593
mem[X,0x0080000000000B5A] -> 0x0015
[651] [M]: 0x0080000000000B58 (0x0015F593) andi a1, a1, 0x1
x11 <- 0x0000000000000001

mem[X,0x0080000000000B5C] -> 0x8EE3
mem[X,0x0080000000000B5E] -> 0xF405
[652] [M]: 0x0080000000000B5C (0xF4058EE3) beq a1, zero, -0xa4

mem[X,0x0080000000000B60] -> 0x0593
mem[X,0x0080000000000B62] -> 0x2980
[653] [M]: 0x0080000000000B60 (0x29800593) addi a1, zero, 0x298
x11 <- 0x0000000000000298

mem[X,0x0080000000000B64] -> 0xF413
mem[X,0x0080000000000B66] -> 0x0014
[654] [M]: 0x0080000000000B64 (0x0014F413) andi fp, s1, 0x1
x8 <- 0x0000000000000000

mem[X,0x0080000000000B68] -> 0x95B3
mem[X,0x0080000000000B6A] -> 0x0085
[655] [M]: 0x0080000000000B68 (0x008595B3) sll a1, a1, fp
x11 <- 0x0000000000000298

mem[X,0x0080000000000B6C] -> 0x9413
mem[X,0x0080000000000B6E] -> 0x03D4
[656] [M]: 0x0080000000000B6C (0x03D49413) slli fp, s1, 0x3d
x8 <- 0x0000000000000000

mem[X,0x0080000000000B70] -> 0x5413
mem[X,0x0080000000000B72] -> 0x43F4
[657] [M]: 0x0080000000000B70 (0x43F45413) srai fp, fp, 0x3f
x8 <- 0x0000000000000000

mem[X,0x0080000000000B74] -> 0x4413
mem[X,0x0080000000000B76] -> 0xFFF4
[658] [M]: 0x0080000000000B74 (0xFFF44413) xori fp, fp, -0x1
x8 <- 0xFFFFFFFFFFFFFFFF

mem[X,0x0080000000000B78] -> 0xF4B3
mem[X,0x0080000000000B7A] -> 0x0085
[659] [M]: 0x0080000000000B78 (0x0085F4B3) and s1, a1, fp
x9 <- 0x0000000000000298

mem[X,0x0080000000000B7C] -> 0x84B3
mem[X,0x0080000000000B7E] -> 0x0024
[660] [M]: 0x0080000000000B7C (0x002484B3) add s1, s1, sp
x9 <- 0x0080000000003298

mem[X,0x0080000000000B80] -> 0x23F3
mem[X,0x0080000000000B82] -> 0x3410
[661] [M]: 0x0080000000000B80 (0x341023F3) csrrs t2, mepc, zero
CSR mepc -> 0x0080000000000780
x7 <- 0x0080000000000780

mem[X,0x0080000000000B84] -> 0xB403
mem[X,0x0080000000000B86] -> 0x2084
[662] [M]: 0x0080000000000B84 (0x2084B403) ld fp, 0x208(s1)
mem[R,0x00800000000034A0] -> 0x008000000000039C
x8 <- 0x008000000000039C

mem[X,0x0080000000000B88] -> 0xB583
mem[X,0x0080000000000B8A] -> 0x2104
[663] [M]: 0x0080000000000B88 (0x2104B583) ld a1, 0x210(s1)
mem[R,0x00800000000034A8] -> 0x0000000000000400
x11 <- 0x0000000000000400

mem[X,0x0080000000000B8C] -> 0x85B3
mem[X,0x0080000000000B8E] -> 0x0085
[664] [M]: 0x0080000000000B8C (0x008585B3) add a1, a1, fp
x11 <- 0x008000000000079C

mem[X,0x0080000000000B90] -> 0xF463
mem[X,0x0080000000000B92] -> 0x00B3
[665] [M]: 0x0080000000000B90 (0x00B3F463) bgeu t2, a1, 0x8

mem[X,0x0080000000000B94] -> 0xF663
mem[X,0x0080000000000B96] -> 0x0283
[666] [M]: 0x0080000000000B94 (0x0283F663) bgeu t2, fp, 0x2c

mem[X,0x0080000000000BC0] -> 0x8433
mem[X,0x0080000000000BC2] -> 0x4083
[667] [M]: 0x0080000000000BC0 (0x40838433) sub fp, t2, fp
x8 <- 0x00000000000003E4

mem[X,0x0080000000000BC4] -> 0x3823
mem[X,0x0080000000000BC6] -> 0x0083
[668] [M]: 0x0080000000000BC4 (0x00833823) sd fp, 0x10(t1)
mem[0x0080000000004370] <- 0x00000000000003E4

mem[X,0x0080000000000BC8] -> 0xF593
mem[X,0x0080000000000BCA] -> 0xFFC3
[669] [M]: 0x0080000000000BC8 (0xFFC3F593) andi a1, t2, -0x4
x11 <- 0x0080000000000780

mem[X,0x0080000000000BCC] -> 0x8593
mem[X,0x0080000000000BCE] -> 0x0085
[670] [M]: 0x0080000000000BCC (0x00858593) addi a1, a1, 0x8
x11 <- 0x0080000000000788

mem[X,0x0080000000000BD0] -> 0x9073
mem[X,0x0080000000000BD2] -> 0x3415
[671] [M]: 0x0080000000000BD0 (0x34159073) csrrw zero, mepc, a1
CSR mepc <- 0x0080000000000788 (input: 0x0080000000000788)

mem[X,0x0080000000000BD4] -> 0x23F3
mem[X,0x0080000000000BD6] -> 0x3430
[672] [M]: 0x0080000000000BD4 (0x343023F3) csrrs t2, mtval, zero
CSR mtval -> 0x0080000000000780
x7 <- 0x0080000000000780

mem[X,0x0080000000000BD8] -> 0x7513
mem[X,0x0080000000000BDA] -> 0x00F5
[673] [M]: 0x0080000000000BD8 (0x00F57513) andi a0, a0, 0xf
x10 <- 0x0000000000000001

mem[X,0x0080000000000BDC] -> 0x0437
mem[X,0x0080000000000BDE] -> 0x0000
[674] [M]: 0x0080000000000BDC (0x00000437) lui fp, 0x0
x8 <- 0x0000000000000000

mem[X,0x0080000000000BE0] -> 0x0413
mem[X,0x0080000000000BE2] -> 0x0004
[675] [M]: 0x0080000000000BE0 (0x00040413) addi fp, fp, 0x0
x8 <- 0x0000000000000000

mem[X,0x0080000000000BE4] -> 0x1413
mem[X,0x0080000000000BE6] -> 0x00B4
[676] [M]: 0x0080000000000BE4 (0x00B41413) slli fp, fp, 0xb
x8 <- 0x0000000000000000

mem[X,0x0080000000000BE8] -> 0x0413
mem[X,0x0080000000000BEA] -> 0x0004
[677] [M]: 0x0080000000000BE8 (0x00040413) addi fp, fp, 0x0
x8 <- 0x0000000000000000

mem[X,0x0080000000000BEC] -> 0x1413
mem[X,0x0080000000000BEE] -> 0x00B4
[678] [M]: 0x0080000000000BEC (0x00B41413) slli fp, fp, 0xb
x8 <- 0x0000000000000000

mem[X,0x0080000000000BF0] -> 0x0413
mem[X,0x0080000000000BF2] -> 0x02C4
[679] [M]: 0x0080000000000BF0 (0x02C40413) addi fp, fp, 0x2c
x8 <- 0x000000000000002C

mem[X,0x0080000000000BF4] -> 0x1413
mem[X,0x0080000000000BF6] -> 0x00A4
[680] [M]: 0x0080000000000BF4 (0x00A41413) slli fp, fp, 0xa
x8 <- 0x000000000000B000

mem[X,0x0080000000000BF8] -> 0x0413
mem[X,0x0080000000000BFA] -> 0x0FB4
[681] [M]: 0x0080000000000BF8 (0x0FB40413) addi fp, fp, 0xfb
x8 <- 0x000000000000B0FB

mem[X,0x0080000000000BFC] -> 0x5433
mem[X,0x0080000000000BFE] -> 0x00A4
[682] [M]: 0x0080000000000BFC (0x00A45433) srl fp, fp, a0
x8 <- 0x000000000000587D

mem[X,0x0080000000000C00] -> 0x1413
mem[X,0x0080000000000C02] -> 0x03F4
[683] [M]: 0x0080000000000C00 (0x03F41413) slli fp, fp, 0x3f
x8 <- 0x8000000000000000

mem[X,0x0080000000000C04] -> 0x5C63
mem[X,0x0080000000000C06] -> 0x0404
[684] [M]: 0x0080000000000C04 (0x04045C63) bge fp, zero, 0x58

mem[X,0x0080000000000C08] -> 0xB403
mem[X,0x0080000000000C0A] -> 0x2084
[685] [M]: 0x0080000000000C08 (0x2084B403) ld fp, 0x208(s1)
mem[R,0x00800000000034A0] -> 0x008000000000039C
x8 <- 0x008000000000039C

mem[X,0x0080000000000C0C] -> 0xB583
mem[X,0x0080000000000C0E] -> 0x2104
[686] [M]: 0x0080000000000C0C (0x2104B583) ld a1, 0x210(s1)
mem[R,0x00800000000034A8] -> 0x0000000000000400
x11 <- 0x0000000000000400

mem[X,0x0080000000000C10] -> 0x85B3
mem[X,0x0080000000000C12] -> 0x0085
[687] [M]: 0x0080000000000C10 (0x008585B3) add a1, a1, fp
x11 <- 0x008000000000079C

mem[X,0x0080000000000C14] -> 0xF463
mem[X,0x0080000000000C16] -> 0x00B3
[688] [M]: 0x0080000000000C14 (0x00B3F463) bgeu t2, a1, 0x8

mem[X,0x0080000000000C18] -> 0xF063
mem[X,0x0080000000000C1A] -> 0x0483
[689] [M]: 0x0080000000000C18 (0x0483F063) bgeu t2, fp, 0x40

mem[X,0x0080000000000C58] -> 0x8433
mem[X,0x0080000000000C5A] -> 0x4083
[690] [M]: 0x0080000000000C58 (0x40838433) sub fp, t2, fp
x8 <- 0x00000000000003E4

mem[X,0x0080000000000C5C] -> 0x3C23
mem[X,0x0080000000000C5E] -> 0x0083
[691] [M]: 0x0080000000000C5C (0x00833C23) sd fp, 0x18(t1)
mem[0x0080000000004378] <- 0x00000000000003E4

mem[X,0x0080000000000C60] -> 0x3483
mem[X,0x0080000000000C62] -> 0x2181
[692] [M]: 0x0080000000000C60 (0x21813483) ld s1, 0x218(sp)
mem[R,0x0080000000003218] -> 0x0080000000004380
x9 <- 0x0080000000004380

mem[X,0x0080000000000C64] -> 0x3383
mem[X,0x0080000000000C66] -> 0x1F81
[693] [M]: 0x0080000000000C64 (0x1F813383) ld t2, 0x1f8(sp)
mem[R,0x00800000000031F8] -> 0x0080000000004210
x7 <- 0x0080000000004210

mem[X,0x0080000000000C68] -> 0x3303
mem[X,0x0080000000000C6A] -> 0x2001
[694] [M]: 0x0080000000000C68 (0x20013303) ld t1, 0x200(sp)
mem[R,0x0080000000003200] -> 0x0000000000000520
x6 <- 0x0000000000000520

mem[X,0x0080000000000C6C] -> 0x0333
mem[X,0x0080000000000C6E] -> 0x0073
[695] [M]: 0x0080000000000C6C (0x00730333) add t1, t1, t2
x6 <- 0x0080000000004730

mem[X,0x0080000000000C70] -> 0x6AE3
mem[X,0x0080000000000C72] -> 0xB293
[696] [M]: 0x0080000000000C70 (0xB2936AE3) bltu t1, s1, -0x4cc

mem[X,0x0080000000000C74] -> 0x0393
mem[X,0x0080000000000C76] -> 0x2000
[697] [M]: 0x0080000000000C74 (0x20000393) addi t2, zero, 0x200
x7 <- 0x0000000000000200

mem[X,0x0080000000000C78] -> 0x006F
mem[X,0x0080000000000C7A] -> 0x0400
[698] [M]: 0x0080000000000C78 (0x0400006F) jal zero, 0x40

mem[X,0x0080000000000CB8] -> 0x0417
mem[X,0x0080000000000CBA] -> 0x0000
[699] [M]: 0x0080000000000CB8 (0x00000417) auipc fp, 0x0
x8 <- 0x0080000000000CB8

clint::tick mtime <- 0x0000000000000007
 clint timer pending at mtime 0x0000000000000007
htif::tick 0x0000000000000000
mem[X,0x0080000000000CBC] -> 0x0413
mem[X,0x0080000000000CBE] -> 0x03C4
[700] [M]: 0x0080000000000CBC (0x03C40413) addi fp, fp, 0x3c
x8 <- 0x0080000000000CF4

mem[X,0x0080000000000CC0] -> 0x0433
mem[X,0x0080000000000CC2] -> 0x0074
[701] [M]: 0x0080000000000CC0 (0x00740433) add fp, fp, t2
x8 <- 0x0080000000000EF4

mem[X,0x0080000000000CC4] -> 0x1393
mem[X,0x0080000000000CC6] -> 0x0035
[702] [M]: 0x0080000000000CC4 (0x00351393) slli t2, a0, 0x3
x7 <- 0x0000000000000008

mem[X,0x0080000000000CC8] -> 0x0433
mem[X,0x0080000000000CCA] -> 0x0074
[703] [M]: 0x0080000000000CC8 (0x00740433) add fp, fp, t2
x8 <- 0x0080000000000EFC

mem[X,0x0080000000000CCC] -> 0x7413
mem[X,0x0080000000000CCE] -> 0xFF84
[704] [M]: 0x0080000000000CCC (0xFF847413) andi fp, fp, -0x8
x8 <- 0x0080000000000EF8

mem[X,0x0080000000000CD0] -> 0x3403
mem[X,0x0080000000000CD2] -> 0x0004
[705] [M]: 0x0080000000000CD0 (0x00043403) ld fp, 0x0(fp)
mem[R,0x0080000000000EF8] -> 0x0000000000000003
x8 <- 0x0000000000000003

mem[X,0x0080000000000CD4] -> 0x02E3
mem[X,0x0080000000000CD6] -> 0xB604
[706] [M]: 0x0080000000000CD4 (0xB60402E3) beq fp, zero, -0x49c

mem[X,0x0080000000000CD8] -> 0x1393
mem[X,0x0080000000000CDA] -> 0x03F4
[707] [M]: 0x0080000000000CD8 (0x03F41393) slli t2, fp, 0x3f
x7 <- 0x8000000000000000

mem[X,0x0080000000000CDC] -> 0xD863
mem[X,0x0080000000000CDE] -> 0x0003
[708] [M]: 0x0080000000000CDC (0x0003D863) bge t2, zero, 0x10

mem[X,0x0080000000000CE0] -> 0x5413
mem[X,0x0080000000000CE2] -> 0x0014
[709] [M]: 0x0080000000000CE0 (0x00145413) srli fp, fp, 0x1
x8 <- 0x0000000000000001

mem[X,0x0080000000000CE4] -> 0x0CE3
mem[X,0x0080000000000CE6] -> 0xF885
[710] [M]: 0x0080000000000CE4 (0xF8850CE3) beq a0, fp, -0x68

mem[X,0x0080000000000C7C] -> 0x3303
mem[X,0x0080000000000C7E] -> 0x2601
[711] [M]: 0x0080000000000C7C (0x26013303) ld t1, 0x260(sp)
mem[R,0x0080000000003260] -> 0x0000000000000010
x6 <- 0x0000000000000010

mem[X,0x0080000000000C80] -> 0x3383
mem[X,0x0080000000000C82] -> 0x2681
[712] [M]: 0x0080000000000C80 (0x26813383) ld t2, 0x268(sp)
mem[R,0x0080000000003268] -> 0x00000000003FBB6F
x7 <- 0x00000000003FBB6F

mem[X,0x0080000000000C84] -> 0x3403
mem[X,0x0080000000000C86] -> 0x2701
[713] [M]: 0x0080000000000C84 (0x27013403) ld fp, 0x270(sp)
mem[R,0x0080000000003270] -> 0x0000000000007F76
x8 <- 0x0000000000007F76

mem[X,0x0080000000000C88] -> 0x3483
mem[X,0x0080000000000C8A] -> 0x2781
[714] [M]: 0x0080000000000C88 (0x27813483) ld s1, 0x278(sp)
mem[R,0x0080000000003278] -> 0x0080000000000788
x9 <- 0x0080000000000788

mem[X,0x0080000000000C8C] -> 0x3503
mem[X,0x0080000000000C8E] -> 0x2801
[715] [M]: 0x0080000000000C8C (0x28013503) ld a0, 0x280(sp)
mem[R,0x0080000000003280] -> 0x0000000000000001
x10 <- 0x0000000000000001

mem[X,0x0080000000000C90] -> 0x3583
mem[X,0x0080000000000C92] -> 0x2881
[716] [M]: 0x0080000000000C90 (0x28813583) ld a1, 0x288(sp)
mem[R,0x0080000000003288] -> 0x0000000000000000
x11 <- 0x0000000000000000

mem[X,0x0080000000000C94] -> 0x3103
mem[X,0x0080000000000C96] -> 0x2901
[717] [M]: 0x0080000000000C94 (0x29013103) ld sp, 0x290(sp)
mem[R,0x0080000000003290] -> 0x0080000000003000
x2 <- 0x0080000000003000

mem[X,0x0080000000000C98] -> 0x0073
mem[X,0x0080000000000C9A] -> 0x3020
[718] [M]: 0x0080000000000C98 (0x30200073) mret
CSR mstatus <- 0x0000000A00000088
ret-ing from M to S

mem[X,0x0080000000000788] -> 0x0013
mem[X,0x008000000000078A] -> 0x0000
[719] [S]: 0x0080000000000788 (0x00000013) addi zero, zero, 0x0

mem[X,0x008000000000078C] -> 0x0013
mem[X,0x008000000000078E] -> 0x0000
[720] [S]: 0x008000000000078C (0x00000013) addi zero, zero, 0x0

mem[X,0x0080000000000790] -> 0x0013
mem[X,0x0080000000000792] -> 0x0000
[721] [S]: 0x0080000000000790 (0x00000013) addi zero, zero, 0x0

mem[X,0x0080000000000794] -> 0x0013
mem[X,0x0080000000000796] -> 0x0000
[722] [S]: 0x0080000000000794 (0x00000013) addi zero, zero, 0x0

mem[X,0x0080000000000798] -> 0x8067
mem[X,0x008000000000079A] -> 0x0000
[723] [S]: 0x0080000000000798 (0x00008067) jalr zero, 0x0(ra)

mem[X,0x0080000000000654] -> 0x0013
mem[X,0x0080000000000656] -> 0x0000
[724] [S]: 0x0080000000000654 (0x00000013) addi zero, zero, 0x0

mem[X,0x0080000000000658] -> 0x0013
mem[X,0x008000000000065A] -> 0x0000
[725] [S]: 0x0080000000000658 (0x00000013) addi zero, zero, 0x0

mem[X,0x008000000000065C] -> 0x00EF
mem[X,0x008000000000065E] -> 0x1240
[726] [S]: 0x008000000000065C (0x124000EF) jal ra, 0x124
x1 <- 0x0080000000000660

trapping from S to M to handle fetch-access-fault
handling exc#0x01 at priv M with tval 0x0080000000000780
CSR mstatus <- 0x0000000A00000880
mem[X,0x0080000000000880] -> 0x006F
mem[X,0x0080000000000882] -> 0x1000
[727] [M]: 0x0080000000000880 (0x1000006F) jal zero, 0x100

mem[X,0x0080000000000980] -> 0x1173
mem[X,0x0080000000000982] -> 0x3401
[728] [M]: 0x0080000000000980 (0x34011173) csrrw sp, mscratch, sp
CSR mscratch <- 0x0080000000003000 (input: 0x0080000000003000)
x2 <- 0x0080000000003000

mem[X,0x0080000000000984] -> 0x3423
mem[X,0x0080000000000986] -> 0x28B1
[729] [M]: 0x0080000000000984 (0x28B13423) sd a1, 0x288(sp)
mem[0x0080000000003288] <- 0x0000000000000000

mem[X,0x0080000000000988] -> 0x05EF
mem[X,0x008000000000098A] -> 0x0B80
[730] [M]: 0x0080000000000988 (0x0B8005EF) jal a1, 0xb8
x11 <- 0x008000000000098C

mem[X,0x0080000000000A40] -> 0x3023
mem[X,0x0080000000000A42] -> 0x28A1
[731] [M]: 0x0080000000000A40 (0x28A13023) sd a0, 0x280(sp)
mem[0x0080000000003280] <- 0x0000000000000001

mem[X,0x0080000000000A44] -> 0x1573
mem[X,0x0080000000000A46] -> 0x3401
[732] [M]: 0x0080000000000A44 (0x34011573) csrrw a0, mscratch, sp
CSR mscratch <- 0x0080000000003000 (input: 0x0080000000003000)
x10 <- 0x0080000000003000

mem[X,0x0080000000000A48] -> 0x3823
mem[X,0x0080000000000A4A] -> 0x28A1
[733] [M]: 0x0080000000000A48 (0x28A13823) sd a0, 0x290(sp)
mem[0x0080000000003290] <- 0x0080000000003000

mem[X,0x0080000000000A4C] -> 0x3503
mem[X,0x0080000000000A4E] -> 0x2301
[734] [M]: 0x0080000000000A4C (0x23013503) ld a0, 0x230(sp)
mem[R,0x0080000000003230] -> 0x0080000000000A54
x10 <- 0x0080000000000A54

mem[X,0x0080000000000A50] -> 0x0067
mem[X,0x0080000000000A52] -> 0x0005
[735] [M]: 0x0080000000000A50 (0x00050067) jalr zero, 0x0(a0)

mem[X,0x0080000000000A54] -> 0x3C23
mem[X,0x0080000000000A56] -> 0x2691
[736] [M]: 0x0080000000000A54 (0x26913C23) sd s1, 0x278(sp)
mem[0x0080000000003278] <- 0x0080000000000788

mem[X,0x0080000000000A58] -> 0x3823
mem[X,0x0080000000000A5A] -> 0x2681
[737] [M]: 0x0080000000000A58 (0x26813823) sd fp, 0x270(sp)
mem[0x0080000000003270] <- 0x0000000000007F76

mem[X,0x0080000000000A5C] -> 0x3423
mem[X,0x0080000000000A5E] -> 0x2671
[738] [M]: 0x0080000000000A5C (0x26713423) sd t2, 0x268(sp)
mem[0x0080000000003268] <- 0x00000000003FBB6F

mem[X,0x0080000000000A60] -> 0x3023
mem[X,0x0080000000000A62] -> 0x2661
[739] [M]: 0x0080000000000A60 (0x26613023) sd t1, 0x260(sp)
mem[0x0080000000003260] <- 0x0000000000000010

mem[X,0x0080000000000A64] -> 0x2573
mem[X,0x0080000000000A66] -> 0x3420
[740] [M]: 0x0080000000000A64 (0x34202573) csrrs a0, mcause, zero
CSR mcause -> 0x0000000000000001
x10 <- 0x0000000000000001

mem[X,0x0080000000000A68] -> 0x04B7
mem[X,0x0080000000000A6A] -> 0x8000
[741] [M]: 0x0080000000000A68 (0x800004B7) lui s1, -0x80000
x9 <- 0xFFFFFFFF80000000

mem[X,0x0080000000000A6C] -> 0x8493
mem[X,0x0080000000000A6E] -> 0x0004
[742] [M]: 0x0080000000000A6C (0x00048493) addi s1, s1, 0x0
x9 <- 0xFFFFFFFF80000000

mem[X,0x0080000000000A70] -> 0x9493
mem[X,0x0080000000000A72] -> 0x00B4
[743] [M]: 0x0080000000000A70 (0x00B49493) slli s1, s1, 0xb
x9 <- 0xFFFFFC0000000000

mem[X,0x0080000000000A74] -> 0x8493
mem[X,0x0080000000000A76] -> 0x0004
[744] [M]: 0x0080000000000A74 (0x00048493) addi s1, s1, 0x0
x9 <- 0xFFFFFC0000000000

mem[X,0x0080000000000A78] -> 0x9493
mem[X,0x0080000000000A7A] -> 0x00B4
[745] [M]: 0x0080000000000A78 (0x00B49493) slli s1, s1, 0xb
x9 <- 0xFFE0000000000000

mem[X,0x0080000000000A7C] -> 0x8493
mem[X,0x0080000000000A7E] -> 0x0034
[746] [M]: 0x0080000000000A7C (0x00348493) addi s1, s1, 0x3
x9 <- 0xFFE0000000000003

mem[X,0x0080000000000A80] -> 0x9493
mem[X,0x0080000000000A82] -> 0x00A4
[747] [M]: 0x0080000000000A80 (0x00A49493) slli s1, s1, 0xa
x9 <- 0x8000000000000C00

mem[X,0x0080000000000A84] -> 0x8493
mem[X,0x0080000000000A86] -> 0x3FC4
[748] [M]: 0x0080000000000A84 (0x3FC48493) addi s1, s1, 0x3fc
x9 <- 0x8000000000000FFC

mem[X,0x0080000000000A88] -> 0xF4B3
mem[X,0x0080000000000A8A] -> 0x00A4
[749] [M]: 0x0080000000000A88 (0x00A4F4B3) and s1, s1, a0
x9 <- 0x0000000000000000

mem[X,0x0080000000000A8C] -> 0x8493
mem[X,0x0080000000000A8E] -> 0xFF84
[750] [M]: 0x0080000000000A8C (0xFF848493) addi s1, s1, -0x8
x9 <- 0xFFFFFFFFFFFFFFF8

mem[X,0x0080000000000A90] -> 0x9663
mem[X,0x0080000000000A92] -> 0x0004
[751] [M]: 0x0080000000000A90 (0x00049663) bne s1, zero, 0xc

mem[X,0x0080000000000A9C] -> 0x0393
mem[X,0x0080000000000A9E] -> 0x0200
[752] [M]: 0x0080000000000A9C (0x02000393) addi t2, zero, 0x20
x7 <- 0x0000000000000020

mem[X,0x0080000000000AA0] -> 0x5263
mem[X,0x0080000000000AA2] -> 0x0405
[753] [M]: 0x0080000000000AA0 (0x04055263) bge a0, zero, 0x44

mem[X,0x0080000000000AE4] -> 0x2373
mem[X,0x0080000000000AE6] -> 0x3010
[754] [M]: 0x0080000000000AE4 (0x30102373) csrrs t1, misa, zero
CSR misa -> 0x800000000034112D
x6 <- 0x800000000034112D

mem[X,0x0080000000000AE8] -> 0x1313
mem[X,0x0080000000000AEA] -> 0x0383
[755] [M]: 0x0080000000000AE8 (0x03831313) slli t1, t1, 0x38
x6 <- 0x2D00000000000000

mem[X,0x0080000000000AEC] -> 0x5463
mem[X,0x0080000000000AEE] -> 0x0003
[756] [M]: 0x0080000000000AEC (0x00035463) bge t1, zero, 0x8

mem[X,0x0080000000000AF4] -> 0x3303
mem[X,0x0080000000000AF6] -> 0x2181
[757] [M]: 0x0080000000000AF4 (0x21813303) ld t1, 0x218(sp)
mem[R,0x0080000000003218] -> 0x0080000000004380
x6 <- 0x0080000000004380

mem[X,0x0080000000000AF8] -> 0x04B3
mem[X,0x0080000000000AFA] -> 0x0073
[758] [M]: 0x0080000000000AF8 (0x007304B3) add s1, t1, t2
x9 <- 0x00800000000043A0

mem[X,0x0080000000000AFC] -> 0x3C23
mem[X,0x0080000000000AFE] -> 0x2091
[759] [M]: 0x0080000000000AFC (0x20913C23) sd s1, 0x218(sp)
mem[0x0080000000003218] <- 0x00800000000043A0

mem[X,0x0080000000000B00] -> 0x3403
mem[X,0x0080000000000B02] -> 0x1F81
[760] [M]: 0x0080000000000B00 (0x1F813403) ld fp, 0x1f8(sp)
mem[R,0x00800000000031F8] -> 0x0080000000004210
x8 <- 0x0080000000004210

mem[X,0x0080000000000B04] -> 0x0333
mem[X,0x0080000000000B06] -> 0x4083
[761] [M]: 0x0080000000000B04 (0x40830333) sub t1, t1, fp
x6 <- 0x0000000000000170

mem[X,0x0080000000000B08] -> 0x3403
mem[X,0x0080000000000B0A] -> 0x1F81
[762] [M]: 0x0080000000000B08 (0x1F813403) ld fp, 0x1f8(sp)
mem[R,0x00800000000031F8] -> 0x0080000000004210
x8 <- 0x0080000000004210

mem[X,0x0080000000000B0C] -> 0x0333
mem[X,0x0080000000000B0E] -> 0x0083
[763] [M]: 0x0080000000000B0C (0x00830333) add t1, t1, fp
x6 <- 0x0080000000004380

mem[X,0x0080000000000B10] -> 0x3403
mem[X,0x0080000000000B12] -> 0x2401
[764] [M]: 0x0080000000000B10 (0x24013403) ld fp, 0x240(sp)
mem[R,0x0080000000003240] -> 0x0080000000000880
x8 <- 0x0080000000000880

mem[X,0x0080000000000B14] -> 0x85B3
mem[X,0x0080000000000B16] -> 0x4085
[765] [M]: 0x0080000000000B14 (0x408585B3) sub a1, a1, fp
x11 <- 0x000000000000010C

mem[X,0x0080000000000B18] -> 0x9593
mem[X,0x0080000000000B1A] -> 0x0045
[766] [M]: 0x0080000000000B18 (0x00459593) slli a1, a1, 0x4
x11 <- 0x00000000000010C0

mem[X,0x0080000000000B1C] -> 0xE5B3
mem[X,0x0080000000000B1E] -> 0x0075
[767] [M]: 0x0080000000000B1C (0x0075E5B3) or a1, a1, t2
x11 <- 0x00000000000010E0

mem[X,0x0080000000000B20] -> 0x8593
mem[X,0x0080000000000B22] -> 0x0035
[768] [M]: 0x0080000000000B20 (0x00358593) addi a1, a1, 0x3
x11 <- 0x00000000000010E3

mem[X,0x0080000000000B24] -> 0x3023
mem[X,0x0080000000000B26] -> 0x00B3
[769] [M]: 0x0080000000000B24 (0x00B33023) sd a1, 0x0(t1)
mem[0x0080000000004380] <- 0x00000000000010E3

mem[X,0x0080000000000B28] -> 0x3423
mem[X,0x0080000000000B2A] -> 0x00A3
[770] [M]: 0x0080000000000B28 (0x00A33423) sd a0, 0x8(t1)
mem[0x0080000000004388] <- 0x0000000000000001

mem[X,0x0080000000000B2C] -> 0x4863
mem[X,0x0080000000000B2E] -> 0x1605
[771] [M]: 0x0080000000000B2C (0x16054863) blt a0, zero, 0x170

mem[X,0x0080000000000B30] -> 0x25F3
mem[X,0x0080000000000B32] -> 0x3000
[772] [M]: 0x0080000000000B30 (0x300025F3) csrrs a1, mstatus, zero
CSR mstatus -> 0x0000000A00000880
x11 <- 0x0000000A00000880

mem[X,0x0080000000000B34] -> 0x9413
mem[X,0x0080000000000B36] -> 0x02E5
[773] [M]: 0x0080000000000B34 (0x02E59413) slli fp, a1, 0x2e
x8 <- 0x0220000000000000

mem[X,0x0080000000000B38] -> 0x5463
mem[X,0x0080000000000B3A] -> 0x0004
[774] [M]: 0x0080000000000B38 (0x00045463) bge fp, zero, 0x8

mem[X,0x0080000000000B40] -> 0xD493
mem[X,0x0080000000000B42] -> 0x00B5
[775] [M]: 0x0080000000000B40 (0x00B5D493) srli s1, a1, 0xb
x9 <- 0x0000000001400001

mem[X,0x0080000000000B44] -> 0xF493
mem[X,0x0080000000000B46] -> 0x0034
[776] [M]: 0x0080000000000B44 (0x0034F493) andi s1, s1, 0x3
x9 <- 0x0000000000000001

mem[X,0x0080000000000B48] -> 0x8493
mem[X,0x0080000000000B4A] -> 0x0014
[777] [M]: 0x0080000000000B48 (0x00148493) addi s1, s1, 0x1
x9 <- 0x0000000000000002

mem[X,0x0080000000000B4C] -> 0xF493
mem[X,0x0080000000000B4E] -> 0x0044
[778] [M]: 0x0080000000000B4C (0x0044F493) andi s1, s1, 0x4
x9 <- 0x0000000000000000

mem[X,0x0080000000000B50] -> 0x0593
mem[X,0x0080000000000B52] -> 0x05D0
[779] [M]: 0x0080000000000B50 (0x05D00593) addi a1, zero, 0x5d
x11 <- 0x000000000000005D

mem[X,0x0080000000000B54] -> 0xD5B3
mem[X,0x0080000000000B56] -> 0x0095
[780] [M]: 0x0080000000000B54 (0x0095D5B3) srl a1, a1, s1
x11 <- 0x000000000000005D

mem[X,0x0080000000000B58] -> 0xF593
mem[X,0x0080000000000B5A] -> 0x0015
[781] [M]: 0x0080000000000B58 (0x0015F593) andi a1, a1, 0x1
x11 <- 0x0000000000000001

mem[X,0x0080000000000B5C] -> 0x8EE3
mem[X,0x0080000000000B5E] -> 0xF405
[782] [M]: 0x0080000000000B5C (0xF4058EE3) beq a1, zero, -0xa4

mem[X,0x0080000000000B60] -> 0x0593
mem[X,0x0080000000000B62] -> 0x2980
[783] [M]: 0x0080000000000B60 (0x29800593) addi a1, zero, 0x298
x11 <- 0x0000000000000298

mem[X,0x0080000000000B64] -> 0xF413
mem[X,0x0080000000000B66] -> 0x0014
[784] [M]: 0x0080000000000B64 (0x0014F413) andi fp, s1, 0x1
x8 <- 0x0000000000000000

mem[X,0x0080000000000B68] -> 0x95B3
mem[X,0x0080000000000B6A] -> 0x0085
[785] [M]: 0x0080000000000B68 (0x008595B3) sll a1, a1, fp
x11 <- 0x0000000000000298

mem[X,0x0080000000000B6C] -> 0x9413
mem[X,0x0080000000000B6E] -> 0x03D4
[786] [M]: 0x0080000000000B6C (0x03D49413) slli fp, s1, 0x3d
x8 <- 0x0000000000000000

mem[X,0x0080000000000B70] -> 0x5413
mem[X,0x0080000000000B72] -> 0x43F4
[787] [M]: 0x0080000000000B70 (0x43F45413) srai fp, fp, 0x3f
x8 <- 0x0000000000000000

mem[X,0x0080000000000B74] -> 0x4413
mem[X,0x0080000000000B76] -> 0xFFF4
[788] [M]: 0x0080000000000B74 (0xFFF44413) xori fp, fp, -0x1
x8 <- 0xFFFFFFFFFFFFFFFF

mem[X,0x0080000000000B78] -> 0xF4B3
mem[X,0x0080000000000B7A] -> 0x0085
[789] [M]: 0x0080000000000B78 (0x0085F4B3) and s1, a1, fp
x9 <- 0x0000000000000298

mem[X,0x0080000000000B7C] -> 0x84B3
mem[X,0x0080000000000B7E] -> 0x0024
[790] [M]: 0x0080000000000B7C (0x002484B3) add s1, s1, sp
x9 <- 0x0080000000003298

mem[X,0x0080000000000B80] -> 0x23F3
mem[X,0x0080000000000B82] -> 0x3410
[791] [M]: 0x0080000000000B80 (0x341023F3) csrrs t2, mepc, zero
CSR mepc -> 0x0080000000000780
x7 <- 0x0080000000000780

mem[X,0x0080000000000B84] -> 0xB403
mem[X,0x0080000000000B86] -> 0x2084
[792] [M]: 0x0080000000000B84 (0x2084B403) ld fp, 0x208(s1)
mem[R,0x00800000000034A0] -> 0x008000000000039C
x8 <- 0x008000000000039C

mem[X,0x0080000000000B88] -> 0xB583
mem[X,0x0080000000000B8A] -> 0x2104
[793] [M]: 0x0080000000000B88 (0x2104B583) ld a1, 0x210(s1)
mem[R,0x00800000000034A8] -> 0x0000000000000400
x11 <- 0x0000000000000400

mem[X,0x0080000000000B8C] -> 0x85B3
mem[X,0x0080000000000B8E] -> 0x0085
[794] [M]: 0x0080000000000B8C (0x008585B3) add a1, a1, fp
x11 <- 0x008000000000079C

mem[X,0x0080000000000B90] -> 0xF463
mem[X,0x0080000000000B92] -> 0x00B3
[795] [M]: 0x0080000000000B90 (0x00B3F463) bgeu t2, a1, 0x8

mem[X,0x0080000000000B94] -> 0xF663
mem[X,0x0080000000000B96] -> 0x0283
[796] [M]: 0x0080000000000B94 (0x0283F663) bgeu t2, fp, 0x2c

mem[X,0x0080000000000BC0] -> 0x8433
mem[X,0x0080000000000BC2] -> 0x4083
[797] [M]: 0x0080000000000BC0 (0x40838433) sub fp, t2, fp
x8 <- 0x00000000000003E4

mem[X,0x0080000000000BC4] -> 0x3823
mem[X,0x0080000000000BC6] -> 0x0083
[798] [M]: 0x0080000000000BC4 (0x00833823) sd fp, 0x10(t1)
mem[0x0080000000004390] <- 0x00000000000003E4

mem[X,0x0080000000000BC8] -> 0xF593
mem[X,0x0080000000000BCA] -> 0xFFC3
[799] [M]: 0x0080000000000BC8 (0xFFC3F593) andi a1, t2, -0x4
x11 <- 0x0080000000000780

clint::tick mtime <- 0x0000000000000008
 clint timer pending at mtime 0x0000000000000008
htif::tick 0x0000000000000000
mem[X,0x0080000000000BCC] -> 0x8593
mem[X,0x0080000000000BCE] -> 0x0085
[800] [M]: 0x0080000000000BCC (0x00858593) addi a1, a1, 0x8
x11 <- 0x0080000000000788

mem[X,0x0080000000000BD0] -> 0x9073
mem[X,0x0080000000000BD2] -> 0x3415
[801] [M]: 0x0080000000000BD0 (0x34159073) csrrw zero, mepc, a1
CSR mepc <- 0x0080000000000788 (input: 0x0080000000000788)

mem[X,0x0080000000000BD4] -> 0x23F3
mem[X,0x0080000000000BD6] -> 0x3430
[802] [M]: 0x0080000000000BD4 (0x343023F3) csrrs t2, mtval, zero
CSR mtval -> 0x0080000000000780
x7 <- 0x0080000000000780

mem[X,0x0080000000000BD8] -> 0x7513
mem[X,0x0080000000000BDA] -> 0x00F5
[803] [M]: 0x0080000000000BD8 (0x00F57513) andi a0, a0, 0xf
x10 <- 0x0000000000000001

mem[X,0x0080000000000BDC] -> 0x0437
mem[X,0x0080000000000BDE] -> 0x0000
[804] [M]: 0x0080000000000BDC (0x00000437) lui fp, 0x0
x8 <- 0x0000000000000000

mem[X,0x0080000000000BE0] -> 0x0413
mem[X,0x0080000000000BE2] -> 0x0004
[805] [M]: 0x0080000000000BE0 (0x00040413) addi fp, fp, 0x0
x8 <- 0x0000000000000000

mem[X,0x0080000000000BE4] -> 0x1413
mem[X,0x0080000000000BE6] -> 0x00B4
[806] [M]: 0x0080000000000BE4 (0x00B41413) slli fp, fp, 0xb
x8 <- 0x0000000000000000

mem[X,0x0080000000000BE8] -> 0x0413
mem[X,0x0080000000000BEA] -> 0x0004
[807] [M]: 0x0080000000000BE8 (0x00040413) addi fp, fp, 0x0
x8 <- 0x0000000000000000

mem[X,0x0080000000000BEC] -> 0x1413
mem[X,0x0080000000000BEE] -> 0x00B4
[808] [M]: 0x0080000000000BEC (0x00B41413) slli fp, fp, 0xb
x8 <- 0x0000000000000000

mem[X,0x0080000000000BF0] -> 0x0413
mem[X,0x0080000000000BF2] -> 0x02C4
[809] [M]: 0x0080000000000BF0 (0x02C40413) addi fp, fp, 0x2c
x8 <- 0x000000000000002C

mem[X,0x0080000000000BF4] -> 0x1413
mem[X,0x0080000000000BF6] -> 0x00A4
[810] [M]: 0x0080000000000BF4 (0x00A41413) slli fp, fp, 0xa
x8 <- 0x000000000000B000

mem[X,0x0080000000000BF8] -> 0x0413
mem[X,0x0080000000000BFA] -> 0x0FB4
[811] [M]: 0x0080000000000BF8 (0x0FB40413) addi fp, fp, 0xfb
x8 <- 0x000000000000B0FB

mem[X,0x0080000000000BFC] -> 0x5433
mem[X,0x0080000000000BFE] -> 0x00A4
[812] [M]: 0x0080000000000BFC (0x00A45433) srl fp, fp, a0
x8 <- 0x000000000000587D

mem[X,0x0080000000000C00] -> 0x1413
mem[X,0x0080000000000C02] -> 0x03F4
[813] [M]: 0x0080000000000C00 (0x03F41413) slli fp, fp, 0x3f
x8 <- 0x8000000000000000

mem[X,0x0080000000000C04] -> 0x5C63
mem[X,0x0080000000000C06] -> 0x0404
[814] [M]: 0x0080000000000C04 (0x04045C63) bge fp, zero, 0x58

mem[X,0x0080000000000C08] -> 0xB403
mem[X,0x0080000000000C0A] -> 0x2084
[815] [M]: 0x0080000000000C08 (0x2084B403) ld fp, 0x208(s1)
mem[R,0x00800000000034A0] -> 0x008000000000039C
x8 <- 0x008000000000039C

mem[X,0x0080000000000C0C] -> 0xB583
mem[X,0x0080000000000C0E] -> 0x2104
[816] [M]: 0x0080000000000C0C (0x2104B583) ld a1, 0x210(s1)
mem[R,0x00800000000034A8] -> 0x0000000000000400
x11 <- 0x0000000000000400

mem[X,0x0080000000000C10] -> 0x85B3
mem[X,0x0080000000000C12] -> 0x0085
[817] [M]: 0x0080000000000C10 (0x008585B3) add a1, a1, fp
x11 <- 0x008000000000079C

mem[X,0x0080000000000C14] -> 0xF463
mem[X,0x0080000000000C16] -> 0x00B3
[818] [M]: 0x0080000000000C14 (0x00B3F463) bgeu t2, a1, 0x8

mem[X,0x0080000000000C18] -> 0xF063
mem[X,0x0080000000000C1A] -> 0x0483
[819] [M]: 0x0080000000000C18 (0x0483F063) bgeu t2, fp, 0x40

mem[X,0x0080000000000C58] -> 0x8433
mem[X,0x0080000000000C5A] -> 0x4083
[820] [M]: 0x0080000000000C58 (0x40838433) sub fp, t2, fp
x8 <- 0x00000000000003E4

mem[X,0x0080000000000C5C] -> 0x3C23
mem[X,0x0080000000000C5E] -> 0x0083
[821] [M]: 0x0080000000000C5C (0x00833C23) sd fp, 0x18(t1)
mem[0x0080000000004398] <- 0x00000000000003E4

mem[X,0x0080000000000C60] -> 0x3483
mem[X,0x0080000000000C62] -> 0x2181
[822] [M]: 0x0080000000000C60 (0x21813483) ld s1, 0x218(sp)
mem[R,0x0080000000003218] -> 0x00800000000043A0
x9 <- 0x00800000000043A0

mem[X,0x0080000000000C64] -> 0x3383
mem[X,0x0080000000000C66] -> 0x1F81
[823] [M]: 0x0080000000000C64 (0x1F813383) ld t2, 0x1f8(sp)
mem[R,0x00800000000031F8] -> 0x0080000000004210
x7 <- 0x0080000000004210

mem[X,0x0080000000000C68] -> 0x3303
mem[X,0x0080000000000C6A] -> 0x2001
[824] [M]: 0x0080000000000C68 (0x20013303) ld t1, 0x200(sp)
mem[R,0x0080000000003200] -> 0x0000000000000520
x6 <- 0x0000000000000520

mem[X,0x0080000000000C6C] -> 0x0333
mem[X,0x0080000000000C6E] -> 0x0073
[825] [M]: 0x0080000000000C6C (0x00730333) add t1, t1, t2
x6 <- 0x0080000000004730

mem[X,0x0080000000000C70] -> 0x6AE3
mem[X,0x0080000000000C72] -> 0xB293
[826] [M]: 0x0080000000000C70 (0xB2936AE3) bltu t1, s1, -0x4cc

mem[X,0x0080000000000C74] -> 0x0393
mem[X,0x0080000000000C76] -> 0x2000
[827] [M]: 0x0080000000000C74 (0x20000393) addi t2, zero, 0x200
x7 <- 0x0000000000000200

mem[X,0x0080000000000C78] -> 0x006F
mem[X,0x0080000000000C7A] -> 0x0400
[828] [M]: 0x0080000000000C78 (0x0400006F) jal zero, 0x40

mem[X,0x0080000000000CB8] -> 0x0417
mem[X,0x0080000000000CBA] -> 0x0000
[829] [M]: 0x0080000000000CB8 (0x00000417) auipc fp, 0x0
x8 <- 0x0080000000000CB8

mem[X,0x0080000000000CBC] -> 0x0413
mem[X,0x0080000000000CBE] -> 0x03C4
[830] [M]: 0x0080000000000CBC (0x03C40413) addi fp, fp, 0x3c
x8 <- 0x0080000000000CF4

mem[X,0x0080000000000CC0] -> 0x0433
mem[X,0x0080000000000CC2] -> 0x0074
[831] [M]: 0x0080000000000CC0 (0x00740433) add fp, fp, t2
x8 <- 0x0080000000000EF4

mem[X,0x0080000000000CC4] -> 0x1393
mem[X,0x0080000000000CC6] -> 0x0035
[832] [M]: 0x0080000000000CC4 (0x00351393) slli t2, a0, 0x3
x7 <- 0x0000000000000008

mem[X,0x0080000000000CC8] -> 0x0433
mem[X,0x0080000000000CCA] -> 0x0074
[833] [M]: 0x0080000000000CC8 (0x00740433) add fp, fp, t2
x8 <- 0x0080000000000EFC

mem[X,0x0080000000000CCC] -> 0x7413
mem[X,0x0080000000000CCE] -> 0xFF84
[834] [M]: 0x0080000000000CCC (0xFF847413) andi fp, fp, -0x8
x8 <- 0x0080000000000EF8

mem[X,0x0080000000000CD0] -> 0x3403
mem[X,0x0080000000000CD2] -> 0x0004
[835] [M]: 0x0080000000000CD0 (0x00043403) ld fp, 0x0(fp)
mem[R,0x0080000000000EF8] -> 0x0000000000000003
x8 <- 0x0000000000000003

mem[X,0x0080000000000CD4] -> 0x02E3
mem[X,0x0080000000000CD6] -> 0xB604
[836] [M]: 0x0080000000000CD4 (0xB60402E3) beq fp, zero, -0x49c

mem[X,0x0080000000000CD8] -> 0x1393
mem[X,0x0080000000000CDA] -> 0x03F4
[837] [M]: 0x0080000000000CD8 (0x03F41393) slli t2, fp, 0x3f
x7 <- 0x8000000000000000

mem[X,0x0080000000000CDC] -> 0xD863
mem[X,0x0080000000000CDE] -> 0x0003
[838] [M]: 0x0080000000000CDC (0x0003D863) bge t2, zero, 0x10

mem[X,0x0080000000000CE0] -> 0x5413
mem[X,0x0080000000000CE2] -> 0x0014
[839] [M]: 0x0080000000000CE0 (0x00145413) srli fp, fp, 0x1
x8 <- 0x0000000000000001

mem[X,0x0080000000000CE4] -> 0x0CE3
mem[X,0x0080000000000CE6] -> 0xF885
[840] [M]: 0x0080000000000CE4 (0xF8850CE3) beq a0, fp, -0x68

mem[X,0x0080000000000C7C] -> 0x3303
mem[X,0x0080000000000C7E] -> 0x2601
[841] [M]: 0x0080000000000C7C (0x26013303) ld t1, 0x260(sp)
mem[R,0x0080000000003260] -> 0x0000000000000010
x6 <- 0x0000000000000010

mem[X,0x0080000000000C80] -> 0x3383
mem[X,0x0080000000000C82] -> 0x2681
[842] [M]: 0x0080000000000C80 (0x26813383) ld t2, 0x268(sp)
mem[R,0x0080000000003268] -> 0x00000000003FBB6F
x7 <- 0x00000000003FBB6F

mem[X,0x0080000000000C84] -> 0x3403
mem[X,0x0080000000000C86] -> 0x2701
[843] [M]: 0x0080000000000C84 (0x27013403) ld fp, 0x270(sp)
mem[R,0x0080000000003270] -> 0x0000000000007F76
x8 <- 0x0000000000007F76

mem[X,0x0080000000000C88] -> 0x3483
mem[X,0x0080000000000C8A] -> 0x2781
[844] [M]: 0x0080000000000C88 (0x27813483) ld s1, 0x278(sp)
mem[R,0x0080000000003278] -> 0x0080000000000788
x9 <- 0x0080000000000788

mem[X,0x0080000000000C8C] -> 0x3503
mem[X,0x0080000000000C8E] -> 0x2801
[845] [M]: 0x0080000000000C8C (0x28013503) ld a0, 0x280(sp)
mem[R,0x0080000000003280] -> 0x0000000000000001
x10 <- 0x0000000000000001

mem[X,0x0080000000000C90] -> 0x3583
mem[X,0x0080000000000C92] -> 0x2881
[846] [M]: 0x0080000000000C90 (0x28813583) ld a1, 0x288(sp)
mem[R,0x0080000000003288] -> 0x0000000000000000
x11 <- 0x0000000000000000

mem[X,0x0080000000000C94] -> 0x3103
mem[X,0x0080000000000C96] -> 0x2901
[847] [M]: 0x0080000000000C94 (0x29013103) ld sp, 0x290(sp)
mem[R,0x0080000000003290] -> 0x0080000000003000
x2 <- 0x0080000000003000

mem[X,0x0080000000000C98] -> 0x0073
mem[X,0x0080000000000C9A] -> 0x3020
[848] [M]: 0x0080000000000C98 (0x30200073) mret
CSR mstatus <- 0x0000000A00000088
ret-ing from M to S

mem[X,0x0080000000000788] -> 0x0013
mem[X,0x008000000000078A] -> 0x0000
[849] [S]: 0x0080000000000788 (0x00000013) addi zero, zero, 0x0

mem[X,0x008000000000078C] -> 0x0013
mem[X,0x008000000000078E] -> 0x0000
[850] [S]: 0x008000000000078C (0x00000013) addi zero, zero, 0x0

mem[X,0x0080000000000790] -> 0x0013
mem[X,0x0080000000000792] -> 0x0000
[851] [S]: 0x0080000000000790 (0x00000013) addi zero, zero, 0x0

mem[X,0x0080000000000794] -> 0x0013
mem[X,0x0080000000000796] -> 0x0000
[852] [S]: 0x0080000000000794 (0x00000013) addi zero, zero, 0x0

mem[X,0x0080000000000798] -> 0x8067
mem[X,0x008000000000079A] -> 0x0000
[853] [S]: 0x0080000000000798 (0x00008067) jalr zero, 0x0(ra)

mem[X,0x0080000000000660] -> 0x0113
mem[X,0x0080000000000662] -> 0x0000
[854] [S]: 0x0080000000000660 (0x00000113) addi sp, zero, 0x0
x2 <- 0x0000000000000000

mem[X,0x0080000000000664] -> 0x0073
mem[X,0x0080000000000666] -> 0x0000
[855] [S]: 0x0080000000000664 (0x00000073) ecall
trapping from S to M to handle s-call
handling exc#0x09 at priv M with tval 0x0000000000000000
CSR mstatus <- 0x0000000A00000880

mem[X,0x0080000000000880] -> 0x006F
mem[X,0x0080000000000882] -> 0x1000
[856] [M]: 0x0080000000000880 (0x1000006F) jal zero, 0x100

mem[X,0x0080000000000980] -> 0x1173
mem[X,0x0080000000000982] -> 0x3401
[857] [M]: 0x0080000000000980 (0x34011173) csrrw sp, mscratch, sp
CSR mscratch <- 0x0000000000000000 (input: 0x0000000000000000)
x2 <- 0x0080000000003000

mem[X,0x0080000000000984] -> 0x3423
mem[X,0x0080000000000986] -> 0x28B1
[858] [M]: 0x0080000000000984 (0x28B13423) sd a1, 0x288(sp)
mem[0x0080000000003288] <- 0x0000000000000000

mem[X,0x0080000000000988] -> 0x05EF
mem[X,0x008000000000098A] -> 0x0B80
[859] [M]: 0x0080000000000988 (0x0B8005EF) jal a1, 0xb8
x11 <- 0x008000000000098C

mem[X,0x0080000000000A40] -> 0x3023
mem[X,0x0080000000000A42] -> 0x28A1
[860] [M]: 0x0080000000000A40 (0x28A13023) sd a0, 0x280(sp)
mem[0x0080000000003280] <- 0x0000000000000001

mem[X,0x0080000000000A44] -> 0x1573
mem[X,0x0080000000000A46] -> 0x3401
[861] [M]: 0x0080000000000A44 (0x34011573) csrrw a0, mscratch, sp
CSR mscratch <- 0x0080000000003000 (input: 0x0080000000003000)
x10 <- 0x0000000000000000

mem[X,0x0080000000000A48] -> 0x3823
mem[X,0x0080000000000A4A] -> 0x28A1
[862] [M]: 0x0080000000000A48 (0x28A13823) sd a0, 0x290(sp)
mem[0x0080000000003290] <- 0x0000000000000000

mem[X,0x0080000000000A4C] -> 0x3503
mem[X,0x0080000000000A4E] -> 0x2301
[863] [M]: 0x0080000000000A4C (0x23013503) ld a0, 0x230(sp)
mem[R,0x0080000000003230] -> 0x0080000000000A54
x10 <- 0x0080000000000A54

mem[X,0x0080000000000A50] -> 0x0067
mem[X,0x0080000000000A52] -> 0x0005
[864] [M]: 0x0080000000000A50 (0x00050067) jalr zero, 0x0(a0)

mem[X,0x0080000000000A54] -> 0x3C23
mem[X,0x0080000000000A56] -> 0x2691
[865] [M]: 0x0080000000000A54 (0x26913C23) sd s1, 0x278(sp)
mem[0x0080000000003278] <- 0x0080000000000788

mem[X,0x0080000000000A58] -> 0x3823
mem[X,0x0080000000000A5A] -> 0x2681
[866] [M]: 0x0080000000000A58 (0x26813823) sd fp, 0x270(sp)
mem[0x0080000000003270] <- 0x0000000000007F76

mem[X,0x0080000000000A5C] -> 0x3423
mem[X,0x0080000000000A5E] -> 0x2671
[867] [M]: 0x0080000000000A5C (0x26713423) sd t2, 0x268(sp)
mem[0x0080000000003268] <- 0x00000000003FBB6F

mem[X,0x0080000000000A60] -> 0x3023
mem[X,0x0080000000000A62] -> 0x2661
[868] [M]: 0x0080000000000A60 (0x26613023) sd t1, 0x260(sp)
mem[0x0080000000003260] <- 0x0000000000000010

mem[X,0x0080000000000A64] -> 0x2573
mem[X,0x0080000000000A66] -> 0x3420
[869] [M]: 0x0080000000000A64 (0x34202573) csrrs a0, mcause, zero
CSR mcause -> 0x0000000000000009
x10 <- 0x0000000000000009

mem[X,0x0080000000000A68] -> 0x04B7
mem[X,0x0080000000000A6A] -> 0x8000
[870] [M]: 0x0080000000000A68 (0x800004B7) lui s1, -0x80000
x9 <- 0xFFFFFFFF80000000

mem[X,0x0080000000000A6C] -> 0x8493
mem[X,0x0080000000000A6E] -> 0x0004
[871] [M]: 0x0080000000000A6C (0x00048493) addi s1, s1, 0x0
x9 <- 0xFFFFFFFF80000000

mem[X,0x0080000000000A70] -> 0x9493
mem[X,0x0080000000000A72] -> 0x00B4
[872] [M]: 0x0080000000000A70 (0x00B49493) slli s1, s1, 0xb
x9 <- 0xFFFFFC0000000000

mem[X,0x0080000000000A74] -> 0x8493
mem[X,0x0080000000000A76] -> 0x0004
[873] [M]: 0x0080000000000A74 (0x00048493) addi s1, s1, 0x0
x9 <- 0xFFFFFC0000000000

mem[X,0x0080000000000A78] -> 0x9493
mem[X,0x0080000000000A7A] -> 0x00B4
[874] [M]: 0x0080000000000A78 (0x00B49493) slli s1, s1, 0xb
x9 <- 0xFFE0000000000000

mem[X,0x0080000000000A7C] -> 0x8493
mem[X,0x0080000000000A7E] -> 0x0034
[875] [M]: 0x0080000000000A7C (0x00348493) addi s1, s1, 0x3
x9 <- 0xFFE0000000000003

mem[X,0x0080000000000A80] -> 0x9493
mem[X,0x0080000000000A82] -> 0x00A4
[876] [M]: 0x0080000000000A80 (0x00A49493) slli s1, s1, 0xa
x9 <- 0x8000000000000C00

mem[X,0x0080000000000A84] -> 0x8493
mem[X,0x0080000000000A86] -> 0x3FC4
[877] [M]: 0x0080000000000A84 (0x3FC48493) addi s1, s1, 0x3fc
x9 <- 0x8000000000000FFC

mem[X,0x0080000000000A88] -> 0xF4B3
mem[X,0x0080000000000A8A] -> 0x00A4
[878] [M]: 0x0080000000000A88 (0x00A4F4B3) and s1, s1, a0
x9 <- 0x0000000000000008

mem[X,0x0080000000000A8C] -> 0x8493
mem[X,0x0080000000000A8E] -> 0xFF84
[879] [M]: 0x0080000000000A8C (0xFF848493) addi s1, s1, -0x8
x9 <- 0x0000000000000000

mem[X,0x0080000000000A90] -> 0x9663
mem[X,0x0080000000000A92] -> 0x0004
[880] [M]: 0x0080000000000A90 (0x00049663) bne s1, zero, 0xc

mem[X,0x0080000000000A94] -> 0x3383
mem[X,0x0080000000000A96] -> 0x2901
[881] [M]: 0x0080000000000A94 (0x29013383) ld t2, 0x290(sp)
mem[R,0x0080000000003290] -> 0x0000000000000000
x7 <- 0x0000000000000000

mem[X,0x0080000000000A98] -> 0x8663
mem[X,0x0080000000000A9A] -> 0x6A03
[882] [M]: 0x0080000000000A98 (0x6A038663) beq t2, zero, 0x6ac

mem[X,0x0080000000001144] -> 0x0493
mem[X,0x0080000000001146] -> 0xFF55
[883] [M]: 0x0080000000001144 (0xFF550493) addi s1, a0, -0xb
x9 <- 0xFFFFFFFFFFFFFFFE

mem[X,0x0080000000001148] -> 0x8C63
mem[X,0x008000000000114A] -> 0x0004
[884] [M]: 0x0080000000001148 (0x00048C63) beq s1, zero, 0x18

mem[X,0x008000000000114C] -> 0x3583
mem[X,0x008000000000114E] -> 0x4701
[885] [M]: 0x008000000000114C (0x47013583) ld a1, 0x470(sp)
mem[R,0x0080000000003470] -> 0x008000000000039C
x11 <- 0x008000000000039C

mem[X,0x0080000000001150] -> 0xD463
mem[X,0x0080000000001152] -> 0x0003
[886] [M]: 0x0080000000001150 (0x0003D463) bge t2, zero, 0x8

mem[X,0x0080000000001158] -> 0x3483
mem[X,0x008000000000115A] -> 0x1D81
[887] [M]: 0x0080000000001158 (0x1D813483) ld s1, 0x1d8(sp)
mem[R,0x00800000000031D8] -> 0x008000000000039C
x9 <- 0x008000000000039C

mem[X,0x008000000000115C] -> 0x84B3
mem[X,0x008000000000115E] -> 0x40B4
[888] [M]: 0x008000000000115C (0x40B484B3) sub s1, s1, a1
x9 <- 0x0000000000000000

mem[X,0x0080000000001160] -> 0x23F3
mem[X,0x0080000000001162] -> 0x3410
[889] [M]: 0x0080000000001160 (0x341023F3) csrrs t2, mepc, zero
CSR mepc -> 0x0080000000000664
x7 <- 0x0080000000000664

mem[X,0x0080000000001164] -> 0x83B3
mem[X,0x0080000000001166] -> 0x0093
[890] [M]: 0x0080000000001164 (0x009383B3) add t2, t2, s1
x7 <- 0x0080000000000664

mem[X,0x0080000000001168] -> 0x3303
mem[X,0x008000000000116A] -> 0x2601
[891] [M]: 0x0080000000001168 (0x26013303) ld t1, 0x260(sp)
mem[R,0x0080000000003260] -> 0x0000000000000010
x6 <- 0x0000000000000010

mem[X,0x008000000000116C] -> 0x3403
mem[X,0x008000000000116E] -> 0x2701
[892] [M]: 0x008000000000116C (0x27013403) ld fp, 0x270(sp)
mem[R,0x0080000000003270] -> 0x0000000000007F76
x8 <- 0x0000000000007F76

mem[X,0x0080000000001170] -> 0x3483
mem[X,0x0080000000001172] -> 0x2781
[893] [M]: 0x0080000000001170 (0x27813483) ld s1, 0x278(sp)
mem[R,0x0080000000003278] -> 0x0080000000000788
x9 <- 0x0080000000000788

mem[X,0x0080000000001174] -> 0x3503
mem[X,0x0080000000001176] -> 0x2801
[894] [M]: 0x0080000000001174 (0x28013503) ld a0, 0x280(sp)
mem[R,0x0080000000003280] -> 0x0000000000000001
x10 <- 0x0000000000000001

mem[X,0x0080000000001178] -> 0x3583
mem[X,0x008000000000117A] -> 0x2881
[895] [M]: 0x0080000000001178 (0x28813583) ld a1, 0x288(sp)
mem[R,0x0080000000003288] -> 0x0000000000000000
x11 <- 0x0000000000000000

mem[X,0x008000000000117C] -> 0x3103
mem[X,0x008000000000117E] -> 0x2901
[896] [M]: 0x008000000000117C (0x29013103) ld sp, 0x290(sp)
mem[R,0x0080000000003290] -> 0x0000000000000000
x2 <- 0x0000000000000000

mem[X,0x0080000000001180] -> 0x8067
mem[X,0x0080000000001182] -> 0x0043
[897] [M]: 0x0080000000001180 (0x00438067) jalr zero, 0x4(t2)

mem[X,0x0080000000000668] -> 0x2773
mem[X,0x008000000000066A] -> 0x3000
[898] [M]: 0x0080000000000668 (0x30002773) csrrs a4, mstatus, zero
CSR mstatus -> 0x0000000A00000880
x14 <- 0x0000000A00000880

mem[X,0x008000000000066C] -> 0x0013
mem[X,0x008000000000066E] -> 0x0000
[899] [M]: 0x008000000000066C (0x00000013) addi zero, zero, 0x0

clint::tick mtime <- 0x0000000000000009
 clint timer pending at mtime 0x0000000000000009
htif::tick 0x0000000000000000
mem[X,0x0080000000000670] -> 0x0493
mem[X,0x0080000000000672] -> 0xFFF0
[900] [M]: 0x0080000000000670 (0xFFF00493) addi s1, zero, -0x1
x9 <- 0xFFFFFFFFFFFFFFFF

mem[X,0x0080000000000674] -> 0xD493
mem[X,0x0080000000000676] -> 0x03E4
[901] [M]: 0x0080000000000674 (0x03E4D493) srli s1, s1, 0x3e
x9 <- 0x0000000000000003

mem[X,0x0080000000000678] -> 0x9493
mem[X,0x008000000000067A] -> 0x00B4
[902] [M]: 0x0080000000000678 (0x00B49493) slli s1, s1, 0xb
x9 <- 0x0000000000001800

mem[X,0x008000000000067C] -> 0xB073
mem[X,0x008000000000067E] -> 0x3004
[903] [M]: 0x008000000000067C (0x3004B073) csrrc zero, mstatus, s1
CSR mstatus <- 0x0000000A00000080 (input: 0x0000000A00000080)

mem[X,0x0080000000000680] -> 0x2173
mem[X,0x0080000000000682] -> 0x3400
[904] [M]: 0x0080000000000680 (0x34002173) csrrs sp, mscratch, zero
CSR mscratch -> 0x0080000000003000
x2 <- 0x0080000000003000

mem[X,0x0080000000000684] -> 0x3303
mem[X,0x0080000000000686] -> 0x4701
[905] [M]: 0x0080000000000684 (0x47013303) ld t1, 0x470(sp)
mem[R,0x0080000000003470] -> 0x008000000000039C
x6 <- 0x008000000000039C

mem[X,0x0080000000000688] -> 0x3483
mem[X,0x008000000000068A] -> 0x1D81
[906] [M]: 0x0080000000000688 (0x1D813483) ld s1, 0x1d8(sp)
mem[R,0x00800000000031D8] -> 0x008000000000039C
x9 <- 0x008000000000039C

mem[X,0x008000000000068C] -> 0x0333
mem[X,0x008000000000068E] -> 0x4093
[907] [M]: 0x008000000000068C (0x40930333) sub t1, t1, s1
x6 <- 0x0000000000000000

mem[X,0x0080000000000690] -> 0x0313
mem[X,0x0080000000000692] -> 0x0103
[908] [M]: 0x0080000000000690 (0x01030313) addi t1, t1, 0x10
x6 <- 0x0000000000000010

mem[X,0x0080000000000694] -> 0x0497
mem[X,0x0080000000000696] -> 0x0000
[909] [M]: 0x0080000000000694 (0x00000497) auipc s1, 0x0
x9 <- 0x0080000000000694

mem[X,0x0080000000000698] -> 0x84B3
mem[X,0x008000000000069A] -> 0x0064
[910] [M]: 0x0080000000000698 (0x006484B3) add s1, s1, t1
x9 <- 0x00800000000006A4

mem[X,0x008000000000069C] -> 0x94F3
mem[X,0x008000000000069E] -> 0x3414
[911] [M]: 0x008000000000069C (0x341494F3) csrrw s1, mepc, s1
CSR mepc <- 0x00800000000006A4 (input: 0x00800000000006A4)
x9 <- 0x0080000000000664

mem[X,0x00800000000006A0] -> 0x0073
mem[X,0x00800000000006A2] -> 0x3020
[912] [M]: 0x00800000000006A0 (0x30200073) mret
CSR mstatus <- 0x0000000A00000088
ret-ing from M to U

mem[X,0x00800000000006A4] -> 0x0013
mem[X,0x00800000000006A6] -> 0x0000
[913] [U]: 0x00800000000006A4 (0x00000013) addi zero, zero, 0x0

mem[X,0x00800000000006A8] -> 0x0013
mem[X,0x00800000000006AA] -> 0x0000
[914] [U]: 0x00800000000006A8 (0x00000013) addi zero, zero, 0x0

mem[X,0x00800000000006AC] -> 0x0013
mem[X,0x00800000000006AE] -> 0x0000
[915] [U]: 0x00800000000006AC (0x00000013) addi zero, zero, 0x0

mem[X,0x00800000000006B0] -> 0x0013
mem[X,0x00800000000006B2] -> 0x0000
[916] [U]: 0x00800000000006B0 (0x00000013) addi zero, zero, 0x0

mem[X,0x00800000000006B4] -> 0x0013
mem[X,0x00800000000006B6] -> 0x0000
[917] [U]: 0x00800000000006B4 (0x00000013) addi zero, zero, 0x0

mem[X,0x00800000000006B8] -> 0x0013
mem[X,0x00800000000006BA] -> 0x0000
[918] [U]: 0x00800000000006B8 (0x00000013) addi zero, zero, 0x0

mem[X,0x00800000000006BC] -> 0x0013
mem[X,0x00800000000006BE] -> 0x0000
[919] [U]: 0x00800000000006BC (0x00000013) addi zero, zero, 0x0

mem[X,0x00800000000006C0] -> 0x0797
mem[X,0x00800000000006C2] -> 0x0000
[920] [U]: 0x00800000000006C0 (0x00000797) auipc a5, 0x0
x15 <- 0x00800000000006C0

mem[X,0x00800000000006C4] -> 0x8793
mem[X,0x00800000000006C6] -> 0x0C07
[921] [U]: 0x00800000000006C4 (0x0C078793) addi a5, a5, 0xc0
x15 <- 0x0080000000000780

mem[X,0x00800000000006C8] -> 0x0013
mem[X,0x00800000000006CA] -> 0x0000
[922] [U]: 0x00800000000006C8 (0x00000013) addi zero, zero, 0x0

mem[X,0x00800000000006CC] -> 0x0013
mem[X,0x00800000000006CE] -> 0x0000
[923] [U]: 0x00800000000006CC (0x00000013) addi zero, zero, 0x0

mem[X,0x00800000000006D0] -> 0x0013
mem[X,0x00800000000006D2] -> 0x0000
[924] [U]: 0x00800000000006D0 (0x00000013) addi zero, zero, 0x0

mem[X,0x00800000000006D4] -> 0x0013
mem[X,0x00800000000006D6] -> 0x0000
[925] [U]: 0x00800000000006D4 (0x00000013) addi zero, zero, 0x0

mem[X,0x00800000000006D8] -> 0x0013
mem[X,0x00800000000006DA] -> 0x0000
[926] [U]: 0x00800000000006D8 (0x00000013) addi zero, zero, 0x0

mem[X,0x00800000000006DC] -> 0x0013
mem[X,0x00800000000006DE] -> 0x0000
[927] [U]: 0x00800000000006DC (0x00000013) addi zero, zero, 0x0

mem[X,0x00800000000006E0] -> 0x0713
mem[X,0x00800000000006E2] -> 0x0130
[928] [U]: 0x00800000000006E0 (0x01300713) addi a4, zero, 0x13
x14 <- 0x0000000000000013

mem[X,0x00800000000006E4] -> 0x8023
mem[X,0x00800000000006E6] -> 0x00E7
[929] [U]: 0x00800000000006E4 (0x00E78023) sb a4, 0x0(a5)
mem[0x0080000000000780] <- 0x13

mem[X,0x00800000000006E8] -> 0x0013
mem[X,0x00800000000006EA] -> 0x0000
[930] [U]: 0x00800000000006E8 (0x00000013) addi zero, zero, 0x0

mem[X,0x00800000000006EC] -> 0x0013
mem[X,0x00800000000006EE] -> 0x0000
[931] [U]: 0x00800000000006EC (0x00000013) addi zero, zero, 0x0

mem[X,0x00800000000006F0] -> 0x9023
mem[X,0x00800000000006F2] -> 0x00E7
[932] [U]: 0x00800000000006F0 (0x00E79023) sh a4, 0x0(a5)
mem[0x0080000000000780] <- 0x0013

mem[X,0x00800000000006F4] -> 0x0013
mem[X,0x00800000000006F6] -> 0x0000
[933] [U]: 0x00800000000006F4 (0x00000013) addi zero, zero, 0x0

mem[X,0x00800000000006F8] -> 0x0013
mem[X,0x00800000000006FA] -> 0x0000
[934] [U]: 0x00800000000006F8 (0x00000013) addi zero, zero, 0x0

mem[X,0x00800000000006FC] -> 0xA023
mem[X,0x00800000000006FE] -> 0x00E7
[935] [U]: 0x00800000000006FC (0x00E7A023) sw a4, 0x0(a5)
mem[0x0080000000000780] <- 0x00000013

mem[X,0x0080000000000700] -> 0x0013
mem[X,0x0080000000000702] -> 0x0000
[936] [U]: 0x0080000000000700 (0x00000013) addi zero, zero, 0x0

mem[X,0x0080000000000704] -> 0x0013
mem[X,0x0080000000000706] -> 0x0000
[937] [U]: 0x0080000000000704 (0x00000013) addi zero, zero, 0x0

mem[X,0x0080000000000708] -> 0xB023
mem[X,0x008000000000070A] -> 0x00E7
[938] [U]: 0x0080000000000708 (0x00E7B023) sd a4, 0x0(a5)
mem[0x0080000000000780] <- 0x0000000000000013

mem[X,0x008000000000070C] -> 0x0013
mem[X,0x008000000000070E] -> 0x0000
[939] [U]: 0x008000000000070C (0x00000013) addi zero, zero, 0x0

mem[X,0x0080000000000710] -> 0x0013
mem[X,0x0080000000000712] -> 0x0000
[940] [U]: 0x0080000000000710 (0x00000013) addi zero, zero, 0x0

mem[X,0x0080000000000714] -> 0x8703
mem[X,0x0080000000000716] -> 0x0007
[941] [U]: 0x0080000000000714 (0x00078703) lb a4, 0x0(a5)
mem[R,0x0080000000000780] -> 0x13
x14 <- 0x0000000000000013

mem[X,0x0080000000000718] -> 0x0013
mem[X,0x008000000000071A] -> 0x0000
[942] [U]: 0x0080000000000718 (0x00000013) addi zero, zero, 0x0

mem[X,0x008000000000071C] -> 0x0013
mem[X,0x008000000000071E] -> 0x0000
[943] [U]: 0x008000000000071C (0x00000013) addi zero, zero, 0x0

mem[X,0x0080000000000720] -> 0xB823
mem[X,0x0080000000000722] -> 0x02E6
[944] [U]: 0x0080000000000720 (0x02E6B823) sd a4, 0x30(a3)
mem[0x0080000000004248] <- 0x0000000000000013

mem[X,0x0080000000000724] -> 0x9703
mem[X,0x0080000000000726] -> 0x0007
[945] [U]: 0x0080000000000724 (0x00079703) lh a4, 0x0(a5)
mem[R,0x0080000000000780] -> 0x0013
x14 <- 0x0000000000000013

mem[X,0x0080000000000728] -> 0x0013
mem[X,0x008000000000072A] -> 0x0000
[946] [U]: 0x0080000000000728 (0x00000013) addi zero, zero, 0x0

mem[X,0x008000000000072C] -> 0x0013
mem[X,0x008000000000072E] -> 0x0000
[947] [U]: 0x008000000000072C (0x00000013) addi zero, zero, 0x0

mem[X,0x0080000000000730] -> 0xBC23
mem[X,0x0080000000000732] -> 0x02E6
[948] [U]: 0x0080000000000730 (0x02E6BC23) sd a4, 0x38(a3)
mem[0x0080000000004250] <- 0x0000000000000013

mem[X,0x0080000000000734] -> 0xA703
mem[X,0x0080000000000736] -> 0x0007
[949] [U]: 0x0080000000000734 (0x0007A703) lw a4, 0x0(a5)
mem[R,0x0080000000000780] -> 0x00000013
x14 <- 0x0000000000000013

mem[X,0x0080000000000738] -> 0x0013
mem[X,0x008000000000073A] -> 0x0000
[950] [U]: 0x0080000000000738 (0x00000013) addi zero, zero, 0x0

mem[X,0x008000000000073C] -> 0x0013
mem[X,0x008000000000073E] -> 0x0000
[951] [U]: 0x008000000000073C (0x00000013) addi zero, zero, 0x0

mem[X,0x0080000000000740] -> 0xB703
mem[X,0x0080000000000742] -> 0x0007
[952] [U]: 0x0080000000000740 (0x0007B703) ld a4, 0x0(a5)
mem[R,0x0080000000000780] -> 0x0000000000000013
x14 <- 0x0000000000000013

mem[X,0x0080000000000744] -> 0x0013
mem[X,0x0080000000000746] -> 0x0000
[953] [U]: 0x0080000000000744 (0x00000013) addi zero, zero, 0x0

mem[X,0x0080000000000748] -> 0x0013
mem[X,0x008000000000074A] -> 0x0000
[954] [U]: 0x0080000000000748 (0x00000013) addi zero, zero, 0x0

mem[X,0x008000000000074C] -> 0xB023
mem[X,0x008000000000074E] -> 0x04E6
[955] [U]: 0x008000000000074C (0x04E6B023) sd a4, 0x40(a3)
mem[0x0080000000004258] <- 0x0000000000000013

mem[X,0x0080000000000750] -> 0x00EF
mem[X,0x0080000000000752] -> 0x0300
[956] [U]: 0x0080000000000750 (0x030000EF) jal ra, 0x30
x1 <- 0x0080000000000754

trapping from U to M to handle fetch-access-fault
handling exc#0x01 at priv M with tval 0x0080000000000780
CSR mstatus <- 0x0000000A00000080
mem[X,0x0080000000000880] -> 0x006F
mem[X,0x0080000000000882] -> 0x1000
[957] [M]: 0x0080000000000880 (0x1000006F) jal zero, 0x100

mem[X,0x0080000000000980] -> 0x1173
mem[X,0x0080000000000982] -> 0x3401
[958] [M]: 0x0080000000000980 (0x34011173) csrrw sp, mscratch, sp
CSR mscratch <- 0x0080000000003000 (input: 0x0080000000003000)
x2 <- 0x0080000000003000

mem[X,0x0080000000000984] -> 0x3423
mem[X,0x0080000000000986] -> 0x28B1
[959] [M]: 0x0080000000000984 (0x28B13423) sd a1, 0x288(sp)
mem[0x0080000000003288] <- 0x0000000000000000

mem[X,0x0080000000000988] -> 0x05EF
mem[X,0x008000000000098A] -> 0x0B80
[960] [M]: 0x0080000000000988 (0x0B8005EF) jal a1, 0xb8
x11 <- 0x008000000000098C

mem[X,0x0080000000000A40] -> 0x3023
mem[X,0x0080000000000A42] -> 0x28A1
[961] [M]: 0x0080000000000A40 (0x28A13023) sd a0, 0x280(sp)
mem[0x0080000000003280] <- 0x0000000000000001

mem[X,0x0080000000000A44] -> 0x1573
mem[X,0x0080000000000A46] -> 0x3401
[962] [M]: 0x0080000000000A44 (0x34011573) csrrw a0, mscratch, sp
CSR mscratch <- 0x0080000000003000 (input: 0x0080000000003000)
x10 <- 0x0080000000003000

mem[X,0x0080000000000A48] -> 0x3823
mem[X,0x0080000000000A4A] -> 0x28A1
[963] [M]: 0x0080000000000A48 (0x28A13823) sd a0, 0x290(sp)
mem[0x0080000000003290] <- 0x0080000000003000

mem[X,0x0080000000000A4C] -> 0x3503
mem[X,0x0080000000000A4E] -> 0x2301
[964] [M]: 0x0080000000000A4C (0x23013503) ld a0, 0x230(sp)
mem[R,0x0080000000003230] -> 0x0080000000000A54
x10 <- 0x0080000000000A54

mem[X,0x0080000000000A50] -> 0x0067
mem[X,0x0080000000000A52] -> 0x0005
[965] [M]: 0x0080000000000A50 (0x00050067) jalr zero, 0x0(a0)

mem[X,0x0080000000000A54] -> 0x3C23
mem[X,0x0080000000000A56] -> 0x2691
[966] [M]: 0x0080000000000A54 (0x26913C23) sd s1, 0x278(sp)
mem[0x0080000000003278] <- 0x0080000000000664

mem[X,0x0080000000000A58] -> 0x3823
mem[X,0x0080000000000A5A] -> 0x2681
[967] [M]: 0x0080000000000A58 (0x26813823) sd fp, 0x270(sp)
mem[0x0080000000003270] <- 0x0000000000007F76

mem[X,0x0080000000000A5C] -> 0x3423
mem[X,0x0080000000000A5E] -> 0x2671
[968] [M]: 0x0080000000000A5C (0x26713423) sd t2, 0x268(sp)
mem[0x0080000000003268] <- 0x0080000000000664

mem[X,0x0080000000000A60] -> 0x3023
mem[X,0x0080000000000A62] -> 0x2661
[969] [M]: 0x0080000000000A60 (0x26613023) sd t1, 0x260(sp)
mem[0x0080000000003260] <- 0x0000000000000010

mem[X,0x0080000000000A64] -> 0x2573
mem[X,0x0080000000000A66] -> 0x3420
[970] [M]: 0x0080000000000A64 (0x34202573) csrrs a0, mcause, zero
CSR mcause -> 0x0000000000000001
x10 <- 0x0000000000000001

mem[X,0x0080000000000A68] -> 0x04B7
mem[X,0x0080000000000A6A] -> 0x8000
[971] [M]: 0x0080000000000A68 (0x800004B7) lui s1, -0x80000
x9 <- 0xFFFFFFFF80000000

mem[X,0x0080000000000A6C] -> 0x8493
mem[X,0x0080000000000A6E] -> 0x0004
[972] [M]: 0x0080000000000A6C (0x00048493) addi s1, s1, 0x0
x9 <- 0xFFFFFFFF80000000

mem[X,0x0080000000000A70] -> 0x9493
mem[X,0x0080000000000A72] -> 0x00B4
[973] [M]: 0x0080000000000A70 (0x00B49493) slli s1, s1, 0xb
x9 <- 0xFFFFFC0000000000

mem[X,0x0080000000000A74] -> 0x8493
mem[X,0x0080000000000A76] -> 0x0004
[974] [M]: 0x0080000000000A74 (0x00048493) addi s1, s1, 0x0
x9 <- 0xFFFFFC0000000000

mem[X,0x0080000000000A78] -> 0x9493
mem[X,0x0080000000000A7A] -> 0x00B4
[975] [M]: 0x0080000000000A78 (0x00B49493) slli s1, s1, 0xb
x9 <- 0xFFE0000000000000

mem[X,0x0080000000000A7C] -> 0x8493
mem[X,0x0080000000000A7E] -> 0x0034
[976] [M]: 0x0080000000000A7C (0x00348493) addi s1, s1, 0x3
x9 <- 0xFFE0000000000003

mem[X,0x0080000000000A80] -> 0x9493
mem[X,0x0080000000000A82] -> 0x00A4
[977] [M]: 0x0080000000000A80 (0x00A49493) slli s1, s1, 0xa
x9 <- 0x8000000000000C00

mem[X,0x0080000000000A84] -> 0x8493
mem[X,0x0080000000000A86] -> 0x3FC4
[978] [M]: 0x0080000000000A84 (0x3FC48493) addi s1, s1, 0x3fc
x9 <- 0x8000000000000FFC

mem[X,0x0080000000000A88] -> 0xF4B3
mem[X,0x0080000000000A8A] -> 0x00A4
[979] [M]: 0x0080000000000A88 (0x00A4F4B3) and s1, s1, a0
x9 <- 0x0000000000000000

mem[X,0x0080000000000A8C] -> 0x8493
mem[X,0x0080000000000A8E] -> 0xFF84
[980] [M]: 0x0080000000000A8C (0xFF848493) addi s1, s1, -0x8
x9 <- 0xFFFFFFFFFFFFFFF8

mem[X,0x0080000000000A90] -> 0x9663
mem[X,0x0080000000000A92] -> 0x0004
[981] [M]: 0x0080000000000A90 (0x00049663) bne s1, zero, 0xc

mem[X,0x0080000000000A9C] -> 0x0393
mem[X,0x0080000000000A9E] -> 0x0200
[982] [M]: 0x0080000000000A9C (0x02000393) addi t2, zero, 0x20
x7 <- 0x0000000000000020

mem[X,0x0080000000000AA0] -> 0x5263
mem[X,0x0080000000000AA2] -> 0x0405
[983] [M]: 0x0080000000000AA0 (0x04055263) bge a0, zero, 0x44

mem[X,0x0080000000000AE4] -> 0x2373
mem[X,0x0080000000000AE6] -> 0x3010
[984] [M]: 0x0080000000000AE4 (0x30102373) csrrs t1, misa, zero
CSR misa -> 0x800000000034112D
x6 <- 0x800000000034112D

mem[X,0x0080000000000AE8] -> 0x1313
mem[X,0x0080000000000AEA] -> 0x0383
[985] [M]: 0x0080000000000AE8 (0x03831313) slli t1, t1, 0x38
x6 <- 0x2D00000000000000

mem[X,0x0080000000000AEC] -> 0x5463
mem[X,0x0080000000000AEE] -> 0x0003
[986] [M]: 0x0080000000000AEC (0x00035463) bge t1, zero, 0x8

mem[X,0x0080000000000AF4] -> 0x3303
mem[X,0x0080000000000AF6] -> 0x2181
[987] [M]: 0x0080000000000AF4 (0x21813303) ld t1, 0x218(sp)
mem[R,0x0080000000003218] -> 0x00800000000043A0
x6 <- 0x00800000000043A0

mem[X,0x0080000000000AF8] -> 0x04B3
mem[X,0x0080000000000AFA] -> 0x0073
[988] [M]: 0x0080000000000AF8 (0x007304B3) add s1, t1, t2
x9 <- 0x00800000000043C0

mem[X,0x0080000000000AFC] -> 0x3C23
mem[X,0x0080000000000AFE] -> 0x2091
[989] [M]: 0x0080000000000AFC (0x20913C23) sd s1, 0x218(sp)
mem[0x0080000000003218] <- 0x00800000000043C0

mem[X,0x0080000000000B00] -> 0x3403
mem[X,0x0080000000000B02] -> 0x1F81
[990] [M]: 0x0080000000000B00 (0x1F813403) ld fp, 0x1f8(sp)
mem[R,0x00800000000031F8] -> 0x0080000000004210
x8 <- 0x0080000000004210

mem[X,0x0080000000000B04] -> 0x0333
mem[X,0x0080000000000B06] -> 0x4083
[991] [M]: 0x0080000000000B04 (0x40830333) sub t1, t1, fp
x6 <- 0x0000000000000190

mem[X,0x0080000000000B08] -> 0x3403
mem[X,0x0080000000000B0A] -> 0x1F81
[992] [M]: 0x0080000000000B08 (0x1F813403) ld fp, 0x1f8(sp)
mem[R,0x00800000000031F8] -> 0x0080000000004210
x8 <- 0x0080000000004210

mem[X,0x0080000000000B0C] -> 0x0333
mem[X,0x0080000000000B0E] -> 0x0083
[993] [M]: 0x0080000000000B0C (0x00830333) add t1, t1, fp
x6 <- 0x00800000000043A0

mem[X,0x0080000000000B10] -> 0x3403
mem[X,0x0080000000000B12] -> 0x2401
[994] [M]: 0x0080000000000B10 (0x24013403) ld fp, 0x240(sp)
mem[R,0x0080000000003240] -> 0x0080000000000880
x8 <- 0x0080000000000880

mem[X,0x0080000000000B14] -> 0x85B3
mem[X,0x0080000000000B16] -> 0x4085
[995] [M]: 0x0080000000000B14 (0x408585B3) sub a1, a1, fp
x11 <- 0x000000000000010C

mem[X,0x0080000000000B18] -> 0x9593
mem[X,0x0080000000000B1A] -> 0x0045
[996] [M]: 0x0080000000000B18 (0x00459593) slli a1, a1, 0x4
x11 <- 0x00000000000010C0

mem[X,0x0080000000000B1C] -> 0xE5B3
mem[X,0x0080000000000B1E] -> 0x0075
[997] [M]: 0x0080000000000B1C (0x0075E5B3) or a1, a1, t2
x11 <- 0x00000000000010E0

mem[X,0x0080000000000B20] -> 0x8593
mem[X,0x0080000000000B22] -> 0x0035
[998] [M]: 0x0080000000000B20 (0x00358593) addi a1, a1, 0x3
x11 <- 0x00000000000010E3

mem[X,0x0080000000000B24] -> 0x3023
mem[X,0x0080000000000B26] -> 0x00B3
[999] [M]: 0x0080000000000B24 (0x00B33023) sd a1, 0x0(t1)
mem[0x00800000000043A0] <- 0x00000000000010E3

clint::tick mtime <- 0x000000000000000A
 clint timer pending at mtime 0x000000000000000A
htif::tick 0x0000000000000000
mem[X,0x0080000000000B28] -> 0x3423
mem[X,0x0080000000000B2A] -> 0x00A3
[1000] [M]: 0x0080000000000B28 (0x00A33423) sd a0, 0x8(t1)
mem[0x00800000000043A8] <- 0x0000000000000001

mem[X,0x0080000000000B2C] -> 0x4863
mem[X,0x0080000000000B2E] -> 0x1605
[1001] [M]: 0x0080000000000B2C (0x16054863) blt a0, zero, 0x170

mem[X,0x0080000000000B30] -> 0x25F3
mem[X,0x0080000000000B32] -> 0x3000
[1002] [M]: 0x0080000000000B30 (0x300025F3) csrrs a1, mstatus, zero
CSR mstatus -> 0x0000000A00000080
x11 <- 0x0000000A00000080

mem[X,0x0080000000000B34] -> 0x9413
mem[X,0x0080000000000B36] -> 0x02E5
[1003] [M]: 0x0080000000000B34 (0x02E59413) slli fp, a1, 0x2e
x8 <- 0x0020000000000000

mem[X,0x0080000000000B38] -> 0x5463
mem[X,0x0080000000000B3A] -> 0x0004
[1004] [M]: 0x0080000000000B38 (0x00045463) bge fp, zero, 0x8

mem[X,0x0080000000000B40] -> 0xD493
mem[X,0x0080000000000B42] -> 0x00B5
[1005] [M]: 0x0080000000000B40 (0x00B5D493) srli s1, a1, 0xb
x9 <- 0x0000000001400000

mem[X,0x0080000000000B44] -> 0xF493
mem[X,0x0080000000000B46] -> 0x0034
[1006] [M]: 0x0080000000000B44 (0x0034F493) andi s1, s1, 0x3
x9 <- 0x0000000000000000

mem[X,0x0080000000000B48] -> 0x8493
mem[X,0x0080000000000B4A] -> 0x0014
[1007] [M]: 0x0080000000000B48 (0x00148493) addi s1, s1, 0x1
x9 <- 0x0000000000000001

mem[X,0x0080000000000B4C] -> 0xF493
mem[X,0x0080000000000B4E] -> 0x0044
[1008] [M]: 0x0080000000000B4C (0x0044F493) andi s1, s1, 0x4
x9 <- 0x0000000000000000

mem[X,0x0080000000000B50] -> 0x0593
mem[X,0x0080000000000B52] -> 0x05D0
[1009] [M]: 0x0080000000000B50 (0x05D00593) addi a1, zero, 0x5d
x11 <- 0x000000000000005D

mem[X,0x0080000000000B54] -> 0xD5B3
mem[X,0x0080000000000B56] -> 0x0095
[1010] [M]: 0x0080000000000B54 (0x0095D5B3) srl a1, a1, s1
x11 <- 0x000000000000005D

mem[X,0x0080000000000B58] -> 0xF593
mem[X,0x0080000000000B5A] -> 0x0015
[1011] [M]: 0x0080000000000B58 (0x0015F593) andi a1, a1, 0x1
x11 <- 0x0000000000000001

mem[X,0x0080000000000B5C] -> 0x8EE3
mem[X,0x0080000000000B5E] -> 0xF405
[1012] [M]: 0x0080000000000B5C (0xF4058EE3) beq a1, zero, -0xa4

mem[X,0x0080000000000B60] -> 0x0593
mem[X,0x0080000000000B62] -> 0x2980
[1013] [M]: 0x0080000000000B60 (0x29800593) addi a1, zero, 0x298
x11 <- 0x0000000000000298

mem[X,0x0080000000000B64] -> 0xF413
mem[X,0x0080000000000B66] -> 0x0014
[1014] [M]: 0x0080000000000B64 (0x0014F413) andi fp, s1, 0x1
x8 <- 0x0000000000000000

mem[X,0x0080000000000B68] -> 0x95B3
mem[X,0x0080000000000B6A] -> 0x0085
[1015] [M]: 0x0080000000000B68 (0x008595B3) sll a1, a1, fp
x11 <- 0x0000000000000298

mem[X,0x0080000000000B6C] -> 0x9413
mem[X,0x0080000000000B6E] -> 0x03D4
[1016] [M]: 0x0080000000000B6C (0x03D49413) slli fp, s1, 0x3d
x8 <- 0x0000000000000000

mem[X,0x0080000000000B70] -> 0x5413
mem[X,0x0080000000000B72] -> 0x43F4
[1017] [M]: 0x0080000000000B70 (0x43F45413) srai fp, fp, 0x3f
x8 <- 0x0000000000000000

mem[X,0x0080000000000B74] -> 0x4413
mem[X,0x0080000000000B76] -> 0xFFF4
[1018] [M]: 0x0080000000000B74 (0xFFF44413) xori fp, fp, -0x1
x8 <- 0xFFFFFFFFFFFFFFFF

mem[X,0x0080000000000B78] -> 0xF4B3
mem[X,0x0080000000000B7A] -> 0x0085
[1019] [M]: 0x0080000000000B78 (0x0085F4B3) and s1, a1, fp
x9 <- 0x0000000000000298

mem[X,0x0080000000000B7C] -> 0x84B3
mem[X,0x0080000000000B7E] -> 0x0024
[1020] [M]: 0x0080000000000B7C (0x002484B3) add s1, s1, sp
x9 <- 0x0080000000003298

mem[X,0x0080000000000B80] -> 0x23F3
mem[X,0x0080000000000B82] -> 0x3410
[1021] [M]: 0x0080000000000B80 (0x341023F3) csrrs t2, mepc, zero
CSR mepc -> 0x0080000000000780
x7 <- 0x0080000000000780

mem[X,0x0080000000000B84] -> 0xB403
mem[X,0x0080000000000B86] -> 0x2084
[1022] [M]: 0x0080000000000B84 (0x2084B403) ld fp, 0x208(s1)
mem[R,0x00800000000034A0] -> 0x008000000000039C
x8 <- 0x008000000000039C

mem[X,0x0080000000000B88] -> 0xB583
mem[X,0x0080000000000B8A] -> 0x2104
[1023] [M]: 0x0080000000000B88 (0x2104B583) ld a1, 0x210(s1)
mem[R,0x00800000000034A8] -> 0x0000000000000400
x11 <- 0x0000000000000400

mem[X,0x0080000000000B8C] -> 0x85B3
mem[X,0x0080000000000B8E] -> 0x0085
[1024] [M]: 0x0080000000000B8C (0x008585B3) add a1, a1, fp
x11 <- 0x008000000000079C

mem[X,0x0080000000000B90] -> 0xF463
mem[X,0x0080000000000B92] -> 0x00B3
[1025] [M]: 0x0080000000000B90 (0x00B3F463) bgeu t2, a1, 0x8

mem[X,0x0080000000000B94] -> 0xF663
mem[X,0x0080000000000B96] -> 0x0283
[1026] [M]: 0x0080000000000B94 (0x0283F663) bgeu t2, fp, 0x2c

mem[X,0x0080000000000BC0] -> 0x8433
mem[X,0x0080000000000BC2] -> 0x4083
[1027] [M]: 0x0080000000000BC0 (0x40838433) sub fp, t2, fp
x8 <- 0x00000000000003E4

mem[X,0x0080000000000BC4] -> 0x3823
mem[X,0x0080000000000BC6] -> 0x0083
[1028] [M]: 0x0080000000000BC4 (0x00833823) sd fp, 0x10(t1)
mem[0x00800000000043B0] <- 0x00000000000003E4

mem[X,0x0080000000000BC8] -> 0xF593
mem[X,0x0080000000000BCA] -> 0xFFC3
[1029] [M]: 0x0080000000000BC8 (0xFFC3F593) andi a1, t2, -0x4
x11 <- 0x0080000000000780

mem[X,0x0080000000000BCC] -> 0x8593
mem[X,0x0080000000000BCE] -> 0x0085
[1030] [M]: 0x0080000000000BCC (0x00858593) addi a1, a1, 0x8
x11 <- 0x0080000000000788

mem[X,0x0080000000000BD0] -> 0x9073
mem[X,0x0080000000000BD2] -> 0x3415
[1031] [M]: 0x0080000000000BD0 (0x34159073) csrrw zero, mepc, a1
CSR mepc <- 0x0080000000000788 (input: 0x0080000000000788)

mem[X,0x0080000000000BD4] -> 0x23F3
mem[X,0x0080000000000BD6] -> 0x3430
[1032] [M]: 0x0080000000000BD4 (0x343023F3) csrrs t2, mtval, zero
CSR mtval -> 0x0080000000000780
x7 <- 0x0080000000000780

mem[X,0x0080000000000BD8] -> 0x7513
mem[X,0x0080000000000BDA] -> 0x00F5
[1033] [M]: 0x0080000000000BD8 (0x00F57513) andi a0, a0, 0xf
x10 <- 0x0000000000000001

mem[X,0x0080000000000BDC] -> 0x0437
mem[X,0x0080000000000BDE] -> 0x0000
[1034] [M]: 0x0080000000000BDC (0x00000437) lui fp, 0x0
x8 <- 0x0000000000000000

mem[X,0x0080000000000BE0] -> 0x0413
mem[X,0x0080000000000BE2] -> 0x0004
[1035] [M]: 0x0080000000000BE0 (0x00040413) addi fp, fp, 0x0
x8 <- 0x0000000000000000

mem[X,0x0080000000000BE4] -> 0x1413
mem[X,0x0080000000000BE6] -> 0x00B4
[1036] [M]: 0x0080000000000BE4 (0x00B41413) slli fp, fp, 0xb
x8 <- 0x0000000000000000

mem[X,0x0080000000000BE8] -> 0x0413
mem[X,0x0080000000000BEA] -> 0x0004
[1037] [M]: 0x0080000000000BE8 (0x00040413) addi fp, fp, 0x0
x8 <- 0x0000000000000000

mem[X,0x0080000000000BEC] -> 0x1413
mem[X,0x0080000000000BEE] -> 0x00B4
[1038] [M]: 0x0080000000000BEC (0x00B41413) slli fp, fp, 0xb
x8 <- 0x0000000000000000

mem[X,0x0080000000000BF0] -> 0x0413
mem[X,0x0080000000000BF2] -> 0x02C4
[1039] [M]: 0x0080000000000BF0 (0x02C40413) addi fp, fp, 0x2c
x8 <- 0x000000000000002C

mem[X,0x0080000000000BF4] -> 0x1413
mem[X,0x0080000000000BF6] -> 0x00A4
[1040] [M]: 0x0080000000000BF4 (0x00A41413) slli fp, fp, 0xa
x8 <- 0x000000000000B000

mem[X,0x0080000000000BF8] -> 0x0413
mem[X,0x0080000000000BFA] -> 0x0FB4
[1041] [M]: 0x0080000000000BF8 (0x0FB40413) addi fp, fp, 0xfb
x8 <- 0x000000000000B0FB

mem[X,0x0080000000000BFC] -> 0x5433
mem[X,0x0080000000000BFE] -> 0x00A4
[1042] [M]: 0x0080000000000BFC (0x00A45433) srl fp, fp, a0
x8 <- 0x000000000000587D

mem[X,0x0080000000000C00] -> 0x1413
mem[X,0x0080000000000C02] -> 0x03F4
[1043] [M]: 0x0080000000000C00 (0x03F41413) slli fp, fp, 0x3f
x8 <- 0x8000000000000000

mem[X,0x0080000000000C04] -> 0x5C63
mem[X,0x0080000000000C06] -> 0x0404
[1044] [M]: 0x0080000000000C04 (0x04045C63) bge fp, zero, 0x58

mem[X,0x0080000000000C08] -> 0xB403
mem[X,0x0080000000000C0A] -> 0x2084
[1045] [M]: 0x0080000000000C08 (0x2084B403) ld fp, 0x208(s1)
mem[R,0x00800000000034A0] -> 0x008000000000039C
x8 <- 0x008000000000039C

mem[X,0x0080000000000C0C] -> 0xB583
mem[X,0x0080000000000C0E] -> 0x2104
[1046] [M]: 0x0080000000000C0C (0x2104B583) ld a1, 0x210(s1)
mem[R,0x00800000000034A8] -> 0x0000000000000400
x11 <- 0x0000000000000400

mem[X,0x0080000000000C10] -> 0x85B3
mem[X,0x0080000000000C12] -> 0x0085
[1047] [M]: 0x0080000000000C10 (0x008585B3) add a1, a1, fp
x11 <- 0x008000000000079C

mem[X,0x0080000000000C14] -> 0xF463
mem[X,0x0080000000000C16] -> 0x00B3
[1048] [M]: 0x0080000000000C14 (0x00B3F463) bgeu t2, a1, 0x8

mem[X,0x0080000000000C18] -> 0xF063
mem[X,0x0080000000000C1A] -> 0x0483
[1049] [M]: 0x0080000000000C18 (0x0483F063) bgeu t2, fp, 0x40

mem[X,0x0080000000000C58] -> 0x8433
mem[X,0x0080000000000C5A] -> 0x4083
[1050] [M]: 0x0080000000000C58 (0x40838433) sub fp, t2, fp
x8 <- 0x00000000000003E4

mem[X,0x0080000000000C5C] -> 0x3C23
mem[X,0x0080000000000C5E] -> 0x0083
[1051] [M]: 0x0080000000000C5C (0x00833C23) sd fp, 0x18(t1)
mem[0x00800000000043B8] <- 0x00000000000003E4

mem[X,0x0080000000000C60] -> 0x3483
mem[X,0x0080000000000C62] -> 0x2181
[1052] [M]: 0x0080000000000C60 (0x21813483) ld s1, 0x218(sp)
mem[R,0x0080000000003218] -> 0x00800000000043C0
x9 <- 0x00800000000043C0

mem[X,0x0080000000000C64] -> 0x3383
mem[X,0x0080000000000C66] -> 0x1F81
[1053] [M]: 0x0080000000000C64 (0x1F813383) ld t2, 0x1f8(sp)
mem[R,0x00800000000031F8] -> 0x0080000000004210
x7 <- 0x0080000000004210

mem[X,0x0080000000000C68] -> 0x3303
mem[X,0x0080000000000C6A] -> 0x2001
[1054] [M]: 0x0080000000000C68 (0x20013303) ld t1, 0x200(sp)
mem[R,0x0080000000003200] -> 0x0000000000000520
x6 <- 0x0000000000000520

mem[X,0x0080000000000C6C] -> 0x0333
mem[X,0x0080000000000C6E] -> 0x0073
[1055] [M]: 0x0080000000000C6C (0x00730333) add t1, t1, t2
x6 <- 0x0080000000004730

mem[X,0x0080000000000C70] -> 0x6AE3
mem[X,0x0080000000000C72] -> 0xB293
[1056] [M]: 0x0080000000000C70 (0xB2936AE3) bltu t1, s1, -0x4cc

mem[X,0x0080000000000C74] -> 0x0393
mem[X,0x0080000000000C76] -> 0x2000
[1057] [M]: 0x0080000000000C74 (0x20000393) addi t2, zero, 0x200
x7 <- 0x0000000000000200

mem[X,0x0080000000000C78] -> 0x006F
mem[X,0x0080000000000C7A] -> 0x0400
[1058] [M]: 0x0080000000000C78 (0x0400006F) jal zero, 0x40

mem[X,0x0080000000000CB8] -> 0x0417
mem[X,0x0080000000000CBA] -> 0x0000
[1059] [M]: 0x0080000000000CB8 (0x00000417) auipc fp, 0x0
x8 <- 0x0080000000000CB8

mem[X,0x0080000000000CBC] -> 0x0413
mem[X,0x0080000000000CBE] -> 0x03C4
[1060] [M]: 0x0080000000000CBC (0x03C40413) addi fp, fp, 0x3c
x8 <- 0x0080000000000CF4

mem[X,0x0080000000000CC0] -> 0x0433
mem[X,0x0080000000000CC2] -> 0x0074
[1061] [M]: 0x0080000000000CC0 (0x00740433) add fp, fp, t2
x8 <- 0x0080000000000EF4

mem[X,0x0080000000000CC4] -> 0x1393
mem[X,0x0080000000000CC6] -> 0x0035
[1062] [M]: 0x0080000000000CC4 (0x00351393) slli t2, a0, 0x3
x7 <- 0x0000000000000008

mem[X,0x0080000000000CC8] -> 0x0433
mem[X,0x0080000000000CCA] -> 0x0074
[1063] [M]: 0x0080000000000CC8 (0x00740433) add fp, fp, t2
x8 <- 0x0080000000000EFC

mem[X,0x0080000000000CCC] -> 0x7413
mem[X,0x0080000000000CCE] -> 0xFF84
[1064] [M]: 0x0080000000000CCC (0xFF847413) andi fp, fp, -0x8
x8 <- 0x0080000000000EF8

mem[X,0x0080000000000CD0] -> 0x3403
mem[X,0x0080000000000CD2] -> 0x0004
[1065] [M]: 0x0080000000000CD0 (0x00043403) ld fp, 0x0(fp)
mem[R,0x0080000000000EF8] -> 0x0000000000000003
x8 <- 0x0000000000000003

mem[X,0x0080000000000CD4] -> 0x02E3
mem[X,0x0080000000000CD6] -> 0xB604
[1066] [M]: 0x0080000000000CD4 (0xB60402E3) beq fp, zero, -0x49c

mem[X,0x0080000000000CD8] -> 0x1393
mem[X,0x0080000000000CDA] -> 0x03F4
[1067] [M]: 0x0080000000000CD8 (0x03F41393) slli t2, fp, 0x3f
x7 <- 0x8000000000000000

mem[X,0x0080000000000CDC] -> 0xD863
mem[X,0x0080000000000CDE] -> 0x0003
[1068] [M]: 0x0080000000000CDC (0x0003D863) bge t2, zero, 0x10

mem[X,0x0080000000000CE0] -> 0x5413
mem[X,0x0080000000000CE2] -> 0x0014
[1069] [M]: 0x0080000000000CE0 (0x00145413) srli fp, fp, 0x1
x8 <- 0x0000000000000001

mem[X,0x0080000000000CE4] -> 0x0CE3
mem[X,0x0080000000000CE6] -> 0xF885
[1070] [M]: 0x0080000000000CE4 (0xF8850CE3) beq a0, fp, -0x68

mem[X,0x0080000000000C7C] -> 0x3303
mem[X,0x0080000000000C7E] -> 0x2601
[1071] [M]: 0x0080000000000C7C (0x26013303) ld t1, 0x260(sp)
mem[R,0x0080000000003260] -> 0x0000000000000010
x6 <- 0x0000000000000010

mem[X,0x0080000000000C80] -> 0x3383
mem[X,0x0080000000000C82] -> 0x2681
[1072] [M]: 0x0080000000000C80 (0x26813383) ld t2, 0x268(sp)
mem[R,0x0080000000003268] -> 0x0080000000000664
x7 <- 0x0080000000000664

mem[X,0x0080000000000C84] -> 0x3403
mem[X,0x0080000000000C86] -> 0x2701
[1073] [M]: 0x0080000000000C84 (0x27013403) ld fp, 0x270(sp)
mem[R,0x0080000000003270] -> 0x0000000000007F76
x8 <- 0x0000000000007F76

mem[X,0x0080000000000C88] -> 0x3483
mem[X,0x0080000000000C8A] -> 0x2781
[1074] [M]: 0x0080000000000C88 (0x27813483) ld s1, 0x278(sp)
mem[R,0x0080000000003278] -> 0x0080000000000664
x9 <- 0x0080000000000664

mem[X,0x0080000000000C8C] -> 0x3503
mem[X,0x0080000000000C8E] -> 0x2801
[1075] [M]: 0x0080000000000C8C (0x28013503) ld a0, 0x280(sp)
mem[R,0x0080000000003280] -> 0x0000000000000001
x10 <- 0x0000000000000001

mem[X,0x0080000000000C90] -> 0x3583
mem[X,0x0080000000000C92] -> 0x2881
[1076] [M]: 0x0080000000000C90 (0x28813583) ld a1, 0x288(sp)
mem[R,0x0080000000003288] -> 0x0000000000000000
x11 <- 0x0000000000000000

mem[X,0x0080000000000C94] -> 0x3103
mem[X,0x0080000000000C96] -> 0x2901
[1077] [M]: 0x0080000000000C94 (0x29013103) ld sp, 0x290(sp)
mem[R,0x0080000000003290] -> 0x0080000000003000
x2 <- 0x0080000000003000

mem[X,0x0080000000000C98] -> 0x0073
mem[X,0x0080000000000C9A] -> 0x3020
[1078] [M]: 0x0080000000000C98 (0x30200073) mret
CSR mstatus <- 0x0000000A00000088
ret-ing from M to U

mem[X,0x0080000000000788] -> 0x0013
mem[X,0x008000000000078A] -> 0x0000
[1079] [U]: 0x0080000000000788 (0x00000013) addi zero, zero, 0x0

mem[X,0x008000000000078C] -> 0x0013
mem[X,0x008000000000078E] -> 0x0000
[1080] [U]: 0x008000000000078C (0x00000013) addi zero, zero, 0x0

mem[X,0x0080000000000790] -> 0x0013
mem[X,0x0080000000000792] -> 0x0000
[1081] [U]: 0x0080000000000790 (0x00000013) addi zero, zero, 0x0

mem[X,0x0080000000000794] -> 0x0013
mem[X,0x0080000000000796] -> 0x0000
[1082] [U]: 0x0080000000000794 (0x00000013) addi zero, zero, 0x0

mem[X,0x0080000000000798] -> 0x8067
mem[X,0x008000000000079A] -> 0x0000
[1083] [U]: 0x0080000000000798 (0x00008067) jalr zero, 0x0(ra)

mem[X,0x0080000000000754] -> 0x0013
mem[X,0x0080000000000756] -> 0x0000
[1084] [U]: 0x0080000000000754 (0x00000013) addi zero, zero, 0x0

mem[X,0x0080000000000758] -> 0x0013
mem[X,0x008000000000075A] -> 0x0000
[1085] [U]: 0x0080000000000758 (0x00000013) addi zero, zero, 0x0

mem[X,0x008000000000075C] -> 0x00EF
mem[X,0x008000000000075E] -> 0x0240
[1086] [U]: 0x008000000000075C (0x024000EF) jal ra, 0x24
x1 <- 0x0080000000000760

trapping from U to M to handle fetch-access-fault
handling exc#0x01 at priv M with tval 0x0080000000000780
CSR mstatus <- 0x0000000A00000080
mem[X,0x0080000000000880] -> 0x006F
mem[X,0x0080000000000882] -> 0x1000
[1087] [M]: 0x0080000000000880 (0x1000006F) jal zero, 0x100

mem[X,0x0080000000000980] -> 0x1173
mem[X,0x0080000000000982] -> 0x3401
[1088] [M]: 0x0080000000000980 (0x34011173) csrrw sp, mscratch, sp
CSR mscratch <- 0x0080000000003000 (input: 0x0080000000003000)
x2 <- 0x0080000000003000

mem[X,0x0080000000000984] -> 0x3423
mem[X,0x0080000000000986] -> 0x28B1
[1089] [M]: 0x0080000000000984 (0x28B13423) sd a1, 0x288(sp)
mem[0x0080000000003288] <- 0x0000000000000000

mem[X,0x0080000000000988] -> 0x05EF
mem[X,0x008000000000098A] -> 0x0B80
[1090] [M]: 0x0080000000000988 (0x0B8005EF) jal a1, 0xb8
x11 <- 0x008000000000098C

mem[X,0x0080000000000A40] -> 0x3023
mem[X,0x0080000000000A42] -> 0x28A1
[1091] [M]: 0x0080000000000A40 (0x28A13023) sd a0, 0x280(sp)
mem[0x0080000000003280] <- 0x0000000000000001

mem[X,0x0080000000000A44] -> 0x1573
mem[X,0x0080000000000A46] -> 0x3401
[1092] [M]: 0x0080000000000A44 (0x34011573) csrrw a0, mscratch, sp
CSR mscratch <- 0x0080000000003000 (input: 0x0080000000003000)
x10 <- 0x0080000000003000

mem[X,0x0080000000000A48] -> 0x3823
mem[X,0x0080000000000A4A] -> 0x28A1
[1093] [M]: 0x0080000000000A48 (0x28A13823) sd a0, 0x290(sp)
mem[0x0080000000003290] <- 0x0080000000003000

mem[X,0x0080000000000A4C] -> 0x3503
mem[X,0x0080000000000A4E] -> 0x2301
[1094] [M]: 0x0080000000000A4C (0x23013503) ld a0, 0x230(sp)
mem[R,0x0080000000003230] -> 0x0080000000000A54
x10 <- 0x0080000000000A54

mem[X,0x0080000000000A50] -> 0x0067
mem[X,0x0080000000000A52] -> 0x0005
[1095] [M]: 0x0080000000000A50 (0x00050067) jalr zero, 0x0(a0)

mem[X,0x0080000000000A54] -> 0x3C23
mem[X,0x0080000000000A56] -> 0x2691
[1096] [M]: 0x0080000000000A54 (0x26913C23) sd s1, 0x278(sp)
mem[0x0080000000003278] <- 0x0080000000000664

mem[X,0x0080000000000A58] -> 0x3823
mem[X,0x0080000000000A5A] -> 0x2681
[1097] [M]: 0x0080000000000A58 (0x26813823) sd fp, 0x270(sp)
mem[0x0080000000003270] <- 0x0000000000007F76

mem[X,0x0080000000000A5C] -> 0x3423
mem[X,0x0080000000000A5E] -> 0x2671
[1098] [M]: 0x0080000000000A5C (0x26713423) sd t2, 0x268(sp)
mem[0x0080000000003268] <- 0x0080000000000664

mem[X,0x0080000000000A60] -> 0x3023
mem[X,0x0080000000000A62] -> 0x2661
[1099] [M]: 0x0080000000000A60 (0x26613023) sd t1, 0x260(sp)
mem[0x0080000000003260] <- 0x0000000000000010

clint::tick mtime <- 0x000000000000000B
 clint timer pending at mtime 0x000000000000000B
htif::tick 0x0000000000000000
mem[X,0x0080000000000A64] -> 0x2573
mem[X,0x0080000000000A66] -> 0x3420
[1100] [M]: 0x0080000000000A64 (0x34202573) csrrs a0, mcause, zero
CSR mcause -> 0x0000000000000001
x10 <- 0x0000000000000001

mem[X,0x0080000000000A68] -> 0x04B7
mem[X,0x0080000000000A6A] -> 0x8000
[1101] [M]: 0x0080000000000A68 (0x800004B7) lui s1, -0x80000
x9 <- 0xFFFFFFFF80000000

mem[X,0x0080000000000A6C] -> 0x8493
mem[X,0x0080000000000A6E] -> 0x0004
[1102] [M]: 0x0080000000000A6C (0x00048493) addi s1, s1, 0x0
x9 <- 0xFFFFFFFF80000000

mem[X,0x0080000000000A70] -> 0x9493
mem[X,0x0080000000000A72] -> 0x00B4
[1103] [M]: 0x0080000000000A70 (0x00B49493) slli s1, s1, 0xb
x9 <- 0xFFFFFC0000000000

mem[X,0x0080000000000A74] -> 0x8493
mem[X,0x0080000000000A76] -> 0x0004
[1104] [M]: 0x0080000000000A74 (0x00048493) addi s1, s1, 0x0
x9 <- 0xFFFFFC0000000000

mem[X,0x0080000000000A78] -> 0x9493
mem[X,0x0080000000000A7A] -> 0x00B4
[1105] [M]: 0x0080000000000A78 (0x00B49493) slli s1, s1, 0xb
x9 <- 0xFFE0000000000000

mem[X,0x0080000000000A7C] -> 0x8493
mem[X,0x0080000000000A7E] -> 0x0034
[1106] [M]: 0x0080000000000A7C (0x00348493) addi s1, s1, 0x3
x9 <- 0xFFE0000000000003

mem[X,0x0080000000000A80] -> 0x9493
mem[X,0x0080000000000A82] -> 0x00A4
[1107] [M]: 0x0080000000000A80 (0x00A49493) slli s1, s1, 0xa
x9 <- 0x8000000000000C00

mem[X,0x0080000000000A84] -> 0x8493
mem[X,0x0080000000000A86] -> 0x3FC4
[1108] [M]: 0x0080000000000A84 (0x3FC48493) addi s1, s1, 0x3fc
x9 <- 0x8000000000000FFC

mem[X,0x0080000000000A88] -> 0xF4B3
mem[X,0x0080000000000A8A] -> 0x00A4
[1109] [M]: 0x0080000000000A88 (0x00A4F4B3) and s1, s1, a0
x9 <- 0x0000000000000000

mem[X,0x0080000000000A8C] -> 0x8493
mem[X,0x0080000000000A8E] -> 0xFF84
[1110] [M]: 0x0080000000000A8C (0xFF848493) addi s1, s1, -0x8
x9 <- 0xFFFFFFFFFFFFFFF8

mem[X,0x0080000000000A90] -> 0x9663
mem[X,0x0080000000000A92] -> 0x0004
[1111] [M]: 0x0080000000000A90 (0x00049663) bne s1, zero, 0xc

mem[X,0x0080000000000A9C] -> 0x0393
mem[X,0x0080000000000A9E] -> 0x0200
[1112] [M]: 0x0080000000000A9C (0x02000393) addi t2, zero, 0x20
x7 <- 0x0000000000000020

mem[X,0x0080000000000AA0] -> 0x5263
mem[X,0x0080000000000AA2] -> 0x0405
[1113] [M]: 0x0080000000000AA0 (0x04055263) bge a0, zero, 0x44

mem[X,0x0080000000000AE4] -> 0x2373
mem[X,0x0080000000000AE6] -> 0x3010
[1114] [M]: 0x0080000000000AE4 (0x30102373) csrrs t1, misa, zero
CSR misa -> 0x800000000034112D
x6 <- 0x800000000034112D

mem[X,0x0080000000000AE8] -> 0x1313
mem[X,0x0080000000000AEA] -> 0x0383
[1115] [M]: 0x0080000000000AE8 (0x03831313) slli t1, t1, 0x38
x6 <- 0x2D00000000000000

mem[X,0x0080000000000AEC] -> 0x5463
mem[X,0x0080000000000AEE] -> 0x0003
[1116] [M]: 0x0080000000000AEC (0x00035463) bge t1, zero, 0x8

mem[X,0x0080000000000AF4] -> 0x3303
mem[X,0x0080000000000AF6] -> 0x2181
[1117] [M]: 0x0080000000000AF4 (0x21813303) ld t1, 0x218(sp)
mem[R,0x0080000000003218] -> 0x00800000000043C0
x6 <- 0x00800000000043C0

mem[X,0x0080000000000AF8] -> 0x04B3
mem[X,0x0080000000000AFA] -> 0x0073
[1118] [M]: 0x0080000000000AF8 (0x007304B3) add s1, t1, t2
x9 <- 0x00800000000043E0

mem[X,0x0080000000000AFC] -> 0x3C23
mem[X,0x0080000000000AFE] -> 0x2091
[1119] [M]: 0x0080000000000AFC (0x20913C23) sd s1, 0x218(sp)
mem[0x0080000000003218] <- 0x00800000000043E0

mem[X,0x0080000000000B00] -> 0x3403
mem[X,0x0080000000000B02] -> 0x1F81
[1120] [M]: 0x0080000000000B00 (0x1F813403) ld fp, 0x1f8(sp)
mem[R,0x00800000000031F8] -> 0x0080000000004210
x8 <- 0x0080000000004210

mem[X,0x0080000000000B04] -> 0x0333
mem[X,0x0080000000000B06] -> 0x4083
[1121] [M]: 0x0080000000000B04 (0x40830333) sub t1, t1, fp
x6 <- 0x00000000000001B0

mem[X,0x0080000000000B08] -> 0x3403
mem[X,0x0080000000000B0A] -> 0x1F81
[1122] [M]: 0x0080000000000B08 (0x1F813403) ld fp, 0x1f8(sp)
mem[R,0x00800000000031F8] -> 0x0080000000004210
x8 <- 0x0080000000004210

mem[X,0x0080000000000B0C] -> 0x0333
mem[X,0x0080000000000B0E] -> 0x0083
[1123] [M]: 0x0080000000000B0C (0x00830333) add t1, t1, fp
x6 <- 0x00800000000043C0

mem[X,0x0080000000000B10] -> 0x3403
mem[X,0x0080000000000B12] -> 0x2401
[1124] [M]: 0x0080000000000B10 (0x24013403) ld fp, 0x240(sp)
mem[R,0x0080000000003240] -> 0x0080000000000880
x8 <- 0x0080000000000880

mem[X,0x0080000000000B14] -> 0x85B3
mem[X,0x0080000000000B16] -> 0x4085
[1125] [M]: 0x0080000000000B14 (0x408585B3) sub a1, a1, fp
x11 <- 0x000000000000010C

mem[X,0x0080000000000B18] -> 0x9593
mem[X,0x0080000000000B1A] -> 0x0045
[1126] [M]: 0x0080000000000B18 (0x00459593) slli a1, a1, 0x4
x11 <- 0x00000000000010C0

mem[X,0x0080000000000B1C] -> 0xE5B3
mem[X,0x0080000000000B1E] -> 0x0075
[1127] [M]: 0x0080000000000B1C (0x0075E5B3) or a1, a1, t2
x11 <- 0x00000000000010E0

mem[X,0x0080000000000B20] -> 0x8593
mem[X,0x0080000000000B22] -> 0x0035
[1128] [M]: 0x0080000000000B20 (0x00358593) addi a1, a1, 0x3
x11 <- 0x00000000000010E3

mem[X,0x0080000000000B24] -> 0x3023
mem[X,0x0080000000000B26] -> 0x00B3
[1129] [M]: 0x0080000000000B24 (0x00B33023) sd a1, 0x0(t1)
mem[0x00800000000043C0] <- 0x00000000000010E3

mem[X,0x0080000000000B28] -> 0x3423
mem[X,0x0080000000000B2A] -> 0x00A3
[1130] [M]: 0x0080000000000B28 (0x00A33423) sd a0, 0x8(t1)
mem[0x00800000000043C8] <- 0x0000000000000001

mem[X,0x0080000000000B2C] -> 0x4863
mem[X,0x0080000000000B2E] -> 0x1605
[1131] [M]: 0x0080000000000B2C (0x16054863) blt a0, zero, 0x170

mem[X,0x0080000000000B30] -> 0x25F3
mem[X,0x0080000000000B32] -> 0x3000
[1132] [M]: 0x0080000000000B30 (0x300025F3) csrrs a1, mstatus, zero
CSR mstatus -> 0x0000000A00000080
x11 <- 0x0000000A00000080

mem[X,0x0080000000000B34] -> 0x9413
mem[X,0x0080000000000B36] -> 0x02E5
[1133] [M]: 0x0080000000000B34 (0x02E59413) slli fp, a1, 0x2e
x8 <- 0x0020000000000000

mem[X,0x0080000000000B38] -> 0x5463
mem[X,0x0080000000000B3A] -> 0x0004
[1134] [M]: 0x0080000000000B38 (0x00045463) bge fp, zero, 0x8

mem[X,0x0080000000000B40] -> 0xD493
mem[X,0x0080000000000B42] -> 0x00B5
[1135] [M]: 0x0080000000000B40 (0x00B5D493) srli s1, a1, 0xb
x9 <- 0x0000000001400000

mem[X,0x0080000000000B44] -> 0xF493
mem[X,0x0080000000000B46] -> 0x0034
[1136] [M]: 0x0080000000000B44 (0x0034F493) andi s1, s1, 0x3
x9 <- 0x0000000000000000

mem[X,0x0080000000000B48] -> 0x8493
mem[X,0x0080000000000B4A] -> 0x0014
[1137] [M]: 0x0080000000000B48 (0x00148493) addi s1, s1, 0x1
x9 <- 0x0000000000000001

mem[X,0x0080000000000B4C] -> 0xF493
mem[X,0x0080000000000B4E] -> 0x0044
[1138] [M]: 0x0080000000000B4C (0x0044F493) andi s1, s1, 0x4
x9 <- 0x0000000000000000

mem[X,0x0080000000000B50] -> 0x0593
mem[X,0x0080000000000B52] -> 0x05D0
[1139] [M]: 0x0080000000000B50 (0x05D00593) addi a1, zero, 0x5d
x11 <- 0x000000000000005D

mem[X,0x0080000000000B54] -> 0xD5B3
mem[X,0x0080000000000B56] -> 0x0095
[1140] [M]: 0x0080000000000B54 (0x0095D5B3) srl a1, a1, s1
x11 <- 0x000000000000005D

mem[X,0x0080000000000B58] -> 0xF593
mem[X,0x0080000000000B5A] -> 0x0015
[1141] [M]: 0x0080000000000B58 (0x0015F593) andi a1, a1, 0x1
x11 <- 0x0000000000000001

mem[X,0x0080000000000B5C] -> 0x8EE3
mem[X,0x0080000000000B5E] -> 0xF405
[1142] [M]: 0x0080000000000B5C (0xF4058EE3) beq a1, zero, -0xa4

mem[X,0x0080000000000B60] -> 0x0593
mem[X,0x0080000000000B62] -> 0x2980
[1143] [M]: 0x0080000000000B60 (0x29800593) addi a1, zero, 0x298
x11 <- 0x0000000000000298

mem[X,0x0080000000000B64] -> 0xF413
mem[X,0x0080000000000B66] -> 0x0014
[1144] [M]: 0x0080000000000B64 (0x0014F413) andi fp, s1, 0x1
x8 <- 0x0000000000000000

mem[X,0x0080000000000B68] -> 0x95B3
mem[X,0x0080000000000B6A] -> 0x0085
[1145] [M]: 0x0080000000000B68 (0x008595B3) sll a1, a1, fp
x11 <- 0x0000000000000298

mem[X,0x0080000000000B6C] -> 0x9413
mem[X,0x0080000000000B6E] -> 0x03D4
[1146] [M]: 0x0080000000000B6C (0x03D49413) slli fp, s1, 0x3d
x8 <- 0x0000000000000000

mem[X,0x0080000000000B70] -> 0x5413
mem[X,0x0080000000000B72] -> 0x43F4
[1147] [M]: 0x0080000000000B70 (0x43F45413) srai fp, fp, 0x3f
x8 <- 0x0000000000000000

mem[X,0x0080000000000B74] -> 0x4413
mem[X,0x0080000000000B76] -> 0xFFF4
[1148] [M]: 0x0080000000000B74 (0xFFF44413) xori fp, fp, -0x1
x8 <- 0xFFFFFFFFFFFFFFFF

mem[X,0x0080000000000B78] -> 0xF4B3
mem[X,0x0080000000000B7A] -> 0x0085
[1149] [M]: 0x0080000000000B78 (0x0085F4B3) and s1, a1, fp
x9 <- 0x0000000000000298

mem[X,0x0080000000000B7C] -> 0x84B3
mem[X,0x0080000000000B7E] -> 0x0024
[1150] [M]: 0x0080000000000B7C (0x002484B3) add s1, s1, sp
x9 <- 0x0080000000003298

mem[X,0x0080000000000B80] -> 0x23F3
mem[X,0x0080000000000B82] -> 0x3410
[1151] [M]: 0x0080000000000B80 (0x341023F3) csrrs t2, mepc, zero
CSR mepc -> 0x0080000000000780
x7 <- 0x0080000000000780

mem[X,0x0080000000000B84] -> 0xB403
mem[X,0x0080000000000B86] -> 0x2084
[1152] [M]: 0x0080000000000B84 (0x2084B403) ld fp, 0x208(s1)
mem[R,0x00800000000034A0] -> 0x008000000000039C
x8 <- 0x008000000000039C

mem[X,0x0080000000000B88] -> 0xB583
mem[X,0x0080000000000B8A] -> 0x2104
[1153] [M]: 0x0080000000000B88 (0x2104B583) ld a1, 0x210(s1)
mem[R,0x00800000000034A8] -> 0x0000000000000400
x11 <- 0x0000000000000400

mem[X,0x0080000000000B8C] -> 0x85B3
mem[X,0x0080000000000B8E] -> 0x0085
[1154] [M]: 0x0080000000000B8C (0x008585B3) add a1, a1, fp
x11 <- 0x008000000000079C

mem[X,0x0080000000000B90] -> 0xF463
mem[X,0x0080000000000B92] -> 0x00B3
[1155] [M]: 0x0080000000000B90 (0x00B3F463) bgeu t2, a1, 0x8

mem[X,0x0080000000000B94] -> 0xF663
mem[X,0x0080000000000B96] -> 0x0283
[1156] [M]: 0x0080000000000B94 (0x0283F663) bgeu t2, fp, 0x2c

mem[X,0x0080000000000BC0] -> 0x8433
mem[X,0x0080000000000BC2] -> 0x4083
[1157] [M]: 0x0080000000000BC0 (0x40838433) sub fp, t2, fp
x8 <- 0x00000000000003E4

mem[X,0x0080000000000BC4] -> 0x3823
mem[X,0x0080000000000BC6] -> 0x0083
[1158] [M]: 0x0080000000000BC4 (0x00833823) sd fp, 0x10(t1)
mem[0x00800000000043D0] <- 0x00000000000003E4

mem[X,0x0080000000000BC8] -> 0xF593
mem[X,0x0080000000000BCA] -> 0xFFC3
[1159] [M]: 0x0080000000000BC8 (0xFFC3F593) andi a1, t2, -0x4
x11 <- 0x0080000000000780

mem[X,0x0080000000000BCC] -> 0x8593
mem[X,0x0080000000000BCE] -> 0x0085
[1160] [M]: 0x0080000000000BCC (0x00858593) addi a1, a1, 0x8
x11 <- 0x0080000000000788

mem[X,0x0080000000000BD0] -> 0x9073
mem[X,0x0080000000000BD2] -> 0x3415
[1161] [M]: 0x0080000000000BD0 (0x34159073) csrrw zero, mepc, a1
CSR mepc <- 0x0080000000000788 (input: 0x0080000000000788)

mem[X,0x0080000000000BD4] -> 0x23F3
mem[X,0x0080000000000BD6] -> 0x3430
[1162] [M]: 0x0080000000000BD4 (0x343023F3) csrrs t2, mtval, zero
CSR mtval -> 0x0080000000000780
x7 <- 0x0080000000000780

mem[X,0x0080000000000BD8] -> 0x7513
mem[X,0x0080000000000BDA] -> 0x00F5
[1163] [M]: 0x0080000000000BD8 (0x00F57513) andi a0, a0, 0xf
x10 <- 0x0000000000000001

mem[X,0x0080000000000BDC] -> 0x0437
mem[X,0x0080000000000BDE] -> 0x0000
[1164] [M]: 0x0080000000000BDC (0x00000437) lui fp, 0x0
x8 <- 0x0000000000000000

mem[X,0x0080000000000BE0] -> 0x0413
mem[X,0x0080000000000BE2] -> 0x0004
[1165] [M]: 0x0080000000000BE0 (0x00040413) addi fp, fp, 0x0
x8 <- 0x0000000000000000

mem[X,0x0080000000000BE4] -> 0x1413
mem[X,0x0080000000000BE6] -> 0x00B4
[1166] [M]: 0x0080000000000BE4 (0x00B41413) slli fp, fp, 0xb
x8 <- 0x0000000000000000

mem[X,0x0080000000000BE8] -> 0x0413
mem[X,0x0080000000000BEA] -> 0x0004
[1167] [M]: 0x0080000000000BE8 (0x00040413) addi fp, fp, 0x0
x8 <- 0x0000000000000000

mem[X,0x0080000000000BEC] -> 0x1413
mem[X,0x0080000000000BEE] -> 0x00B4
[1168] [M]: 0x0080000000000BEC (0x00B41413) slli fp, fp, 0xb
x8 <- 0x0000000000000000

mem[X,0x0080000000000BF0] -> 0x0413
mem[X,0x0080000000000BF2] -> 0x02C4
[1169] [M]: 0x0080000000000BF0 (0x02C40413) addi fp, fp, 0x2c
x8 <- 0x000000000000002C

mem[X,0x0080000000000BF4] -> 0x1413
mem[X,0x0080000000000BF6] -> 0x00A4
[1170] [M]: 0x0080000000000BF4 (0x00A41413) slli fp, fp, 0xa
x8 <- 0x000000000000B000

mem[X,0x0080000000000BF8] -> 0x0413
mem[X,0x0080000000000BFA] -> 0x0FB4
[1171] [M]: 0x0080000000000BF8 (0x0FB40413) addi fp, fp, 0xfb
x8 <- 0x000000000000B0FB

mem[X,0x0080000000000BFC] -> 0x5433
mem[X,0x0080000000000BFE] -> 0x00A4
[1172] [M]: 0x0080000000000BFC (0x00A45433) srl fp, fp, a0
x8 <- 0x000000000000587D

mem[X,0x0080000000000C00] -> 0x1413
mem[X,0x0080000000000C02] -> 0x03F4
[1173] [M]: 0x0080000000000C00 (0x03F41413) slli fp, fp, 0x3f
x8 <- 0x8000000000000000

mem[X,0x0080000000000C04] -> 0x5C63
mem[X,0x0080000000000C06] -> 0x0404
[1174] [M]: 0x0080000000000C04 (0x04045C63) bge fp, zero, 0x58

mem[X,0x0080000000000C08] -> 0xB403
mem[X,0x0080000000000C0A] -> 0x2084
[1175] [M]: 0x0080000000000C08 (0x2084B403) ld fp, 0x208(s1)
mem[R,0x00800000000034A0] -> 0x008000000000039C
x8 <- 0x008000000000039C

mem[X,0x0080000000000C0C] -> 0xB583
mem[X,0x0080000000000C0E] -> 0x2104
[1176] [M]: 0x0080000000000C0C (0x2104B583) ld a1, 0x210(s1)
mem[R,0x00800000000034A8] -> 0x0000000000000400
x11 <- 0x0000000000000400

mem[X,0x0080000000000C10] -> 0x85B3
mem[X,0x0080000000000C12] -> 0x0085
[1177] [M]: 0x0080000000000C10 (0x008585B3) add a1, a1, fp
x11 <- 0x008000000000079C

mem[X,0x0080000000000C14] -> 0xF463
mem[X,0x0080000000000C16] -> 0x00B3
[1178] [M]: 0x0080000000000C14 (0x00B3F463) bgeu t2, a1, 0x8

mem[X,0x0080000000000C18] -> 0xF063
mem[X,0x0080000000000C1A] -> 0x0483
[1179] [M]: 0x0080000000000C18 (0x0483F063) bgeu t2, fp, 0x40

mem[X,0x0080000000000C58] -> 0x8433
mem[X,0x0080000000000C5A] -> 0x4083
[1180] [M]: 0x0080000000000C58 (0x40838433) sub fp, t2, fp
x8 <- 0x00000000000003E4

mem[X,0x0080000000000C5C] -> 0x3C23
mem[X,0x0080000000000C5E] -> 0x0083
[1181] [M]: 0x0080000000000C5C (0x00833C23) sd fp, 0x18(t1)
mem[0x00800000000043D8] <- 0x00000000000003E4

mem[X,0x0080000000000C60] -> 0x3483
mem[X,0x0080000000000C62] -> 0x2181
[1182] [M]: 0x0080000000000C60 (0x21813483) ld s1, 0x218(sp)
mem[R,0x0080000000003218] -> 0x00800000000043E0
x9 <- 0x00800000000043E0

mem[X,0x0080000000000C64] -> 0x3383
mem[X,0x0080000000000C66] -> 0x1F81
[1183] [M]: 0x0080000000000C64 (0x1F813383) ld t2, 0x1f8(sp)
mem[R,0x00800000000031F8] -> 0x0080000000004210
x7 <- 0x0080000000004210

mem[X,0x0080000000000C68] -> 0x3303
mem[X,0x0080000000000C6A] -> 0x2001
[1184] [M]: 0x0080000000000C68 (0x20013303) ld t1, 0x200(sp)
mem[R,0x0080000000003200] -> 0x0000000000000520
x6 <- 0x0000000000000520

mem[X,0x0080000000000C6C] -> 0x0333
mem[X,0x0080000000000C6E] -> 0x0073
[1185] [M]: 0x0080000000000C6C (0x00730333) add t1, t1, t2
x6 <- 0x0080000000004730

mem[X,0x0080000000000C70] -> 0x6AE3
mem[X,0x0080000000000C72] -> 0xB293
[1186] [M]: 0x0080000000000C70 (0xB2936AE3) bltu t1, s1, -0x4cc

mem[X,0x0080000000000C74] -> 0x0393
mem[X,0x0080000000000C76] -> 0x2000
[1187] [M]: 0x0080000000000C74 (0x20000393) addi t2, zero, 0x200
x7 <- 0x0000000000000200

mem[X,0x0080000000000C78] -> 0x006F
mem[X,0x0080000000000C7A] -> 0x0400
[1188] [M]: 0x0080000000000C78 (0x0400006F) jal zero, 0x40

mem[X,0x0080000000000CB8] -> 0x0417
mem[X,0x0080000000000CBA] -> 0x0000
[1189] [M]: 0x0080000000000CB8 (0x00000417) auipc fp, 0x0
x8 <- 0x0080000000000CB8

mem[X,0x0080000000000CBC] -> 0x0413
mem[X,0x0080000000000CBE] -> 0x03C4
[1190] [M]: 0x0080000000000CBC (0x03C40413) addi fp, fp, 0x3c
x8 <- 0x0080000000000CF4

mem[X,0x0080000000000CC0] -> 0x0433
mem[X,0x0080000000000CC2] -> 0x0074
[1191] [M]: 0x0080000000000CC0 (0x00740433) add fp, fp, t2
x8 <- 0x0080000000000EF4

mem[X,0x0080000000000CC4] -> 0x1393
mem[X,0x0080000000000CC6] -> 0x0035
[1192] [M]: 0x0080000000000CC4 (0x00351393) slli t2, a0, 0x3
x7 <- 0x0000000000000008

mem[X,0x0080000000000CC8] -> 0x0433
mem[X,0x0080000000000CCA] -> 0x0074
[1193] [M]: 0x0080000000000CC8 (0x00740433) add fp, fp, t2
x8 <- 0x0080000000000EFC

mem[X,0x0080000000000CCC] -> 0x7413
mem[X,0x0080000000000CCE] -> 0xFF84
[1194] [M]: 0x0080000000000CCC (0xFF847413) andi fp, fp, -0x8
x8 <- 0x0080000000000EF8

mem[X,0x0080000000000CD0] -> 0x3403
mem[X,0x0080000000000CD2] -> 0x0004
[1195] [M]: 0x0080000000000CD0 (0x00043403) ld fp, 0x0(fp)
mem[R,0x0080000000000EF8] -> 0x0000000000000003
x8 <- 0x0000000000000003

mem[X,0x0080000000000CD4] -> 0x02E3
mem[X,0x0080000000000CD6] -> 0xB604
[1196] [M]: 0x0080000000000CD4 (0xB60402E3) beq fp, zero, -0x49c

mem[X,0x0080000000000CD8] -> 0x1393
mem[X,0x0080000000000CDA] -> 0x03F4
[1197] [M]: 0x0080000000000CD8 (0x03F41393) slli t2, fp, 0x3f
x7 <- 0x8000000000000000

mem[X,0x0080000000000CDC] -> 0xD863
mem[X,0x0080000000000CDE] -> 0x0003
[1198] [M]: 0x0080000000000CDC (0x0003D863) bge t2, zero, 0x10

mem[X,0x0080000000000CE0] -> 0x5413
mem[X,0x0080000000000CE2] -> 0x0014
[1199] [M]: 0x0080000000000CE0 (0x00145413) srli fp, fp, 0x1
x8 <- 0x0000000000000001

clint::tick mtime <- 0x000000000000000C
 clint timer pending at mtime 0x000000000000000C
htif::tick 0x0000000000000000
mem[X,0x0080000000000CE4] -> 0x0CE3
mem[X,0x0080000000000CE6] -> 0xF885
[1200] [M]: 0x0080000000000CE4 (0xF8850CE3) beq a0, fp, -0x68

mem[X,0x0080000000000C7C] -> 0x3303
mem[X,0x0080000000000C7E] -> 0x2601
[1201] [M]: 0x0080000000000C7C (0x26013303) ld t1, 0x260(sp)
mem[R,0x0080000000003260] -> 0x0000000000000010
x6 <- 0x0000000000000010

mem[X,0x0080000000000C80] -> 0x3383
mem[X,0x0080000000000C82] -> 0x2681
[1202] [M]: 0x0080000000000C80 (0x26813383) ld t2, 0x268(sp)
mem[R,0x0080000000003268] -> 0x0080000000000664
x7 <- 0x0080000000000664

mem[X,0x0080000000000C84] -> 0x3403
mem[X,0x0080000000000C86] -> 0x2701
[1203] [M]: 0x0080000000000C84 (0x27013403) ld fp, 0x270(sp)
mem[R,0x0080000000003270] -> 0x0000000000007F76
x8 <- 0x0000000000007F76

mem[X,0x0080000000000C88] -> 0x3483
mem[X,0x0080000000000C8A] -> 0x2781
[1204] [M]: 0x0080000000000C88 (0x27813483) ld s1, 0x278(sp)
mem[R,0x0080000000003278] -> 0x0080000000000664
x9 <- 0x0080000000000664

mem[X,0x0080000000000C8C] -> 0x3503
mem[X,0x0080000000000C8E] -> 0x2801
[1205] [M]: 0x0080000000000C8C (0x28013503) ld a0, 0x280(sp)
mem[R,0x0080000000003280] -> 0x0000000000000001
x10 <- 0x0000000000000001

mem[X,0x0080000000000C90] -> 0x3583
mem[X,0x0080000000000C92] -> 0x2881
[1206] [M]: 0x0080000000000C90 (0x28813583) ld a1, 0x288(sp)
mem[R,0x0080000000003288] -> 0x0000000000000000
x11 <- 0x0000000000000000

mem[X,0x0080000000000C94] -> 0x3103
mem[X,0x0080000000000C96] -> 0x2901
[1207] [M]: 0x0080000000000C94 (0x29013103) ld sp, 0x290(sp)
mem[R,0x0080000000003290] -> 0x0080000000003000
x2 <- 0x0080000000003000

mem[X,0x0080000000000C98] -> 0x0073
mem[X,0x0080000000000C9A] -> 0x3020
[1208] [M]: 0x0080000000000C98 (0x30200073) mret
CSR mstatus <- 0x0000000A00000088
ret-ing from M to U

mem[X,0x0080000000000788] -> 0x0013
mem[X,0x008000000000078A] -> 0x0000
[1209] [U]: 0x0080000000000788 (0x00000013) addi zero, zero, 0x0

mem[X,0x008000000000078C] -> 0x0013
mem[X,0x008000000000078E] -> 0x0000
[1210] [U]: 0x008000000000078C (0x00000013) addi zero, zero, 0x0

mem[X,0x0080000000000790] -> 0x0013
mem[X,0x0080000000000792] -> 0x0000
[1211] [U]: 0x0080000000000790 (0x00000013) addi zero, zero, 0x0

mem[X,0x0080000000000794] -> 0x0013
mem[X,0x0080000000000796] -> 0x0000
[1212] [U]: 0x0080000000000794 (0x00000013) addi zero, zero, 0x0

mem[X,0x0080000000000798] -> 0x8067
mem[X,0x008000000000079A] -> 0x0000
[1213] [U]: 0x0080000000000798 (0x00008067) jalr zero, 0x0(ra)

mem[X,0x0080000000000760] -> 0x006F
mem[X,0x0080000000000762] -> 0x03C0
[1214] [U]: 0x0080000000000760 (0x03C0006F) jal zero, 0x3c

mem[X,0x008000000000079C] -> 0x0113
mem[X,0x008000000000079E] -> 0x0000
[1215] [U]: 0x008000000000079C (0x00000113) addi sp, zero, 0x0
x2 <- 0x0000000000000000

mem[X,0x00800000000007A0] -> 0x0073
mem[X,0x00800000000007A2] -> 0x0000
[1216] [U]: 0x00800000000007A0 (0x00000073) ecall
trapping from U to M to handle u-call
handling exc#0x08 at priv M with tval 0x0000000000000000
CSR mstatus <- 0x0000000A00000080

mem[X,0x0080000000000880] -> 0x006F
mem[X,0x0080000000000882] -> 0x1000
[1217] [M]: 0x0080000000000880 (0x1000006F) jal zero, 0x100

mem[X,0x0080000000000980] -> 0x1173
mem[X,0x0080000000000982] -> 0x3401
[1218] [M]: 0x0080000000000980 (0x34011173) csrrw sp, mscratch, sp
CSR mscratch <- 0x0000000000000000 (input: 0x0000000000000000)
x2 <- 0x0080000000003000

mem[X,0x0080000000000984] -> 0x3423
mem[X,0x0080000000000986] -> 0x28B1
[1219] [M]: 0x0080000000000984 (0x28B13423) sd a1, 0x288(sp)
mem[0x0080000000003288] <- 0x0000000000000000

mem[X,0x0080000000000988] -> 0x05EF
mem[X,0x008000000000098A] -> 0x0B80
[1220] [M]: 0x0080000000000988 (0x0B8005EF) jal a1, 0xb8
x11 <- 0x008000000000098C

mem[X,0x0080000000000A40] -> 0x3023
mem[X,0x0080000000000A42] -> 0x28A1
[1221] [M]: 0x0080000000000A40 (0x28A13023) sd a0, 0x280(sp)
mem[0x0080000000003280] <- 0x0000000000000001

mem[X,0x0080000000000A44] -> 0x1573
mem[X,0x0080000000000A46] -> 0x3401
[1222] [M]: 0x0080000000000A44 (0x34011573) csrrw a0, mscratch, sp
CSR mscratch <- 0x0080000000003000 (input: 0x0080000000003000)
x10 <- 0x0000000000000000

mem[X,0x0080000000000A48] -> 0x3823
mem[X,0x0080000000000A4A] -> 0x28A1
[1223] [M]: 0x0080000000000A48 (0x28A13823) sd a0, 0x290(sp)
mem[0x0080000000003290] <- 0x0000000000000000

mem[X,0x0080000000000A4C] -> 0x3503
mem[X,0x0080000000000A4E] -> 0x2301
[1224] [M]: 0x0080000000000A4C (0x23013503) ld a0, 0x230(sp)
mem[R,0x0080000000003230] -> 0x0080000000000A54
x10 <- 0x0080000000000A54

mem[X,0x0080000000000A50] -> 0x0067
mem[X,0x0080000000000A52] -> 0x0005
[1225] [M]: 0x0080000000000A50 (0x00050067) jalr zero, 0x0(a0)

mem[X,0x0080000000000A54] -> 0x3C23
mem[X,0x0080000000000A56] -> 0x2691
[1226] [M]: 0x0080000000000A54 (0x26913C23) sd s1, 0x278(sp)
mem[0x0080000000003278] <- 0x0080000000000664

mem[X,0x0080000000000A58] -> 0x3823
mem[X,0x0080000000000A5A] -> 0x2681
[1227] [M]: 0x0080000000000A58 (0x26813823) sd fp, 0x270(sp)
mem[0x0080000000003270] <- 0x0000000000007F76

mem[X,0x0080000000000A5C] -> 0x3423
mem[X,0x0080000000000A5E] -> 0x2671
[1228] [M]: 0x0080000000000A5C (0x26713423) sd t2, 0x268(sp)
mem[0x0080000000003268] <- 0x0080000000000664

mem[X,0x0080000000000A60] -> 0x3023
mem[X,0x0080000000000A62] -> 0x2661
[1229] [M]: 0x0080000000000A60 (0x26613023) sd t1, 0x260(sp)
mem[0x0080000000003260] <- 0x0000000000000010

mem[X,0x0080000000000A64] -> 0x2573
mem[X,0x0080000000000A66] -> 0x3420
[1230] [M]: 0x0080000000000A64 (0x34202573) csrrs a0, mcause, zero
CSR mcause -> 0x0000000000000008
x10 <- 0x0000000000000008

mem[X,0x0080000000000A68] -> 0x04B7
mem[X,0x0080000000000A6A] -> 0x8000
[1231] [M]: 0x0080000000000A68 (0x800004B7) lui s1, -0x80000
x9 <- 0xFFFFFFFF80000000

mem[X,0x0080000000000A6C] -> 0x8493
mem[X,0x0080000000000A6E] -> 0x0004
[1232] [M]: 0x0080000000000A6C (0x00048493) addi s1, s1, 0x0
x9 <- 0xFFFFFFFF80000000

mem[X,0x0080000000000A70] -> 0x9493
mem[X,0x0080000000000A72] -> 0x00B4
[1233] [M]: 0x0080000000000A70 (0x00B49493) slli s1, s1, 0xb
x9 <- 0xFFFFFC0000000000

mem[X,0x0080000000000A74] -> 0x8493
mem[X,0x0080000000000A76] -> 0x0004
[1234] [M]: 0x0080000000000A74 (0x00048493) addi s1, s1, 0x0
x9 <- 0xFFFFFC0000000000

mem[X,0x0080000000000A78] -> 0x9493
mem[X,0x0080000000000A7A] -> 0x00B4
[1235] [M]: 0x0080000000000A78 (0x00B49493) slli s1, s1, 0xb
x9 <- 0xFFE0000000000000

mem[X,0x0080000000000A7C] -> 0x8493
mem[X,0x0080000000000A7E] -> 0x0034
[1236] [M]: 0x0080000000000A7C (0x00348493) addi s1, s1, 0x3
x9 <- 0xFFE0000000000003

mem[X,0x0080000000000A80] -> 0x9493
mem[X,0x0080000000000A82] -> 0x00A4
[1237] [M]: 0x0080000000000A80 (0x00A49493) slli s1, s1, 0xa
x9 <- 0x8000000000000C00

mem[X,0x0080000000000A84] -> 0x8493
mem[X,0x0080000000000A86] -> 0x3FC4
[1238] [M]: 0x0080000000000A84 (0x3FC48493) addi s1, s1, 0x3fc
x9 <- 0x8000000000000FFC

mem[X,0x0080000000000A88] -> 0xF4B3
mem[X,0x0080000000000A8A] -> 0x00A4
[1239] [M]: 0x0080000000000A88 (0x00A4F4B3) and s1, s1, a0
x9 <- 0x0000000000000008

mem[X,0x0080000000000A8C] -> 0x8493
mem[X,0x0080000000000A8E] -> 0xFF84
[1240] [M]: 0x0080000000000A8C (0xFF848493) addi s1, s1, -0x8
x9 <- 0x0000000000000000

mem[X,0x0080000000000A90] -> 0x9663
mem[X,0x0080000000000A92] -> 0x0004
[1241] [M]: 0x0080000000000A90 (0x00049663) bne s1, zero, 0xc

mem[X,0x0080000000000A94] -> 0x3383
mem[X,0x0080000000000A96] -> 0x2901
[1242] [M]: 0x0080000000000A94 (0x29013383) ld t2, 0x290(sp)
mem[R,0x0080000000003290] -> 0x0000000000000000
x7 <- 0x0000000000000000

mem[X,0x0080000000000A98] -> 0x8663
mem[X,0x0080000000000A9A] -> 0x6A03
[1243] [M]: 0x0080000000000A98 (0x6A038663) beq t2, zero, 0x6ac

mem[X,0x0080000000001144] -> 0x0493
mem[X,0x0080000000001146] -> 0xFF55
[1244] [M]: 0x0080000000001144 (0xFF550493) addi s1, a0, -0xb
x9 <- 0xFFFFFFFFFFFFFFFD

mem[X,0x0080000000001148] -> 0x8C63
mem[X,0x008000000000114A] -> 0x0004
[1245] [M]: 0x0080000000001148 (0x00048C63) beq s1, zero, 0x18

mem[X,0x008000000000114C] -> 0x3583
mem[X,0x008000000000114E] -> 0x4701
[1246] [M]: 0x008000000000114C (0x47013583) ld a1, 0x470(sp)
mem[R,0x0080000000003470] -> 0x008000000000039C
x11 <- 0x008000000000039C

mem[X,0x0080000000001150] -> 0xD463
mem[X,0x0080000000001152] -> 0x0003
[1247] [M]: 0x0080000000001150 (0x0003D463) bge t2, zero, 0x8

mem[X,0x0080000000001158] -> 0x3483
mem[X,0x008000000000115A] -> 0x1D81
[1248] [M]: 0x0080000000001158 (0x1D813483) ld s1, 0x1d8(sp)
mem[R,0x00800000000031D8] -> 0x008000000000039C
x9 <- 0x008000000000039C

mem[X,0x008000000000115C] -> 0x84B3
mem[X,0x008000000000115E] -> 0x40B4
[1249] [M]: 0x008000000000115C (0x40B484B3) sub s1, s1, a1
x9 <- 0x0000000000000000

mem[X,0x0080000000001160] -> 0x23F3
mem[X,0x0080000000001162] -> 0x3410
[1250] [M]: 0x0080000000001160 (0x341023F3) csrrs t2, mepc, zero
CSR mepc -> 0x00800000000007A0
x7 <- 0x00800000000007A0

mem[X,0x0080000000001164] -> 0x83B3
mem[X,0x0080000000001166] -> 0x0093
[1251] [M]: 0x0080000000001164 (0x009383B3) add t2, t2, s1
x7 <- 0x00800000000007A0

mem[X,0x0080000000001168] -> 0x3303
mem[X,0x008000000000116A] -> 0x2601
[1252] [M]: 0x0080000000001168 (0x26013303) ld t1, 0x260(sp)
mem[R,0x0080000000003260] -> 0x0000000000000010
x6 <- 0x0000000000000010

mem[X,0x008000000000116C] -> 0x3403
mem[X,0x008000000000116E] -> 0x2701
[1253] [M]: 0x008000000000116C (0x27013403) ld fp, 0x270(sp)
mem[R,0x0080000000003270] -> 0x0000000000007F76
x8 <- 0x0000000000007F76

mem[X,0x0080000000001170] -> 0x3483
mem[X,0x0080000000001172] -> 0x2781
[1254] [M]: 0x0080000000001170 (0x27813483) ld s1, 0x278(sp)
mem[R,0x0080000000003278] -> 0x0080000000000664
x9 <- 0x0080000000000664

mem[X,0x0080000000001174] -> 0x3503
mem[X,0x0080000000001176] -> 0x2801
[1255] [M]: 0x0080000000001174 (0x28013503) ld a0, 0x280(sp)
mem[R,0x0080000000003280] -> 0x0000000000000001
x10 <- 0x0000000000000001

mem[X,0x0080000000001178] -> 0x3583
mem[X,0x008000000000117A] -> 0x2881
[1256] [M]: 0x0080000000001178 (0x28813583) ld a1, 0x288(sp)
mem[R,0x0080000000003288] -> 0x0000000000000000
x11 <- 0x0000000000000000

mem[X,0x008000000000117C] -> 0x3103
mem[X,0x008000000000117E] -> 0x2901
[1257] [M]: 0x008000000000117C (0x29013103) ld sp, 0x290(sp)
mem[R,0x0080000000003290] -> 0x0000000000000000
x2 <- 0x0000000000000000

mem[X,0x0080000000001180] -> 0x8067
mem[X,0x0080000000001182] -> 0x0043
[1258] [M]: 0x0080000000001180 (0x00438067) jalr zero, 0x4(t2)

mem[X,0x00800000000007A4] -> 0x2373
mem[X,0x00800000000007A6] -> 0x3400
[1259] [M]: 0x00800000000007A4 (0x34002373) csrrs t1, mscratch, zero
CSR mscratch -> 0x0080000000003000
x6 <- 0x0080000000003000

mem[X,0x00800000000007A8] -> 0x0313
mem[X,0x00800000000007AA] -> 0x2983
[1260] [M]: 0x00800000000007A8 (0x29830313) addi t1, t1, 0x298
x6 <- 0x0080000000003298

mem[X,0x00800000000007AC] -> 0x3383
mem[X,0x00800000000007AE] -> 0x2383
[1261] [M]: 0x00800000000007AC (0x23833383) ld t2, 0x238(t1)
mem[R,0x00800000000034D0] -> 0x0000000000000000
x7 <- 0x0000000000000000

mem[X,0x00800000000007B0] -> 0x3383
mem[X,0x00800000000007B2] -> 0x2203
[1262] [M]: 0x00800000000007B0 (0x22033383) ld t2, 0x220(t1)
mem[R,0x00800000000034B8] -> 0x0000000000000000
x7 <- 0x0000000000000000

mem[X,0x00800000000007B4] -> 0x9073
mem[X,0x00800000000007B6] -> 0x1803
[1263] [M]: 0x00800000000007B4 (0x18039073) csrrw zero, satp, t2
CSR satp <- 0x0000000000000000 (input: 0x0000000000000000)

mem[X,0x00800000000007B8] -> 0x3503
mem[X,0x00800000000007BA] -> 0x2503
[1264] [M]: 0x00800000000007B8 (0x25033503) ld a0, 0x250(t1)
mem[R,0x00800000000034E8] -> 0x0000000000000000
x10 <- 0x0000000000000000

mem[X,0x00800000000007BC] -> 0x1073
mem[X,0x00800000000007BE] -> 0x1405
[1265] [M]: 0x00800000000007BC (0x14051073) csrrw zero, sscratch, a0
CSR sscratch <- 0x0000000000000000 (input: 0x0000000000000000)

mem[X,0x00800000000007C0] -> 0x3483
mem[X,0x00800000000007C2] -> 0x2483
[1266] [M]: 0x00800000000007C0 (0x24833483) ld s1, 0x248(t1)
mem[R,0x00800000000034E0] -> 0x0000000000000000
x9 <- 0x0000000000000000

mem[X,0x00800000000007C4] -> 0x93F3
mem[X,0x00800000000007C6] -> 0x1054
[1267] [M]: 0x00800000000007C4 (0x105493F3) csrrw t2, stvec, s1
CSR stvec <- 0x0000000000000000 (input: 0x0000000000000000)
x7 <- 0x00800000000011C0

mem[X,0x00800000000007C8] -> 0xF493
mem[X,0x00800000000007CA] -> 0xFFC4
[1268] [M]: 0x00800000000007C8 (0xFFC4F493) andi s1, s1, -0x4
x9 <- 0x0000000000000000

mem[X,0x00800000000007CC] -> 0xF393
mem[X,0x00800000000007CE] -> 0xFFC3
[1269] [M]: 0x00800000000007CC (0xFFC3F393) andi t2, t2, -0x4
x7 <- 0x00800000000011C0

mem[X,0x00800000000007D0] -> 0x9063
mem[X,0x00800000000007D2] -> 0x0274
[1270] [M]: 0x00800000000007D0 (0x02749063) bne s1, t2, 0x20

mem[X,0x00800000000007F0] -> 0x2373
mem[X,0x00800000000007F2] -> 0x3400
[1271] [M]: 0x00800000000007F0 (0x34002373) csrrs t1, mscratch, zero
CSR mscratch -> 0x0080000000003000
x6 <- 0x0080000000003000

mem[X,0x00800000000007F4] -> 0x3383
mem[X,0x00800000000007F6] -> 0x2383
[1272] [M]: 0x00800000000007F4 (0x23833383) ld t2, 0x238(t1)
mem[R,0x0080000000003238] -> 0x0000000000000000
x7 <- 0x0000000000000000

mem[X,0x00800000000007F8] -> 0x9073
mem[X,0x00800000000007FA] -> 0x3023
[1273] [M]: 0x00800000000007F8 (0x30239073) csrrw zero, medeleg, t2
CSR medeleg <- 0x0000000000000000 (input: 0x0000000000000000)

mem[X,0x00800000000007FC] -> 0x3503
mem[X,0x00800000000007FE] -> 0x2503
[1274] [M]: 0x00800000000007FC (0x25033503) ld a0, 0x250(t1)
mem[R,0x0080000000003250] -> 0x0000000000000000
x10 <- 0x0000000000000000

mem[X,0x0080000000000800] -> 0x1073
mem[X,0x0080000000000802] -> 0x3405
[1275] [M]: 0x0080000000000800 (0x34051073) csrrw zero, mscratch, a0
CSR mscratch <- 0x0000000000000000 (input: 0x0000000000000000)

mem[X,0x0080000000000804] -> 0x3483
mem[X,0x0080000000000806] -> 0x2483
[1276] [M]: 0x0080000000000804 (0x24833483) ld s1, 0x248(t1)
mem[R,0x0080000000003248] -> 0x0000000000000000
x9 <- 0x0000000000000000

mem[X,0x0080000000000808] -> 0x93F3
mem[X,0x008000000000080A] -> 0x3054
[1277] [M]: 0x0080000000000808 (0x305493F3) csrrw t2, mtvec, s1
CSR mtvec <- 0x0000000000000000 (input: 0x0000000000000000)
x7 <- 0x0080000000000880

mem[X,0x008000000000080C] -> 0xF493
mem[X,0x008000000000080E] -> 0xFFC4
[1278] [M]: 0x008000000000080C (0xFFC4F493) andi s1, s1, -0x4
x9 <- 0x0000000000000000

mem[X,0x0080000000000810] -> 0xF393
mem[X,0x0080000000000812] -> 0xFFC3
[1279] [M]: 0x0080000000000810 (0xFFC3F393) andi t2, t2, -0x4
x7 <- 0x0080000000000880

mem[X,0x0080000000000814] -> 0x9063
mem[X,0x0080000000000816] -> 0x0274
[1280] [M]: 0x0080000000000814 (0x02749063) bne s1, t2, 0x20

mem[X,0x0080000000000834] -> 0x106F
mem[X,0x0080000000000836] -> 0x1F80
[1281] [M]: 0x0080000000000834 (0x1F80106F) jal zero, 0x11f8

mem[X,0x0080000000001A2C] -> 0x0093
mem[X,0x0080000000001A2E] -> 0x0010
[1282] [M]: 0x0080000000001A2C (0x00100093) addi ra, zero, 0x1
x1 <- 0x0000000000000001

mem[X,0x0080000000001A30] -> 0x0397
mem[X,0x0080000000001A32] -> 0x0000
[1283] [M]: 0x0080000000001A30 (0x00000397) auipc t2, 0x0
x7 <- 0x0080000000001A30

mem[X,0x0080000000001A34] -> 0xA823
mem[X,0x0080000000001A36] -> 0x5C13
[1284] [M]: 0x0080000000001A34 (0x5C13A823) sw ra, 0x5d0(t2)
htif[0x0080000000002000] <- 0x00000001

mem[X,0x0080000000001A38] -> 0xF06F
mem[X,0x0080000000001A3A] -> 0xFF9F
[1285] [M]: 0x0080000000001A38 (0xFF9FF06F) jal zero, -0x8

mem[X,0x0080000000001A30] -> 0x0397
mem[X,0x0080000000001A32] -> 0x0000
[1286] [M]: 0x0080000000001A30 (0x00000397) auipc t2, 0x0
x7 <- 0x0080000000001A30

mem[X,0x0080000000001A34] -> 0xA823
mem[X,0x0080000000001A36] -> 0x5C13
[1287] [M]: 0x0080000000001A34 (0x5C13A823) sw ra, 0x5d0(t2)
htif[0x0080000000002000] <- 0x00000001

mem[X,0x0080000000001A38] -> 0xF06F
mem[X,0x0080000000001A3A] -> 0xFF9F
[1288] [M]: 0x0080000000001A38 (0xFF9FF06F) jal zero, -0x8

mem[X,0x0080000000001A30] -> 0x0397
mem[X,0x0080000000001A32] -> 0x0000
[1289] [M]: 0x0080000000001A30 (0x00000397) auipc t2, 0x0
x7 <- 0x0080000000001A30

mem[X,0x0080000000001A34] -> 0xA823
mem[X,0x0080000000001A36] -> 0x5C13
[1290] [M]: 0x0080000000001A34 (0x5C13A823) sw ra, 0x5d0(t2)
htif[0x0080000000002000] <- 0x00000001
htif-syscall-proxy cmd: 0x000000000001

SUCCESS
